"drag-rfile"
"Iteration" "drag"
("Iteration" "drag")
1 1.217052956314626
2 1.604724601555609
3 1.88747479823107
4 2.02475610561491
5 2.088433669588654
6 2.075488702869993
7 1.995974614175346
8 1.86722567992455
9 1.712126367377696
10 1.557129104427054
11 1.41951071747615
12 1.303574784408752
13 1.223492018454546
14 1.141989452987217
15 1.06458359039279
16 0.9883238178237737
17 0.9017384446350824
18 0.8269551253556442
19 0.756774705701301
20 0.6903127631431424
21 0.6279774106024192
22 0.5673379671854464
23 0.5096183427515738
24 0.4545062622313384
25 0.4018338188014332
26 0.3513522374378199
27 0.3033310206009702
28 0.2578348092137189
29 0.2146485635074147
30 0.174056852196529
31 0.1360936092583081
32 0.1009866119687513
33 0.06888557589871408
34 0.03938084022841371
35 0.01263270072887292
36 -0.01163000537667834
37 -0.0333664801784939
38 -0.05266312913529368
39 -0.06955996103541431
40 -0.08416612823440252
41 -0.09680247693701546
42 -0.1073869300939015
43 -0.1159583738184845
44 -0.1226427298214209
45 -0.1275896979949604
46 -0.1310214002271155
47 -0.1331074898742368
48 -0.1340047948803824
49 -0.1341818349875387
50 -0.132921983656316
51 -0.1308452065045365
52 -0.1285722938253432
53 -0.1250876474130049
54 -0.1219022277667627
55 -0.1183225809291893
56 -0.1137026785506
57 -0.109638129098686
58 -0.1052587023143005
59 -0.1007085330317022
60 -0.09614537543967849
61 -0.09163335670331033
62 -0.08713524393332948
63 -0.08237164596205596
64 -0.07802018546652668
65 -0.07372524632388515
66 -0.0694086558730459
67 -0.06492356018160271
68 -0.06068517065572832
69 -0.05644257345291526
70 -0.05207257868108935
71 -0.047741013219887
72 -0.04333588708690923
73 -0.03868087456607631
74 -0.0341618970569233
75 -0.02958390933002354
76 -0.02483869703059888
77 -0.01992937250240686
78 -0.01490179958026491
79 -0.009705053536663096
80 -0.004337764533821661
81 0.001204617648462564
82 0.006921465516219834
83 0.01279623697992278
84 0.01883904115823217
85 0.02508583634711663
86 0.03148540033715717
87 0.03800537524435625
88 0.04464582722125124
89 0.05138497584155136
90 0.05820363002405481
91 0.06508145780657541
92 0.07200206426734164
93 0.07894331543087738
94 0.08587781989739869
95 0.0927933537330584
96 0.09976154096546724
97 0.1066288113126138
98 0.1133498831824109
99 0.1198385848405043
100 0.126149413855963
101 0.1322164991817518
102 0.1378256452779439
103 0.1431610567060882
104 0.1481789313659472
105 0.1529583936324068
106 0.1573704648672025
107 0.1613104453343907
108 0.164841330081223
109 0.167941330280819
110 0.1705943550877492
111 0.1727887288023731
112 0.174470960116752
113 0.1756664103978585
114 0.1763306850994241
115 0.1765513026086197
116 0.1763266006220623
117 0.1757213555699679
118 0.1746527911549062
119 0.1731286089996442
120 0.171147831744662
121 0.1687228713420209
122 0.1658645486658484
123 0.1626956822147108
124 0.159134768499959
125 0.1552065161072742
126 0.1509345850742589
127 0.1463706009730008
128 0.1415158464588773
129 0.1353499467707141
130 0.1300948183819241
131 0.1246466891860385
132 0.11903935789171
133 0.1133142523426872
134 0.1075029482255664
135 0.1016409078606177
136 0.09575656172642501
137 0.08986974759801179
138 0.08401877169755422
139 0.07822889498392106
140 0.07252449149453145
141 0.06696656625765372
142 0.06151954785730954
143 0.05621201866574694
144 0.05094932866096295
145 0.04587798070821213
146 0.04101063597171027
147 0.03635912237878643
148 0.03191818135428129
149 0.02771558712780401
150 0.02375981189916532
151 0.02005558481964236
152 0.01660784895963807
153 0.01341869069169973
154 0.01049107599182553
155 0.00782509139203017
156 0.005421423201127223
157 0.003279127340462128
158 0.001396691734128818
159 -0.0002278373193503478
160 -0.001575238353381777
161 -0.002692453748997088
162 -0.003561779822759261
163 -0.004186324890421912
164 -0.004567937597636736
165 -0.004713185715600721
166 -0.004629429451532461
167 -0.004318115622809487
168 -0.003783595408238551
169 -0.003029833890320137
170 -0.002062481067163654
171 -0.0008877004718483013
172 0.0004879785199254649
173 0.002059515004661175
174 0.003819990988727522
175 0.005762921985348917
176 0.007877512281463479
177 0.01015708663629208
178 0.01259430048135764
179 0.0151804655790217
180 0.01790782674630262
181 0.02075958562770068
182 0.02373292266399985
183 0.02681701897633361
184 0.03000491708089118
185 0.03328072555678589
186 0.03662217731634868
187 0.04005474505599791
188 0.04353097349510838
189 0.04704638864308907
190 0.05058926821790821
191 0.054146915876795
192 0.05770383009693931
193 0.06125000910111873
194 0.06477331898248856
195 0.06825271825272811
196 0.071684833634565
197 0.07503983511011102
198 0.0783269423774884
199 0.08153214044006429
200 0.08464846568479334
201 0.08766911460603599
202 0.09059440922912988
203 0.09341201281048146
204 0.09610128532501203
205 0.0986522060509039
206 0.1010582706493498
207 0.1033119251804241
208 0.1054039252412017
209 0.1073305421096776
210 0.109083739652647
211 0.1106601586698064
212 0.1120496103516522
213 0.1132552628529185
214 0.11427373273063
215 0.1150919155060021
216 0.1157196306187768
217 0.1161557541988649
218 0.1163989182779281
219 0.1164490344850776
220 0.1163059474772227
221 0.1159744316881083
222 0.1154504995173189
223 0.1147370351268
224 0.1138352274001942
225 0.1127466265304491
226 0.1114779495271723
227 0.110034946815385
228 0.108423173963076
229 0.1066481944293283
230 0.1047161364780855
231 0.1026379278837609
232 0.1004202206254556
233 0.09807160647347533
234 0.09560277651837192
235 0.0930244882914318
236 0.09034722576847387
237 0.08758268583626491
238 0.08474264266129221
239 0.08183950677072537
240 0.07888484736168556
241 0.07589238508416606
242 0.07287465452384721
243 0.06984490730563846
244 0.06681715288403606
245 0.06380536700915078
246 0.06082134477718872
247 0.05787815021443071
248 0.05498863151866298
249 0.05216465698821782
250 0.04941984677705833
251 0.04676339498506463
252 0.04420585142216377
253 0.04175715193463876
254 0.03942615775398935
255 0.03722138504175893
256 0.03514999105599217
257 0.03321923012734087
258 0.03143440660067758
259 0.02979961173960713
260 0.02831943040063169
261 0.02699643979020273
262 0.02583286863752858
263 0.02482972623528419
264 0.02398777492004977
265 0.02330667480634449
266 0.02278526962363094
267 0.02242198982772994
268 0.02221514096048794
269 0.0221617858324408
270 0.02225908617414771
271 0.0225027668622474
272 0.02288950743363694
273 0.02341464741743637
274 0.02407283642076094
275 0.02486014107465189
276 0.02577154029715359
277 0.02680113446751534
278 0.02794269577254091
279 0.02919098438189895
280 0.0305396929636551
281 0.03198278903402384
282 0.03351402795748431
283 0.03512714629672756
284 0.03681526843030537
285 0.03857156781168684
286 0.04038882179742664
287 0.04226092846769856
288 0.0441751254572248
289 0.04612833157746214
290 0.04811283071766323
291 0.05012030289172025
292 0.05214325924588341
293 0.05417393311142648
294 0.05620053014584493
295 0.05822305193118051
296 0.06022961481811219
297 0.06221258384433034
298 0.06416565642354837
299 0.06608027963064704
300 0.06794939465280896
301 0.06976595453009567
302 0.07152326097408124
303 0.07321568590364846
304 0.07483636863743637
305 0.07637515610414365
306 0.07783346038991257
307 0.0792069388986103
308 0.08049194575794837
309 0.08168773737205706
310 0.08278766396927013
311 0.08378881558790359
312 0.08468888634580714
313 0.08547039455327386
314 0.08614897187404529
315 0.08672366958181754
316 0.08719354921827952
317 0.08755863697037983
318 0.08781803415280852
319 0.08797276105676267
320 0.08802342856867561
321 0.08797046952831879
322 0.08781486084056936
323 0.08755766456272948
324 0.08720048238422361
325 0.08674503190298469
326 0.08619168291667002
327 0.08554395451033815
328 0.08480526159957003
329 0.08397735228020405
330 0.08306312411962992
331 0.08206601522144937
332 0.08098992463632013
333 0.07983890675547804
334 0.0786169378262489
335 0.07732874889476922
336 0.0759791846787178
337 0.07457282705766101
338 0.07311470791886669
339 0.07161074046876649
340 0.07006723011159236
341 0.06849452189438651
342 0.06689306295999899
343 0.06527031407826772
344 0.06362959310195301
345 0.06197902860582085
346 0.06032503852899853
347 0.05867373702048779
348 0.05703126240025512
349 0.05540323020393968
350 0.05379646337988699
351 0.05221720769709273
352 0.05067144641323586
353 0.04916613235022546
354 0.0477053881566471
355 0.04629583550415636
356 0.04494188252239788
357 0.04364822881123213
358 0.04241917855881869
359 0.04126006817497719
360 0.04017443809646716
361 0.03916537080280361
362 0.0382365851989982
363 0.03739142987867776
364 0.03663215443564542
365 0.035960432413616
366 0.03537842773483181
367 0.03488789810122075
368 0.03448896256390151
369 0.03418307681539658
370 0.03397017812690278
371 0.03384989706500504
372 0.03382169470986363
373 0.03388432970031568
374 0.03403667383502979
375 0.03427696953309447
376 0.03460315828244261
377 0.03501233592857241
378 0.03550122357606081
379 0.03606659610253431
380 0.03670532051518372
381 0.03741318617715793
382 0.03818526855552096
383 0.0390181062813705
384 0.0399070578779414
385 0.04084760493681459
386 0.04183491128568865
387 0.04286427977639468
388 0.04393437797987026
389 0.04503620839034273
390 0.04616507176345793
391 0.04731579632127031
392 0.04848299377162545
393 0.04966120180022784
394 0.05084504343013236
395 0.05202959896965016
396 0.05320973458428036
397 0.05438034722996891
398 0.0555346628144866
399 0.05667025552582259
400 0.05778325025107523
401 0.05887008613769179
402 0.05992548438499157
403 0.06094583486653161
404 0.06192706599497168
405 0.06286579426432015
406 0.06375886874242806
407 0.06460326704558225
408 0.06539447924454733
409 0.06613145150030647
410 0.06681185247314421
411 0.06743365795210282
412 0.06799510154114742
413 0.06849464974777453
414 0.06893115607259202
415 0.06930314815347906
416 0.06961176800927557
417 0.06985514712242481
418 0.07003315378380383
419 0.0701452411533475
420 0.07019231518625926
421 0.07017476497227526
422 0.0700932780493547
423 0.06994912625402026
424 0.06974303961194002
425 0.06947631853830626
426 0.06915058088914113
427 0.06876783386359904
428 0.06833005573858081
429 0.06783937610755957
430 0.06729811891720414
431 0.06670860882018388
432 0.06607420747672106
433 0.06539714821294597
434 0.06468073152394861
435 0.06392660461580342
436 0.0631382825372326
437 0.06231603874020164
438 0.06146617812570757
439 0.06059185827751139
440 0.05969664062728055
441 0.05878415678124332
442 0.05785725481217894
443 0.05691987948135168
444 0.05597521807190638
445 0.05502681487435149
446 0.05407793123043838
447 0.05313206296164932
448 0.05219266473238741
449 0.05126303753769619
450 0.05034601812629699
451 0.04944512843494207
452 0.04856356442047077
453 0.04770421652483045
454 0.04686987282095073
455 0.04606223716033055
456 0.04528536444872824
457 0.04454153080287964
458 0.04383411898678317
459 0.04316388955034241
460 0.04253332702851876
461 0.04194621899142913
462 0.04140183665117542
463 0.04090159422999509
464 0.04044703145702252
465 0.04003906609665313
466 0.03967856015960077
467 0.03936643174139579
468 0.03910300394567225
469 0.03888854624158968
470 0.03872300420006829
471 0.03860645084958768
472 0.03853856263255561
473 0.03851893319444526
474 0.03854703900242067
475 0.03862161213287958
476 0.0387417846819943
477 0.03890598307156652
478 0.03911420870904631
479 0.03936424357005474
480 0.03965353744422146
481 0.03998045270312201
482 0.04034268194957526
483 0.04073799953281617
484 0.04116410381902005
485 0.04161866557377481
486 0.04209916055822938
487 0.04260336950724454
488 0.04312838789289462
489 0.04367150687088822
490 0.0442298686199365
491 0.04480073036006534
492 0.04538146730255126
493 0.04596921055109435
494 0.04656168869256111
495 0.04715558958565094
496 0.04774859825518572
497 0.04833812859156725
498 0.0489212238317203
499 0.04949553867525421
500 0.05005877914554105
501 0.05060699753002838
502 0.05113921982836183
503 0.05165316248221782
504 0.05214665857606769
505 0.05261838551039141
506 0.05306657435140097
507 0.05349009147599747
508 0.05388669365094743
509 0.05425488690169903
510 0.05459347859786434
511 0.05490126093140638
512 0.05517767960316725
513 0.05542129135798789
514 0.05563164982920554
515 0.0558079588704258
516 0.05595004548771441
517 0.05605758728018725
518 0.05613052263685529
519 0.05616884009872639
520 0.05617271340119438
521 0.05614245126687409
522 0.05607887306394432
523 0.05598245093459496
524 0.05585371077760665
525 0.05569390134078028
526 0.05550267561320631
527 0.05528239627405448
528 0.05503430948071908
529 0.05475955502421451
530 0.05445958666037312
531 0.05413582416321803
532 0.05378971949530217
533 0.05342305816890859
534 0.05303694815109297
535 0.05263344257520975
536 0.05221436975905806
537 0.0517813227443101
538 0.05133554903242641
539 0.05087879574788813
540 0.05041263243496172
541 0.04993925219280322
542 0.04946032344853143
543 0.0489810573026465
544 0.04849953472622576
545 0.04801743192906829
546 0.04753655708229053
547 0.04705796969913138
548 0.04658340461354502
549 0.04611413937983607
550 0.04565155302125997
551 0.04519727251954022
552 0.04475225771846448
553 0.0443175854659562
554 0.04389493254264656
555 0.04348468992672464
556 0.04308833103406223
557 0.04270695852172717
558 0.04234137288445371
559 0.04199271253976505
560 0.04166185577676335
561 0.04134924422122308
562 0.04105559424272675
563 0.04078151157957567
564 0.04052732405418784
565 0.0402934797803222
566 0.04008029945146998
567 0.03988841270763342
568 0.03971775102707371
569 0.03956832816915474
570 0.03944025625784172
571 0.03933354456950128
572 0.03924838395156278
573 0.03918433332787227
574 0.03914095046951922
575 0.03911796835727502
576 0.03911503459865087
577 0.03913166953593741
578 0.03916724381910571
579 0.03922116408496239
580 0.03929267862346942
581 0.03938134989510191
582 0.03948633365281638
583 0.03960688402269733
584 0.03974193013376033
585 0.03989046111771088
586 0.04005163316346954
587 0.04022435316973868
588 0.04040778239326787
589 0.04060083030033814
590 0.04080237407848546
591 0.04101150373236789
592 0.04122758010381943
593 0.04144917043641815
594 0.04167491309712876
595 0.04190399531192973
596 0.04213510703553203
597 0.04236707302811422
598 0.04259889049343226
599 0.04282921060286605
600 0.043057165086395
601 0.04328196324980436
602 0.04350283125151526
603 0.04372027429275525
604 0.04393136212337423
605 0.04413498375101393
606 0.04433058090035231
607 0.04451730296269982
608 0.0446941642918719
609 0.04486039421875256
610 0.04501518611126527
611 0.0451581119715108
612 0.04528865339754955
613 0.04540591337960341
614 0.04550976143644955
615 0.04559974438311017
616 0.04567577661781614
617 0.04573748723665596
618 0.04578468907762955
619 0.04581722576545649
620 0.04583495374914202
621 0.0458376002771488
622 0.04582502877785533
623 0.04579778291879944
624 0.04575589623991766
625 0.04569960477317873
626 0.04562896536303471
627 0.04554396222567543
628 0.04544505470859639
629 0.04533243429392912
630 0.04520614935640194
631 0.04506689318654442
632 0.04491457209892725
633 0.04474975821114275
634 0.04457296262116556
635 0.04438450374456543
636 0.0441853249530677
637 0.04397595319040796
638 0.04375704785034886
639 0.0435288780258744
640 0.04329220212421275
641 0.04304772780427848
642 0.04279617201265557
643 0.04253829262381674
644 0.04227524282038521
645 0.04200773462286735
646 0.04173677181431091
647 0.04146364734353441
648 0.04118892501865412
649 0.04091338490679328
650 0.04063802079663998
651 0.04036374034774131
652 0.04009147658408824
653 0.03982184227468819
654 0.03955582450311213
655 0.03929402408410904
656 0.03903724784523811
657 0.03878602501314434
658 0.03854110818915114
659 0.03830310067518541
660 0.03807259265051179
661 0.03784977509278246
662 0.03763515296150932
663 0.03742877165174913
664 0.03723099801223421
665 0.03704207811250497
666 0.03686216603257689
667 0.03669154536313683
668 0.03653026117209219
669 0.03637842567557297
670 0.03623596772059198
671 0.03610256630063385
672 0.03597900418164953
673 0.03586527552937972
674 0.03576126430818211
675 0.03566691812937088
676 0.03558227855521176
677 0.03550739670435649
678 0.03544239849701711
679 0.03538686771096933
680 0.03534118694186868
681 0.0353052519527552
682 0.03527906733273418
683 0.03526247830908726
684 0.03525504349228675
685 0.03525662799773555
686 0.03526697658720089
687 0.03528579829843401
688 0.03531292193044559
689 0.03534828448544463
690 0.03539151525465273
691 0.03544234034283946
692 0.03550027548116593
693 0.03556448590714896
694 0.03563462834754148
695 0.03570961414527853
696 0.0357895539175967
697 0.03587373747736851
698 0.03596182451661947
699 0.03605300482773154
700 0.03614672987792162
701 0.0362423983295988
702 0.03633935333200793
703 0.0364368810617207
704 0.03653430739397823
705 0.03663108553643291
706 0.03672630369679816
707 0.0368196061711992
708 0.03691058573776508
709 0.03699869862021048
710 0.03708323468461127
711 0.03716364385065405
712 0.03723942321731139
713 0.03731014119883723
714 0.03737526537792185
715 0.0374348630123424
716 0.03748830655581017
717 0.03753516886745778
718 0.03757513385060286
719 0.03760795282860014
720 0.03763235612903877
721 0.03764922336902529
722 0.03765843660436871
723 0.03765986351637337
724 0.03765344196238166
725 0.03763911162304507
726 0.03761681541812145
727 0.03758632125174911
728 0.03754752531146797
729 0.03750036985922316
730 0.03744466869897076
731 0.03738076690375082
732 0.0373086979145295
733 0.03722886710754356
734 0.03714125898771167
735 0.03704595465322905
736 0.0369430218809791
737 0.03683220424707679
738 0.03671376723963461
739 0.03658783508267369
740 0.03645459084852062
741 0.0363144132158482
742 0.03616775213437055
743 0.03601470408808381
744 0.03585578844498424
745 0.03569157802745808
746 0.03552234658491058
747 0.03534831659127204
748 0.03516991851252616
749 0.03498744243668246
750 0.03480137945250693
751 0.03461226128256841
752 0.03442060769580996
753 0.03422711951740343
754 0.0340324928113327
755 0.03383733420429299
756 0.03364148002614494
757 0.03344583454701926
758 0.0332510234350454
759 0.03305750902503129
760 0.03286587632450173
761 0.03267653283070725
762 0.03249008769182569
763 0.03230707173613966
764 0.03212790800428651
765 0.03195293385629472
766 0.03178280430372111
767 0.03161776326319989
768 0.03145809192728486
769 0.03130396218312168
770 0.03115585864057956
771 0.03101398619838092
772 0.03087871389132562
773 0.03075030261067169
774 0.03062892158801513
775 0.0305147218915021
776 0.03040779163348812
777 0.03030836504590238
778 0.03021633849006183
779 0.03013174127032131
780 0.03005473897606275
781 0.02998544136819486
782 0.02992375471411538
783 0.02986961038529796
784 0.02982270868762196
785 0.02978304979621302
786 0.02975070650145165
787 0.02972601214047192
788 0.0297084184319395
789 0.0296977580828584
790 0.02969366880286992
791 0.02970253074967472
792 0.02971154309946859
793 0.02972582578149466
794 0.02974505405936868
795 0.02976909275778937
796 0.02980657931068795
797 0.02983973671018615
798 0.02987632442258351
799 0.02992573793660154
800 0.02996859517688885
801 0.03001289124998647
802 0.03005866545983761
803 0.0301055700039377
804 0.03015320142402296
805 0.03020104517152016
806 0.0302488042920344
807 0.03029599461944118
808 0.03034235377349344
809 0.03038766748423692
810 0.03043150717365892
811 0.03047356961548528
812 0.03051335333481591
813 0.03055041771307741
814 0.03058436222484152
815 0.03061502968917543
816 0.03064202536303143
817 0.03066507231779482
818 0.03068433580552627
819 0.0306994189205724
820 0.03070999189946095
821 0.03071566760081938
822 0.03072112733293407
823 0.03071753576690546
824 0.03070823121268865
825 0.03069344222728628
826 0.03067298762930459
827 0.03064694187999688
828 0.03061536531583356
829 0.03057770672613484
830 0.03053641349535833
831 0.03048930726625563
832 0.03043653256006856
833 0.03037499224601576
834 0.03031255680614907
835 0.03024441104793419
836 0.03016604854990547
837 0.03008891057330628
838 0.03000627441518135
839 0.0299187309500555
840 0.02981932349197743
841 0.02972425834139167
842 0.02962440886399701
843 0.02952040389127112
844 0.02941244796054579
845 0.02929101251024867
846 0.02917809688022855
847 0.02906181342629163
848 0.02894268462326887
849 0.02882111223131838
850 0.02869728999708793
851 0.02857158885270718
852 0.02844438495983233
853 0.02831597419088574
854 0.02818691392521586
855 0.02805744573302098
856 0.02792840808121842
857 0.02779960782807449
858 0.02767149258792537
859 0.02754405855306857
860 0.02741770156163341
861 0.02729266065919353
862 0.02716937697732772
863 0.02704793292577632
864 0.02692851379087182
865 0.02681159779681947
866 0.0266973019290008
867 0.02658559600409246
868 0.02647693520402742
869 0.0263713237901051
870 0.02626893822497688
871 0.02616998410666241
872 0.02607364935145535
873 0.02598110796897113
874 0.02589250782312718
875 0.02580796704088229
876 0.02572769282416992
877 0.02565173818852946
878 0.02558022547395793
879 0.02551320427553413
880 0.02544683430409607
881 0.02539047616946745
882 0.02533836831131143
883 0.02529060434819945
884 0.02524589687615157
885 0.0252083148244573
886 0.0251745997928773
887 0.02514622931118264
888 0.02512215932991771
889 0.02510332037457889
890 0.02508727158650288
891 0.02507580008413139
892 0.02506839026338602
893 0.02506433936598678
894 0.02506334172114367
895 0.0250627090187931
896 0.02506574706011144
897 0.02506922416354823
898 0.02507594401980179
899 0.0250845845246099
900 0.02509230487197673
901 0.02510229239102347
902 0.02511345751607049
903 0.0251252709271438
904 0.02513500821762972
905 0.02514635107754898
906 0.02515792365010591
907 0.02516927418310588
908 0.02518011119993646
909 0.02518798256643526
910 0.02519613432355305
911 0.02520164401126147
912 0.0252072384556843
913 0.02521190619443466
914 0.02521538226655358
915 0.02521748211717709
916 0.02521634147428674
917 0.02521435412980881
918 0.02520956967324604
919 0.02520261196098986
920 0.02519452988888423
921 0.02518540694401542
922 0.0251747416889234
923 0.02516106386462769
924 0.02514545849308453
925 0.02512741033970698
926 0.025107225118398
927 0.02508525765423337
928 0.02506081761148376
929 0.02503410454695949
930 0.02500508448941662
931 0.0249733541076743
932 0.02493892344373528
933 0.02490162719888544
934 0.02486132844995869
935 0.02481805394693638
936 0.02477186471216286
937 0.02472280066571808
938 0.02467104141886089
939 0.02461653529754666
940 0.02455969346821208
941 0.02450053970324653
942 0.02443913568218065
943 0.02437551354256746
944 0.02430974602476217
945 0.02424201796739863
946 0.02417249770400176
947 0.02410110413680949
948 0.02402813008831678
949 0.02395390044574329
950 0.02387853685397953
951 0.02380227466300841
952 0.02372534644602993
953 0.02364778847272748
954 0.02356951636170529
955 0.02349078194313428
956 0.023411676964182
957 0.02333256170965299
958 0.02325367735068253
959 0.02317528913681259
960 0.023097410381574
961 0.02302024785992439
962 0.02294414479629442
963 0.0228690518157298
964 0.02279527423939916
965 0.02272281604842397
966 0.02265185176834341
967 0.02258251340206488
968 0.02251489648242988
969 0.02244941717921561
970 0.02238605882437958
971 0.02232493882343411
972 0.02226609319552106
973 0.0222096213959028
974 0.02215533288619262
975 0.02210330431383269
976 0.02205357406074943
977 0.02200601558203823
978 0.02196072746211582
979 0.02191775442051522
980 0.02187703940628921
981 0.02183856027043825
982 0.02180240085632742
983 0.02176843280230419
984 0.02173666208317874
985 0.02170692858104204
986 0.02167923040935348
987 0.0216535092924212
988 0.02162964980767111
989 0.02160767505654364
990 0.02158775488538267
991 0.02156936608535758
992 0.02155273001473038
993 0.02153772031905544
994 0.02152444017179154
995 0.0215126158136389
996 0.02150235965170256
997 0.02149331851797319
998 0.02148541892651352
999 0.02147860338634755
1000 0.02147284225197048
1001 0.02146789265919496
1002 0.02146372210249303
1003 0.02146027719347865
1004 0.0214576945353378
1005 0.02145585346805222
1006 0.02145442584619906
1007 0.02145329498075083
1008 0.02145238039697255
1009 0.02145119278490018
1010 0.02144975730929991
1011 0.02144807698647291
1012 0.02144623934257752
1013 0.02144405578052914
1014 0.02144140446306386
1015 0.02143809652543553
1016 0.02143411257723447
1017 0.02142948260553116
1018 0.02142423306272493
1019 0.02141814284345229
1020 0.02141101890209807
1021 0.02140235402976823
1022 0.02139234254101197
1023 0.02138151064683489
1024 0.0213695640885606
1025 0.02135593483584006
1026 0.02134152009113017
1027 0.02132538073444625
1028 0.02130848263540539
1029 0.02129042455297775
1030 0.02127140695601716
1031 0.02124994873573555
1032 0.02122750971202104
1033 0.02120378600212824
1034 0.02117867211512325
1035 0.02115214240587167
1036 0.02112418682274435
1037 0.0210949021166877
1038 0.02106406204555705
1039 0.02103179097582491
1040 0.02099810943928795
1041 0.02096315867077645
1042 0.02092694129656331
1043 0.02088943809757705
1044 0.02085097640983314
1045 0.02081169671971398
1046 0.02077163599299618
1047 0.02073107870368651
1048 0.02068975881875509
1049 0.02064779584826756
1050 0.02060524491289916
1051 0.02056249339528855
1052 0.02051947602792196
1053 0.02047625999196285
1054 0.02043309439481058
1055 0.02038990935936927
1056 0.02034688523408871
1057 0.02030406823165925
1058 0.02026118789840019
1059 0.02021839085790722
1060 0.02017601681996583
1061 0.02013392124908216
1062 0.02009210437030387
1063 0.02005074889297047
1064 0.02000988145519074
1065 0.01996974173168548
1066 0.01993007811156832
1067 0.01989119580534654
1068 0.01985309399065474
1069 0.01981583474336051
1070 0.01977928534872102
1071 0.01974366079345791
1072 0.01970866626637351
1073 0.01967477233506597
1074 0.01964211970736353
1075 0.01961077147537673
1076 0.01958051837749461
1077 0.01955156536990545
1078 0.01952377435938341
1079 0.01949714465748364
1080 0.0194717041531867
1081 0.0194475857616098
1082 0.01942625988339131
1083 0.01940384693595207
1084 0.01938299058258677
1085 0.01936329011681598
1086 0.01934485053537543
1087 0.0193275707106504
1088 0.01931239543938841
1089 0.01929667996312623
1090 0.01928228167998603
1091 0.01926953165582921
1092 0.0192562750967505
1093 0.01924492651198946
1094 0.01923298445181896
1095 0.01922278968172636
1096 0.01921208046542627
1097 0.01920282078888835
1098 0.01919319016760638
1099 0.01918506304767297
1100 0.01917643242386146
1101 0.01916923396390895
1102 0.01916230952939687
1103 0.01915510053640154
1104 0.01914953909688161
1105 0.01914414183650652
1106 0.01913840577607119
1107 0.01913386066529854
1108 0.01912927113471436
1109 0.01912476775353861
1110 0.01912027831147022
1111 0.01911681302234447
1112 0.01911371278587016
1113 0.01911093601595776
1114 0.01910859512909938
1115 0.01910609442477267
1116 0.01910339470353699
1117 0.01910059762062166
1118 0.01909777707823314
1119 0.01909456378305558
1120 0.01909115317323007
1121 0.01908747999037669
1122 0.01908338671008887
1123 0.01907928467827187
1124 0.01907489681747158
1125 0.01906996030394672
1126 0.01906434062082401
1127 0.01905825621867417
1128 0.01905143138227808
1129 0.019043503816538
1130 0.01903551590641276
1131 0.01902648633429004
1132 0.01901624180264471
1133 0.01900584553874741
1134 0.01899415178808764
1135 0.01898251710325438
1136 0.01896993649559977
1137 0.01895565730220957
1138 0.01894183970854519
1139 0.01892598787680883
1140 0.01891079791430855
1141 0.01889377154309381
1142 0.01887754422145097
1143 0.01885905509040629
1144 0.01884158866611553
1145 0.01882194411256903
1146 0.01880358452080981
1147 0.0187831036061881
1148 0.01876391396223595
1149 0.01874272441228669
1150 0.01872289508459301
1151 0.01870070038896838
1152 0.01868019600934083
1153 0.01865723946176617
1154 0.01863590010634402
1155 0.0186127280927639
1156 0.01858997020369188
1157 0.01856713208463519
1158 0.01854586759560325
1159 0.01852264680560377
1160 0.01849966244335982
1161 0.01847669250934595
1162 0.01845370042656706
1163 0.01843068293408974
1164 0.01840763274063336
1165 0.01838475183950608
1166 0.0183621151193467
1167 0.01833969193438652
1168 0.01831923131665539
1169 0.01829737244601256
1170 0.0182761491802647
1171 0.01825705951356303
1172 0.01823587573858787
1173 0.01821555948933759
1174 0.01819776316639878
1175 0.01817816315344698
1176 0.01815987361306777
1177 0.01814415320064866
1178 0.01812734835792123
1179 0.01811276449641187
1180 0.01809741532371933
1181 0.01808424668102292
1182 0.01807057292147038
1183 0.01805879860543092
1184 0.01804634526037242
1185 0.01803576438672963
1186 0.01802445427363141
1187 0.01801469668421829
1188 0.01800434381369369
1189 0.01799558035003525
1190 0.01798657637300758
1191 0.01797849047267494
1192 0.01797075632472995
1193 0.01796333020940095
1194 0.01795545778991276
1195 0.01794886980348346
1196 0.01794245751486647
1197 0.01793615222390736
1198 0.01793001097438247
1199 0.01792393062672228
1200 0.01791749021636451
1201 0.01791236201645475
1202 0.01790678045729445
1203 0.01790223635421847
1204 0.01789802355108851
1205 0.01789383222286198
1206 0.01789053420862966
1207 0.01788757920920644
1208 0.01788431284503861
1209 0.0178819026446939
1210 0.01787938547905303
1211 0.01787702675215411
1212 0.01787477500647815
1213 0.01787283632923931
1214 0.01787139506332307
1215 0.017870038841995
1216 0.01786914763442968
1217 0.01786859597863713
1218 0.01786805000108186
1219 0.01786776235651347
1220 0.01786756943962763
1221 0.01786720843691549
1222 0.01786692264239767
1223 0.01786649289225039
1224 0.01786590800126163
1225 0.01786519720730232
1226 0.017864765860133
1227 0.01786371861820994
1228 0.01786239682253649
1229 0.01786123395944744
1230 0.01785929916352345
1231 0.01785698824665024
1232 0.01785393056262752
1233 0.01785026491687376
1234 0.01784661417644699
1235 0.01784232574708269
1236 0.01783733668515338
1237 0.01783150367572424
1238 0.01782573805741319
1239 0.01781940318802918
1240 0.01781273580438981
1241 0.01780502973722881
1242 0.01779780518467714
1243 0.01778993598688947
1244 0.01778083646706511
1245 0.01777237649294963
1246 0.01776274458759343
1247 0.01775357289828713
1248 0.01774322096290036
1249 0.01773363211870713
1250 0.01772333986516067
1251 0.01771331061962425
1252 0.0177038728964116
1253 0.01769343574560211
1254 0.0176837295205717
1255 0.01767285387203277
1256 0.01766194425181546
1257 0.01765155732716044
1258 0.01764003468908892
1259 0.01762861202811096
1260 0.01761772462758505
1261 0.01760610062496098
1262 0.01759484783205303
1263 0.01758364720887413
1264 0.01757251268924328
1265 0.01756155648175511
1266 0.01755066299918575
1267 0.01753973866684202
1268 0.01752892021996682
1269 0.01751830857185147
1270 0.01750775241081859
1271 0.01749731824774843
1272 0.01748697036229784
1273 0.01747665570735911
1274 0.01746625407841941
1275 0.01745605928183236
1276 0.01744609817335521
1277 0.0174363002949177
1278 0.01742677625706459
1279 0.01741759149709493
1280 0.01740869021706151
1281 0.01740010887895058
1282 0.01739170386946259
1283 0.01738332467227641
1284 0.01737491437842203
1285 0.01736666141971013
1286 0.01735853194231402
1287 0.01735056864370602
1288 0.01734277991385612
1289 0.01733525336192049
1290 0.01732799468222722
1291 0.01732127433156372
1292 0.01731462023787824
1293 0.01730833212425149
1294 0.01730231269943392
1295 0.01729648961448181
1296 0.01729111663944604
1297 0.01728616376427272
1298 0.01728170430628524
1299 0.01727766851928285
1300 0.01727402659832512
1301 0.01727044817851337
1302 0.01726713898464563
1303 0.01726414504591247
1304 0.01726147516695571
1305 0.01725917957851342
1306 0.01725717930737409
1307 0.01725563157274301
1308 0.01725425250626155
1309 0.01725316929813907
1310 0.01725212705444608
1311 0.01725112211677628
1312 0.01725041918502923
1313 0.01724993406120408
1314 0.01724937835605644
1315 0.01724894232534637
1316 0.01724863674714941
1317 0.01724849596984814
1318 0.0172483553656467
1319 0.01724824451810686
1320 0.01724808068131149
1321 0.01724798555794881
1322 0.01724792826499477
1323 0.01724774367244986
1324 0.01724758372226896
1325 0.01724727043662177
1326 0.01724698596215643
1327 0.01724683766645839
1328 0.01724675196642667
1329 0.01724668456277283
1330 0.01724659028335406
1331 0.01724645041483613
1332 0.01724609591253473
1333 0.01724568126371031
1334 0.01724493874164747
1335 0.01724377665360543
1336 0.01724242502712328
1337 0.01724083469269068
1338 0.01723905922567675
1339 0.01723724272109191
1340 0.01723556387805592
1341 0.01723379920157278
1342 0.01723194451605039
1343 0.01722988180634471
1344 0.01722752109410158
1345 0.01722467930772426
1346 0.01722149538757337
1347 0.01721786447344803
1348 0.01721414092006827
1349 0.01721027075316611
1350 0.0172059707039232
1351 0.01720139072232129
1352 0.01719665516185955
1353 0.01719175455119932
1354 0.01718649541768274
1355 0.01718103072360341
1356 0.01717521853606667
1357 0.01716925087714025
1358 0.01716306366959575
1359 0.01715656290067772
1360 0.01714988663093998
1361 0.01714301900049867
1362 0.01713587093484331
1363 0.01712871612326596
1364 0.01712132944677771
1365 0.01711404681646734
1366 0.01710664353663939
1367 0.01709916391282505
1368 0.01709166521737152
1369 0.01708402131194525
1370 0.01707655169495912
1371 0.01706930324857804
1372 0.01706207717030038
1373 0.01705479787678252
1374 0.01704761313392434
1375 0.01704060758925455
1376 0.01703383612528353
1377 0.01702727384444815
1378 0.0170207490621526
1379 0.0170145054066339
1380 0.01700836101043384
1381 0.01700215499791059
1382 0.01699602142262616
1383 0.01698999678968745
1384 0.01698392798865346
1385 0.01697826581324119
1386 0.01697306813768288
1387 0.01696807935772176
1388 0.01696328087277571
1389 0.01695865270080047
1390 0.01695417403953003
1391 0.01695004474697198
1392 0.01694603992112698
1393 0.01694204699032161
1394 0.01693832791749515
1395 0.01693472272805188
1396 0.01693113675117622
1397 0.01692779280962948
1398 0.01692486314739796
1399 0.01692225946758093
1400 0.0169198787533765
1401 0.01691775898742422
1402 0.01691578901827016
1403 0.01691391246311954
1404 0.01691209454502967
1405 0.01691030169994447
1406 0.01690861472415001
1407 0.01690703431518389
1408 0.01690546875365805
1409 0.01690418830717965
1410 0.01690304857989036
1411 0.01690196973504721
1412 0.01690092496938293
1413 0.01689984538101455
1414 0.01689884493143944
1415 0.01689793434497447
1416 0.01689715983213275
1417 0.01689608233307167
1418 0.01689501175129854
1419 0.01689397652573434
1420 0.01689299850832661
1421 0.01689216485721633
1422 0.01689124670163197
1423 0.01689036939184285
1424 0.01688960535756201
1425 0.01688894866667905
1426 0.01688825340718615
1427 0.01688741146414342
1428 0.01688666039521919
1429 0.01688576937043083
1430 0.01688498649353416
1431 0.01688454011109738
1432 0.01688395992674884
1433 0.01688330690412057
1434 0.01688261916869361
1435 0.01688209042516937
1436 0.01688159682429337
1437 0.0168809788945379
1438 0.01688037148598656
1439 0.01687974949925077
1440 0.01687908582519942
1441 0.01687821433529581
1442 0.0168772000623711
1443 0.01687614996305694
1444 0.01687487577521675
1445 0.01687369160261844
1446 0.01687240354481246
1447 0.01687088502992866
1448 0.0168692069870654
1449 0.01686722484690849
1450 0.0168650956374264
1451 0.01686286409250274
1452 0.01686028723927591
1453 0.0168575942065847
1454 0.01685477886473941
1455 0.01685170487130469
1456 0.01684817945480673
1457 0.0168441983380352
1458 0.01683995199156455
1459 0.0168355230889238
1460 0.01683117755490877
1461 0.01682670368320073
1462 0.01682188693375262
1463 0.01681702705375057
1464 0.01681182231705963
1465 0.01680661992029199
1466 0.01680109641608747
1467 0.01679531379375128
1468 0.01678950201298498
1469 0.01678379887485495
1470 0.01677818815560011
1471 0.01677238751471197
1472 0.01676639526347769
1473 0.01676050390585495
1474 0.01675449438102367
1475 0.01674876249157106
1476 0.01674320724533788
1477 0.01673739126242193
1478 0.0167318806848621
1479 0.01672661212407688
1480 0.01672152974904996
1481 0.0167167093267647
1482 0.01671207548244866
1483 0.01670765887056631
1484 0.01670346446765951
1485 0.01669942913031092
1486 0.01669546133660415
1487 0.01669176925303845
1488 0.01668828443884884
1489 0.01668502239948849
1490 0.01668180328809123
1491 0.01667883395855153
1492 0.01667611214466754
1493 0.01667373264704589
1494 0.01667156320058118
1495 0.01666937759380472
1496 0.01666743382294972
1497 0.01666537022875723
1498 0.01666359582953908
1499 0.0166619441006116
1500 0.0166601792122924
1501 0.01665838263156085
1502 0.01665651227758115
1503 0.01665450887999318
1504 0.01665251704469542
1505 0.01665072976227013
1506 0.01664914419977078
1507 0.01664748991043101
1508 0.01664588148766912
1509 0.01664438865625843
1510 0.01664291147099594
1511 0.01664129110429503
1512 0.01663936822309825
1513 0.01663735424537337
1514 0.01663558856515072
1515 0.01663382740638161
1516 0.0166320238745625
1517 0.0166301414109154
1518 0.0166282219265538
1519 0.01662635762108917
1520 0.01662473345438723
1521 0.01662343482910971
1522 0.0166219684439407
1523 0.01662035465547004
1524 0.01661878565825941
1525 0.01661697873123219
1526 0.01661545098494941
1527 0.01661381902291873
1528 0.01661212479688688
1529 0.01661043808152785
1530 0.01660874489588379
1531 0.0166069773817887
1532 0.01660521837183606
1533 0.01660320826047433
1534 0.0166012735369741
1535 0.01659945659546067
1536 0.01659783761544222
1537 0.01659597871719632
1538 0.01659413156057963
1539 0.01659224052577184
1540 0.01659022835886221
1541 0.01658820099750838
1542 0.01658601825649241
1543 0.01658376301571631
1544 0.016581651689431
1545 0.0165795428069233
1546 0.0165772447109559
1547 0.01657451966339611
1548 0.0165715680141211
1549 0.01656855164490888
1550 0.01656528549531229
1551 0.01656201238111315
1552 0.01655857965139771
1553 0.01655488160339613
1554 0.01655132012209441
1555 0.01654768931124735
1556 0.01654395817645837
1557 0.01654009031757248
1558 0.01653611724502022
1559 0.01653239463882031
1560 0.01652881518899163
1561 0.01652520149147627
1562 0.01652132702186953
1563 0.01651722869548992
1564 0.0165131880060422
1565 0.01650947994487557
1566 0.01650610098035596
1567 0.01650237532583084
1568 0.01649860543602594
1569 0.01649493561918658
1570 0.01649148649033729
1571 0.01648811020197057
1572 0.01648476831079358
1573 0.01648149052113952
1574 0.01647816853567101
1575 0.01647493926896634
1576 0.01647172094842766
1577 0.01646862072087469
1578 0.01646525400926605
1579 0.01646196881451199
1580 0.01645861362767477
1581 0.01645566145664601
1582 0.01645249967338145
1583 0.01644906991290714
1584 0.01644572300002099
1585 0.01644255462753072
1586 0.01643928359565778
1587 0.01643592325815603
1588 0.01643283954593219
1589 0.01642991641419283
1590 0.01642682229633498
1591 0.01642362805146309
1592 0.01642014361200138
1593 0.01641668745108816
1594 0.01641314017433272
1595 0.01640972848237471
1596 0.01640665904004759
1597 0.01640331348616892
1598 0.01639964427795091
1599 0.01639613736166914
1600 0.01639257992264645
1601 0.01638905320153291
1602 0.01638541399041556
1603 0.01638185472235309
1604 0.01637843569937853
1605 0.01637501769015623
1606 0.01637170390698165
1607 0.01636820767144299
1608 0.01636454558930459
1609 0.01636092336967752
1610 0.01635757465101567
1611 0.01635437439495722
1612 0.01635149332200616
1613 0.01634832924125343
1614 0.01634540880990548
1615 0.01634283814996769
1616 0.01634031362150428
1617 0.01633801837508831
1618 0.01633571872463065
1619 0.01633362168763177
1620 0.01633132842935011
1621 0.01632935526636905
1622 0.01632742964602707
1623 0.0163250199536051
1624 0.01632324239852147
1625 0.01632120471561423
1626 0.01631954544954243
1627 0.01631763925581285
1628 0.0163155653238974
1629 0.01631315930957274
1630 0.01631082254175735
1631 0.01630927931921441
1632 0.01630765947335524
1633 0.01630588176469464
1634 0.01630429057576738
1635 0.01630245142558823
1636 0.01630062777219865
1637 0.01629875929218694
1638 0.0162968354382613
1639 0.01629438478048766
1640 0.01629186814702534
1641 0.01629001780760356
1642 0.01628770772625873
1643 0.01628552270843275
1644 0.01628275733273556
1645 0.01628014127886738
1646 0.01627790725124073
1647 0.01627522029484841
1648 0.01627244129956001
1649 0.01626937774397954
1650 0.01626595462081371
1651 0.01626240487750262
1652 0.01625858009480563
1653 0.0162544814164435
1654 0.0162501992348739
1655 0.016245757350161
1656 0.01624138944310048
1657 0.01623708941340468
1658 0.0162327106946414
1659 0.01622805961167726
1660 0.01622334948229663
1661 0.01621840636820567
1662 0.01621361641537976
1663 0.01620895047640391
1664 0.01620458956516784
1665 0.01620029456585001
1666 0.01619604642466849
1667 0.01619159312341288
1668 0.01618744230658147
1669 0.01618345503544047
1670 0.01617935050631589
1671 0.01617565728978699
1672 0.01617263745317643
1673 0.01616930026188484
1674 0.01616547894113455
1675 0.01616225988698554
1676 0.0161588550256913
1677 0.01615572655018843
1678 0.01615283410534454
1679 0.01614960284939487
1680 0.01614689840324561
1681 0.01614365508939611
1682 0.01614021188722913
1683 0.01613666575583895
1684 0.01613354967324504
1685 0.01612983522960633
1686 0.01612619904417087
1687 0.01612301712652576
1688 0.01611926533924881
1689 0.01611554626668441
1690 0.01611135906115787
1691 0.01610745928327141
1692 0.0161034949853137
1693 0.01609950186219705
1694 0.01609518565822195
1695 0.0160908644978603
1696 0.01608634217096476
1697 0.0160817053319114
1698 0.01607704108062931
1699 0.01607263992051376
1700 0.01606854418638058
1701 0.01606423373545204
1702 0.0160602436482368
1703 0.0160563062092696
1704 0.01605262833829157
1705 0.01604902630829472
1706 0.01604549843558402
1707 0.01604197239677902
1708 0.01603814543539638
1709 0.01603456485377361
1710 0.0160308657819464
1711 0.01602741861788085
1712 0.0160239066412445
1713 0.01602042324455623
1714 0.01601660750597986
1715 0.0160135277001737
1716 0.0160101930583986
1717 0.01600739040767181
1718 0.01600403352944518
1719 0.01600062412358625
1720 0.01599750472393592
1721 0.01599384152654976
1722 0.01599022809187712
1723 0.01598631671245027
1724 0.01598294635007799
1725 0.01597930079155893
1726 0.01597569859881321
1727 0.01597133051974721
1728 0.0159670616994001
1729 0.01596312815489123
1730 0.01595960415914295
1731 0.01595571783211602
1732 0.01595215807288832
1733 0.01594829824704491
1734 0.01594437029522224
1735 0.01594067035575632
1736 0.01593634644375775
1737 0.01593219786619046
1738 0.01592870019615211
1739 0.01592459964054612
1740 0.01592115339742849
1741 0.01591736616930805
1742 0.01591396016242571
1743 0.01591018018346374
1744 0.01590596147591933
1745 0.01590217513744463
1746 0.01589852645617102
1747 0.01589494420339356
1748 0.01589127297659908
1749 0.01588735826428115
1750 0.01588356618893031
1751 0.01587955776176058
1752 0.01587503234503397
1753 0.0158704341253156
1754 0.01586575229075046
1755 0.01586122251677496
1756 0.01585683548509671
1757 0.0158524996897993
1758 0.01584804255557598
1759 0.01584362481806463
1760 0.01583896239844121
1761 0.01583416494860532
1762 0.01582951911257711
1763 0.01582496991251762
1764 0.01582049447652339
1765 0.01581607542692336
1766 0.01581149058954736
1767 0.01580695743906354
1768 0.01580263038985128
1769 0.01579849446019966
1770 0.01579480063646941
1771 0.01579138842284532
1772 0.01578762087590698
1773 0.01578371738058898
1774 0.01578008064730502
1775 0.01577635432538479
1776 0.01577214035069027
1777 0.01576807560998822
1778 0.01576357047010405
1779 0.01575948205758709
1780 0.01575566477564659
1781 0.01575169402185739
1782 0.01574731951090664
1783 0.01574227036995535
1784 0.01573770149146366
1785 0.01573310405073575
1786 0.01572827110537645
1787 0.01572336044318223
1788 0.01571848794022632
1789 0.01571327909156687
1790 0.01570810325982956
1791 0.01570288833490874
1792 0.01569766052215032
1793 0.01569262695393656
1794 0.01568739403406905
1795 0.0156817636649072
1796 0.01567665317463187
1797 0.01567179010036015
1798 0.01566707393920632
1799 0.0156621683355675
1800 0.01565747678720936
1801 0.0156526667375538
1802 0.01564766212998978
1803 0.01564286417883031
1804 0.01563835670801666
1805 0.01563344537516712
1806 0.01562905805499144
1807 0.01562466099581729
1808 0.01562025012392657
1809 0.01561603783388223
1810 0.01561159637140823
1811 0.01560696154667702
1812 0.01560239547130545
1813 0.0155977898841131
1814 0.01559327210879243
1815 0.01558851533515101
1816 0.01558366056617887
1817 0.01557887419312972
1818 0.01557363268201513
1819 0.01556839246278439
1820 0.01556298601404724
1821 0.0155577456584512
1822 0.01555279019300184
1823 0.01554793062295246
1824 0.01554263066430021
1825 0.01553718309627662
1826 0.01553180576884286
1827 0.01552641063805835
1828 0.01552121468140163
1829 0.01551607971351996
1830 0.01551089070766471
1831 0.01550551755643766
1832 0.0154996967277341
1833 0.01549427035917777
1834 0.01548884763379864
1835 0.0154832730841405
1836 0.0154780096394188
1837 0.01547296494915047
1838 0.01546798379827789
1839 0.01546297951120847
1840 0.01545782991454825
1841 0.01545288834662464
1842 0.01544789623913188
1843 0.01544251438502555
1844 0.01543752758623094
1845 0.01543217874796989
1846 0.01542703789199482
1847 0.01542192310211993
1848 0.01541706159354526
1849 0.01541167943292958
1850 0.01540693729673228
1851 0.01540237288454405
1852 0.01539757644649665
1853 0.01539268446020639
1854 0.01538762469704302
1855 0.01538232370447401
1856 0.01537732145950594
1857 0.01537211351927307
1858 0.0153669338670435
1859 0.0153619217959723
1860 0.01535685426570472
1861 0.01535216272752946
1862 0.01534752555289612
1863 0.01534277651844608
1864 0.01533815029972963
1865 0.01533307929807816
1866 0.01532799277167922
1867 0.01532246368062101
1868 0.015316893636305
1869 0.01531134145801994
1870 0.01530612140737172
1871 0.01530114336675624
1872 0.01529620096680909
1873 0.01529139590301891
1874 0.01528645257979057
1875 0.01528103677390739
1876 0.01527526473756382
1877 0.0152696904125161
1878 0.01526432350307548
1879 0.01525885598216755
1880 0.0152529134768375
1881 0.01524700362820596
1882 0.01524141011534028
1883 0.01523583872591316
1884 0.01523020657315974
1885 0.01522428055512387
1886 0.0152182454852463
1887 0.01521212819053034
1888 0.01520605283234531
1889 0.01520004340322921
1890 0.01519379827314189
1891 0.0151872549781214
1892 0.01518086503898261
1893 0.01517480297011289
1894 0.01516891590693735
1895 0.01516301349416124
1896 0.01515715027646744
1897 0.01515123233713055
1898 0.0151453373508869
1899 0.01513951654561387
1900 0.01513357368144865
1901 0.01512732012823532
1902 0.01512105633301192
1903 0.01511488839464554
1904 0.01510879435682526
1905 0.0151024050700898
1906 0.01509604269745437
1907 0.01509004434040605
1908 0.0150841209173474
1909 0.01507822847236414
1910 0.01507223020201084
1911 0.01506607194556853
1912 0.01505982368175134
1913 0.01505353331934914
1914 0.01504721775560966
1915 0.01504104361123106
1916 0.01503488676208008
1917 0.01502865715565393
1918 0.01502229558593734
1919 0.01501633295139807
1920 0.01501053077190429
1921 0.01500437613703997
1922 0.01499826853638721
1923 0.01499225937908874
1924 0.01498637441613209
1925 0.01498061917476629
1926 0.01497505005813764
1927 0.01496958020582465
1928 0.01496417274945541
1929 0.01495854607963946
1930 0.01495293693263264
1931 0.01494735638041725
1932 0.01494159081689118
1933 0.01493545797016254
1934 0.01492992909395341
1935 0.0149246116783764
1936 0.01491924544212222
1937 0.01491372595415614
1938 0.01490807764256084
1939 0.01490223958773211
1940 0.01489647933024055
1941 0.01489088268235217
1942 0.01488534894726735
1943 0.01487969995573569
1944 0.01487396187448522
1945 0.01486833989625233
1946 0.01486262795532107
1947 0.01485690257191497
1948 0.01485124941978565
1949 0.01484547080597659
1950 0.01483969263279286
1951 0.01483366889219118
1952 0.01482741635471629
1953 0.01482105013537456
1954 0.01481472234970201
1955 0.01480867745282978
1956 0.01480257423871347
1957 0.01479622647746385
1958 0.01478997434259698
1959 0.01478378028217753
1960 0.0147773368381204
1961 0.01477067020301123
1962 0.01476403987831871
1963 0.01475736363923356
1964 0.01475047455993041
1965 0.01474346466633642
1966 0.01473649992262106
1967 0.01472944775912619
1968 0.01472246546062384
1969 0.01471583691419972
1970 0.01470961853481623
1971 0.01470328776784837
1972 0.01469682127548423
1973 0.01469020066681911
1974 0.01468344512123662
1975 0.01467655265996181
1976 0.0146697507311503
1977 0.01466303219669912
1978 0.01465654287122272
1979 0.0146498610089095
1980 0.01464321161753932
1981 0.01463691552601536
1982 0.01463068752187864
1983 0.01462436447290212
1984 0.0146183605752849
1985 0.01461232630536601
1986 0.01460612729600737
1987 0.01459984008787459
1988 0.0145934396672613
1989 0.01458707057926311
1990 0.01458049682335471
1991 0.01457372716988929
1992 0.01456688642332026
1993 0.01456041676737304
1994 0.01455419239363449
1995 0.01454808443976289
1996 0.01454194705405298
1997 0.01453568636298339
1998 0.01452928394196457
1999 0.01452313159119583
2000 0.0145170237485194
2001 0.01451077109505444
2002 0.01450439795751127
2003 0.01449786312252404
2004 0.01449147540138998
2005 0.01448536804822192
2006 0.01447919132626276
2007 0.01447271804739301
2008 0.01446652185245508
2009 0.01446068851581702
2010 0.01445472952765505
2011 0.01444857395799423
2012 0.01444230551467815
2013 0.01443595806420659
2014 0.01442942469291032
2015 0.0144227928464397
2016 0.01441644095909811
2017 0.01441017520176894
2018 0.01440409498781984
2019 0.01439784865242017
2020 0.01439133833651289
2021 0.0143847225630466
2022 0.01437814308929913
2023 0.01437138317829134
2024 0.01436430896834145
2025 0.01435724188825808
2026 0.01435039374384295
2027 0.01434371663128172
2028 0.01433719150172597
2029 0.01433049022928413
2030 0.01432382797014275
2031 0.0143170757557326
2032 0.01431033172560984
2033 0.01430315399418447
2034 0.01429642974314916
2035 0.01428982830344445
2036 0.01428344862090208
2037 0.014276962405212
2038 0.0142700163418945
2039 0.01426287874560159
2040 0.01425605850258678
2041 0.01424959568658858
2042 0.01424295808535164
2043 0.01423635532380844
2044 0.01422970482679237
2045 0.01422321607946881
2046 0.01421680315716126
2047 0.01421032034526263
2048 0.01420349826949651
2049 0.0141971192594684
2050 0.01419060466528956
2051 0.01418388641922017
2052 0.01417739143239437
2053 0.01417088014279169
2054 0.01416400395559325
2055 0.01415718829840327
2056 0.01415055392425866
2057 0.01414371198910927
2058 0.01413731935891996
2059 0.01413104647583434
2060 0.01412433691343657
2061 0.01411767939177098
2062 0.01411061694801839
2063 0.01410385112009766
2064 0.01409736841301477
2065 0.01409123001069744
2066 0.01408468054336764
2067 0.01407826894621683
2068 0.01407179542931776
2069 0.01406559691362712
2070 0.01405944911165699
2071 0.01405315203571778
2072 0.0140463141821591
2073 0.01403952118521661
2074 0.01403267989157013
2075 0.01402597627971932
2076 0.01401943348309507
2077 0.01401313499667794
2078 0.0140064979562762
2079 0.01399972824881777
2080 0.01399348020577734
2081 0.01398734695007116
2082 0.01398174386796589
2083 0.01397608808355574
2084 0.0139699697823679
2085 0.01396343498767248
2086 0.01395677493091065
2087 0.01394997307931366
2088 0.01394339168077422
2089 0.01393736402717054
2090 0.01393137268526426
2091 0.01392557415811513
2092 0.01391969218031348
2093 0.01391373734644115
2094 0.01390807406283538
2095 0.0139022346657841
2096 0.01389613539566211
2097 0.01388999144940578
2098 0.01388386447908472
2099 0.01387788084140335
2100 0.01387227946761565
2101 0.01386654944801157
2102 0.01386067374501905
2103 0.0138542010537222
2104 0.01384787823447445
2105 0.01384218340864158
2106 0.01383627288930459
2107 0.0138299423110034
2108 0.0138234528565898
2109 0.01381710736577021
2110 0.01381061877099798
2111 0.01380399568398036
2112 0.01379748255226256
2113 0.0137911173963896
2114 0.01378452654792665
2115 0.01377840333493562
2116 0.0137719667663054
2117 0.01376568494394151
2118 0.01375952363969233
2119 0.01375324048797867
2120 0.01374654466835577
2121 0.01373975585972439
2122 0.0137330996489663
2123 0.0137262999643039
2124 0.01371972378011063
2125 0.01371352156545905
2126 0.01370714031291302
2127 0.0137008769085117
2128 0.01369459085432644
2129 0.01368812764031767
2130 0.01368196504422681
2131 0.01367562367607296
2132 0.01366877336589923
2133 0.01366176917791258
2134 0.01365523071207559
2135 0.01364925978615304
2136 0.01364374796630201
2137 0.01363790540772923
2138 0.01363182939703161
2139 0.01362562968606228
2140 0.01361922977221138
2141 0.01361295685408928
2142 0.01360690504652518
2143 0.01360081460086002
2144 0.01359460503381112
2145 0.01358809281713413
2146 0.01358136349361839
2147 0.01357479878898542
2148 0.0135680206639692
2149 0.01356136920648578
2150 0.01355521559280127
2151 0.01354922422328369
2152 0.01354335244999765
2153 0.01353760159721418
2154 0.01353141584639211
2155 0.01352513348193052
2156 0.01351863139726158
2157 0.01351217597484501
2158 0.01350550989332671
2159 0.01349927991322775
2160 0.01349331086884315
2161 0.01348745090587634
2162 0.01348166011633948
2163 0.01347606431820608
2164 0.01347074760788134
2165 0.01346520173586746
2166 0.01345977542350045
2167 0.01345426954079458
2168 0.01344892354972426
2169 0.01344328730136138
2170 0.01343741540405465
2171 0.01343200985907261
2172 0.01342673678294901
2173 0.01342173417531417
2174 0.01341704565141671
2175 0.01341254383965743
2176 0.01340780991448182
2177 0.01340331118426001
2178 0.01339877068586542
2179 0.01339414010344276
2180 0.01338900975404003
2181 0.01338363996627507
2182 0.01337818713485355
2183 0.01337287390612537
2184 0.01336751314731436
2185 0.01336210488579654
2186 0.01335671667112988
2187 0.01335106253392658
2188 0.01334550100991309
2189 0.01333969533902851
2190 0.01333377091346346
2191 0.0133280844761628
2192 0.01332260244891386
2193 0.01331688457781495
2194 0.01331068609464653
2195 0.01330468189720308
2196 0.01329877554353378
2197 0.01329296515842308
2198 0.01328718104981457
2199 0.01328148698394351
2200 0.01327563839480559
2201 0.01326995621566796
2202 0.01326424430632098
2203 0.01325823073508414
2204 0.01325241713850093
2205 0.01324674612171326
2206 0.01324102708358175
2207 0.01323520137681049
2208 0.01322966112782804
2209 0.01322450475126706
2210 0.01321946729664136
2211 0.01321430274566305
2212 0.01320917706585587
2213 0.01320386478801599
2214 0.01319838168140035
2215 0.01319296711529509
2216 0.01318766586109435
2217 0.01318238379767759
2218 0.01317755360720682
2219 0.01317295611577756
2220 0.01316853751724973
2221 0.01316393784849245
2222 0.01315918244049659
2223 0.01315424596653187
2224 0.01314937268346566
2225 0.01314438525923528
2226 0.01313965792206755
2227 0.01313476057049448
2228 0.01312964946395374
2229 0.01312478962476021
2230 0.01312001325448906
2231 0.01311522695276641
2232 0.01311059531473801
2233 0.01310600048326116
2234 0.01310144970872352
2235 0.01309637972334359
2236 0.01309124197039892
2237 0.01308624894236947
2238 0.01308127623185625
2239 0.0130762328243424
2240 0.01307131869945021
2241 0.01306642726426541
2242 0.01306149312256748
2243 0.01305610961558622
2244 0.01305055843862252
2245 0.01304569348772557
2246 0.01304128667629199
2247 0.01303700447908385
2248 0.01303273229257347
2249 0.01302811988958087
2250 0.0130233132312415
2251 0.01301841412206242
2252 0.0130137173246901
2253 0.01300918530328502
2254 0.01300484745904799
2255 0.0130006386449856
2256 0.01299653691554373
2257 0.0129921604783383
2258 0.01298784533535717
2259 0.01298377431345593
2260 0.01297978155990326
2261 0.01297609116551883
2262 0.01297224514514304
2263 0.01296836064230107
2264 0.01296420696257128
2265 0.01295988284398159
2266 0.01295545753316337
2267 0.01295055079808265
2268 0.01294566374807132
2269 0.01294156231593073
2270 0.01293762783387631
2271 0.01293365766641008
2272 0.01292980133116428
2273 0.01292583596431678
2274 0.0129216358507028
2275 0.01291742200124987
2276 0.01291305677745533
2277 0.01290847874108855
2278 0.01290397334990324
2279 0.01289959179405774
2280 0.01289514206737975
2281 0.01289077627425528
2282 0.0128866069709405
2283 0.01288242418773034
2284 0.01287855700431851
2285 0.0128745829739908
2286 0.01287018802920624
2287 0.0128658678383091
2288 0.01286191157634787
2289 0.01285833511986853
2290 0.0128548815755128
2291 0.01285110879791415
2292 0.01284729759376
2293 0.01284351335106199
2294 0.0128396078632946
2295 0.01283598566746487
2296 0.01283297717151917
2297 0.01283009107593044
2298 0.01282670202101031
2299 0.01282307036419539
2300 0.01281931222358029
2301 0.0128156672610021
2302 0.01281210259153083
2303 0.01280851710570102
2304 0.01280508806480118
2305 0.01280162676065375
2306 0.01279773336391729
2307 0.0127941772964976
2308 0.01279123150635732
2309 0.01278816686569108
2310 0.01278513438788662
2311 0.01278200425160355
2312 0.01277869413150967
2313 0.01277532318920498
2314 0.01277174495384187
2315 0.0127679059467307
2316 0.01276400574884888
2317 0.01276042242414652
2318 0.012756881163731
2319 0.01275349848669989
2320 0.01275018766853973
2321 0.01274678863146071
2322 0.01274371138682956
2323 0.01274071686635939
2324 0.012737503074162
2325 0.0127341140459633
2326 0.01273097973293886
2327 0.01272786175423518
2328 0.01272473530563522
2329 0.0127210181638455
2330 0.01271704026484271
2331 0.01271353837952067
2332 0.01271058286624202
2333 0.01270759504252894
2334 0.01270481380728074
2335 0.01270200733055334
2336 0.01269904261190772
2337 0.0126958426167057
2338 0.01269283541720452
2339 0.01268999515386222
2340 0.01268696501392824
2341 0.01268354952353145
2342 0.01268029849064523
2343 0.01267701348811373
2344 0.01267399440260587
2345 0.01267143382778546
2346 0.01266905977037715
2347 0.01266706409622849
2348 0.01266490536614836
2349 0.01266261533532582
2350 0.01265988030796981
2351 0.01265699880522947
2352 0.01265387781326479
2353 0.01265088805865077
2354 0.01264811810605077
2355 0.01264544439701364
2356 0.0126430237466094
2357 0.01264065033368537
2358 0.01263876532663427
2359 0.01263732021234024
2360 0.01263561850286505
2361 0.01263358690262786
2362 0.01263124143027862
2363 0.01262858149743895
2364 0.01262582916910201
2365 0.01262290870122629
2366 0.01262012636369801
2367 0.01261807929473011
2368 0.01261645206769173
2369 0.01261493532269931
2370 0.01261310358483196
2371 0.01261116778032863
2372 0.01260896293319064
2373 0.01260675974174854
2374 0.01260479532960125
2375 0.01260278297111451
2376 0.01260068076046265
2377 0.01259820063737081
2378 0.01259570683370549
2379 0.01259341737721048
2380 0.01259147505560163
2381 0.01259000101905379
2382 0.01258846493354144
2383 0.01258657434322006
2384 0.01258442087126729
2385 0.01258240093331403
2386 0.01258036910559604
2387 0.01257846359688465
2388 0.01257652852264514
2389 0.01257416432594445
2390 0.01257158428659624
2391 0.0125689581029218
2392 0.01256684699043325
2393 0.01256528036558052
2394 0.01256358288235833
2395 0.0125615511731803
2396 0.01255966612488984
2397 0.01255781710168007
2398 0.01255604088651159
2399 0.01255412531783202
2400 0.01255199054526126
2401 0.01255003501717978
2402 0.01254838768704826
2403 0.01254688724448802
2404 0.01254552065363319
2405 0.01254424838787734
2406 0.01254286652405176
2407 0.01254135929376188
2408 0.01253982171766468
2409 0.01253845248543716
2410 0.0125372589579757
2411 0.01253586758417796
2412 0.01253456840316075
2413 0.01253344305186571
2414 0.01253224110602029
2415 0.01253092479520229
2416 0.01252971254790921
2417 0.01252842999710429
2418 0.01252715313742861
2419 0.01252615230346591
2420 0.0125251529611209
2421 0.01252434894216038
2422 0.01252342245646971
2423 0.01252236231125118
2424 0.01252129187146515
2425 0.01251998809895793
2426 0.0125184222790074
2427 0.01251648687439446
2428 0.01251468278415815
2429 0.01251320269009277
2430 0.01251222255151508
2431 0.01251145672755802
2432 0.0125108760901011
2433 0.01250999876976008
2434 0.01250906169026427
2435 0.01250842892885409
2436 0.01250751672265001
2437 0.01250638139909597
2438 0.01250513893798779
2439 0.01250412133781152
2440 0.01250339594470915
2441 0.01250283303206079
2442 0.01250259517676931
2443 0.01250237631371553
2444 0.01250182376142305
2445 0.01250104559707813
2446 0.01250051035682338
2447 0.01249992194049428
2448 0.01249950651127112
2449 0.01249922061024548
2450 0.01249879815578139
2451 0.01249825297582044
2452 0.01249763064228491
2453 0.01249679972215062
2454 0.01249583186240294
2455 0.01249534991224935
2456 0.01249492511690021
2457 0.01249453334230107
2458 0.01249390156838373
2459 0.01249349877904551
2460 0.01249306430437293
2461 0.0124926777204721
2462 0.01249211862200732
2463 0.0124912582760838
2464 0.0124903673906837
2465 0.01248949789931383
2466 0.01248845883457981
2467 0.01248765308924902
2468 0.0124874061508702
2469 0.01248734503978428
2470 0.0124873303866888
2471 0.01248714794140131
2472 0.01248700636418969
2473 0.01248663498504436
2474 0.01248572838136106
2475 0.01248460098785307
2476 0.01248384248063292
2477 0.01248362927419941
2478 0.01248359065382883
2479 0.01248390189893637
2480 0.01248401848068588
2481 0.01248407374153117
2482 0.01248425690769272
2483 0.0124841609857157
2484 0.01248406222521654
2485 0.01248420084526344
2486 0.01248421428951655
2487 0.01248407512290185
2488 0.01248383989053157
2489 0.01248371209717096
2490 0.01248359221899151
2491 0.01248387991728116
2492 0.01248391035016669
2493 0.01248379547812189
2494 0.0124835503953762
2495 0.01248329697371539
2496 0.01248339502311652
2497 0.01248394241235464
2498 0.01248437078074186
2499 0.01248436292379736
2500 0.01248413225831928
2501 0.01248371363241878
2502 0.01248370407449484
2503 0.01248387838482858
2504 0.012484113941432
2505 0.01248448229027417
2506 0.0124850170439681
2507 0.01248526848406726
2508 0.01248568883415999
2509 0.01248630158468415
2510 0.01248685756535139
2511 0.01248739354757869
2512 0.01248779991799399
2513 0.01248806294120517
2514 0.01248833062287151
2515 0.01248861025542454
2516 0.01248937836122217
2517 0.01249031123590262
2518 0.01249113033742582
2519 0.01249183411067014
2520 0.01249274112038708
2521 0.01249379080094961
2522 0.01249453876957245
2523 0.01249497731582574
2524 0.01249547835501905
2525 0.01249628616973517
2526 0.01249725492448798
2527 0.01249830257704249
2528 0.0124994079872504
2529 0.01250044448841063
2530 0.01250133301130707
2531 0.01250182980571596
2532 0.01250232702485234
2533 0.01250334641160313
2534 0.01250415750297279
2535 0.0125049234661836
2536 0.01250577342040989
2537 0.01250626099866216
2538 0.01250667600923176
2539 0.01250720301862946
2540 0.01250825528924269
2541 0.0125090240088458
2542 0.01251026237401588
2543 0.01251165427653004
2544 0.01251303791132513
2545 0.01251394538022149
2546 0.01251486229640712
2547 0.01251558880845475
2548 0.01251613923539978
2549 0.01251668210535127
2550 0.01251705723225394
2551 0.01251769930654331
2552 0.01251844789591402
2553 0.01251969083245617
2554 0.01252135046782361
2555 0.01252256634426756
2556 0.0125233267126114
2557 0.01252399834075961
2558 0.01252449721427846
2559 0.01252545393353601
2560 0.01252670371768471
2561 0.01252838865496743
2562 0.01252935199085578
2563 0.01253069064754397
2564 0.01253193385320932
2565 0.01253323527925193
2566 0.01253419518825376
2567 0.01253513915748997
2568 0.01253602054687121
2569 0.01253705786321077
2570 0.01253820888802358
2571 0.01253911552630235
2572 0.01254018402596869
2573 0.01254173456218775
2574 0.01254323150573794
2575 0.01254473350622066
2576 0.01254577161191135
2577 0.01254689839482561
2578 0.01254847729515058
2579 0.01254984900870769
2580 0.01255147864401423
2581 0.01255263346273041
2582 0.01255399740327152
2583 0.01255562009094317
2584 0.01255775319864963
2585 0.01255935617394133
2586 0.01256054021084129
2587 0.01256131547562624
2588 0.01256173359133322
2589 0.01256260041322243
2590 0.01256411881519249
2591 0.01256625801218581
2592 0.0125685152478095
2593 0.01257024282195525
2594 0.01257195395880697
2595 0.01257318609369904
2596 0.01257470822289039
2597 0.01257612120329268
2598 0.01257755669668108
2599 0.01257876616913513
2600 0.01257980388016555
2601 0.01258099854116472
2602 0.01258183087916706
2603 0.01258342033464712
2604 0.01258506632400121
2605 0.01258647083584638
2606 0.01258827022947623
2607 0.01259029441569533
2608 0.01259225496450604
2609 0.01259421799360615
2610 0.01259620493229093
2611 0.01259744115591361
2612 0.01259860551711893
2613 0.01259992522439431
2614 0.01260149740984499
2615 0.01260327069580325
2616 0.01260516029514002
2617 0.01260702295977323
2618 0.01260875818364875
2619 0.0126106599053231
2620 0.01261270572346554
2621 0.01261529695136024
2622 0.01261720096954328
2623 0.01261927293263134
2624 0.01262052055109015
2625 0.01262206359757352
2626 0.01262420427222005
2627 0.01262643002990022
2628 0.01262852728621957
2629 0.01263052184089098
2630 0.01263213850024459
2631 0.01263352921618115
2632 0.01263566869436174
2633 0.01263790392513845
2634 0.01264007581382776
2635 0.0126426290995524
2636 0.01264481769725362
2637 0.01264668989960425
2638 0.0126483199114023
2639 0.01265024888082389
2640 0.01265221836034562
2641 0.01265395728300018
2642 0.01265581320032636
2643 0.01265787932855035
2644 0.01265987021842885
2645 0.01266263169296567
2646 0.01266476649112032
2647 0.01266714169825006
2648 0.01266884886533481
2649 0.01267035899415723
2650 0.01267211678555032
2651 0.01267359989793993
2652 0.012675288416634
2653 0.01267736941925211
2654 0.01267984032139083
2655 0.01268240944457816
2656 0.01268474786812039
2657 0.01268685183014145
2658 0.01268867285646842
2659 0.01269068435331331
2660 0.01269214804307861
2661 0.01269387632854987
2662 0.01269618112844342
2663 0.01269861398742361
2664 0.01270109201422033
2665 0.01270329229794292
2666 0.01270507665566219
2667 0.01270672424371228
2668 0.01270926049425801
2669 0.01271161290929224
2670 0.01271390678958377
2671 0.01271665918254387
2672 0.01271906051939744
2673 0.01272103570445148
2674 0.01272282060160992
2675 0.01272455650047559
2676 0.01272630787451856
2677 0.01272834433887086
2678 0.01273016089307073
2679 0.01273225623233459
2680 0.01273462972921958
2681 0.01273756149716668
2682 0.01273980861861653
2683 0.01274174138709658
2684 0.01274395068000353
2685 0.0127456225676034
2686 0.0127474210046453
2687 0.01274938406810403
2688 0.01275154605156892
2689 0.01275375811724341
2690 0.01275601322056271
2691 0.01275838768904568
2692 0.01276125456690993
2693 0.01276338054130331
2694 0.01276578214417427
2695 0.01276739890144728
2696 0.01276940075102761
2697 0.01277169651067772
2698 0.01277385378131125
2699 0.01277663634439857
2700 0.01277866896908232
2701 0.01278073477802252
2702 0.01278298227966847
2703 0.01278538238792584
2704 0.01278775665852545
2705 0.01279072071041496
2706 0.01279312110035281
2707 0.01279597880502199
2708 0.01279828935655351
2709 0.01280078649544128
2710 0.01280291480648818
2711 0.01280503974431011
2712 0.01280741683007564
2713 0.01281018975433233
2714 0.01281231614472693
2715 0.01281419528250102
2716 0.01281674308288321
2717 0.01281895248257483
2718 0.01282151962280068
2719 0.01282361537318401
2720 0.01282610377705296
2721 0.0128288884501009
2722 0.01283140450344243
2723 0.01283364919299167
2724 0.0128360363823151
2725 0.0128377258658522
2726 0.01283991590178273
2727 0.01284224947486235
2728 0.0128453509962216
2729 0.01284767564730715
2730 0.01285008715065825
2731 0.0128526082659159
2732 0.01285543619065649
2733 0.01285830821087696
2734 0.01286097567811636
2735 0.01286293194179991
2736 0.01286490362019059
2737 0.01286688766968389
2738 0.01286968597701855
2739 0.01287214262427102
2740 0.01287495572918987
2741 0.01287806737151096
2742 0.01288046858520173
2743 0.01288321427526947
2744 0.01288570867359557
2745 0.01288844825449622
2746 0.01289112464946839
2747 0.01289344647261161
2748 0.01289533235089815
2749 0.01289720075305155
2750 0.01289927022287417
2751 0.01290154651245245
2752 0.01290400775506936
2753 0.01290611325027692
2754 0.01290837122283265
2755 0.01291095357547934
2756 0.01291355099155833
2757 0.01291613879672768
2758 0.01291849940337302
2759 0.01292075887722939
2760 0.0129229635037377
2761 0.01292507181171773
2762 0.01292698755207577
2763 0.01292933780366114
2764 0.01293213485017888
2765 0.01293494207336248
2766 0.01293767149764996
2767 0.01294046111924483
2768 0.01294312255790781
2769 0.01294535757615542
2770 0.01294744424857253
2771 0.01294950211198476
2772 0.01295180405062543
2773 0.01295431871095394
2774 0.01295672949241561
2775 0.01295897433609392
2776 0.01296129032233706
2777 0.01296361634593128
2778 0.01296624696945626
2779 0.01296893989309047
2780 0.01297191556202018
2781 0.01297460119556998
2782 0.01297710089367382
2783 0.01297942330544377
2784 0.01298191641530273
2785 0.0129841480157605
2786 0.01298591563640547
2787 0.01298770781904116
2788 0.01298974152194277
2789 0.01299234063739286
2790 0.01299563710912885
2791 0.01299888178317152
2792 0.01300167129889764
2793 0.01300425409759372
2794 0.01300715254840981
2795 0.01300929757361394
2796 0.01301226596420142
2797 0.01301457301563833
2798 0.01301681541515415
2799 0.01301942874769452
2800 0.01302186851954884
2801 0.0130240800524063
2802 0.01302627761442417
2803 0.01302827778784044
2804 0.01303032015806206
2805 0.01303249719571579
2806 0.01303534685350024
2807 0.01303839518244797
2808 0.01304125655898773
2809 0.0130436882350498
2810 0.01304627176895333
2811 0.01304873393348842
2812 0.01305093765064752
2813 0.01305316600623606
2814 0.01305519178803066
2815 0.01305741497617231
2816 0.01305997363434614
2817 0.01306276253260167
2818 0.01306528567035587
2819 0.01306777688883993
2820 0.01307009024005829
2821 0.01307222582408824
2822 0.0130745269438987
2823 0.01307724397615717
2824 0.01307961611368763
2825 0.0130823531516386
2826 0.01308549817219073
2827 0.01308855569515106
2828 0.01309132329509547
2829 0.01309396847092463
2830 0.01309626453922597
2831 0.01309897159127324
2832 0.01310107095995972
2833 0.01310326495684043
2834 0.01310517107173715
2835 0.01310794529595183
2836 0.01311004175584245
2837 0.01311250923065019
2838 0.01311462648330808
2839 0.01311640016491528
2840 0.01311811365638665
2841 0.01312062851052389
2842 0.01312291299824874
2843 0.01312547853372584
2844 0.0131280801505297
2845 0.01313042835862277
2846 0.01313270425787967
2847 0.01313503292815342
2848 0.01313750501042916
2849 0.01313993587575214
2850 0.01314235046992278
2851 0.01314447528447177
2852 0.01314638541938065
2853 0.01314817451214594
2854 0.01315041835874636
2855 0.0131531438749146
2856 0.01315599383378335
2857 0.0131587131968624
2858 0.01316115713808665
2859 0.01316362877642237
2860 0.01316625489969086
2861 0.01316879880999141
2862 0.0131710472926412
2863 0.01317298768721736
2864 0.01317476401359685
2865 0.01317648571545059
2866 0.0131786016410776
2867 0.01318110118756438
2868 0.01318361053872462
2869 0.01318583220565987
2870 0.01318781182255785
2871 0.01318965985820798
2872 0.01319175026626667
2873 0.01319423030418713
2874 0.0131968855771477
2875 0.01319941956076409
2876 0.01320162715259167
2877 0.01320337434793509
2878 0.01320507124296591
2879 0.01320685141496026
2880 0.01320863554275783
2881 0.01321087411257126
2882 0.01321346873760715
2883 0.01321601337768742
2884 0.01321848732721332
2885 0.01322100499552161
2886 0.0132234122341859
2887 0.01322567402186208
2888 0.0132275991196254
2889 0.013229340779541
2890 0.01323117115964146
2891 0.01323326205990327
2892 0.01323559861526484
2893 0.0132381203370086
2894 0.01324054418937141
2895 0.01324295135953695
2896 0.01324538057907468
2897 0.0132476680256246
2898 0.01324951862604937
2899 0.01325166556909523
2900 0.01325426588287995
2901 0.01325676184935895
2902 0.01325904665181497
2903 0.01326105645501337
2904 0.01326297638672414
2905 0.01326521133909501
2906 0.01326752510125148
2907 0.01326984678533272
2908 0.01327199167129925
2909 0.01327379216506888
2910 0.01327568536943271
2911 0.01327791562504635
2912 0.01328004447191115
2913 0.01328246706252618
2914 0.01328480369589701
2915 0.01328717600964231
2916 0.01328940769565149
2917 0.01329120175748183
2918 0.01329303000552192
2919 0.0132951831134637
2920 0.0132973765267352
2921 0.01329972265560446
2922 0.01330199200952447
2923 0.01330375180206623
2924 0.01330580920361181
2925 0.01330776902724361
2926 0.01330984587989129
2927 0.01331193556886765
2928 0.01331420984601572
2929 0.01331626970750536
2930 0.01331816502207926
2931 0.01331990903540586
2932 0.01332160162560209
2933 0.01332352925272827
2934 0.01332545940933587
2935 0.01332753465829448
2936 0.01332982460826537
2937 0.01333198465718429
2938 0.01333435658424901
2939 0.01333706418170588
2940 0.01333946011332095
2941 0.01334138748443733
2942 0.01334312077113859
2943 0.01334461342194286
2944 0.01334613759405064
2945 0.01334805867407585
2946 0.01335039976538588
2947 0.0133526816660808
2948 0.0133547832729138
2949 0.0133568821435833
2950 0.01335907303573193
2951 0.01336104626116284
2952 0.01336280460091347
2953 0.01336444127891386
2954 0.01336614407435795
2955 0.01336766655293548
2956 0.01336934525098684
2957 0.01337153085674419
2958 0.01337367080628459
2959 0.01337568184034919
2960 0.01337739372207489
2961 0.01337914509192293
2962 0.01338127700013906
2963 0.01338335422776119
2964 0.01338517810796802
2965 0.01338680072240221
2966 0.01338827357102366
2967 0.01338981485262309
2968 0.01339138593095424
2969 0.01339317480137762
2970 0.01339530391955001
2971 0.01339776151912447
2972 0.01339977149694858
2973 0.01340187012574871
2974 0.01340403755857602
2975 0.01340617914381882
2976 0.01340803600681812
2977 0.01340949662367372
2978 0.01341072757893576
2979 0.01341184839423254
2980 0.01341323216716272
2981 0.01341494674481311
2982 0.01341645457976399
2983 0.01341842278580839
2984 0.01342090184430648
2985 0.01342285739931928
2986 0.01342484052256423
2987 0.01342696366468516
2988 0.01342883241874855
2989 0.01343035618796108
2990 0.01343166201829813
2991 0.01343296385159293
2992 0.01343448038325771
2993 0.01343602391412812
2994 0.0134377930597737
2995 0.01343982601218676
2996 0.01344183286925352
2997 0.01344357446260397
2998 0.01344529702626869
2999 0.01344683421432708
3000 0.01344839314919336
