"drag-rfile_4412"
"Iteration" "drag"
("Iteration" "drag")
1 0.6066277710338073
2 0.4278037616558023
3 0.2485937431318462
4 0.1450520229383575
5 0.09116828418878491
6 0.06456695740283094
7 0.053294385950658
8 0.05397362790528586
9 0.06485577504466566
10 0.08459317810242102
11 0.1115252831469805
12 0.1404460169175835
13 0.1670208777690147
14 0.186081627629738
15 0.1955943944982633
16 0.1955925566262987
17 0.1881471830897946
18 0.1755991315216232
19 0.1591192885684989
20 0.1401756634895245
21 0.1197244121524319
22 0.09803100125778695
23 0.07713766713278797
24 0.06044221328206711
25 0.05128180276641679
26 0.04901144129438292
27 0.04755763645991933
28 0.04526103316774228
29 0.04294406269180665
30 0.04070780007736499
31 0.03788460768631924
32 0.03535705815971288
33 0.03319856886508484
34 0.03146373402066471
35 0.03055837888040407
36 0.02988986121456109
37 0.02914635385185337
38 0.0278789784404543
39 0.025837813967143
40 0.02358367616567008
41 0.02194797189989209
42 0.02078368701143545
43 0.02001382115666936
44 0.01940023335613597
45 0.01884493753343373
46 0.01844339531365162
47 0.01802503106475232
48 0.01753442727098309
49 0.01707392607218008
50 0.01661402476885487
51 0.01619025689182686
52 0.01579302909594062
53 0.01544129094784254
54 0.0151341051221757
55 0.0148689732938126
56 0.01464663970472048
57 0.01446503800266823
58 0.01431997435360437
59 0.01420795135115599
60 0.01412152869868835
61 0.01405741806189522
62 0.01401629245132611
63 0.01398509408886798
64 0.01395573400850498
65 0.0139334626526218
66 0.01391291854833118
67 0.01389666892421464
68 0.01388192013861341
69 0.01386855257556436
70 0.01385584541106577
71 0.01384594601440963
72 0.01383534748722656
73 0.01382609052803828
74 0.01381628470183454
75 0.01380837720229118
76 0.01380057079248022
77 0.01379468598073028
78 0.01378938373245017
79 0.01378544621764531
80 0.01378163922979542
81 0.0137794049949449
82 0.01377590364911082
83 0.01377465681082465
84 0.01377215115972831
85 0.01377146410883686
86 0.0137701285275394
87 0.01376997272973924
88 0.01376804831158185
89 0.0137688813857673
90 0.01376768228231018
91 0.01376798581562493
92 0.01376726157609775
93 0.01376755825152496
94 0.01376732577462432
95 0.01376811894687379
96 0.01376695523926425
97 0.01376751642768069
98 0.01376697029992847
99 0.01376808875335827
100 0.01376753810915821
101 0.01376897507389651
102 0.01376872656097682
103 0.01376916675551186
104 0.01376917364736313
105 0.01376888458831529
106 0.01376884994485182
107 0.01376933984212778
108 0.01376928176204216
109 0.01377005109239846
110 0.013769679163574
111 0.01376948146435076
112 0.01376953363441466
113 0.01376970284351874
114 0.01376921871674639
115 0.01376993012371904
116 0.01376943158861852
117 0.01377016540648517
118 0.01376959633821056
119 0.01377054561449601
120 0.01376956082184286
121 0.01376968122225585
122 0.01376944599226429
123 0.0137693075896999
124 0.01376997984779928
125 0.01377020741133315
126 0.01376988461638323
127 0.013769946739363
128 0.01376958670663083
129 0.01376930276640119
130 0.01376973376780134
131 0.01376860217313808
132 0.01376899631556521
133 0.01376957083288756
134 0.01376975576987088
135 0.01376958402742532
136 0.01377013106575353
137 0.01376969707257596
138 0.01376957067119033
139 0.01376928523172746
140 0.01377025725870835
141 0.0137698668869383
142 0.01377025144609228
143 0.01376987124765635
144 0.01377040654428248
145 0.01376933672649782
146 0.01377019789672225
147 0.01376972264827489
148 0.01377064576130052
149 0.01377000826477534
150 0.01377055780223884
151 0.01377027219443336
152 0.01377101980656469
153 0.01377020872985306
154 0.01377023273684138
155 0.01376971089705942
156 0.0137700015979584
157 0.0137697395838054
158 0.01377045525150918
159 0.0137704739530608
160 0.01377089222855736
161 0.01377016685148939
162 0.01377054934716489
163 0.01376992027953743
164 0.01377041727686308
165 0.01377022336688756
166 0.01377050317567097
167 0.01377024024131936
168 0.01377096664022505
169 0.01377053127540068
170 0.01377080935715248
171 0.01377044967719998
172 0.01377043422380704
173 0.01377010553690568
174 0.01377090528763432
175 0.01377068326591649
176 0.01377087482854149
177 0.01377057672139665
178 0.01377105812830661
179 0.01377008847583365
180 0.01377102408926997
181 0.01377004353768408
182 0.01377092321096399
183 0.01377102044756923
184 0.01377127421626485
185 0.01377032339487513
186 0.01377061284409995
187 0.01377052096797226
188 0.01377145965495543
189 0.01377086762328892
190 0.01377146259486083
191 0.01377129523324613
192 0.01377131623373541
193 0.01377043788696035
194 0.01377084123455166
195 0.01377011111348351
196 0.01377128159974659
197 0.0137704816559927
198 0.01377163398933212
199 0.01377084929275029
200 0.0137715054611345
201 0.01377068559800721
202 0.0137714387462948
203 0.01376987806059852
204 0.01377157291003938
205 0.01377132699284963
206 0.01377188961502997
207 0.01377130355936199
208 0.01377189502691401
209 0.01377041855153791
210 0.01377042671654749
211 0.0137706909625109
212 0.01377190059973943
213 0.01377109144046233
214 0.01377211211663828
215 0.01377109122292634
216 0.01377172218146614
217 0.01377088549008256
218 0.01377140427800204
219 0.01377113897376544
220 0.01377096052795507
221 0.01377070623307927
222 0.01377206272680561
223 0.01377156076615001
224 0.01377200492394565
225 0.01377136839719561
226 0.01377143902388624
227 0.01377079459139063
228 0.01377170036294784
229 0.01377099777978219
230 0.0137716088395746
231 0.01377131220736696
232 0.01377227366362618
233 0.01377126047257385
234 0.01377208474005057
235 0.0137712600423305
236 0.01377112691302462
237 0.0137710747205204
238 0.01377224325531889
239 0.01377135962492825
240 0.01377231914994422
241 0.01377156205565326
242 0.0137718328908756
243 0.01377107513070113
244 0.01377181867663624
245 0.01377125034922136
246 0.01377141436886945
247 0.01377166076361707
248 0.01377250457840131
249 0.01377151251726283
250 0.01377226582338301
251 0.01377107138627292
252 0.0137716283230818
253 0.01377086649803043
254 0.01377261022722866
255 0.01377155982541515
256 0.01377211347843092
257 0.01377177425315396
258 0.01377256387772816
259 0.01377120683725895
260 0.01377215076832043
261 0.01377153910303755
262 0.01377257533157379
263 0.01377160416052617
264 0.01377256689744012
265 0.01377143191547816
266 0.01377189087506191
267 0.013770709827791
268 0.01377201766127289
269 0.01377203284632991
270 0.01377272329953108
271 0.01377187624711162
272 0.01377263833532582
273 0.01377125023692617
274 0.01377201543621527
275 0.01377160409275936
276 0.01377218881608009
277 0.01377162528561074
278 0.01377266846378965
279 0.01377158133608454
280 0.01377251928333565
281 0.01377187979963552
282 0.01377227603000395
283 0.01377135048631591
284 0.0137724715965019
285 0.01377170634682329
286 0.01377258802972133
287 0.01377178438969139
288 0.01377309800300549
289 0.01377215929655986
290 0.01377227393541943
291 0.01377214489406413
292 0.01377208543920838
293 0.01377174198331928
294 0.0137725529776329
295 0.01377170439434985
296 0.01377234311947635
297 0.0137719063052518
298 0.01377233820638166
299 0.0137718875689121
300 0.01377259696928357
301 0.01377146843357993
302 0.01377280588480879
303 0.01377265327326851
304 0.01377260670582151
305 0.01377243164750496
306 0.01377220169185408
307 0.01377179748494926
308 0.01377280039260185
309 0.01377210647926343
310 0.01377210328764083
311 0.01377259476421162
312 0.0137728156178876
313 0.013771968457337
314 0.01377245756981556
315 0.01377191005654753
316 0.01377245694196476
317 0.01377219420043195
318 0.01377251765066984
319 0.01377209166594889
320 0.01377287227483578
321 0.01377162415333022
322 0.01377279382264512
323 0.01377226865058194
324 0.01377306981542611
325 0.01377244556679576
326 0.01377326261389036
327 0.01377205328197323
328 0.01377247116104009
329 0.01377168101611888
330 0.01377224433459117
331 0.01377216586769469
332 0.01377305708093273
333 0.01377284786613309
334 0.01377293655788646
335 0.01377264930456392
336 0.01377289643797995
337 0.01377183085592072
338 0.01377245088751362
339 0.01377229998257776
340 0.0137726882566644
341 0.0137723512620589
342 0.01377302164322453
343 0.01377210165464338
344 0.01377306059508971
345 0.013772029673616
346 0.01377249738498987
347 0.01377245126496368
348 0.01377285243648989
349 0.01377253894262085
350 0.01377283519588777
351 0.01377227199849517
352 0.01377340712396716
353 0.01377266561571668
354 0.01377300305206495
355 0.01377275146081681
356 0.0137727432415658
357 0.01377230089301693
358 0.01377285382354432
359 0.0137720093288092
360 0.01377253762625884
361 0.01377243516366573
362 0.01377324092846723
363 0.01377246546450507
364 0.01377336434021678
365 0.01377261706500594
366 0.0137728738680787
367 0.01377240387048952
368 0.01377292266774435
369 0.01377229110927911
370 0.01377295824519183
371 0.01377241919980205
372 0.0137733047130013
373 0.01377196852617356
374 0.0137731491718771
375 0.01377295695999777
376 0.01377358349099005
377 0.01377275185939035
378 0.01377308795069691
379 0.01377164940063212
380 0.01377262756821346
381 0.01377274523916805
382 0.01377335989882231
383 0.01377297184811029
384 0.01377357114320106
385 0.01377208319710436
386 0.01377310680302521
387 0.01377258919475892
388 0.01377299634315496
389 0.01377227840844983
390 0.01377315588899656
391 0.01377290193360703
392 0.01377304386434809
393 0.01377251451838071
394 0.01377363030512995
395 0.01377243557939981
396 0.01377349270063952
397 0.01377258126239541
398 0.01377340155289611
399 0.01377217470426115
400 0.01377326254224711
401 0.01377213558534334
402 0.01377305882587656
403 0.01377282902506752
404 0.01377385456570345
405 0.01377268133791825
406 0.01377348255267479
407 0.01377259398728251
408 0.01377332538209968
409 0.01377270967702384
410 0.01377279899101716
411 0.01377267613932946
412 0.01377339904344749
413 0.01377220805855111
414 0.01377350060166005
415 0.0137734124450173
416 0.01377352960352801
417 0.01377296247613342
418 0.01377333259335178
419 0.01377188980097473
420 0.01377296540143788
421 0.01377311859922238
422 0.01377343705315723
423 0.01377311832546437
424 0.01377362132386707
425 0.0137723845871519
426 0.01377327997829411
427 0.01377235937595042
428 0.01377339043609609
429 0.01377293372920862
430 0.01377400629243784
431 0.01377293450501245
432 0.01377371193074481
433 0.01377240593852415
434 0.01377294340487661
435 0.01377207501458499
436 0.01377332731173147
437 0.01377339620613703
438 0.01377381480124303
439 0.01377272469795208
440 0.01377350613951345
441 0.01377271315062702
442 0.01377318513703619
443 0.0137728188217425
444 0.01377361234057407
445 0.01377308805139452
446 0.01377341522746576
447 0.01377285486901784
448 0.01377332465134698
449 0.01377295334030839
450 0.01377326292480655
451 0.01377293005665212
452 0.01377302538012235
453 0.01377335607464751
454 0.01377371200119234
455 0.01377295737947364
456 0.01377390261029004
457 0.01377311169483017
458 0.01377332535022137
459 0.01377298743191667
460 0.01377387356691004
461 0.01377270271049617
462 0.01377351526754522
463 0.01377260603475778
464 0.01377278990925655
465 0.01377348727652642
466 0.01377412099886844
467 0.01377293992131728
468 0.01377358425440615
469 0.01377289439343428
470 0.01377356610720299
471 0.01377259867584999
472 0.01377320686606491
473 0.0137730606693994
474 0.01377359025709723
475 0.01377335439090196
476 0.01377397593426294
477 0.0137729419522364
478 0.01377322262125241
479 0.01377274996735442
480 0.01377344396318054
481 0.01377325392235852
482 0.01377359813530341
483 0.01377276834191553
484 0.01377396537533914
485 0.01377341681589005
486 0.01377364070630778
487 0.01377307129250654
488 0.01377418110340947
489 0.01377287364167664
490 0.01377335262205148
491 0.0137730555341083
492 0.01377315880093533
493 0.0137727638214399
494 0.01377401899579513
495 0.01377341888592945
496 0.01377324496905404
497 0.01377314574599123
498 0.01377371512531361
499 0.01377287528716568
500 0.01377398962384749
501 0.01377302216595733
502 0.0137740351691486
503 0.01377334456194114
504 0.01377395999007649
505 0.01377320895323325
506 0.0137731519404001
507 0.01377232690595645
508 0.01377343100256838
509 0.01377354763190774
510 0.01377387125509139
511 0.01377329660090133
512 0.01377381133576051
513 0.01377273165239703
514 0.01377328912391056
515 0.01377309330396514
516 0.01377415564433986
517 0.01377359647372682
518 0.01377436830451854
519 0.01377317704676324
520 0.01377299333491625
521 0.01377317183741315
522 0.01377347836194226
523 0.01377272223296148
524 0.01377386665317904
525 0.01377367319892895
526 0.01377417094786648
527 0.01377329992607048
528 0.01377377648994756
529 0.01377321694343522
530 0.01377373839811672
531 0.01377260467067812
532 0.01377367472731594
533 0.01377300014919411
534 0.01377414343276493
535 0.01377368408950368
536 0.01377405001847322
537 0.01377307764058903
538 0.01377365166665406
539 0.01377249474650964
540 0.01377400637218077
541 0.013773537953274
542 0.01377331981529034
543 0.0137734999933858
544 0.0137741442820093
545 0.01377332360476835
546 0.01377388357690838
547 0.01377320364591921
548 0.01377285313049517
549 0.01377307452188244
550 0.01377433666845429
551 0.01377386815532542
552 0.01377410495878599
553 0.0137735016305005
554 0.01377348312564661
555 0.01377283610898975
556 0.0137738570997144
557 0.01377302674347466
558 0.01377402570112624
559 0.01377359527806259
560 0.0137737390622532
561 0.01377302159377238
562 0.01377384418299702
563 0.01377293066809813
564 0.01377398475029035
565 0.0137738168257253
566 0.01377393150931535
567 0.01377383080742294
568 0.01377451219627778
569 0.01377315716029723
570 0.01377368463187672
571 0.01377317176119805
572 0.01377359876532888
573 0.01377257701480864
574 0.0137739927885571
575 0.01377376045788955
576 0.01377404867707744
577 0.01377340365010386
578 0.01377367341765077
579 0.0137730426294952
580 0.01377405531924157
581 0.01377349112112345
582 0.01377403071311105
583 0.01377350712774986
584 0.0137735708261345
585 0.01377318711465875
586 0.01377389157608805
587 0.01377350949412445
588 0.01377428352463824
589 0.01377365502994856
590 0.01377430421055043
591 0.01377355097910371
592 0.01377380665565984
593 0.01377284385105613
594 0.01377319103006634
595 0.01377321471839825
596 0.013774401490413
597 0.01377329937376759
598 0.01377422006300491
599 0.01377373240193502
600 0.01377344149001526
601 0.01377324204427641
602 0.01377428228092309
603 0.01377325582876502
604 0.01377438140516043
605 0.01377408095764108
606 0.0137737182800484
607 0.01377303369481929
608 0.01377447644810995
609 0.01377297924247368
610 0.0137740045915582
611 0.01377314944281329
612 0.01377384946842193
613 0.01377331593414671
614 0.01377439795461541
615 0.01377366802857467
616 0.01377365893034982
617 0.01377325399456674
618 0.01377374952923792
619 0.01377337243971944
620 0.01377417925551739
621 0.01377410731101665
622 0.01377418405184849
623 0.0137735565708238
624 0.01377414224563783
625 0.01377326188748046
626 0.01377376397896803
627 0.01377339844228958
628 0.01377408215668886
629 0.01377402149085617
630 0.01377431038065266
631 0.01377307307276607
632 0.01377372242788646
633 0.01377321877669733
634 0.01377376878160939
635 0.01377349931383376
636 0.01377406870491994
637 0.01377363569243577
638 0.01377444786765674
639 0.01377363999199631
640 0.01377388122467492
641 0.01377369646188797
642 0.01377360183718769
643 0.01377366815218165
644 0.01377426361121745
645 0.01377374083221823
646 0.01377383082215074
647 0.01377324680263324
648 0.01377436041008643
649 0.01377343098366569
650 0.01377404071847421
651 0.01377364012011511
652 0.01377391696387815
653 0.01377344428881111
654 0.01377419974059835
655 0.0137729058569935
656 0.01377439644199863
657 0.01377364156729683
658 0.01377407036739012
659 0.01377341903569796
660 0.01377462775609888
661 0.01377395806285558
662 0.01377408375315689
663 0.01377370897160507
664 0.01377362213387979
665 0.01377282443808237
666 0.01377389176863978
667 0.01377391342369858
668 0.0137743151773369
669 0.01377384373727998
670 0.01377424865550249
671 0.01377338498258426
672 0.01377408602222257
673 0.01377355487379311
674 0.01377305915994983
675 0.01377367482365829
676 0.01377448012039922
677 0.01377412713994969
678 0.0137746158165806
679 0.01377351206912176
680 0.01377368999743262
681 0.01377301682591284
682 0.01377406560030038
683 0.0137736691642982
684 0.01377405723961577
685 0.01377400059752799
686 0.01377420592810846
687 0.0137738876566105
688 0.01377452961194811
689 0.01377306940152704
690 0.01377414661372953
691 0.01377369282384163
692 0.01377355674669764
693 0.01377332107481941
694 0.01377481236214073
695 0.01377389851397588
696 0.01377436376470973
697 0.0137732179060922
698 0.01377400141407185
699 0.01377370621120846
700 0.01377385030250503
701 0.01377401692451379
702 0.01377374381282659
703 0.01377375824303778
704 0.01377458459436153
705 0.01377372456745656
706 0.01377437594587141
707 0.01377315239544046
708 0.01377382161294939
709 0.01377372843730987
710 0.01377433489378117
711 0.01377384593857395
712 0.01377458985732113
713 0.01377347860145975
714 0.01377390786441259
715 0.01377319332370322
716 0.0137743924148289
717 0.01377381577063653
718 0.01377424106244151
719 0.01377380427527055
720 0.01377404246902945
721 0.01377347091774421
722 0.01377389043453696
723 0.01377364190995888
724 0.01377456098272401
725 0.01377422002584094
726 0.01377446260803404
727 0.01377425879585947
728 0.0137738730728043
729 0.01377351452411129
730 0.01377376635669372
731 0.0137729468298601
732 0.01377387621667112
733 0.01377418863544604
734 0.01377483603332595
735 0.01377391380642489
736 0.01377440794916553
737 0.01377331699344733
738 0.01377384351136031
739 0.01377356015370215
740 0.01377426610847487
741 0.01377417731630459
742 0.0137740116920057
743 0.01377376910393856
744 0.01377427226570905
745 0.01377324548365313
746 0.01377385553455914
747 0.01377382136475341
748 0.01377462436550281
749 0.01377413998253126
750 0.01377456302894573
751 0.01377387191240919
752 0.01377455261943065
753 0.01377321200777168
754 0.0137732378809722
755 0.01377308923217368
756 0.01377442721717249
757 0.01377415271203555
758 0.01377482749204899
759 0.01377420820828203
760 0.01377426933098504
761 0.01377352124149306
762 0.01377369755476039
763 0.01377375098910992
764 0.01377423662928035
765 0.01377346878556833
766 0.01377441595792682
767 0.01377402491149272
768 0.0137746507257821
769 0.01377398229147835
770 0.01377400642077786
771 0.01377314537155852
772 0.01377394863256491
773 0.01377377888589514
774 0.01377474347829439
775 0.01377358455554428
776 0.01377466870937878
777 0.01377385830711019
778 0.01377402049235678
779 0.01377355582360029
780 0.01377452629815485
781 0.01377394151897237
782 0.01377452500084807
783 0.0137739197095071
784 0.01377355119303101
785 0.01377333577029071
786 0.01377420999699815
787 0.01377408032303723
788 0.01377465597074712
789 0.01377400713335599
790 0.01377447058600938
791 0.013773695589804
792 0.01377429782367582
793 0.01377343677125255
794 0.01377375717034167
795 0.01377375979793417
796 0.01377425050747459
797 0.01377406864895924
798 0.0137748835033792
799 0.01377357786961676
800 0.01377434225842117
801 0.01377313101757617
802 0.01377421620240229
803 0.0137740442610832
804 0.01377466201815897
805 0.01377436113475759
806 0.01377469612347708
807 0.01377327719168552
808 0.01377385354543293
809 0.01377367582560624
810 0.01377411891821545
811 0.01377374908141735
812 0.01377470031976232
813 0.01377395833029066
814 0.0137747724250289
815 0.01377367499959001
816 0.01377422538475677
817 0.01377295520305378
818 0.01377418063914613
819 0.01377385602059876
820 0.01377505014565759
821 0.01377432333741649
822 0.01377421954414866
823 0.01377327917986572
824 0.01377434167353488
825 0.01377352720382466
826 0.01377425346052092
827 0.01377385635874778
828 0.01377461550320291
829 0.01377417734592243
830 0.01377458118055758
831 0.01377361805988238
832 0.01377430571379108
833 0.01377294492446893
834 0.01377433362290565
835 0.01377382690854825
836 0.01377512373682086
837 0.01377414902822443
838 0.0137745317295208
839 0.01377310902922554
840 0.01377406818063655
841 0.01377416547749752
842 0.01377445059147313
843 0.01377400722215626
844 0.01377479848641749
845 0.01377355813473575
846 0.01377442190270671
847 0.01377375122310293
848 0.01377339367551501
849 0.01377370448215212
850 0.0137748885910826
851 0.01377378132478166
852 0.01377487855946207
853 0.01377411592676015
854 0.01377395024173838
855 0.01377368368803559
856 0.01377443523593387
857 0.0137737142210398
858 0.01377467072855534
859 0.01377357092570605
860 0.01377464107121819
861 0.01377356586207265
862 0.013774576248866
863 0.0137737881496629
864 0.01377427223440616
865 0.01377407150112755
866 0.01377401672083335
867 0.01377382001620878
868 0.01377441623921998
869 0.01377402807864504
870 0.0137742384680364
871 0.01377418308767134
872 0.01377479505418281
873 0.01377333157713695
874 0.01377450209493461
875 0.013774452208834
876 0.01377492277448165
877 0.01377388838166314
878 0.01377432639004615
879 0.01377347833155423
880 0.01377377608520166
881 0.01377388446682917
882 0.01377440478187046
883 0.01377383787870524
884 0.01377459163452161
885 0.01377372214016481
886 0.01377488750047579
887 0.01377344759336323
888 0.01377412633910854
889 0.01377366419673554
890 0.01377437226587832
891 0.01377343798823213
892 0.01377501025097163
893 0.01377404207313335
894 0.01377502988214201
895 0.01377416438158627
896 0.01377445972841093
897 0.01377381173793698
898 0.01377445562803973
899 0.01377323748727762
900 0.01377452223404723
901 0.01377349149310569
902 0.01377463277070569
903 0.01377413127185679
904 0.01377474493558965
905 0.01377365753457893
906 0.01377423592061266
907 0.01377361066435954
908 0.0137745335616585
909 0.01377351565665948
910 0.01377494463297499
911 0.01377378470638439
912 0.01377388645281978
913 0.0137740388141792
914 0.01377469424683205
915 0.01377396749129642
916 0.01377495448548061
917 0.01377433975710116
918 0.01377443606166397
919 0.01377407543545411
920 0.01377409890415746
921 0.01377294327800498
922 0.01377436629912889
923 0.01377377907154818
924 0.01377449523575332
925 0.01377426729419195
926 0.01377461179023957
927 0.01377359732298852
928 0.01377469730004296
929 0.01377350530253843
930 0.01377439242069546
931 0.0137739678108271
932 0.01377479398412168
933 0.01377403129901914
934 0.01377453343218154
935 0.01377387352351067
936 0.01377423429614065
937 0.01377394564091782
938 0.01377435604418647
939 0.01377381077598827
940 0.01377468246140646
941 0.01377418901027759
942 0.01377474381355733
943 0.01377396342230537
944 0.01377436383832757
945 0.01377394307185931
946 0.01377406388360628
947 0.01377387491125689
948 0.01377471884611123
949 0.013774374502798
950 0.01377465128630701
951 0.0137741829769687
952 0.01377408482120024
953 0.01377309045787617
954 0.01377455294849224
955 0.01377359852149593
956 0.01377453269037333
957 0.01377427784400191
958 0.01377439365676698
959 0.01377370778458751
960 0.01377478186396041
961 0.01377357006549508
962 0.01377419973037184
963 0.01377403243048211
964 0.01377470641997635
965 0.01377426088233522
966 0.01377471744510059
967 0.01377386574020937
968 0.0137741038155104
969 0.01377396842862464
970 0.01377468761184143
971 0.01377409518184588
972 0.01377496228934933
973 0.01377371060588019
974 0.01377447897142653
975 0.0137737009800213
976 0.0137745715529781
977 0.01377403961401205
978 0.01377446165927881
979 0.01377398827532392
980 0.01377450308904693
981 0.01377393630392042
982 0.01377456837046693
983 0.01377372933040104
984 0.01377437590510536
985 0.0137734926633865
986 0.01377496333270156
987 0.0137743070048701
988 0.01377486401922135
989 0.01377382633244276
990 0.01377423703853262
991 0.01377361021842501
992 0.01377450446011814
993 0.01377387828189775
994 0.01377445997157569
995 0.0137741901036076
996 0.01377494336486135
997 0.0137740177026277
998 0.01377469389260972
999 0.01377385195753661
1000 0.01377412898842629
