"drag-rfile"
"Iteration" "drag"
("Iteration" "drag")
1 0.9369206132175544
2 1.176786877971894
3 1.347673941712815
4 1.425668500322946
5 1.441372579434727
6 1.409466935975849
7 1.342392698003745
8 1.244165392543058
9 1.113985481116049
10 1.001080806467953
11 0.9101745451437127
12 0.8201003197180555
13 0.7408799349701111
14 0.6709368695627016
15 0.6070024904949273
16 0.5479752725114871
17 0.493177422290693
18 0.4419761482775738
19 0.3936939829120912
20 0.3482292161243807
21 0.3049698680009205
22 0.2637296767706234
23 0.2243333277118204
24 0.1871408903264778
25 0.1519207553249144
26 0.1187127211806491
27 0.08767284611807931
28 0.0590014935187577
29 0.03262168657523518
30 0.008329711180562752
31 -0.01351259783490894
32 -0.03317360577928471
33 -0.05062300490027791
34 -0.06587424055347094
35 -0.07864770327646818
36 -0.08945092838391375
37 -0.09805663644928858
38 -0.1045696079757029
39 -0.1091249373171463
40 -0.1118783927382278
41 -0.1129711983110103
42 -0.1125016148350187
43 -0.1106253052099263
44 -0.1075140275885253
45 -0.1033119125381363
46 -0.09815680113327992
47 -0.09221527793364875
48 -0.0856436869181734
49 -0.07842281765131115
50 -0.07091212289587386
51 -0.06306255397980033
52 -0.05518879116746484
53 -0.0472261101370989
54 -0.03929369718143817
55 -0.03146934820662613
56 -0.02380768865684472
57 -0.01618397764138147
58 -0.008894889505820531
59 -0.001985832046672576
60 0.00447297008719029
61 0.0104688197039427
62 0.01594810463006663
63 0.02090112823078357
64 0.02512486907241517
65 0.02883447717482125
66 0.03202529078500242
67 0.03467629348843959
68 0.03687504442047303
69 0.03875565589775746
70 0.04005464366303646
71 0.04118315863714318
72 0.04195888341729168
73 0.04213447698715746
74 0.04232386611731317
75 0.0422588360933583
76 0.04165846839817811
77 0.04121899073053907
78 0.04063788361493693
79 0.03965980989149914
80 0.03891744310644087
81 0.03812989984513735
82 0.03713134432109415
83 0.03636096120418094
84 0.03551447936438197
85 0.03490473843488554
86 0.03434497858197749
87 0.03391601899029383
88 0.03362528469835292
89 0.03340147030708843
90 0.03340682367410548
91 0.03356209216607463
92 0.03366895243680069
93 0.03407381360514282
94 0.03461581313500878
95 0.0349945401507778
96 0.03576799188636697
97 0.03663310645210079
98 0.03726366765442907
99 0.03830651242700466
100 0.03905115895008181
101 0.04018069916896993
102 0.04098318811647757
103 0.04180208249780418
104 0.04263254329029206
105 0.04345608551927535
106 0.04425692056830919
107 0.04504435581231216
108 0.04578217307939622
109 0.04644946930186696
110 0.04705616487618704
111 0.04773445372163763
112 0.04814975040964951
113 0.04846928449728986
114 0.04877534017336854
115 0.0488934167113296
116 0.04890660102156898
117 0.04877649095679599
118 0.04849874366706916
119 0.04807107950304908
120 0.0475068861588492
121 0.04681478361850541
122 0.04600444915880524
123 0.04508637298294782
124 0.04426227366052434
125 0.0431312145524544
126 0.04193630562493504
127 0.04089379978402542
128 0.03955567027990066
129 0.03840515283868864
130 0.03697589515251467
131 0.0357553614255947
132 0.03450195314467911
133 0.03322849181169168
134 0.03194186520576151
135 0.03064898623859953
136 0.02935668549040718
137 0.02807082644306488
138 0.02680611186537242
139 0.02556323007235901
140 0.02434948296462371
141 0.02317419830662244
142 0.02203719544666835
143 0.02095523331659378
144 0.01992029473921549
145 0.01893558024186419
146 0.01799838515522834
147 0.01698748404856835
148 0.01618043839715453
149 0.01543257473175319
150 0.01466004618938657
151 0.01405220278304635
152 0.01350592820196462
153 0.0129673659413645
154 0.01255286352471204
155 0.01219755260538275
156 0.01187414718221366
157 0.01163955513256217
158 0.01144738114807073
159 0.01132464835361635
160 0.01125177851304571
161 0.01122955516184562
162 0.01125144856892798
163 0.01131496024507947
164 0.01141876169188615
165 0.01156128123594196
166 0.01174082333177338
167 0.01197970055711917
168 0.01222664488699186
169 0.01250330207405579
170 0.01280673103948272
171 0.01313652619946268
172 0.01349345947924037
173 0.01387291617673507
174 0.01427897170494235
175 0.01470208985358236
176 0.01514295371594205
177 0.01559365041607629
178 0.01606493864770108
179 0.01655121030820662
180 0.01705153279282878
181 0.01757150431412368
182 0.01810417597135129
183 0.01865075400772855
184 0.0192092296620643
185 0.01977934250122155
186 0.02035988611915127
187 0.02095084984788271
188 0.02154302243924389
189 0.02214417756542554
190 0.0227542650241598
191 0.02338161984715951
192 0.02401474299290545
193 0.02465240029762146
194 0.02529425830240831
195 0.0259391668504312
196 0.02658583070993872
197 0.02723279365084403
198 0.02787852805079054
199 0.02852105484538037
200 0.02915929665377134
201 0.02979111047002543
202 0.0304131269960298
203 0.03102400917452673
204 0.0316222213347727
205 0.03220501097431119
206 0.03276949314317212
207 0.03331342149914094
208 0.03383480479124126
209 0.03433031317559877
210 0.03479839887048869
211 0.03523892772472533
212 0.03564559903275742
213 0.03601620534314617
214 0.03634840482389257
215 0.0366394672269902
216 0.03688650698746678
217 0.03708795889553137
218 0.03724167376220301
219 0.03734605069697288
220 0.03739965763768095
221 0.03740081220818411
222 0.03734627209794189
223 0.03723809227685729
224 0.0370763044995331
225 0.03686109943606561
226 0.03659226593535468
227 0.03627052067752933
228 0.03589639403732014
229 0.03547057408696151
230 0.03499557391278337
231 0.0344738095090282
232 0.03390764593340263
233 0.03329987598053486
234 0.03265218115567505
235 0.03196752683907086
236 0.03125022826582136
237 0.03050336819685916
238 0.02972963558753058
239 0.02893271947576518
240 0.02811640209031706
241 0.02728420897949171
242 0.02644010084813621
243 0.02559176459190856
244 0.02473744610827744
245 0.02388368947273789
246 0.02303475896916533
247 0.02219521392791732
248 0.02136837071488448
249 0.02055774028164994
250 0.01976698719687701
251 0.01899984060196536
252 0.01826079240588865
253 0.01755208552198321
254 0.01687685252028952
255 0.0162375552427502
256 0.01563882850038956
257 0.01508139945808737
258 0.01456700730370304
259 0.01409643133289348
260 0.01367262378137533
261 0.01329674288666574
262 0.01296830143457738
263 0.01268807324405918
264 0.01245758029299519
265 0.0122776342111387
266 0.01214820814274361
267 0.01206890761163237
268 0.01203878642391587
269 0.0120571913381272
270 0.01212389155589473
271 0.01223632464601247
272 0.01239398307387301
273 0.01259459304252802
274 0.01283669515293272
275 0.01311801624783868
276 0.01343597233094786
277 0.01378878535516274
278 0.01417485698686396
279 0.01459191348699945
280 0.01503786541864366
281 0.01550972582893104
282 0.01600506717727655
283 0.01652160327548251
284 0.01705673338140454
285 0.01760779125763171
286 0.01817263784101625
287 0.01874833145099555
288 0.01933270350568749
289 0.01992312614264891
290 0.02051743852136466
291 0.02111298856563951
292 0.02170794397979896
293 0.02229870601384144
294 0.02288409363260397
295 0.02346144539210606
296 0.02402883250039746
297 0.02458217140142847
298 0.02512143514762446
299 0.0256447251392844
300 0.02614995040109173
301 0.02663546669798046
302 0.02710039247051245
303 0.0275434159618864
304 0.02796280689810368
305 0.02835733503521519
306 0.02872583616228654
307 0.02906690466684026
308 0.02937945557713095
309 0.02966287077078103
310 0.02991676806313219
311 0.03014066581405478
312 0.03033374307649274
313 0.03049617667972536
314 0.03062736212521266
315 0.03072714201376249
316 0.03079678634195203
317 0.03083486469048316
318 0.03084141487861669
319 0.03081622657601462
320 0.03075989094152582
321 0.03067289288921898
322 0.03055609343915043
323 0.03040996528427937
324 0.0302359159918455
325 0.03003409564744048
326 0.02980547872904212
327 0.02955138662941936
328 0.02927235813264906
329 0.02897045522949937
330 0.02864629689179648
331 0.02830059186704079
332 0.02793524683820423
333 0.02755154998846703
334 0.02715129401976197
335 0.02673612297826069
336 0.02630748578932479
337 0.0258675534806581
338 0.02541767080497745
339 0.02495960941039723
340 0.02449520551568835
341 0.02402640922523526
342 0.0235549174254493
343 0.02308236427078506
344 0.02261113909294747
345 0.02214250294318488
346 0.02167775023558863
347 0.02121913592104963
348 0.02076836775512144
349 0.02032759598105561
350 0.01989798938798683
351 0.01948066636334909
352 0.01907767714251329
353 0.01869024509787593
354 0.01831942137805346
355 0.0179667304979265
356 0.01763329800331111
357 0.01732039347864942
358 0.0170293397693807
359 0.01676106904117859
360 0.01651640986611378
361 0.01629589910429916
362 0.01610033045602255
363 0.01593004439772497
364 0.01578553908109551
365 0.01566693644052312
366 0.01557470216360612
367 0.01550896033419868
368 0.0154697916687736
369 0.01545727798277175
370 0.01547140840686941
371 0.01551224983571555
372 0.01557908103788254
373 0.01567136918648587
374 0.01578816244090006
375 0.01592913843566497
376 0.01609392996751295
377 0.01628138027660902
378 0.01648965394056762
379 0.01671839012280003
380 0.01696714906578311
381 0.01723467961841188
382 0.01751870466118291
383 0.0178188594001356
384 0.01813354478497399
385 0.01846076199629779
386 0.01879945914509676
387 0.01914935153668786
388 0.01950790989578459
389 0.01987364865361765
390 0.0202443550796095
391 0.0206184119015313
392 0.02099417221181394
393 0.02137029437301874
394 0.02174481831974609
395 0.0221160392555923
396 0.02248260469016961
397 0.02284243191217083
398 0.02319401790104286
399 0.02353631402456473
400 0.02386805211649869
401 0.02418768674777499
402 0.02449368229761557
403 0.02478488461048537
404 0.02506004076004144
405 0.02531766246477019
406 0.02555658718177179
407 0.02577607834056424
408 0.02597511320207354
409 0.02615266078022995
410 0.02630854619369779
411 0.02644238121281567
412 0.02655319828631778
413 0.02664140364054136
414 0.02670602778570666
415 0.02674622324214191
416 0.02676231193236194
417 0.02675451010882856
418 0.02672303919566696
419 0.02666827844986983
420 0.02659038117015765
421 0.02648997163576077
422 0.02636764709406347
423 0.02622387890487776
424 0.02605971046435382
425 0.02587544981972617
426 0.02567220190516405
427 0.02545129143700442
428 0.02521297539990059
429 0.02495870060867008
430 0.02468927667061206
431 0.02440649975969062
432 0.02411166602288291
433 0.02380634639249663
434 0.02349168539942044
435 0.02316918703118097
436 0.0228404101441391
437 0.02250641359499692
438 0.02216880323654069
439 0.02182823761231663
440 0.02148630320227695
441 0.02114463493514745
442 0.0208045560144976
443 0.02046853320336229
444 0.02013953298124558
445 0.01981631234574485
446 0.019500383605087
447 0.01919259841473761
448 0.01889434578216943
449 0.01860630270027018
450 0.01832879401190012
451 0.01806333313315165
452 0.01781077937454879
453 0.01757193095421476
454 0.01734788776338287
455 0.01713940566807676
456 0.01694639623133241
457 0.01676972858729151
458 0.01660999263650251
459 0.01646731772733174
460 0.01634246120762437
461 0.01623510006862814
462 0.01614514805277065
463 0.01607247519138249
464 0.01601727652596609
465 0.01597909896556447
466 0.01595810693376579
467 0.01595455531587355
468 0.01596734175249148
469 0.01599620967985772
470 0.01604076358219382
471 0.01610035459303909
472 0.01617446909819955
473 0.0162625612757891
474 0.01636376536013888
475 0.01647650312796578
476 0.01660075172646614
477 0.01673558913317649
478 0.01688015602608039
479 0.0170337402347784
480 0.0171950239700603
481 0.01736323337721103
482 0.0175377912673593
483 0.01771743183444928
484 0.01790098959236837
485 0.01808739642026606
486 0.01827570790308718
487 0.01846539651538457
488 0.01865556452154269
489 0.01884475050824886
490 0.01903237101152095
491 0.01921783649057099
492 0.01939964315683122
493 0.01957749939328511
494 0.01975093150528617
495 0.0199186732753307
496 0.02007974009921702
497 0.02023424159726639
498 0.02038091767266792
499 0.02051927399025593
500 0.02064877492787078
501 0.02076943999715641
502 0.02088067081878348
503 0.02098252652661902
504 0.02107387401505247
505 0.02115513384095406
506 0.02122600299280303
507 0.02128603733248629
508 0.02133530172545044
509 0.0213728635654997
510 0.02139956286177398
511 0.02141504473572069
512 0.02141967888369286
513 0.02141360177680244
514 0.02139751959450548
515 0.0213719659411373
516 0.02133668349019769
517 0.02129188397369958
518 0.02123824603526422
519 0.02117584495378826
520 0.0211048175435363
521 0.02102542323120728
522 0.02093855995471246
523 0.02084439647276491
524 0.02074371000018462
525 0.02063667549889619
526 0.02052389480743052
527 0.02040600285116707
528 0.02028349735389947
529 0.02015690945787736
530 0.02002702438452849
531 0.01989388913600745
532 0.01975819504623859
533 0.01962054689313702
534 0.01948042484219583
535 0.01933877186706076
536 0.01919628905618427
537 0.01905358784263858
538 0.01891115802627652
539 0.01876983900680223
540 0.01862920387710815
541 0.01848997478457817
542 0.01835272723350663
543 0.01821757028564082
544 0.01808460240880222
545 0.01795406347518526
546 0.01782648716848304
547 0.01770214303850458
548 0.01758154891101806
549 0.01746512773026049
550 0.01735297635406431
551 0.0172450112391984
552 0.01714162777098567
553 0.01704241304535553
554 0.01694865226518188
555 0.01685983364348381
556 0.01677592972525385
557 0.01669714956250149
558 0.01662386246048633
559 0.01655577171570305
560 0.01649288286904079
561 0.01643539238210793
562 0.0163832614043665
563 0.01633691845966879
564 0.01629585136215076
565 0.0162601227156098
566 0.01622979757665097
567 0.01620461984513468
568 0.01618473838323572
569 0.01616996759050872
570 0.01616038584700837
571 0.01615539916645181
572 0.01615538340142692
573 0.0161605878215075
574 0.01617033002580683
575 0.01618426214470857
576 0.01620224584073316
577 0.01622430584520216
578 0.01625006627124214
579 0.01628014762000174
580 0.01631383955504734
581 0.01635137604388464
582 0.0163926964071074
583 0.01643691064148268
584 0.0164836224593657
585 0.01653298135260694
586 0.01658434363426224
587 0.01663758656976608
588 0.01669276042856531
589 0.0167498344224936
590 0.01680822874016355
591 0.01686778340780849
592 0.0169282231645673
593 0.01698885698734758
594 0.01704958049520395
595 0.01710995781462259
596 0.01717008390047903
597 0.01723003293949444
598 0.01728894610722682
599 0.01734682647252903
600 0.01740303932393633
601 0.01745745453855518
602 0.01750973279044085
603 0.01755986600823642
604 0.017607381668082
605 0.01765259844690998
606 0.01769531219969079
607 0.01773481401129584
608 0.01777121118129119
609 0.01780397045845496
610 0.01783270864123204
611 0.01785723720589586
612 0.01787789678095413
613 0.01789428543202596
614 0.01790649237956567
615 0.01791449123019976
616 0.01791774135749008
617 0.01791667914913799
618 0.01791255245411263
619 0.01790364922752159
620 0.01789025951540771
621 0.01787203570168589
622 0.01784875873827162
623 0.01782035567167942
624 0.01778669603452605
625 0.01774855112631883
626 0.01770590950630542
627 0.01765879954390974
628 0.01760702328816343
629 0.01755142560299033
630 0.01749209325773441
631 0.01742908679878812
632 0.01736240866515003
633 0.01729232244086763
634 0.01721908659128989
635 0.01714286020254542
636 0.01706443442298435
637 0.01698398567286409
638 0.01690193248784313
639 0.01681826938629359
640 0.01673300597413199
641 0.01664650062329078
642 0.01655936291038312
643 0.01647122247111417
644 0.01638263038670144
645 0.0162938901580724
646 0.01620551294715196
647 0.01611743974162137
648 0.01602977643600409
649 0.01594321013594019
650 0.01585788196293839
651 0.01577420822427572
652 0.01569262210025174
653 0.01561300930972739
654 0.01553592927772186
655 0.01546099952019324
656 0.01538842678026587
657 0.0153185661983873
658 0.01525144898291887
659 0.01518734076850171
660 0.01512614450618541
661 0.01506846368381605
662 0.01501465037755805
663 0.0149645335452054
664 0.01491837085053787
665 0.0148758880305845
666 0.01483743308578999
667 0.01480263982420339
668 0.01477187748301656
669 0.01474534722279478
670 0.0147220056780862
671 0.01470246052156846
672 0.01468692985758308
673 0.01467492291025064
674 0.01466645371509633
675 0.01466198959396743
676 0.01466172154497409
677 0.01466464690777704
678 0.01467040612180112
679 0.0146790839094649
680 0.01469090512490157
681 0.01470569269021882
682 0.01472333011084659
683 0.01474414560660398
684 0.01476761117640563
685 0.0147933096380616
686 0.01482131256246568
687 0.0148512028775002
688 0.0148827613836302
689 0.01491546030759587
690 0.0149491880285738
691 0.01498417472281962
692 0.01502029390974648
693 0.0150572053434608
694 0.01509463026942905
695 0.01513234083998377
696 0.01517000596902447
697 0.01520734530581394
698 0.01524425020330841
699 0.01528077059892042
700 0.01531675372920981
701 0.01535162385874385
702 0.01538547849184036
703 0.01541746729132849
704 0.01544825699388549
705 0.01547781864354197
706 0.01550618947858858
707 0.01553303869744911
708 0.0155578974565017
709 0.01558010395037937
710 0.01560008337503626
711 0.01561758635967981
712 0.01563306059221449
713 0.01564623475152577
714 0.01565703343334301
715 0.01566515696433371
716 0.01567118823674122
717 0.01567460582262385
718 0.01567533240540952
719 0.01567314812345772
720 0.01566800479522431
721 0.01566023478641258
722 0.01564943636836323
723 0.0156357353695208
724 0.01561893779432959
725 0.01560091569303646
726 0.01557952672478588
727 0.01555534180054628
728 0.01552905644655541
729 0.01550053139022244
730 0.01546913897451259
731 0.01543409981060347
732 0.01539829678551346
733 0.0153594672980375
734 0.01531795558101928
735 0.01527408719655838
736 0.01522839365754798
737 0.015180902073635
738 0.01513183023162775
739 0.01508085408195356
740 0.01502823200413666
741 0.01497405875004431
742 0.01491874942273913
743 0.01486296257385876
744 0.01480622825018686
745 0.0147486213646046
746 0.01469096383521394
747 0.01463300483680449
748 0.01457489839207171
749 0.01451660084730453
750 0.01445863005822243
751 0.01440084684441639
752 0.01434403029825165
753 0.01428785567749128
754 0.01423248102126111
755 0.01417810860243463
756 0.01412496407917668
757 0.01407293683823316
758 0.01402188392782936
759 0.01397242812846849
760 0.01392461944217627
761 0.01387866153665043
762 0.013834611876951
763 0.01379253524173942
764 0.01375219908282547
765 0.01371370032179387
766 0.01367737973993482
767 0.01364289241095409
768 0.01361053105645515
769 0.0135804796091326
770 0.01355268034647911
771 0.01352710642657671
772 0.01350388379816086
773 0.01348310069884277
774 0.01346444461750837
775 0.01344797306090067
776 0.01343450323161528
777 0.01342333128299147
778 0.01341463064897677
779 0.01340835626178228
780 0.01340413777819534
781 0.01340288383682288
782 0.01340305331027504
783 0.01340619311275304
784 0.0134103431987928
785 0.0134166268464796
786 0.01342344759879514
787 0.01343171386485442
788 0.01344281719148345
789 0.01345476294612382
790 0.01346766691931508
791 0.01348143828067661
792 0.01349590208500978
793 0.0135129799234887
794 0.01352991009169337
795 0.01354818557749405
796 0.01356751460026227
797 0.01358730872684446
798 0.01360734122028743
799 0.01362799578326225
800 0.01364901772845817
801 0.01367022388284265
802 0.01369158504940367
803 0.01371288256928604
804 0.01373432059150464
805 0.01375528815087055
806 0.01377595846819437
807 0.01379644077295146
808 0.01381649201425128
809 0.01383576476989938
810 0.01385426472238925
811 0.013872000833923
812 0.01388843395586183
813 0.01390353152968851
814 0.01391854035441655
815 0.0139318402345849
816 0.0139434408616687
817 0.01395367944527377
818 0.01396256122075376
819 0.01396964536512358
820 0.0139776412833021
821 0.01398192828603334
822 0.01398605541725733
823 0.01398640927616589
824 0.01398513294543591
825 0.01398172751926223
826 0.0139762541191314
827 0.01396837709132671
828 0.01395845246096355
829 0.01394587163476745
830 0.01393096759070407
831 0.01391390999471513
832 0.01389484103796964
833 0.0138734141864348
834 0.01384996990549515
835 0.01382459425360789
836 0.01379759006839844
837 0.01376898159754377
838 0.01373872991565677
839 0.01370707107420757
840 0.01367448533419322
841 0.01364047573432012
842 0.01360535412047929
843 0.01356937472301151
844 0.01353490016971521
845 0.01349686609793909
846 0.01346032232006549
847 0.01342048584016987
848 0.01338281285375337
849 0.01334255681945569
850 0.01330459086249543
851 0.01326414235650613
852 0.01322634677951263
853 0.01318621433971967
854 0.01314891300343555
855 0.01310920625659936
856 0.0130726697853638
857 0.01303411716732248
858 0.01299875497586665
859 0.01296408510752723
860 0.01292822005964485
861 0.01289559478212423
862 0.01286159526191941
863 0.01283101590517746
864 0.01279914910270336
865 0.01277090839667115
866 0.01274174294752954
867 0.01271621608630235
868 0.01269028122437031
869 0.01266787867241513
870 0.01264527649584657
871 0.01262441129200974
872 0.01260625076356989
873 0.01258826823767827
874 0.01257241685510499
875 0.01255797023831795
876 0.01254552122759695
877 0.01253450702055446
878 0.01252506627107674
879 0.01251685105293613
880 0.01251019172657248
881 0.01250525482664476
882 0.01250190007334191
883 0.01249998659716074
884 0.01249966019567074
885 0.01250049344217819
886 0.01250269676216412
887 0.0125061132301483
888 0.01251056273834422
889 0.01251605032165118
890 0.0125226146967244
891 0.01252963563372098
892 0.01253780352048695
893 0.0125465677657854
894 0.01255609440104697
895 0.01256640128894298
896 0.01257841508149452
897 0.01259005083666623
898 0.01260214047587566
899 0.01261467733870272
900 0.01262750261513291
901 0.01264046215316863
902 0.01265365581927028
903 0.01266709851683674
904 0.0126808058946951
905 0.01269478192356517
906 0.01270883041861547
907 0.01272276573841633
908 0.01273639252976206
909 0.01274980605867774
910 0.0127624182644629
911 0.0127748792041177
912 0.01278694122510132
913 0.01279792533215488
914 0.01280818406746224
915 0.01281755421783905
916 0.0128264350793697
917 0.0128363702912155
918 0.0128433344526528
919 0.01284930410485236
920 0.01285403417908396
921 0.01285918342590739
922 0.01286185591162628
923 0.01286410535483256
924 0.01286398115985233
925 0.01286334274700732
926 0.01286076969200387
927 0.01285677292956989
928 0.01285152444052977
929 0.01284486188917914
930 0.01283669935599336
931 0.01282695612253348
932 0.01281566782813319
933 0.01280272670613192
934 0.01278872942361629
935 0.01277351594841814
936 0.01275688066991713
937 0.0127388870734026
938 0.01272000166799727
939 0.01269993049696571
940 0.01267902072732215
941 0.01265754596360812
942 0.01263507416615373
943 0.01261188699240084
944 0.01258790486790768
945 0.01256306928225991
946 0.01253775582815062
947 0.01251191793508157
948 0.01248581927024033
949 0.01245967266556206
950 0.01243304010481298
951 0.01240631125758426
952 0.01237950545805165
953 0.01235261947615543
954 0.01232557223373806
955 0.0122991198662223
956 0.01227290488478719
957 0.0122468449749374
958 0.01222099599593951
959 0.01219567145621299
960 0.01217058485982835
961 0.01214598764519049
962 0.01212182930694391
963 0.01209843940787798
964 0.01207602613735884
965 0.01205437944764364
966 0.01203326142622841
967 0.01201302242360164
968 0.01199383883121613
969 0.01197527365356982
970 0.01195765037747013
971 0.01194059872056029
972 0.0119244691471816
973 0.01190959492699256
974 0.0118963064465684
975 0.01188396989568269
976 0.01187300314434286
977 0.01186293264046323
978 0.01185354734003365
979 0.01184500065361776
980 0.01183752862397043
981 0.01183089431917935
982 0.01182535229301573
983 0.01182030588886512
984 0.01181644936697461
985 0.01181352533666674
986 0.01181137745718008
987 0.01181061657565108
988 0.01181057953180758
989 0.01181143160346963
990 0.01181309997199906
991 0.01181548337588954
992 0.01181806922462539
993 0.01182153757181453
994 0.01182571772221628
995 0.01183005763591509
996 0.01183543492305411
997 0.01184107268118696
998 0.01184785139433832
999 0.01185433586598037
1000 0.01186183509572817
1001 0.01186919364272249
1002 0.01187652393459728
1003 0.01188463887122995
1004 0.01189261093913512
1005 0.01190033974652838
1006 0.01190925314921289
1007 0.01191725941269447
1008 0.01192610683833044
1009 0.01193380637108694
1010 0.01194261667534383
1011 0.01195027941251122
1012 0.01195877324691904
1013 0.01196578498664065
1014 0.01197285090689216
1015 0.01197897938733616
1016 0.01198524239322999
1017 0.01199033513187576
1018 0.01199476186955548
1019 0.01199876063690816
1020 0.01200185532851932
1021 0.01200504205065488
1022 0.01200685118815443
1023 0.01200881460490237
1024 0.01201011213835481
1025 0.01201066480840852
1026 0.01201036276654461
1027 0.01200872747828283
1028 0.01200647951195146
1029 0.01200350897172869
1030 0.01199968584572882
1031 0.01199473659586053
1032 0.01198910893417332
1033 0.01198298057363075
1034 0.01197550453065893
1035 0.01196708823241926
1036 0.01195799403102404
1037 0.01194814332267958
1038 0.01193733463104737
1039 0.01192619389018482
1040 0.01191453386864969
1041 0.01190191950908277
1042 0.0118883600392832
1043 0.01187399340381447
1044 0.01185924634254967
1045 0.01184384644904094
1046 0.01182825587458814
1047 0.0118123978833638
1048 0.01179614107997812
1049 0.01177923184042955
1050 0.01176210320228325
1051 0.01174464366288313
1052 0.01172705702091714
1053 0.01170934193634761
1054 0.01169125705070331
1055 0.01167304584512712
1056 0.01165493542452844
1057 0.01163700910689206
1058 0.01161908290889743
1059 0.01160125344086175
1060 0.01158368068937363
1061 0.01156619888764357
1062 0.0115491122448805
1063 0.01153217904334147
1064 0.01151528651137002
1065 0.01149862757188863
1066 0.01148239629665853
1067 0.01146645213169254
1068 0.01145081053633887
1069 0.01143580732793606
1070 0.01142171708902601
1071 0.01140771800992898
1072 0.01139452878163685
1073 0.01138206545268157
1074 0.0113702801249393
1075 0.0113589564160373
1076 0.01134811120875923
1077 0.01133777527829092
1078 0.01132811592632629
1079 0.01131918012541803
1080 0.01131064231592291
1081 0.01130259707602621
1082 0.01129557823439758
1083 0.01128931650947123
1084 0.0112837493194706
1085 0.01127895386530528
1086 0.01127483798185221
1087 0.0112713984203744
1088 0.01126892517420269
1089 0.01126708909973946
1090 0.01126560774986434
1091 0.01126447802744017
1092 0.01126389395899124
1093 0.01126373305793617
1094 0.01126387813959796
1095 0.01126467665275913
1096 0.01126560145825305
1097 0.01126720547258919
1098 0.01126921084600991
1099 0.01127132583475705
1100 0.01127418549642094
1101 0.01127704410742287
1102 0.0112805946880742
1103 0.01128387256693464
1104 0.01128784096453074
1105 0.01129112692718916
1106 0.01129519642628277
1107 0.01129882761901751
1108 0.01130269723311432
1109 0.0113062971074426
1110 0.01131005419317924
1111 0.01131344200838702
1112 0.01131696095782703
1113 0.01131983649098037
1114 0.01132321899771539
1115 0.01132651879726428
1116 0.01132937750324125
1117 0.01133230485657439
1118 0.01133489761381039
1119 0.01133669456566766
1120 0.01133813108885509
1121 0.01133931403451174
1122 0.0113400358330076
1123 0.0113404858519676
1124 0.01134024257662054
1125 0.01133963251766098
1126 0.01133884730817427
1127 0.01133740168989905
1128 0.01133540712289414
1129 0.01133289854866381
1130 0.01133017994317657
1131 0.01132669373426428
1132 0.0113226913667302
1133 0.01131795272898276
1134 0.01131259451065186
1135 0.01130677171029274
1136 0.01130037670725142
1137 0.01129382620393445
1138 0.01128693193899134
1139 0.01127974590808953
1140 0.01127213143391765
1141 0.01126402466463034
1142 0.01125536165206047
1143 0.01124617532764561
1144 0.01123682454365111
1145 0.01122730211689696
1146 0.01121729086931442
1147 0.01120657891878207
1148 0.01119575261820584
1149 0.01118449467400462
1150 0.01117296854730834
1151 0.01116148265525426
1152 0.01114975491977661
1153 0.01113798287854173
1154 0.01112611817253169
1155 0.01111391488823525
1156 0.01110174846588266
1157 0.01108954183099623
1158 0.01107736520353383
1159 0.0110651047349416
1160 0.01105304468535758
1161 0.01104101762780215
1162 0.01102902178226541
1163 0.0110170035874511
1164 0.01100496311891421
1165 0.01099318107479434
1166 0.01098157183716301
1167 0.01097004915397323
1168 0.01095892889796317
1169 0.01094798850606977
1170 0.01093715883789765
1171 0.01092661475002207
1172 0.01091642890855108
1173 0.01090663260847262
1174 0.01089699600860454
1175 0.01088759479258589
1176 0.01087886364736538
1177 0.01087018891874319
1178 0.01086192714733804
1179 0.0108540711161644
1180 0.01084648394050006
1181 0.01083944742642931
1182 0.01083308019195097
1183 0.01082724298407122
1184 0.0108218538885008
1185 0.01081646010514175
1186 0.01081136961872498
1187 0.01080685975406108
1188 0.01080264728770291
1189 0.0107989010032587
1190 0.01079566740484028
1191 0.01079262655123266
1192 0.01078980957864313
1193 0.01078768047310384
1194 0.01078618719438172
1195 0.01078504249590655
1196 0.01078407631943954
1197 0.01078331824360002
1198 0.01078290117992687
1199 0.0107824612066723
1200 0.01078243949764433
1201 0.01078270051041107
1202 0.01078289028456307
1203 0.01078325007784292
1204 0.01078378590062152
1205 0.01078453382298349
1206 0.01078538122608894
1207 0.01078654507951073
1208 0.0107881644006242
1209 0.01078999170098419
1210 0.01079180864594959
1211 0.01079338571950673
1212 0.01079443717528407
1213 0.01079517834717307
1214 0.01079591360439828
1215 0.01079682459742424
1216 0.0107978086388712
1217 0.01079883040871433
1218 0.01079964541335854
1219 0.0108003811034429
1220 0.01080097306999636
1221 0.01080119545186349
1222 0.01080121131604176
1223 0.01080098697358351
1224 0.01080066878719399
1225 0.01080006093301265
1226 0.01079885643652649
1227 0.01079716725850205
1228 0.01079530788566551
1229 0.01079345256287073
1230 0.0107914959462733
1231 0.01078918073131351
1232 0.01078639543874879
1233 0.01078358328930347
1234 0.01078043245566282
1235 0.01077709745565808
1236 0.01077333800225859
1237 0.01076878560587015
1238 0.01076395949626109
1239 0.01075913586312738
1240 0.01075392827085962
1241 0.01074855234669758
1242 0.01074295573116359
1243 0.01073708508738438
1244 0.01073097137598969
1245 0.01072472913578987
1246 0.01071814968026159
1247 0.01071127659366283
1248 0.01070396878225389
1249 0.01069643576300046
1250 0.01068880838847838
1251 0.0106814200510781
1252 0.010674119760036
1253 0.01066668722092548
1254 0.01065877408793788
1255 0.01065029865405364
1256 0.01064176543173322
1257 0.01063320241030814
1258 0.01062470837405938
1259 0.01061630314965195
1260 0.01060781975326326
1261 0.01059920992203618
1262 0.01059044275688219
1263 0.01058179280580708
1264 0.01057293955872562
1265 0.01056460055026499
1266 0.01055614003722557
1267 0.01054771201733158
1268 0.01053941253779064
1269 0.01053110529788836
1270 0.01052299667241693
1271 0.01051514448366318
1272 0.01050749328673356
1273 0.01049988909208803
1274 0.01049220276368376
1275 0.01048455268138951
1276 0.01047709993006132
1277 0.01046985561046006
1278 0.01046289401140507
1279 0.01045651822356085
1280 0.01045022972069072
1281 0.0104441057522355
1282 0.01043828059137002
1283 0.01043268653541502
1284 0.01042721805912872
1285 0.01042232881747629
1286 0.01041775979613465
1287 0.01041338855266909
1288 0.01040886575191183
1289 0.01040440232261483
1290 0.01040024121357163
1291 0.01039634821441288
1292 0.01039301534840144
1293 0.01038993285478311
1294 0.0103867900268006
1295 0.01038371230760325
1296 0.01038098219176526
1297 0.01037879204556348
1298 0.01037665640657721
1299 0.01037485686883186
1300 0.01037354192308899
1301 0.01037238516941706
1302 0.01037141087623227
1303 0.01037080933965812
1304 0.01036974606269596
1305 0.01036860483967728
1306 0.01036780311151326
1307 0.0103672630597171
1308 0.01036674407529245
1309 0.0103664910940489
1310 0.01036616485143536
1311 0.01036559980563021
1312 0.01036547294803955
1313 0.01036528825229953
1314 0.01036522969343917
1315 0.0103653854941715
1316 0.01036539963841157
1317 0.01036501154924145
1318 0.01036443645693931
1319 0.01036389598328306
1320 0.01036337465786207
1321 0.01036265954899217
1322 0.01036175282186803
1323 0.01036096764650972
1324 0.01036002928301748
1325 0.01035922598389293
1326 0.01035853272646223
1327 0.01035729374466423
1328 0.01035607180836298
1329 0.01035476943981051
1330 0.01035332151799705
1331 0.01035149247114587
1332 0.01034912784657755
1333 0.01034642655831943
1334 0.01034395230704831
1335 0.0103417212229446
1336 0.01033942572446933
1337 0.01033696226128844
1338 0.01033426624314851
1339 0.01033156992186732
1340 0.01032849818459688
1341 0.01032483153610143
1342 0.01032092552568116
1343 0.01031715142303314
1344 0.01031332165559968
1345 0.01030940672322597
1346 0.01030551124284533
1347 0.01030120900203366
1348 0.01029674952518414
1349 0.01029205528461902
1350 0.01028695673168206
1351 0.01028207317669104
1352 0.01027701655605988
1353 0.01027183662498878
1354 0.01026629970760985
1355 0.01026069944670989
1356 0.01025506830473165
1357 0.01024966218111824
1358 0.01024434377568163
1359 0.01023892128950299
1360 0.01023336751080903
1361 0.01022768763736132
1362 0.01022157022985087
1363 0.01021546596495525
1364 0.01020952787000548
1365 0.01020352863261412
1366 0.01019750272028536
1367 0.01019158618413825
1368 0.01018564414481418
1369 0.01017963521457606
1370 0.01017382519614535
1371 0.01016819792577982
1372 0.01016306708940564
1373 0.01015771850952204
1374 0.01015229739992589
1375 0.01014663773001999
1376 0.01014092764589221
1377 0.0101353256926456
1378 0.01013037771288564
1379 0.01012563457884635
1380 0.01012077760412244
1381 0.01011566208137019
1382 0.01011103234929802
1383 0.01010677496657204
1384 0.01010284107613546
1385 0.01009874386334293
1386 0.01009470458863497
1387 0.01009068851571666
1388 0.01008654163554227
1389 0.01008278378290867
1390 0.01007938082488762
1391 0.01007566801051749
1392 0.01007254394284374
1393 0.0100696368960761
1394 0.0100669732572881
1395 0.01006426269568901
1396 0.01006158006982411
1397 0.01005907418332226
1398 0.01005719295835141
1399 0.01005525583614797
1400 0.01005346814167746
1401 0.01005167916202093
1402 0.01005000827889199
1403 0.01004821183274409
1404 0.01004617397570906
1405 0.01004442180997071
1406 0.01004314343865699
1407 0.01004220661111066
1408 0.01004101015631307
1409 0.01003966321614086
1410 0.01003841800317928
1411 0.01003750324170269
1412 0.01003649091847724
1413 0.01003537094919907
1414 0.01003406106380174
1415 0.0100329315807214
1416 0.0100317711808558
1417 0.01003074508794651
1418 0.01002946375449327
1419 0.01002828920892021
1420 0.01002718941714775
1421 0.01002618572470373
1422 0.01002516762491567
1423 0.01002415296456919
1424 0.01002319168031641
1425 0.01002196125612487
1426 0.01002070678585313
1427 0.01001968280559396
1428 0.01001848592095409
1429 0.01001714462101598
1430 0.01001604333371775
1431 0.01001505903682895
1432 0.01001368136441527
1433 0.01001230368132125
1434 0.01001065309402984
1435 0.01000898483649399
1436 0.01000720648835855
1437 0.01000503190348377
1438 0.01000283779517853
1439 0.01000097228168858
1440 0.009998814446014833
1441 0.009996424432393975
1442 0.009994266779207967
1443 0.009991969295015682
1444 0.00998968496255145
1445 0.009987564217269226
1446 0.009985138717802893
1447 0.009982016741429886
1448 0.009978723242739433
1449 0.009975522407307673
1450 0.009972339207601103
1451 0.009969021289745495
1452 0.009966005768764337
1453 0.009962760294507825
1454 0.009959327288164852
1455 0.009955853317329002
1456 0.009952360442946001
1457 0.009948415667031198
1458 0.009944646413508122
1459 0.009940847515182568
1460 0.009936979081534679
1461 0.009933037648191147
1462 0.009929070933567454
1463 0.00992519225614477
1464 0.009921180023207519
1465 0.009916933564087445
1466 0.009912953417374996
1467 0.009908724034937482
1468 0.009904495196941605
1469 0.009900575508680374
1470 0.009896853275930937
1471 0.009893096111529297
1472 0.009889282439212688
1473 0.009885121565814063
1474 0.009881120347155681
1475 0.0098771279384544
1476 0.009873210512512042
1477 0.009869377050545422
1478 0.009865737411491165
1479 0.009862106705654055
1480 0.009858571781038336
1481 0.009855051612562137
1482 0.009851534138961006
1483 0.009848093643178835
1484 0.009844869556347511
1485 0.009841462438461854
1486 0.009838181228487597
1487 0.009835218348883262
1488 0.009832265177615734
1489 0.00982933030814153
1490 0.009826453704954838
1491 0.009823816089712039
1492 0.009821099946587027
1493 0.0098183708765971
1494 0.009815590143635105
1495 0.009812998076062276
1496 0.009810509119101536
1497 0.009808096667026792
1498 0.009805698797534578
1499 0.009803361482486769
1500 0.009801178198134867
1501 0.009799196810866325
1502 0.009797602028225293
1503 0.009795681508319474
1504 0.009793353560046025
1505 0.009791150585559846
1506 0.00978906833910642
1507 0.009786944045356271
1508 0.009785075219045801
1509 0.009783683107425344
1510 0.009782083378628679
1511 0.009780779237180194
1512 0.009779571851888505
1513 0.009778187228201854
1514 0.009777001283250137
1515 0.009775863097468612
1516 0.009774751961316077
1517 0.009773680810886493
1518 0.00977263137990172
1519 0.009771441990386832
1520 0.009769973759774907
1521 0.009768589664608361
1522 0.009767475551719999
1523 0.009766314784356842
1524 0.009765277923626888
1525 0.009764427309502402
1526 0.009763322845291841
1527 0.009762303947575978
1528 0.009761136514660674
1529 0.009760026932711616
1530 0.009758621066181019
1531 0.009757402137408106
1532 0.009755984868209687
1533 0.009754374441869121
1534 0.009752983666981912
1535 0.009751361361336891
1536 0.009749812599054913
1537 0.009748706275608407
1538 0.009747530015782735
1539 0.009745834076958523
1540 0.009744660676265587
1541 0.009742921723606218
1542 0.00974147510044715
1543 0.00973955739944894
1544 0.009737565322629791
1545 0.009735510495656855
1546 0.009733466518226343
1547 0.009731743764910603
1548 0.009729943840149009
1549 0.009727820089070664
1550 0.009725667853863333
1551 0.009723400438872595
1552 0.009721515460593591
1553 0.009719423937999256
1554 0.009717390494129717
1555 0.009715610733695946
1556 0.009713789481411302
1557 0.009711709580866135
1558 0.009709473897713813
1559 0.009706872002287603
1560 0.009704313793105743
1561 0.009701946812481462
1562 0.009699507861699435
1563 0.009697083684492876
1564 0.009694402826171983
1565 0.009691522620563855
1566 0.009688874549855136
1567 0.009686390209707178
1568 0.009683617237856209
1569 0.009680822517052315
1570 0.009678031484272331
1571 0.009675356396192483
1572 0.00967244782583007
1573 0.009669456245912181
1574 0.009666618879532138
1575 0.009663771487562683
1576 0.009661219347443129
1577 0.009658558211254196
1578 0.009655800201537322
1579 0.009652921151064465
1580 0.009650112731011785
1581 0.009647446683622414
1582 0.009644742275145926
1583 0.009641935831088981
1584 0.009639273912192778
1585 0.009636971993280598
1586 0.009634876975713646
1587 0.009632454563803973
1588 0.009629774085619373
1589 0.009627442478010895
1590 0.009625139935555171
1591 0.009622722551478963
1592 0.009620537454240033
1593 0.009618543534780408
1594 0.009616243833395346
1595 0.009614175833810178
1596 0.009612272219854331
1597 0.009610219327116172
1598 0.009608434602991364
1599 0.009606413215460474
1600 0.009604389485380307
1601 0.009602533656311708
1602 0.009600168162564707
1603 0.00959848858871447
1604 0.009596902092153494
1605 0.009595134919374167
1606 0.009593670963034307
1607 0.009592241647890873
1608 0.009590816907551692
1609 0.009589131178540392
1610 0.009587705310751541
1611 0.009586091314120032
1612 0.009584514069832477
1613 0.009583217872769945
1614 0.009581879717769151
1615 0.009580534226875905
1616 0.009578745619784499
1617 0.009577265270849872
1618 0.009575992524808997
1619 0.009575089415983397
1620 0.009573946804202465
1621 0.009572500056258248
1622 0.009570934949121875
1623 0.009569295488941748
1624 0.00956794337438819
1625 0.009566657354239491
1626 0.009565268521575625
1627 0.009563782850597804
1628 0.009562330506359958
1629 0.009560951156448368
1630 0.009560017239673467
1631 0.009558818460566469
1632 0.009557574599740649
1633 0.009556641937260043
1634 0.009555389501172561
1635 0.009553996203311009
1636 0.009552821664689019
1637 0.009551623025053968
1638 0.009550329555908944
1639 0.009549060120314545
1640 0.009547666110914189
1641 0.009546098526391079
1642 0.009544358982393432
1643 0.009542659292171836
1644 0.009541150343360512
1645 0.009539640408372234
1646 0.009538188139816524
1647 0.009536986506902616
1648 0.009535796676700939
1649 0.009534307133767751
1650 0.009532454954119999
1651 0.009530622930471118
1652 0.00952893862648389
1653 0.00952723998374479
1654 0.009525716037975321
1655 0.009523999461747111
1656 0.009522361307091989
1657 0.009520901775596301
1658 0.00951911840535908
1659 0.009517744662553394
1660 0.009516356266652095
1661 0.009514553412717978
1662 0.009512984927244729
1663 0.009511378463469129
1664 0.009509260151827997
1665 0.009506911524014077
1666 0.009504793807129798
1667 0.009502454109729535
1668 0.009500390801158394
1669 0.009498456391629414
1670 0.009496583840223729
1671 0.00949479304964964
1672 0.009492968765112509
1673 0.009491243811366387
1674 0.009489500151891147
1675 0.009487651883759144
1676 0.009485919708280544
1677 0.009484121680796482
1678 0.009482004620866524
1679 0.009479968343407363
1680 0.009477764526724559
1681 0.009475644852925392
1682 0.00947360972276067
1683 0.009471764589835389
1684 0.009469662514850673
1685 0.009467645870218295
1686 0.009465757342151741
1687 0.009463941464729299
1688 0.009461895621843474
1689 0.009459735823947206
1690 0.009457626562123062
1691 0.009455748600478552
1692 0.009454095909953457
1693 0.009452349658944939
1694 0.009450632943697556
1695 0.009448636565022175
1696 0.009446329879280995
1697 0.009444175701223056
1698 0.009442421303787472
1699 0.009440531939255654
1700 0.009438742505640221
1701 0.009437238215328709
1702 0.009435836646753614
1703 0.009434587640557112
1704 0.009433065011767522
1705 0.009431506188387388
1706 0.0094297861869278
1707 0.009427883541130252
1708 0.009425979926307299
1709 0.00942425937340023
1710 0.009422489254516312
1711 0.009420876248302693
1712 0.00941947858209353
1713 0.009418069975652333
1714 0.009416790667117151
1715 0.009415485363218477
1716 0.009414250022879338
1717 0.009413120301747983
1718 0.0094117248981474
1719 0.009410172969587752
1720 0.009408844921777713
1721 0.009407694227669562
1722 0.009406667485138204
1723 0.009405186733263132
1724 0.00940375044478029
1725 0.0094020691220289
1726 0.009400497657344966
1727 0.009398999404028
1728 0.009397457824774202
1729 0.009396183251908337
1730 0.00939526336324095
1731 0.009394182215827333
1732 0.009393271408444976
1733 0.009392090693609816
1734 0.009390910538745889
1735 0.009389603201686754
1736 0.009388151808753955
1737 0.009386776814129624
1738 0.009385225896023995
1739 0.009383864222202352
1740 0.009382318625430226
1741 0.00938105577662292
1742 0.009379961007620315
1743 0.009378741821869114
1744 0.009377344800353375
1745 0.009375854576914025
1746 0.009374381947362594
1747 0.009373060997303126
1748 0.009371935366599143
1749 0.009371068639003609
1750 0.009369958598016922
1751 0.00936831522650654
1752 0.009366717603882321
1753 0.009365129089451035
1754 0.009363417773874007
1755 0.009361954982926912
1756 0.009360889231219657
1757 0.009359558413455356
1758 0.009358151685174251
1759 0.009356977352755669
1760 0.009355420473902096
1761 0.009353783153429817
1762 0.009352029507142961
1763 0.009350596011282839
1764 0.009349173450144245
1765 0.009347549718200354
1766 0.009346031389941124
1767 0.009344487046131026
1768 0.00934298681975065
1769 0.009341658640579733
1770 0.009340293815372656
1771 0.009338686398003086
1772 0.009337128874287712
1773 0.009335442309941525
1774 0.009333435680373925
1775 0.009331438413033195
1776 0.009329450304590583
1777 0.009327803588668717
1778 0.009326416130372309
1779 0.009325450011995286
1780 0.009324102687346594
1781 0.009322531175847403
1782 0.00932106860874716
1783 0.009319070125906312
1784 0.009317324146992099
1785 0.009315697335062236
1786 0.009314116273126099
1787 0.009312622874710033
1788 0.009311056118318275
1789 0.009309244324653078
1790 0.0093074277769868
1791 0.009305639771532695
1792 0.009304078087778171
1793 0.009302908047586652
1794 0.009301488841337349
1795 0.009300003939889853
1796 0.009298346145521889
1797 0.009296689686198349
1798 0.009294879409281384
1799 0.009293519018172833
1800 0.009292640480843406
1801 0.009291165080610585
1802 0.009289592033642906
1803 0.009288013517471059
1804 0.009286257099221493
1805 0.009284394592243601
1806 0.009282912887422053
1807 0.009281468291746361
1808 0.009280145687002313
1809 0.009278847946727247
1810 0.009277298582341016
1811 0.009275840166144687
1812 0.009274141746926369
1813 0.00927261030743155
1814 0.009271173231142136
1815 0.009270091816971646
1816 0.009269105935385665
1817 0.009268010338060061
1818 0.00926658302726621
1819 0.009264811369580604
1820 0.009263097953565615
1821 0.009261620582294893
1822 0.009260277622165974
1823 0.009259011207589591
1824 0.009257833337138597
1825 0.009256651192907106
1826 0.009255321853696753
1827 0.009254036081729247
1828 0.009252586251170595
1829 0.009250938051471497
1830 0.0092491203854851
1831 0.009247464914253602
1832 0.009246258688995108
1833 0.009245323894163111
1834 0.009244075072302665
1835 0.009243335920866741
1836 0.009242597017044709
1837 0.009241334247835482
1838 0.009239915597333802
1839 0.009238472546059511
1840 0.009237077712089299
1841 0.009235509084345565
1842 0.009234134700147618
1843 0.0092327862236513
1844 0.009231394107880969
1845 0.009230228277515042
1846 0.00922902760415008
1847 0.009227711574024656
1848 0.009226445983918976
1849 0.009225326397452755
1850 0.009223957595451355
1851 0.009222984431859945
1852 0.009221829746226897
1853 0.009220526783465795
1854 0.009218855903031764
1855 0.009217360350907958
1856 0.009216200368028978
1857 0.009214785192189852
1858 0.009213508722846413
1859 0.009211898428577756
1860 0.00921046613584801
1861 0.009208967289563663
1862 0.009207587079657433
1863 0.009206203312917232
1864 0.009204707442919367
1865 0.009203704081421639
1866 0.009202716749627455
1867 0.00920145207492112
1868 0.009200175919949679
1869 0.009198825096417921
1870 0.009197429525139774
1871 0.009196262226390941
1872 0.009195044928998303
1873 0.009193515236421266
1874 0.00919204622910212
1875 0.009190329888577672
1876 0.009188876798570876
1877 0.009187595995101713
1878 0.009186187073139009
1879 0.009184995937095855
1880 0.009184301061294371
1881 0.009182526670349193
1882 0.009181077201855141
1883 0.009179813742203006
1884 0.009178259117003231
1885 0.009176846996603445
1886 0.00917565991262162
1887 0.009174288307231333
1888 0.00917319333321576
1889 0.009171793319968301
1890 0.009169979101610168
1891 0.009168394342139407
1892 0.009167104768061624
1893 0.009165795499884912
1894 0.009164512889395408
1895 0.009163534306812701
1896 0.009162326582587603
1897 0.009160928763541475
1898 0.009159772095164651
1899 0.009158258003274057
1900 0.009157037771572993
1901 0.009156144440224362
1902 0.009154795826808615
1903 0.00915323526853095
1904 0.009151627154276415
1905 0.009149611557141262
1906 0.009148005270475251
1907 0.009146818682368446
1908 0.009145870293780179
1909 0.009144816360756064
1910 0.009143742914945009
1911 0.009142648048787359
1912 0.009141115692800338
1913 0.009139853560819099
1914 0.009138405003247759
1915 0.009136955185597968
1916 0.009135779528761401
1917 0.0091344665893932
1918 0.009133410361008889
1919 0.009132415886493418
1920 0.009131237640800838
1921 0.00913014868093282
1922 0.009128715328479458
1923 0.009127261851123123
1924 0.009125826821199379
1925 0.009124755190437876
1926 0.009122999796462361
1927 0.009121570937251352
1928 0.009120416518482931
1929 0.009119450141988188
1930 0.009118924720295699
1931 0.009118392229061989
1932 0.009117304560010401
1933 0.009115938282117051
1934 0.009114474613723592
1935 0.009113055543559083
1936 0.009111753115813191
1937 0.009110724622804987
1938 0.009109807550186189
1939 0.009108577724063026
1940 0.009107196452882842
1941 0.009105884809556467
1942 0.009104698824082314
1943 0.009103383981479422
1944 0.009102155491539459
1945 0.009101139510225804
1946 0.009100049958556282
1947 0.00909875124358083
1948 0.009097464824514233
1949 0.009096207585510307
1950 0.009094995472317272
1951 0.009094058825976758
1952 0.009093126083319889
1953 0.009092092425046669
1954 0.009091089384962432
1955 0.009089897212730149
1956 0.009088899949900359
1957 0.009087678489938697
1958 0.009086299197091906
1959 0.009084999323831184
1960 0.009083683801123888
1961 0.009082298884824215
1962 0.00908093043405251
1963 0.009079512816429018
1964 0.009078407901782657
1965 0.009077447884515982
1966 0.009076640955133705
1967 0.009075866276298049
1968 0.009075055204049061
1969 0.00907387654143698
1970 0.009072546950295562
1971 0.009071288023059067
1972 0.009070120366155419
1973 0.009069085664700039
1974 0.009067737570900878
1975 0.009066600808061359
1976 0.009065822140422033
1977 0.009064716198036112
1978 0.009063238397177971
1979 0.009061786999101911
1980 0.00906050482675457
1981 0.009059762520536391
1982 0.009059030770737187
1983 0.009057837170586138
1984 0.009056688581010724
1985 0.009055536552345382
1986 0.009054142627955914
1987 0.00905323534566228
1988 0.009052260248390044
1989 0.009051018358286665
1990 0.009049385760642466
1991 0.009048041793467127
1992 0.00904688576846613
1993 0.009046099581504126
1994 0.00904521595896996
1995 0.009044600329913029
1996 0.009043649555763592
1997 0.009042149459219481
1998 0.009040813455043456
1999 0.00903975752363095
2000 0.009038677311803705
2001 0.00903808452157262
2002 0.009037499965574951
2003 0.009036302677864923
2004 0.009035009495138531
2005 0.009033769715507624
2006 0.009032690785783837
2007 0.009031726039582818
2008 0.009030609360915652
2009 0.009029653207123614
2010 0.009028516774820725
2011 0.009027648542724606
2012 0.009026552686860038
2013 0.009025282218727516
2014 0.009024192607429645
2015 0.009023272600924941
2016 0.009022151306896896
2017 0.009021414944240783
2018 0.009020622087097193
2019 0.009019370943288668
2020 0.009018351421916749
2021 0.009017346207177869
2022 0.009016537244626914
2023 0.009015407767139751
2024 0.00901403157388507
2025 0.00901314265440655
2026 0.009012363582578425
2027 0.009011529612180389
2028 0.00901070425136645
2029 0.009009666686397333
2030 0.009008360056797241
2031 0.009007406355205182
2032 0.009006447970530025
2033 0.009005055290512931
2034 0.009004008729574447
2035 0.009003216660034971
2036 0.009002482262365399
2037 0.009001355224054359
2038 0.009000492615269742
2039 0.008999968395221686
2040 0.008999634501559602
2041 0.008999030960629937
2042 0.008998115926530935
2043 0.008997065790295127
2044 0.00899578959264492
2045 0.008994678741943728
2046 0.008993972660791154
2047 0.008992965007367406
2048 0.00899190731239987
2049 0.008990989985026031
2050 0.008989510705654827
2051 0.008988617585850954
2052 0.008988043988885416
2053 0.008987570782784908
2054 0.008987059611831461
2055 0.008986420991626604
2056 0.008985630554114256
2057 0.008984333583391891
2058 0.008983056763854682
2059 0.008981973236431198
2060 0.008981013753262811
2061 0.008980377559468369
2062 0.008979552218347887
2063 0.008978548359359757
2064 0.008977984698758185
2065 0.008977328028782525
2066 0.008976513127612355
2067 0.008975788330803028
2068 0.008975094439145341
2069 0.008973836134801211
2070 0.008972303696824821
2071 0.008971306931145961
2072 0.008970708298251225
2073 0.008969834216154281
2074 0.008969144778037969
2075 0.008968690707920045
2076 0.008968100581831338
2077 0.008967386656028187
2078 0.008966553634022146
2079 0.008965797238129946
2080 0.008965092896317346
2081 0.008964261824680618
2082 0.00896341988568459
2083 0.008962639397646964
2084 0.008961923094665335
2085 0.008960971100067369
2086 0.008959954891243318
2087 0.008959047949063706
2088 0.008958115022362085
2089 0.008957388607131344
2090 0.008956501202419878
2091 0.008955331836066399
2092 0.008954407211715341
2093 0.008953815081241608
2094 0.008953144499212069
2095 0.00895244236374256
2096 0.008951988294684828
2097 0.008951823174867131
2098 0.008951698806846011
2099 0.008950951218964562
2100 0.008949998946325269
2101 0.008949080027004338
2102 0.008948291133011739
2103 0.008947373535311488
2104 0.008946451708350411
2105 0.008945406622510562
2106 0.008944332805363643
2107 0.008943742608328066
2108 0.008943402374920535
2109 0.008942960064209072
2110 0.008942540767111666
2111 0.008941922968415741
2112 0.008941243381307472
2113 0.008940614563508496
2114 0.008939857141803594
2115 0.008939219004443864
2116 0.008938305215825315
2117 0.008937031566801909
2118 0.008936343998697941
2119 0.00893601111932751
2120 0.008935626202402094
2121 0.008934915024947738
2122 0.008934158575382942
2123 0.008933334222639474
2124 0.008932700854681874
2125 0.008932257307228441
2126 0.008931880017551783
2127 0.0089313802517288
2128 0.008930765765615925
2129 0.008929898106686159
2130 0.008929172884528543
2131 0.008928663383504482
2132 0.008928139055667347
2133 0.008927859024326659
2134 0.008927242979918669
2135 0.008926455548328473
2136 0.008925826700735528
2137 0.008925457016551964
2138 0.008925182564853935
2139 0.008924749211555606
2140 0.008924012941460398
2141 0.008923311933228444
2142 0.008922884763830212
2143 0.008922247175086528
2144 0.008921491842503975
2145 0.008920696631841479
2146 0.008920158725091857
2147 0.00892008230930885
2148 0.008919768748393146
2149 0.008919085585214807
2150 0.008918363325531951
2151 0.008917552046399513
2152 0.00891681906683961
2153 0.008916112064725893
2154 0.008915921319741055
2155 0.008916145673369704
2156 0.008915765937394894
2157 0.008914665881481298
2158 0.008913700935376009
2159 0.008913070836216879
2160 0.008912325058496241
2161 0.008912133133924534
2162 0.008912041917381902
2163 0.00891173173933852
2164 0.008911500611583063
2165 0.008911181149954588
2166 0.008910642865558651
2167 0.008910143196944135
2168 0.008909365795473252
2169 0.008909067476114658
2170 0.008908972300633308
2171 0.00890851601264725
2172 0.008907568142395397
2173 0.008906750224767506
2174 0.008906261315763754
2175 0.008905641846629352
2176 0.008905507177477953
2177 0.008905488767202081
2178 0.008904973236175798
2179 0.008904452408797003
2180 0.008904171262236018
2181 0.008903783602470737
2182 0.008903355742054149
2183 0.00890321388552457
2184 0.008902476562203937
2185 0.00890214975681315
2186 0.008901761684927536
2187 0.008901378204542499
2188 0.008901133628638615
2189 0.008900588354706944
2190 0.008900231827732108
2191 0.008900128994360292
2192 0.008899840242362301
2193 0.008899571024514785
2194 0.00889932509009142
2195 0.008898615593913041
2196 0.008897807941833832
2197 0.00889725615995769
2198 0.008896619508772833
2199 0.00889629341073629
2200 0.008896101090460067
2201 0.008895788877702218
2202 0.008895692034980507
2203 0.008895734717192166
2204 0.00889533388718026
2205 0.008895129815053806
2206 0.008895082751296649
2207 0.008894687904489993
2208 0.008894310784595768
2209 0.008893821296798521
2210 0.00889317189347825
2211 0.0088927049510932
2212 0.008892202812868701
2213 0.008892231657325944
2214 0.008892290880598258
2215 0.008892328984971566
2216 0.008892241710491829
2217 0.008892239134793778
2218 0.008892034421373639
2219 0.008891838725565961
2220 0.008891845733439301
2221 0.008891361606212178
2222 0.008890663745347877
2223 0.008889938036898228
2224 0.008889446325603305
2225 0.008888877878088066
2226 0.008888702891365067
2227 0.008889163144876778
2228 0.00888944187317002
2229 0.008889630000450143
2230 0.008889419248336649
2231 0.008889041625254298
2232 0.008888829745823685
2233 0.008888685334820892
2234 0.0088886030000974
2235 0.008888284000784426
2236 0.008887572116705272
2237 0.008887135150909758
2238 0.008886699955948273
2239 0.008886623808832877
2240 0.008886496626764363
2241 0.008886632974588145
2242 0.008886991051049438
2243 0.00888709405624339
2244 0.008886875416635492
2245 0.008886673456071345
2246 0.008886681885203872
2247 0.008886744080491173
2248 0.008886844394058676
2249 0.008886691504309326
2250 0.008885972839135024
2251 0.008885259358828838
2252 0.008884748050525436
2253 0.008884933414455084
2254 0.008885168471657457
2255 0.008885238678453958
2256 0.00888527039686543
2257 0.008885177426010962
2258 0.008884824811842787
2259 0.008884530605271442
2260 0.008884342973978478
2261 0.008884372030639805
2262 0.008884389562879127
2263 0.008884145234985456
2264 0.008884306997092674
2265 0.008884006268886233
2266 0.008883564200785165
2267 0.008883642553257751
2268 0.008883982414419621
2269 0.008883948979034802
2270 0.008883705634261127
2271 0.00888373984820981
2272 0.008883958867914134
2273 0.008884261109610879
2274 0.008884538361177006
2275 0.008884351409577211
2276 0.008883774742913712
2277 0.008883428317209759
2278 0.008883487842397704
2279 0.008883629035349852
2280 0.008883683591010994
2281 0.008883444604311211
2282 0.008883660745656068
2283 0.008883624161289851
2284 0.00888347481655433
2285 0.008883743864697357
2286 0.008884021574326542
2287 0.008883984926745008
2288 0.008883642630752931
2289 0.008883507035362502
2290 0.008883433658341034
2291 0.008883413759703078
2292 0.008883674919483447
2293 0.008884030461970513
2294 0.00888405268503179
2295 0.008884428564945654
2296 0.008884780610573583
2297 0.008884447010163207
2298 0.008884107960301447
2299 0.008883872355800002
2300 0.008883714885101085
2301 0.008883661581515604
2302 0.008883721840007321
2303 0.008883791746947539
2304 0.008883849319842003
2305 0.00888391366598951
2306 0.008884270864855546
2307 0.008884787546371528
2308 0.008885285898255943
2309 0.008885274653342818
2310 0.008885237496849144
2311 0.008884846751620002
2312 0.00888468313000418
2313 0.00888455566819565
2314 0.008884785084843552
2315 0.008885008122790736
2316 0.008885578767600173
2317 0.008885860123852831
2318 0.008886278140423887
2319 0.008886283767069283
2320 0.008886171831540916
2321 0.008886176961047668
2322 0.008886110595502423
2323 0.008886257011898362
2324 0.008886540477876743
2325 0.00888701485194613
2326 0.00888711501273123
2327 0.00888712420381734
2328 0.008887032204701578
2329 0.008887087095073316
2330 0.008887148287434038
2331 0.008887318798792515
2332 0.008887606832867667
2333 0.008888104101578595
2334 0.008888119018422513
2335 0.008888158361598158
2336 0.008888749826051545
2337 0.00888890950233056
2338 0.008889008774852721
2339 0.008889573924070863
2340 0.008889863603702719
2341 0.008890015061586059
2342 0.008890167076003366
2343 0.008890129213831118
2344 0.008890374657488329
2345 0.008890295445657863
2346 0.008890409453480864
2347 0.008890404460840501
2348 0.008890555036639457
2349 0.008890818589811236
2350 0.008891539809384327
2351 0.008892278981927368
2352 0.008892632555738423
2353 0.008892696329876727
2354 0.008893021916293866
2355 0.008893046905589097
2356 0.008892691933976108
2357 0.00889260022715058
2358 0.008892926841957275
2359 0.008893477708394579
2360 0.008893912875425207
2361 0.008893800996857729
2362 0.008894346243523157
2363 0.008894669395092874
2364 0.008894741427466192
2365 0.008895264788174685
2366 0.008895754689594266
2367 0.0088963690819938
2368 0.008896733601861424
2369 0.00889691342753924
2370 0.008896944199723811
2371 0.008896667582928156
2372 0.008896818212891126
2373 0.008897350802532062
2374 0.00889769630142781
2375 0.008897941965665018
2376 0.00889851298347877
2377 0.008898844116945186
2378 0.008899029380700155
2379 0.008899606180928842
2380 0.008900207782376801
2381 0.008900656906429707
2382 0.00890099120557936
2383 0.00890110252918801
2384 0.008901228817757036
2385 0.008900983416121319
2386 0.008900969141746682
2387 0.008901263300509808
2388 0.008901905520116852
2389 0.008902507677019434
2390 0.008902891778919515
2391 0.008903108062247662
2392 0.0089030609030576
2393 0.008903578975207408
2394 0.008904509585552776
2395 0.00890535290590562
2396 0.008906195632080317
2397 0.008906309168871397
2398 0.008906240349992182
2399 0.008906145717389255
2400 0.008905977348582962
2401 0.00890608236821154
2402 0.008906287362805838
2403 0.00890685285962551
2404 0.008907336740699132
2405 0.008907983363678266
2406 0.008908712346720837
2407 0.008909292434306368
2408 0.008909970215745496
2409 0.008910197054145745
2410 0.008909986899104827
2411 0.008909973959701204
2412 0.008910551465466404
2413 0.008911284390244981
2414 0.00891148219874697
2415 0.008912066537504719
2416 0.008912793474571242
2417 0.00891323514447045
2418 0.008913766891578339
2419 0.008914197709363839
2420 0.008914476652648457
2421 0.008914350154490295
2422 0.008914535918552775
2423 0.00891508948145874
2424 0.008915167345318876
2425 0.008915537384864067
2426 0.008916054087899241
2427 0.008916586273348567
2428 0.008917165499224722
2429 0.008917645648814667
2430 0.008918213194870217
2431 0.008918671933205944
2432 0.008918963190393151
2433 0.008919338799307293
2434 0.008919765387900224
2435 0.008920545412579473
2436 0.008921100016804599
2437 0.00892168667903304
2438 0.008922401081966149
2439 0.008922590506630287
2440 0.00892286156389796
2441 0.008923433880497912
2442 0.008923843475575642
2443 0.008923921430967947
2444 0.008924045182981477
2445 0.008924519053213873
2446 0.008924863629019616
2447 0.008925268783394806
2448 0.008925985990879229
2449 0.008926784030783763
2450 0.008927462030289603
2451 0.00892812689964856
2452 0.008928709583049104
2453 0.008928794650668473
2454 0.008928948007441522
2455 0.008929422480799176
2456 0.008929809605558262
2457 0.00893007363080409
2458 0.008930310809247721
2459 0.008930819275141857
2460 0.008931331890097734
2461 0.008931870607245047
2462 0.008932677400602036
2463 0.008933724678283397
2464 0.008934177761017684
2465 0.008934411506934045
2466 0.008934742900593975
2467 0.008935221897486729
2468 0.008935498022214099
2469 0.008935829920592178
2470 0.008936414945279874
2471 0.008937254938774755
2472 0.008937760965176908
2473 0.00893816095584162
2474 0.008938749240110165
2475 0.008939381741646619
2476 0.008939639798677061
2477 0.008939948435162373
2478 0.008940545634236161
2479 0.00894099436371645
2480 0.008941496291599778
2481 0.008942340491713597
2482 0.008942630400214232
2483 0.008943086117303472
2484 0.008943736406940728
2485 0.008944354315164198
2486 0.008944801315015676
2487 0.008945125770343518
2488 0.008945701709133917
2489 0.008946263175104934
2490 0.008946667501864816
2491 0.008946900153324488
2492 0.008947414111280937
2493 0.008948160853467361
2494 0.008948823980846234
2495 0.00894986841996317
2496 0.008950476411937237
2497 0.008950784512224612
2498 0.008951004601838307
2499 0.008951568136419816
2500 0.008952121860477977
2501 0.008952271821915997
2502 0.008952695508627553
2503 0.008953335268169793
2504 0.00895395289731412
2505 0.008954677058191807
2506 0.008955163561742856
2507 0.008955532984954794
2508 0.00895597232582181
2509 0.008956560996095039
2510 0.008957124789000679
2511 0.008957407031274638
2512 0.008957977905001427
2513 0.008958683796461741
2514 0.008959138497578546
2515 0.008959549113046495
2516 0.008959874867142602
2517 0.008960615583523504
2518 0.008961689856458588
2519 0.008962612891274382
2520 0.008963167045595617
2521 0.008963478956318339
2522 0.008963811940718136
2523 0.008964114073048569
2524 0.008964681345449803
2525 0.008965320456810968
2526 0.008966165393002176
2527 0.008966716022459556
2528 0.008967164903465051
2529 0.008967363578957608
2530 0.008967651013296695
2531 0.008968213171551115
2532 0.008968821152537812
2533 0.00896928460320841
2534 0.008969835862722353
2535 0.008970334797899078
2536 0.008970953641466467
2537 0.008971855347728071
2538 0.008972460058944818
2539 0.008973124095087208
2540 0.008973748276998123
2541 0.008974068048025934
2542 0.008974143677220688
2543 0.008974658708033415
2544 0.008975471582583007
2545 0.008976265556854327
2546 0.008976988988216897
2547 0.008977868645191291
2548 0.008978594288138174
2549 0.008979050552936305
2550 0.008979347916316768
2551 0.008979794705646952
2552 0.0089800197110558
2553 0.008980471257076928
2554 0.008981181468584908
2555 0.008981543730018915
2556 0.008981984248004844
2557 0.00898268803654559
2558 0.008983534808388753
2559 0.008984445814672769
2560 0.008985195448195661
2561 0.008985738246679144
2562 0.008986114962530279
2563 0.008986347060681767
2564 0.008986386174982736
2565 0.00898687773301422
2566 0.008987389976327804
2567 0.008987933111256577
2568 0.008988682786701795
2569 0.008989389645513216
2570 0.008990154760956286
2571 0.008991343856553561
2572 0.00899231655705769
2573 0.008992958374426574
2574 0.008993202207481807
2575 0.008993316296670344
2576 0.008993714861060426
2577 0.008993955737925725
2578 0.008994216882933661
2579 0.008994486150088405
2580 0.008994944648936952
2581 0.008995526649629285
2582 0.008996094018851803
2583 0.008997039089008547
2584 0.008997953330442433
2585 0.008998836907012248
2586 0.008999698447758844
2587 0.009000074954728233
2588 0.009000171300097505
2589 0.009000579728437005
2590 0.00900125272052632
2591 0.009001838714894952
2592 0.009002218024799603
2593 0.009002655445597385
2594 0.009003158076787922
2595 0.009003193527193972
2596 0.009003813482652199
2597 0.009004891829734933
2598 0.009006014734135094
2599 0.009007207791406359
2600 0.009007973539178428
2601 0.009008459644798931
2602 0.009008645569706639
2603 0.009008734615194853
2604 0.009008886116945353
2605 0.009009465468698782
2606 0.009010227816960531
2607 0.009010929943017157
2608 0.0090111276504181
2609 0.00901114346765753
2610 0.009011376921359058
2611 0.009012219588952833
2612 0.009013153591957096
2613 0.009013961196012115
2614 0.009014564553359111
2615 0.009015184614278202
2616 0.009015664760913254
2617 0.009016175499458762
2618 0.009016772457057985
2619 0.009017620756554375
2620 0.009018325137367585
2621 0.009018763131859973
2622 0.00901872289781473
2623 0.00901902332646241
2624 0.009019285953947354
2625 0.009019887988894904
2626 0.009020401355976098
2627 0.009021111422211839
2628 0.009021962207200043
2629 0.009023042434279297
2630 0.00902392767415414
2631 0.009024530401984792
2632 0.009024892092503142
2633 0.00902525336433764
2634 0.009025493914487155
2635 0.009025872456117008
2636 0.009026237880518671
2637 0.009026474230738105
2638 0.009026837182985798
2639 0.00902743267841977
2640 0.009028134591341303
2641 0.009029048765512962
2642 0.009029595115088065
2643 0.009030175490354571
2644 0.009030534994292329
2645 0.009030853749751882
2646 0.009031490705673422
2647 0.009031894124504577
2648 0.009032095890349845
2649 0.009032978776018058
2650 0.00903345712359073
2651 0.009034034095101094
2652 0.009034541784607802
2653 0.009034784443521475
2654 0.009035280160679213
2655 0.009035830336183595
2656 0.0090364677260943
2657 0.009037073215527162
2658 0.009038039003906697
2659 0.009039026817170115
2660 0.0090394522369738
2661 0.009039754580813665
2662 0.009039850609465444
2663 0.009040081350992928
2664 0.009040545809033098
2665 0.009041301570373155
2666 0.009041556525706877
2667 0.009042014373929647
2668 0.00904244396092469
2669 0.009043199247303466
2670 0.009044240700612863
2671 0.009045010797871492
2672 0.009045399273270199
2673 0.009045453237255053
2674 0.00904551301884818
2675 0.009045928282872593
2676 0.009046569644788912
2677 0.009047468781123797
2678 0.009048032566194327
2679 0.00904858065659357
2680 0.009048973691250555
2681 0.009049326623063379
2682 0.009049706238272405
2683 0.009050323733576202
2684 0.009051182682956974
2685 0.009051790505457657
2686 0.009051797297612609
2687 0.009051862871977739
2688 0.009052436551026432
2689 0.009053000828968231
2690 0.009053596615359144
2691 0.009054186485792416
2692 0.009054971119627046
2693 0.009055512110532
2694 0.009055775870920187
2695 0.009055659467926917
2696 0.009055715461408079
2697 0.009055750627201549
2698 0.009056414465259708
2699 0.009057571686017528
2700 0.009058596549259963
2701 0.009059246280324141
2702 0.009059699746808517
2703 0.009060123854038878
2704 0.009060399986585303
2705 0.009060910863075056
2706 0.009061269008943031
2707 0.009061595686552435
2708 0.009061641704512126
2709 0.009061959039087171
2710 0.009062457661766814
2711 0.009062881172538348
2712 0.00906354261078427
2713 0.009064245162661189
2714 0.009064500736979217
2715 0.009064902024762846
2716 0.009065583549043495
2717 0.009066243988421098
2718 0.00906676312394074
2719 0.009066875417802168
2720 0.009067417211361525
2721 0.009067978891375722
2722 0.009068531565480813
2723 0.009068879750783953
2724 0.009069329877743575
2725 0.009069459871950451
2726 0.009069938209415615
2727 0.009070511312490565
2728 0.009071102126815956
2729 0.009071378280745722
2730 0.009071855578404011
2731 0.009072316392373686
2732 0.009072570268590863
2733 0.009072797742905241
2734 0.009072919260246974
2735 0.009073598733127556
2736 0.009074210275161782
2737 0.009074660542810567
2738 0.009074852007323216
2739 0.009075229840779653
2740 0.009075413879296335
2741 0.009075539346242141
2742 0.009076095150749435
2743 0.009076579679947266
2744 0.009077163721647141
2745 0.009077893866964294
2746 0.00907852599426733
2747 0.009079083104161013
2748 0.009079333253442826
2749 0.009079581141116507
2750 0.009079813162258914
2751 0.009080116568488913
2752 0.009080541147658177
2753 0.009080987564149707
2754 0.009081254777638692
2755 0.009081618821284334
2756 0.009082237069401807
2757 0.009082904639019569
2758 0.00908344840000359
2759 0.009083595417230934
2760 0.009083940164530941
2761 0.00908452585273218
2762 0.009084743374664842
2763 0.009085137120190823
2764 0.009085663588823621
2765 0.009086085251046072
2766 0.009086477277675926
2767 0.009086442593180628
2768 0.009086486877657772
2769 0.009086681316389176
2770 0.009087329743566779
2771 0.009088157367562062
2772 0.009088409783472548
2773 0.009088600006258295
2774 0.009088832475577142
2775 0.009088950029333034
2776 0.009089170016195492
2777 0.009089216636430893
2778 0.009089876995559286
2779 0.009091028181962935
2780 0.00909192692303961
2781 0.009092234365890881
2782 0.009092106286839629
2783 0.009092152648497756
2784 0.009092245355853441
2785 0.009092323943313736
2786 0.0090930246539861
2787 0.009093228968142627
2788 0.009093576227408914
2789 0.009093766669794711
2790 0.009094310069686445
2791 0.009094977350960799
2792 0.009095443117909219
2793 0.009095911692368843
2794 0.009096136141283755
2795 0.009096053382399933
2796 0.009096131594829431
2797 0.009096374201475018
2798 0.009096474729521017
2799 0.009097005723254436
2800 0.009097842007262958
2801 0.009098032343604135
2802 0.009098271109890524
2803 0.009098946966127815
2804 0.009099686068264308
2805 0.009100120382714369
2806 0.009100130901744118
2807 0.009100102824157276
2808 0.009100038145954578
2809 0.009100100481445977
2810 0.009100354002014177
2811 0.009100825084730533
2812 0.009101181392118801
2813 0.009101402793907089
2814 0.009102284351378989
2815 0.009102887278899075
2816 0.009103032892949548
2817 0.009103020377280937
2818 0.009103144465028952
2819 0.009103413341644853
2820 0.009103539158006902
2821 0.009103616532164181
2822 0.009103883766260331
2823 0.009104304106801155
2824 0.009104799655130585
2825 0.009105163127101284
2826 0.009105668390634722
2827 0.009105856430358262
2828 0.009106187406808663
2829 0.009106824103015049
2830 0.009106687275896237
2831 0.009106710419715954
2832 0.009106932824555205
2833 0.009107149902369459
2834 0.009107251066076787
2835 0.009107552322100705
2836 0.009108182717162129
2837 0.009108948177775102
2838 0.009109357345855518
2839 0.009109156493284219
2840 0.009109049805313633
2841 0.009109134140742296
2842 0.009109044345955815
2843 0.009109376296556433
2844 0.009109955031779218
2845 0.009110442633332154
2846 0.00911060097812012
2847 0.009110598194519431
2848 0.009111221069745075
2849 0.009111395946932232
2850 0.009112030929419042
2851 0.009112638527667858
2852 0.009112822810188206
2853 0.009112794119365242
2854 0.009112498336117126
2855 0.009112333826380473
2856 0.00911206381927209
2857 0.009112343374652289
2858 0.009112979046152466
2859 0.009113325902733383
2860 0.009113571451337635
2861 0.00911411280950657
2862 0.009114520874542093
2863 0.009115112058535164
2864 0.009115054412917935
2865 0.009114925322683777
2866 0.009115288168011286
2867 0.009115748113751663
2868 0.009115984120481049
2869 0.009116104483510728
2870 0.009116361433073475
2871 0.009116144368747983
2872 0.009116223627080413
2873 0.009116557659552042
2874 0.009116466127813286
2875 0.009116609546841251
2876 0.009116887574551218
2877 0.009117311739401973
2878 0.009117434705155868
2879 0.009117800509395414
2880 0.009118460725164819
2881 0.009118869413463696
2882 0.009118997694652339
2883 0.009118891409998964
2884 0.009118765545668445
2885 0.009118521524668886
2886 0.009118470743554794
2887 0.009118801306982956
2888 0.00911943359491001
2889 0.009120054294334722
2890 0.009120264606499142
2891 0.009120361503555326
2892 0.009120579325095244
2893 0.009120664822657254
2894 0.00912052819077268
2895 0.009120661100763766
2896 0.009120732614149994
2897 0.009120903863555154
2898 0.009120791953565608
2899 0.00912089044637456
2900 0.009121125705941579
2901 0.009121391479777204
2902 0.009122124747736157
2903 0.009122295707460957
2904 0.00912222087266283
2905 0.00912244428647809
2906 0.00912259788308676
2907 0.009122598188511405
2908 0.009122448989005778
2909 0.009122446211038939
2910 0.009122686035421945
2911 0.009122787959084951
2912 0.009123066101504205
2913 0.009123626185411004
2914 0.009123893242383737
2915 0.009123695900763871
2916 0.009123682215225141
2917 0.009123760287339761
2918 0.009123731152920353
2919 0.009124009939883099
2920 0.009124301359104288
2921 0.009124564510071993
2922 0.009124592165820369
2923 0.009124779455997231
2924 0.009125010703162913
2925 0.009125407551928311
2926 0.009125374185509993
2927 0.009124866566447912
2928 0.00912469818556398
2929 0.009124805542713377
2930 0.009125369969571202
2931 0.009125887690100471
2932 0.009125881905217162
2933 0.009125772048727264
2934 0.009125735850720108
2935 0.009125955825089481
2936 0.009126218638496379
2937 0.009126580465419528
2938 0.009126967818271809
2939 0.009127134767062213
2940 0.009126806043238876
2941 0.00912635547568242
2942 0.009126497388536789
2943 0.009126868686959513
2944 0.009126871916082444
2945 0.009127267380572148
2946 0.009127459254695431
2947 0.009127461572317936
2948 0.009127213164868189
2949 0.009127191014998039
2950 0.009127309854458662
2951 0.009127346201214168
2952 0.009127608366379507
2953 0.009127792581613363
2954 0.009127723805182288
2955 0.009127884368684804
2956 0.009127957172890559
2957 0.00912815330516983
2958 0.0091282163841718
2959 0.009128600901536397
2960 0.009128732923065836
2961 0.009128785667570031
2962 0.009128632534342087
2963 0.009128591032078123
2964 0.009128682595175257
2965 0.009128890067950861
2966 0.009128809979764389
2967 0.009129013875011182
2968 0.009129158486522253
2969 0.009129094861550785
2970 0.009129080328684631
2971 0.009129060499701447
2972 0.009128761748225274
2973 0.009128536096954888
2974 0.009128706044372881
2975 0.009129036934925918
2976 0.009129163866272787
2977 0.009129225036641963
2978 0.009129128448659634
2979 0.009129283850955716
2980 0.009129143804003554
2981 0.009128938683182132
2982 0.009129272171730941
2983 0.009129455319422006
2984 0.009129790618984749
2985 0.009129941879854817
2986 0.009130126305769535
2987 0.009130259249809376
2988 0.009130205202286549
2989 0.009130271350024186
2990 0.009130145566643846
2991 0.009130047299115677
2992 0.009129910045885743
2993 0.009129832858180973
2994 0.009129951495669869
2995 0.009129919614651207
2996 0.009129879920133069
2997 0.009130072729612781
2998 0.009130303482012247
2999 0.009130272391185329
3000 0.009130122649368876
