"drag-rfile"
"Iteration" "drag"
("Iteration" "drag")
1 2.029807137636742
2 2.808381229898729
3 3.395043036113798
4 3.758032986806516
5 3.970539531309393
6 4.045695990464058
7 4.000124549511395
8 3.807065386685784
9 3.527296201656005
10 3.306804685382706
11 3.024497502392595
12 2.781519209384917
13 2.59986142843988
14 2.470320312373243
15 2.424705475380349
16 2.352258098776344
17 2.240866693467051
18 2.106660925613701
19 1.961241929119607
20 1.810596138211617
21 1.658369365093365
22 1.508322465053093
23 1.363034494798976
24 1.222254379371632
25 1.088105451255211
26 0.9624206225650679
27 0.8437067982795738
28 0.7330037013093741
29 0.6298612180143675
30 0.5346028243722251
31 0.4472844159273824
32 0.3669962141621559
33 0.2932594648924368
34 0.2252585646984112
35 0.1637996995122058
36 0.1077252244250001
37 0.05608893029042694
38 0.009288223625440014
39 -0.03323178002511235
40 -0.07182481386449777
41 -0.1066290089106714
42 -0.1396711952598473
43 -0.1690313264426527
44 -0.1947191631368647
45 -0.2175959799543502
46 -0.2356415611637451
47 -0.2517266913298957
48 -0.2654832632597314
49 -0.2771861355201455
50 -0.2869368478845992
51 -0.2950152186698747
52 -0.3015935207808035
53 -0.3069243520306828
54 -0.311104445583639
55 -0.3141394777991268
56 -0.3162001659485235
57 -0.3174284738942957
58 -0.3177266835055524
59 -0.3171301448588846
60 -0.3157578522435656
61 -0.3136098519992816
62 -0.3110889465963121
63 -0.3077442516075356
64 -0.3034064875988647
65 -0.2982473012108124
66 -0.2921733688781872
67 -0.2847929537610853
68 -0.2765338942778741
69 -0.2672859649095711
70 -0.2571662311181497
71 -0.2459261979569165
72 -0.2334594826587523
73 -0.2200695859063078
74 -0.2057559078254646
75 -0.1904272876385004
76 -0.1740936934160112
77 -0.1567594979381842
78 -0.1385276808896446
79 -0.1193511115657143
80 -0.1004890273659359
81 -0.07940974302034332
82 -0.05941226628066798
83 -0.03891791515301379
84 -0.01807449633582511
85 0.0031246966626468
86 0.02460085342641618
87 0.04627601181714865
88 0.0679272906953957
89 0.08958923992044481
90 0.1112147568545645
91 0.1330542905348792
92 0.1546957459710399
93 0.1760542422349785
94 0.1970477458363517
95 0.2173311907760415
96 0.2371048895134238
97 0.2563656400469022
98 0.2749741526510648
99 0.2927485295415372
100 0.3097801217335425
101 0.3260268844531475
102 0.3414723528150451
103 0.35610479696308
104 0.3727674437216715
105 0.3854886399839778
106 0.3996434960321996
107 0.4103902832940709
108 0.4222742268311812
109 0.4312581588698319
110 0.4392398814092894
111 0.4471578150586405
112 0.4530724622297423
113 0.4579230752959405
114 0.4617556732569131
115 0.4645087271911998
116 0.4662642332987855
117 0.4670176414155757
118 0.4667691315078254
119 0.4655821775489836
120 0.4633166237009108
121 0.460041799027012
122 0.4556816840142436
123 0.4503324172622597
124 0.4440156580963806
125 0.436810324751013
126 0.4286814802655652
127 0.4197475984610316
128 0.4099568996649921
129 0.3993524661275537
130 0.3879768271665983
131 0.3758764000659892
132 0.3630982973510104
133 0.3496213720259051
134 0.335603191760423
135 0.3211116445246379
136 0.3062039771137941
137 0.2909420880515743
138 0.2753911886370606
139 0.2596158807197273
140 0.2436910249174873
141 0.2276895374409468
142 0.2116757565361853
143 0.1957470496388204
144 0.1799398263912608
145 0.1643954619675229
146 0.1490951937074177
147 0.1341066323852591
148 0.1194902245507794
149 0.105302993425831
150 0.09158134027198762
151 0.07839988323444955
152 0.06580461717914568
153 0.05384039684860922
154 0.0425518955885234
155 0.03198298059471429
156 0.02215842759332112
157 0.01310517373672692
158 0.004847392211568843
159 -0.002595528552704368
160 -0.009204412599587913
161 -0.01497059766363885
162 -0.01988907610628329
163 -0.02395295689680955
164 -0.02716221462909196
165 -0.02952318444917333
166 -0.0310414838029628
167 -0.03172521249335468
168 -0.03158958399859941
169 -0.03065222606429246
170 -0.02893522835243506
171 -0.02645950860429468
172 -0.0232582557680934
173 -0.01934452064329297
174 -0.01475778127528538
175 -0.009518444495161753
176 -0.003660609488567066
177 0.002788603255301665
178 0.009825824292856117
179 0.01738582951752087
180 0.02543121554079934
181 0.03392731169889088
182 0.04281352800368637
183 0.05208364546073825
184 0.06168575788722838
185 0.07163256712546462
186 0.08184495626832887
187 0.09228619359170551
188 0.1029197469952459
189 0.1136929230505445
190 0.124589143886885
191 0.1355662727293178
192 0.1465895317559798
193 0.1576224801580027
194 0.1686203227835896
195 0.1795678199992412
196 0.1904280780523264
197 0.2011527959196155
198 0.2117083933471006
199 0.222064913370549
200 0.2321892324888106
201 0.2420608386007913
202 0.2516092835174233
203 0.2608336638092874
204 0.2697089569169827
205 0.2782064444800681
206 0.2863007719757403
207 0.2939682547789678
208 0.3011846534521157
209 0.3079199183794567
210 0.3141767671198604
211 0.3199119324590357
212 0.3250961070654787
213 0.3297425239581349
214 0.3338292400932393
215 0.3373620637926412
216 0.3403255047505493
217 0.342709212456269
218 0.3445044209698875
219 0.3457085279584966
220 0.3463145899768174
221 0.3463326002273306
222 0.3457674941517858
223 0.3446245525891739
224 0.3429108486488933
225 0.3406366445173626
226 0.3378154845909742
227 0.3344625084909634
228 0.3305974612499006
229 0.3262400004532552
230 0.3214107124915553
231 0.316141112030041
232 0.3104402808578042
233 0.3043440693279134
234 0.297880184116133
235 0.2910799148902373
236 0.2839729012415838
237 0.2765961894885975
238 0.2689837335124625
239 0.2611671393676741
240 0.2531809923400629
241 0.2450613360661913
242 0.2368416723876037
243 0.228557309921627
244 0.2202413960629768
245 0.211930479543798
246 0.2036588109095799
247 0.1954644995476122
248 0.1873746833681316
249 0.1794099913097352
250 0.1716139072570533
251 0.1640141722518572
252 0.1566444719829773
253 0.1495280869664703
254 0.1426983987380001
255 0.1361667217803451
256 0.1299558333274344
257 0.1240895389018449
258 0.1185856882399901
259 0.1134626763757585
260 0.1087347579703114
261 0.1044157685429755
262 0.100517183962486
263 0.09704782177135549
264 0.09401543557404621
265 0.09142661936736786
266 0.0892846763767936
267 0.08758753545276202
268 0.08633999792939097
269 0.08553858549340981
270 0.08518146631758515
271 0.08526265166508742
272 0.08577665767897694
273 0.08671658994339622
274 0.08806446470398908
275 0.08981438884495864
276 0.09195102254257735
277 0.09446115520894934
278 0.09732580389893467
279 0.1005287461114335
280 0.1040513007330159
281 0.1078761817544213
282 0.1119825531855447
283 0.1163493658737866
284 0.1209548266178371
285 0.1257729399783532
286 0.130786404957288
287 0.1359735130047822
288 0.141311879571282
289 0.1467798691461794
290 0.1523559497849593
291 0.1580175067815039
292 0.1637445568909907
293 0.1695120441504923
294 0.1752996205003445
295 0.1811078676684726
296 0.1868955161218899
297 0.1926433788232337
298 0.1983327961985877
299 0.203946821370026
300 0.2094671153748475
301 0.2148764706025229
302 0.2201605015191176
303 0.2253045951100008
304 0.2302960736643298
305 0.2351179898372298
306 0.2397589023366141
307 0.2442123476266887
308 0.2484686261239017
309 0.2525190970139837
310 0.2563556688562952
311 0.2599735807044163
312 0.2633632735912231
313 0.26652102293974
314 0.2694382667495701
315 0.2721142337394163
316 0.2745463083542599
317 0.2767345013389001
318 0.2786777266562481
319 0.2803709383674597
320 0.281824979950785
321 0.2830368816037334
322 0.284012107484099
323 0.2847523942123412
324 0.285261310441994
325 0.2855428447631578
326 0.2856011864372438
327 0.2854410128889369
328 0.285069128674512
329 0.2845016693353771
330 0.2837317403014484
331 0.2827644848797924
332 0.281608199324478
333 0.2802686589636489
334 0.2787417348537062
335 0.2770470976514443
336 0.2751934901075854
337 0.273189051709995
338 0.2710451091437202
339 0.268774858988039
340 0.2663809217407798
341 0.2638728279893523
342 0.2612608662724101
343 0.2585515968373419
344 0.2557626509258362
345 0.2528800329630717
346 0.2499370957145617
347 0.2469398505484198
348 0.2438983299794828
349 0.2408257099210555
350 0.2377267828176536
351 0.234609991525619
352 0.2314829851323464
353 0.2283642573007093
354 0.2252777874595968
355 0.2222138237378853
356 0.2191746444029109
357 0.2161630885715037
358 0.2131946859408716
359 0.2102763773700986
360 0.2074152898232838
361 0.2046198045628241
362 0.2018967861095938
363 0.1992567324354376
364 0.1967028692973432
365 0.1942418625995213
366 0.1918790732085173
367 0.1896184116564149
368 0.1874733769718691
369 0.1854480868510575
370 0.1835463103327424
371 0.1817731588600751
372 0.180131847928418
373 0.1786174538357362
374 0.1772437507481648
375 0.1760124702854084
376 0.174927582156631
377 0.1739912998270056
378 0.1732030448496647
379 0.1725677578548113
380 0.1720863040104048
381 0.1717602453646551
382 0.1715873972654595
383 0.171565949800949
384 0.1717005335623894
385 0.1719871544278332
386 0.1724118370325766
387 0.1729886032392621
388 0.1737163504206766
389 0.1745848196790167
390 0.175592340620472
391 0.1767342277004543
392 0.1780077303071576
393 0.1794112466046954
394 0.1809373067716412
395 0.1825802527026772
396 0.1843339997441472
397 0.1861910982724938
398 0.1881539996976794
399 0.1902038184376127
400 0.1923345317921512
401 0.1945405143375832
402 0.1968131685195931
403 0.1991438254323822
404 0.2015221381279094
405 0.2039469662200433
406 0.2064034593862301
407 0.2088818265498466
408 0.2113749241255884
409 0.2138740992146435
410 0.2163724831876721
411 0.218862237075668
412 0.2213338801555768
413 0.2237796625557345
414 0.2261914649845171
415 0.2285617589460298
416 0.2308867726506232
417 0.2331501057845452
418 0.2353500529078772
419 0.2374697704781847
420 0.2395026651088185
421 0.241453503123661
422 0.2433356052613265
423 0.2451229150187585
424 0.2468114674310367
425 0.2483942612637786
426 0.2498693127967691
427 0.2512332889350054
428 0.2524829725583133
429 0.2536156478237323
430 0.2546289040901741
431 0.2555211334984287
432 0.256291075088933
433 0.2569394580815353
434 0.2574633878199734
435 0.2578600716063175
436 0.2581331753579141
437 0.258282149825481
438 0.2583148470754162
439 0.258222145783601
440 0.2580110141649771
441 0.2576836170159362
442 0.2572429219347119
443 0.2566920792373524
444 0.2560333272120941
445 0.255270005296393
446 0.2544086448004154
447 0.2534504931730024
448 0.252403360114268
449 0.2512729282499328
450 0.2500649818865962
451 0.2487852499827692
452 0.2474395243053575
453 0.2460343799102885
454 0.24457620415587
455 0.2430680352744242
456 0.2415201739293378
457 0.2399408398634184
458 0.2383357624882956
459 0.2367108540639631
460 0.235070774015266
461 0.2334243759217438
462 0.231778226889494
463 0.2301392029698323
464 0.2285152493120705
465 0.2269114465139994
466 0.2253341666839799
467 0.2237890370551703
468 0.2222792903044756
469 0.2208129721892259
470 0.2193952843103169
471 0.2180312895210886
472 0.2167256535439938
473 0.2154828067320352
474 0.2143071031918302
475 0.2132023895960636
476 0.2121722681981242
477 0.2112199440468385
478 0.2103476336215912
479 0.2095594698374738
480 0.2088548314879507
481 0.2082326492606517
482 0.2076986094927354
483 0.2072519022803453
484 0.2068978714315676
485 0.2066313209898693
486 0.2064517594571479
487 0.2063515888545847
488 0.2063360520629908
489 0.2064054023579922
490 0.2065578849713876
491 0.2067913473555326
492 0.2071033588295754
493 0.2074909885512463
494 0.2079531228490034
495 0.2084846068310539
496 0.2090825593232335
497 0.2097428609421169
498 0.2104620643827448
499 0.2112360177642654
500 0.2120659352786822
501 0.2129412936257004
502 0.2138580406337319
503 0.2148114000196947
504 0.2157975561633697
505 0.2168139940606699
506 0.2178545960931715
507 0.2189152343986389
508 0.2199913596769277
509 0.2210786446808492
510 0.2221731302176793
511 0.2232704515491809
512 0.2243669061079528
513 0.2254585902283378
514 0.2265424204345711
515 0.2276134444943388
516 0.228667983864025
517 0.2297045627567186
518 0.230715171997096
519 0.2316992965002603
520 0.2326541104911903
521 0.2335753864332227
522 0.2344623538007255
523 0.2353124123232269
524 0.2361237949961708
525 0.2368942481362045
526 0.2376216602879987
527 0.2383049649728289
528 0.2389421430301622
529 0.2395366197588293
530 0.2400810891811508
531 0.2405768649677089
532 0.2410232875404033
533 0.2414194242982465
534 0.2417653909836558
535 0.2420599896385394
536 0.2423055318130474
537 0.2425007465331076
538 0.2426439519140964
539 0.2427381837940497
540 0.24278418531661
541 0.2427825122400913
542 0.2427340627200149
543 0.2426398199810937
544 0.2425007772279523
545 0.2423179961545487
546 0.2420934295195119
547 0.2418287430714035
548 0.2415246563918289
549 0.2411826499612148
550 0.2408042894047855
551 0.2403912263254255
552 0.2399454905918379
553 0.2394697579178642
554 0.238964666715184
555 0.2384323803696163
556 0.2378746566858567
557 0.2372935254176204
558 0.2366867690730677
559 0.2360607336383877
560 0.2354178968261824
561 0.23475985231798
562 0.234089484040801
563 0.2334081078329514
564 0.2327177209011122
565 0.232020321875537
566 0.2313178263556001
567 0.2306111509840493
568 0.2299032196788635
569 0.229192140350795
570 0.2284842185748208
571 0.2277811065742307
572 0.2270845317353337
573 0.2264002040282373
574 0.225724769256424
575 0.2250609575483939
576 0.2244107094999783
577 0.2237722548489989
578 0.2231503565490321
579 0.2225464618537112
580 0.221962065262359
581 0.2213981096552782
582 0.220855870539014
583 0.2203361776731999
584 0.2198401453087743
585 0.2193685116133131
586 0.2189223351113946
587 0.2185024708581711
588 0.2181096805992179
589 0.2177447137924763
590 0.2174080060728289
591 0.2170997996577252
592 0.2168183774677605
593 0.2165655557760764
594 0.2163418995458328
595 0.216147586422649
596 0.2159832280676829
597 0.2158481877978665
598 0.2157443176488173
599 0.2156693098605597
600 0.2156233384758595
601 0.2156061647312039
602 0.2156174471309094
603 0.2156564108566537
604 0.2157229142124427
605 0.2158162265478119
606 0.2159361054679478
607 0.2160808995851478
608 0.2162507824676742
609 0.216447154132292
610 0.2166672492956327
611 0.2169102606766406
612 0.2171751415603155
613 0.2174596448992197
614 0.217763330628699
615 0.2180854790191916
616 0.2184254996547928
617 0.2187813018525876
618 0.2191515320510166
619 0.2195354372144148
620 0.21993125750343
621 0.22033837001655
622 0.2207550303219148
623 0.2211810923981101
624 0.2216137075043264
625 0.2220511597045071
626 0.2224921431985066
627 0.2229352126955206
628 0.2233786034044838
629 0.2238206893562479
630 0.2242603621129644
631 0.2246957223348638
632 0.225125715827751
633 0.2255487591879639
634 0.2259648028897718
635 0.2263708409473464
636 0.2267653829576329
637 0.2271488183033083
638 0.2275181951345922
639 0.2278722267781515
640 0.2282095993084051
641 0.2285276708460416
642 0.2288265283012482
643 0.2291049841962989
644 0.2293622054166097
645 0.2295974073730636
646 0.229809430548699
647 0.22999759631936
648 0.2301605348962309
649 0.2302983976046356
650 0.2304098937191422
651 0.2304945191518672
652 0.230549980479459
653 0.2305771956559587
654 0.2305762939360091
655 0.2305472084764762
656 0.2304897832325208
657 0.2304040332273813
658 0.2302898503926988
659 0.2301471670514148
660 0.2299762935143245
661 0.2297776712133429
662 0.2295516033917955
663 0.229302596270148
664 0.2290269432027825
665 0.2287253984510679
666 0.2283984889696532
667 0.2280473873499204
668 0.2276728005027237
669 0.2272757556389692
670 0.2268572543832439
671 0.2264183877783412
672 0.2259603268034915
673 0.2254845952773558
674 0.2249914265239419
675 0.2244833083892693
676 0.2239617282782525
677 0.2234280717853051
678 0.2228838960517587
679 0.2223307711703053
680 0.2217700936988597
681 0.2212053289305752
682 0.2206370314496222
683 0.2200653593619801
684 0.2194923024894842
685 0.2189197778008212
686 0.2183490786087386
687 0.2177816684553418
688 0.2172195079964071
689 0.2166636181747416
690 0.216115606058179
691 0.215576058939073
692 0.2150473036379734
693 0.2145308531501074
694 0.2140277599698416
695 0.2135396010501577
696 0.2130673869351873
697 0.2126124862476995
698 0.2121756354237573
699 0.2117581571091234
700 0.2113605926472691
701 0.2109838150010749
702 0.2106285163957152
703 0.2102954331786807
704 0.2099850413795992
705 0.2096977320041664
706 0.2094336634620707
707 0.209193140286184
708 0.208977930581531
709 0.2087865266953834
710 0.2086188301184132
711 0.2084748832321849
712 0.208354330509227
713 0.2082569764516299
714 0.2081823504746902
715 0.2081303681433069
716 0.2081004336707077
717 0.2080908581206875
718 0.2081017534475038
719 0.2081329010311121
720 0.2081832357792807
721 0.2082524047956338
722 0.2083396034360188
723 0.2084439957474939
724 0.2085645524250528
725 0.2087003785570258
726 0.2088507524553736
727 0.2090146474782375
728 0.2091908614741843
729 0.2093786246122168
730 0.2095765876417736
731 0.2097838025866338
732 0.2099990035596955
733 0.2102214443136706
734 0.210450124824346
735 0.2106839388990018
736 0.2109216917296543
737 0.2111619793924787
738 0.2114039594463909
739 0.2116475211377273
740 0.2118906677492078
741 0.2121320280060412
742 0.212370947398675
743 0.2126069831400103
744 0.2128388543175
745 0.213066262177128
746 0.2132885141261211
747 0.2135043671518205
748 0.213712904333925
749 0.2139137938131964
750 0.2141056205222977
751 0.2142884419542978
752 0.214461602290543
753 0.2146247133435199
754 0.214775164024272
755 0.2149150080927565
756 0.2150461417002413
757 0.2151657666996371
758 0.2152733825017601
759 0.2153692396614156
760 0.2154525802235761
761 0.2155236876329251
762 0.2155823238554746
763 0.2156285984639829
764 0.2156624127021593
765 0.2156840307816141
766 0.2156921669143188
767 0.215688639467253
768 0.2156734148322441
769 0.2156469288913658
770 0.2156091860862419
771 0.2155605016777682
772 0.2155014264801195
773 0.2154324955928206
774 0.2153540565557816
775 0.2152671441791461
776 0.2151710778042241
777 0.2150662865235319
778 0.2149532371851992
779 0.2148324004414155
780 0.2147042379628641
781 0.2145696927413227
782 0.214428397812883
783 0.214281895279643
784 0.2141310687997545
785 0.2139765796407987
786 0.2138183626158575
787 0.2136572838535099
788 0.2134933637925846
789 0.2133279389227178
790 0.2131611753958061
791 0.2129940222977824
792 0.2128273373592878
793 0.212661461176368
794 0.2124969468366615
795 0.2123348214643355
796 0.2121750853065358
797 0.2120184795374981
798 0.2118650833216823
799 0.2117155419007839
800 0.2115704109879625
801 0.2114301330753266
802 0.2112949609954023
803 0.2111656135960091
804 0.2110420156038088
805 0.2109249817167718
806 0.2108152562552679
807 0.210711906290581
808 0.2106158001628189
809 0.2105271699986505
810 0.2104465432627357
811 0.2103728795473301
812 0.2103074735963887
813 0.2102507774083276
814 0.210202793434157
815 0.2101636443323958
816 0.2101338105035228
817 0.210113456813371
818 0.2101019394060111
819 0.2100996822128574
820 0.2101056148239646
821 0.2101201327191022
822 0.2101437526357104
823 0.2101766516308057
824 0.2102189586127604
825 0.2102699434067057
826 0.2103293873548696
827 0.2103976024061244
828 0.21047430573184
829 0.2105591873709195
830 0.2106518950392747
831 0.210752105285266
832 0.210859306123301
833 0.2109739749903058
834 0.2110956252000491
835 0.2112241493535815
836 0.2113592359314888
837 0.2115005662546534
838 0.2116479740559921
839 0.2118016683673542
840 0.211960945248787
841 0.2121253442411775
842 0.2122944750099566
843 0.2124679840582368
844 0.2126460486994081
845 0.2128283831519144
846 0.2130145858468661
847 0.2132046680571393
848 0.2133981174001954
849 0.2135948385113165
850 0.2137946473468717
851 0.2139971243303247
852 0.2142017724924977
853 0.2144081847155049
854 0.2146163016380127
855 0.214825676689554
856 0.2150363271194663
857 0.2152489735483705
858 0.2154624185457379
859 0.2156766985652327
860 0.2158915062886641
861 0.2161063855918358
862 0.2163210947643187
863 0.2165354396778629
864 0.2167491504430051
865 0.2169623161876136
866 0.2171747530667655
867 0.2173862564433472
868 0.2175962780988367
869 0.217805821364033
870 0.2180144674411476
871 0.2182218968661293
872 0.2184279653981366
873 0.2186325543986016
874 0.2188356943895025
875 0.2190388103513397
876 0.2192402560531026
877 0.2194399328898418
878 0.2196380320637632
879 0.2198348565429197
880 0.2200299775267738
881 0.2202234367380457
882 0.220414870424537
883 0.2206048944238887
884 0.22079425399122
885 0.2209822740097176
886 0.2211686683251666
887 0.221353564827952
888 0.2215371781308703
889 0.2217196955995414
890 0.2219010103848118
891 0.2220812659902676
892 0.2222602228077117
893 0.2224384058516029
894 0.2226158881557865
895 0.2227930407619998
896 0.222969362628688
897 0.2231457932554685
898 0.2233222900372137
899 0.2234988483923055
900 0.2236753423881428
901 0.2238521758055329
902 0.2240297385074449
903 0.224208220244138
904 0.2243880266768992
905 0.2245693368122356
906 0.2247524035677339
907 0.2249372735693748
908 0.2251238551340498
909 0.2253122922220963
910 0.2255026799064825
911 0.2256953594914051
912 0.2258908259634881
913 0.2260894224532844
914 0.2262912497406262
915 0.2264965095597604
916 0.2267040510227205
917 0.2269147742493054
918 0.2271286357783159
919 0.2273459706959517
920 0.2275669594145361
921 0.2277919367691831
922 0.2280226614101392
923 0.2282577769935193
924 0.2284971784250209
925 0.2287408199934717
926 0.2289885266991068
927 0.229240452666457
928 0.2294965496467096
929 0.2297571857596427
930 0.2300219791141683
931 0.2302911101223085
932 0.2305645757512089
933 0.2308422030171272
934 0.2311237570473713
935 0.2314100722457941
936 0.2317003997548329
937 0.2319948271001326
938 0.2322932828653096
939 0.2325958138120207
940 0.2329020000819074
941 0.2332119830368057
942 0.2335254320617492
943 0.2338424252802138
944 0.2341628091760327
945 0.2344864358005908
946 0.2348134953517375
947 0.2351443381666837
948 0.2354779343485357
949 0.2358143767525377
950 0.2361536279321098
951 0.2364957433139249
952 0.2368403779902392
953 0.2371875808685701
954 0.2375371145270432
955 0.2378887591324617
956 0.2382423688079938
957 0.2385978579260869
958 0.2389551018101831
959 0.2393140890466443
960 0.2396747747430801
961 0.240037187687936
962 0.2404012805359558
963 0.2407649253830289
964 0.241130000518575
965 0.241495803345635
966 0.2418626972149113
967 0.2422306109028221
968 0.242599465516467
969 0.2429694287953859
970 0.2433403260929822
971 0.2437122635986062
972 0.2440851083584011
973 0.2444587959069465
974 0.2448332007940151
975 0.2452093349506597
976 0.2455859848542458
977 0.2459630460847385
978 0.2463405393514747
979 0.2467188019145326
980 0.2470974143077909
981 0.2474763063276446
982 0.2478555725220359
983 0.2482350837469795
984 0.2486148631347721
985 0.2489936367378589
986 0.2493727162776998
987 0.2497524945599322
988 0.2501329086765331
989 0.250513844222055
990 0.2508954237573524
991 0.2512776526605401
992 0.2516607137767412
993 0.2520444537868706
994 0.2524289731485242
995 0.2528143479609895
996 0.2532006769752659
997 0.2535878471789703
998 0.2539759339131132
999 0.2543651929978584
1000 0.2547556033525543
1001 0.2551472218460678
1002 0.2555403976300926
1003 0.255935137771829
1004 0.2563314436814204
1005 0.256730105425724
1006 0.2571302341208868
1007 0.2575320654059379
1008 0.2579352585153413
1009 0.2583401839635061
1010 0.2587469943457104
1011 0.2591559087641006
1012 0.2595669988161639
1013 0.2599803808510471
1014 0.260395922606376
1015 0.2608138711148027
1016 0.2612330680846137
1017 0.2616546827781134
1018 0.2620796817056602
1019 0.2625074285568904
1020 0.2629429168286133
1021 0.2633807473875677
1022 0.2638212293463792
1023 0.2642645464761519
1024 0.2647103834415693
1025 0.2651588786291876
1026 0.2656099783233902
1027 0.2660632818421649
1028 0.266519152933199
1029 0.2669774743920225
1030 0.267438058202374
1031 0.2679011659924392
1032 0.2683669765636664
1033 0.2688366253963312
1034 0.2693088203440536
1035 0.2697794039498704
1036 0.2702527432522747
1037 0.2707287690389344
1038 0.2712061702797206
1039 0.2716866880302436
1040 0.2721703794502225
1041 0.272657356239332
1042 0.2731475966167453
1043 0.2736414303430969
1044 0.2741359632422891
1045 0.2746343324636038
1046 0.2751403363626709
1047 0.2756524792224248
1048 0.2761691343603731
1049 0.2766891515471075
1050 0.2772126116259517
1051 0.2777420739591462
1052 0.2782747347662217
1053 0.2788106629499165
1054 0.2793497367650086
1055 0.2798918745847376
1056 0.2804370729845007
1057 0.2809854071479206
1058 0.2815325700162982
1059 0.2820828694626021
1060 0.2826365702598059
1061 0.2831937566270422
1062 0.2837522741038751
1063 0.284316733104364
1064 0.2848828695666335
1065 0.2854525814687041
1066 0.2860198695001064
1067 0.2865957308306862
1068 0.2871788713918027
1069 0.2877619083119007
1070 0.2883533645528701
1071 0.2889433920032988
1072 0.28954201714207
1073 0.2901444296433416
1074 0.2907459571154561
1075 0.2913553698075331
1076 0.2919658404883423
1077 0.2925785770466763
1078 0.2931894113468338
1079 0.2938065577651758
1080 0.2944251631018917
1081 0.2950456184373119
1082 0.2956687809555765
1083 0.2962912116930814
1084 0.2969171790103344
1085 0.2975437704358143
1086 0.2981709700250465
1087 0.2987965475981141
1088 0.2994273321640482
1089 0.3000586189008644
1090 0.3006872923962662
1091 0.3013223930100428
1092 0.3019543184155903
1093 0.3025888136259103
1094 0.3032176730351825
1095 0.3038578469104317
1096 0.3045052081921725
1097 0.3051443245267902
1098 0.305795118606101
1099 0.3064469911618634
1100 0.3070897245745868
1101 0.3077460143216514
1102 0.3083914493230966
1103 0.3090513798171208
1104 0.3096993408908843
1105 0.3103621782408537
1106 0.3110121740106656
1107 0.3116780428278511
1108 0.3123298678257198
1109 0.3129982795959204
1110 0.3136523716086881
1111 0.314321835726644
1112 0.3149844548401192
1113 0.3156485617229015
1114 0.3163256963734573
1115 0.3169901212836421
1116 0.3176550967240211
1117 0.3183201261857377
1118 0.3189994777814529
1119 0.3196655799117726
1120 0.3203318625780399
1121 0.3209978728495605
1122 0.3216632213875604
1123 0.3223396460188768
1124 0.3230036368608968
1125 0.3236678698922957
1126 0.3243318291697403
1127 0.3249953574301147
1128 0.3256584258765367
1129 0.3263207416019672
1130 0.3269824043996302
1131 0.3276578753891553
1132 0.3283182924551946
1133 0.3289794346513558
1134 0.3296399852201646
1135 0.330300534287822
1136 0.3309611217291535
1137 0.3316215462549444
1138 0.332281837201737
1139 0.3329418742494227
1140 0.3335872581804827
1141 0.3342446576015974
1142 0.3348916770204784
1143 0.3355432558434178
1144 0.3361954542510069
1145 0.3368482477688569
1146 0.3375016956866866
1147 0.3381527262046033
1148 0.3388040737357709
1149 0.339455964164188
1150 0.3401080770794672
1151 0.3407604061584014
1152 0.3414128318252701
1153 0.3420650852326767
1154 0.3427171256836683
1155 0.3433687408290453
1156 0.3440225484903871
1157 0.3446762358759418
1158 0.3453297185328718
1159 0.3459827749183301
1160 0.3466349276437348
1161 0.3472861617990649
1162 0.3479361183470514
1163 0.3485846136000563
1164 0.349232020837681
1165 0.3498777951619154
1166 0.3505217291147899
1167 0.3511640242395502
1168 0.3518044700918916
1169 0.3524439309579802
1170 0.3530827597883732
1171 0.3537193875440527
1172 0.3543531759656156
1173 0.354984541151782
1174 0.3556134084226277
1175 0.3562394064518535
1176 0.3568624026013077
1177 0.3574824730719305
1178 0.3580991880330204
1179 0.3587127755192768
1180 0.359322402259189
1181 0.3599263963580183
1182 0.3605265445563227
1183 0.3611226102662559
1184 0.3617144694024357
1185 0.3623023759374279
1186 0.3628861265823257
1187 0.3634654420930703
1188 0.3640403769159697
1189 0.3646106869908435
1190 0.3651759811003127
1191 0.3657361928984309
1192 0.3662909590931273
1193 0.3668471468603165
1194 0.3673969821402109
1195 0.367940745650696
1196 0.3684782439983897
1197 0.3690092389230724
1198 0.3695338015903688
1199 0.3700520369531406
1200 0.3705639220239695
1201 0.3710698568214073
1202 0.3715692684940307
1203 0.3720623558431165
1204 0.3725487981623987
1205 0.373028487566226
1206 0.3735016316580308
1207 0.3739683030246633
1208 0.3744287850654577
1209 0.3748830314850515
1210 0.3753311462913761
1211 0.375773308887699
1212 0.3762097118489384
1213 0.3766403772257406
1214 0.3770649172187068
1215 0.3774835183605239
1216 0.3778960232223638
1217 0.3783024439398963
1218 0.3787027550799754
1219 0.3790970292985839
1220 0.3794849254011045
1221 0.3798668485792398
1222 0.3802379833948533
1223 0.3806031285695277
1224 0.3809630445299393
1225 0.3813166720667892
1226 0.3816644777257882
1227 0.3820041105480426
1228 0.3823379540195571
1229 0.3826747763251971
1230 0.3830074186575393
1231 0.383333822845962
1232 0.3836538186500136
1233 0.3839675208431521
1234 0.3842748901549798
1235 0.3845759732356844
1236 0.3848707930636421
1237 0.3851592232062785
1238 0.3854415867528567
1239 0.3857179632476352
1240 0.3859885817201615
1241 0.3862535894410897
1242 0.3865130093239269
1243 0.3867694368415685
1244 0.3870110914749032
1245 0.3872399327665225
1246 0.3874644813271
1247 0.3876849572664934
1248 0.3879014297185238
1249 0.3881137669505927
1250 0.3883221618656161
1251 0.3885268709987803
1252 0.388727472047961
1253 0.3889240736583601
1254 0.3891166098106978
1255 0.3893052691270435
1256 0.3894909908293293
1257 0.3896721591939297
1258 0.3898561380663354
1259 0.3900361877071948
1260 0.390212674165826
1261 0.3903855289521446
1262 0.3905549056613601
1263 0.3907206698546576
1264 0.3908836283414692
1265 0.3910432801783851
1266 0.3911999489182966
1267 0.3913536535420368
1268 0.3915047937511665
1269 0.391653580956709
1270 0.3918003427301802
1271 0.3919450735871253
1272 0.3920868028482422
1273 0.3922277199642952
1274 0.392366748055542
1275 0.3925042637340305
1276 0.3926403429894934
1277 0.3927752238294207
1278 0.3929110149457132
1279 0.3930463182943053
1280 0.3931804771610874
1281 0.3933129418116242
1282 0.393444546727778
1283 0.3935753615079854
1284 0.3937056514330625
1285 0.3938355648547698
1286 0.3939618148934277
1287 0.3940880315865145
1288 0.3942180344594486
1289 0.3943481569472869
1290 0.3944782340246994
1291 0.3946083521095807
1292 0.3947385931065729
1293 0.3948690829613595
1294 0.3949999197932155
1295 0.3951312334036825
1296 0.3952631015474401
1297 0.3953954100560714
1298 0.3955281630853982
1299 0.3956613056550337
1300 0.3957946548221908
1301 0.3959236975074463
1302 0.3960528386766781
1303 0.3961823325242736
1304 0.3963119881783374
1305 0.3964415346642347
1306 0.3965754848923057
1307 0.3967087602768165
1308 0.3968411475152784
1309 0.3969728332358321
1310 0.3971041619091505
1311 0.3972344466797875
1312 0.3973636459331716
1313 0.3974914287710369
1314 0.3976182161351465
1315 0.3977438381347926
1316 0.397868637738624
1317 0.3979925539783991
1318 0.3981157916005347
1319 0.3982386116336063
1320 0.3983608324033515
1321 0.3984825659820976
1322 0.3986037911943413
1323 0.3987245270635883
1324 0.3988449157055695
1325 0.3989588209197979
1326 0.3990725960918906
1327 0.3991863476230245
1328 0.3993009030942822
1329 0.3994154288198598
1330 0.3995298466484021
1331 0.3996443222061777
1332 0.3997586208766606
1333 0.399872861564016
1334 0.3999868788336009
1335 0.4001008522647314
1336 0.4002132466026935
1337 0.4003257585358426
1338 0.400438339580653
1339 0.4005510111926469
1340 0.4006635902945419
1341 0.400775899394224
1342 0.4008881519477833
1343 0.401000141470288
1344 0.4011110325103844
1345 0.4012301272433782
1346 0.4013482130920814
1347 0.4014654322081726
1348 0.4015819955023583
1349 0.4016969988267043
1350 0.4018109997635456
1351 0.4019154608619195
1352 0.4020205526592197
1353 0.4021258914670324
1354 0.4022315740201147
1355 0.4023374492396942
1356 0.4024435436188293
1357 0.402549357129789
1358 0.4026555070921143
1359 0.4027612961814662
1360 0.4028674068024064
1361 0.4029732870497387
1362 0.4030789376608547
1363 0.4031842550280998
1364 0.4032890024514411
1365 0.4033930943019001
1366 0.4034962275660611
1367 0.4035984066320971
1368 0.4036992591889532
1369 0.4037987381090572
1370 0.4038964798841511
1371 0.4039919304074743
1372 0.404084576018089
1373 0.4041801386263801
1374 0.4042734385239264
1375 0.4043646792593806
1376 0.404453454136293
1377 0.4045397787043796
1378 0.4046237062411387
1379 0.4047054414865959
1380 0.4047850654802868
1381 0.4048624762301674
1382 0.404938018942855
1383 0.4050113572576838
1384 0.4050827050024081
1385 0.4051521890665316
1386 0.4052198302715681
1387 0.4052857942989205
1388 0.4053457490622211
1389 0.4054041276883612
1390 0.4054611051301436
1391 0.4055165418871342
1392 0.4055714287139459
1393 0.4056243929827886
1394 0.40567578321165
1395 0.4057258136491764
1396 0.4057741222966108
1397 0.4058208178527244
1398 0.4058657467493297
1399 0.4059087770616046
1400 0.405949951393025
1401 0.4059892818802031
1402 0.4060266130775274
1403 0.4060620804084196
1404 0.4060955411308639
1405 0.4061258561607297
1406 0.4061562326988907
1407 0.4061846250387239
1408 0.4062111269029597
1409 0.4062357736015938
1410 0.4062583322700926
1411 0.4062786374538269
1412 0.4062969579547711
1413 0.4063135093655169
1414 0.4063282430774929
1415 0.4063409659139456
1416 0.4063516432153064
1417 0.4063603199083175
1418 0.4063667727441638
1419 0.4063709967342101
1420 0.4063728056447928
1421 0.4063720010783837
1422 0.4063687534396984
1423 0.4063693188558459
1424 0.4063670107446101
1425 0.4063624470136357
1426 0.406354931176581
1427 0.4063447360742121
1428 0.4063315999653742
1429 0.4063156840276296
1430 0.4062968553549204
1431 0.4062754131063643
1432 0.4062510396927235
1433 0.4062238178512945
1434 0.4061938204393151
1435 0.4061610578073393
1436 0.4061256676465106
1437 0.406087852360173
1438 0.4060475064557081
1439 0.4060046421528833
1440 0.4059589266170172
1441 0.4059090363925398
1442 0.4058563802277991
1443 0.4058012298314065
1444 0.4057433775461715
1445 0.4056829938814629
1446 0.405620068431479
1447 0.4055565541461749
1448 0.4054898607209252
1449 0.4054200657277376
1450 0.4053482282981961
1451 0.4052734177626616
1452 0.4051948266465213
1453 0.4051138410363639
1454 0.4050307375172936
1455 0.4049454861970323
1456 0.4048583603462774
1457 0.4047692477274707
1458 0.4046784291490861
1459 0.4045856818222093
1460 0.4044913728724491
1461 0.4043946647118271
1462 0.4042966446550467
1463 0.404197077065815
1464 0.4040953130197131
1465 0.4039921972790841
1466 0.4038875716609454
1467 0.4037813849683258
1468 0.4036739981093331
1469 0.4035650969143195
1470 0.403454793415877
1471 0.4033430743150904
1472 0.4032306483237531
1473 0.4031165851414011
1474 0.403000902087462
1475 0.402882187194709
1476 0.402761721901043
1477 0.4026344529825998
1478 0.4025059931023681
1479 0.4023763588599262
1480 0.402245386344835
1481 0.4021128380763949
1482 0.4019789500207986
1483 0.4018432898409554
1484 0.4017061476845346
1485 0.4015675951771225
1486 0.4014275164854546
1487 0.4012858982470793
1488 0.4011490369537646
1489 0.40100996429604
1490 0.4008687804322194
1491 0.4007255150956453
1492 0.400580175984066
1493 0.4004328121793813
1494 0.400283589092971
1495 0.4001326835984277
1496 0.3999799618499476
1497 0.3998255435404305
1498 0.3996691214702491
1499 0.3995107629663589
1500 0.3993505465131861
1501 0.3991885304513279
1502 0.3990245077593032
1503 0.3988509702388073
1504 0.3986759273511398
1505 0.3984996151804762
1506 0.3983218496446588
1507 0.3981427945108898
1508 0.3979623855078786
1509 0.3977802582296148
1510 0.3975960468704339
1511 0.3974084808101355
1512 0.3972273623795184
1513 0.3970440563381147
1514 0.3968584064489187
1515 0.396670510943524
1516 0.3964804458705883
1517 0.3962881192533364
1518 0.396093687582332
1519 0.3958970101911035
1520 0.3956980251043255
1521 0.395497039481698
1522 0.3952854382924833
1523 0.3950718001083122
1524 0.3948569048229598
1525 0.3946407567716674
1526 0.3944236740980154
1527 0.394205557773158
1528 0.3939864538645746
1529 0.3937663961967926
1530 0.3935454168289214
1531 0.3933321576324437
1532 0.3931174123245191
1533 0.3929013954070896
1534 0.3926839624424864
1535 0.392465198003244
1536 0.3922457853109869
1537 0.3920249112154948
1538 0.39180161246559
1539 0.3915770306543482
1540 0.3913511429641858
1541 0.3911240858674448
1542 0.3908960909495209
1543 0.3906670592907118
1544 0.3904370396056975
1545 0.3902058690719442
1546 0.3899738499975996
1547 0.3897407694237963
1548 0.38950679915579
1549 0.3892718504894471
1550 0.3890358867336479
1551 0.3887973649039715
1552 0.3885577762011249
1553 0.3883076205020498
1554 0.3880568705055518
1555 0.3878054582004481
1556 0.3875557650120059
1557 0.3873052187450856
1558 0.3870538038137295
1559 0.3868014131211292
1560 0.3865480835997736
1561 0.386293522124682
1562 0.3860378304420951
1563 0.3857808839100023
1564 0.3855225625568876
1565 0.3852629209486319
1566 0.3850020109387519
1567 0.3847396447983621
1568 0.3844758385855561
1569 0.3842101604805476
1570 0.3839430570107948
1571 0.3836745184456646
1572 0.3834047137285249
1573 0.3831335544135791
1574 0.3828609575903905
1575 0.3825868373372101
1576 0.3823113157202108
1577 0.382034441548375
1578 0.3817560219159248
1579 0.3814763150072804
1580 0.3811950170641583
1581 0.3809126665944951
1582 0.3806288624602113
1583 0.3803434122627162
1584 0.3800562076787569
1585 0.3797681694720195
1586 0.3794782533990884
1587 0.3791872054930577
1588 0.3788933410745819
1589 0.3785977918850694
1590 0.3783007236060161
1591 0.3780014249580227
1592 0.3777002249248179
1593 0.377397482118974
1594 0.3770931258782975
1595 0.3767872620716477
1596 0.3764798057854096
1597 0.3761707833322061
1598 0.3758608543999852
1599 0.3755492773644464
1600 0.3752362730860456
1601 0.3749218332077465
1602 0.374605761983371
1603 0.3742879208130736
1604 0.3739686560060079
1605 0.3736479332337427
1606 0.3733255833699912
1607 0.3730018536621785
1608 0.3726767721030181
1609 0.3723499438703751
1610 0.3720216710155127
1611 0.3716916717281583
1612 0.3713606469943342
1613 0.3710284894765252
1614 0.3706952258586844
1615 0.3703606751094065
1616 0.3700250545267509
1617 0.3696880979194078
1618 0.3693498365983099
1619 0.3690101317466004
1620 0.3686687659050606
1621 0.3683256065527356
1622 0.3679808335759637
1623 0.3676345015300438
1624 0.3672863324776829
1625 0.3669359668073143
1626 0.3665835602397213
1627 0.3662287314260475
1628 0.3658715043454849
1629 0.365511884443489
1630 0.3651500939235075
1631 0.3647857750399896
1632 0.3644193607006172
1633 0.3640507933223297
1634 0.3636800698297251
1635 0.3633073612700865
1636 0.3629326908883777
1637 0.3625558896523579
1638 0.3621771367920562
1639 0.3617965979254456
1640 0.3614146855686877
1641 0.3610312761534372
1642 0.3606462619691015
1643 0.3602600653817852
1644 0.3598731401900799
1645 0.3594848705224926
1646 0.3590930837594704
1647 0.3587000466631934
1648 0.3583059194730666
1649 0.3579106015277982
1650 0.3575142238895634
1651 0.3571169632372405
1652 0.3567187773189017
1653 0.3563196992906088
1654 0.3559198034257804
1655 0.3555190916119864
1656 0.3551176664320629
1657 0.3547152980224597
1658 0.3543119597727421
1659 0.3539075934756358
1660 0.3535022187751906
1661 0.3530957152741129
1662 0.3526881107793772
1663 0.3522796453671211
1664 0.3518704441616596
1665 0.3514601526499677
1666 0.3510485952912821
1667 0.3506359041605722
1668 0.3502220779181288
1669 0.3498070764204059
1670 0.3493906312590366
1671 0.3489728571364384
1672 0.3485536805210938
1673 0.3481331711085121
1674 0.3477114047653556
1675 0.3472886407839891
1676 0.3468655932105365
1677 0.3464525293296236
1678 0.3460374964150718
1679 0.3456203872719575
1680 0.3452029591989695
1681 0.3447835647370269
1682 0.3443622792973503
1683 0.3439390489906519
1684 0.3435139446639284
1685 0.3430880581110229
1686 0.3426604661496522
1687 0.3422310835327967
1688 0.3417880130987954
1689 0.3413438216662484
1690 0.3409002792986197
1691 0.3404554772124607
1692 0.3400108578329948
1693 0.3395651670078388
1694 0.3391183690340684
1695 0.3386703864364011
1696 0.3382210075173434
1697 0.3377701537974912
1698 0.3373179132063493
1699 0.3368645833314382
1700 0.3364099947925854
1701 0.3359541659536462
1702 0.3354972055892007
1703 0.3350391490234648
1704 0.3345798724690892
1705 0.33411945409658
1706 0.3336580252653799
1707 0.3331956093166195
1708 0.3327323421565602
1709 0.3322683047624367
1710 0.3318035729634986
1711 0.3313382855388899
1712 0.3308725573641952
1713 0.3304063217685497
1714 0.3299398032890286
1715 0.3294730746610913
1716 0.3290061236140021
1717 0.3285387976005727
1718 0.3280709905944569
1719 0.3276027134366299
1720 0.3271447400687877
1721 0.3266854382903582
1722 0.326225203323523
1723 0.3257642141236766
1724 0.3253022673319401
1725 0.3248393360446789
1726 0.3243721274775439
1727 0.3239041220534237
1728 0.3234353774984879
1729 0.3229660433543774
1730 0.3224961209726451
1731 0.3220254882324872
1732 0.3215542653458243
1733 0.3210823796106131
1734 0.3206097442226178
1735 0.3201363331009124
1736 0.3196622341973207
1737 0.3191873667527076
1738 0.3187115756112907
1739 0.3182347257834888
1740 0.3177572437250816
1741 0.317278748757265
1742 0.3167993079864571
1743 0.3163188729842428
1744 0.3158375305830521
1745 0.3153556258860799
1746 0.31486040814091
1747 0.3143651016517977
1748 0.3138698767064405
1749 0.3133745567117499
1750 0.3128791776963618
1751 0.3123848101582147
1752 0.3118905091770019
1753 0.3113960145155865
1754 0.3109013732998933
1755 0.3104069248555722
1756 0.3099125311663233
1757 0.3094183585437864
1758 0.3089245684622592
1759 0.3084311913167371
1760 0.3079388572536354
1761 0.3074467130782147
1762 0.3069551002915036
1763 0.3064643057678869
1764 0.3059741695638675
1765 0.3054844258760626
1766 0.304995170710277
1767 0.3045064285775349
1768 0.304018186832308
1769 0.3035302369690902
1770 0.3030428440535722
1771 0.3025559146120143
1772 0.302069244324491
1773 0.3015827880722753
1774 0.3010965708854436
1775 0.3006103305923798
1776 0.3001240561200933
1777 0.2996374883855741
1778 0.2991507422736692
1779 0.298663935245237
1780 0.2981773014359404
1781 0.2976906451716627
1782 0.2972042457931277
1783 0.2967181749868229
1784 0.2962345673032694
1785 0.2957486423966301
1786 0.2952631895196288
1787 0.2947764354422611
1788 0.2942906029979314
1789 0.2938057080583848
1790 0.2933218761979267
1791 0.2928376044500921
1792 0.292354583899515
1793 0.2918726403285211
1794 0.2913919107549789
1795 0.2909130314461593
1796 0.2904350849182738
1797 0.2899579454580265
1798 0.2894814399845137
1799 0.289005694933999
1800 0.2885307606116137
1801 0.2880561805779293
1802 0.2875823876765362
1803 0.2871056535122017
1804 0.2866296774500853
1805 0.2861544792395544
1806 0.2856799068975861
1807 0.2852060805661001
1808 0.2847330187277402
1809 0.2842604889986325
1810 0.2837886055423507
1811 0.2833188475937913
1812 0.2828491768524004
1813 0.2823794571985976
1814 0.281909929010264
1815 0.2814401258533615
1816 0.2809699534537613
1817 0.2804993515276549
1818 0.2800304401986284
1819 0.2795611777838266
1820 0.2790916172452428
1821 0.2786214449306511
1822 0.2781489272792526
1823 0.2776764759124027
1824 0.2772041995785646
1825 0.2767341101799872
1826 0.2762641699224076
1827 0.2757943317817066
1828 0.2753246481507554
1829 0.2748552168282592
1830 0.2743862974166652
1831 0.2739176991847575
1832 0.273449370555847
1833 0.2729815168664834
1834 0.2725141312109996
1835 0.2720469928675163
1836 0.2715768224841501
1837 0.2711069428074844
1838 0.2706375033646248
1839 0.2701686429588748
1840 0.2697003881361649
1841 0.2692326216662162
1842 0.2687653755896445
1843 0.2682979238576212
1844 0.2678311011668863
1845 0.2673643460639436
1846 0.2668981225425615
1847 0.2664327631037307
1848 0.2659679713705175
1849 0.265504044855798
1850 0.2650407816113423
1851 0.2645784328149862
1852 0.2641167397662653
1853 0.2636523819214375
1854 0.2631890430834157
1855 0.2627261943361158
1856 0.262263901167447
1857 0.2618025919248156
1858 0.2613420681162988
1859 0.2608823708897983
1860 0.2604236912226097
1861 0.2599659085297661
1862 0.2595089768081822
1863 0.2590529571881565
1864 0.2585977241658753
1865 0.2581432336803731
1866 0.2576893793164428
1867 0.2572362575043508
1868 0.2567833918441319
1869 0.2563313656117339
1870 0.255880034685848
1871 0.2554294230023734
1872 0.2549794582026258
1873 0.2545306732336296
1874 0.2540823484203373
1875 0.2536345681101836
1876 0.2531871486460184
1877 0.252740408825793
1878 0.2522942354019015
1879 0.2518501014730136
1880 0.2514064181033791
1881 0.2509633502965288
1882 0.2505206954925668
1883 0.2500862269048933
1884 0.2496517414581089
1885 0.2492171688774277
1886 0.2487827657944244
1887 0.24834805256863
1888 0.2479131682264625
1889 0.2474783456138514
1890 0.2470433806995384
1891 0.2466083639271287
1892 0.2461733040388923
1893 0.2457340494353959
1894 0.2452937087608647
1895 0.2448536678931856
1896 0.2444138947232239
1897 0.243973954853964
1898 0.243534346736534
1899 0.2430951748497544
1900 0.2426561358705633
1901 0.2422176374218639
1902 0.2417795854615999
1903 0.2413419964677038
1904 0.2409058969032638
1905 0.2404700344518451
1906 0.240034542236875
1907 0.2395993874253226
1908 0.2391646268394304
1909 0.2387299955989408
1910 0.2382929928813336
1911 0.2378566384290696
1912 0.2374236916578899
1913 0.2369910089406249
1914 0.2365663971062122
1915 0.2361421493839735
1916 0.2357199010439452
1917 0.235297997569368
1918 0.2348757959017711
1919 0.2344538457338639
1920 0.2340319451435864
1921 0.2336102093678097
1922 0.2331828685838933
1923 0.2327558957778169
1924 0.2323289008914888
1925 0.2319024360482739
1926 0.231476325112426
1927 0.2310505775101928
1928 0.2306253721226694
1929 0.2302054874675541
1930 0.2297853147869452
1931 0.2293652834771193
1932 0.2289451069053241
1933 0.2285250178546279
1934 0.2281184070577348
1935 0.2277112489558909
1936 0.2273036489573155
1937 0.2268955602489219
1938 0.2264869337854808
1939 0.2260778361423396
1940 0.2256684538587064
1941 0.2252583813323389
1942 0.2248478363097751
1943 0.224436691351184
1944 0.2240245510122421
1945 0.2236119475367001
1946 0.2231987927814393
1947 0.2227853260708287
1948 0.2223690184112133
1949 0.2219525014069388
1950 0.221535836123437
1951 0.2211188780281949
1952 0.220701920179323
1953 0.2202826067104748
1954 0.2198633746059157
1955 0.2194445735059675
1956 0.2190261526094073
1957 0.2186081424548129
1958 0.2181918443007974
1959 0.2177757943192548
1960 0.2173467319023261
1961 0.2169172587665108
1962 0.2164895642439594
1963 0.216063795031239
1964 0.2156400318911042
1965 0.2152189732773385
1966 0.2147999755720172
1967 0.2143881249130893
1968 0.2139784816352498
1969 0.213571554468092
1970 0.2131668906349243
1971 0.2127647431626189
1972 0.212367601894383
1973 0.2119728034938804
1974 0.2115803109299606
1975 0.2111899411652713
1976 0.2108021738369401
1977 0.210416807082138
1978 0.2100350909315171
1979 0.2096548533601929
1980 0.209276190194845
1981 0.2088989408795793
1982 0.2085230974715668
1983 0.2081483843463891
1984 0.2077749628677264
1985 0.207402734622007
1986 0.2070313449980214
1987 0.2066472717127703
1988 0.2062647980652881
1989 0.205883528038843
1990 0.2055015565224286
1991 0.2051266338715444
1992 0.2047525701002428
1993 0.2043791899558996
1994 0.204006230825086
1995 0.2036344815016563
1996 0.2032637552057524
1997 0.2028940458303374
1998 0.2025255739715528
1999 0.2021584974028855
2000 0.2017926388568461
2001 0.2014281201009403
2002 0.2010635317978908
2003 0.2007001735330035
2004 0.2003382398400583
2005 0.1999778269174088
2006 0.1996208719352627
2007 0.1992658193932122
2008 0.1989125254690638
2009 0.1985611336317077
2010 0.1982115018117436
2011 0.197862460984154
2012 0.1975153843488153
2013 0.1971703481054344
2014 0.1968270148975018
2015 0.1964856115137348
2016 0.1961461221005026
2017 0.1958134384177366
2018 0.1954820580118641
2019 0.1951468815847226
2020 0.1948131679284208
2021 0.194480713781325
2022 0.1941496338302535
2023 0.1938195311531832
2024 0.1934904727810209
2025 0.1931621641831662
2026 0.1928347005235011
2027 0.1925082803735488
2028 0.1921826046484262
2029 0.191857894787889
2030 0.1915338822555933
2031 0.191209980231247
2032 0.1908866865503587
2033 0.1905638496369032
2034 0.190241469581435
2035 0.1899195826285263
2036 0.1895981599651669
2037 0.1892771002327456
2038 0.1889564091788709
2039 0.188635905696436
2040 0.1883157065591109
2041 0.1879955684960562
2042 0.1876779673888976
2043 0.1873609780495314
2044 0.1870439230329217
2045 0.1867276642816481
2046 0.1864112282151761
2047 0.1860955224483388
2048 0.185780251915224
2049 0.1854659216941923
2050 0.1851542068014302
2051 0.184843127182589
2052 0.1845330327720575
2053 0.1842237297462675
2054 0.1839155484273844
2055 0.1836085667800081
2056 0.1833029536323743
2057 0.1829986106775903
2058 0.1826957485171513
2059 0.1823945090315128
2060 0.1820946615964929
2061 0.1817964369436825
2062 0.1814997300389939
2063 0.181205287249239
2064 0.180912433429415
2065 0.1806210974585957
2066 0.1803342654611807
2067 0.1800488812451478
2068 0.1797650420623781
2069 0.1794930219581339
2070 0.1792218157428329
2071 0.1789514826138336
2072 0.1786816031760815
2073 0.1784123369776943
2074 0.1781435695900137
2075 0.1778754775007606
2076 0.1776079718622113
2077 0.1773409115871407
2078 0.1770740977076402
2079 0.1768075844590414
2080 0.1765412753203056
2081 0.1762751719939336
2082 0.1760094800067967
2083 0.175743883977291
2084 0.1754784436015249
2085 0.1752137391616244
2086 0.1749491368677551
2087 0.1746844697898338
2088 0.1744200710791483
2089 0.1741556597871419
2090 0.1738914677224374
2091 0.1736275592356147
2092 0.1733639494020481
2093 0.1731003065243496
2094 0.1728363869686115
2095 0.1725728721280292
2096 0.1723107762692312
2097 0.1720492587028407
2098 0.1717885733161532
2099 0.171526049666717
2100 0.1712578242332516
2101 0.1709916866348898
2102 0.1707274978375041
2103 0.1704643476441433
2104 0.1702033438509805
2105 0.1699443498859144
2106 0.1696915500130299
2107 0.1694406517618608
2108 0.1691915265988899
2109 0.1689444944678823
2110 0.168699065959127
2111 0.1684554801504092
2112 0.1682140031332838
2113 0.1679746428344285
2114 0.1677370107032958
2115 0.167501120990771
2116 0.1672673322255857
2117 0.1670353734108662
2118 0.166804820127887
2119 0.1665757076065005
2120 0.1663483926587141
2121 0.1661230186865063
2122 0.1658995819817737
2123 0.1656780986441734
2124 0.1654581070105429
2125 0.1652398499938927
2126 0.1650238479331788
2127 0.1648097056839117
2128 0.164597478789749
2129 0.1643870309891044
2130 0.1641784326384095
2131 0.1639580356824512
2132 0.1637398435723123
2133 0.1635220632651777
2134 0.1633053746418271
2135 0.1630908691775246
2136 0.1628786489905914
2137 0.162668978081337
2138 0.162461901293794
2139 0.162257130858876
2140 0.1620560461048648
2141 0.1618573452708468
2142 0.1616609379999902
2143 0.1614666915402564
2144 0.1612743287120002
2145 0.1610839857919328
2146 0.160894104166993
2147 0.1607061881983612
2148 0.1605205815353126
2149 0.1603371084844484
2150 0.1601559682989674
2151 0.1599805769253594
2152 0.1598069608385572
2153 0.1596352496269164
2154 0.159465308554591
2155 0.1592968879520248
2156 0.1591301680368631
2157 0.1589650078809965
2158 0.1588011648553073
2159 0.1586387289747932
2160 0.1584774417972528
2161 0.1583210957977694
2162 0.1581655755767228
2163 0.158010938754264
2164 0.157857021204951
2165 0.15770409249935
2166 0.1575511041025927
2167 0.1574004651401725
2168 0.1572510929852531
2169 0.1571028109354848
2170 0.1569558330255985
2171 0.156809872908775
2172 0.1566733154946111
2173 0.1565373682460727
2174 0.1564017590415453
2175 0.1562664348823445
2176 0.1561312213882205
2177 0.155994883560914
2178 0.1558590106218819
2179 0.1557215742579537
2180 0.1555832606313294
2181 0.1554447892889938
2182 0.1553061178242325
2183 0.1551673035916369
2184 0.1550286471819865
2185 0.1548898222304852
2186 0.1547513705453085
2187 0.1546119691154611
2188 0.1544613353088623
2189 0.1543110526024255
2190 0.1541660269981707
2191 0.154021427449435
2192 0.1538728404810233
2193 0.1537255256359215
2194 0.153579801262597
2195 0.1534360012387126
2196 0.153301166751581
2197 0.1531683008848578
2198 0.1530373904817486
2199 0.1529087967744799
2200 0.1527820869980429
2201 0.1526578719895607
2202 0.1525358499482692
2203 0.1524184681905935
2204 0.1523035016135653
2205 0.1521909806244734
2206 0.1520807384424414
2207 0.1519728089519814
2208 0.1518671877758011
2209 0.1517639656401892
2210 0.1516572126563552
2211 0.1515531563511117
2212 0.151451539743406
2213 0.1513523231196179
2214 0.1512556520617086
2215 0.1511614996082588
2216 0.1510693912867686
2217 0.1509791876480759
2218 0.1508906488393854
2219 0.1508028743316404
2220 0.1507167426155047
2221 0.1506323365340858
2222 0.1505493822632172
2223 0.1504678511162835
2224 0.150387595119106
2225 0.1503084649408341
2226 0.1502307993536844
2227 0.1501544617148882
2228 0.1500791451012708
2229 0.1500049526813473
2230 0.149931934201921
2231 0.1498597379345177
2232 0.1497885208727056
2233 0.1497186693774838
2234 0.1496498591344032
2235 0.1495820096377029
2236 0.1495170855218536
2237 0.1494529267599504
2238 0.1493899579872444
2239 0.1493278260154232
2240 0.1492682230010937
2241 0.1492092196726345
2242 0.1491510741147074
2243 0.1490935065510838
2244 0.1490365889077838
2245 0.1489809115729498
2246 0.1489260990269805
2247 0.1488726305193224
2248 0.1488194983992476
2249 0.1487670443368269
2250 0.1487154515939023
2251 0.1486633896869924
2252 0.1486116727437334
2253 0.1485619033428706
2254 0.1485099750490376
2255 0.1484591649149624
2256 0.1484091384885542
2257 0.1483602007582891
2258 0.1483123634906874
2259 0.1482656128557831
2260 0.1482201160796457
2261 0.1481758379894657
2262 0.1481327506086829
2263 0.1480907736144562
2264 0.1480553509062939
2265 0.1480209784684418
2266 0.147987576142132
2267 0.1479549435773576
2268 0.147922913321799
2269 0.1478905675563517
2270 0.1478592862617453
2271 0.1478293619317415
2272 0.1478005103627013
2273 0.147772685041599
2274 0.1477460460008738
2275 0.1477203522948827
2276 0.1476956345024609
2277 0.1476722064713625
2278 0.1476499076514179
2279 0.1476288258805511
2280 0.1476089616527561
2281 0.1475902883130878
2282 0.1475730232210751
2283 0.1475573454200443
2284 0.14754311017371
2285 0.147530204798585
2286 0.1475187921712002
2287 0.1475086011845576
2288 0.147499842121678
2289 0.1474923102573472
2290 0.1474859794694322
2291 0.1474813925267842
2292 0.147478109173201
2293 0.1474758490323574
2294 0.1474749336788827
2295 0.1474749898341102
2296 0.1474767593966301
2297 0.1474796387416934
2298 0.1474834929880175
2299 0.1474879974354648
2300 0.1474934776594782
2301 0.147499855589855
2302 0.1475070185743078
2303 0.1475148230728151
2304 0.1475247181686502
2305 0.1475350628694908
2306 0.1475457824719212
2307 0.1475567395184749
2308 0.1475679289037575
2309 0.1475815179253155
2310 0.14759496831464
2311 0.1476084609871439
2312 0.1476220577479244
2313 0.1476359466577568
2314 0.1476504092465936
2315 0.1476658820485284
2316 0.1476817153437167
2317 0.1476980637823094
2318 0.1477061859825632
2319 0.147714735323081
2320 0.1477248151584401
2321 0.1477357472532405
2322 0.1477475174913775
2323 0.1477600458569664
2324 0.14777436196827
2325 0.1477894418499347
2326 0.1478055871794229
2327 0.1478231626654064
2328 0.1478416556305307
2329 0.1478615949732948
2330 0.1478812600437264
2331 0.1479039893780088
2332 0.1479284756947066
2333 0.1479545803806995
2334 0.1479775411093227
2335 0.1480034900520554
2336 0.148032156564717
2337 0.1480635870565035
2338 0.1480975223550961
2339 0.1481338619534969
2340 0.1481722091290483
2341 0.148212749294433
2342 0.148255311770297
2343 0.148299760293983
2344 0.1483461222405215
2345 0.1483940929393958
2346 0.1484436818683111
2347 0.1485005104862303
2348 0.1485586553770394
2349 0.1486178212384104
2350 0.1486783577719727
2351 0.1487381881483865
2352 0.1487943275890933
2353 0.1488515074308279
2354 0.1489097300470082
2355 0.1489690531789055
2356 0.1490293922334012
2357 0.1490911977473398
2358 0.1491544273792749
2359 0.1492186629907537
2360 0.1492840604581475
2361 0.1493504843786481
2362 0.1494178099831011
2363 0.1494859055135988
2364 0.1495548524128685
2365 0.1496245440500645
2366 0.1496954497738203
2367 0.1497672742570926
2368 0.1498401464305768
2369 0.1499137774072415
2370 0.1499884170069966
2371 0.1500635622138337
2372 0.1501395399707843
2373 0.1502162325885423
2374 0.1502932701967125
2375 0.1503708133795504
2376 0.1504488359409027
2377 0.1505273178363196
2378 0.1506064181698377
2379 0.1506858952574817
2380 0.1507659676707096
2381 0.1508476782217239
2382 0.1509294957630901
2383 0.1510115890075678
2384 0.1510940474941348
2385 0.1511742975945017
2386 0.15125454607103
2387 0.1513348552773761
2388 0.151415467925596
2389 0.1514963691422472
2390 0.1515776174286874
2391 0.1516592139184032
2392 0.1517412844412211
2393 0.1518236259139541
2394 0.1519061438050179
2395 0.1519888477885304
2396 0.1520716056748782
2397 0.1521548859105148
2398 0.1522387045071648
2399 0.1523235924696222
2400 0.1524089968943338
2401 0.1524952080917715
2402 0.152581946134679
2403 0.1526693893925677
2404 0.1527575966923431
2405 0.1528466143046831
2406 0.1529366745894794
2407 0.1530278203412495
2408 0.1531199323874436
2409 0.1532128943005235
2410 0.153306952912362
2411 0.1534019824169159
2412 0.1534978004494948
2413 0.15359465192154
2414 0.1536922440846133
2415 0.1537900706273596
2416 0.1538886715392969
2417 0.1539885123259853
2418 0.1540894449728208
2419 0.1541918386467144
2420 0.1543050299936951
2421 0.1544185872287743
2422 0.1545320177037798
2423 0.1546452839031458
2424 0.1547590579764587
2425 0.1548732244778426
2426 0.1549880194264934
2427 0.1550932293569447
2428 0.1551990311859635
2429 0.1553054194295975
2430 0.1554124072187083
2431 0.1555200762917424
2432 0.1556284981797999
2433 0.1557376250468375
2434 0.1558471885459989
2435 0.1559572164591677
2436 0.15606744041057
2437 0.1561776577377632
2438 0.1562884688023401
2439 0.1563995316267646
2440 0.1565109176231375
2441 0.1566225876558077
2442 0.1567344065237593
2443 0.1568465066423971
2444 0.1569590219175919
2445 0.1570714997436847
2446 0.1571843957678323
2447 0.1572974789010514
2448 0.1574109219359334
2449 0.1575245433105253
2450 0.1576381440203715
2451 0.1577516975618346
2452 0.1578656526068542
2453 0.1579797682385621
2454 0.1580942519572267
2455 0.1582095707202277
2456 0.1583249554208182
2457 0.1584404585645807
2458 0.1585558066628377
2459 0.1586711542503155
2460 0.1587867636983363
2461 0.1589023095465945
2462 0.1590194167969735
2463 0.159136131321577
2464 0.1592526447795043
2465 0.1593693309280069
2466 0.1594859753674936
2467 0.1596024047807692
2468 0.1597303982632459
2469 0.1598579534566905
2470 0.1599848468019447
2471 0.1601114242462517
2472 0.1602365783745545
2473 0.160361356560038
2474 0.1604860943831855
2475 0.1606110992292017
2476 0.1607359208149616
2477 0.1608610166408451
2478 0.1609853486213826
2479 0.1611111120981645
2480 0.1612370904832909
2481 0.1613632454930093
2482 0.1614895625599364
2483 0.1616159728094333
2484 0.1617422980626703
2485 0.1618675418977214
2486 0.1619931560420059
2487 0.162119017840584
2488 0.1622450929532054
2489 0.1623718709816767
2490 0.1624991162182613
2491 0.1626266614613836
2492 0.1627548033111058
2493 0.1628829904943482
2494 0.1630119160926999
2495 0.1631412774279208
2496 0.1632714937414497
2497 0.1634023414423646
2498 0.1635337510091449
2499 0.1636659981740705
2500 0.1637990103468998
2501 0.1639351465812747
2502 0.1640719537808359
2503 0.1642092663792937
2504 0.1643473830917384
2505 0.1644858695449489
2506 0.1646250147011428
2507 0.1647643831381659
2508 0.1649042178625104
2509 0.1650440938738083
2510 0.1651842885552755
2511 0.1653249234207317
2512 0.1654654733057451
2513 0.1656061465063318
2514 0.1657469611394546
2515 0.1658875814689513
2516 0.1660281583148703
2517 0.1661687913291164
2518 0.1663091961266872
2519 0.1664494440030655
2520 0.1665897511533447
2521 0.1667298573092872
2522 0.1668734152787763
2523 0.1670094776364604
2524 0.1671452457981124
2525 0.1672810376438074
2526 0.1674169418084866
2527 0.1675525425362394
2528 0.167688626417865
2529 0.1678250716418073
2530 0.1679615825745407
2531 0.1680982614679422
2532 0.1682353954623019
2533 0.1683733421902559
2534 0.168511529352476
2535 0.1686505287756831
2536 0.1687899717311757
2537 0.1689228795955632
2538 0.1690569025012263
2539 0.1691920991337885
2540 0.1693280855887697
2541 0.1694650153253931
2542 0.1696030145189081
2543 0.1697418493758141
2544 0.1698819719628624
2545 0.170023328109108
2546 0.1701652012478843
2547 0.1703080613788019
2548 0.1704519794834621
2549 0.1705971159606676
2550 0.1707433949247927
2551 0.1708906037178128
2552 0.1710386851554132
2553 0.1711878156152406
2554 0.1713375830420358
2555 0.1714882217752017
2556 0.1716397018221647
2557 0.1717910907259105
2558 0.1719430528378744
2559 0.1720945064617895
2560 0.1722465125403622
2561 0.1723990412179352
2562 0.1725520677647119
2563 0.172705439097213
2564 0.1728587866394473
2565 0.1730124082130356
2566 0.1731663990328121
2567 0.1733207275078484
2568 0.1734753444189735
2569 0.1736299866297809
2570 0.1737846383691739
2571 0.1739395881708317
2572 0.1740951106967043
2573 0.1742509093676986
2574 0.1744068482199333
2575 0.1745609038087183
2576 0.1747154291758703
2577 0.1748703948557421
2578 0.1750255040553115
2579 0.1751811689636811
2580 0.1753370444062193
2581 0.1754933593318607
2582 0.1756514328039339
2583 0.1758097624962041
2584 0.1759682014228972
2585 0.1761338129328763
2586 0.1762993869523733
2587 0.1764645769647113
2588 0.1766385657456507
2589 0.1768115883843338
2590 0.1769835275674849
2591 0.1771547022862724
2592 0.1773247251200976
2593 0.1774939920537682
2594 0.1776616066409022
2595 0.1778277952725978
2596 0.177992673472668
2597 0.1781562962784728
2598 0.1783183986434542
2599 0.1784789372655884
2600 0.1786381604325505
2601 0.1787960313615885
2602 0.1789527583526093
2603 0.1791078795500416
2604 0.1792617871199865
2605 0.1794144997415054
2606 0.1795659431234874
2607 0.1797163656239738
2608 0.1798658445781927
2609 0.1800144987698638
2610 0.1801619850045841
2611 0.180308630062815
2612 0.1804543536201814
2613 0.1805996714474014
2614 0.1807441668682777
2615 0.1808882230894925
2616 0.1810321344574711
2617 0.1811758663000194
2618 0.1813194191680553
2619 0.1814629563808151
2620 0.1816063313278864
2621 0.1817495187178953
2622 0.1818928047189665
2623 0.1820361342198437
2624 0.1821795432135988
2625 0.1823230797591771
2626 0.1824670246034929
2627 0.1826112047208879
2628 0.1827554123647706
2629 0.1829002515106914
2630 0.183045589658201
2631 0.1831911590839148
2632 0.1833368519895435
2633 0.1834826621053091
2634 0.1836288016740822
2635 0.1837752601625045
2636 0.1839220915329692
2637 0.1840692845271728
2638 0.1842167449326485
2639 0.1843620695287726
2640 0.1845078610296177
2641 0.1846558163909254
2642 0.184803947642187
2643 0.1849509654765116
2644 0.1850982616517641
2645 0.1852457733229398
2646 0.1853948244080778
2647 0.1855442474180228
2648 0.1856937233687742
2649 0.1858431134513909
2650 0.1859923038898351
2651 0.1861414881273873
2652 0.1862906528103026
2653 0.1864395077668419
2654 0.1865881379339635
2655 0.1867366475083208
2656 0.1868850179912379
2657 0.1870334430169466
2658 0.187181715566883
2659 0.1873296299949102
2660 0.1874773248370456
2661 0.1876247931668081
2662 0.1877705272762936
2663 0.1879162508887373
2664 0.1880616487374829
2665 0.1882067627650278
2666 0.1883515047279466
2667 0.1884956473782226
2668 0.1886397652981508
2669 0.18878392614668
2670 0.1889277094049598
2671 0.1890711868180418
2672 0.1892140506764842
2673 0.1893568747979463
2674 0.1894996567194745
2675 0.1896422634444414
2676 0.1897849989051716
2677 0.1899272343333965
2678 0.1900691659627552
2679 0.1902105821010646
2680 0.1903519930546591
2681 0.1904929947447258
2682 0.1906336806799437
2683 0.1907741849181626
2684 0.1909145265174516
2685 0.1910547100882059
2686 0.1911949284926963
2687 0.1913359106633649
2688 0.1914767840131502
2689 0.1916176083554378
2690 0.1917549155219701
2691 0.1918920221407257
2692 0.1920282698301337
2693 0.1921646219184283
2694 0.1923008168937616
2695 0.1924372088046098
2696 0.192573902546051
2697 0.1927106296464752
2698 0.1928474928423236
2699 0.1929845230115306
2700 0.1931216264908114
2701 0.1932588596542219
2702 0.1933962765415096
2703 0.1935335119525348
2704 0.1936711223039645
2705 0.1938082515397769
2706 0.1939455348639304
2707 0.1940830647033078
2708 0.1942207830184391
2709 0.1943587305854825
2710 0.1944966376102312
2711 0.194634655902829
2712 0.1947728114545331
2713 0.1949109737230873
2714 0.1950488724466192
2715 0.1951870178170254
2716 0.1953610181838007
2717 0.1954978776533107
2718 0.1956342458735938
2719 0.1957701329673453
2720 0.1959057653105089
2721 0.1960406527664165
2722 0.1961752477588477
2723 0.1963090348912706
2724 0.1964752119002444
2725 0.1966072121295963
2726 0.1967385866596244
2727 0.1968691687352589
2728 0.1969992957185315
2729 0.197159940183762
2730 0.1972883404742636
2731 0.1974161614979956
2732 0.1975438560282751
2733 0.1976708750711918
2734 0.1978262449718174
2735 0.1979513554110068
2736 0.1980762279577414
2737 0.1982006640194683
2738 0.1983252115748501
2739 0.1984762294480697
2740 0.1985991657016946
2741 0.1987233696113278
2742 0.1988469751258763
2743 0.1989701484132247
2744 0.1991180079902592
2745 0.1992399062385834
2746 0.1993611574841211
2747 0.1994819188518049
2748 0.1996265987102743
2749 0.1997464452858296
2750 0.1998658160961419
2751 0.1999852831571429
2752 0.2001278645467893
2753 0.2002463576983266
2754 0.2003644894695242
2755 0.200505363307259
2756 0.2006229372044873
2757 0.2007398502864188
2758 0.2008567376558642
2759 0.2009959690872348
2760 0.2011125214477267
2761 0.2012273281003373
2762 0.2013650990427612
2763 0.2014797082385862
2764 0.2015943363963341
2765 0.2017317607175869
2766 0.2018460338272252
2767 0.2019602256956217
2768 0.2020744121561909
2769 0.2022136495889213
2770 0.2023241184866961
2771 0.2024348154252868
2772 0.2025685299566077
2773 0.2026797596540117
2774 0.2027909215369207
2775 0.202925855123218
2776 0.2030376663963012
2777 0.2031496744488856
2778 0.2032619647916744
2779 0.2033987411009171
2780 0.2035115257920751
2781 0.2036245987304104
2782 0.2037382262660503
2783 0.2038768480485586
2784 0.2039913606135096
2785 0.2041058601899589
2786 0.2042206473434929
2787 0.2043355341417297
2788 0.2044508461533461
2789 0.2045912613228543
2790 0.204706246137558
2791 0.2048215054821717
2792 0.2049372661857286
2793 0.2050535256192062
2794 0.2051699365523969
2795 0.2053132248423283
2796 0.2054304880899488
2797 0.2055474922513457
2798 0.2056644681645599
2799 0.2057814281010784
2800 0.2059242996469186
2801 0.2060412702338005
2802 0.2061579049471296
2803 0.2062744300513084
2804 0.2063909141830384
2805 0.2065321442152517
2806 0.2066485682111135
2807 0.206764693273247
2808 0.2068804271909025
2809 0.2070190539574301
2810 0.2071324764189738
2811 0.2072451679655109
2812 0.2073802614279562
2813 0.2074922339150973
2814 0.2076050608011469
2815 0.2077390245746945
2816 0.2078508211324258
2817 0.2079620515637697
2818 0.2080933249648979
2819 0.2082033625120094
2820 0.2083125007950217
2821 0.2084408712758474
2822 0.2085490487457506
2823 0.2086755505164963
2824 0.2087824062411351
2825 0.2089043108642838
2826 0.2090072432405576
2827 0.2091092722154833
2828 0.2092294018980312
2829 0.2093304426563989
2830 0.2094308406484658
2831 0.2095498312989105
2832 0.20965030847284
2833 0.2097500442330586
2834 0.2098496377643374
2835 0.2099489350287008
2836 0.2100482188619835
2837 0.2101476862983755
2838 0.2102476160075644
2839 0.2103479450518302
2840 0.2104486926851459
2841 0.2105496393595469
2842 0.2106515543456063
2843 0.2107537796501786
2844 0.2108566191118569
2845 0.2109605712981002
2846 0.2110650580132935
2847 0.2111699012683578
2848 0.211275267423267
2849 0.2113811617364289
2850 0.2114875624972714
2851 0.2115942464459969
2852 0.2117009660187672
2853 0.211807950614307
2854 0.2119152980002121
2855 0.2120228534236357
2856 0.2121305265247578
2857 0.2122379897337237
2858 0.2123454309132595
2859 0.2124529009278989
2860 0.2125604842550647
2861 0.2126680981679809
2862 0.2127754431813034
2863 0.2128825853863166
2864 0.2129892575927081
2865 0.2130955813354084
2866 0.2132011502969474
2867 0.2133061384359175
2868 0.2134108098650836
2869 0.2135156102287933
2870 0.2136197018800325
2871 0.2137230815509111
2872 0.2138258985036677
2873 0.2139282740469037
2874 0.2140302964621202
2875 0.21413174333403
2876 0.2142411666147955
2877 0.2143496124061815
2878 0.2144567071256859
2879 0.214562609150178
2880 0.2146676002902294
2881 0.2147716058432916
2882 0.2148744974381648
2883 0.2149763907148494
2884 0.2150771900502747
2885 0.2151766621516703
2886 0.2152750284871647
2887 0.215370925612379
2888 0.2154632807305894
2889 0.2155548961494556
2890 0.2156559080143492
2891 0.2157470096270923
2892 0.2158367807100911
2893 0.2159258715695473
2894 0.2160144557093197
2895 0.216102282724346
2896 0.2161893964325576
2897 0.216275151291305
2898 0.2163604082154111
2899 0.216445320313491
2900 0.2165286581311724
2901 0.2166121420490488
2902 0.2166957602181268
2903 0.2167794011705064
2904 0.2168633227073094
2905 0.2169475900937946
2906 0.2170322903778438
2907 0.2171174190195726
2908 0.2172027561420973
2909 0.2172886112917368
2910 0.2173746757440028
2911 0.2174611455244502
2912 0.2175478395574284
2913 0.2176349311613998
2914 0.2177222040818515
2915 0.2178097308541908
2916 0.217897557491993
2917 0.2179854115669195
2918 0.2180732532395031
2919 0.2181612249235407
2920 0.2182490287197968
2921 0.2183333635543037
2922 0.2184179488009801
2923 0.2185016189958538
2924 0.2185853915441376
2925 0.2186694487497984
2926 0.2187534670147048
2927 0.2188374004775764
2928 0.2189210652463937
2929 0.2190045018999169
2930 0.2190877751329785
2931 0.2191706916961989
2932 0.2192534527160547
2933 0.2193362012813396
2934 0.2194186370589869
2935 0.2195020819252506
2936 0.2195850696988159
2937 0.2196677981391664
2938 0.219750026594076
2939 0.2198317106040264
2940 0.219913144486218
2941 0.2199941618834077
2942 0.2200747865348916
2943 0.2201547513560122
2944 0.2202341229349829
2945 0.2203129309656857
2946 0.2203913356293114
2947 0.220469193552966
2948 0.2205465903320486
2949 0.2206233681184037
2950 0.2206994497548399
2951 0.2207750773175096
2952 0.2208501239019808
2953 0.220924632819649
2954 0.2209984056253035
2955 0.2210716458110973
2956 0.2211444166412849
2957 0.2212167134571562
2958 0.2212886017228865
2959 0.2213598567064009
2960 0.2214304482587227
2961 0.2215006039044095
2962 0.2215700943536986
2963 0.2216388547632899
2964 0.2217072159887064
2965 0.2217751838625089
2966 0.2218426698244323
2967 0.2219096255451893
2968 0.2219764419517297
2969 0.2220426896357122
2970 0.2221088986436732
2971 0.2221789614911454
2972 0.2222438106196898
2973 0.2223083856009936
2974 0.2223724222165318
2975 0.2224359843424909
2976 0.2224991356911999
2977 0.2225618927720244
2978 0.2226243725003128
2979 0.2226867220547687
2980 0.2227486624154736
2981 0.2228103335336455
2982 0.2228718053945679
2983 0.2229329442156884
2984 0.222993509567128
2985 0.223053768550571
2986 0.2231135653669047
2987 0.2231730525084045
2988 0.2232324668284282
2989 0.2232915015039147
2990 0.2233500649288132
2991 0.2234083083928953
2992 0.2234659874333097
2993 0.2235245436790896
2994 0.223583164930834
2995 0.2236414685270933
2996 0.2236992641843681
2997 0.2237565390429397
2998 0.2238132676193192
2999 0.2238695938300627
3000 0.2239254598045485
