"drag-rfile"
"Iteration" "drag"
("Iteration" "drag")
1 1.786885983369249
2 2.445311196607891
3 2.939295806761967
4 3.243282651347433
5 3.419646431536113
6 3.472136340820419
7 3.42204966077385
8 3.24024004368387
9 2.983916710579452
10 2.722314727186782
11 2.545946751182684
12 2.363810082485716
13 2.211384435914799
14 2.090900035072589
15 1.993108016940069
16 1.906676966086968
17 1.81972593820079
18 1.726333514676233
19 1.626938837160558
20 1.518333756965586
21 1.40101312180804
22 1.278385172786948
23 1.15609989168706
24 1.036723933976939
25 0.9219209932153318
26 0.8127671884287094
27 0.7097704183846039
28 0.6128681763979044
29 0.5233271410983599
30 0.4407569103568628
31 0.3631341112015564
32 0.291756000498804
33 0.2250842834363318
34 0.1649010151968382
35 0.1092243804245679
36 0.05674976432180579
37 0.009744120223123423
38 -0.03300299732480891
39 -0.07157665503373467
40 -0.1053705853843444
41 -0.1346272979245964
42 -0.1594856991477299
43 -0.1805707709587877
44 -0.1983304256382004
45 -0.2132125792016222
46 -0.2254350491471929
47 -0.2352358569893197
48 -0.2429420774750479
49 -0.2486980980873725
50 -0.2527722346376025
51 -0.2557440001225917
52 -0.2575962892133858
53 -0.2582565662579089
54 -0.2582795352846456
55 -0.2580930717629691
56 -0.2574081081740982
57 -0.2563301471240822
58 -0.254785656060865
59 -0.2533834602868244
60 -0.2511191089556827
61 -0.2487187829606509
62 -0.2456456301395753
63 -0.2421718039365387
64 -0.2381086139448217
65 -0.2335014796618625
66 -0.2282420396523908
67 -0.2221925990671652
68 -0.2154846325725781
69 -0.2080341087406485
70 -0.1998137600044488
71 -0.1908061881895204
72 -0.1810038861005854
73 -0.1703965444052328
74 -0.1588676862859227
75 -0.1466549198466074
76 -0.1335457022180822
77 -0.1196884109567971
78 -0.1051109452873386
79 -0.08985494518628939
80 -0.07388818704645632
81 -0.05744320131730394
82 -0.04054569098018161
83 -0.02319110073675949
84 -0.005444649682294228
85 0.01261806047834564
86 0.03093174999392195
87 0.04947422403205709
88 0.06810020484243103
89 0.08673407971080338
90 0.105305034973205
91 0.1237117864235356
92 0.1419085410426884
93 0.1598329842711284
94 0.177413813043946
95 0.1946130916474022
96 0.2113482404632802
97 0.2275668661153392
98 0.2433052011351952
99 0.2584242115639609
100 0.2728828000424893
101 0.2866444355605569
102 0.2996638930795263
103 0.3119088713595583
104 0.323341402691166
105 0.3340061321856504
106 0.3437136963965035
107 0.3525546231236503
108 0.3605078760473449
109 0.3675416387252752
110 0.3736604833215187
111 0.3788494640954123
112 0.3830995024396317
113 0.3864079602962086
114 0.3887697275953878
115 0.390184901602126
116 0.3906585287506169
117 0.3901586677352298
118 0.388731385647695
119 0.386379160850595
120 0.3831144209527382
121 0.3789602782588387
122 0.3739387039203033
123 0.3680766065486327
124 0.3614606202764648
125 0.3540688164351278
126 0.3459483059999999
127 0.3370890445772125
128 0.3275557892701074
129 0.3174107042198625
130 0.3067062050293419
131 0.2954907854002687
132 0.2838179428995284
133 0.2718198569150069
134 0.2594367975827612
135 0.2467641449518857
136 0.2338619062202586
137 0.2207738212170293
138 0.2075588710797643
139 0.1943275713902084
140 0.1811104247113316
141 0.1679833861035723
142 0.1549819155396509
143 0.142158521214401
144 0.1295739918004595
145 0.1172748451403958
146 0.105297691744359
147 0.09367837657245612
148 0.0824504416614443
149 0.07167139226419723
150 0.06137776351981251
151 0.05159109466145601
152 0.04235183904859639
153 0.0336847000509076
154 0.02560965772546893
155 0.01815031474306758
156 0.01133261436719586
157 0.005148595141864608
158 -0.0003918398409771309
159 -0.005287718734375462
160 -0.009533970266444532
161 -0.0131298330441441
162 -0.01607986596440077
163 -0.01838489062518852
164 -0.02006496343090605
165 -0.02112305398767666
166 -0.02157010890324341
167 -0.02142015438874111
168 -0.02069339984130276
169 -0.01940724813440123
170 -0.01756934314575971
171 -0.01519968643644888
172 -0.01230734532113948
173 -0.008920976709484519
174 -0.005059454706031564
175 -0.0007422958306705793
176 0.004004524922316698
177 0.009158442747301807
178 0.01468465345474016
179 0.02057960210514754
180 0.02681174562770578
181 0.03335603493704151
182 0.04018651465645701
183 0.04727846498629131
184 0.05461206287315092
185 0.06215441097422516
186 0.06988263382930515
187 0.07777404818863279
188 0.08580762940974474
189 0.09395125687886176
190 0.1021779632597923
191 0.1104612964156088
192 0.118774806269085
193 0.1270931234380109
194 0.1353858212318974
195 0.1436353193019414
196 0.1518227726722631
197 0.1599112532103433
198 0.1678763266751155
199 0.1756934481204356
200 0.1833399189256691
201 0.1908029744232363
202 0.1980467864227472
203 0.2050501292935186
204 0.2117907987949795
205 0.2182485826811675
206 0.2243893805401485
207 0.2302095346683325
208 0.2356905355974726
209 0.2408163384654513
210 0.2455706047074225
211 0.2499400467126195
212 0.2539099654376525
213 0.2574694535403055
214 0.2606104219011718
215 0.2633228168760439
216 0.2656016494714277
217 0.2674558862626289
218 0.2688539374359999
219 0.2698035373996488
220 0.2703060535018984
221 0.2703625600787347
222 0.269972699331246
223 0.2691427058728113
224 0.2678788512332471
225 0.2661959218914635
226 0.264107327994218
227 0.2616146442712306
228 0.2587313747200527
229 0.2554710937215909
230 0.2518550851927767
231 0.2478929189641772
232 0.2436041036819241
233 0.2390073619758481
234 0.2341224867467954
235 0.2289720351277751
236 0.223577943832682
237 0.2179637534789353
238 0.2121540395562824
239 0.2061724685021617
240 0.2000449937835966
241 0.1937963906488728
242 0.1874568690740605
243 0.1810700083228685
244 0.174643250970297
245 0.1681965121112974
246 0.1617546534849969
247 0.1553454608631112
248 0.1489939194951665
249 0.1427260024203394
250 0.1365659235752695
251 0.1305357144217799
252 0.124658479628375
253 0.1189569526063669
254 0.1134512794885247
255 0.1081392398657835
256 0.1030672204866378
257 0.09825108460606788
258 0.09371389804029198
259 0.08946331714556052
260 0.0855108509590372
261 0.08186987912442632
262 0.07855179283000172
263 0.07556421401293936
264 0.07291409172488869
265 0.07060689040203932
266 0.06864786657949391
267 0.06703964085353903
268 0.06578404982375177
269 0.06488303266714968
270 0.06433273678544733
271 0.06413000468050104
272 0.06427025770035744
273 0.06474777811069629
274 0.06555563701238915
275 0.06668561932105378
276 0.06812867846949099
277 0.06987463558460674
278 0.07191204816686947
279 0.07422890798198877
280 0.07681253751700752
281 0.07964989718661776
282 0.08273658920085106
283 0.08604693128967257
284 0.08956454158351863
285 0.09327178404114493
286 0.09715246254106524
287 0.1011892257952234
288 0.1053646664740489
289 0.1096607186337548
290 0.1140605831423912
291 0.1185472867170257
292 0.1231037854042221
293 0.1277115279696085
294 0.132353639140255
295 0.1370125137799366
296 0.1416707086829174
297 0.1463120673933544
298 0.1509199445623821
299 0.1554774256368131
300 0.1599709613184928
301 0.1643863068990548
302 0.1687082989356719
303 0.1729236839314156
304 0.1770193737357676
305 0.1809843355457259
306 0.1847916596718686
307 0.1884553103120929
308 0.1919540866471705
309 0.1952811503691153
310 0.1984280942766937
311 0.2013831222562909
312 0.2041373891680869
313 0.2066875265536661
314 0.2090263553558772
315 0.2111493892644777
316 0.2130473333143624
317 0.2147260824154269
318 0.2161818515597611
319 0.2174091645824741
320 0.2184115744426142
321 0.2191899345354321
322 0.219745767723751
323 0.2200801511664744
324 0.2201952201960677
325 0.2200932316871557
326 0.2197794207681408
327 0.2192575953471126
328 0.2185264408812054
329 0.2175978506865783
330 0.2164781691744253
331 0.2151739158851833
332 0.2136926306304176
333 0.2120427213824502
334 0.2102294204636689
335 0.2082644063416254
336 0.2061552206875564
337 0.2039154617447829
338 0.2015517072776509
339 0.1990758416575891
340 0.1964983723578883
341 0.1938294332853355
342 0.1910806563685876
343 0.1882622810984455
344 0.1853850996580051
345 0.182460194975347
346 0.179498363986336
347 0.1765108771258434
348 0.1735124838711787
349 0.1705098292728761
350 0.1675121670343466
351 0.1645295142617252
352 0.1615720308054692
353 0.1586494209155466
354 0.1557695921998356
355 0.1529420943220691
356 0.1501754837910659
357 0.147477831428566
358 0.1448532976871961
359 0.1423190153049755
360 0.1398764570172186
361 0.1375326894907991
362 0.1352940713150565
363 0.1331671581349986
364 0.1311572267021936
365 0.129269648959205
366 0.1275090960588301
367 0.1258798896877901
368 0.1243884913752117
369 0.1230344588921838
370 0.121818887188627
371 0.120744776999547
372 0.1198150066034192
373 0.119030266338213
374 0.1183904117821827
375 0.1178954085668228
376 0.117544996909003
377 0.1173373714868118
378 0.1172731261645072
379 0.1173506399236776
380 0.1175674559628639
381 0.1179207655484639
382 0.1184072521418632
383 0.1190230871881821
384 0.1197643271552355
385 0.1206281543334682
386 0.1216092985379924
387 0.122702703080305
388 0.1239031915283522
389 0.1252051557685219
390 0.1266031426706564
391 0.1280936435316134
392 0.1296672165699437
393 0.1313137678831275
394 0.1330309482806251
395 0.1348117428365908
396 0.1366452606808176
397 0.1385298266642579
398 0.1404579357049644
399 0.1424223769098715
400 0.1444158534725003
401 0.1464353529203347
402 0.1484697818210695
403 0.1505124960031674
404 0.1525553169111878
405 0.1545921594748198
406 0.1566156191002272
407 0.1586192180307466
408 0.160596217121482
409 0.1625391590250748
410 0.1644428073908761
411 0.1663004893097721
412 0.1681073090271779
413 0.1698567202703545
414 0.1715436789077202
415 0.1731624058553296
416 0.1747078651734355
417 0.1761758419234212
418 0.1775636324470908
419 0.1788611998895468
420 0.180067682528184
421 0.1811795487536552
422 0.1821933149404049
423 0.1831060842979899
424 0.183915972887461
425 0.1846223175957236
426 0.1852222808187198
427 0.1857143852817285
428 0.186097810066735
429 0.1863725594349514
430 0.1865378987039131
431 0.1865961790627511
432 0.186546601929509
433 0.1863873698586887
434 0.1861229305218888
435 0.1857545683214253
436 0.1852843383431117
437 0.1847147677364834
438 0.1840494222554077
439 0.183289821690627
440 0.182439914734041
441 0.1815027557716795
442 0.1804824112789901
443 0.1793816765802102
444 0.1782052060498082
445 0.1769599007060862
446 0.1756499605522126
447 0.1742807407689158
448 0.1728572505692842
449 0.1713849811655453
450 0.1698709695405664
451 0.1683192029223132
452 0.1667352216471388
453 0.165124418584336
454 0.1634913507835402
455 0.1618427304762858
456 0.1601847181510975
457 0.1585224466791056
458 0.1568622647977489
459 0.1552076885069244
460 0.1535652356453184
461 0.1519400346104932
462 0.1503369637363582
463 0.148760896159681
464 0.1472156041907938
465 0.1457049839155875
466 0.1442359149366972
467 0.1428130952732836
468 0.1414407093398729
469 0.1401220741911562
470 0.1388602559996516
471 0.137659135666546
472 0.1365222181120153
473 0.1354525084340517
474 0.1344523600249206
475 0.133523846974498
476 0.1326685113269831
477 0.1318876474252715
478 0.1311833800955743
479 0.1305565125938173
480 0.1300069535804627
481 0.1295352411827122
482 0.129141300963099
483 0.1288251688042018
484 0.1285861402831201
485 0.1284242871916487
486 0.1283362795436412
487 0.1283206116997204
488 0.1283756650789142
489 0.1284999417038257
490 0.1286905579700622
491 0.1289460852407327
492 0.1292633157660248
493 0.1296392213708166
494 0.1300709763385435
495 0.1305547374046016
496 0.131087378877772
497 0.1316637472732973
498 0.1322819703406841
499 0.1329379351724001
500 0.1336285836117345
501 0.1343499553605032
502 0.135098380656765
503 0.1358694344765233
504 0.1366600011418586
505 0.137465309360488
506 0.1382808715970055
507 0.1391027725316283
508 0.1399268869872939
509 0.1407487279949981
510 0.1415646157571611
511 0.1423706641961859
512 0.1431630862138895
513 0.1439384510930629
514 0.1446933167727719
515 0.1454242528101982
516 0.14612826147288
517 0.1468021756892221
518 0.1474429251693724
519 0.148049106248219
520 0.1486164094057076
521 0.1491427927352891
522 0.1496263069921714
523 0.1500651110483171
524 0.1504595337018699
525 0.1508057408593913
526 0.1511025720330381
527 0.1513493062495752
528 0.1515452119826587
529 0.1516897093127177
530 0.151775991187582
531 0.1518112448979827
532 0.1517961091112365
533 0.1517318195936375
534 0.1516180478897737
535 0.1514554632288134
536 0.1512448467447808
537 0.1509870865239728
538 0.150683696434734
539 0.1503354002242965
540 0.1499441701551423
541 0.1495120161483018
542 0.1490401677645115
543 0.1485302805576685
544 0.1479845506970233
545 0.1474044868817731
546 0.1467925529148935
547 0.1461535249378612
548 0.1454871343995041
549 0.1447956897361582
550 0.1440828702611055
551 0.1433495638625053
552 0.1425981575016836
553 0.1418312334098322
554 0.1410520629408191
555 0.1402580952690736
556 0.1394566697251977
557 0.138650833850913
558 0.137842299876858
559 0.1370335501341455
560 0.1362249413668305
561 0.1354207659432701
562 0.1346231887596878
563 0.1338341075232187
564 0.1330535372932608
565 0.1322851279743019
566 0.1315283858689157
567 0.1307870545774574
568 0.1300630057984998
569 0.1293575593083618
570 0.1286720732610074
571 0.1280077101909304
572 0.127365688429541
573 0.1267468634476329
574 0.126151795827282
575 0.1255820450456334
576 0.1250377976695826
577 0.124520529084778
578 0.124028792817987
579 0.1235629921482462
580 0.1231229998618216
581 0.1227098174463667
582 0.1223231616923802
583 0.1219623956147505
584 0.1216275467162775
585 0.1213180987891117
586 0.1210337215409403
587 0.1207760008763915
588 0.1205430373651529
589 0.120334537404244
590 0.1201497526776938
591 0.1199882694501676
592 0.1198495767257968
593 0.1197300724609035
594 0.1196316340533849
595 0.1195519568233528
596 0.1194923794673657
597 0.1194522009555481
598 0.1194354912315138
599 0.1194365385786344
600 0.1194541073676349
601 0.1194874801011791
602 0.1195358057704414
603 0.1195979677656251
604 0.1196730604089402
605 0.1197598321817088
606 0.1198591754093792
607 0.1199687692352292
608 0.120086888009474
609 0.1202119612840597
610 0.1203438313578351
611 0.1204800632011676
612 0.1206216340240611
613 0.1207666106815968
614 0.1209146700754314
615 0.1210649911609622
616 0.1212159601567327
617 0.1213666782531663
618 0.1215159366731804
619 0.1216630554970407
620 0.1218073704461561
621 0.1219477025067394
622 0.1220832374401073
623 0.1222129962078486
624 0.1223365819720358
625 0.1224530459737289
626 0.1225611517401937
627 0.1226599850805601
628 0.1227487378814671
629 0.122822869113458
630 0.1228863974796973
631 0.1229385695490093
632 0.1229783167249009
633 0.1230055418471701
634 0.1230200819137469
635 0.1230211590715174
636 0.1230074728195047
637 0.1229782729202081
638 0.12293337694633
639 0.1228723136070709
640 0.1227948678779359
641 0.1227006807915253
642 0.1225893931422419
643 0.1224610432164595
644 0.1223150538945498
645 0.1221512466927907
646 0.1219684099547753
647 0.1217678866763194
648 0.1215498678528686
649 0.1213143821369654
650 0.1210614957514968
651 0.120792062503981
652 0.1205064716144538
653 0.120204901328157
654 0.1198879877022954
655 0.1195559598827039
656 0.1192093587512034
657 0.1188493621471208
658 0.1184762956705548
659 0.1180910206328191
660 0.1176945215591258
661 0.1172876404274639
662 0.1168712851382574
663 0.1164462708297419
664 0.1160133260055854
665 0.1155734871699618
666 0.1151284014168246
667 0.1146788302376535
668 0.1142258823117198
669 0.11377089404582
670 0.1133175398114028
671 0.1128639458507951
672 0.1124112060510307
673 0.1119602312818081
674 0.1115121125602249
675 0.1110685100067925
676 0.1106307025364794
677 0.1101995832675953
678 0.1097766342646286
679 0.1093627754934857
680 0.1089593052072072
681 0.1085670466164163
682 0.1081870623368299
683 0.1078205635100164
684 0.1074686538725328
685 0.1071321223942926
686 0.1068116766847666
687 0.1065083769605928
688 0.1062228270253288
689 0.1059560166307394
690 0.105708575992053
691 0.1054807593744152
692 0.1052733647876928
693 0.105086768265086
694 0.1049212853945941
695 0.1047775856038169
696 0.104655627786323
697 0.104555244653712
698 0.1044765931511567
699 0.1044198712492734
700 0.1043849652583966
701 0.1043718561417826
702 0.1043802687588439
703 0.1044095859357917
704 0.1044597571989068
705 0.1045299427801337
706 0.1046197133438682
707 0.1047283690164993
708 0.1048553888114761
709 0.1049997300352067
710 0.1051606710167098
711 0.1053372332059705
712 0.1055282288301388
713 0.1057328573017703
714 0.1059499341587531
715 0.1061781169443237
716 0.1064166458996253
717 0.1066641596134162
718 0.1069193797123059
719 0.1071810469102627
720 0.1074478298826377
721 0.1077182577812092
722 0.1079912252599154
723 0.108265307212041
724 0.1085391807637153
725 0.1088114812383147
726 0.1090812022446008
727 0.1093464877974434
728 0.1096066709974316
729 0.1098603552772253
730 0.1101063036259246
731 0.1103435526882783
732 0.1105711426736936
733 0.1107879534241022
734 0.110993186412439
735 0.1111849229984819
736 0.1113647993654776
737 0.1115301311448995
738 0.1116801038904282
739 0.1118142095928172
740 0.1119318060687192
741 0.1120325105544274
742 0.1121158067442269
743 0.1121812306651874
744 0.1122287984441499
745 0.1122583153851961
746 0.112269977902852
747 0.1122636176180771
748 0.1122391187691259
749 0.1121968150021609
750 0.1121368197186719
751 0.1120594444875113
752 0.1119649467943432
753 0.1118536129291875
754 0.1117260725895558
755 0.1115829776279056
756 0.1114243468832143
757 0.1112511784322584
758 0.1110640496119298
759 0.1108632312519826
760 0.1106498888619199
761 0.110424705827416
762 0.1101883381325388
763 0.109941524141293
764 0.1096854487241877
765 0.1094208081680625
766 0.1091488087352256
767 0.1088702392463911
768 0.1085853303151707
769 0.1082956199531196
770 0.1080018971268497
771 0.1077051627967097
772 0.1074062976618013
773 0.107106603835941
774 0.1068068117108904
775 0.10650808721911
776 0.1062102314787312
777 0.1059154111191594
778 0.1056245634964402
779 0.1053383620151729
780 0.1050577238129412
781 0.1047830696432985
782 0.1045152966380572
783 0.1042551661205194
784 0.1040034940874736
785 0.1037606743153904
786 0.1035272424437347
787 0.103303652671945
788 0.1030903773709876
789 0.1028873526480982
790 0.1026951463283977
791 0.1025138717175365
792 0.1023436306901597
793 0.1021848005388212
794 0.1020374511279895
795 0.1019016794306023
796 0.1017775886372696
797 0.1016650214380451
798 0.1015640199932192
799 0.1014745226251218
800 0.1013960984322542
801 0.1013286881241492
802 0.1012718722377875
803 0.1012255113408781
804 0.101189371296579
805 0.1011628745446895
806 0.1011459306891725
807 0.1011381731383701
808 0.1011391673984953
809 0.1011486239623409
810 0.1011659848366121
811 0.1011908111552213
812 0.1012226351622504
813 0.1012609882256079
814 0.1013055084196959
815 0.1013557373911383
816 0.1014113175112098
817 0.1014716759576206
818 0.1015363225383979
819 0.1016047536692363
820 0.101676528489741
821 0.1017512011752664
822 0.1018299272510678
823 0.1019107496376481
824 0.1019931209771076
825 0.1020769616072787
826 0.1021614589030252
827 0.1022462128989564
828 0.1023306534901821
829 0.1024143359681679
830 0.102496887729765
831 0.102577854472669
832 0.1026568772631223
833 0.1027337454769418
834 0.102808012684719
835 0.1028791577349174
836 0.1029469666503927
837 0.103011101004544
838 0.1030713412837759
839 0.1031272920135541
840 0.1031786756928804
841 0.1032253654087149
842 0.1032669937341021
843 0.1033036020204805
844 0.1033350059187128
845 0.1033610816501206
846 0.1033815180247174
847 0.1033964408698343
848 0.1034048820128429
849 0.1034074552497907
850 0.1034041514290334
851 0.1033947392663086
852 0.1033791527578812
853 0.1033572465783237
854 0.1033296363286545
855 0.1032963019285495
856 0.1032573666735554
857 0.1032127803403346
858 0.103162665761204
859 0.1031069671182071
860 0.1030457899754695
861 0.1029792644453224
862 0.1029074907128061
863 0.1028307868511903
864 0.1027493484685586
865 0.1026634573608429
866 0.1025736382645824
867 0.1024798181951736
868 0.1023819660223198
869 0.1022804198948731
870 0.1021754496088652
871 0.1020673076623794
872 0.1019562048248311
873 0.1018424154510658
874 0.1017264715070666
875 0.1016086620499804
876 0.1014891966613482
877 0.1013685359883117
878 0.10124676829221
879 0.1011240721941179
880 0.1010007400161744
881 0.1008772480699547
882 0.100753964744419
883 0.1006308966429795
884 0.1005084399640596
885 0.100387132760577
886 0.1002670054566119
887 0.1001484801306665
888 0.1000316983148288
889 0.09991721062795786
890 0.09980478746570554
891 0.09969472738656679
892 0.09958730033953861
893 0.09948281402000964
894 0.09938133526126385
895 0.09928278218024625
896 0.09918745069237241
897 0.09909563635797267
898 0.09900746976009089
899 0.09892328619487267
900 0.09884295143455975
901 0.0987664735681357
902 0.09869410772306604
903 0.09862594772028689
904 0.09856192431254547
905 0.09850202708678271
906 0.09844635596014738
907 0.09839483161524214
908 0.09834743652454278
909 0.09830401176036532
910 0.09826474143844664
911 0.098229368428196
912 0.09819810751873988
913 0.09817096268781694
914 0.0981477745744391
915 0.09812856660959296
916 0.09811268118701852
917 0.09810036844013952
918 0.09809143525408212
919 0.09808565512898841
920 0.09808287061753615
921 0.0980831403071793
922 0.09808644604668776
923 0.09809236678140819
924 0.09810090165671744
925 0.09810962644957944
926 0.09812412223694464
927 0.09814030093717466
928 0.0981579252528991
929 0.09817686425575666
930 0.09819687180902136
931 0.09821542817323817
932 0.09823851705096061
933 0.09826214765759644
934 0.09828638731110639
935 0.09831104479850784
936 0.09833261677005319
937 0.09835858095681527
938 0.09838389148179179
939 0.09840553738411553
940 0.0984306488222178
941 0.0984520209280904
942 0.09847618222873233
943 0.09849611661029681
944 0.09851866343623723
945 0.09853655061963387
946 0.09855685069657844
947 0.09857241442458602
948 0.09859009733552775
949 0.09860253052886818
950 0.09861653013876882
951 0.09862522258542694
952 0.09863537857172991
953 0.09864001031558671
954 0.09864600513317856
955 0.09864646790778942
956 0.09864803742247699
957 0.09864412755238146
958 0.09864146350558366
959 0.09863292669762701
960 0.09862538222346165
961 0.09861208194532366
962 0.09859959103098055
963 0.09858168362481488
964 0.09856436075197941
965 0.09854153797957505
966 0.09851932555166913
967 0.09849158734723638
968 0.09846477717031767
969 0.09843531073192731
970 0.09840043260100596
971 0.09836681942189371
972 0.09833058474073625
973 0.09828903492465207
974 0.09824900566875922
975 0.09820664083689318
976 0.09815911404845867
977 0.09811354499281158
978 0.09806598081230619
979 0.09801383274016301
980 0.09796412981709921
981 0.09791278723725337
982 0.09785733546721845
983 0.09780463147603946
984 0.09775065122689838
985 0.09769554926793662
986 0.09763625464520039
987 0.09758039633132529
988 0.09752378377544026
989 0.09746366127360921
990 0.09740749482889102
991 0.09735113931401258
992 0.09729478620838895
993 0.09723518622909361
994 0.0971801519881785
995 0.09712500053215055
996 0.09706671889601101
997 0.09701323111863085
998 0.09696005805211692
999 0.09690766043297723
1000 0.09685246087535247
1001 0.09680290010941862
1002 0.09675419696187085
1003 0.09670313245151355
1004 0.09665770728749529
1005 0.09661304983299829
1006 0.09656598667809195
1007 0.09652467299485407
1008 0.09648435990801017
1009 0.09644173192667151
1010 0.09640508523625486
1011 0.09636667420122858
1012 0.09633426601879383
1013 0.09630005133781847
1014 0.09627168144460382
1015 0.09624097598043754
1016 0.09621592533947754
1017 0.09618877726010294
1018 0.09616729110786244
1019 0.09614356551475323
1020 0.09612247015305352
1021 0.09610641283994129
1022 0.09608842744202054
1023 0.09607327237487108
1024 0.09606337508915733
1025 0.09605157131909714
1026 0.09604190735734765
1027 0.09603390168699648
1028 0.09602755253092436
1029 0.09602522400115597
1030 0.09602064232149525
1031 0.09601779378808478
1032 0.09601652299638179
1033 0.09601675504912725
1034 0.09601848001740219
1035 0.09602169338204269
1036 0.09602623997577432
1037 0.09603420451918417
1038 0.09603954269511068
1039 0.0960458691729305
1040 0.09605295855280677
1041 0.09606065702570066
1042 0.09606888336151537
1043 0.0960776403212688
1044 0.09608874598732978
1045 0.0960977113379131
1046 0.09610752244046876
1047 0.09611766688381046
1048 0.09612802537741878
1049 0.09614001321860227
1050 0.09614959535414998
1051 0.09615897563641566
1052 0.09616831779984185
1053 0.09617888326064188
1054 0.09618671149483749
1055 0.09619471833521318
1056 0.09620248562190549
1057 0.09621130141646089
1058 0.09621743452126658
1059 0.09622318550344039
1060 0.09622981410989547
1061 0.09623411110368386
1062 0.096237999409635
1063 0.09624088036264568
1064 0.09624436151149306
1065 0.09624509047896417
1066 0.09624537520382032
1067 0.09624626284639914
1068 0.09624439319986347
1069 0.09624194493854414
1070 0.09623888646613006
1071 0.09623628608476266
1072 0.0962310888460288
1073 0.09622563797787691
1074 0.09622103998209121
1075 0.09621326875847788
1076 0.09620493382984147
1077 0.09619602960177727
1078 0.09618654379622749
1079 0.09617790525901461
1080 0.09616629896282802
1081 0.09615442905388687
1082 0.09614225239547496
1083 0.09613120595920571
1084 0.09611734078497779
1085 0.09610348433229875
1086 0.09608941446382292
1087 0.0960750545266251
1088 0.09606192659411295
1089 0.09604589915487947
1090 0.09602998359118362
1091 0.09601413803833518
1092 0.09600045196947177
1093 0.09598382584881773
1094 0.09596757126234508
1095 0.09595140261526416
1096 0.09593746969412551
1097 0.09592090274504435
1098 0.09590501921690552
1099 0.09589173930410512
1100 0.09587533670271983
1101 0.09585950367879849
1102 0.09584671092425899
1103 0.09583111285546241
1104 0.09581889307178798
1105 0.09580377360380611
1106 0.09579216656087312
1107 0.09577771661312606
1108 0.0957668367623353
1109 0.09575361670804485
1110 0.09574428366777942
1111 0.09573243600563371
1112 0.09572407295160423
1113 0.09571304150196104
1114 0.09570578386801949
1115 0.09569924148559406
1116 0.09568968934642672
1117 0.09568425949035984
1118 0.09567908916821243
1119 0.09567126471322374
1120 0.09566742335357403
1121 0.09566440437854078
1122 0.09565893638621696
1123 0.09565748780597114
1124 0.0956563267789689
1125 0.09565262001396938
1126 0.09565301760448165
1127 0.09565355398615914
1128 0.0956544337518133
1129 0.09565321273634232
1130 0.09565582332415741
1131 0.09565887621378784
1132 0.09566202301441197
1133 0.09566569728113916
1134 0.09566750989644923
1135 0.09567294665711315
1136 0.09567878661264667
1137 0.09568472631006381
1138 0.09568895250195958
1139 0.09569645288964461
1140 0.09570418668683672
1141 0.09571226384519792
1142 0.09572051735947536
1143 0.09572665897223356
1144 0.09573593527008822
1145 0.09574531427017993
1146 0.09575510892899403
1147 0.09576522937243408
1148 0.09577363538315514
1149 0.09578456359088433
1150 0.09579573572560494
1151 0.09580724777865629
1152 0.09581679717995631
1153 0.09582867262580221
1154 0.09584062401087466
1155 0.09585252903121402
1156 0.09586271950565628
1157 0.09587495901831736
1158 0.09588718157205851
1159 0.09590004140623695
1160 0.09591177353937049
1161 0.09592538489102676
1162 0.09593883249451485
1163 0.09595254714434529
1164 0.09596472040503083
1165 0.09597850663769571
1166 0.0959919111360934
1167 0.09600528931510027
1168 0.09601864822272549
1169 0.09603054126887031
1170 0.09604446246393561
1171 0.0960583362380408
1172 0.09607251870726059
1173 0.09608686875865628
1174 0.09609949116202227
1175 0.09611350349268807
1176 0.0961274393234117
1177 0.09614117945700199
1178 0.09615481128627317
1179 0.09616846849039656
1180 0.09618224110249606
1181 0.09619406330662793
1182 0.09620825019346645
1183 0.09622218496003171
1184 0.09623591842264746
1185 0.09624977082282786
1186 0.09626361157932739
1187 0.09627727465021257
1188 0.09629070027820927
1189 0.09630416992121159
1190 0.0963178392672681
1191 0.09632947190846045
1192 0.09634366872160929
1193 0.09635792025136518
1194 0.09637209400865709
1195 0.09638618024324355
1196 0.09640008624572442
1197 0.09641394320799211
1198 0.09642829220548094
1199 0.09644279231837903
1200 0.09645743754291872
1201 0.0964719557307229
1202 0.09648670266626121
1203 0.09650161297708186
1204 0.09651650299063391
1205 0.09653144910967623
1206 0.09654643063709031
1207 0.09656134881165787
1208 0.09657644118858377
1209 0.09659180158423654
1210 0.09660717009222453
1211 0.09662295794853719
1212 0.09663930914312292
1213 0.09665575969225911
1214 0.09667211819244748
1215 0.09668840930358501
1216 0.09670479047035678
1217 0.09672110495530911
1218 0.096737708125311
1219 0.09675457247586275
1220 0.09677159576995036
1221 0.0967884016568399
1222 0.09680517706659485
1223 0.09682212198641507
1224 0.09683937948097947
1225 0.09685683142783075
1226 0.09687453722254488
1227 0.09689232451378502
1228 0.09691017827369849
1229 0.09692801720757398
1230 0.09694607897159117
1231 0.09696432957395446
1232 0.09698265137135285
1233 0.09700106850874646
1234 0.09701970334315282
1235 0.09703847394942121
1236 0.09705747022343333
1237 0.09707690324181134
1238 0.09709663770267001
1239 0.09711641603390399
1240 0.09713648425494793
1241 0.09715670795923199
1242 0.09717712509397572
1243 0.09719784355584986
1244 0.09721874081098114
1245 0.09723995146788392
1246 0.09726150874546791
1247 0.09728326243310161
1248 0.0973053811983655
1249 0.09732783828158975
1250 0.09735057890759372
1251 0.09737345061749417
1252 0.09739666336242914
1253 0.09741996547046243
1254 0.09744323544872718
1255 0.09746668261584014
1256 0.09749049948856377
1257 0.09751458275516164
1258 0.09753905118837972
1259 0.09756399689028911
1260 0.09758939717294028
1261 0.09761492171985592
1262 0.09764077059141378
1263 0.09766671070299078
1264 0.09769279673300348
1265 0.09771903920210731
1266 0.09774554785040196
1267 0.0977723904395115
1268 0.09779945622855517
1269 0.09782676253812135
1270 0.09785447255230238
1271 0.09788249749690035
1272 0.09791080515050266
1273 0.0979392102262955
1274 0.09796784099735766
1275 0.0979965804821559
1276 0.0980253085334348
1277 0.09805409310248064
1278 0.0980831738396689
1279 0.09811227991426315
1280 0.09814172182422616
1281 0.09817142263991827
1282 0.0982013632032116
1283 0.09823151222102196
1284 0.09826161797914611
1285 0.09829186904843829
1286 0.09832207234762778
1287 0.09835228188629147
1288 0.09838233882445618
1289 0.09841251308657302
1290 0.09844297727307522
1291 0.0984736538619405
1292 0.09850431470548406
1293 0.09853507526515323
1294 0.09856595275241234
1295 0.09859687605083767
1296 0.09862760250485751
1297 0.09865844612964143
1298 0.09868945093951841
1299 0.09872021998814923
1300 0.09875099224754898
1301 0.09878173830209383
1302 0.09881251607333554
1303 0.09884333343088805
1304 0.09887426313052772
1305 0.09890536512110244
1306 0.09893646626130782
1307 0.09896760657496112
1308 0.09899861369324318
1309 0.0990296761482804
1310 0.09906062445126558
1311 0.09909148292085698
1312 0.09912237755421895
1313 0.09915324125983734
1314 0.09918424635566069
1315 0.09921507251765833
1316 0.09924620584042421
1317 0.09927743073646346
1318 0.09930854431025805
1319 0.09933957783404841
1320 0.09937066319496975
1321 0.09940151049271635
1322 0.09943229291360987
1323 0.09946318886881643
1324 0.09949420365395589
1325 0.09952534326752489
1326 0.09955647326318172
1327 0.09958778948684517
1328 0.09961919028085321
1329 0.09965055025414327
1330 0.0996820824784919
1331 0.09971356342243096
1332 0.099744747377084
1333 0.09977574979508898
1334 0.09980691939781998
1335 0.09983805356362255
1336 0.09986941624634857
1337 0.09990117147859834
1338 0.09993304300963586
1339 0.0999649700301152
1340 0.09999716058741048
1341 0.1000292907478255
1342 0.1000613767092983
1343 0.1000933995456803
1344 0.1001252805308323
1345 0.1001571852201804
1346 0.1001893706937485
1347 0.1002216138008933
1348 0.1002542216468448
1349 0.1002871284136355
1350 0.1003201080635931
1351 0.1003531071813163
1352 0.1003862688213667
1353 0.1004195362947428
1354 0.1004529675930179
1355 0.1004863234508565
1356 0.1005197758435939
1357 0.1005532172560839
1358 0.1005871133311349
1359 0.1006212514899202
1360 0.1006556610540674
1361 0.1006901180378845
1362 0.1007248675340922
1363 0.1007596940764255
1364 0.1007946071265281
1365 0.1008296820501486
1366 0.1008649946926707
1367 0.1009003572057724
1368 0.1009360202523297
1369 0.1009719406463452
1370 0.1010080382746435
1371 0.1010443223965772
1372 0.1010810242100133
1373 0.1011176471653799
1374 0.1011545365924843
1375 0.1011915945752696
1376 0.1012286963856691
1377 0.1012658576210514
1378 0.1013031623153202
1379 0.1013409224773397
1380 0.1013790744588274
1381 0.1014171687803454
1382 0.1014555764882906
1383 0.1014939650149014
1384 0.1015326667594172
1385 0.1015716441846457
1386 0.101610695681277
1387 0.1016497435314679
1388 0.1016889103652482
1389 0.1017280805280546
1390 0.1017675883143093
1391 0.1018071815256862
1392 0.1018471339539724
1393 0.1018872804656943
1394 0.1019274603942297
1395 0.1019677972534854
1396 0.1020083437958593
1397 0.1020488910184484
1398 0.1020894612483771
1399 0.1021299466375131
1400 0.1021706088713898
1401 0.1022114309301014
1402 0.1022523548232285
1403 0.102293127252144
1404 0.1023339714661807
1405 0.1023749860927868
1406 0.1024162806082484
1407 0.1024575827756844
1408 0.1024989314187446
1409 0.1025400763657244
1410 0.1025813545393899
1411 0.1026223169516892
1412 0.1026634830071176
1413 0.1027047933164437
1414 0.1027461630575271
1415 0.1027875479833722
1416 0.102828916003482
1417 0.1028701119157204
1418 0.1029115111581198
1419 0.102952858204983
1420 0.1029942088537352
1421 0.1030355938654173
1422 0.1030768408233755
1423 0.1031180868578809
1424 0.1031593346559526
1425 0.1032006520241775
1426 0.1032419383955276
1427 0.1032832949680068
1428 0.1033248147900262
1429 0.1033664254274355
1430 0.1034079865443357
1431 0.1034492935925052
1432 0.1034904793705462
1433 0.1035315270452489
1434 0.1035728396340932
1435 0.103614180738685
1436 0.1036554961565993
1437 0.103696544768954
1438 0.1037378976191603
1439 0.1037791201247523
1440 0.1038203081993438
1441 0.1038614334578328
1442 0.1039003751770237
1443 0.1039416236641007
1444 0.1039829806572667
1445 0.1040242317152579
1446 0.1040658002966885
1447 0.1041072569650474
1448 0.1041489075325655
1449 0.1041888054043717
1450 0.1042306344173944
1451 0.1042725341595146
1452 0.1043144227258805
1453 0.104354515090729
1454 0.1043964185846505
1455 0.1044384424514322
1456 0.1044788814104513
1457 0.1045211428916835
1458 0.1045621016263556
1459 0.1046044149373222
1460 0.1046455042138899
1461 0.104688288217715
1462 0.1047298706357625
1463 0.1047727205957719
1464 0.1048157804454891
1465 0.1048577244784811
1466 0.1049007624787861
1467 0.1049425588380676
1468 0.1049857009482995
1469 0.1050273859132529
1470 0.1050706486461428
1471 0.1051126686722799
1472 0.1051560841181352
1473 0.1051983431504375
1474 0.1052421780586645
1475 0.1052849406987652
1476 0.1053276076857145
1477 0.1053716310984156
1478 0.1054143617836161
1479 0.1054572902627926
1480 0.1055015810312455
1481 0.1055449809634822
1482 0.1055885368314897
1483 0.1056319438061682
1484 0.1056757528025353
1485 0.1057197966865004
1486 0.1057640324028128
1487 0.1058082011640033
1488 0.105852603371426
1489 0.1058969895689622
1490 0.1059416119626737
1491 0.1059863061330225
1492 0.1060312342751638
1493 0.1060763534993645
1494 0.1061215679968736
1495 0.1061669069050794
1496 0.1062123340329209
1497 0.106257812099225
1498 0.1063032402394231
1499 0.1063487844243094
1500 0.106394375693114
1501 0.1064400249764821
1502 0.1064858660608684
1503 0.1065316327572106
1504 0.1065774718229656
1505 0.1066231847711826
1506 0.1066690496926396
1507 0.1067150670468178
1508 0.1067611770490966
1509 0.1068071878414666
1510 0.1068532294494784
1511 0.1068992395207172
1512 0.1069452245101379
1513 0.1069912085391077
1514 0.1070373299556744
1515 0.1070835115213481
1516 0.1071298377290047
1517 0.1071762920840572
1518 0.1072227258914988
1519 0.1072689806907367
1520 0.1073152007046261
1521 0.1073614350361806
1522 0.1074076344585271
1523 0.1074537974240719
1524 0.1074999407768755
1525 0.1075462214602408
1526 0.1075923568626103
1527 0.107638755790631
1528 0.1076849449406665
1529 0.1077310676104771
1530 0.1077772107135088
1531 0.107823189457209
1532 0.1078691043957564
1533 0.1079150045308112
1534 0.1079609122970721
1535 0.1080068526768859
1536 0.1080529749157196
1537 0.1080990957526247
1538 0.1081453884111815
1539 0.1081915834557241
1540 0.1082376238111226
1541 0.1082838379863471
1542 0.1083298932151502
1543 0.1083758403734257
1544 0.1084218394550327
1545 0.1084678950961962
1546 0.1085137791555379
1547 0.1085595513124844
1548 0.1086053191441502
1549 0.1086509129626821
1550 0.1086965408322388
1551 0.108742172691535
1552 0.1087877576355957
1553 0.1088333482917659
1554 0.1088788553065448
1555 0.1089244944375679
1556 0.1089703283100617
1557 0.1090161760463603
1558 0.1090618588914284
1559 0.1091074679052936
1560 0.1091531233760672
1561 0.109198832973581
1562 0.1092446957413315
1563 0.1092905533488726
1564 0.1093363917981893
1565 0.1093821965129027
1566 0.1094279561121075
1567 0.1094736704462957
1568 0.1095197330158597
1569 0.1095658680840856
1570 0.1096120741765135
1571 0.1096582987089017
1572 0.1097045119365104
1573 0.1097506429231756
1574 0.1097968539061618
1575 0.1098432492320245
1576 0.1098896965436358
1577 0.1099359644310051
1578 0.1099823290134162
1579 0.1100287788382805
1580 0.1100750045444413
1581 0.1101211409995509
1582 0.1101674237565835
1583 0.1102138911157223
1584 0.1102605454926359
1585 0.110307448962255
1586 0.1103543524948157
1587 0.110401332149585
1588 0.1104483172073602
1589 0.1104952813108945
1590 0.110542271094639
1591 0.1105893493434811
1592 0.1106363889343293
1593 0.1106834678176377
1594 0.1107307113078714
1595 0.1107780427583113
1596 0.1108255632801916
1597 0.1108730939156948
1598 0.1109204491992646
1599 0.1109678021036085
1600 0.1110151377911609
1601 0.1110624477604508
1602 0.1111098410631225
1603 0.1111575182590065
1604 0.1112051661628338
1605 0.1112529916875652
1606 0.1113009409300804
1607 0.1113488126515574
1608 0.1113966353911596
1609 0.1114442647774976
1610 0.1114918100038577
1611 0.1115393389608926
1612 0.1115869041623393
1613 0.1116344077235926
1614 0.1116821480645378
1615 0.1117300103332849
1616 0.1117778519441918
1617 0.1118254561991014
1618 0.1118729783833382
1619 0.1119203852323148
1620 0.1119676775074937
1621 0.1120149436736568
1622 0.1120621112257239
1623 0.1121092036468143
1624 0.112156310766304
1625 0.1122034589797997
1626 0.11225055079144
1627 0.112297594546645
1628 0.1123445140461993
1629 0.112391225494135
1630 0.1124377968639597
1631 0.1124860208368866
1632 0.1125323157444675
1633 0.1125782974526816
1634 0.1126241492734234
1635 0.1126699474781748
1636 0.112715788663288
1637 0.1127614801224452
1638 0.1128070511537389
1639 0.1128525079556305
1640 0.1128998503822569
1641 0.1129451076502065
1642 0.1129902759563195
1643 0.1130373239778469
1644 0.1130821338521227
1645 0.1131266572966255
1646 0.1131731838789371
1647 0.1132173381954209
1648 0.1132633575458066
1649 0.1133069579277777
1650 0.1133527118729326
1651 0.1133959623618659
1652 0.1134391575662646
1653 0.1134847158801833
1654 0.1135279595491874
1655 0.1135733685330184
1656 0.1136163045579104
1657 0.1136614578753447
1658 0.1137039294514665
1659 0.1137485827024602
1660 0.113790981009043
1661 0.1138356030878125
1662 0.1138779975771105
1663 0.1139226511586212
1664 0.1139649120832861
1665 0.1140094400910555
1666 0.1140513933916539
1667 0.1140957530628003
1668 0.1141398584075442
1669 0.1141812932549134
1670 0.1142251421451138
1671 0.1142664569994302
1672 0.1143102468896995
1673 0.1143516626100586
1674 0.1143956028879954
1675 0.114436950792892
1676 0.1144806617416051
1677 0.1145217288978681
1678 0.1145627498251119
1679 0.1146038346740391
1680 0.1146472700697616
1681 0.1146886543660439
1682 0.114730078381233
1683 0.1147739825913038
1684 0.114815773665724
1685 0.114857536457211
1686 0.1148994382299237
1687 0.114943523558028
1688 0.1149852821054815
1689 0.1150269462785198
1690 0.1150707415379065
1691 0.1151123538911846
1692 0.1151538825085303
1693 0.1151974567325005
1694 0.1152389973638547
1695 0.1152827686890268
1696 0.115324020143266
1697 0.1153651801852337
1698 0.1154088831546073
1699 0.1154500897730256
1700 0.1154912078896999
1701 0.1155347938833881
1702 0.1155757008773444
1703 0.1156166753036852
1704 0.1156603703712532
1705 0.1157014326257643
1706 0.1157423361115222
1707 0.1157859178568871
1708 0.1158267668068425
1709 0.1158676300119726
1710 0.115908513661655
1711 0.1159520184437671
1712 0.1159928536333986
1713 0.1160336954940164
1714 0.1160746685651001
1715 0.1161188283407642
1716 0.1161600488828307
1717 0.1162011731855312
1718 0.116245044360238
1719 0.1162857122012431
1720 0.1163261746986317
1721 0.1163694644771475
1722 0.1164093636053636
1723 0.1164523128203095
1724 0.1164916232727877
1725 0.1165342673520434
1726 0.116573447238314
1727 0.1166160006822882
1728 0.1166545598614202
1729 0.116696495100368
1730 0.1167345138604669
1731 0.1167761862651156
1732 0.1168177593977987
1733 0.1168549858725249
1734 0.1168959970924882
1735 0.1169368459119229
1736 0.1169773361038424
1737 0.1170132811475314
1738 0.1170531191363484
1739 0.1170930730905025
1740 0.1171285332476608
1741 0.1171681618778211
1742 0.1172076463889719
1743 0.117242749109872
1744 0.1172820261560584
1745 0.117321171907463
1746 0.1173601640708648
1747 0.1173986969024742
1748 0.1174325675324723
1749 0.117470920639935
1750 0.1175095466338768
1751 0.1175477828209771
1752 0.1175813056071776
1753 0.117619093313052
1754 0.1176567177404193
1755 0.1176943056637764
1756 0.1177273582821149
1757 0.1177650120160485
1758 0.1178027089617369
1759 0.1178401324825294
1760 0.1178727179129041
1761 0.1179097503193253
1762 0.1179468230994418
1763 0.1179837216759944
1764 0.1180158886729283
1765 0.1180524116683612
1766 0.1180891402406469
1767 0.1181258822879189
1768 0.118162545581395
1769 0.1181943117166375
1770 0.1182306430826341
1771 0.1182670019310989
1772 0.1183030888986232
1773 0.1183388789022394
1774 0.118374550187699
1775 0.1184100844342813
1776 0.118440521286966
1777 0.1184759554252509
1778 0.1185114733632864
1779 0.118546729036145
1780 0.1185819334687056
1781 0.1186168334657075
1782 0.1186515977411925
1783 0.1186809463306736
1784 0.1187156912095335
1785 0.1187504843892883
1786 0.1187853736625366
1787 0.1188200852348012
1788 0.1188495058235378
1789 0.1188839353293093
1790 0.1189185978873577
1791 0.1189530888135875
1792 0.118982611802913
1793 0.1190172639546736
1794 0.119051955092305
1795 0.1190815552186347
1796 0.119116208035614
1797 0.1191509392987899
1798 0.1191855882833785
1799 0.1192152788311463
1800 0.1192496230807481
1801 0.1192839329323149
1802 0.1193182898348404
1803 0.1193523657195771
1804 0.1193811309167023
1805 0.1194148735438286
1806 0.1194486940408821
1807 0.1194772397535489
1808 0.1195108983794565
1809 0.119544487674522
1810 0.1195782364449212
1811 0.1196064012150812
1812 0.1196394428172182
1813 0.1196726987096169
1814 0.1197058427061917
1815 0.119738727398072
1816 0.1197661362718752
1817 0.1197989318552296
1818 0.1198316506962983
1819 0.119864130473634
1820 0.1198963528981693
1821 0.1199225715720599
1822 0.1199543318342634
1823 0.1199861168038424
1824 0.1200175874111638
1825 0.1200488427292188
1826 0.1200799145072485
1827 0.1201108544261112
1828 0.12013586500393
1829 0.120166950189905
1830 0.1201979380950239
1831 0.120228787736812
1832 0.1202593276072429
1833 0.1202840247750387
1834 0.1203142976895174
1835 0.120344274635887
1836 0.1203741120249997
1837 0.1204037762328575
1838 0.1204332689710015
1839 0.1204628598602763
1840 0.1204867492989983
1841 0.1205162288158614
1842 0.1205457255255694
1843 0.1205749036944958
1844 0.1206036043325613
1845 0.1206320450561911
1846 0.1206546112002003
1847 0.1206827600340601
1848 0.120710719657632
1849 0.1207388159182995
1850 0.120766687423785
1851 0.1207944109241566
1852 0.1208219909215301
1853 0.1208494422269133
1854 0.1208765690700733
1855 0.1209033633343
1856 0.1209297175627824
1857 0.1209555898509601
1858 0.1209813184429383
1859 0.1210069097715007
1860 0.1210322756767007
1861 0.1210573921946393
1862 0.121082250428058
1863 0.1211069801080482
1864 0.1211317595899776
1865 0.121156330662149
1866 0.1211806865435829
1867 0.1212048300630983
1868 0.121228676044773
1869 0.1212523569136835
1870 0.1212760429823873
1871 0.1212998091699965
1872 0.1213233266738541
1873 0.1213466127824077
1874 0.1213696541786729
1875 0.1213925997238414
1876 0.1214155341173641
1877 0.1214383092179372
1878 0.1214606691104889
1879 0.1214827531280372
1880 0.1214981053315011
1881 0.1215203170809685
1882 0.1215427785860701
1883 0.1215653793375278
1884 0.1215877171679944
1885 0.1216099774705151
1886 0.1216321090220141
1887 0.1216478118207391
1888 0.1216698888578134
1889 0.1216920641327138
1890 0.1217140967608456
1891 0.121735994993804
1892 0.1217515285716064
1893 0.1217733861169923
1894 0.1217950835177238
1895 0.1218166368877352
1896 0.1218381104010621
1897 0.1218532985507817
1898 0.1218747854928194
1899 0.1218960227358512
1900 0.1219170724070466
1901 0.1219380017581023
1902 0.1219587530142639
1903 0.1219727996873507
1904 0.1219932546427105
1905 0.1220136300414983
1906 0.1220275660096237
1907 0.1220478301463315
1908 0.1220680879603634
1909 0.1220820136256241
1910 0.1221023003181399
1911 0.1221226089302803
1912 0.122136588731064
1913 0.1221570472791566
1914 0.1221774218743614
1915 0.1221917124450258
1916 0.1222118269053376
1917 0.1222317617690532
1918 0.1222455979718264
1919 0.1222652131901504
1920 0.1222849863035051
1921 0.1222985823191526
1922 0.1223181206982343
1923 0.122337418217055
1924 0.122350223632458
1925 0.1223691613407786
1926 0.1223818640564977
1927 0.1224006012184133
1928 0.1224134031576975
1929 0.1224322282766612
1930 0.1224450645169284
1931 0.122463737638416
1932 0.1224763860752502
1933 0.1224948933921593
1934 0.1225073968959576
1935 0.1225256511035272
1936 0.1225378687619492
1937 0.1225558973070551
1938 0.1225680805532136
1939 0.122586147344975
1940 0.1225980812744163
1941 0.122615784390046
1942 0.122627331555481
1943 0.1226445666303848
1944 0.12265578134295
1945 0.1226669798685629
1946 0.1226840295840148
1947 0.1226952380062355
1948 0.1227064819556886
1949 0.1227178007826645
1950 0.1227293777761181
1951 0.1227411568035416
1952 0.12275305804999
1953 0.1227649855971
1954 0.1227769318618608
1955 0.1227888901139416
1956 0.1228010710548414
1957 0.1228133500692778
1958 0.1228255257181585
1959 0.1228376446044247
1960 0.1228498008460195
1961 0.1228618454838028
1962 0.1228736500963712
1963 0.1228852102862785
1964 0.1228965034952791
1965 0.1229078657477031
1966 0.12291897145175
1967 0.1229299565434766
1968 0.1229407827321128
1969 0.122951354246706
1970 0.1229618831238154
1971 0.1229720045884079
1972 0.1229819395730112
1973 0.1229916615415061
1974 0.1230011783875651
1975 0.1230104182453506
1976 0.1230195770952233
1977 0.1230284256675044
1978 0.1230371687269687
1979 0.1230458226550096
1980 0.1230545287417987
1981 0.1230633062379483
1982 0.1230718124401529
1983 0.1230800896985773
1984 0.1230883199662722
1985 0.1230965495582764
1986 0.123104697098126
1987 0.1231127874567186
1988 0.1231206402901048
1989 0.1231283662002114
1990 0.1231360186614412
1991 0.1231435087687641
1992 0.1231509093900127
1993 0.1231581447046788
1994 0.1231652646162968
1995 0.1231722215513527
1996 0.1231791584581383
1997 0.123186098767093
1998 0.1231926978047669
1999 0.1231992435402042
2000 0.1232057340191148
2001 0.1232120514743612
2002 0.1232180810540988
2003 0.1232240227496424
2004 0.1232296570327939
2005 0.123235173047118
2006 0.1232404197880092
2007 0.1232454911506384
2008 0.123250542890112
2009 0.1232554512819576
2010 0.1232602773614047
2011 0.1232648710949202
2012 0.1232690144710005
2013 0.123272767327398
2014 0.1232765506933837
2015 0.1232802216455436
2016 0.1232837447777367
2017 0.123286918651813
2018 0.1232903801605704
2019 0.1232937191533501
2020 0.1232970054963111
2021 0.1232998192819996
2022 0.123302254119441
2023 0.1233044149410671
2024 0.1233065268923579
2025 0.1233084094458803
2026 0.1233101150011721
2027 0.123311786537957
2028 0.1233133676182334
2029 0.1233147565746363
2030 0.1233159976562234
2031 0.1233169354392743
2032 0.1233176200159816
2033 0.1233181319311577
2034 0.1233182688275074
2035 0.1233182287179168
2036 0.1233180914881646
2037 0.1233178115425582
2038 0.1233172512577749
2039 0.1233163468901226
2040 0.1233153068134362
2041 0.1233142388976349
2042 0.1233131608487414
2043 0.1233117811314858
2044 0.12331000118316
2045 0.1233079775902388
2046 0.1233057820562017
2047 0.1233032179276797
2048 0.1233005016396741
2049 0.1232974937207368
2050 0.1232944395309836
2051 0.1232912020135602
2052 0.1232878304266521
2053 0.1232843161827971
2054 0.1232804674368721
2055 0.1232764128273516
2056 0.1232722175108633
2057 0.1232678821827584
2058 0.1232633018380692
2059 0.1232585074529313
2060 0.1232534326144911
2061 0.1232481316214365
2062 0.1232428484369837
2063 0.1232372668403892
2064 0.1232315068734179
2065 0.1232257057730943
2066 0.1232197018739148
2067 0.1232135172360894
2068 0.1232071211859727
2069 0.1232005156431516
2070 0.1231934429522837
2071 0.1231862400212235
2072 0.1231789693584477
2073 0.123171594467492
2074 0.1231641260746769
2075 0.1231564622313325
2076 0.1231487488709806
2077 0.1231409817705243
2078 0.12313300125854
2079 0.1231247698854103
2080 0.1231163667576971
2081 0.1231075838226748
2082 0.1230986169332077
2083 0.1230895529729787
2084 0.1230801753676665
2085 0.1230707974949289
2086 0.1230611300918068
2087 0.1230515225643554
2088 0.1230418265008804
2089 0.1230319970908383
2090 0.1230219403449764
2091 0.1230117782028112
2092 0.1230014184162295
2093 0.122991075971249
2094 0.1229807493953753
2095 0.1229703522647691
2096 0.1229597141961385
2097 0.1229490170212656
2098 0.1229382167644502
2099 0.1229270192612506
2100 0.1229155787954606
2101 0.1229038211266757
2102 0.122891889149797
2103 0.1228799515240453
2104 0.1228679445782946
2105 0.1228559282018778
2106 0.1228438157381653
2107 0.1228317415572208
2108 0.1228196017177873
2109 0.1228072780347865
2110 0.1227948741098372
2111 0.122782415154377
2112 0.122769746744216
2113 0.1227567828865843
2114 0.1227431067513278
2115 0.1227295634044973
2116 0.1227159559503208
2117 0.1227019827494483
2118 0.1226879550595545
2119 0.1226740176396316
2120 0.1226600016003502
2121 0.1226459440727091
2122 0.1226318263297301
2123 0.122617550654383
2124 0.1226032488543244
2125 0.122588950065643
2126 0.1225745758481949
2127 0.1225600767684369
2128 0.1225453338307383
2129 0.1225305046237326
2130 0.1225154165761227
2131 0.1225001216811369
2132 0.1224845610040453
2133 0.1224687724447658
2134 0.1224527687761278
2135 0.1224367415055214
2136 0.1224204708953701
2137 0.122404085307545
2138 0.1223876226620403
2139 0.1223753216396477
2140 0.122358614537285
2141 0.1223417481662018
2142 0.122324364475517
2143 0.1223067617956974
2144 0.1222890683623358
2145 0.1222754366056313
2146 0.1222570081866758
2147 0.1222381983996999
2148 0.1222235621420126
2149 0.1222041535857076
2150 0.1221845603355552
2151 0.1221692906603636
2152 0.1221487548710675
2153 0.1221280962461674
2154 0.1221119020249435
2155 0.1220909456110301
2156 0.122069903929806
2157 0.1220532052158583
2158 0.1220315339842195
2159 0.1220143371512387
2160 0.1219919671786856
2161 0.1219741569939173
2162 0.1219514046114824
2163 0.1219330822110903
2164 0.1219095642447502
2165 0.121890569208563
2166 0.1218664586355199
2167 0.121847072444743
2168 0.1218226319193544
2169 0.1218029823793262
2170 0.1217781777686228
2171 0.1217582221866931
2172 0.1217332709818007
2173 0.1217132069388033
2174 0.1216880376886668
2175 0.1216674997164177
2176 0.1216420775321223
2177 0.1216213452788969
2178 0.1215956046861919
2179 0.1215744391226421
2180 0.1215483519709699
2181 0.1215268921366683
2182 0.1215002918805478
2183 0.1214786303688202
2184 0.1214519821294944
2185 0.1214297749919584
2186 0.1214034445120319
2187 0.1213814440068852
2188 0.1213549734228764
2189 0.1213328440317467
2190 0.1213060329886695
2191 0.1212833341237421
2192 0.121256109767989
2193 0.1212333871146118
2194 0.1212061979486626
2195 0.1211834805127777
2196 0.121156374707079
2197 0.1211334432891565
2198 0.1211105698786761
2199 0.1210834645631178
2200 0.1210602438425544
2201 0.1210370254843655
2202 0.1210091815451658
2203 0.1209856586144069
2204 0.1209620957736409
2205 0.1209385365415082
2206 0.1209103037388417
2207 0.1208862462519191
2208 0.1208621227961523
2209 0.1208380210900896
2210 0.1208135568609355
2211 0.1207840277040399
2212 0.120758826557892
2213 0.1207336989694238
2214 0.1207082256842786
2215 0.1206783585027071
2216 0.1206529407894143
2217 0.1206275119140015
2218 0.1205976065982631
2219 0.1205720023876088
2220 0.1205463039240348
2221 0.1205161322714709
2222 0.1204902328731522
2223 0.1204641699071522
2224 0.1204338256600474
2225 0.1204078624780307
2226 0.120381743928114
2227 0.1203553731470151
2228 0.1203250434137023
2229 0.1202985435323463
2230 0.1202679509423931
2231 0.1202412012293341
2232 0.1202101676345195
2233 0.1201830540263232
2234 0.1201522397447542
2235 0.1201250946022813
2236 0.1200943742268367
2237 0.1200674041246901
2238 0.1200363269240238
2239 0.1200089606876293
2240 0.1199776882034978
2241 0.1199501042051515
2242 0.1199185073902091
2243 0.1198904959369312
2244 0.1198586361860484
2245 0.1198305038500095
2246 0.1197985223662024
2247 0.1197700604459363
2248 0.1197375783959597
2249 0.1197086112148934
2250 0.1196757294972816
2251 0.1196464709493746
2252 0.1196134467879732
2253 0.1195837153273504
2254 0.1195499431053407
2255 0.1195197546331878
2256 0.119489445234233
2257 0.1194549927660705
2258 0.1194241686042592
2259 0.1193892303512004
2260 0.1193580839070624
2261 0.1193228250489753
2262 0.1192873240818294
2263 0.1192516139532141
2264 0.1192158337485133
2265 0.1191803486552388
2266 0.1191444179256148
2267 0.1191087864868384
2268 0.1190732385360109
2269 0.119037802989574
2270 0.1190026186042406
2271 0.1189675821188767
2272 0.1189326734224342
2273 0.1188979599481666
2274 0.1188634087620629
2275 0.11882883478171
2276 0.1187940705623005
2277 0.1187593269967033
2278 0.1187244366246799
2279 0.1186894977824953
2280 0.1186543918686674
2281 0.1186193221532618
2282 0.1185840113079738
2283 0.118548981080863
2284 0.11851392237066
2285 0.1184791000045847
2286 0.1184442197502337
2287 0.1184093018908729
2288 0.1183743349159773
2289 0.1183392366375355
2290 0.1183041185255485
2291 0.1182690217630458
2292 0.1182337709509335
2293 0.1181986245296051
2294 0.1181634243832558
2295 0.1181284850432068
2296 0.1180935522898988
2297 0.1180623712258182
2298 0.1180274201309272
2299 0.1179960542932037
2300 0.1179610770604224
2301 0.1179294857434919
2302 0.1178977635694241
2303 0.1178623775242945
2304 0.1178302719830357
2305 0.1177980639975766
2306 0.1177657778071771
2307 0.1177290042570881
2308 0.1176955008504176
2309 0.1176618410572944
2310 0.1176236032547538
2311 0.1175894346229062
2312 0.1175553908651065
2313 0.1175168188572996
2314 0.1174823579986475
2315 0.1174437159190139
2316 0.1174091141833364
2317 0.1173745026123618
2318 0.1173356916758505
2319 0.1173007109843182
2320 0.1172657892112605
2321 0.117226964392279
2322 0.1171918000227737
2323 0.117156627678138
2324 0.1171215060132859
2325 0.1170822277601152
2326 0.1170471887698903
2327 0.1170126317056386
2328 0.1169779981464197
2329 0.1169429194363614
2330 0.1169033848439991
2331 0.1168679161258275
2332 0.1168323957895534
2333 0.1167965820177478
2334 0.1167561049000951
2335 0.1167199459571132
2336 0.1166833627828249
2337 0.1166420922916883
2338 0.1166052451497096
2339 0.1165684280250979
2340 0.1165271951619605
2341 0.1164905742252537
2342 0.1164494889371163
2343 0.1164132223046875
2344 0.1163722904304843
2345 0.1163358642052812
2346 0.1162951698421674
2347 0.1162588332374616
2348 0.1162184157394447
2349 0.1161778484720248
2350 0.116141670293723
2351 0.1161018190045321
2352 0.1160620531818943
2353 0.1160225843424858
2354 0.1159833115796343
2355 0.1159442814569448
2356 0.1159051339981854
2357 0.1158662433498069
2358 0.1158278009279248
2359 0.1157896515595086
2360 0.1157515036644461
2361 0.1157135060940497
2362 0.1156755238825432
2363 0.1156377649930684
2364 0.1156000107518494
2365 0.1155626103217135
2366 0.1155250759001991
2367 0.1154911373864943
2368 0.1154535069708841
2369 0.1154156596753857
2370 0.1153776249829638
2371 0.1153429423909206
2372 0.1153045852365189
2373 0.1152661256526079
2374 0.1152313201439916
2375 0.1151925133300919
2376 0.1151533822159817
2377 0.1151179293868757
2378 0.1150786356905761
2379 0.1150390335546403
2380 0.1149992108106267
2381 0.1149631488026356
2382 0.1149233350300524
2383 0.1148833467770864
2384 0.1148430351481245
2385 0.1148064314348363
2386 0.1147661846096375
2387 0.1147259518640663
2388 0.1146893839719039
2389 0.1146493051628625
2390 0.1146124486557978
2391 0.1145721799867095
2392 0.1145351957038888
2393 0.1144947329863129
2394 0.114453943113092
2395 0.114416508365084
2396 0.1143756399216528
2397 0.1143346151262765
2398 0.1142934710510179
2399 0.1142557420808142
2400 0.1142143671893889
2401 0.1141729176332168
2402 0.1141348659370807
2403 0.1140936937064985
2404 0.1140522768462993
2405 0.1140106742615172
2406 0.1139689440165356
2407 0.1139273808800045
2408 0.1138859895691779
2409 0.1138449368549134
2410 0.1138040249147481
2411 0.1137633939612579
2412 0.113722687592495
2413 0.1136823466906454
2414 0.1136419053008896
2415 0.1136014574320679
2416 0.1135608677180656
2417 0.1135203573840732
2418 0.113480082973409
2419 0.1134400431484115
2420 0.1133998209393886
2421 0.113359724695511
2422 0.1133195618788314
2423 0.1132794583281493
2424 0.1132391367168149
2425 0.1131992667174599
2426 0.1131588640214471
2427 0.1131184093351081
2428 0.1130778125756676
2429 0.1130372058420452
2430 0.1129963816010586
2431 0.1129556002520288
2432 0.1129146356714468
2433 0.1128739228849412
2434 0.1128332190608058
2435 0.1127921844701652
2436 0.1127541858209613
2437 0.1127130627338203
2438 0.1126715547868102
2439 0.1126298379838297
2440 0.1125879695923847
2441 0.1125463279307148
2442 0.1125079046775508
2443 0.1124662412432741
2444 0.1124240948503302
2445 0.1123815746157141
2446 0.1123388716096513
2447 0.1122963296936346
2448 0.1122537296201327
2449 0.1122112848057906
2450 0.1121683791063913
2451 0.1121256939657029
2452 0.1120831218872434
2453 0.1120406848518882
2454 0.1119981170312152
2455 0.1119558332314154
2456 0.1119134532464629
2457 0.111871257514946
2458 0.1118289922809702
2459 0.1117867505025568
2460 0.111744253381274
2461 0.111701807135598
2462 0.1116593313280288
2463 0.1116172770644681
2464 0.1115751956202173
2465 0.1115330898367411
2466 0.1114908658212497
2467 0.1114488356922059
2468 0.1114067834330683
2469 0.1113648669139568
2470 0.1113228317550575
2471 0.1112808392947934
2472 0.1112386685695836
2473 0.1111963524545919
2474 0.1111539531998851
2475 0.111111802071118
2476 0.1110697403192527
2477 0.1110277386863366
2478 0.1109858407685631
2479 0.1109441366549283
2480 0.1109022143974704
2481 0.1108605199493848
2482 0.1108187933924432
2483 0.1107774111425605
2484 0.1107358464282971
2485 0.1106944029291097
2486 0.1106531261299211
2487 0.1106117278465022
2488 0.1105703215610075
2489 0.1105290806452759
2490 0.1104878026339665
2491 0.1104468115591511
2492 0.1104057979004973
2493 0.1103650746354628
2494 0.1103242380717004
2495 0.1102833341840781
2496 0.1102424787598804
2497 0.1102019235306252
2498 0.1101614847512143
2499 0.1101209302896385
2500 0.1100805257361735
2501 0.1100404893962128
2502 0.1100004303486285
2503 0.1099603995283168
2504 0.1099197881875143
2505 0.109879372845875
2506 0.109838989855569
2507 0.1097987623865451
2508 0.1097588815726386
2509 0.1097193908110485
2510 0.1096798419702702
2511 0.1096405318363424
2512 0.1096013339845882
2513 0.1095621829422594
2514 0.1095229787684073
2515 0.1094838563311416
2516 0.1094445013534101
2517 0.1094053766254817
2518 0.109366336437519
2519 0.1093275183104188
2520 0.1092885983790408
2521 0.1092498004663293
2522 0.1092109138383301
2523 0.1091723379069535
2524 0.1091338836382285
2525 0.1090952240668853
2526 0.1090564386523519
2527 0.1090179113198374
2528 0.108979314967567
2529 0.1089410694473264
2530 0.1089029329953194
2531 0.1088650665546718
2532 0.1088271700123364
2533 0.1087894231420134
2534 0.1087515885105073
2535 0.1087138063599568
2536 0.1086760126961299
2537 0.1086382772248832
2538 0.1086005490268737
2539 0.1085631673994029
2540 0.1085255832109502
2541 0.1084882538049259
2542 0.1084508509507647
2543 0.1084136498986743
2544 0.1083765207950062
2545 0.1083396914181936
2546 0.1083027436492789
2547 0.1082659865449319
2548 0.1082291655954997
2549 0.108192422102959
2550 0.1081556616400388
2551 0.1081190156531717
2552 0.1080822593957509
2553 0.1080459045841976
2554 0.108009308037353
2555 0.1079726604964708
2556 0.1079359746690858
2557 0.1078994984173752
2558 0.1078630249906065
2559 0.1078266744248687
2560 0.1077902914296667
2561 0.1077539751712672
2562 0.107717672895409
2563 0.1076813361160978
2564 0.1076449769854759
2565 0.107608691371963
2566 0.1075721868303668
2567 0.1075356541939005
2568 0.107499184426275
2569 0.1074629240415502
2570 0.1074262669732024
2571 0.107389511309846
2572 0.107352715687305
2573 0.1073159565364204
2574 0.1072791418301023
2575 0.1072424302788819
2576 0.1072055344002073
2577 0.1071686942379844
2578 0.1071316336621335
2579 0.1070945437881376
2580 0.1070572986372448
2581 0.1070198670410194
2582 0.1069820437369601
2583 0.106944460018216
2584 0.1069070323630163
2585 0.1068694512013223
2586 0.1068317932636126
2587 0.1067942015053849
2588 0.1067565824018792
2589 0.1067191127839731
2590 0.1066814826238301
2591 0.1066438544279066
2592 0.1066061472693874
2593 0.1065683952603667
2594 0.1065305032227918
2595 0.1064928203421882
2596 0.1064549253695644
2597 0.1064173313361438
2598 0.1063800477591922
2599 0.1063431788050091
2600 0.1063059020230807
2601 0.106268683366621
2602 0.1062317429456806
2603 0.10619503453974
2604 0.1061583350480105
2605 0.1061217701497005
2606 0.1060853535264814
2607 0.1060493578495353
2608 0.1060136011554552
2609 0.105978061756592
2610 0.1059424444215949
2611 0.1059071236326055
2612 0.105871816368456
2613 0.1058370788405563
2614 0.10580265648046
2615 0.1057682436665573
2616 0.1057338457721342
2617 0.10569993629301
2618 0.105666412398379
2619 0.1056332800053583
2620 0.105600311103068
2621 0.1055675383452711
2622 0.1055348695182528
2623 0.1055027219468188
2624 0.1054706536598282
2625 0.1054388484008677
2626 0.1054073971516149
2627 0.1053762038036073
2628 0.1053452039265558
2629 0.1053146594607134
2630 0.1052844230253099
2631 0.1052541315735813
2632 0.1052238873021209
2633 0.1051938569980928
2634 0.1051640911125263
2635 0.1051348056924931
2636 0.1051056484233083
2637 0.1050766548778694
2638 0.1050476226564867
2639 0.1050187560094323
2640 0.1049898433856601
2641 0.104961187433775
2642 0.1049325891382958
2643 0.1049042398439829
2644 0.104876162073311
2645 0.1048482610536291
2646 0.1048203095486507
2647 0.1047925016290021
2648 0.1047647495982265
2649 0.1047372631643365
2650 0.1047097351965068
2651 0.1046822142938595
2652 0.1046547076128252
2653 0.1046274442929072
2654 0.1046002063138156
2655 0.1045729611499999
2656 0.1045456047327788
2657 0.1045183967488598
2658 0.1044911830199694
2659 0.1044641094454138
2660 0.1044369856249334
2661 0.1044097473028437
2662 0.1043824027065593
2663 0.1043554734704821
2664 0.1043285322534826
2665 0.1043018857260434
2666 0.1042752531367533
2667 0.1042487158005834
2668 0.1042222266701679
2669 0.1041960021223664
2670 0.1041693525262018
2671 0.1041427787663477
2672 0.1041161634246188
2673 0.1040896683660647
2674 0.1040634217271404
2675 0.1040376228661537
2676 0.1040117831148728
2677 0.10398623742391
2678 0.1039607473667919
2679 0.1039356196949808
2680 0.1039105715040125
2681 0.1038856371830516
2682 0.1038605477582904
2683 0.1038355778961851
2684 0.1038106835967199
2685 0.1037858966015057
2686 0.1037614133882995
2687 0.1037368489809378
2688 0.1037124445451072
2689 0.1036884242729928
2690 0.1036645035526153
2691 0.1036407729035641
2692 0.103617044496066
2693 0.1035933225820425
2694 0.103569751805373
2695 0.1035464726604172
2696 0.1035233118206484
2697 0.1035002700671216
2698 0.1034772252137718
2699 0.1034541799722141
2700 0.1034311129687048
2701 0.1034079209043426
2702 0.1033850130711805
2703 0.1033622380606021
2704 0.1033397196171174
2705 0.1033175371351239
2706 0.1032952944669222
2707 0.1032730655826328
2708 0.1032512087751229
2709 0.1032296349917948
2710 0.1032082231406069
2711 0.1031868339230729
2712 0.1031654045908537
2713 0.1031440816031725
2714 0.1031229627335325
2715 0.1031017946774549
2716 0.1030806350240504
2717 0.1030598018792917
2718 0.1030391898899448
2719 0.1030189081133244
2720 0.1029989617215453
2721 0.1029788905802055
2722 0.1029588603160134
2723 0.1029388948419939
2724 0.1029191700110167
2725 0.1028996703000366
2726 0.1028803915624541
2727 0.1028610257843024
2728 0.1028417532316587
2729 0.1028229152517515
2730 0.1028040135530825
2731 0.1027851739605485
2732 0.102766480011074
2733 0.1027477898157949
2734 0.1027294646128243
2735 0.1027112877344465
2736 0.1026931645388092
2737 0.1026749297071982
2738 0.1026567747628508
2739 0.1026389645830093
2740 0.1026213171323085
2741 0.102603788083362
2742 0.1025863439644419
2743 0.1025690197555401
2744 0.1025517667181973
2745 0.1025343426524794
2746 0.1025169217856165
2747 0.1024996094613932
2748 0.1024822352941268
2749 0.1024651991083372
2750 0.1024483007481727
2751 0.1024313600997167
2752 0.1024142297398277
2753 0.102397423670173
2754 0.1023809552267715
2755 0.1023646811828397
2756 0.102348513049447
2757 0.1023322394756011
2758 0.1023160207469926
2759 0.1022999038634731
2760 0.102283887961901
2761 0.102267502153209
2762 0.1022511427030287
2763 0.1022348548807289
2764 0.102218745594893
2765 0.1022029022980909
2766 0.1021872394000805
2767 0.1021714356664995
2768 0.1021556969843476
2769 0.102139849778535
2770 0.1021245917711746
2771 0.102109264981359
2772 0.102094037096368
2773 0.1020787773933548
2774 0.1020635474850397
2775 0.1020483324960921
2776 0.1020331944578382
2777 0.1020179282972395
2778 0.1020026619741459
2779 0.1019873069377126
2780 0.1019720965983881
2781 0.1019569616947019
2782 0.1019417743883463
2783 0.1019265459309209
2784 0.1019114767058556
2785 0.1018964881648684
2786 0.1018817222544281
2787 0.1018671322189095
2788 0.1018525115402906
2789 0.1018381794467607
2790 0.1018238037334315
2791 0.1018094012128078
2792 0.1017946090051941
2793 0.10178005999295
2794 0.1017657542759521
2795 0.1017518755529372
2796 0.1017385405213758
2797 0.1017250970882307
2798 0.1017119066888479
2799 0.1016990179890323
2800 0.101686311431442
2801 0.1016737139841074
2802 0.101661252211753
2803 0.101648952713916
2804 0.1016369612811019
2805 0.1016250844408807
2806 0.1016132718702326
2807 0.1016016435955296
2808 0.1015901744662664
2809 0.1015789251598366
2810 0.1015681419055937
2811 0.1015576229285161
2812 0.101547192086249
2813 0.1015368617039391
2814 0.1015266469690355
2815 0.1015169705539804
2816 0.1015075600873787
2817 0.1014984688873694
2818 0.1014894175658014
2819 0.1014808609605948
2820 0.101472455912998
2821 0.1014643109954747
2822 0.1014563009336909
2823 0.1014484483145825
2824 0.1014408248875678
2825 0.1014336777377804
2826 0.101426815653732
2827 0.101419908759567
2828 0.1014130881932053
2829 0.1014065488110783
2830 0.1014002414507705
2831 0.1013942814794118
2832 0.1013886173721127
2833 0.1013832515560588
2834 0.1013781804312525
2835 0.101373101076185
2836 0.1013681199096401
2837 0.1013630924363384
2838 0.1013582581556966
2839 0.101353520820469
2840 0.1013491604008545
2841 0.1013450573931423
2842 0.1013409488398904
2843 0.1013370258487066
2844 0.1013334635932834
2845 0.1013300806457506
2846 0.1013270118518371
2847 0.1013236730524475
2848 0.1013205490047871
2849 0.1013174917154414
2850 0.1013143670070148
2851 0.101311214280689
2852 0.1013082460005023
2853 0.1013052757189553
2854 0.1013026041095787
2855 0.1013001765892604
2856 0.1012979083433029
2857 0.1012955480584898
2858 0.1012931764015937
2859 0.1012905414270402
2860 0.1012880431388167
2861 0.1012856772883364
2862 0.1012831562095497
2863 0.1012806627287663
2864 0.1012781979773113
2865 0.1012756643040832
2866 0.1012730668868049
2867 0.1012703767405008
2868 0.1012675631435482
2869 0.1012646370166589
2870 0.1012619058961097
2871 0.1012592262890412
2872 0.1012563859264749
2873 0.1012532811000597
2874 0.1012500666691205
2875 0.1012467412497316
2876 0.101243470986689
2877 0.101240156968739
2878 0.1012369032576851
2879 0.1012335183420228
2880 0.1012299905617622
2881 0.1012262945862641
2882 0.1012223385032522
2883 0.1012184078357339
2884 0.1012143819926799
2885 0.1012104749441846
2886 0.1012065889044246
2887 0.1012024128012678
2888 0.1011981201427274
2889 0.1011939748807504
2890 0.1011897422857594
2891 0.1011855703703141
2892 0.1011813639768943
2893 0.1011770215735215
2894 0.1011727900509181
2895 0.1011684416318979
2896 0.101164112174922
2897 0.101159693775439
2898 0.1011550922205617
2899 0.1011505456021692
2900 0.1011462636922899
2901 0.1011422928387776
2902 0.1011385220418251
2903 0.1011345478573497
2904 0.101130536457619
2905 0.1011265838393485
2906 0.1011230128822757
2907 0.101119753098913
2908 0.1011165228109515
2909 0.1011133656485181
2910 0.1011105147534727
2911 0.1011077478785639
2912 0.1011050233897276
2913 0.1011025356373668
2914 0.1011002613602171
2915 0.1010980026633029
2916 0.1010960647822509
2917 0.1010944362561657
2918 0.1010927806008817
2919 0.1010913881735183
2920 0.1010903766614524
2921 0.1010896982176789
2922 0.1010892510554451
2923 0.101089149334321
2924 0.1010892251882887
2925 0.1010895588835392
2926 0.1010901937639235
2927 0.1010906826561589
2928 0.101091313718751
2929 0.1010922705867678
2930 0.10109359980742
2931 0.101095319699593
2932 0.1010972449770239
2933 0.1010992091071228
2934 0.101101393436207
2935 0.1011038032738387
2936 0.1011065270391559
2937 0.1011095394701561
2938 0.1011127492120517
2939 0.1011160032401412
2940 0.1011194763196849
2941 0.1011231169440268
2942 0.1011268982962749
2943 0.1011306701835615
2944 0.1011346490090297
2945 0.1011388149161895
2946 0.1011433075629635
2947 0.1011480254941967
2948 0.1011527974085675
2949 0.1011575034599924
2950 0.1011622632369102
2951 0.1011669635735589
2952 0.1011719756849724
2953 0.1011771039948859
2954 0.1011826269955993
2955 0.1011882443460835
2956 0.1011937993684273
2957 0.1011991405165321
2958 0.1012044902160959
2959 0.1012097791931681
2960 0.1012151691362652
2961 0.1012207827033215
2962 0.1012265388960449
2963 0.1012319958542138
2964 0.101237292342185
2965 0.1012425622938123
2966 0.1012480711189178
2967 0.1012536803856407
2968 0.1012590812965719
2969 0.1012643841220513
2970 0.1012697419810416
2971 0.1012751680267206
2972 0.1012803578211396
2973 0.1012853917244699
2974 0.1012889052926112
2975 0.1012943625593043
2976 0.1012998029083199
2977 0.1013052958467815
2978 0.1013106779976293
2979 0.1013156702700566
2980 0.1013205170050811
2981 0.1013254958986352
2982 0.1013289896040924
2983 0.1013346677999852
2984 0.101339845808502
2985 0.1013448819143328
2986 0.1013482555316227
2987 0.1013532613576275
2988 0.1013578839521358
2989 0.1013624629756499
2990 0.101366934025915
2991 0.1013716527352723
2992 0.1013763589681887
2993 0.1013808189886803
2994 0.1013850991699829
2995 0.1013895025470818
2996 0.1013939838770278
2997 0.1013984293512211
2998 0.1014028877825505
2999 0.1014073706177033
3000 0.1014119182341816
