"drag-rfile"
"Iteration" "drag"
("Iteration" "drag")
1 1.675040707927241
2 2.277613864339202
3 2.727776912788812
4 3.001021121704841
5 3.15628909861191
6 3.196330856792862
7 3.141619621734572
8 2.9697816323339
9 2.732703872443863
10 2.491343975456149
11 2.329404490654329
12 2.162288138501003
13 2.022692995539799
14 1.912675431959181
15 1.823940065806544
16 1.747644840742094
17 1.669501145499271
18 1.581067087732923
19 1.483323115010421
20 1.378828751154664
21 1.266009262736408
22 1.149098740981257
23 1.032700950998682
24 0.9200262091574852
25 0.8125408784663624
26 0.7112013356277347
27 0.6151172780695404
28 0.5255338510458506
29 0.4427682939311554
30 0.365400078392479
31 0.2948115830894382
32 0.2287213471931807
33 0.1688192363509215
34 0.1128239588040373
35 0.06190789764100477
36 0.01500323888225435
37 -0.02744785647599993
38 -0.06573270173813214
39 -0.09976942530174625
40 -0.1292451883638507
41 -0.1546678235239349
42 -0.176089684623994
43 -0.1939795069694022
44 -0.2084949740731365
45 -0.2199510824015418
46 -0.2287182995753221
47 -0.2350128328655734
48 -0.2394568364181474
49 -0.2420717838064768
50 -0.242920628097845
51 -0.2427953907750827
52 -0.2417105878176991
53 -0.2397588769445658
54 -0.2371881600113281
55 -0.2341715495137271
56 -0.230803300240146
57 -0.2271963513669559
58 -0.2234069089570764
59 -0.2194027246592192
60 -0.2152124132285076
61 -0.2107596399037179
62 -0.2059763153024011
63 -0.200799707325297
64 -0.1952511649922413
65 -0.1892695496287477
66 -0.1826374590950078
67 -0.1755467731215965
68 -0.1680782238914322
69 -0.1599302871877924
70 -0.1514071878376262
71 -0.1423113237092714
72 -0.1322092570040995
73 -0.1217298122712348
74 -0.1107906465041739
75 -0.09930181679543984
76 -0.08728072374174714
77 -0.07469050873250614
78 -0.06159729069974821
79 -0.04814868733421896
80 -0.03430149711057166
81 -0.02009404631606256
82 -0.005575629143459213
83 0.009196416416684221
84 0.02422758837195216
85 0.03941814797323252
86 0.05467528239237947
87 0.06992885209619142
88 0.08512063409759636
89 0.100181401197765
90 0.1150579413793643
91 0.1296813541979636
92 0.1440176193732831
93 0.1579946684314629
94 0.1716086473083467
95 0.184797326859848
96 0.1974744752030935
97 0.2096649822458435
98 0.2214102650930658
99 0.2326013820660467
100 0.2432247290521789
101 0.2540694768469299
102 0.2634111633264542
103 0.2721170454797059
104 0.2801848652866159
105 0.2875910361601068
106 0.2943256189126899
107 0.3007122720925047
108 0.3061063140958319
109 0.3108297413246957
110 0.3148880301041978
111 0.3182760604788071
112 0.3210111284062636
113 0.3230866944987249
114 0.3244888290580222
115 0.3252048312785519
116 0.3252470778773053
117 0.3246208717090328
118 0.3233337919416421
119 0.3213931302082538
120 0.3188034504279989
121 0.3155769984643995
122 0.3117247258504155
123 0.307256758457685
124 0.3021898768226473
125 0.2965542579601523
126 0.2903590752538498
127 0.2836263022524652
128 0.276388931593256
129 0.268668308073893
130 0.2604843431165368
131 0.2518753300832117
132 0.2428799823640341
133 0.233538431217044
134 0.2238306565109584
135 0.2138600849329973
136 0.2036679280088208
137 0.193298220003002
138 0.1827973060952623
139 0.1722057735678394
140 0.1615865870442493
141 0.1509651899778429
142 0.1403872094730057
143 0.1298828400523784
144 0.1195089211711447
145 0.1093262228362323
146 0.0993560039212546
147 0.08963292672524163
148 0.08019443588627877
149 0.07107602586748374
150 0.06230363281600514
151 0.05390978035646932
152 0.04592174218837513
153 0.03836456399109692
154 0.03125220855318991
155 0.024604072315666
156 0.01844729681706525
157 0.01279552670060543
158 0.007662956800034643
159 0.003064595620843735
160 -0.0009921009239304403
161 -0.004505381584284469
162 -0.007471485806782948
163 -0.009889231726653451
164 -0.01176005056533071
165 -0.01308807141178079
166 -0.01387795843553401
167 -0.01413841033013987
168 -0.01387833088376413
169 -0.01310442935838009
170 -0.01183477053639094
171 -0.01008454128752903
172 -0.007866349538850355
173 -0.005196992826820758
174 -0.002094847739993923
175 0.001421688833948599
176 0.005330509685380743
177 0.009605506447446717
178 0.01423593592982139
179 0.01919992123795361
180 0.02447615392730148
181 0.03004323501774493
182 0.03587787992266043
183 0.04195690356934555
184 0.04825461897113275
185 0.05477726969309776
186 0.06147305756619585
187 0.06831799909959056
188 0.07528896178373445
189 0.0823618479048126
190 0.08950698142565759
191 0.09670855289116866
192 0.1039346994654154
193 0.1111724992435755
194 0.1183938603301357
195 0.1255772314141251
196 0.1327125280209462
197 0.1397629157972306
198 0.1467000536229416
199 0.1535087992516748
200 0.1601711862291207
201 0.1666623343882995
202 0.1729638175617512
203 0.1790560792589476
204 0.1849197819522841
205 0.1905143962474494
206 0.1958482242470644
207 0.2009025189917594
208 0.2056728169434627
209 0.2101378857569117
210 0.2142791489058392
211 0.2180893555316992
212 0.2215568599717382
213 0.2246723876414614
214 0.2274269454194526
215 0.2298141155808971
216 0.2318251323470854
217 0.2334574689638474
218 0.2347025848091535
219 0.2355613821929823
220 0.2360335401950067
221 0.2361216300598814
222 0.2358248138475928
223 0.2351516308769044
224 0.2341062695634212
225 0.2326951858632922
226 0.2309245610590823
227 0.2288047459898903
228 0.2263465669912609
229 0.2235636636285429
230 0.2204650701025397
231 0.2170562868656708
232 0.2133709592198845
233 0.209406713539547
234 0.205182046955649
235 0.2007251960519947
236 0.1960495833995258
237 0.1911821979756133
238 0.1861408954748366
239 0.1809830639563221
240 0.1756932830713165
241 0.1702887048288091
242 0.1647861167192855
243 0.1592171848144584
244 0.1536067020287946
245 0.1479735644097389
246 0.1423395583340358
247 0.1367264743515369
248 0.1311559940161777
249 0.1256505894141851
250 0.1202191069536036
251 0.1148830720573835
252 0.1096801543696411
253 0.1046274122258419
254 0.09974470032287096
255 0.09504962540164634
256 0.0905597031069231
257 0.08629129343575953
258 0.08225708452481137
259 0.07847538695759512
260 0.07495843674973446
261 0.07171581055131734
262 0.06876394120438933
263 0.06610181414645022
264 0.0637384558207504
265 0.06167680947234781
266 0.05992370907578303
267 0.05848181994355835
268 0.05735287368807184
269 0.05653631344908124
270 0.05603087328025722
271 0.05583421332857028
272 0.05594370875916858
273 0.05635409388747043
274 0.05706020649638461
275 0.05805455058050976
276 0.05932900802528377
277 0.06086785020489204
278 0.06266692758861195
279 0.06471573384344122
280 0.06700224825630374
281 0.06951443732100568
282 0.07223855163232512
283 0.07516069835732554
284 0.07826701744658696
285 0.08154171802979027
286 0.08497036506686058
287 0.08853563396727848
288 0.09222138179487749
289 0.09601664397935672
290 0.09990090886794643
291 0.1038573782210868
292 0.1078698717294416
293 0.1119229760328199
294 0.1160061415414391
295 0.1200959485517605
296 0.1241763756233656
297 0.1282319021979607
298 0.1322473822845425
299 0.1362080100914886
300 0.1401001104408243
301 0.143909565641783
302 0.1476237321339413
303 0.1512297792449173
304 0.1547158211597216
305 0.1580701586769764
306 0.1612733740305467
307 0.1643528150974057
308 0.167270627395944
309 0.170018494174089
310 0.1725891209264853
311 0.1749752564116467
312 0.1771702328948653
313 0.1791702076954053
314 0.1809712174486367
315 0.1825592996168983
316 0.183945727624002
317 0.1851276186538901
318 0.1861045518663214
319 0.1868760316151847
320 0.1874393750250703
321 0.1877992612414513
322 0.1879590091269053
323 0.1879209503938387
324 0.187689829216544
325 0.1872682979561175
326 0.1866608579677816
327 0.1858733610871156
328 0.1849195344655535
329 0.1837968934831551
330 0.1825122052633326
331 0.1810720500306044
332 0.1794715958830423
333 0.1777318263974672
334 0.1758617127848163
335 0.1738697905675656
336 0.1717655444109098
337 0.1695635561223088
338 0.1672674491125125
339 0.1648880007207791
340 0.16243524098522
341 0.1599194316602154
342 0.1573496464762356
343 0.1547358026413572
344 0.1520873368205565
345 0.1494143371820934
346 0.1467271213412208
347 0.1440351111352149
348 0.1413467670697363
349 0.1386715823845451
350 0.1360190530852952
351 0.1333977160296326
352 0.1308148288038884
353 0.1282831516631044
354 0.1258062778150782
355 0.1233922282655319
356 0.1210515432410671
357 0.1187863564900409
358 0.116607664428798
359 0.1145164536901473
360 0.1125174729175126
361 0.1106171649180489
362 0.1088186605337483
363 0.1071268989014604
364 0.1055458109235663
365 0.104078670798221
366 0.1027291759417143
367 0.1015031287820458
368 0.1004005221750583
369 0.09942273918418929
370 0.09856992022353507
371 0.09784331132675851
372 0.09724623605960477
373 0.09677726457253141
374 0.09643616486663113
375 0.09622204032772851
376 0.09613489175854195
377 0.0961728076717827
378 0.09633436922797435
379 0.09661759639303688
380 0.09701900597243515
381 0.09753610447872282
382 0.09816636417030894
383 0.09890619380188283
384 0.09975091822075985
385 0.1006960811336386
386 0.1017372970968444
387 0.1028653797529826
388 0.1040802419108075
389 0.1053764894467129
390 0.1067486771951071
391 0.1081917055253717
392 0.1097005566755841
393 0.1112684800388165
394 0.1128892635511775
395 0.1145564296510905
396 0.1162636019386472
397 0.1180043097946034
398 0.1197720576324614
399 0.1215600968714157
400 0.1233625262320809
401 0.1251743478190971
402 0.1269877146106911
403 0.128795836886478
404 0.1305921802274616
405 0.1323698543201378
406 0.1341314632029833
407 0.1358606666709038
408 0.1375488160948333
409 0.1391932790178421
410 0.1407883852726969
411 0.1423292254056131
412 0.143811157703571
413 0.145227984732367
414 0.1465746671232287
415 0.1478474080890294
416 0.1490415391922821
417 0.1501533121440594
418 0.1511792035267904
419 0.1521161002687267
420 0.1529613966863238
421 0.1537122066178474
422 0.1543659813161394
423 0.1549215985471833
424 0.1553779521814949
425 0.1557343149827171
426 0.1559900522539877
427 0.1561433642689588
428 0.1561939384229679
429 0.1561424947810656
430 0.155989650258915
431 0.1557363831696434
432 0.155383973350589
433 0.1549341673097069
434 0.1543875501670528
435 0.1537501499619617
436 0.153023100347828
437 0.152209226286256
438 0.1513121296905608
439 0.1503351113178635
440 0.1492817052613901
441 0.1481542463191234
442 0.1469586257706122
443 0.1456997217694719
444 0.1443816362423469
445 0.1430094034661834
446 0.1415879870609907
447 0.1401224716517168
448 0.1386181739991119
449 0.1370805184640531
450 0.1355146745620664
451 0.1339258898321658
452 0.1323197231803392
453 0.130701689561628
454 0.1290773170031029
455 0.1274520493804081
456 0.1258304556188984
457 0.1242186959276333
458 0.1226221851156322
459 0.1210460669461001
460 0.1194956198551992
461 0.1179779681457833
462 0.1164951034839414
463 0.1150504546734025
464 0.1136489449899607
465 0.1122946448190398
466 0.1109917682826744
467 0.1097440779319024
468 0.108554896704855
469 0.107427003921404
470 0.1063635188580275
471 0.1053669322016998
472 0.1044421059234654
473 0.1035874923604409
474 0.1028053980434026
475 0.1020970174984988
476 0.1014638090920293
477 0.1009066196641185
478 0.1004254682375574
479 0.1000203707211834
480 0.0996920318912059
481 0.09943907364573694
482 0.09926106025606402
483 0.09915616577850546
484 0.09912229421662414
485 0.099158391292527
486 0.09926263837277377
487 0.09943316213090192
488 0.09966776433381852
489 0.09996291702015196
490 0.1003167267974343
491 0.100724210011469
492 0.1011841748968466
493 0.1016936610913474
494 0.1022488578426475
495 0.1028460259955575
496 0.1034811830693282
497 0.1041508872553178
498 0.1048511739618067
499 0.1055783063053004
500 0.1063279507251676
501 0.1070963081471429
502 0.1078814707854925
503 0.1086773203095123
504 0.1094795513573899
505 0.1102827098785241
506 0.1110847232872146
507 0.1118814248670003
508 0.112667860510865
509 0.1134424000478317
510 0.1142011618260937
511 0.1149411629525462
512 0.1156592570531065
513 0.1163526492731445
514 0.1170183494572056
515 0.1176539757394558
516 0.1182565413075145
517 0.1188238282611506
518 0.1193544591540624
519 0.1198452518647312
520 0.1202964364562305
521 0.120704001589065
522 0.1210673222464269
523 0.1213864870959037
524 0.1216590697701506
525 0.1218845378142168
526 0.1220628466441349
527 0.1221920193056065
528 0.1222734921470127
529 0.1223068546601337
530 0.1222931806603967
531 0.1222327813136266
532 0.1221262209130538
533 0.1219744550173791
534 0.1217785713243199
535 0.1215385842001789
536 0.1212549240834807
537 0.1209313593452327
538 0.1205696800402119
539 0.1201735619838615
540 0.1197426307496537
541 0.1192779876255059
542 0.1187823077200681
543 0.1182565268014985
544 0.1176999116731363
545 0.1171174594281183
546 0.1165115654394649
547 0.1158839263787302
548 0.1152367786995465
549 0.114572010317486
550 0.1138907428984546
551 0.1131966207820527
552 0.112492150268725
553 0.1117790253238044
554 0.1110589545657388
555 0.1103346464996109
556 0.1096081687827963
557 0.1088813014004463
558 0.1081559640730147
559 0.1074333945047711
560 0.1067156973614505
561 0.106004864564056
562 0.1053025014370096
563 0.1046099802002331
564 0.1039296326458378
565 0.1032621790412965
566 0.102608659975395
567 0.1019698848433415
568 0.1013473869317132
569 0.100742337336576
570 0.1001554776014076
571 0.09958770988187675
572 0.09903996250597918
573 0.09851292694116895
574 0.09800711270972499
575 0.09752341911964907
576 0.09706208540434448
577 0.09662304525820437
578 0.09620700622215433
579 0.09581403208530709
580 0.0954447292556822
581 0.09509989913185989
582 0.09477880171403985
583 0.09448144791587342
584 0.0942080307652025
585 0.09395823354514687
586 0.09373231781785664
587 0.09352914036035298
588 0.09334868983477621
589 0.09319077208372484
590 0.09305521486260676
591 0.09294131146763335
592 0.09284879616967265
593 0.09277645554246219
594 0.0927246276475213
595 0.09269261118567471
596 0.09267973692854298
597 0.09268450984363351
598 0.09270767571159033
599 0.09274827409496997
600 0.09280569774712105
601 0.09287972501365972
602 0.09296957129512133
603 0.09307452042946932
604 0.09319371885168765
605 0.09332631280705726
606 0.09347189399231438
607 0.09362948160512115
608 0.09379839040093577
609 0.09397752163066446
610 0.09416611034997935
611 0.09436308487697204
612 0.09456751606597352
613 0.0947786942080666
614 0.09499528794680905
615 0.0952167877323207
616 0.09544210892752536
617 0.09567038488095951
618 0.09590075600631838
619 0.09613229382109638
620 0.09636399954322469
621 0.09659484375816516
622 0.09682368537197307
623 0.09705011262416674
624 0.09727314060340164
625 0.09749147859932308
626 0.09770424677302911
627 0.09791056640956965
628 0.09811013529660714
629 0.09830214213750838
630 0.09848529081911232
631 0.09865848502974353
632 0.09882096772016615
633 0.09897247152470613
634 0.09911209971411739
635 0.09923911581534751
636 0.09935272920690304
637 0.09945230050538159
638 0.09953745442847373
639 0.09960754696552446
640 0.09966199862877793
641 0.09970072790150261
642 0.09972323324133565
643 0.09972800948462968
644 0.09971584095844842
645 0.09968680833819354
646 0.0996405789110419
647 0.09957701347436064
648 0.09949603777689156
649 0.09939771904291196
650 0.09928215216245404
651 0.09914972932606471
652 0.09900059276307738
653 0.0988350248097423
654 0.09865311149202888
655 0.09845538418077866
656 0.09824228768557765
657 0.09801434234907071
658 0.09776957743886015
659 0.09751150287976039
660 0.09724100934977518
661 0.09695878467645699
662 0.09666569197490836
663 0.09636239867177784
664 0.09604964654041857
665 0.09572837125909402
666 0.09539939608904442
667 0.09506361524324154
668 0.09472191127460226
669 0.09437515516342958
670 0.09402464605912327
671 0.09367107249753064
672 0.09331564900826204
673 0.09295958663716224
674 0.09260365492089363
675 0.0922488828609274
676 0.09189644082582121
677 0.0915473193756139
678 0.09120252189262253
679 0.09086316557971952
680 0.09053022430532079
681 0.09020470521861775
682 0.08988754187451253
683 0.08957944579613232
684 0.08928142683401483
685 0.08899423722864572
686 0.08871847721293621
687 0.08845488686557383
688 0.08820463164895191
689 0.08796827475908726
690 0.08774642481281381
691 0.08753930407220502
692 0.08734741293471521
693 0.08717097512983579
694 0.08701032248821303
695 0.08686553997270505
696 0.08673693983516394
697 0.08662435479912589
698 0.08652780136981569
699 0.08644745076315505
700 0.08638317381127736
701 0.08633450219765305
702 0.08630149327735105
703 0.08628362112109024
704 0.08628067715085569
705 0.08629207332901324
706 0.08631714628444571
707 0.08635551077984445
708 0.08640654772646282
709 0.08646951678978618
710 0.08654376697409129
711 0.08662856381373608
712 0.0867230829008125
713 0.0868263744975713
714 0.08693868551224658
715 0.08705805904874327
716 0.08718364243643043
717 0.08731441122952598
718 0.0874492088916119
719 0.08758730157253361
720 0.08772756143356253
721 0.08786910875679635
722 0.08801119669213027
723 0.0881528272624439
724 0.08829260189590664
725 0.08842977043370635
726 0.08856347047502937
727 0.08869287722680466
728 0.08881746960911048
729 0.08893605926829899
730 0.08904782701494957
731 0.08915223049300668
732 0.08924841578984268
733 0.0893358872801354
734 0.08941380980483626
735 0.0894817316082949
736 0.08953931472850397
737 0.08958604999653672
738 0.08962151360019083
739 0.08964528564132122
740 0.0896573066929523
741 0.08965708964497099
742 0.08964443125346951
743 0.0896191097893623
744 0.08958130762700713
745 0.08953090654490638
746 0.08946757068503497
747 0.08939175286618468
748 0.08930365390989446
749 0.08920344178019224
750 0.08909129725950696
751 0.08896746592173138
752 0.08883226538658189
753 0.08868600434058127
754 0.0885289277602366
755 0.08836162064259465
756 0.08818582886753903
757 0.08800078576058021
758 0.08780697105456721
759 0.08760493282024681
760 0.08739526455633689
761 0.08717873959523473
762 0.08695595824678246
763 0.08672742925759583
764 0.08649376257589997
765 0.08625570489885444
766 0.08601397227593305
767 0.08576924741748854
768 0.085522260891225
769 0.08527387468241612
770 0.08502465738272073
771 0.08477543070981394
772 0.0845267990738315
773 0.08427946445005419
774 0.08403393050565089
775 0.08379062302736884
776 0.08355031413280119
777 0.08331382067060253
778 0.08308171559365034
779 0.08285378832512937
780 0.08263110481696522
781 0.08241425713825951
782 0.08220379165910621
783 0.08200043866964246
784 0.08180395047459886
785 0.08161509408406938
786 0.08143397793581383
787 0.0812608528973591
788 0.08109601331314624
789 0.080939958130455
790 0.08079267944131888
791 0.08065443660211699
792 0.08052534145797867
793 0.08040570088448373
794 0.08029515591658067
795 0.08019378861791651
796 0.08010153431711931
797 0.08001821124207195
798 0.07994401448376615
799 0.07987870752803486
800 0.07982221038794116
801 0.07977435998631141
802 0.07973465811703864
803 0.07970418328678378
804 0.07968154159426602
805 0.07966641491455115
806 0.07965830436743603
807 0.07965676096360221
808 0.07966136825772699
809 0.07967205881211603
810 0.07968837115731133
811 0.07970966971378764
812 0.07973560354351736
813 0.07976575967025559
814 0.0797995924163845
815 0.07983670257836055
816 0.07987689142389319
817 0.07991940615761869
818 0.07996379399589244
819 0.08000949213191541
820 0.08005605883589173
821 0.08010326848820037
822 0.08015061829626524
823 0.08019751456578066
824 0.08024348086011116
825 0.08028836000747758
826 0.08033215991382421
827 0.08037418547627895
828 0.08041417587563425
829 0.08045135116677779
830 0.08048548132846513
831 0.08051612166018468
832 0.08054314759923824
833 0.08056618827021191
834 0.08058498426614807
835 0.08059912733849195
836 0.08060845185873947
837 0.08061299867384267
838 0.08061259400814146
839 0.08060692395655894
840 0.08059578487906167
841 0.08057869418540464
842 0.08055575619516819
843 0.0805268694675145
844 0.08049224371324988
845 0.08045177176525137
846 0.0804055902783392
847 0.08035353391118351
848 0.08029595249284852
849 0.08023295497357749
850 0.08016452924892557
851 0.08009043372324022
852 0.08001060157032588
853 0.07992524892062754
854 0.07983508722396643
855 0.07974018773148475
856 0.07964071322395513
857 0.07953678502008844
858 0.07942865845941786
859 0.07931663856271815
860 0.07920077749581353
861 0.07908137915286322
862 0.07895853123161206
863 0.07883247944211315
864 0.07870333163872935
865 0.07857059506488379
866 0.07843595097043009
867 0.07829976103361679
868 0.07816211828827764
869 0.07802321443382675
870 0.07788363425822586
871 0.07774309960875267
872 0.07760193981444233
873 0.07746045555998189
874 0.07731904145695914
875 0.07717781122840181
876 0.07703702151276803
877 0.07689686673304727
878 0.07675800138928245
879 0.07662064144101836
880 0.07648486734191967
881 0.07635080799381809
882 0.07621857105238168
883 0.07608813589762338
884 0.07595978030371303
885 0.07583368358342164
886 0.07571012209772858
887 0.07558925688337105
888 0.07547119222841274
889 0.07535607860117467
890 0.07524409841046922
891 0.07513561307077439
892 0.07503054355552259
893 0.07492872202536539
894 0.07483008027959825
895 0.07473480177047089
896 0.07464299631111278
897 0.07455478153894524
898 0.0744699208007818
899 0.0743886061892383
900 0.07431072742038584
901 0.07423638531468903
902 0.07416542813480109
903 0.07409812467837972
904 0.07403421988970425
905 0.07397347595268791
906 0.07391578824606269
907 0.07386117892007045
908 0.0738095662314162
909 0.07376079979870961
910 0.07371468759294803
911 0.07367036075264165
912 0.0736288196806192
913 0.07358965918474503
914 0.07355281481776869
915 0.07351826910887545
916 0.07348588176645854
917 0.07345549123856038
918 0.07342671702329506
919 0.07339926610127338
920 0.07337302657398248
921 0.07334797312001701
922 0.07332406620960001
923 0.0733011552679352
924 0.07327912705487787
925 0.07325783130650992
926 0.07323681897779732
927 0.07321604302309043
928 0.07319565698253332
929 0.07317537840053265
930 0.0731549058287055
931 0.07313359068495012
932 0.07311172886256477
933 0.07308658456175658
934 0.0730646608082671
935 0.07304166024400433
936 0.07301737413077375
937 0.07298863188399606
938 0.07296274234319668
939 0.07293166947862853
940 0.07290340387338232
941 0.07287305359885944
942 0.07283693206765385
943 0.07280326586604509
944 0.07276346771637132
945 0.07272649507341886
946 0.0726830398899596
947 0.07264231094998325
948 0.07259447316521345
949 0.07254542094469375
950 0.07249852321290355
951 0.07244454676637557
952 0.07238975651984254
953 0.0723338111206832
954 0.07227964188854155
955 0.07221870665566733
956 0.07215660600408903
957 0.07209310295932783
958 0.07202790332905368
959 0.07196414141106183
960 0.07189359383687713
961 0.07182170839301393
962 0.07174830674894397
963 0.07167691854173176
964 0.07159964901243283
965 0.07152189119983048
966 0.07144653100238281
967 0.07136531600960348
968 0.07128682051907057
969 0.07120261872403781
970 0.07112138244118497
971 0.07103442363095577
972 0.07095076421348834
973 0.07086188742811539
974 0.07077678751340764
975 0.07069046269835023
976 0.07059943977895959
977 0.0705133609296603
978 0.0704263727682822
979 0.07033508042611461
980 0.07024831806443264
981 0.0701609166110415
982 0.07006932668230592
983 0.06998260799121113
984 0.06989554565621167
985 0.0698050675753623
986 0.06971986958348045
987 0.06963509496893437
988 0.06955084479278896
989 0.06946386316385528
990 0.06938267450359592
991 0.06930201062109988
992 0.06921844882990023
993 0.06914017709211566
994 0.0690626296551622
995 0.06898259974951689
996 0.06890812137333531
997 0.068834638469947
998 0.06875882910573573
999 0.06868903200823656
1000 0.06862021820937553
1001 0.06854903711376753
1002 0.06848376841891836
1003 0.06841648456462506
1004 0.06835458238339311
1005 0.06828976548211035
1006 0.06823060591963817
1007 0.06816870053089844
1008 0.0681125404142004
1009 0.06805350607929533
1010 0.06800017670829511
1011 0.06794412622258747
1012 0.06789388468089942
1013 0.06784035600743434
1014 0.06778924080145569
1015 0.06774324008388077
1016 0.06769393216811356
1017 0.06764621964431385
1018 0.06759978925514742
1019 0.06755787357564634
1020 0.06751263292831423
1021 0.06746910925407304
1022 0.0674268814635154
1023 0.06738572500266436
1024 0.06734541174882711
1025 0.06730567744545943
1026 0.06726633277734938
1027 0.06722779680482519
1028 0.06718981203061275
1029 0.06715223590306044
1030 0.0671146823278387
1031 0.06707742270367967
1032 0.06704063208822306
1033 0.0670042609632291
1034 0.0669680225782323
1035 0.0669318234335245
1036 0.06689562629673101
1037 0.06685916367288419
1038 0.06682237523235472
1039 0.06678802184459171
1040 0.0667497988807564
1041 0.06671193837779946
1042 0.06667401863735503
1043 0.0666358191761449
1044 0.06660007116188101
1045 0.06656043817130816
1046 0.0665208698203074
1047 0.06648335048124432
1048 0.06644178539995521
1049 0.0664026040380821
1050 0.06635929535458017
1051 0.06631608476384888
1052 0.0662748924268233
1053 0.06623038873544337
1054 0.06618866184475607
1055 0.06614351514586452
1056 0.06610051408092685
1057 0.0660536508336079
1058 0.06600913769294689
1059 0.06596080204455952
1060 0.06591473456245679
1061 0.06586508976529995
1062 0.06581784093508164
1063 0.06576742089615326
1064 0.06571937944466574
1065 0.06566806687225234
1066 0.06561940316049408
1067 0.06556790972177271
1068 0.06551921091986503
1069 0.06546677346635144
1070 0.06541656017484616
1071 0.06536303124541472
1072 0.0653122976493889
1073 0.06525844693195969
1074 0.06520756748276063
1075 0.06515342340801927
1076 0.06510231299241209
1077 0.06504824315689148
1078 0.06499475293787656
1079 0.06494379469706053
1080 0.06489006090360037
1081 0.06483953917291184
1082 0.06478603208908076
1083 0.06473544887074831
1084 0.06468177873119577
1085 0.06463159151485566
1086 0.06457827696670999
1087 0.06452852645873872
1088 0.06447571980742095
1089 0.0644264277601154
1090 0.06437413811491835
1091 0.06432554175006726
1092 0.06427408707785999
1093 0.06422620094150254
1094 0.06417528593195956
1095 0.06412802034954358
1096 0.06407784761491608
1097 0.06403150711687178
1098 0.06398212641532439
1099 0.06393662035466761
1100 0.06388820105289764
1101 0.06384357054226253
1102 0.06379610160035013
1103 0.06375236584704522
1104 0.06370560846806307
1105 0.06366297259930646
1106 0.06362046029897882
1107 0.06357469034653779
1108 0.0635329043584921
1109 0.06349111971811629
1110 0.06344649816936991
1111 0.06340628997707536
1112 0.06336620867241311
1113 0.06332313531416219
1114 0.06328438600055195
1115 0.06324579749145844
1116 0.06320412477610063
1117 0.06316638625486154
1118 0.06312847113047167
1119 0.06309058515663275
1120 0.06304948206295272
1121 0.0630128463551579
1122 0.06297661672998442
1123 0.06293753973948835
1124 0.06290229833372521
1125 0.06286698908364363
1126 0.06282863751796369
1127 0.06279425178795768
1128 0.06275985379711124
1129 0.06272251681193311
1130 0.0626884737944602
1131 0.06265428809261421
1132 0.06261756291749927
1133 0.06258445684283601
1134 0.06254883995941406
1135 0.06251625641794993
1136 0.06248332510040362
1137 0.06244752297810022
1138 0.0624148193334752
1139 0.0623792152448734
1140 0.06234649433738625
1141 0.06231117968029465
1142 0.06227875269713545
1143 0.06224370560583047
1144 0.0622115090018483
1145 0.06217671466321485
1146 0.06214466821543833
1147 0.06210993065464242
1148 0.0620776120061806
1149 0.0620427853676158
1150 0.06201024364816207
1151 0.06197530236079128
1152 0.06194276090520299
1153 0.06190783782462551
1154 0.06187524858422432
1155 0.06184017832627765
1156 0.0618072954547121
1157 0.06177218265512009
1158 0.06173918039470067
1159 0.06170388381577309
1160 0.06167062978411219
1161 0.06163509862696321
1162 0.06160186233364544
1163 0.0615665493770946
1164 0.06153339518470469
1165 0.06149801611483498
1166 0.06146446834841014
1167 0.06142881876890399
1168 0.06139526900661792
1169 0.06135957734703617
1170 0.06132576179927023
1171 0.06128975896935989
1172 0.06125589518526198
1173 0.06121999895523207
1174 0.06118635359583434
1175 0.0611522426052453
1176 0.06111603107101025
1177 0.06108201911902129
1178 0.06104579076643125
1179 0.06101194240184178
1180 0.060977795036965
1181 0.06094139152067715
1182 0.06090736516411034
1183 0.0608730091189798
1184 0.06083853378393552
1185 0.06080183486492796
1186 0.06076784880620994
1187 0.06073371342060395
1188 0.0606971947339152
1189 0.06066336364730046
1190 0.06062957892652981
1191 0.06059590142149558
1192 0.06055956456550465
1193 0.06052614153780579
1194 0.06049240030433651
1195 0.06045868802036635
1196 0.06042498246135386
1197 0.0603886389799873
1198 0.06035551631600987
1199 0.0603223126730486
1200 0.06028930115522468
1201 0.06025665312898566
1202 0.0602238208507347
1203 0.06019088505386018
1204 0.06015790892306265
1205 0.06012489738431207
1206 0.06009208509618995
1207 0.06005937115013819
1208 0.06002696044193586
1209 0.05999483167901552
1210 0.05996301582905769
1211 0.05993144659924018
1212 0.05989999991048781
1213 0.0598686222175827
1214 0.05983745167442174
1215 0.05980630814887178
1216 0.05977531544002045
1217 0.05974445938597957
1218 0.05971395570520975
1219 0.05968393572163758
1220 0.05965429670530173
1221 0.05962494156324998
1222 0.05959577848816539
1223 0.05956681152388312
1224 0.05953796732214131
1225 0.05950947380799243
1226 0.05948122875514511
1227 0.05945307919285261
1228 0.05942496438647692
1229 0.05939711547990321
1230 0.05936958601737315
1231 0.05934268259346703
1232 0.05931616063001449
1233 0.05928974699171812
1234 0.05926354499571544
1235 0.05923743536934164
1236 0.059211466665472
1237 0.05918563268309779
1238 0.05916001206078257
1239 0.05913460004532661
1240 0.05910937552068556
1241 0.05908438545955484
1242 0.05905974676384744
1243 0.05903534777949331
1244 0.05901134910258884
1245 0.05898773905527707
1246 0.05896401086004144
1247 0.05894028064824874
1248 0.05891656772373627
1249 0.0588928876948652
1250 0.05886952927404809
1251 0.05884639407937965
1252 0.05882322999943166
1253 0.05880011727401607
1254 0.05877703200543239
1255 0.05875418582866535
1256 0.05873149883930973
1257 0.05870885003247069
1258 0.05868631980816996
1259 0.05866387110997697
1260 0.05864126689802119
1261 0.05861867298920209
1262 0.05859602952655199
1263 0.05857328874385643
1264 0.05855056003889148
1265 0.05852805899178253
1266 0.0585055292891167
1267 0.05848286385206552
1268 0.05846017895011803
1269 0.05843741061419517
1270 0.05841459216979824
1271 0.05839182771074632
1272 0.05836893504302397
1273 0.05834610651020789
1274 0.05832325265186881
1275 0.05830027849884999
1276 0.05827728178774927
1277 0.05825439498152017
1278 0.05823128894240579
1279 0.05820840274522133
1280 0.0581854941418546
1281 0.05816267739356056
1282 0.0581397967752245
1283 0.05811666497976547
1284 0.05809347501663233
1285 0.05807016454929397
1286 0.05804673514494008
1287 0.05802316999142512
1288 0.05799952151428349
1289 0.05797608406809886
1290 0.05795287249632362
1291 0.05792966054926475
1292 0.05790625879228491
1293 0.05788281440175886
1294 0.05785932528553699
1295 0.0578358881803822
1296 0.0578125058652815
1297 0.05778916579826913
1298 0.05776587979917279
1299 0.05774262913262983
1300 0.05771931801594042
1301 0.05769603639706365
1302 0.05767280830887486
1303 0.05764975071094484
1304 0.05762683964925364
1305 0.05760372975875779
1306 0.05758043868927193
1307 0.05755734680672402
1308 0.05753454538314053
1309 0.05751191798241056
1310 0.05748947572827763
1311 0.05746713211776088
1312 0.05744460299235719
1313 0.05742203474220462
1314 0.05739941667527462
1315 0.0573769252597524
1316 0.05735435958330586
1317 0.05733196161091927
1318 0.05730969056871412
1319 0.05728787404655149
1320 0.0572661613499547
1321 0.05724462023136694
1322 0.05722321783213193
1323 0.05720177265351722
1324 0.0571802408267559
1325 0.057158843413774
1326 0.05713764541378143
1327 0.05711651305310252
1328 0.05709543772909699
1329 0.05707446503255981
1330 0.05705344944705414
1331 0.0570326970811412
1332 0.0570122557945859
1333 0.05699201888431036
1334 0.05697194158336549
1335 0.05695210678219233
1336 0.05693239893920898
1337 0.05691276146350823
1338 0.05689327780556581
1339 0.0568740172242062
1340 0.05685504535890374
1341 0.05683634180082113
1342 0.05681782570037487
1343 0.05679960799728911
1344 0.05678162967321686
1345 0.05676401657130426
1346 0.05674636043853286
1347 0.05672888862012165
1348 0.05671171758745035
1349 0.05669476661884045
1350 0.05667787822631042
1351 0.05666131527063941
1352 0.05664483850290626
1353 0.05662853640313435
1354 0.05661227181682369
1355 0.05659620695509736
1356 0.05658020441929126
1357 0.05656445806165776
1358 0.05654897014192473
1359 0.05653373085359898
1360 0.05651862510387164
1361 0.05650349608985863
1362 0.05648824858857938
1363 0.0564730302750127
1364 0.05645783300304107
1365 0.05644269452741697
1366 0.05642775781666817
1367 0.05641309877718155
1368 0.05639840763616487
1369 0.05638385687840913
1370 0.05636940569047124
1371 0.0563552604291063
1372 0.05634107253258013
1373 0.05632677561329972
1374 0.05631246881650397
1375 0.05629806019311481
1376 0.05628374280882734
1377 0.0562698451534579
1378 0.05625606863313646
1379 0.05624241737784472
1380 0.05622869275920563
1381 0.05621502191274046
1382 0.05620132367023976
1383 0.0561874318110148
1384 0.05617341563724987
1385 0.05615800794481628
1386 0.05614421876761745
1387 0.05613061786837239
1388 0.05611731353366026
1389 0.05610420969333761
1390 0.05609101621871291
1391 0.0560777305655125
1392 0.05606415413954461
1393 0.05604936100603671
1394 0.0560359727068083
1395 0.05602239129502607
1396 0.05600879989229125
1397 0.05599521596232853
1398 0.05598029260664424
1399 0.05596717799429755
1400 0.05595411042192295
1401 0.05594087672076897
1402 0.05592599988651415
1403 0.05591262026148918
1404 0.05589916757232798
1405 0.05588576774557153
1406 0.05587229716479215
1407 0.0558573523955048
1408 0.05584405137895598
1409 0.0558306537041234
1410 0.05581590950265671
1411 0.05580256660737866
1412 0.05578901329088166
1413 0.05577410972911417
1414 0.05576063922628711
1415 0.05574740304769726
1416 0.05573276175343427
1417 0.05571951232223749
1418 0.05570614079156114
1419 0.0556914871084842
1420 0.0556780915236598
1421 0.05566352142634684
1422 0.05565039972363766
1423 0.05563580224897782
1424 0.05562255761697135
1425 0.05560801668555383
1426 0.05559476824928982
1427 0.05558048276670053
1428 0.0555662583730925
1429 0.05555330179568364
1430 0.05553897299929889
1431 0.05552473494737171
1432 0.05551044265316694
1433 0.05549634216818481
1434 0.05548342318773773
1435 0.0554696597800517
1436 0.0554561344472158
1437 0.05544279583819711
1438 0.05542951811545113
1439 0.05541618517033297
1440 0.05540292508719166
1441 0.05538965892186586
1442 0.05537658370357976
1443 0.05536346321021471
1444 0.05535048989814687
1445 0.05533775297154111
1446 0.05532527079199998
1447 0.05531291918714548
1448 0.05530063528774285
1449 0.05528825639631442
1450 0.05527574186122911
1451 0.05526315706143126
1452 0.05525061401311502
1453 0.0552382444242669
1454 0.05522591263217485
1455 0.05521384903909893
1456 0.05520199891476608
1457 0.05519032645235281
1458 0.0551787195924267
1459 0.0551672464086479
1460 0.05515571341605933
1461 0.05514413413614722
1462 0.05513237166502304
1463 0.05512061529948351
1464 0.05510906807837804
1465 0.05509772811107801
1466 0.05508653526468865
1467 0.05507549613877991
1468 0.05506461568540118
1469 0.055053790089708
1470 0.05504284860556553
1471 0.05503192066226943
1472 0.05502096538232662
1473 0.05501001720543845
1474 0.05499902781581696
1475 0.05498831760409123
1476 0.05497768004551606
1477 0.05496712265379696
1478 0.05495656617769408
1479 0.0549461910547002
1480 0.05493581183784425
1481 0.05492524167161052
1482 0.05491459969349011
1483 0.05490388073823181
1484 0.05489331507267932
1485 0.0548828862361331
1486 0.05487265251221032
1487 0.05486254734356717
1488 0.05485239554698628
1489 0.05484223833865192
1490 0.05483198192430067
1491 0.05482171578288003
1492 0.05481139028101938
1493 0.05480083415566301
1494 0.05479031305168999
1495 0.05478006537414738
1496 0.05476985335678764
1497 0.05475980730497365
1498 0.05474971057987057
1499 0.05473947280717859
1500 0.05472923524273262
1501 0.05471891094767768
1502 0.05470858751321034
1503 0.05469815260828469
1504 0.05468786387620749
1505 0.05467764590685484
1506 0.05466752135602928
1507 0.05465747322528811
1508 0.05464734422993978
1509 0.05463717219765045
1510 0.05462676321285002
1511 0.05461636119506106
1512 0.05460579981175912
1513 0.05459528883243031
1514 0.05458470926334962
1515 0.05457449529234204
1516 0.05456452861575858
1517 0.05455468436293532
1518 0.05454470497978203
1519 0.05453444937454135
1520 0.05452426731389275
1521 0.0545139182042447
1522 0.05450351566839443
1523 0.0544930811638108
1524 0.05448266527490957
1525 0.05447252605441644
1526 0.0544625641925271
1527 0.05445277765267482
1528 0.05444298602127524
1529 0.05443319663360905
1530 0.05442331781805329
1531 0.05441342553712245
1532 0.05440329170389497
1533 0.05439330845756141
1534 0.05438335919081189
1535 0.05437370644342714
1536 0.05436425499723854
1537 0.05435487983806651
1538 0.05434561707367824
1539 0.05433634918304228
1540 0.05432700784499352
1541 0.05431777568515379
1542 0.05430845882187804
1543 0.05429913553292207
1544 0.05428998518804421
1545 0.05428115158533643
1546 0.05427267668097169
1547 0.05426430129288737
1548 0.05425575316469365
1549 0.05424718748610663
1550 0.05423838967059159
1551 0.05422957813336319
1552 0.05422111694150567
1553 0.05421299110361411
1554 0.05420509992042546
1555 0.05419754572505486
1556 0.05419024581334973
1557 0.05418288057093193
1558 0.05417544528035492
1559 0.05416798993284108
1560 0.05416032325371058
1561 0.05415251859562832
1562 0.05414474697817174
1563 0.05413712691209131
1564 0.05412980303818976
1565 0.05412296127920052
1566 0.05411646906075616
1567 0.05411002900835239
1568 0.05410356877903295
1569 0.05409705665909863
1570 0.05409040487541064
1571 0.05408357547573717
1572 0.05407688167966378
1573 0.05407027989106308
1574 0.05406372415223624
1575 0.0540573116904505
1576 0.05405095543147084
1577 0.05404471141177554
1578 0.05403860033574615
1579 0.054032220822802
1580 0.05402585019886685
1581 0.05401941725542617
1582 0.05401274707630625
1583 0.05400612872910358
1584 0.05399972848247136
1585 0.05399348303342858
1586 0.05398729362995382
1587 0.05398090438440606
1588 0.05397422457476298
1589 0.05396731330298763
1590 0.05396035175514062
1591 0.05395311299003319
1592 0.05394617365196584
1593 0.05393943409817673
1594 0.0539327850929031
1595 0.0539261633300497
1596 0.05391933476690432
1597 0.05391246668060575
1598 0.05390543738908937
1599 0.05389822459016037
1600 0.05389079785454003
1601 0.05388320487051502
1602 0.05387565084861433
1603 0.05386819367482965
1604 0.05386079679767446
1605 0.05385332536870158
1606 0.05384590697127847
1607 0.05383841807217565
1608 0.05383101460376808
1609 0.05382353056584096
1610 0.05381576995702714
1611 0.05380778501398405
1612 0.05379978191189559
1613 0.05379176742340753
1614 0.05378380112206587
1615 0.05377609490264089
1616 0.05376857023776858
1617 0.05376102364674251
1618 0.05375342940894004
1619 0.05374557012695339
1620 0.05373774486165444
1621 0.05372985523816059
1622 0.05372217130696712
1623 0.05371438382375628
1624 0.05370667326793988
1625 0.05369899646063688
1626 0.05369144812234215
1627 0.05368390295952094
1628 0.05367735341980834
1629 0.05366998265079898
1630 0.05366248440491947
1631 0.05365503270981835
1632 0.05364772083007837
1633 0.05364113118749943
1634 0.05363373888534825
1635 0.05362642761760078
1636 0.05361901808592262
1637 0.05361261427329862
1638 0.05360549236994829
1639 0.05359832299028547
1640 0.05359109741129705
1641 0.05358461562160561
1642 0.05357759187329059
1643 0.05357066285196908
1644 0.05356378214580459
1645 0.05355775179594328
1646 0.05355095117355433
1647 0.05354413520768497
1648 0.05353725465553422
1649 0.05353057333923229
1650 0.05352483277440612
1651 0.05351835989262466
1652 0.05351189803638282
1653 0.05350554263260849
1654 0.05349932236989557
1655 0.05349369236905554
1656 0.05348745214286408
1657 0.05348115362302346
1658 0.05347567340526013
1659 0.05346954421398439
1660 0.05346352482165541
1661 0.05345812032899353
1662 0.05345207337271996
1663 0.05344593541540973
1664 0.05344064919335782
1665 0.0534348406623654
1666 0.05342884368281478
1667 0.05342377191140327
1668 0.05341779974608955
1669 0.05341165327800995
1670 0.05340639593245003
1671 0.0534004313320665
1672 0.05339528132202226
1673 0.05338959761036145
1674 0.05338375081715226
1675 0.05337791787255933
1676 0.05337299479077361
1677 0.05336707821292966
1678 0.05336109438320175
1679 0.05335509773792761
1680 0.05334919944878271
1681 0.0533432388534449
1682 0.0533374325305767
1683 0.05333174831106131
1684 0.05332606096803353
1685 0.05332039698603158
1686 0.05331469597333345
1687 0.05330904186765595
1688 0.05330329197656068
1689 0.05329755324612015
1690 0.0532920929807064
1691 0.05328673600025444
1692 0.05328140977881499
1693 0.05327596583084985
1694 0.05327057485551143
1695 0.0532650736497255
1696 0.05325951066791702
1697 0.05325393692854612
1698 0.05324844407132705
1699 0.05324295418468561
1700 0.05323743354978897
1701 0.05323275594859274
1702 0.05322754783853757
1703 0.05322212226831281
1704 0.05321750151388805
1705 0.05321219824931426
1706 0.05320748101242487
1707 0.05320191828104506
1708 0.0531969516348134
1709 0.05319124881235422
1710 0.05318608525193672
1711 0.05318023255724912
1712 0.05317494488527713
1713 0.05316987586428336
1714 0.05316430976078976
1715 0.05315920608061139
1716 0.05315323321685311
1717 0.05314782885925198
1718 0.05314243900537427
1719 0.053136380565817
1720 0.05313093604973286
1721 0.05312495480282239
1722 0.05311964478806876
1723 0.05311439220348723
1724 0.05310872014143697
1725 0.0531033625787851
1726 0.05309805255905352
1727 0.05309220235165196
1728 0.05308682900593058
1729 0.05308098429298609
1730 0.05307557706959507
1731 0.05306945376684236
1732 0.05306391547744784
1733 0.05305796818960496
1734 0.05305269664267982
1735 0.05304694736158848
1736 0.05304161756821407
1737 0.05303575294613087
1738 0.0530303612651655
1739 0.05302447297039316
1740 0.05301905625799259
1741 0.05301341852180073
1742 0.05300816375284269
1743 0.05300265852423767
1744 0.05299765881477895
1745 0.05299210034983988
1746 0.05298721832800611
1747 0.05298170688919953
1748 0.05297668185861987
1749 0.05297119125123986
1750 0.05296623153168478
1751 0.05296061910990199
1752 0.0529555727947928
1753 0.05295025510328578
1754 0.05294540427906767
1755 0.0529407233870973
1756 0.05293554785599355
1757 0.05293076353434636
1758 0.05292600710359922
1759 0.05292099381051224
1760 0.05291627456416843
1761 0.05291122167325577
1762 0.05290650832570373
1763 0.05290195820350246
1764 0.05289705617879678
1765 0.0528925062583491
1766 0.05288729949895903
1767 0.05288263378036435
1768 0.05287745734301032
1769 0.05287265264500443
1770 0.05286752947948439
1771 0.05286234649268169
1772 0.05285774064298567
1773 0.05285275517925687
1774 0.05284825778585531
1775 0.05284334561717051
1776 0.05283833997042988
1777 0.05283364313101527
1778 0.05282863102967923
1779 0.05282397893357416
1780 0.05281920733133027
1781 0.05281430064093446
1782 0.05280977843626206
1783 0.05280488742647223
1784 0.05280023352226787
1785 0.05279514034202208
1786 0.05278986471021748
1787 0.05278509831333374
1788 0.05277999875136991
1789 0.05277471198182281
1790 0.05276993842273155
1791 0.05276476539993227
1792 0.05275968036900317
1793 0.05275506324851956
1794 0.05274992781745895
1795 0.05274510984719284
1796 0.05273949029022028
1797 0.05273419274340133
1798 0.05272852530959268
1799 0.05272351904973005
1800 0.05271803732369117
1801 0.05271320208318996
1802 0.05270750270336411
1803 0.05270239068975752
1804 0.05269650917786058
1805 0.05269110633474911
1806 0.05268500222378243
1807 0.05267940172405275
1808 0.05267379443479352
1809 0.05266770841005828
1810 0.05266214318950357
1811 0.05265665510322872
1812 0.05265066310895099
1813 0.05264500170814
1814 0.05263939295169866
1815 0.05263286703426281
1816 0.05262698096330905
1817 0.05262032593676919
1818 0.05261417056628649
1819 0.05260810477137783
1820 0.05260164483975052
1821 0.05259569410932445
1822 0.05258929307471687
1823 0.05258331695645831
1824 0.0525767792257292
1825 0.05257079571807177
1826 0.05256412580864118
1827 0.05255789929210455
1828 0.05255171711369323
1829 0.05254486780248659
1830 0.05253841286369319
1831 0.05253174144691832
1832 0.05252567433206867
1833 0.0525190431055009
1834 0.05251292588648766
1835 0.05250618280645251
1836 0.05250010488288882
1837 0.05249350916662746
1838 0.05248728876868839
1839 0.05248061102502835
1840 0.05247445309607992
1841 0.05246790559726555
1842 0.05246178489447884
1843 0.05245516783248293
1844 0.05244843210660496
1845 0.05244217525438851
1846 0.05243542624146479
1847 0.05242858340592577
1848 0.0524224382586311
1849 0.05241591437148242
1850 0.05240974435714679
1851 0.05240328871748939
1852 0.05239719130107781
1853 0.05239082011009738
1854 0.0523842451290464
1855 0.05237822656382684
1856 0.0523715660896585
1857 0.05236486744765313
1858 0.0523585607333508
1859 0.05235195175314561
1860 0.05234531799175071
1861 0.05233878196550765
1862 0.0523324889188253
1863 0.05232591662595108
1864 0.05231928895523288
1865 0.05231328842444434
1866 0.0523068346393212
1867 0.05230024945463607
1868 0.05229412844456801
1869 0.05228751226679261
1870 0.05228078802796141
1871 0.05227446657197113
1872 0.05226805335977364
1873 0.05226149356206034
1874 0.05225456088590179
1875 0.05224815318897451
1876 0.05224146427379502
1877 0.05223479208099663
1878 0.05222808102670844
1879 0.05222142607239927
1880 0.05221460393074946
1881 0.05220788454177212
1882 0.05220107416212386
1883 0.05219436207098697
1884 0.05218768763025043
1885 0.05218085125087457
1886 0.0521738343510053
1887 0.05216697547089438
1888 0.05216008887399582
1889 0.05215339246573704
1890 0.05214688000456185
1891 0.05214038287656853
1892 0.05213393663552849
1893 0.05212735960934377
1894 0.05212067774566247
1895 0.05211381072834776
1896 0.05210671582213032
1897 0.05209944403824854
1898 0.05209238247285137
1899 0.05208559420088573
1900 0.05207898554260777
1901 0.05207247918816226
1902 0.05206600812774912
1903 0.05205953360185857
1904 0.05205290365020242
1905 0.05204609102149339
1906 0.05203909999570762
1907 0.05203194465230038
1908 0.05202480102165465
1909 0.05201767507690593
1910 0.05201079580894027
1911 0.05200405569711132
1912 0.05199751813831883
1913 0.05199099827674819
1914 0.05198416898412072
1915 0.05197741075144375
1916 0.05197056130312609
1917 0.05196357499891279
1918 0.05195635871716239
1919 0.05194915197227864
1920 0.05194201906618513
1921 0.05193514414920973
1922 0.05192853159496692
1923 0.05192189564221716
1924 0.0519151368548058
1925 0.05190817257513005
1926 0.05190111030421178
1927 0.05189400760272812
1928 0.05188692419974145
1929 0.05187974120258557
1930 0.05187241380472726
1931 0.05186523768850979
1932 0.05185811032604133
1933 0.05185077880699787
1934 0.0518434669770173
1935 0.05183628404049834
1936 0.05182897418266866
1937 0.05182149531452437
1938 0.05181402793907929
1939 0.0518063504140574
1940 0.05179874613909416
1941 0.05179110708573584
1942 0.05178339828213867
1943 0.05177561720566336
1944 0.05176788358666796
1945 0.05176002646703931
1946 0.05175210189007794
1947 0.05174405098176789
1948 0.05173619852066299
1949 0.05172836661889995
1950 0.05172044805978896
1951 0.05171244615902533
1952 0.05170406279669387
1953 0.05169580817440359
1954 0.05168737635964726
1955 0.05167900081045324
1956 0.05167054133619773
1957 0.0516620494713642
1958 0.05165346514512804
1959 0.05164488569353528
1960 0.05163647621529853
1961 0.05162801597158889
1962 0.05161956149840812
1963 0.05161100019398016
1964 0.051602154461616
1965 0.05159327387942106
1966 0.05158435771225532
1967 0.05157546816552713
1968 0.05156663900729581
1969 0.05155759209785639
1970 0.05154862863059476
1971 0.05153975109869972
1972 0.05153083957289283
1973 0.05152181864859462
1974 0.05151281518126621
1975 0.05150370309001551
1976 0.05149451159571104
1977 0.0514852510888577
1978 0.05147603832783905
1979 0.05146703316675769
1980 0.05145806322882859
1981 0.05144888186371985
1982 0.05143981369387655
1983 0.05143081385270648
1984 0.05142176914234299
1985 0.05141252593145672
1986 0.05140316965555217
1987 0.05139379332530873
1988 0.05138446139586797
1989 0.05137520284493833
1990 0.05136589805019259
1991 0.05135675392124321
1992 0.05134762999690588
1993 0.05133834893946192
1994 0.05132903912919135
1995 0.05131971689769977
1996 0.051310477813622
1997 0.05130115000519767
1998 0.05129170271934821
1999 0.05128229397371448
2000 0.05127305742076545
2001 0.0512636462743653
2002 0.05125416961367013
2003 0.05124480631653269
2004 0.05123526873508668
2005 0.05122560351575164
2006 0.05121594442216664
2007 0.0512063325661645
2008 0.05119659368189072
2009 0.05118677555290099
2010 0.05117704144841236
2011 0.0511673228508974
2012 0.05115766539677715
2013 0.05114795701391485
2014 0.05113803793699294
2015 0.05112807626217365
2016 0.05111797609264729
2017 0.05110775887319072
2018 0.05109744931063154
2019 0.05108716066610922
2020 0.05107694600651224
2021 0.05106678848833045
2022 0.05105626165145884
2023 0.05104583439835731
2024 0.0510354990706151
2025 0.05102515166661728
2026 0.05101482574175167
2027 0.05100418822960664
2028 0.050993395656517
2029 0.05098242487163605
2030 0.05097146025882452
2031 0.0509607604030553
2032 0.05094991189640533
2033 0.05093900275513662
2034 0.05092822104519904
2035 0.05091730903371335
2036 0.05090638163196538
2037 0.05089551167436243
2038 0.05088449678739785
2039 0.05087359645822991
2040 0.05086239756523439
2041 0.05085120100786428
2042 0.05084024292413804
2043 0.05082906446116382
2044 0.05081783398313707
2045 0.05080656136060899
2046 0.05079521632875607
2047 0.05078376631974783
2048 0.05077263239410012
2049 0.0507616360577417
2050 0.05075024588421351
2051 0.05073882825488006
2052 0.05072754553421783
2053 0.05071617269553941
2054 0.05070501339698683
2055 0.05069381354867759
2056 0.05068267253471078
2057 0.05067145477331982
2058 0.0506603058154106
2059 0.05064915973428513
2060 0.05063792117037096
2061 0.05062654497849613
2062 0.05061513841313942
2063 0.05060366326006787
2064 0.05059224882562684
2065 0.05058087606590171
2066 0.05056941626090396
2067 0.05055809108728736
2068 0.05054688178980851
2069 0.05053558603208997
2070 0.05052432252658486
2071 0.05051306951942444
2072 0.05050163450718714
2073 0.05049016413749781
2074 0.05047873605904629
2075 0.05046726906497641
2076 0.05045578146584601
2077 0.05044421914563255
2078 0.05043274990893368
2079 0.05042129008073351
2080 0.05040995361115085
2081 0.0503983924985518
2082 0.05038678929305604
2083 0.05037521079298082
2084 0.05036368188172827
2085 0.05035205001649278
2086 0.05034041687472529
2087 0.05032875468877864
2088 0.05031705153942487
2089 0.05030530142092322
2090 0.05029369513521514
2091 0.05028199871612644
2092 0.05027025181632031
2093 0.05025844086290069
2094 0.05024650190822001
2095 0.05023458126890019
2096 0.0502227604567075
2097 0.05021069712825309
2098 0.05019885146900202
2099 0.05018686538792313
2100 0.05017474084428065
2101 0.05016251062406592
2102 0.05015034334613713
2103 0.05013809849912272
2104 0.0501259792229285
2105 0.05011373200159178
2106 0.05010156681789896
2107 0.05008928222300298
2108 0.05007716669855207
2109 0.05006483381515228
2110 0.05005259123212479
2111 0.05004031612740377
2112 0.05002804418599485
2113 0.0500154093712452
2114 0.05000282474076517
2115 0.04999020425077525
2116 0.04997760746015249
2117 0.04996497396912004
2118 0.0499523968251053
2119 0.04993981492049069
2120 0.04992717704861021
2121 0.04991437477793086
2122 0.04990167239145767
2123 0.04988889904150714
2124 0.0498761439243444
2125 0.04986322020120079
2126 0.04985038239809469
2127 0.04983739726684651
2128 0.04982444721917916
2129 0.04981133910242475
2130 0.04979816561567089
2131 0.04978485129893367
2132 0.0497716573034275
2133 0.04975808106497616
2134 0.04974464023250754
2135 0.04973134997423668
2136 0.04971813903986497
2137 0.04970492199265236
2138 0.04969169061825091
2139 0.04967835023898933
2140 0.04966503105988479
2141 0.04965149296556797
2142 0.04963779649645049
2143 0.04962383371394132
2144 0.04960998627788001
2145 0.04959612201912944
2146 0.04958243514737749
2147 0.04956877138241587
2148 0.04955509927257503
2149 0.04954112655738358
2150 0.04952727406582415
2151 0.049513254796183
2152 0.04949932705293811
2153 0.04948523824716921
2154 0.04947121783884052
2155 0.04945707219590702
2156 0.04944317588993447
2157 0.04942925499085591
2158 0.04941530595240791
2159 0.04940103431441725
2160 0.04938685891004103
2161 0.04937253520496696
2162 0.04935828003794974
2163 0.04934397627730223
2164 0.04932969842521025
2165 0.04931509819705763
2166 0.04930060995937609
2167 0.04928631548210416
2168 0.0492721108253156
2169 0.04925782600444691
2170 0.04924363124212278
2171 0.04922929129171328
2172 0.04921488332647359
2173 0.04920043226934502
2174 0.04918591630883829
2175 0.04917119375070875
2176 0.04915653776908176
2177 0.04914176127807622
2178 0.04912794641989791
2179 0.04911346721950709
2180 0.04909877241207991
2181 0.04908402353920604
2182 0.04906929396704467
2183 0.04905460407143677
2184 0.04904007771270635
2185 0.04902550543543444
2186 0.04901104631349898
2187 0.04899638758424765
2188 0.04898169670900176
2189 0.04896680456739692
2190 0.0489519744802633
2191 0.04893708948980491
2192 0.0489223053512225
2193 0.04890757217635508
2194 0.04889295161368342
2195 0.04887809526533626
2196 0.04886339455537998
2197 0.04884857423976666
2198 0.04883388764038218
2199 0.04881907513872362
2200 0.04880444080974535
2201 0.04878971431367814
2202 0.0487750545399696
2203 0.04876035428592437
2204 0.04874553763566396
2205 0.04873065972097067
2206 0.04871593011957455
2207 0.04870098288302299
2208 0.04868621470212854
2209 0.04867151531796417
2210 0.04865663620194632
2211 0.04864155866093457
2212 0.04862675873780729
2213 0.04861200542391383
2214 0.04859754829105156
2215 0.04858297769492081
2216 0.04856851645072125
2217 0.04855392627262327
2218 0.04853937266587205
2219 0.04852452998607779
2220 0.04850961284644419
2221 0.04849451936064963
2222 0.04847963431412883
2223 0.04846482796102229
2224 0.04845032343647576
2225 0.0484355602417673
2226 0.04842089467624919
2227 0.0484062294952271
2228 0.04839172979702029
2229 0.04837707753175655
2230 0.04836241670115036
2231 0.04834771396934887
2232 0.04833289023618304
2233 0.04831801746413703
2234 0.04830320651528112
2235 0.04828823201643285
2236 0.048273463259239
2237 0.04825878209366425
2238 0.04824423390910149
2239 0.04822950664393012
2240 0.04821456617119915
2241 0.04819954275838687
2242 0.04818471857319575
2243 0.04816982447293174
2244 0.04815502588917749
2245 0.04814015034827302
2246 0.04812528705176281
2247 0.04811032806732969
2248 0.04809551363661575
2249 0.04808027011630779
2250 0.04806520709359321
2251 0.04804997600162832
2252 0.04803495378318703
2253 0.04801985690023473
2254 0.04800485737990536
2255 0.04798954088079312
2256 0.0479743398359327
2257 0.04795908009824251
2258 0.0479438861357838
2259 0.04792850151815874
2260 0.04791309855778682
2261 0.04789755080983913
2262 0.04788194885964384
2263 0.04786607082559834
2264 0.04785016607375461
2265 0.04783428576057492
2266 0.04781851344283347
2267 0.04780275832725211
2268 0.04778707665521354
2269 0.04777119321106212
2270 0.04775512562743497
2271 0.04773892699782237
2272 0.04772291045306498
2273 0.04770685659442594
2274 0.04769084733241129
2275 0.04767473655842511
2276 0.04765852027828754
2277 0.0476421305137578
2278 0.047625693571471
2279 0.04760914048257862
2280 0.04759256488369142
2281 0.04757601279328997
2282 0.04755944851399638
2283 0.04754312427442346
2284 0.04752692165876483
2285 0.04751047203087473
2286 0.0474938626870503
2287 0.04747707651969647
2288 0.04746053477262427
2289 0.0474439334204663
2290 0.04742739540523025
2291 0.04741078031334398
2292 0.04739414123696195
2293 0.04737748073640503
2294 0.04736088753232149
2295 0.04734428065232594
2296 0.0473277405158341
2297 0.04731102504270957
2298 0.04729446426133666
2299 0.04727786949837065
2300 0.04726136808244179
2301 0.04724462931369242
2302 0.04722800716967788
2303 0.047211366367519
2304 0.04719471612809093
2305 0.04717830452693021
2306 0.04716218951519
2307 0.04714596093071066
2308 0.04712969862261282
2309 0.04711318848775294
2310 0.04709648945563042
2311 0.04707969229770682
2312 0.04706307028671598
2313 0.04704635946938155
2314 0.04703006928476271
2315 0.04701391401308517
2316 0.04699775799419953
2317 0.04698137222577283
2318 0.04696505115617245
2319 0.04694856029897256
2320 0.04693210581823532
2321 0.04691563001878633
2322 0.04689913549258077
2323 0.04688268879738176
2324 0.04686644497104438
2325 0.04684999017095987
2326 0.04683344581847697
2327 0.04681684417451659
2328 0.04680052443022563
2329 0.04678422519267795
2330 0.04676793599154303
2331 0.04675153928607995
2332 0.04673513008329406
2333 0.04671855814793572
2334 0.0467018962778363
2335 0.04668519110960413
2336 0.04666857087752715
2337 0.04665185700056899
2338 0.04663501383213888
2339 0.04661804605688587
2340 0.04660119121990115
2341 0.04658454994186865
2342 0.0465681375002483
2343 0.04655150261832198
2344 0.04653480110562285
2345 0.04651789823744601
2346 0.04650107817928653
2347 0.0464840932904579
2348 0.04646733264747975
2349 0.04645046226800406
2350 0.04643361650657552
2351 0.04641651726844061
2352 0.04639943878559232
2353 0.04638236240047682
2354 0.04636540048954085
2355 0.04634838100127644
2356 0.04633144820818506
2357 0.04631452538860099
2358 0.04629745831961162
2359 0.04628040789616961
2360 0.04626328415364966
2361 0.04624639973072404
2362 0.04622940445475061
2363 0.04621236697792065
2364 0.04619536327753932
2365 0.04617818362874646
2366 0.04616114592780853
2367 0.04614411670029133
2368 0.04612725460098197
2369 0.04611026625960078
2370 0.04609323242500013
2371 0.04607622174868904
2372 0.04605924095455996
2373 0.04604229651155281
2374 0.0460254696656136
2375 0.04600856557805698
2376 0.04599147033477212
2377 0.04597448319286081
2378 0.04595754030353458
2379 0.04594066170871419
2380 0.04592421505313452
2381 0.0459076969128934
2382 0.04589127302874713
2383 0.0458747496122888
2384 0.04585827421517825
2385 0.04584176012713974
2386 0.0458251190927817
2387 0.04580842520180631
2388 0.04579175621903883
2389 0.04577505092865598
2390 0.04575849284702054
2391 0.04574189737436316
2392 0.04572570181670877
2393 0.04570954699038148
2394 0.04569332651053886
2395 0.04567699038607725
2396 0.04566061130696257
2397 0.04564412999308237
2398 0.04562766919607459
2399 0.04561136975534468
2400 0.04559499543616093
2401 0.04557867187706032
2402 0.04556241588977917
2403 0.04554622480275011
2404 0.04553007793106038
2405 0.04551421307892008
2406 0.04549827515430191
2407 0.0454823282050681
2408 0.0454662254032893
2409 0.04545009812733721
2410 0.04543396773484874
2411 0.04541787641328514
2412 0.04540189804359202
2413 0.04538589027276374
2414 0.04536995392322823
2415 0.0453540262884708
2416 0.04533793685927358
2417 0.04532187346402831
2418 0.04530605606098835
2419 0.04529029679952823
2420 0.04527457996661356
2421 0.04525875990784818
2422 0.04524291595607668
2423 0.04522707634730631
2424 0.04521135336412583
2425 0.04519549508057055
2426 0.04517976912497584
2427 0.04516401427472888
2428 0.04514818448574479
2429 0.04513236630512641
2430 0.04511661645293134
2431 0.04510079314401085
2432 0.04508514414221099
2433 0.04506965498035394
2434 0.04505412604965255
2435 0.04503846641286109
2436 0.04502266301733991
2437 0.04500686074002955
2438 0.04499102471962456
2439 0.0449752255753774
2440 0.04495951728867185
2441 0.04494383525054804
2442 0.04492789776735468
2443 0.04491217864221354
2444 0.04489667410974445
2445 0.04488126263183741
2446 0.04486581568264809
2447 0.04485007081404306
2448 0.04483438568567454
2449 0.04481875533932097
2450 0.0448032041560776
2451 0.04478769626496387
2452 0.04477213710870485
2453 0.04475643125430872
2454 0.04474068969028916
2455 0.04472487348661992
2456 0.04470912891622442
2457 0.04469355540454803
2458 0.04467805733247306
2459 0.04466266436141576
2460 0.04464724922168225
2461 0.04463183666105434
2462 0.04461641538836066
2463 0.04460095137218603
2464 0.04458539650461836
2465 0.04456963453970243
2466 0.04455365683719941
2467 0.04453767664261808
2468 0.04452185740264728
2469 0.04450636031129839
2470 0.04449106536420384
2471 0.04447585866782396
2472 0.04446047595843395
2473 0.04444485708009204
2474 0.04442915334695823
2475 0.04441355021768739
2476 0.0443978450094585
2477 0.04438198798679469
2478 0.0443658890795415
2479 0.04434982551394322
2480 0.0443338731297734
2481 0.04431848533302126
2482 0.04430338251996108
2483 0.04428806390944768
2484 0.04427254259225425
2485 0.04425726831786109
2486 0.0442419418081797
2487 0.04422664031359175
2488 0.0442112846317798
2489 0.04419583630024791
2490 0.04418022850652574
2491 0.04416464328887717
2492 0.04414904881679126
2493 0.04413352399012836
2494 0.04411843971046634
2495 0.04410340191360509
2496 0.04408823909217449
2497 0.0440727651022969
2498 0.04405729561631471
2499 0.04404194965680304
2500 0.04402679994414067
2501 0.04401171971364877
2502 0.04399650981346882
2503 0.0439813171407979
2504 0.04396597209126345
2505 0.04395081156500649
2506 0.0439358454305443
2507 0.04392100413422407
2508 0.0439062210251014
2509 0.04389143961434524
2510 0.04387670285610242
2511 0.04386193323127163
2512 0.04384703586571759
2513 0.04383205300165741
2514 0.04381706356510973
2515 0.0438023055551791
2516 0.04378774119727585
2517 0.04377337936929267
2518 0.04375888368326674
2519 0.04374425968869839
2520 0.04372987503882402
2521 0.04371575562545559
2522 0.04370166659555983
2523 0.04368750261225114
2524 0.04367326747199885
2525 0.0436589487504598
2526 0.04364478751891989
2527 0.04363070094129469
2528 0.0436167608471822
2529 0.04360279363026137
2530 0.04358880126788371
2531 0.04357477350387517
2532 0.04356092400898021
2533 0.04354743206834937
2534 0.0435337296997397
2535 0.04352006383660856
2536 0.04350647214095979
2537 0.04349290096366579
2538 0.04347939370588869
2539 0.04346614006302484
2540 0.04345295997474477
2541 0.04343973246380579
2542 0.04342626836860172
2543 0.04341253603696135
2544 0.04339873972893037
2545 0.04338527382882969
2546 0.04337200755712316
2547 0.04335873390904588
2548 0.04334549760089406
2549 0.04333262235868642
2550 0.04331980524870377
2551 0.0433067162471653
2552 0.04329343537772632
2553 0.04328008435185843
2554 0.04326654255359217
2555 0.04325310850399458
2556 0.04323945571075677
2557 0.04322602484493433
2558 0.04321280766991549
2559 0.04319986964552295
2560 0.04318693733287682
2561 0.04317399420686085
2562 0.0431608596007012
2563 0.04314765762438545
2564 0.0431343199913024
2565 0.04312083004824864
2566 0.04310722258321982
2567 0.04309367714650339
2568 0.04308021328681142
2569 0.04306704737419468
2570 0.04305409295011724
2571 0.04304104157327577
2572 0.0430278681654305
2573 0.04301462364496358
2574 0.0430010929230964
2575 0.04298755649732429
2576 0.04297409241758449
2577 0.04296047366785602
2578 0.04294666667365606
2579 0.04293286924194154
2580 0.04291947643542632
2581 0.04290658330322609
2582 0.04289368186149873
2583 0.04288047125321614
2584 0.0428669672492257
2585 0.04285332855869397
2586 0.0428398275304211
2587 0.04282633911719869
2588 0.04281304697839324
2589 0.04279973490434744
2590 0.04278632323941977
2591 0.04277284795771246
2592 0.04275948818868994
2593 0.04274620008203459
2594 0.04273319766959594
2595 0.04272025832685439
2596 0.04270726314590079
2597 0.04269414064542316
2598 0.04268098899611308
2599 0.04266785473848282
2600 0.04265450985611291
2601 0.04264115644016773
2602 0.04262789990325571
2603 0.04261484129931393
2604 0.04260187089667809
2605 0.04258911568784677
2606 0.04257659988981129
2607 0.04256399942202699
2608 0.04255132445753708
2609 0.04253872404367486
2610 0.0425261255921364
2611 0.0425135310055664
2612 0.04250100337360976
2613 0.04248841449985081
2614 0.04247584555609572
2615 0.04246313036043493
2616 0.0424504320529915
2617 0.04243799239956576
2618 0.04242577579296838
2619 0.04241372457088294
2620 0.04240169767346585
2621 0.04238969317408631
2622 0.04237753900265087
2623 0.04236530918157015
2624 0.04235302721371774
2625 0.04234088445562878
2626 0.04232864906074199
2627 0.04231633678269098
2628 0.04230405261881538
2629 0.04229192983770561
2630 0.04228016068773247
2631 0.04226850353057082
2632 0.04225666367281027
2633 0.04224463714358295
2634 0.0422325183899722
2635 0.04222056093620061
2636 0.04220876315745917
2637 0.04219715059719933
2638 0.0421855078868532
2639 0.04217374076743646
2640 0.04216184967702394
2641 0.04214993291098577
2642 0.04213829402875218
2643 0.04212676884244645
2644 0.04211524893318082
2645 0.04210379679714719
2646 0.04209237924894042
2647 0.04208102763148897
2648 0.04206976668737929
2649 0.04205847443772769
2650 0.04204720539183055
2651 0.04203576505148772
2652 0.04202432262965868
2653 0.0420126955102418
2654 0.04200152677098718
2655 0.04199046768621649
2656 0.04197945560123206
2657 0.04196854380852889
2658 0.04195777386891406
2659 0.04194696530386907
2660 0.04193629900006983
2661 0.0419256205874942
2662 0.04191452951836935
2663 0.04190335645763924
2664 0.04189231700280732
2665 0.04188171403580535
2666 0.04187146827154072
2667 0.04186135929699318
2668 0.0418512506379798
2669 0.04184099592134388
2670 0.04183065132668699
2671 0.04182017706532557
2672 0.04180971545432106
2673 0.04179913094662203
2674 0.04178857098278195
2675 0.04177803568920071
2676 0.0417677435035105
2677 0.04175771137414983
2678 0.04174813820608814
2679 0.04173862073445146
2680 0.04172892514805084
2681 0.04171903161781335
2682 0.04170912568011875
2683 0.04169909550162966
2684 0.04168910245991461
2685 0.04167921204011962
2686 0.04166938535147554
2687 0.04165965480328977
2688 0.04164988480461903
2689 0.04163987729758336
2690 0.04162981566981483
2691 0.04162017528160824
2692 0.04161070420654289
2693 0.04160125620579312
2694 0.04159172291176588
2695 0.04158223981680748
2696 0.0415726788276469
2697 0.04156320133808868
2698 0.04155372487890208
2699 0.0415440449780034
2700 0.04153418971748681
2701 0.04152430033397155
2702 0.04151447297741139
2703 0.04150485847850909
2704 0.0414953413580236
2705 0.04148592547943712
2706 0.04147624808651975
2707 0.04146677634020403
2708 0.04145735635354076
2709 0.04144767199548064
2710 0.04143818612423999
2711 0.04142840577186213
2712 0.04141854306363967
2713 0.04140873474224951
2714 0.04139915654411439
2715 0.04138985898118242
2716 0.04138077354041372
2717 0.04137138356522294
2718 0.0413617689711288
2719 0.04135222846603408
2720 0.04134293269649254
2721 0.04133373837203715
2722 0.04132459907724351
2723 0.04131533449930526
2724 0.04130589566575783
2725 0.04129630732302232
2726 0.04128691275234921
2727 0.04127772457724745
2728 0.04126856027829987
2729 0.04125934584820694
2730 0.04125014833660867
2731 0.04124094541249471
2732 0.04123172391053311
2733 0.04122242534542266
2734 0.04121287490136667
2735 0.04120326816924287
2736 0.0411936390989955
2737 0.04118451364785312
2738 0.04117543619364039
2739 0.04116671725165297
2740 0.0411578505397875
2741 0.04114875858719283
2742 0.04113958264833407
2743 0.04113027792047146
2744 0.04112083215261089
2745 0.04111132287604045
2746 0.04110195370920078
2747 0.04109308873204864
2748 0.04108429225722372
2749 0.04107542509479704
2750 0.04106641789091726
2751 0.04105763927499944
2752 0.04104899383524439
2753 0.04104054877867617
2754 0.04103211742239497
2755 0.04102364411684795
2756 0.04101537502312457
2757 0.04100708827314858
2758 0.04099891464223488
2759 0.04099073158135368
2760 0.04098271333338752
2761 0.040974481386025
2762 0.04096626135354504
2763 0.04095829010386079
2764 0.04095041464558642
2765 0.04094268645094336
2766 0.04093500304211915
2767 0.04092710372352355
2768 0.04091909829019034
2769 0.04091124096167131
2770 0.04090338296529816
2771 0.04089545429149709
2772 0.04088765374154283
2773 0.04088010397602566
2774 0.04087269832147251
2775 0.04086536457490057
2776 0.0408577116539319
2777 0.04085008833358123
2778 0.04084301243402989
2779 0.04083607685052486
2780 0.0408291312584369
2781 0.04082207501433512
2782 0.04081505210960675
2783 0.04080785795832842
2784 0.04080083100302849
2785 0.04079384063915739
2786 0.04078689012474496
2787 0.04078010136225962
2788 0.04077314942283195
2789 0.04076602092480691
2790 0.04075899956036701
2791 0.04075213162965521
2792 0.04074565866432366
2793 0.04073943334280017
2794 0.04073315926159573
2795 0.04072661090730648
2796 0.04071981177708525
2797 0.04071301272651929
2798 0.04070607316202061
2799 0.04069922334378723
2800 0.040692418009807
2801 0.04068581192472769
2802 0.04067940955029845
2803 0.04067306064778894
2804 0.04066668623628891
2805 0.0406602646234456
2806 0.04065382196866412
2807 0.0406473143298477
2808 0.0406406355783042
2809 0.04063400502460094
2810 0.04062751725174213
2811 0.04062108994485579
2812 0.04061470707039947
2813 0.04060824314950845
2814 0.04060173238691579
2815 0.04059551248018795
2816 0.04058956413459625
2817 0.04058346210179489
2818 0.04057733138726243
2819 0.040571080149175
2820 0.04056455016093368
2821 0.04055816892092069
2822 0.04055181631501768
2823 0.04054550472892726
2824 0.0405392643440788
2825 0.04053329575877596
2826 0.04052722412847503
2827 0.04052128343908051
2828 0.04051533733868717
2829 0.04050932169510094
2830 0.04050314495276562
2831 0.04049687430824309
2832 0.04049074556496077
2833 0.04048447053967937
2834 0.04047819437534211
2835 0.04047215204365964
2836 0.04046624427291626
2837 0.04046057307385235
2838 0.04045483261717327
2839 0.04044907944787116
2840 0.04044310711971819
2841 0.04043703791950413
2842 0.04043126131250684
2843 0.0404255792239362
2844 0.04041994290575689
2845 0.04041400940517989
2846 0.04040808218497122
2847 0.04040216494149854
2848 0.04039611274837117
2849 0.04039004096511621
2850 0.0403840487653722
2851 0.0403783066192439
2852 0.04037273792110592
2853 0.04036743114993038
2854 0.04036212413640389
2855 0.04035696332904927
2856 0.04035140386334934
2857 0.04034574331590191
2858 0.04034026349091694
2859 0.0403347802250727
2860 0.04032923905633771
2861 0.04032379626170474
2862 0.04031845194230988
2863 0.04031326180597928
2864 0.04030814637902535
2865 0.04030310151882372
2866 0.04029796710218841
2867 0.04029292803141259
2868 0.04028777252138556
2869 0.04028288745667827
2870 0.04027810149114938
2871 0.04027318844964502
2872 0.04026810413152725
2873 0.04026305499978694
2874 0.04025835824429118
2875 0.04025403820489549
2876 0.04024984313785927
2877 0.040245598031043
2878 0.04024114094540247
2879 0.0402364995794924
2880 0.04023189335810055
2881 0.04022737038669227
2882 0.04022320667356936
2883 0.04021935850902253
2884 0.04021573438210928
2885 0.04021201571448618
2886 0.04020811391165931
2887 0.04020402000466028
2888 0.04019995161228243
2889 0.04019614716506592
2890 0.04019243189671082
2891 0.04018877833972065
2892 0.04018524583706834
2893 0.04018190673972107
2894 0.04017865903686815
2895 0.04017551466416806
2896 0.04017242415274828
2897 0.04016907492826029
2898 0.04016553149631201
2899 0.04016201200240741
2900 0.04015873362866253
2901 0.04015580320273201
2902 0.0401530918641663
2903 0.04015048826023936
2904 0.04014759533376975
2905 0.04014489356661638
2906 0.04014225048295608
2907 0.0401397499311892
2908 0.0401372485215639
2909 0.04013450800089489
2910 0.04013183171192454
2911 0.0401292707025861
2912 0.04012692302245975
2913 0.04012484590028933
2914 0.04012304670769162
2915 0.04012112532216065
2916 0.04011902426703559
2917 0.04011695935207398
2918 0.04011481813995019
2919 0.04011258976279541
2920 0.04011061347359304
2921 0.04010864923383467
2922 0.04010690386254529
2923 0.04010528057658776
2924 0.04010368097382938
2925 0.04010180246631779
2926 0.04010028123184098
2927 0.0400988177687658
2928 0.04009744659718865
2929 0.04009614914111553
2930 0.04009504096512313
2931 0.04009376783262858
2932 0.04009238534986386
2933 0.04009093161111914
2934 0.04008928177179707
2935 0.04008768456086872
2936 0.04008626692160173
2937 0.04008503068896576
2938 0.04008394020094711
2939 0.04008290541886347
2940 0.04008204359041561
2941 0.04008132713804631
2942 0.04008056318721515
2943 0.04007979171809495
2944 0.04007908387119705
2945 0.04007826870595981
2946 0.04007704187743026
2947 0.0400756528406833
2948 0.0400742372090241
2949 0.04007330028121988
2950 0.04007284846809753
2951 0.04007241058525542
2952 0.04007175831925742
2953 0.04007100848383527
2954 0.04007041466396059
2955 0.04006987257501357
2956 0.04006934466176114
2957 0.04006862863680828
2958 0.04006774534561957
2959 0.0400668057591412
2960 0.04006589538001611
2961 0.0400649896004985
2962 0.04006412874242785
2963 0.04006363306629914
2964 0.04006324798926431
2965 0.04006330831775438
2966 0.04006311610245913
2967 0.04006276668343245
2968 0.04006226966512309
2969 0.04006159954724813
2970 0.04006079668149738
2971 0.04006018262275585
2972 0.04005972411892509
2973 0.04005946772442346
2974 0.04005941973747362
2975 0.04005960662853868
2976 0.04005992848857583
2977 0.04005986299150641
2978 0.04005960451614798
2979 0.04005956525790201
2980 0.04005987777203073
2981 0.04006008971175375
2982 0.04006036152698412
2983 0.04006061889181688
2984 0.04006092579789262
2985 0.04006107506718035
2986 0.04006150622390018
2987 0.04006219473386254
2988 0.04006281634875197
2989 0.04006381420555617
2990 0.04006474660207107
2991 0.04006568000799187
2992 0.04006658199326327
2993 0.04006766857965673
2994 0.04006898364586264
2995 0.04007033698017673
2996 0.04007172477349368
2997 0.04007292210678064
2998 0.04007415827052251
2999 0.04007530631780768
3000 0.04007658407181494
