"drag-rfile"
"Iteration" "drag"
("Iteration" "drag")
1 0.9370602085722357
2 1.177058174485452
3 1.352536177103334
4 1.430315266103228
5 1.447679237676065
6 1.418200483142522
7 1.349953622722043
8 1.246014794249539
9 1.111722204518166
10 0.9910020655270621
11 0.9024561955706233
12 0.8245724446767798
13 0.7468892612025214
14 0.6664711214515686
15 0.5974891655421243
16 0.5352950166259752
17 0.4769374736316235
18 0.4248236534350425
19 0.3774487922513369
20 0.3342109856787544
21 0.2941568053087862
22 0.2569709833673287
23 0.220666455027624
24 0.1862333560974239
25 0.1534990935703521
26 0.1222955752431059
27 0.09263449726231293
28 0.06478271010671122
29 0.03853447863085899
30 0.01408895485517376
31 -0.007982052332411019
32 -0.02809783685443316
33 -0.04605793964019696
34 -0.06197789613991712
35 -0.07585154307967812
36 -0.08759901875609436
37 -0.09718469650869847
38 -0.1046733026489066
39 -0.1101344140855203
40 -0.1136428898476914
41 -0.1152937130919854
42 -0.11519303965255
43 -0.1134737066149353
44 -0.1102829372164193
45 -0.1057965407695785
46 -0.100192411867708
47 -0.09360814342634345
48 -0.08623547316817497
49 -0.07823534965918921
50 -0.06976891725685619
51 -0.0609867846801597
52 -0.05207842124190877
53 -0.04310910304017569
54 -0.03424026198795407
55 -0.02557613221175098
56 -0.0172223525807876
57 -0.009258325549965285
58 -0.001765223443584733
59 0.005196323508952829
60 0.0115895413138181
61 0.01738628247933451
62 0.02253487124140598
63 0.02706028193900488
64 0.0309604616745854
65 0.03424813069448714
66 0.0369302540462976
67 0.03927414003565683
68 0.04083357307000254
69 0.04220363442094652
70 0.04279150646690915
71 0.04333504078710924
72 0.04314819926470705
73 0.04303437833919679
74 0.04227934510347101
75 0.04170269180831812
76 0.04060444810288379
77 0.03974384831479054
78 0.03876922191416378
79 0.03744500151240546
80 0.03643388264230909
81 0.03542602917017535
82 0.03424135422434324
83 0.03335439026304155
84 0.03240996808819004
85 0.03173265972602841
86 0.03109949783554122
87 0.0307056942903871
88 0.0304363781316529
89 0.03034034370526142
90 0.03037256834385162
91 0.03061974311382606
92 0.03103420069454556
93 0.03160275471100389
94 0.03217895288280509
95 0.0330098099660438
96 0.03394741322107522
97 0.03482130436066746
98 0.03592217011478008
99 0.03692711504265093
100 0.03814254897750811
101 0.03922332359036966
102 0.04031731024372389
103 0.04140756118205435
104 0.04261233939747366
105 0.04364453667078619
106 0.04463103883878181
107 0.04555800602812934
108 0.04641317294130477
109 0.04725819038911865
110 0.04793154313384395
111 0.04850139384290781
112 0.04898601843145885
113 0.04932575903296345
114 0.04953364562198438
115 0.04962142035638955
116 0.0495390270297139
117 0.04931884793249147
118 0.04896040593190985
119 0.04855086761211561
120 0.04791678118242596
121 0.04716528811140894
122 0.04630154437842721
123 0.04545758908421657
124 0.04437500122399347
125 0.04321087350248268
126 0.04211618083610384
127 0.04079801663320192
128 0.03958194454718135
129 0.03815777548893486
130 0.03685737199849905
131 0.03552368230101756
132 0.03401161769495245
133 0.03265394865276344
134 0.03128835504453583
135 0.02992528972853492
136 0.02857370835996542
137 0.02724049655385174
138 0.02593517306570385
139 0.02466348611983709
140 0.02343218326681885
141 0.0222471324141806
142 0.02100839477295
143 0.01994028825710821
144 0.01893043017769601
145 0.01798343463757221
146 0.01710119290790686
147 0.01628534367261814
148 0.01549191224986341
149 0.01481478497567087
150 0.0142052382684514
151 0.01366382087766562
152 0.01317477855460509
153 0.01275955026984296
154 0.01240678483662676
155 0.01211503703017542
156 0.01189805677004203
157 0.01172243439759511
158 0.01160018098100865
159 0.01152739954196628
160 0.01150262511643894
161 0.0115567584915484
162 0.01162890031046293
163 0.01174062032558772
164 0.01188791856062647
165 0.01206875974830541
166 0.01228269873523268
167 0.01252506432785354
168 0.01279388843683775
169 0.01308655605119588
170 0.01340119201130666
171 0.01373576664908652
172 0.01408821614897983
173 0.01445671528462064
174 0.01484098595315028
175 0.01523990966945544
176 0.01565287678335778
177 0.0160791323777782
178 0.01651748553540412
179 0.01696728709796143
180 0.01743055862319137
181 0.01790440698329819
182 0.0183873777169367
183 0.01888014798004069
184 0.01938295943061834
185 0.01989519297940047
186 0.02042083467327296
187 0.02095442629920195
188 0.02149732111895139
189 0.02204928135680567
190 0.02260767645486459
191 0.02317495614706441
192 0.0237511311553302
193 0.02433757086853082
194 0.02493203850743264
195 0.0255329299116851
196 0.02613951036634063
197 0.02675034696334251
198 0.02736485100829064
199 0.02798217359779206
200 0.02859982501133373
201 0.02921675957263767
202 0.02983083304666534
203 0.03044039040166859
204 0.03104287410094703
205 0.03163581262239067
206 0.03221695612978839
207 0.03278329093143701
208 0.03333102272545127
209 0.0338579778100505
210 0.03436182291381413
211 0.0348387551626951
212 0.03528569740873745
213 0.03569935681589596
214 0.03608008316922895
215 0.03642159893521193
216 0.03672065456425293
217 0.03697342374414946
218 0.03717803150702025
219 0.03733042462039062
220 0.0374304915007971
221 0.03748034755346136
222 0.03747492398013896
223 0.03741239733716392
224 0.03729196168650168
225 0.03711352493265186
226 0.03687677382800082
227 0.03658219721586696
228 0.03623073843007885
229 0.03582245605206492
230 0.03536026880816379
231 0.03484318898797287
232 0.03427535108272716
233 0.0336602537663163
234 0.03299897675424066
235 0.03229543579530005
236 0.03155369917544246
237 0.03077737618879664
238 0.02997060682122264
239 0.02913739027370795
240 0.02828509605666213
241 0.02741423576887939
242 0.02652956282276775
243 0.02563591168413243
244 0.02473766921772034
245 0.02383983819318593
246 0.02294667002666358
247 0.02206325228741715
248 0.02119469545965216
249 0.02034511915823294
250 0.01951847202328502
251 0.01871883702704401
252 0.01795043224678812
253 0.01721623202807355
254 0.01651934745208096
255 0.01586344418882111
256 0.0152505018002102
257 0.01468328680571455
258 0.01416411601377996
259 0.01369530540717963
260 0.01327825749182173
261 0.01291360039175586
262 0.01260238579854306
263 0.01234489453788272
264 0.01214051157836384
265 0.01198936502505646
266 0.0118911351342909
267 0.01184539210473123
268 0.0118506898032188
269 0.01190635697935528
270 0.01201071313463487
271 0.01216213181115656
272 0.01235875386948819
273 0.01259845889987392
274 0.01287890693210539
275 0.013197829555127
276 0.01355285442874104
277 0.01394110981671507
278 0.01436044550135151
279 0.01480797275576781
280 0.01528082927161853
281 0.01577645256328512
282 0.01629250881189628
283 0.01682676139259106
284 0.01737588346044557
285 0.01793688632815557
286 0.01850782671346285
287 0.01908615605896842
288 0.01966864575975631
289 0.0202532315728557
290 0.02083763922341692
291 0.0214199698490731
292 0.02199809424067045
293 0.02256931676039031
294 0.0231320370843638
295 0.02368442878073562
296 0.02422462620881784
297 0.02475074825248097
298 0.02526111061755857
299 0.02575476388358137
300 0.02622974165438522
301 0.02668530952384333
302 0.02711921850888325
303 0.02753020309770395
304 0.02791814345159245
305 0.02828184853809708
306 0.02862046217161178
307 0.02893329861022407
308 0.02921989271357338
309 0.02947963632021114
310 0.02971130698387477
311 0.02991495566170737
312 0.0300894517141684
313 0.03023535205369715
314 0.03035216664952029
315 0.03044015009825456
316 0.03049947307322093
317 0.03053037950085117
318 0.03053267865139966
319 0.03050653775046895
320 0.03045250673839088
321 0.03037105053427981
322 0.03026295692941253
323 0.03012843066810501
324 0.02996740497770829
325 0.02978096450423432
326 0.02956964349260957
327 0.02933446376691037
328 0.02907648148758141
329 0.02879648891665649
330 0.02849428098044166
331 0.02817237538999398
332 0.02783225751858362
333 0.02747490516598544
334 0.02710120705573324
335 0.02671274915259771
336 0.02631096392027559
337 0.02589725646993508
338 0.02547292614830816
339 0.02503994477909752
340 0.02459987139780006
341 0.02415424188258563
342 0.02370445955700695
343 0.02325252422460125
344 0.02279960763017435
345 0.02234895019514383
346 0.02190072660875784
347 0.02145638225320587
348 0.02101832435012525
349 0.02058794924185876
350 0.02016645911743868
351 0.0197556802872182
352 0.01935652099963965
353 0.01897123907153041
354 0.01860083047956533
355 0.01824663028517347
356 0.01790944309623765
357 0.01759171939265782
358 0.01729437286794178
359 0.01701860560021312
360 0.01676531738699477
361 0.01653541148595495
362 0.01632997390057314
363 0.01614918666528385
364 0.01599386910081457
365 0.0158646259669218
366 0.0157615460340542
367 0.01568519666685819
368 0.01563598740047248
369 0.01561368116810113
370 0.01561793194858037
371 0.01564888217755736
372 0.0157056804068692
373 0.01578854163176371
374 0.01589611411838801
375 0.01602820107114083
376 0.01618415698049508
377 0.01636322982073685
378 0.01656399260996698
379 0.01678564993153774
380 0.0170269352645294
381 0.01728667874902641
382 0.01756370347583087
383 0.01785697246440341
384 0.01816426443996195
385 0.01848460342051495
386 0.01881659710189857
387 0.01915868119793666
388 0.01950913950324565
389 0.01986608352242452
390 0.02022789470986995
391 0.02059266503527135
392 0.02095955215127019
393 0.02132690927121553
394 0.02169306043333283
395 0.02205607508924636
396 0.02241440253095945
397 0.02276688384534581
398 0.02311190754853882
399 0.0234476350252278
400 0.02377326474038923
401 0.02408639472394238
402 0.02438585858831753
403 0.02467042422261268
404 0.02493956352069812
405 0.02519228225524734
406 0.02542741964181896
407 0.0256436997210233
408 0.02584043342452259
409 0.02601662203814402
410 0.02617178418248504
411 0.02630501919100661
412 0.02641587362142273
413 0.02650387303957706
414 0.02656877580442515
415 0.0266110661284613
416 0.0266308361565145
417 0.02662789201331376
418 0.02660208469948089
419 0.0265533842598306
420 0.02648166946492925
421 0.02638821542446132
422 0.02627343386005152
423 0.02613765173497511
424 0.02598203393308254
425 0.02580676055836477
426 0.0256128685441761
427 0.02540203632720255
428 0.0251752167321275
429 0.0249330195911131
430 0.02467647814451647
431 0.02440641224339042
432 0.02412407694816079
433 0.02383110436875839
434 0.02352809938230231
435 0.02321715281510289
436 0.02289920854921535
437 0.02257556700840646
438 0.02224788991484766
439 0.02191757943737972
440 0.02158583646038431
441 0.02125372781985025
442 0.02092239856760225
443 0.02059329104788099
444 0.02026761154975647
445 0.01994714757396806
446 0.0196326851092218
447 0.01932540332496631
448 0.01902626779335785
449 0.0187362385352952
450 0.01845665107049366
451 0.01818869750945639
452 0.01793269053004798
453 0.01768960108721489
454 0.01746060835091687
455 0.01724581605855239
456 0.01704572962830403
457 0.01686133583150375
458 0.01669287653350163
459 0.01654078144684146
460 0.01640522965486184
461 0.01628648946598383
462 0.0161851620060883
463 0.01610139194030941
464 0.0160346041862364
465 0.01598492259196398
466 0.01595231649624569
467 0.01593651634596906
468 0.01593659642829808
469 0.01595273713083417
470 0.01598424580495522
471 0.01603101396095803
472 0.01609268583261993
473 0.01616841399581468
474 0.01625778353304925
475 0.01635935221997667
476 0.01647276253141327
477 0.01659745039809327
478 0.01673271642353582
479 0.01687798040003818
480 0.01703208988380529
481 0.01719363635791692
482 0.01736146843638467
483 0.01753512431050893
484 0.01771362528403184
485 0.0178963765247293
486 0.01808220902193437
487 0.01827027624616006
488 0.01845951257835323
489 0.01864935746203665
490 0.01883920299524256
491 0.01902754177870405
492 0.01921343693539249
493 0.01939615264169137
494 0.01957436330396889
495 0.01974761733454408
496 0.01991582080712998
497 0.02007788717923089
498 0.02023321721540055
499 0.02038123911900296
500 0.02052136452079637
501 0.02065305126458672
502 0.02077582071357196
503 0.02088904690838465
504 0.02099231221596489
505 0.0210855379057223
506 0.02116763982282573
507 0.02123896414358271
508 0.02129955090237073
509 0.02134911884882284
510 0.02138784821175828
511 0.02141566857817841
512 0.02143287296021506
513 0.02143898018936368
514 0.02143392096880817
515 0.02141791164269741
516 0.02139132722915236
517 0.02135444193757454
518 0.02130761734423957
519 0.0212511036339761
520 0.02118563482256971
521 0.02111114370866004
522 0.02102814191585811
523 0.02093730398090746
524 0.02083878519139462
525 0.0207332350124949
526 0.02062135003530689
527 0.02050287775223411
528 0.02037849314771806
529 0.02024917861862822
530 0.02011517338447944
531 0.01997756991098029
532 0.01983647808184778
533 0.01969245799435176
534 0.01954575855878253
535 0.01939750702909643
536 0.01924804333476284
537 0.01909797991010017
538 0.01894816484968354
539 0.01879849155473957
540 0.01864939682618848
541 0.01850101339748064
542 0.01835390483614142
543 0.01820913084187112
544 0.01806679176995094
545 0.0179277837893811
546 0.0177916245014416
547 0.01765865981590677
548 0.01752949445441738
549 0.01740480310738594
550 0.01728465448280888
551 0.01716896159866891
552 0.01705803056006741
553 0.01695247111210287
554 0.01685243578765044
555 0.01675745660311206
556 0.01666778389784119
557 0.01658389178125098
558 0.01650547226306797
559 0.0164326892720186
560 0.01636600335012885
561 0.01630575966716266
562 0.01625149487297457
563 0.01620291759199175
564 0.01616064721911485
565 0.01612419334403597
566 0.01609333040276845
567 0.01606809925221664
568 0.01604852751696302
569 0.0160350019545261
570 0.01602691814402526
571 0.01602418352479132
572 0.01602665598912435
573 0.01603464492253746
574 0.01604774144998291
575 0.01606537884362015
576 0.01608721605228247
577 0.01611329883374208
578 0.01614341288900605
579 0.01617739742251202
580 0.01621543976878178
581 0.01625701426081049
582 0.01630222841824069
583 0.01635039943262175
584 0.0164015118743286
585 0.01645527263477836
586 0.0165119066474038
587 0.01657042081835584
588 0.0166307552544534
589 0.01669260101094535
590 0.01675540919246873
591 0.0168189394744789
592 0.01688316717809355
593 0.0169473174219778
594 0.01701157923949749
595 0.0170757871761168
596 0.01713921713771859
597 0.01720150324034458
598 0.01726269867132054
599 0.01732253818693346
600 0.01738062028911493
601 0.01743655662779777
602 0.01749034056160127
603 0.01754147940942992
604 0.01758972233041008
605 0.01763529900028047
606 0.01767803896052013
607 0.01771706897839393
608 0.01775268648243825
609 0.01778473205306129
610 0.01781271616417368
611 0.01783626268294595
612 0.01785588658657632
613 0.0178709628663622
614 0.01788153434307888
615 0.01788729626546113
616 0.01788873437100915
617 0.01788568947041803
618 0.01787769869009282
619 0.01786473200128797
620 0.01784688245026825
621 0.01782481205865981
622 0.01779839424460211
623 0.01776768853670695
624 0.01773236110056004
625 0.01769304190139971
626 0.01764876008752054
627 0.01759996138610724
628 0.01754693136140133
629 0.01749017763698222
630 0.01742952614037025
631 0.01736516082463233
632 0.01729718907536228
633 0.01722610153155898
634 0.01715210272352474
635 0.0170755267407764
636 0.01699635111093309
637 0.01691506379397181
638 0.01683158661789749
639 0.01674622264002596
640 0.0166593268038308
641 0.01657099989744463
642 0.01648197545197912
643 0.01639255639841206
644 0.01630228340062294
645 0.01621200609674505
646 0.01612194934907876
647 0.01603235163358882
648 0.01594381313180907
649 0.0158563038095267
650 0.01577008769833762
651 0.01568528742735362
652 0.01560209267006393
653 0.01552075489172495
654 0.0154416548744662
655 0.01536478262388561
656 0.01529092114813771
657 0.01522008095954448
658 0.01515215977281617
659 0.01508747399073644
660 0.01502632036541994
661 0.01496841632519187
662 0.01491392702365777
663 0.01486280550192557
664 0.01481531742041691
665 0.01477172796389695
666 0.01473214528039819
667 0.01469639478510598
668 0.01466436378843232
669 0.01463636242114904
670 0.01461256351347611
671 0.0145930714114832
672 0.01457746818088924
673 0.01456573112681801
674 0.01455724141976108
675 0.0145526652871397
676 0.01455163719034386
677 0.01455419016349998
678 0.01456026988380142
679 0.01456945509346913
680 0.01458147213636161
681 0.01459648001561024
682 0.01461446229202994
683 0.01463555348450587
684 0.01465887962864532
685 0.01468440775538037
686 0.01471215926224129
687 0.01474162801294872
688 0.01477267869787693
689 0.01480554679353287
690 0.01483979108011377
691 0.01487510125249494
692 0.01491147109612617
693 0.01494876439981113
694 0.01498689280028329
695 0.01502525094841288
696 0.01506359659282208
697 0.01510151509910639
698 0.01513936032642362
699 0.01517654615586424
700 0.01521268469300911
701 0.01524810991853411
702 0.01528276852137812
703 0.01531615940900715
704 0.01534854017725349
705 0.01537935922778458
706 0.01540842289726068
707 0.01543580777942799
708 0.01546166991982918
709 0.01548519502726282
710 0.01550648221792499
711 0.01552543449573364
712 0.01554164833672219
713 0.01555623828842021
714 0.01556784448224483
715 0.01557695043365205
716 0.01558359140264327
717 0.0155870929052783
718 0.01558753569134279
719 0.01558516317317608
720 0.01558044155228192
721 0.01557322143632156
722 0.01556338984255893
723 0.01555058043806089
724 0.01553381172911447
725 0.01551565512897088
726 0.01549351667610286
727 0.01547010995100123
728 0.01544294388718404
729 0.0154148836221792
730 0.01538248089029785
731 0.01534929367273692
732 0.01531179247986581
733 0.01527450415735189
734 0.01523262860766479
735 0.01519141958734364
736 0.01514763720555773
737 0.0151015841822044
738 0.015053747530314
739 0.01500420927690751
740 0.01495358214543137
741 0.01490195396461088
742 0.01484886784949881
743 0.0147943631164372
744 0.01473867156771769
745 0.01468264315476568
746 0.01462633287244191
747 0.01457001185502904
748 0.0145132884849869
749 0.01445639854527679
750 0.01439929058020733
751 0.01434232977187674
752 0.01428565219660509
753 0.01422973911158646
754 0.01417453593987853
755 0.01411994009323055
756 0.01406576977860953
757 0.01401302740814343
758 0.01396158472771119
759 0.01391154737626811
760 0.01386295728829249
761 0.01381600846509789
762 0.01377004080075684
763 0.01372533617280703
764 0.013682545302041
765 0.01364151904386977
766 0.01360237753848492
767 0.01356505843491939
768 0.0135298524047272
769 0.01349675501374167
770 0.01346586168928744
771 0.01343772657666329
772 0.01341189295788694
773 0.01338824349655168
774 0.01336451976332596
775 0.01334534406221595
776 0.01332682991431713
777 0.01331150628224537
778 0.0133002599649842
779 0.01329005882789455
780 0.01328342293626745
781 0.01327768682952066
782 0.01327517763909819
783 0.01327357527002397
784 0.01327471259559484
785 0.01327858979429299
786 0.01328320107373822
787 0.01329045646271289
788 0.01329865422294695
789 0.01330982845157227
790 0.01332267545054208
791 0.01333624175249325
792 0.01335184607544415
793 0.01336870344075649
794 0.01338684708564272
795 0.01340556174207233
796 0.01342544153001749
797 0.0134462805558952
798 0.01346761108372543
799 0.01348959465202626
800 0.01351197961950091
801 0.01353442206466042
802 0.01355714770634238
803 0.01358004823163676
804 0.01360331625139698
805 0.01362617991875629
806 0.01364877884535215
807 0.01367071065555078
808 0.01369174463358136
809 0.01371199715534245
810 0.0137317544183894
811 0.01375072191512426
812 0.01376880197879557
813 0.01378553945488573
814 0.01380083021379389
815 0.01381462737086654
816 0.01382711872536504
817 0.01383851828538879
818 0.01384841187523924
819 0.01385559817040986
820 0.0138616901620773
821 0.01386528624869899
822 0.01386746319307097
823 0.0138673140313666
824 0.01386630304302423
825 0.01386245284490074
826 0.01385665248868467
827 0.01384872755940841
828 0.01383879403004525
829 0.01382697324689219
830 0.0138133783900305
831 0.01379788485706143
832 0.01378040679706756
833 0.01376121922831767
834 0.01374013577399698
835 0.01371754292342835
836 0.01369336880105918
837 0.01366748399173602
838 0.01364023634963546
839 0.01361139753897925
840 0.01358099350950265
841 0.01354943341059316
842 0.0135168727078284
843 0.013483084891688
844 0.01344855373556517
845 0.01341510384639814
846 0.0133784307585115
847 0.01334137342776808
848 0.01330586604404519
849 0.01326725621134249
850 0.0132310725678665
851 0.01319208314180102
852 0.01315568638248789
853 0.01311677108034538
854 0.0130802109258333
855 0.01304094205473534
856 0.01300496784636813
857 0.01296657306054124
858 0.01293171661299287
859 0.0128953009513173
860 0.01286209606625965
861 0.01282668867371335
862 0.01279429432886797
863 0.01276061198720497
864 0.01273064451872846
865 0.01269955730713108
866 0.01267191236671935
867 0.01264282731689814
868 0.01261533699278809
869 0.01259125736972539
870 0.0125665502948322
871 0.01254391796592941
872 0.01252298606534267
873 0.01250374417794341
874 0.01248618220768189
875 0.0124700641553663
876 0.01245531453880571
877 0.01244223595928935
878 0.01243082977589746
879 0.01242140490231357
880 0.01241326325078631
881 0.01240656322642467
882 0.01240191560605149
883 0.01239880410566534
884 0.01239710793180207
885 0.01239697507653344
886 0.01239830578011259
887 0.01240123093948549
888 0.01240529653913683
889 0.01241112385103885
890 0.01241738157087801
891 0.01242530242509071
892 0.01243412737144282
893 0.01244450604491316
894 0.01245472451655167
895 0.01246654008020092
896 0.01247901880011672
897 0.01249176580301223
898 0.01250561506105003
899 0.01251962840183168
900 0.01253376721917486
901 0.01254836926313688
902 0.01256318168712388
903 0.01257847270509169
904 0.0125935561403713
905 0.01260844848002236
906 0.01262300009590613
907 0.01263715854054081
908 0.01265124121316267
909 0.01266530666428031
910 0.01267873294726529
911 0.01269188856042228
912 0.01270428355174203
913 0.01271606055791811
914 0.01272759134460166
915 0.01273803613227803
916 0.01274771262107784
917 0.01275611504638051
918 0.01276296007262711
919 0.01276918523194289
920 0.01277385720447744
921 0.01277691331576763
922 0.01277934791654993
923 0.01278016860936286
924 0.01278046586556311
925 0.01277912688015936
926 0.01277675150768976
927 0.01277286021720385
928 0.01276737663796456
929 0.0127606013704237
930 0.01275262627753988
931 0.0127433938974754
932 0.01273289264596272
933 0.01272104404151386
934 0.01270809483928542
935 0.01269380737419291
936 0.01267819721156693
937 0.0126616118232783
938 0.01264407524707019
939 0.01262542015170129
940 0.01260594348556015
941 0.01258544329864169
942 0.012564246495745
943 0.01254220540343138
944 0.01251951894690919
945 0.01249644436179909
946 0.01247251443900223
947 0.01244762601042925
948 0.01242222022253801
949 0.01239636217725241
950 0.01237048452371413
951 0.01234434811567431
952 0.01231820058911759
953 0.01229211140361944
954 0.01226602283494601
955 0.01223976361093611
956 0.0122140088761416
957 0.01218848987323083
958 0.01216311578947234
959 0.01213768950146967
960 0.0121124512660362
961 0.01208802028698755
962 0.01206406187296096
963 0.0120408630092824
964 0.01201812168110751
965 0.01199593854629937
966 0.01197467758365247
967 0.01195400988138333
968 0.01193396463937951
969 0.01191485203336192
970 0.01189681048794254
971 0.0118797658757844
972 0.01186356662578373
973 0.01184831081271571
974 0.01183397799427231
975 0.01182062857881643
976 0.01180839600577243
977 0.01179696611233418
978 0.01178655258782471
979 0.01177726532157954
980 0.01176918797623693
981 0.01176190039587041
982 0.01175562094337898
983 0.01175073329951241
984 0.01174670167031275
985 0.01174381578985484
986 0.01174211233549505
987 0.01174117008007871
988 0.0117409889235608
989 0.01174155734079754
990 0.01174295551462041
991 0.01174534268694448
992 0.01174885875630594
993 0.01175263833166667
994 0.01175749461660121
995 0.0117632329176465
996 0.01176917739515253
997 0.01177562193226795
998 0.01178219003813031
999 0.01178958234121853
1000 0.01179716371910617
1001 0.01180562197934754
1002 0.01181434003848141
1003 0.01182340744240124
1004 0.01183204557260023
1005 0.011840959255057
1006 0.0118497945650833
1007 0.01185911466360316
1008 0.01186818008738422
1009 0.01187690861761076
1010 0.01188535297694727
1011 0.01189389715982589
1012 0.01190239092476834
1013 0.01191049855616313
1014 0.01191815840985214
1015 0.01192525445644764
1016 0.01193186704424805
1017 0.01193824262302975
1018 0.01194362783436879
1019 0.01194848026716
1020 0.01195286983430465
1021 0.01195660307009325
1022 0.01195994139327159
1023 0.01196200260539315
1024 0.01196352880240954
1025 0.01196428657558388
1026 0.01196426477410358
1027 0.01196379471535337
1028 0.01196265416711019
1029 0.01196043512335317
1030 0.01195754105494295
1031 0.01195377320802924
1032 0.01194903589156987
1033 0.01194353005887469
1034 0.0119370321800976
1035 0.01192955887744579
1036 0.01192128588635349
1037 0.01191223462190943
1038 0.01190275011212151
1039 0.01189246762783521
1040 0.01188163093625341
1041 0.01186981016753221
1042 0.01185733558408982
1043 0.01184440864481842
1044 0.01183089886104425
1045 0.0118165985661897
1046 0.01180189316641957
1047 0.01178650214140299
1048 0.01177085999613519
1049 0.01175497886440672
1050 0.01173859647132333
1051 0.01172183358065536
1052 0.01170481790168896
1053 0.01168771409051389
1054 0.01167087452099764
1055 0.01165373912172758
1056 0.01163619997372847
1057 0.01161837771748635
1058 0.01160040990848667
1059 0.01158257600827366
1060 0.01156509378485165
1061 0.01154794520320004
1062 0.01153097090455397
1063 0.0115139781847427
1064 0.01149734464320691
1065 0.01148084709878656
1066 0.01146491866387187
1067 0.01144899824981375
1068 0.01143371067402707
1069 0.01141908027243861
1070 0.01140485145422667
1071 0.0113910185013961
1072 0.01137770023732376
1073 0.01136515097555456
1074 0.01135312286669039
1075 0.01134170410338597
1076 0.01133073477093568
1077 0.01132036332533523
1078 0.01131074701637627
1079 0.01130163734589123
1080 0.01129327856813634
1081 0.01128559489351152
1082 0.01127841749404703
1083 0.0112719407853366
1084 0.01126618395087044
1085 0.01126124994129494
1086 0.01125686788683476
1087 0.01125321577220902
1088 0.01125055347330737
1089 0.01124781207431459
1090 0.01124578194159536
1091 0.01124481612543333
1092 0.01124400077162747
1093 0.01124369830403069
1094 0.01124386731984058
1095 0.01124488621822532
1096 0.01124597325360589
1097 0.01124788106553948
1098 0.01124968178380898
1099 0.01125165210497874
1100 0.01125488064118378
1101 0.0112580606500117
1102 0.01126124719914036
1103 0.01126488853962317
1104 0.01126859177244297
1105 0.0112720182318987
1106 0.01127566764530247
1107 0.01127972852394176
1108 0.0112841076724054
1109 0.01128818929281529
1110 0.01129240172609371
1111 0.01129651731225425
1112 0.01130042307853496
1113 0.01130423791028208
1114 0.01130804314357388
1115 0.0113113521533369
1116 0.01131463730376769
1117 0.01131774729771765
1118 0.01132071282609693
1119 0.01132312928058521
1120 0.01132545710038718
1121 0.01132712416539891
1122 0.01132827188890513
1123 0.01132897386852954
1124 0.01132957542714898
1125 0.01132969513446249
1126 0.01132966232345449
1127 0.01132879083000727
1128 0.01132749894194416
1129 0.01132580017810745
1130 0.01132366975817863
1131 0.01132106789452296
1132 0.01131797986105346
1133 0.01131434022985705
1134 0.01130980854849106
1135 0.01130486380748274
1136 0.0112996894427707
1137 0.01129412505005949
1138 0.01128792150326698
1139 0.01128096813851814
1140 0.01127330172224761
1141 0.01126564017482458
1142 0.01125758658623856
1143 0.01124901042501279
1144 0.01124033279088199
1145 0.01123115898180484
1146 0.01122140586847636
1147 0.01121133379055354
1148 0.01120100355091056
1149 0.01119023702050558
1150 0.0111795632968482
1151 0.01116838833568005
1152 0.01115694883291109
1153 0.01114537278021858
1154 0.01113345152531832
1155 0.01112144667130805
1156 0.01110953915331779
1157 0.0110977146963813
1158 0.0110859036747929
1159 0.01107384508569363
1160 0.01106183235859569
1161 0.01105004295669283
1162 0.01103809001872251
1163 0.01102626095023198
1164 0.01101439851981867
1165 0.01100248091484459
1166 0.01099079254636678
1167 0.01097919089025969
1168 0.01096825554307415
1169 0.01095757021365027
1170 0.01094703585369954
1171 0.01093684271941104
1172 0.01092671648258667
1173 0.01091683881533762
1174 0.01090750455442263
1175 0.01089850645066653
1176 0.01088964113813085
1177 0.01088100091766196
1178 0.0108728515054575
1179 0.0108651091458648
1180 0.01085782811307116
1181 0.01085078175211377
1182 0.01084446513117351
1183 0.01083856542500737
1184 0.010832981879586
1185 0.01082759388792755
1186 0.01082271013232931
1187 0.01081812160585547
1188 0.01081399739684325
1189 0.01081061745004637
1190 0.01080729622283998
1191 0.01080473524237722
1192 0.01080175663694924
1193 0.01079905580548971
1194 0.01079730265361885
1195 0.01079568065066311
1196 0.01079477856768156
1197 0.0107944258364607
1198 0.01079381384454577
1199 0.01079356460676146
1200 0.01079341120618035
1201 0.01079393986674485
1202 0.01079435941386259
1203 0.01079519284536294
1204 0.01079591819035631
1205 0.01079671382867327
1206 0.01079759810019696
1207 0.01079873642118494
1208 0.0108000660369084
1209 0.01080145729082071
1210 0.0108033163169088
1211 0.01080482515942693
1212 0.01080657188152601
1213 0.01080820197002061
1214 0.01080957963396241
1215 0.01081035865561314
1216 0.01081127577452729
1217 0.01081276024210997
1218 0.01081405083622165
1219 0.01081498143904288
1220 0.01081592224457856
1221 0.01081665456168313
1222 0.01081702399950137
1223 0.01081733398359545
1224 0.01081757740829676
1225 0.01081771228606425
1226 0.01081751247975241
1227 0.0108170646597287
1228 0.01081605680306126
1229 0.01081482559195832
1230 0.01081321002374977
1231 0.01081119464926271
1232 0.01080880575455769
1233 0.01080633271149781
1234 0.01080369008146244
1235 0.01080087381238844
1236 0.01079760764995595
1237 0.0107941452570178
1238 0.01079059708841386
1239 0.01078685318849176
1240 0.01078250217053063
1241 0.01077759130197457
1242 0.0107723275540816
1243 0.01076681889858282
1244 0.01076099473685012
1245 0.0107554077535796
1246 0.01074966026629426
1247 0.01074349525790711
1248 0.01073661373351751
1249 0.01072951405002884
1250 0.01072239122251179
1251 0.01071515612368106
1252 0.0107075190529455
1253 0.01070019164169761
1254 0.01069236359057922
1255 0.01068427818081651
1256 0.01067620769207715
1257 0.01066803683569214
1258 0.01065982822205202
1259 0.01065183461931289
1260 0.01064386375609798
1261 0.01063560313998901
1262 0.01062677458813589
1263 0.01061813076165122
1264 0.01060937667440195
1265 0.01060034461812234
1266 0.0105917192100311
1267 0.01058337699638286
1268 0.01057519240581675
1269 0.01056696516001743
1270 0.01055877500583679
1271 0.01055048624685561
1272 0.01054239418550782
1273 0.01053469335041459
1274 0.010526793360853
1275 0.01051919697327146
1276 0.01051180748357772
1277 0.01050476357471781
1278 0.01049793105397654
1279 0.01049124604842206
1280 0.01048488755165735
1281 0.01047852444381977
1282 0.01047251195094478
1283 0.01046637510515771
1284 0.01046056353229565
1285 0.0104549275854377
1286 0.0104496538614213
1287 0.0104447068375529
1288 0.01043996476209449
1289 0.01043560805603409
1290 0.01043156735277748
1291 0.01042785157935541
1292 0.01042401700183964
1293 0.01042039795967521
1294 0.01041720358358477
1295 0.01041460195464925
1296 0.01041206653393996
1297 0.01040944667515702
1298 0.01040718512573923
1299 0.01040496976839878
1300 0.01040291183896227
1301 0.01040095560563894
1302 0.01039946075077669
1303 0.01039854329375177
1304 0.01039775379647492
1305 0.01039665447903571
1306 0.01039576259111511
1307 0.01039517182339664
1308 0.0103948811408469
1309 0.01039432504975733
1310 0.01039370303178307
1311 0.01039325221243808
1312 0.01039285067766148
1313 0.01039222365112882
1314 0.01039210027774859
1315 0.01039226660758701
1316 0.01039237747568668
1317 0.01039251246402096
1318 0.01039236200845548
1319 0.01039215676861828
1320 0.01039156175417079
1321 0.01039098990427808
1322 0.01039058409484059
1323 0.01039029102931832
1324 0.01038959862926438
1325 0.01038907933456765
1326 0.01038848954753641
1327 0.01038760008376704
1328 0.01038677412234382
1329 0.01038601429987667
1330 0.01038508005934567
1331 0.01038389664750518
1332 0.0103822537289742
1333 0.01038029286299787
1334 0.01037815788751835
1335 0.01037616545982172
1336 0.01037349693114068
1337 0.01037124566339158
1338 0.01036906187795061
1339 0.01036615013189268
1340 0.01036317230690872
1341 0.01036022406502579
1342 0.01035713421934297
1343 0.01035397312980131
1344 0.01035036584104583
1345 0.01034637722697017
1346 0.01034248960593417
1347 0.01033824599501104
1348 0.01033379965264652
1349 0.01032940015615601
1350 0.01032495359670486
1351 0.0103203895486964
1352 0.01031567896091694
1353 0.01031083388109819
1354 0.01030593742387059
1355 0.01030080515677993
1356 0.01029556979276956
1357 0.01029002346743685
1358 0.01028434797475314
1359 0.01027868225495443
1360 0.01027303176195182
1361 0.01026744685802607
1362 0.01026146704448242
1363 0.01025568229096537
1364 0.01024985022763559
1365 0.01024433721683924
1366 0.0102388221916948
1367 0.01023317913428066
1368 0.01022720298775224
1369 0.01022114199934415
1370 0.01021522603828732
1371 0.01020972449208128
1372 0.01020418478385551
1373 0.01019854105170218
1374 0.01019319034723672
1375 0.01018774253880979
1376 0.01018252160355034
1377 0.01017711510461539
1378 0.01017154451379905
1379 0.01016634532571708
1380 0.01016146459431479
1381 0.0101566229773236
1382 0.01015180802744384
1383 0.01014700838849208
1384 0.01014250151983874
1385 0.01013824452095048
1386 0.01013410708523304
1387 0.01012980740735149
1388 0.01012575945946485
1389 0.01012223395720215
1390 0.01011869396438466
1391 0.01011526223863716
1392 0.01011189294543617
1393 0.01010862720509531
1394 0.01010545348927594
1395 0.01010216803188353
1396 0.0100988970975541
1397 0.01009599283590834
1398 0.01009352881546527
1399 0.01009144206377163
1400 0.01008960820789259
1401 0.01008768509919942
1402 0.01008538825164995
1403 0.01008339075197491
1404 0.010081694608822
1405 0.01007993878620752
1406 0.01007831525414363
1407 0.01007713467278295
1408 0.01007579496788231
1409 0.01007445208702501
1410 0.01007326649812514
1411 0.01007174257937763
1412 0.0100702708343476
1413 0.01006899189038839
1414 0.01006796050630031
1415 0.0100669185291251
1416 0.01006599750221748
1417 0.01006532224200722
1418 0.01006466480889512
1419 0.01006378661281556
1420 0.01006304699836829
1421 0.01006218722316331
1422 0.01006105064335107
1423 0.01005975075238348
1424 0.01005878375491512
1425 0.0100580975071024
1426 0.01005705231137636
1427 0.01005589074810039
1428 0.01005471189973709
1429 0.01005350737490871
1430 0.01005223377794474
1431 0.01005080535437879
1432 0.0100497133882329
1433 0.01004837766898998
1434 0.01004677861137382
1435 0.01004513587914546
1436 0.01004354791513372
1437 0.01004183018405878
1438 0.01004020712809744
1439 0.01003800232246969
1440 0.01003589416084928
1441 0.01003368697368618
1442 0.01003153175227558
1443 0.0100292514874665
1444 0.01002697326755038
1445 0.01002447221126089
1446 0.0100219963179642
1447 0.01001925309667513
1448 0.0100163877320228
1449 0.01001339734154775
1450 0.01001015773464918
1451 0.01000674629776857
1452 0.01000337190565344
1453 0.01000033347333201
1454 0.00999734815383364
1455 0.009994067534523646
1456 0.009990662085978968
1457 0.009987245009720241
1458 0.00998368121980823
1459 0.009980169295011516
1460 0.009976373597175752
1461 0.009972467468239763
1462 0.00996874917308949
1463 0.009964861247070999
1464 0.00996087436750214
1465 0.009956497959176108
1466 0.00995187244267292
1467 0.009947390803320902
1468 0.009943093271835481
1469 0.009939553485246047
1470 0.009936236970312332
1471 0.009932244725978916
1472 0.009928251958064682
1473 0.009924240468641212
1474 0.009920373072156088
1475 0.00991646639129668
1476 0.009912855700424567
1477 0.009908989131710217
1478 0.009904815131883963
1479 0.009900510637077257
1480 0.009896359295469013
1481 0.009892578377687028
1482 0.0098891093927495
1483 0.009885487068959314
1484 0.009881714872424138
1485 0.009878040110026147
1486 0.009874899164867374
1487 0.009871717149223051
1488 0.009868586000645017
1489 0.00986528299168612
1490 0.0098619378066424
1491 0.00985855631729555
1492 0.009855398658590591
1493 0.009852380339448323
1494 0.009849613303279674
1495 0.009846785291602737
1496 0.009844143443620848
1497 0.009841557135106356
1498 0.009838908839669151
1499 0.009836394256320503
1500 0.009833815217314974
1501 0.009831289822700044
1502 0.009829033295146438
1503 0.009826903095781844
1504 0.00982484679952025
1505 0.009823023887066493
1506 0.009821124170677291
1507 0.009819406652422922
1508 0.009817662525659271
1509 0.009815824234699485
1510 0.009814135926177976
1511 0.009812676045182284
1512 0.009810987664845438
1513 0.009809134646735536
1514 0.009807681623833889
1515 0.009806299805599177
1516 0.009805083638886214
1517 0.009803886732511251
1518 0.009802606908114485
1519 0.009801549869382456
1520 0.00980053318937738
1521 0.009799036066565603
1522 0.009797701877749377
1523 0.009796039051357036
1524 0.00979439281896786
1525 0.00979327701390717
1526 0.009791888169885092
1527 0.009790630224685694
1528 0.009789407559711458
1529 0.009788382485533818
1530 0.009787328078596351
1531 0.009786206796418291
1532 0.009784922542612482
1533 0.009783741553250456
1534 0.009782562740963422
1535 0.009781119510021731
1536 0.009779580531231062
1537 0.009777689527224333
1538 0.009775817310093742
1539 0.009774288798347259
1540 0.009773142941490776
1541 0.009771712314885052
1542 0.009770178512560141
1543 0.009768505343468749
1544 0.009766797955206838
1545 0.009765188245472208
1546 0.009763684885380958
1547 0.009761887647011922
1548 0.009759875193510006
1549 0.009757788363405661
1550 0.009755219306063703
1551 0.009752869993836606
1552 0.009750446713550904
1553 0.009748101234887809
1554 0.009745850826865321
1555 0.00974400961590904
1556 0.009742144264931451
1557 0.009739735489481385
1558 0.009737484770548609
1559 0.009735274014225755
1560 0.009733041101051816
1561 0.009730712548777358
1562 0.009727732824665865
1563 0.009724786497609422
1564 0.009722151269263044
1565 0.00971934208113193
1566 0.009716361151336141
1567 0.009713852131488591
1568 0.009711238143005844
1569 0.009708539537966413
1570 0.009705817609768299
1571 0.009703125123718693
1572 0.009700491466476674
1573 0.009697908665014169
1574 0.009695324237325245
1575 0.009692570931707381
1576 0.00968955673457072
1577 0.009686809303326497
1578 0.009684196353599305
1579 0.009681381166263908
1580 0.009678753925053759
1581 0.009676186487417507
1582 0.009673039697042668
1583 0.009669797532296392
1584 0.009667156642584437
1585 0.009664828234032611
1586 0.009662547857130771
1587 0.009660182226303042
1588 0.00965761716799224
1589 0.009655144946205306
1590 0.009652491460142559
1591 0.009649411702188889
1592 0.009646724099991583
1593 0.009644404481527459
1594 0.009642447617374079
1595 0.009640227623298364
1596 0.009638012255475182
1597 0.009635865002772933
1598 0.009633610399745413
1599 0.009631713884418604
1600 0.009629590080738512
1601 0.009627568591292773
1602 0.009625214922042161
1603 0.009623045010836591
1604 0.009620900278185268
1605 0.009618708786691793
1606 0.009616818048480491
1607 0.009615184082512289
1608 0.009613706004257035
1609 0.009612118015438544
1610 0.009610378711359759
1611 0.009608498034435659
1612 0.009606456130798599
1613 0.009604536478135788
1614 0.009602675966102026
1615 0.009601084892641333
1616 0.009599324265435158
1617 0.009597959121058595
1618 0.009596655439357957
1619 0.009595240492750146
1620 0.009593458303516524
1621 0.009592131280153403
1622 0.009590950765027346
1623 0.009589809063375965
1624 0.00958853021996043
1625 0.009587114881755789
1626 0.009585626763471447
1627 0.009584130657584605
1628 0.009582894426511239
1629 0.009581420281010795
1630 0.009579575061834551
1631 0.009577957808515452
1632 0.009576400851508612
1633 0.009574948993253936
1634 0.009573359490570973
1635 0.009571968193883465
1636 0.009571064766405301
1637 0.009569886511937124
1638 0.00956851551652603
1639 0.009567004137205744
1640 0.009565623496040489
1641 0.00956386757356196
1642 0.009562530469667768
1643 0.009561205057447913
1644 0.009559748928776882
1645 0.009558186468968312
1646 0.009556673505727602
1647 0.009554994366668476
1648 0.009553323902719967
1649 0.009551541868867891
1650 0.009550154790913213
1651 0.009548526314613365
1652 0.009546914431050714
1653 0.009545167022607309
1654 0.009543422168796133
1655 0.009541914865634667
1656 0.009540058643731295
1657 0.009537958268123054
1658 0.009536006901708735
1659 0.009533807003664251
1660 0.009532055114693497
1661 0.009530108115979647
1662 0.009528463669280323
1663 0.00952665030047118
1664 0.00952475457434865
1665 0.009523214786393647
1666 0.009521818460065629
1667 0.009519907811966887
1668 0.009517605173612583
1669 0.009515317273239839
1670 0.009512882618538165
1671 0.009510853725118413
1672 0.009509042403135905
1673 0.009507076566796089
1674 0.009505192829410614
1675 0.009502981866971304
1676 0.009500623853649694
1677 0.009498060050151098
1678 0.009495869510768832
1679 0.009494047352075303
1680 0.009492366508307235
1681 0.009490378957966096
1682 0.009488111765432366
1683 0.009485895930837989
1684 0.00948351129192865
1685 0.009480998851144794
1686 0.009478728164450877
1687 0.009476747953138652
1688 0.009475082998536917
1689 0.009473306180230484
1690 0.009471416911750913
1691 0.009469386881452248
1692 0.009467243285471223
1693 0.009464960267056798
1694 0.009462714309221904
1695 0.009460650783441138
1696 0.009458519421279468
1697 0.009456427030909898
1698 0.009454275321403317
1699 0.009452142522204828
1700 0.00945036656157224
1701 0.009448844971062428
1702 0.009447057787061973
1703 0.009445663871236396
1704 0.0094441852820056
1705 0.009442491637048155
1706 0.009440772077933894
1707 0.009438662303810875
1708 0.009436721240004829
1709 0.009434996071718492
1710 0.00943328390487071
1711 0.009431548556903731
1712 0.009429843635560542
1713 0.00942782156296371
1714 0.009425746317011522
1715 0.009424305279636499
1716 0.009422996405711781
1717 0.009421304036285889
1718 0.009420039336953319
1719 0.009418758689809421
1720 0.009417269705379868
1721 0.009415705155512703
1722 0.009414325747285667
1723 0.009412958080672669
1724 0.009411419844838396
1725 0.009409904357100197
1726 0.009408341590896645
1727 0.009406734163659204
1728 0.009404908355003254
1729 0.009403321005794404
1730 0.009401842723498928
1731 0.009400295303866598
1732 0.009398604178551918
1733 0.009397093777320975
1734 0.009395909489272785
1735 0.009394594584899713
1736 0.00939322701468235
1737 0.009392065993611518
1738 0.009391015566176168
1739 0.00938950519073454
1740 0.009387860633175068
1741 0.009386337920983454
1742 0.009384657720613742
1743 0.009382956994541291
1744 0.009381368148738602
1745 0.009379747414219791
1746 0.00937825317687822
1747 0.009377146147256014
1748 0.009375977328223888
1749 0.009374539425918203
1750 0.009372887838601808
1751 0.009371192819694941
1752 0.009369730573570434
1753 0.009368389334135656
1754 0.009366813426451836
1755 0.009365185227389513
1756 0.009363637560570078
1757 0.009362030224446549
1758 0.009360118617962892
1759 0.009358585656621682
1760 0.009357074636926525
1761 0.009355892099322544
1762 0.009354691436129776
1763 0.009353217639661056
1764 0.009351591240392459
1765 0.009349711991795873
1766 0.009348009806528026
1767 0.009346558704405901
1768 0.009344578837093383
1769 0.009342460085337163
1770 0.009340585589753177
1771 0.009338920201578898
1772 0.009336964053736662
1773 0.009335632098262461
1774 0.009334409863956466
1775 0.0093329813447427
1776 0.009331574378128323
1777 0.009329912830907006
1778 0.009328207239600801
1779 0.009326382152229347
1780 0.009324486464182599
1781 0.009322503550372389
1782 0.009320762337054802
1783 0.009319072675787531
1784 0.009317244717246353
1785 0.009315387617476209
1786 0.009313493603075517
1787 0.009311812399205597
1788 0.009310476429140815
1789 0.009308957191518159
1790 0.009307245492842271
1791 0.009305342524183092
1792 0.009303284579051394
1793 0.009301203698302951
1794 0.009299466315550316
1795 0.009297641139993006
1796 0.009296049055863027
1797 0.009294399979270306
1798 0.009292974165129319
1799 0.009291386367412327
1800 0.009289422930104924
1801 0.009287842337979928
1802 0.009286378604597259
1803 0.009284858651021377
1804 0.009283314824926872
1805 0.00928178570227063
1806 0.009280109472449248
1807 0.009278321789862829
1808 0.00927646971770462
1809 0.009274876979391443
1810 0.009273313303016373
1811 0.009271944542800817
1812 0.009270567654713579
1813 0.009268871198836581
1814 0.009266898537912056
1815 0.009265178219830418
1816 0.009263715931636073
1817 0.009262573289197417
1818 0.009261058928480533
1819 0.00925949920585112
1820 0.009257987901159604
1821 0.009256385829038181
1822 0.009254522928913109
1823 0.00925275333213371
1824 0.009251135082015248
1825 0.009249687369463522
1826 0.00924857149997207
1827 0.009247327663351724
1828 0.009245678490956762
1829 0.009244355620894703
1830 0.009242751757197553
1831 0.009241576491484323
1832 0.00924042821726502
1833 0.009239046694400949
1834 0.009237577027449562
1835 0.009235924991085808
1836 0.009234233160150662
1837 0.009232415118348944
1838 0.009231002620523874
1839 0.009229715625978494
1840 0.009228509206119954
1841 0.009227191652417434
1842 0.009225741084639218
1843 0.009224197405479258
1844 0.009222471827709425
1845 0.009220913316020776
1846 0.009219576655062926
1847 0.009218220269004126
1848 0.009216636545571475
1849 0.009215160131550536
1850 0.00921374902239102
1851 0.009212412269678071
1852 0.009211455583336279
1853 0.00921015426575481
1854 0.009208627979028706
1855 0.009207316274387497
1856 0.009205743523212686
1857 0.009204108604931444
1858 0.009202765034841831
1859 0.009201527195886105
1860 0.00920048069548229
1861 0.009198669002860482
1862 0.00919666743527388
1863 0.009194634594580661
1864 0.009192780893430204
1865 0.009191215043209576
1866 0.009190071283792041
1867 0.009188993662815602
1868 0.009188194319905399
1869 0.009187086005057677
1870 0.009185749583470685
1871 0.009184240960833076
1872 0.009182485981380025
1873 0.009180871884166412
1874 0.009179655653137003
1875 0.00917828584780225
1876 0.009176521412883719
1877 0.00917485635567003
1878 0.009173294819700634
1879 0.009171759852907642
1880 0.00917021531389859
1881 0.009168782033117681
1882 0.009167441401751922
1883 0.009166064808295819
1884 0.009164693871421006
1885 0.009163333958298454
1886 0.009161897512796519
1887 0.009160350905899095
1888 0.009158677101097112
1889 0.009157302407688887
1890 0.009156004180129341
1891 0.009154396543281413
1892 0.00915244924835717
1893 0.009150564954605598
1894 0.009149012945031175
1895 0.009147833991444377
1896 0.009146872315105085
1897 0.009145795491740532
1898 0.009144140130810382
1899 0.009142595544220212
1900 0.009141071857902052
1901 0.009139582777014977
1902 0.009137756637503621
1903 0.009136277132049854
1904 0.009135081241233824
1905 0.009133885921048681
1906 0.009132553862617465
1907 0.009131133589657982
1908 0.009129690046675305
1909 0.009128108229683074
1910 0.009126656857464674
1911 0.009125294898965575
1912 0.009123996419172765
1913 0.009122624939976586
1914 0.009121351177932988
1915 0.009119867954907162
1916 0.009118352463122398
1917 0.009116939412443518
1918 0.009115759234091313
1919 0.009114460712274407
1920 0.009112978014397581
1921 0.009111753972185121
1922 0.009110501927299099
1923 0.009108974362314604
1924 0.009107328160338336
1925 0.009105885643050139
1926 0.009104766061433589
1927 0.009103288161988103
1928 0.009101993221338154
1929 0.009100789782912577
1930 0.009099389932960115
1931 0.009097941233056092
1932 0.009096444488893539
1933 0.009095442337467515
1934 0.009093774451597125
1935 0.009092241101327357
1936 0.009090886751384881
1937 0.009089411746230193
1938 0.00908849152720592
1939 0.009087538059999317
1940 0.009086431313250605
1941 0.009085534360216896
1942 0.009084336116447616
1943 0.009083133351640915
1944 0.009081708960687669
1945 0.009079846061213499
1946 0.009078082876193491
1947 0.00907669992713425
1948 0.009075684586452104
1949 0.009074341041315921
1950 0.00907305024517766
1951 0.009071570221352921
1952 0.00907047077102024
1953 0.009068954322444638
1954 0.009067683423002326
1955 0.009066947523443765
1956 0.009065826893281927
1957 0.009064776299603268
1958 0.009063733005539606
1959 0.009062775642743206
1960 0.009061426559063798
1961 0.009059918213966161
1962 0.009058231206068208
1963 0.009056523079302072
1964 0.009055072758354158
1965 0.009054132192445677
1966 0.009053095710351612
1967 0.009051923770905378
1968 0.009050575994436498
1969 0.009049435605349807
1970 0.009048256936424286
1971 0.009047077972026677
1972 0.009045672163357684
1973 0.00904423880116592
1974 0.009042888374045186
1975 0.009041318518406772
1976 0.009040233675228918
1977 0.009039440118046589
1978 0.009038291577015469
1979 0.009036883595378267
1980 0.009035452409189664
1981 0.009034345583838036
1982 0.009033195044193962
1983 0.009031937831347012
1984 0.009030591664390823
1985 0.009029664934229076
1986 0.009028288405437592
1987 0.00902688225736485
1988 0.009025333844660113
1989 0.009024074175617991
1990 0.009022817020420492
1991 0.009021920134435455
1992 0.009020874168997488
1993 0.009019624328310365
1994 0.009018522774032792
1995 0.009017514282610049
1996 0.009016391967011268
1997 0.00901471902242732
1998 0.009013372220582737
1999 0.009012176460255922
2000 0.009011033283656357
2001 0.009010004426309386
2002 0.009008603293321003
2003 0.009007628677735554
2004 0.009006573579190489
2005 0.009005825261120034
2006 0.009004928561409178
2007 0.009003229621469232
2008 0.009002042633052551
2009 0.009000490141243236
2010 0.008999531109163395
2011 0.008998768446699329
2012 0.008997574474628211
2013 0.00899654456348494
2014 0.008995661789013556
2015 0.008994290890580509
2016 0.008992964555927465
2017 0.008991918637746453
2018 0.00899084814174321
2019 0.008989820316136403
2020 0.008988863335926984
2021 0.008987707763156929
2022 0.008986107863241489
2023 0.008985291344954729
2024 0.008984655619040992
2025 0.008983801054687017
2026 0.008982700098829257
2027 0.008981506323544008
2028 0.008980211220996313
2029 0.008979181023162766
2030 0.008977990813682371
2031 0.008976849458532193
2032 0.008976077837687967
2033 0.008975290283412554
2034 0.008974373015842571
2035 0.008973438517053869
2036 0.008972094805875514
2037 0.008970892043954648
2038 0.008969900559032259
2039 0.008968859560031326
2040 0.008967834749682623
2041 0.008966572910410168
2042 0.008965590172994887
2043 0.008964732473471813
2044 0.008963851471853829
2045 0.008962544571155601
2046 0.00896102742910089
2047 0.008960157466651948
2048 0.008959104984994016
2049 0.008958460838245501
2050 0.00895754566382966
2051 0.008956528909103053
2052 0.00895575158374258
2053 0.008954789610217267
2054 0.008953712640905496
2055 0.008952772701933115
2056 0.008951859262208539
2057 0.008951284814297354
2058 0.008950601782386842
2059 0.008949791458618938
2060 0.008948779462611538
2061 0.008947817335307666
2062 0.008946695256819289
2063 0.008945436354648078
2064 0.008944266337728626
2065 0.008943211215597914
2066 0.008942160333174635
2067 0.008940870912568377
2068 0.008940122661702259
2069 0.008939387493111026
2070 0.008938647110123828
2071 0.008938116410840313
2072 0.008937306503995964
2073 0.008936281000658833
2074 0.008935370618977832
2075 0.00893460944296417
2076 0.0089332916733016
2077 0.008932115777671995
2078 0.008931351844344902
2079 0.00893039654388198
2080 0.008929180121584389
2081 0.008928243315936038
2082 0.008927460315133261
2083 0.008926855365786475
2084 0.008926058833102553
2085 0.008925457231545702
2086 0.008924818012984542
2087 0.008924210614783287
2088 0.008923114265209373
2089 0.008921944882231865
2090 0.008921123219184642
2091 0.008920101756711575
2092 0.008919368907846665
2093 0.008918425654996421
2094 0.008917440341715946
2095 0.008916773446193427
2096 0.008916146412642934
2097 0.008915519147461852
2098 0.008914640956796083
2099 0.008913633057513032
2100 0.008912932280170694
2101 0.008912212482344049
2102 0.008911214066534855
2103 0.008910251783732051
2104 0.008909406542697583
2105 0.008908531805315974
2106 0.008907877273707222
2107 0.008907061753277989
2108 0.00890633388053373
2109 0.008905268099663414
2110 0.008904674460241248
2111 0.008904130666315858
2112 0.008903597900451718
2113 0.008903179879972642
2114 0.008902635456440877
2115 0.0089019253753586
2116 0.008900777125815952
2117 0.008899477147308196
2118 0.008898159949957541
2119 0.008897436621096233
2120 0.008897003337663752
2121 0.008896587527175764
2122 0.008896366357258368
2123 0.008895967997505614
2124 0.008895344741362608
2125 0.008894831165913709
2126 0.008894073112851109
2127 0.008893250976159601
2128 0.008892355099173256
2129 0.00889158936304738
2130 0.008890616401705355
2131 0.008889555324304811
2132 0.008888750584146782
2133 0.00888801275678576
2134 0.008887327581726771
2135 0.008886686451868468
2136 0.00888621147434519
2137 0.008885541082250878
2138 0.008885420502590573
2139 0.008884950406148865
2140 0.008884583373852497
2141 0.008884434637925409
2142 0.008883603290825172
2143 0.008882911330397042
2144 0.008882204843964568
2145 0.008881109542479981
2146 0.008880244115404938
2147 0.008879658568222974
2148 0.008879240544465978
2149 0.008878605998998897
2150 0.008878449554957424
2151 0.008878216324183987
2152 0.008877374967036484
2153 0.008876669047732927
2154 0.008875957687478005
2155 0.0088753833382246
2156 0.008874866305578266
2157 0.008874348536734668
2158 0.008873871186062607
2159 0.008873288675981039
2160 0.008872600326780389
2161 0.008871764098929764
2162 0.00887128016352224
2163 0.008870679103974998
2164 0.008870063095078434
2165 0.008869925198853613
2166 0.008869595156160957
2167 0.008869185064093576
2168 0.00886859007879188
2169 0.008867816929021102
2170 0.008867151731316173
2171 0.008866735079642994
2172 0.00886650448583823
2173 0.008866255857309397
2174 0.008866227366506423
2175 0.008865870038844533
2176 0.008864798539217034
2177 0.008863707764711352
2178 0.008862855487458795
2179 0.008862614572378958
2180 0.008862839897849932
2181 0.008862740085558101
2182 0.008862319253674471
2183 0.008862137078528688
2184 0.008861827215111555
2185 0.0088611934668907
2186 0.00886023121046239
2187 0.008859585807336109
2188 0.008859001035231514
2189 0.008858136305481334
2190 0.008857324671287754
2191 0.008856980262635298
2192 0.008857011997670387
2193 0.008856651728355423
2194 0.008856553793796129
2195 0.008856196397402949
2196 0.008855887666945601
2197 0.008855530981244532
2198 0.008855198751183851
2199 0.008854943947029157
2200 0.00885443267382263
2201 0.008853441065647821
2202 0.008852721350280932
2203 0.008852610658513725
2204 0.008852784583744774
2205 0.008852677063117646
2206 0.008852108299754418
2207 0.00885161773357785
2208 0.008851474278291204
2209 0.008851371244703017
2210 0.008850948065656892
2211 0.008850584715924923
2212 0.008850020580777699
2213 0.008849648659836519
2214 0.008849331796378554
2215 0.008848866411871614
2216 0.00884872593420348
2217 0.008849003230170327
2218 0.00884884920542699
2219 0.008848470926361741
2220 0.008848396772663639
2221 0.008848398125283159
2222 0.008848044832202593
2223 0.008847528162196194
2224 0.008847071430512899
2225 0.008846641527068308
2226 0.008846098311441158
2227 0.008845886611808422
2228 0.008845785018348243
2229 0.008845594149106805
2230 0.008845517607245435
2231 0.008845021261852078
2232 0.008844693897996397
2233 0.008844457324360832
2234 0.008844155611729972
2235 0.008844050389809451
2236 0.008844028191294968
2237 0.008844264517368382
2238 0.00884460387583993
2239 0.008844013064339903
2240 0.008843203926267021
2241 0.008842506991536462
2242 0.008842171171707804
2243 0.008842331528293659
2244 0.008842496894740539
2245 0.008842155014061923
2246 0.00884190641344814
2247 0.008841852456866717
2248 0.008841631420120318
2249 0.008841534290008172
2250 0.008841287620205838
2251 0.0088410253956038
2252 0.008841124418492856
2253 0.008841265100630758
2254 0.008840682256005728
2255 0.008840333583953605
2256 0.008840013414533391
2257 0.008839955828679231
2258 0.008840231541436063
2259 0.008840373232140533
2260 0.008840728838835412
2261 0.008840879749657946
2262 0.008840720816663922
2263 0.00884035471934984
2264 0.008840040475906608
2265 0.008839754714731684
2266 0.008839577680521753
2267 0.008839081365737496
2268 0.008838670653990795
2269 0.008838356274535194
2270 0.008838431297526754
2271 0.008838849364311369
2272 0.00883936624177043
2273 0.00883959361798251
2274 0.008839745270246138
2275 0.008839820886152334
2276 0.008839721042138784
2277 0.008839587657830304
2278 0.008839294248516295
2279 0.008838984806042706
2280 0.008838783357335353
2281 0.008838779271517301
2282 0.008839118325895026
2283 0.008838848967314074
2284 0.008838762460023691
2285 0.00883889815782698
2286 0.008838951633088356
2287 0.00883894006770704
2288 0.008839010730105786
2289 0.008839164127502894
2290 0.008838939518950805
2291 0.008838712890965323
2292 0.008838574289432686
2293 0.008838698512876672
2294 0.008838672640453807
2295 0.008838558972114526
2296 0.008838659539636879
2297 0.008838795805965626
2298 0.008839086457971093
2299 0.0088392251605791
2300 0.008839506638168021
2301 0.008839562126599599
2302 0.008839380165182372
2303 0.008839207541033846
2304 0.00883921219445564
2305 0.008839402140869113
2306 0.008839408861554609
2307 0.008839189226437101
2308 0.008839060827061658
2309 0.008839505939984437
2310 0.008840060088610071
2311 0.008840613306269259
2312 0.008840432936794852
2313 0.008840259663897466
2314 0.008839934702133141
2315 0.00883974740975629
2316 0.008839745564529754
2317 0.008839788652217854
2318 0.008840146002454835
2319 0.008840554456714719
2320 0.008840607161443288
2321 0.008840444090040402
2322 0.008840658490764672
2323 0.008840773252558417
2324 0.00884104802692581
2325 0.00884181317100214
2326 0.00884221622251544
2327 0.008842310594791208
2328 0.008842062045171651
2329 0.008841907567089361
2330 0.008841897321926757
2331 0.008841936056915078
2332 0.008841838772763979
2333 0.008842172435238859
2334 0.008842839927042568
2335 0.008843387814299587
2336 0.008843605426276878
2337 0.008843777490063872
2338 0.008843689681472424
2339 0.008843958741697411
2340 0.008844503461999633
2341 0.008844622024610092
2342 0.008844459807527197
2343 0.008844682370520723
2344 0.008844629550634793
2345 0.00884487033242809
2346 0.008844959898939025
2347 0.00884513035705076
2348 0.008845952042312333
2349 0.008846851429667901
2350 0.008847107434009799
2351 0.008847351144377551
2352 0.008847380886229246
2353 0.00884713982086739
2354 0.008847172796531092
2355 0.008847288172799428
2356 0.00884744817870366
2357 0.008848039721820494
2358 0.00884845322754259
2359 0.008848809894795201
2360 0.008848994243572921
2361 0.008848902240803846
2362 0.008849147209987489
2363 0.008849368021867634
2364 0.008849776312736545
2365 0.008849982135572814
2366 0.008850050611835263
2367 0.008850218718027946
2368 0.008850475965739554
2369 0.008851306404138082
2370 0.008851866497173134
2371 0.008852506813995761
2372 0.008853118617746054
2373 0.008853533093504899
2374 0.00885382985049909
2375 0.008853864967153256
2376 0.008853616168740284
2377 0.008853534147147603
2378 0.008853473881688848
2379 0.008853478120998081
2380 0.008854093292296802
2381 0.008854924339555608
2382 0.008855717446138584
2383 0.008856416612793253
2384 0.008856680275651301
2385 0.008856733730565973
2386 0.008856719848241827
2387 0.008856983515091772
2388 0.008857286424986195
2389 0.008857784863386186
2390 0.00885826418269766
2391 0.008858863968336026
2392 0.008859291531785149
2393 0.008859435854835302
2394 0.008859294607005215
2395 0.008859567102747202
2396 0.008859592544996393
2397 0.008860298350719732
2398 0.008861234276684915
2399 0.008861819355992475
2400 0.008862152805314305
2401 0.008862528320542299
2402 0.008862873989775776
2403 0.008863079336769913
2404 0.008863278699076842
2405 0.008863877176111649
2406 0.008864316735051782
2407 0.008864724956736486
2408 0.008864980814907261
2409 0.008865149216979153
2410 0.008865699619825368
2411 0.008866034783000659
2412 0.008866598785904305
2413 0.008867351181381204
2414 0.008867879316214921
2415 0.008868461396700895
2416 0.008868843012057192
2417 0.008868800886163529
2418 0.008868913493277744
2419 0.00886930035543722
2420 0.008869954199036537
2421 0.008870533147054936
2422 0.008870766294873584
2423 0.008870760751003985
2424 0.00887126463277706
2425 0.0088713819058104
2426 0.008872123886414189
2427 0.008873287910284095
2428 0.008873559884524982
2429 0.008873809536295341
2430 0.008874212752220062
2431 0.008875163501763581
2432 0.008875816232869248
2433 0.008876135317564085
2434 0.008876331636626312
2435 0.008876740652293045
2436 0.008877093471011876
2437 0.008877502089859865
2438 0.008878049309919412
2439 0.008878603273442497
2440 0.008879141211595526
2441 0.008879817210275745
2442 0.008880671836297014
2443 0.008881245129233413
2444 0.008881332953202351
2445 0.008881495435592792
2446 0.008881605678593519
2447 0.008881789343312041
2448 0.008882535266865275
2449 0.008883370682572342
2450 0.00888397526961492
2451 0.008884534612915876
2452 0.008885148938789687
2453 0.008885708435760718
2454 0.008885842445893022
2455 0.008886341432091252
2456 0.008887219383323578
2457 0.008888194838611859
2458 0.008888635805658492
2459 0.008888794770517886
2460 0.008888810290362356
2461 0.00888883780203216
2462 0.008889291444415404
2463 0.008889987681938159
2464 0.008890861556987165
2465 0.008891663231521862
2466 0.008892115519732728
2467 0.00889248634312568
2468 0.008893082530748254
2469 0.008893761353801839
2470 0.008894793796450902
2471 0.008895835007084666
2472 0.008896246261998376
2473 0.008896496568013133
2474 0.008896522100105376
2475 0.00889669551435072
2476 0.008896817898909811
2477 0.008897227212375319
2478 0.008898072986291689
2479 0.008898960913380431
2480 0.008899631458972386
2481 0.008900434274075756
2482 0.008901084852513735
2483 0.008901368748808775
2484 0.008901847792081408
2485 0.00890270342422831
2486 0.008903098362300202
2487 0.008903218137341807
2488 0.008903822376005984
2489 0.008904536741283836
2490 0.008905111451291416
2491 0.00890543616162824
2492 0.008906203412574355
2493 0.008907293979301534
2494 0.008908053883525682
2495 0.008908535985320727
2496 0.008908702811012536
2497 0.008909034928726167
2498 0.008909195202532454
2499 0.008909981470276959
2500 0.008910992811591736
2501 0.008911570645359954
2502 0.008912358863848509
2503 0.008913166184653749
2504 0.008913564844417785
2505 0.008913762228067458
2506 0.008914010532691906
2507 0.008914962365285419
2508 0.008915762636671588
2509 0.008916135495978516
2510 0.008916221494332867
2511 0.008916402001220394
2512 0.008916823490273618
2513 0.008917569752848509
2514 0.00891864297895387
2515 0.008919298626458506
2516 0.008919949236326125
2517 0.008921046388810177
2518 0.008921840201034398
2519 0.008922419938621829
2520 0.008922847109866534
2521 0.008923084624323698
2522 0.008923638088759716
2523 0.008924238238726836
2524 0.008924914061463125
2525 0.00892548251341577
2526 0.00892624580829678
2527 0.008926911052582053
2528 0.008927749869466818
2529 0.008928307447713706
2530 0.008928511549433001
2531 0.008928796119051161
2532 0.00892921987838617
2533 0.008929612516130758
2534 0.008930323057690074
2535 0.008931322385478623
2536 0.00893223718997526
2537 0.008932879406434901
2538 0.008933372274772431
2539 0.008933765493679748
2540 0.008934321356431104
2541 0.008934877975097053
2542 0.008935469568092836
2543 0.008936219622047971
2544 0.008936581589769893
2545 0.008936979426886128
2546 0.008937776556966624
2547 0.008938816262373571
2548 0.008939371296217753
2549 0.008939935610259547
2550 0.008940707809977974
2551 0.00894151799052083
2552 0.008942210934048019
2553 0.008942415447893825
2554 0.008942720907405151
2555 0.008943392438808068
2556 0.008943980823254448
2557 0.00894469700888827
2558 0.008945615657997853
2559 0.008946283440159564
2560 0.008946676398363681
2561 0.008947048539230007
2562 0.008947477911460973
2563 0.008948138397834534
2564 0.0089488594728271
2565 0.008949778878538513
2566 0.008950435230411386
2567 0.008950901068356491
2568 0.008951526998706393
2569 0.008952208526786845
2570 0.008952742629120212
2571 0.008953677709297562
2572 0.008954732481070319
2573 0.008955530330074716
2574 0.008955900850254007
2575 0.008955962724217309
2576 0.008956067432277141
2577 0.008956646780450921
2578 0.008957200178789452
2579 0.008958257195956694
2580 0.008959324981154542
2581 0.008960238193310165
2582 0.00896063991045651
2583 0.008960815681844335
2584 0.008961120538531818
2585 0.008961395263130119
2586 0.008962081069049383
2587 0.008963293066804835
2588 0.008963802676361269
2589 0.008963999034362855
2590 0.008964505477942097
2591 0.008965612791533458
2592 0.008966468052584888
2593 0.008967370347431202
2594 0.008968226636963077
2595 0.008969290207701458
2596 0.008969845992728757
2597 0.008970199609112798
2598 0.00897044987271454
2599 0.008970864597811481
2600 0.008970764202002962
2601 0.00897102354111411
2602 0.008971564725587416
2603 0.008972454763574195
2604 0.008973726951568173
2605 0.008974784656762682
2606 0.008975503657847783
2607 0.008976278560559945
2608 0.00897676601202989
2609 0.0089770450024435
2610 0.008977575667774107
2611 0.008978165796061439
2612 0.008978434011578423
2613 0.008978925137467139
2614 0.008979267414847628
2615 0.008979579557328903
2616 0.008980659203971168
2617 0.008981542776029061
2618 0.00898256238392915
2619 0.008983637103633004
2620 0.008983920515375962
2621 0.008984032040483149
2622 0.008984329418129978
2623 0.008984862482950263
2624 0.008985600574024267
2625 0.008986520622295859
2626 0.008987391739556786
2627 0.008988257966352118
2628 0.008989165052318083
2629 0.00898943636150314
2630 0.008990013729787381
2631 0.008990746199506895
2632 0.00899097791764962
2633 0.008991202845458029
2634 0.008991619483435956
2635 0.008992101947822543
2636 0.008992688116332689
2637 0.008993680995582546
2638 0.008994477002718795
2639 0.008995251560798305
2640 0.00899579487350779
2641 0.0089962807000586
2642 0.008996569374767944
2643 0.008997056902441011
2644 0.008997966331104307
2645 0.008998541917927904
2646 0.00899894878729518
2647 0.008999584326663881
2648 0.009000269948491131
2649 0.009001015660795012
2650 0.009001424719616352
2651 0.009002035744848751
2652 0.009002627034779377
2653 0.009003232369853908
2654 0.009003969862573716
2655 0.009004587339776472
2656 0.009004870681678748
2657 0.009005489739074661
2658 0.009006124054460296
2659 0.009006697030824275
2660 0.009007771954486776
2661 0.00900846079585824
2662 0.009009041538652165
2663 0.009009629938890011
2664 0.009010017835873517
2665 0.00901022697570991
2666 0.009010704445740665
2667 0.009011318471372942
2668 0.009011942759126075
2669 0.009012377874824768
2670 0.009012727031558017
2671 0.009013236914552426
2672 0.009013620296057031
2673 0.009014190781659786
2674 0.00901513638051285
2675 0.009015855550300491
2676 0.009016388145422922
2677 0.009016753459703019
2678 0.009017395164944568
2679 0.009018182057230874
2680 0.009018819622020644
2681 0.00901940098425724
2682 0.009019928000758732
2683 0.009020471106532896
2684 0.009021031520385551
2685 0.009021676088937331
2686 0.009022712694439061
2687 0.009023157107422321
2688 0.00902366126390337
2689 0.009024233094206103
2690 0.00902457775226425
2691 0.009024879095324782
2692 0.009025529379978369
2693 0.009026166841627636
2694 0.009027076324099466
2695 0.009027852828048695
2696 0.009028226987236005
2697 0.009028475839555889
2698 0.009028574318652005
2699 0.009028612547358136
2700 0.009029422417372
2701 0.009030211111729017
2702 0.009030953882052337
2703 0.009031711283865014
2704 0.009032182053787929
2705 0.009032316219529067
2706 0.009032440777664913
2707 0.009032686374605211
2708 0.009033331046172235
2709 0.00903416356582239
2710 0.009035090321929106
2711 0.009036022306935338
2712 0.00903688302599592
2713 0.009037336027523883
2714 0.009037857704214272
2715 0.009038645321202748
2716 0.009039075316154005
2717 0.009039437581565658
2718 0.009039934132227308
2719 0.009040018221316077
2720 0.009040084696493398
2721 0.009040385982718856
2722 0.009040643856623487
2723 0.009041335864467854
2724 0.009042213472633091
2725 0.0090425522654224
2726 0.009043127282746161
2727 0.009043635791714664
2728 0.009044047346365734
2729 0.009044658305478339
2730 0.009045300843156636
2731 0.009045910149897514
2732 0.009046607417887851
2733 0.009047011201059557
2734 0.009047213838203397
2735 0.009047669718981227
2736 0.009048327146400277
2737 0.009048885844498021
2738 0.009049438722089326
2739 0.009050339187610756
2740 0.009051022443730017
2741 0.00905134679149157
2742 0.009051171938588251
2743 0.009051176952068134
2744 0.009051583720313278
2745 0.009052354861280183
2746 0.009053179368030212
2747 0.009053735541891811
2748 0.009054110459962373
2749 0.009054296936608782
2750 0.009054850827825469
2751 0.009055434222015759
2752 0.00905586372330669
2753 0.009056172790068687
2754 0.009056976571847602
2755 0.009057709521293133
2756 0.009058216422698825
2757 0.009058837740467793
2758 0.00905939245866547
2759 0.009059888564688179
2760 0.009060338058683859
2761 0.009060814368811489
2762 0.009061124963208654
2763 0.009060961467895382
2764 0.009061061069174991
2765 0.009061593689544402
2766 0.009062458001508338
2767 0.009063353527957407
2768 0.009064148948039023
2769 0.009064626921196474
2770 0.009064657590675243
2771 0.00906478186989235
2772 0.009064974725436492
2773 0.009065348883828997
2774 0.009065802949710556
2775 0.009066191132792169
2776 0.009066744738157136
2777 0.009066919970924788
2778 0.009067510693303697
2779 0.009067879552452394
2780 0.009068456476782111
2781 0.009068836413536676
2782 0.009069372599291312
2783 0.009069966133453074
2784 0.009070461608746895
2785 0.009070873403161312
2786 0.009071099694508348
2787 0.009071378425087279
2788 0.009071719121259231
2789 0.009072148921061528
2790 0.009072589568439071
2791 0.009072862681676773
2792 0.009073112868183084
2793 0.009073534145851823
2794 0.009074039445139652
2795 0.009074746468903411
2796 0.009075228348632973
2797 0.009075694453113398
2798 0.009076253842033893
2799 0.009076936071367309
2800 0.00907721071869933
2801 0.009077430750132639
2802 0.009077841192100629
2803 0.009077910524689075
2804 0.009078158005607764
2805 0.009078765899889383
2806 0.009079044912359256
2807 0.009079672039323491
2808 0.009080447241256817
2809 0.009080913588511068
2810 0.009081231024230353
2811 0.0090813600938464
2812 0.009081564105266213
2813 0.00908186252481471
2814 0.009082204176744773
2815 0.009082432879947562
2816 0.009082591304120974
2817 0.00908252860867211
2818 0.009082735382042115
2819 0.009083446837012534
2820 0.009083920257464531
2821 0.009084349735704992
2822 0.009085077825346365
2823 0.009085995901193003
2824 0.009086488466905069
2825 0.009086666504239454
2826 0.009086865141306161
2827 0.009087269732067879
2828 0.009087879297724186
2829 0.009088054627387892
2830 0.009087870397677214
2831 0.00908812668631186
2832 0.009088312513101037
2833 0.009088843217292187
2834 0.009089319105654331
2835 0.009089361509626
2836 0.009089591447950443
2837 0.00908987918772637
2838 0.009090351965923994
2839 0.009090800497520099
2840 0.009091046294498962
2841 0.009091592868426165
2842 0.009092192668539178
2843 0.009092572359666677
2844 0.009092543015523669
2845 0.009092573955197192
2846 0.009092478882833982
2847 0.009092807268168376
2848 0.009093665724554986
2849 0.009094129850330842
2850 0.009094342923020971
2851 0.009094868463282666
2852 0.00909564933438415
2853 0.009096221454118161
2854 0.009096547464704306
2855 0.009096694293561405
2856 0.009096667863934878
2857 0.009096681207096486
2858 0.009096886497315363
2859 0.009096870689623872
2860 0.00909694994863196
2861 0.009097173241112385
2862 0.009097542917419665
2863 0.009098270334383207
2864 0.009098776987108152
2865 0.009099276221775143
2866 0.009099819739983897
2867 0.009099986305013682
2868 0.009099747290627928
2869 0.009099499299481473
2870 0.009099730560722571
2871 0.009100159053208235
2872 0.009100466280065143
2873 0.009100750763386066
2874 0.009100912316285693
2875 0.00910118622814547
2876 0.009101252044822638
2877 0.009101903643770467
2878 0.009102701367373303
2879 0.009103345408121149
2880 0.009103848672071526
2881 0.009104377355440063
2882 0.009104624492137
2883 0.009104558632956211
2884 0.009104665361290126
2885 0.009104897609349296
2886 0.009104966030227139
2887 0.009104797613422689
2888 0.009104631919350405
2889 0.009104787479866441
2890 0.009104450234378664
2891 0.009104590061104593
2892 0.009105092677216155
2893 0.009105781324042269
2894 0.009106862064897768
2895 0.009107635011596588
2896 0.009108083086642701
2897 0.009108342321040901
2898 0.009108364359127265
2899 0.009108321778550014
2900 0.009108484860608484
2901 0.009108307118242948
2902 0.009108071145688684
2903 0.009108278962174879
2904 0.009108278565059236
2905 0.009108499872686247
2906 0.009109135289587605
2907 0.00910963166237173
2908 0.00910994828871361
2909 0.009110203872010052
2910 0.009110514645421024
2911 0.009110523216666796
2912 0.009110342223276233
2913 0.009110423227939639
2914 0.009110709648103166
2915 0.009110885352436446
2916 0.009111541922452946
2917 0.009112047250986919
2918 0.009112141886285403
2919 0.009112083362575345
2920 0.009112094443677851
2921 0.009112799208934661
2922 0.009113411833827561
2923 0.009113693688697869
2924 0.009113646447700553
2925 0.009113352698553921
2926 0.009113097210548491
2927 0.009113052983003552
2928 0.009113142915914186
2929 0.009113706944882168
2930 0.00911427759406189
2931 0.009114258857829068
2932 0.009114415054600559
2933 0.009114615522072477
2934 0.009114866573921998
2935 0.009115440958279817
2936 0.009115873726046598
2937 0.009116003346734685
2938 0.009116083692311145
2939 0.009115795376952786
2940 0.009115508107607875
2941 0.009115465127925149
2942 0.00911561021102765
2943 0.0091163421413395
2944 0.009116701841494431
2945 0.009116855981642639
2946 0.009116987965154789
2947 0.009117109358962292
2948 0.009117282757672545
2949 0.009117792234299789
2950 0.009117820713784468
2951 0.009117906289386491
2952 0.009117983667326303
2953 0.009118016218226841
2954 0.009118098700860052
2955 0.009118155265055652
2956 0.009118173069565199
2957 0.009118535956232415
2958 0.009118961638281043
2959 0.009119293121682382
2960 0.00911938255302394
2961 0.009119595547314251
2962 0.009119638639788369
2963 0.009119528202975244
2964 0.009119646639251855
2965 0.009119820896587701
2966 0.009119634657498748
2967 0.009119688968968205
2968 0.009119771215226356
2969 0.009119911529665232
2970 0.009120135798602646
2971 0.009120620708514372
2972 0.009120818149982274
2973 0.009120826992910478
2974 0.009120646527143058
2975 0.009120724787745898
2976 0.009120856082884635
2977 0.009121104788074019
2978 0.009121399989699339
2979 0.00912191648420021
2980 0.009122134850609207
2981 0.009122187864146416
2982 0.009122215351929862
2983 0.009122273274437978
2984 0.00912230108247016
2985 0.009122585655650703
2986 0.009123077206184545
2987 0.009122888191361948
2988 0.009122269172364323
2989 0.009121975278481947
2990 0.00912211486681507
2991 0.009122360289017696
2992 0.009122882948485199
2993 0.009123539055994683
2994 0.00912347141611352
2995 0.009123220156127196
2996 0.009123082531682373
2997 0.009123198204849987
2998 0.00912334887115829
2999 0.009123520301873224
3000 0.009123845112331101
