"drag-rfile"
"Iteration" "drag"
("Iteration" "drag")
1 1.294764848194566
2 1.722976612265537
3 2.016526112154841
4 2.179006845276182
5 2.260982809919632
6 2.260270429695715
7 2.183442124733882
8 2.049097503692279
9 1.884476027393415
10 1.71875851052282
11 1.571562437034227
12 1.448893083572083
13 1.368778165386768
14 1.28941366879027
15 1.215983426138992
16 1.145063314009839
17 1.075634446112566
18 1.0040925441559
19 0.9302903399715694
20 0.8535237477375557
21 0.7748750207648518
22 0.6962241266787929
23 0.618791860287891
24 0.5420566583936614
25 0.4685655858105615
26 0.398106158412955
27 0.3321833509825595
28 0.2715740177591076
29 0.2160328284908159
30 0.1649283190391955
31 0.1184284332300843
32 0.07632321717545348
33 0.03854215379718833
34 0.005480394724611224
35 -0.02368078086650441
36 -0.04914076428419906
37 -0.07112231164548692
38 -0.08968325109237615
39 -0.1053699321106976
40 -0.118477861194457
41 -0.1292162309545409
42 -0.1378545130456056
43 -0.1444747110866894
44 -0.1491107576759564
45 -0.1520774119703121
46 -0.1536795571474661
47 -0.1538828534027756
48 -0.1529935223371351
49 -0.151116476675489
50 -0.1484869328821043
51 -0.1450640688907733
52 -0.1410849990583031
53 -0.1366800164538255
54 -0.1319574505568281
55 -0.1270721308883078
56 -0.1221227983860132
57 -0.1172504121846523
58 -0.1124131137890385
59 -0.1077294275512489
60 -0.1030591042488344
61 -0.09850368729704224
62 -0.09438744642377922
63 -0.09039997813798016
64 -0.08635738703687654
65 -0.08197811051312597
66 -0.07795763226761839
67 -0.07386046430245695
68 -0.0696375188920384
69 -0.06563978732688523
70 -0.06139127753507655
71 -0.05739682233022496
72 -0.05363377716783463
73 -0.04936196751551578
74 -0.04498331287576089
75 -0.04045330588384973
76 -0.03582086672325671
77 -0.03077296435946526
78 -0.02559989402598028
79 -0.02015424509697002
80 -0.01449480343282955
81 -0.008574072199887498
82 -0.002351851861928099
83 0.004136425180294226
84 0.01090441907272319
85 0.01787305364386913
86 0.02512255341575415
87 0.03263078590805933
88 0.04028942173884011
89 0.04809924900776424
90 0.05590882572426967
91 0.06381838202177227
92 0.07180064513374271
93 0.07983859102451568
94 0.08790581448484014
95 0.09589296042512414
96 0.1038668264222085
97 0.1117595882051832
98 0.119558133379556
99 0.1273395708690332
100 0.1349722530445193
101 0.1422762228662316
102 0.1493318622648629
103 0.1561018567130401
104 0.1625491383862866
105 0.1682960849465944
106 0.1736798811786716
107 0.1786827248502788
108 0.1832846744435887
109 0.1874566085489035
110 0.1911874214340974
111 0.1944585742336381
112 0.1972546111154944
113 0.1995819904976387
114 0.201425261755532
115 0.2027874745949696
116 0.2036561753392619
117 0.204028707136415
118 0.2040177744681213
119 0.2035004469443104
120 0.2023973428775865
121 0.2007521257899145
122 0.19856581003039
123 0.1958440296112433
124 0.1924981632287912
125 0.1885712972366295
126 0.1841251360587135
127 0.1791721762007908
128 0.1737526128437956
129 0.1678879517148876
130 0.1616611693763086
131 0.1537725810855546
132 0.1469683902776414
133 0.139918258380007
134 0.1326828452662455
135 0.125349737961235
136 0.1179212524187728
137 0.1104421657995107
138 0.102955382879292
139 0.09550156682401954
140 0.08811568346329658
141 0.08083342458081844
142 0.07369115598456429
143 0.06671913399613488
144 0.05998546825061812
145 0.05347014118202271
146 0.04719563972957634
147 0.04119803510137191
148 0.03547655559028894
149 0.03000090119749906
150 0.0248331937120587
151 0.01997777762801416
152 0.0154603712823013
153 0.0112762744293553
154 0.007431214056581656
155 0.003936204618353575
156 0.0007779775358975692
157 -0.002035721626214234
158 -0.004497315386957044
159 -0.006619547239285087
160 -0.008410608613435415
161 -0.009870893366422636
162 -0.01099719507844867
163 -0.0118283860383255
164 -0.01231127460200105
165 -0.01248715175346644
166 -0.01236213735676528
167 -0.01187999393065189
168 -0.01116874967202394
169 -0.01018747043163649
170 -0.00894204457205686
171 -0.007440709163761493
172 -0.005692725517542135
173 -0.003708891456187893
174 -0.001500324834407682
175 0.0009242335715354545
176 0.003554199701830407
177 0.006388938128374503
178 0.009407598895510086
179 0.01259673630709864
180 0.01594541614400888
181 0.01944427348435286
182 0.02307001865661059
183 0.02679699970250328
184 0.03063028006702184
185 0.0345575337857878
186 0.03856591045032981
187 0.04264145030032255
188 0.04677073560499117
189 0.05096442855554033
190 0.05518872637533322
191 0.0594242316461561
192 0.06365540002572044
193 0.06785512911078073
194 0.07202337771374145
195 0.07614705083951735
196 0.08021623745716464
197 0.08421585943380654
198 0.08813326323404322
199 0.09195771250852643
200 0.09566752273131172
201 0.09925461541064011
202 0.1027189679168796
203 0.1060484990451079
204 0.1092359084972379
205 0.1123043855357138
206 0.1152087831153644
207 0.1179413418811199
208 0.1204946344488188
209 0.1228612424981941
210 0.1250342513103389
211 0.1270025455684713
212 0.1287662540534179
213 0.1303235281453085
214 0.1316690475398956
215 0.1327941848043762
216 0.1336964735586504
217 0.1343742026037821
218 0.1348214893963484
219 0.1350404734377448
220 0.1350304589142564
221 0.1347910676441743
222 0.1343254539935009
223 0.133635253993617
224 0.1327237203192571
225 0.1315940886218391
226 0.1302513343782063
227 0.1287019835809314
228 0.1269523842083395
229 0.1250084504741338
230 0.1228788081619955
231 0.1205713014691429
232 0.1180990740477693
233 0.1154699157238043
234 0.1126900846047626
235 0.1097728040899599
236 0.106732285600942
237 0.1035812060443248
238 0.1003329753015041
239 0.09700023969018866
240 0.09359760252841227
241 0.0901333632290755
242 0.08662862103258855
243 0.0831120184595969
244 0.07958356484036516
245 0.07605742980840788
246 0.07254845234457519
247 0.06907059911335838
248 0.06562647708127545
249 0.06224300835394451
250 0.05893352395910388
251 0.05571124263712336
252 0.05258890115551458
253 0.04958300375791232
254 0.04669667265762681
255 0.04394436311488895
256 0.04133587332966737
257 0.03888011488117347
258 0.03658497714133071
259 0.03445766690202156
260 0.03250541510951589
261 0.03073278477943569
262 0.02914515951985923
263 0.02774157448209124
264 0.02652936092859342
265 0.02551267060015692
266 0.02469300602796374
267 0.02406747672725844
268 0.02363296146956662
269 0.02339049774934091
270 0.02333668813393119
271 0.02346848829481989
272 0.02378245042917925
273 0.02427477798992623
274 0.02493803452012353
275 0.02576689416126299
276 0.02675446353828914
277 0.02789415008749132
278 0.02917879942298246
279 0.03059912888887524
280 0.03214939779546838
281 0.03381871366680195
282 0.03559889161634681
283 0.0374809561771312
284 0.03945530733732876
285 0.0415156038781124
286 0.04365000803519004
287 0.04584903593893117
288 0.04810358730143199
289 0.05041686686347457
290 0.05276845516712535
291 0.05514734958609389
292 0.05753729346857122
293 0.05994156080125071
294 0.06234616050576558
295 0.06473845073188519
296 0.06711410877235491
297 0.06946527271783763
298 0.07178358049284314
299 0.07406178131822776
300 0.07629661161577865
301 0.07847299268875352
302 0.08059275893194876
303 0.08264409846337861
304 0.08462043539239315
305 0.08651604701329713
306 0.08832472843035601
307 0.09003986886343374
308 0.09165827237617356
309 0.09317572536226651
310 0.09458769730881814
311 0.0958905250948582
312 0.09707987556514616
313 0.09815330123657291
314 0.09910814985781877
315 0.09994212216510316
316 0.1006535300541293
317 0.101241039333489
318 0.1017037931187228
319 0.1020411253123132
320 0.1022517274828539
321 0.1023386548730262
322 0.1022979537751819
323 0.1021337321892169
324 0.1018472997248104
325 0.1014405569980743
326 0.1009148983278951
327 0.100274143662191
328 0.09952091121109934
329 0.09865889832903427
330 0.09768982650705262
331 0.09661920747704747
332 0.09545168981628972
333 0.09419275247787415
334 0.09284563145400504
335 0.0914165342705506
336 0.08991076018544326
337 0.08833473248700956
338 0.08669564986661349
339 0.08499826988315128
340 0.08324915103052051
341 0.08145479547730508
342 0.0796214448468151
343 0.07775724823452773
344 0.07586913247420897
345 0.07396408928991574
346 0.07205317244032855
347 0.070143061265904
348 0.06823700548353109
349 0.06634229718422273
350 0.06446551231643782
351 0.0626135992875291
352 0.06079375615241128
353 0.0590120408968205
354 0.05727497435696648
355 0.05558857485877947
356 0.05395917739735189
357 0.05239227425623412
358 0.05089144207310692
359 0.04946364289262614
360 0.04811629160558009
361 0.04685097002090031
362 0.04567207037796955
363 0.04458320908848626
364 0.04358325098467489
365 0.04268036869808178
366 0.04187726590939347
367 0.04117542321419641
368 0.04057909625534136
369 0.0400876412624547
370 0.03970186101194243
371 0.03942195815609945
372 0.03925202185934774
373 0.03918689235495145
374 0.03922579542697777
375 0.03936713925921602
376 0.03960922544090608
377 0.03994965025262853
378 0.04038625810943761
379 0.04091573586173493
380 0.04153633258844643
381 0.04224307233717493
382 0.04303198133682538
383 0.04389860588896002
384 0.04483846146259569
385 0.04584703456976976
386 0.04691897685885209
387 0.04804947074352966
388 0.04923188804505659
389 0.05046209751802093
390 0.05173449625346829
391 0.0530430620088233
392 0.05438181557182142
393 0.05574491939436782
394 0.05712807553911686
395 0.05852415086311689
396 0.05992668148235256
397 0.06132995782886812
398 0.0627291591625143
399 0.06411769310145773
400 0.06548986072011125
401 0.06684008795381446
402 0.06816290634701823
403 0.06945336258255382
404 0.07070687349750679
405 0.0719180535905033
406 0.07308314708369137
407 0.07419804388984068
408 0.07525868191097609
409 0.0762615289017443
410 0.0772032640037402
411 0.07807969831942918
412 0.0788892833985131
413 0.07962957979648945
414 0.08029844053851093
415 0.08089426112770998
416 0.08141544551648833
417 0.08186069625523178
418 0.08222865072104781
419 0.08251917072976533
420 0.08272761651563318
421 0.08285923163110696
422 0.08291400854080222
423 0.08289264637158304
424 0.08279555686491869
425 0.08262342997125237
426 0.08237856910118213
427 0.08206238331491288
428 0.08167653638010544
429 0.08122505842718636
430 0.08070824356022681
431 0.08012852628547704
432 0.07948871709180276
433 0.07879163835704664
434 0.07804171353635091
435 0.07724033219800119
436 0.07639107314846698
437 0.07549741099981892
438 0.07456312020682138
439 0.07359193173857119
440 0.07258894508843201
441 0.07155627587799812
442 0.07049860597524928
443 0.06942000067817998
444 0.06832436741979012
445 0.06721542754074168
446 0.06609789195620887
447 0.06497565670947356
448 0.06385287119429971
449 0.06273334035866114
450 0.06162155915632511
451 0.06052120828525008
452 0.05943582588163159
453 0.05836904760741413
454 0.057324994809998
455 0.05630708235786794
456 0.05531827809703108
457 0.05436192778103277
458 0.05344130261533379
459 0.05255866162034394
460 0.05171172947282794
461 0.05090883984011078
462 0.05015210337861396
463 0.04944395180304359
464 0.04878499610045425
465 0.04817820389451909
466 0.04762512853793941
467 0.04712704178350558
468 0.0466847943457363
469 0.04629943306899324
470 0.04597198363988885
471 0.04570194983623615
472 0.04548973020324168
473 0.04533522635123267
474 0.04523797837810591
475 0.04519751117031809
476 0.04521318812031048
477 0.04528385123324651
478 0.04541015680476956
479 0.04558900350592737
480 0.04581849417351851
481 0.04609669050405509
482 0.04642189271178133
483 0.04679402143978915
484 0.04720840938518097
485 0.0476630645836685
486 0.04815549450119105
487 0.04868254248481681
488 0.04924199238779577
489 0.04983096053436992
490 0.0504462067165246
491 0.05108504288110825
492 0.05174476041652273
493 0.05241846564136216
494 0.05310657606354908
495 0.05380617701951638
496 0.05451410854159682
497 0.05522764536240884
498 0.05594380424781921
499 0.05665979762527209
500 0.05737265175790227
501 0.05807971357106898
502 0.0587785226410292
503 0.05946611572236376
504 0.0601395033587447
505 0.06079638916282101
506 0.06143396943101802
507 0.06205031935332038
508 0.06264291893178843
509 0.06320890950648501
510 0.0637470046385277
511 0.06425516616067578
512 0.06473180669282637
513 0.06517555054167476
514 0.0655796759707427
515 0.06594896345731853
516 0.06628218791775117
517 0.06658325110323612
518 0.06684612058189809
519 0.06707019036348889
520 0.06725475357127357
521 0.06739941247166366
522 0.0675040651019905
523 0.06756860866771293
524 0.06759315189622557
525 0.0675784371624137
526 0.06752489365840639
527 0.06743318567421233
528 0.06730338944947256
529 0.06713700796260023
530 0.06693471840405556
531 0.06669782961153868
532 0.06642749253485811
533 0.06612456642086156
534 0.06579169820979607
535 0.06542866022594382
536 0.06503799512125175
537 0.06462304927457145
538 0.06418370557954324
539 0.0637221141086898
540 0.06324000585618442
541 0.06273934735502822
542 0.06222190288681508
543 0.06169011564761816
544 0.06114567327832438
545 0.06059073532028054
546 0.06002749218152552
547 0.05945815318665716
548 0.05888308003664808
549 0.05830601628830476
550 0.0577289883779231
551 0.0571538889134323
552 0.05658253177871681
553 0.05601713247788442
554 0.0554605948573996
555 0.05491367265371501
556 0.05437792459485944
557 0.0538548401767856
558 0.05334591724333457
559 0.05285235566984541
560 0.05237556866757315
561 0.05191692112938064
562 0.05147764722231123
563 0.05105908176739234
564 0.05066201389612975
565 0.05028726719209148
566 0.04993568742501935
567 0.04960800848495589
568 0.04930510914571025
569 0.04902715619083164
570 0.04877467898217811
571 0.0485479173166182
572 0.04834708493054714
573 0.04817232110613579
574 0.04802347861012699
575 0.04790044866700603
576 0.04780349309142955
577 0.04773199560640296
578 0.04768528470270818
579 0.04766330251024291
580 0.04766521607706541
581 0.04769117532748448
582 0.04773973761217586
583 0.04781016100894241
584 0.04790183676038575
585 0.04801411011899671
586 0.048145780229703
587 0.04829609888722979
588 0.04846380862182152
589 0.04864786294196732
590 0.04884707770238668
591 0.04906016078227413
592 0.04928595269325503
593 0.04952338728115956
594 0.04977120965565377
595 0.05002843526220226
596 0.05029354781423326
597 0.05056671485132723
598 0.05084529669830248
599 0.05112786951180137
600 0.05141285298282976
601 0.05169926975167363
602 0.05198583787188674
603 0.05227188453185459
604 0.05255574143922587
605 0.05283659686329389
606 0.0531125046652148
607 0.0533827795774245
608 0.0536464034142311
609 0.05390261417436833
610 0.05414998170787581
611 0.05438762332956641
612 0.05461456229030975
613 0.05483026559285038
614 0.05503349787368055
615 0.05522409237399725
616 0.05539913771121287
617 0.05556016779048691
618 0.05570643418788398
619 0.05583761466279769
620 0.05595303597057717
621 0.05605250676065929
622 0.05613551588992647
623 0.05620193139859928
624 0.05625137772489402
625 0.05628391942050091
626 0.05629936639486104
627 0.05629752269773523
628 0.05627847353480198
629 0.05624242615641089
630 0.05618948193959612
631 0.05612000929366134
632 0.05603431667984356
633 0.05593253198008496
634 0.05581499799754726
635 0.05568191095099207
636 0.05553351582277528
637 0.0553704459214654
638 0.05519328347786207
639 0.05500277532088915
640 0.0547994534226508
641 0.05458416109669236
642 0.05435756001741498
643 0.05412045918227725
644 0.05387335567925383
645 0.05361718057041222
646 0.05335259923570995
647 0.05308040861464904
648 0.05280137875321396
649 0.05251651241258978
650 0.05222658502270171
651 0.05193253126792641
652 0.05163523726283794
653 0.0513356218466835
654 0.05103480934995666
655 0.05073307186624859
656 0.05043274404998093
657 0.05013317635995478
658 0.04983514348811442
659 0.04953975635268917
660 0.0492474557680519
661 0.04895908385255941
662 0.04867370271481608
663 0.04839375416781459
664 0.04811986793023384
665 0.04785265835228314
666 0.0475926228667732
667 0.04734032093625305
668 0.04709630374214564
669 0.04686127304806718
670 0.04663540876475983
671 0.0464193302999547
672 0.04621314438129238
673 0.04601752428745334
674 0.04583299137725022
675 0.04565971649170816
676 0.04549807947702075
677 0.04534799954036851
678 0.04520952999576581
679 0.04508326534142333
680 0.04496878952859381
681 0.04486622708084103
682 0.04477566162903855
683 0.04469716228000985
684 0.04463051182280904
685 0.04457564660405816
686 0.04453231738264513
687 0.04450037360026929
688 0.0444794318225827
689 0.04446950891652633
690 0.04447021466441123
691 0.04448143868374654
692 0.04450262373864123
693 0.04453324069623538
694 0.04457317347533328
695 0.04462207621449047
696 0.04467926878066646
697 0.04474415414245188
698 0.04481600924897946
699 0.04489451426731884
700 0.04497929949098058
701 0.04506971554436653
702 0.04516520345438884
703 0.04526511495696085
704 0.04536875918968523
705 0.04547542281234228
706 0.04558468892410342
707 0.04569606400352426
708 0.04580867354732103
709 0.04592208800135195
710 0.04603549525332198
711 0.04614819723521383
712 0.0462595550987166
713 0.04636895341259662
714 0.04647581191407365
715 0.04657974176638458
716 0.04667969592388498
717 0.04677552224129267
718 0.0468666168497384
719 0.04695245000971714
720 0.04703226683044266
721 0.04710603072829264
722 0.04717284027133223
723 0.04723227790196328
724 0.04728383662998555
725 0.04732723538944679
726 0.04736191021285809
727 0.04738789533424761
728 0.04740503624016317
729 0.04741298355649568
730 0.04741153828028658
731 0.04740044181780531
732 0.04737927245545984
733 0.04734770450512719
734 0.04730592120667948
735 0.04725377934144304
736 0.04719140959185917
737 0.0471192675708411
738 0.04703727857291391
739 0.04694617287204476
740 0.04684541673141967
741 0.04673501029805924
742 0.04661522316765721
743 0.04648629411534675
744 0.04634824432246748
745 0.04620146262155239
746 0.04604662462961633
747 0.04588419629007376
748 0.04571443227015644
749 0.04553760624231357
750 0.0453539819456338
751 0.04516418720235889
752 0.04496837792897309
753 0.04476723531982751
754 0.04456144152402053
755 0.04435144003249993
756 0.04413796570105701
757 0.04392165496681188
758 0.04370308756884542
759 0.0434827233570633
760 0.04326103250317335
761 0.04303886698610179
762 0.04281676220062831
763 0.04259494072727105
764 0.04237404867360146
765 0.04215496673427516
766 0.04193811610945886
767 0.04172432539528421
768 0.04151402768451525
769 0.04130785432514106
770 0.04110631847945132
771 0.04090972787960891
772 0.04071848303986924
773 0.04053287891907469
774 0.04035309817770625
775 0.04018002795483789
776 0.04001377679764603
777 0.0398545450506578
778 0.03970280571237243
779 0.0395590111165162
780 0.0394234307238879
781 0.03929608032075564
782 0.03917711067670704
783 0.03906663194915491
784 0.03896458428138789
785 0.03887101385456379
786 0.03878590165786371
787 0.03870934939060221
788 0.03864133875249632
789 0.03858204252018468
790 0.03853081371773493
791 0.03848763182408451
792 0.03845216873346473
793 0.0384242408530415
794 0.03840341520072906
795 0.03839012204181451
796 0.03838921963174733
797 0.03839073374734074
798 0.03839783161670728
799 0.03841052863033029
800 0.03843619068175197
801 0.03845974480666313
802 0.03848661157595511
803 0.03851682711777213
804 0.03855006231476694
805 0.03859478005937225
806 0.03863374843706146
807 0.03867425757088571
808 0.03871591918875067
809 0.03875839621959924
810 0.0388013353252608
811 0.03884458200238166
812 0.03888756385789367
813 0.03892990050702899
814 0.03897110278733109
815 0.03901095788210254
816 0.03904903304803829
817 0.03908512206104055
818 0.03911844572304785
819 0.03915085005225402
820 0.03918023921078831
821 0.03920620768096678
822 0.0392283274726451
823 0.03924626728932622
824 0.03925946639838371
825 0.03926805134714662
826 0.03927138901373233
827 0.03926933981150348
828 0.03926167167105209
829 0.03924842493697898
830 0.0392291102814098
831 0.03920369387634352
832 0.0391721295141267
833 0.03913447027806522
834 0.03909045713421806
835 0.03904050647773929
836 0.03898468152050742
837 0.03892287408193203
838 0.03885511256254762
839 0.03878139584573338
840 0.0387016166683238
841 0.0386163333012626
842 0.03852529524954024
843 0.03842322577195614
844 0.03832322427048684
845 0.03821783230675397
846 0.03810770388899976
847 0.03799311701726589
848 0.03787426910398151
849 0.03775133160943262
850 0.03762439797919844
851 0.03749406306350229
852 0.03736008791133684
853 0.03722303138115218
854 0.03708346402897708
855 0.03694220755807459
856 0.03679910121121041
857 0.03665456550514705
858 0.03650918343021568
859 0.03636307085672559
860 0.03621627800739189
861 0.03606913068667141
862 0.03592183401594873
863 0.03577478766127435
864 0.03562836392838844
865 0.03548307246480562
866 0.03533923048564641
867 0.03519709319433677
868 0.0350568058758004
869 0.0349187659452493
870 0.03478305313715647
871 0.03464985958200678
872 0.03451929027856997
873 0.03439195590219979
874 0.03426782273207036
875 0.0341471982855947
876 0.03403039479835777
877 0.03391726946043981
878 0.03380800662633977
879 0.03370279529934728
880 0.03360152741099488
881 0.03350425667740609
882 0.03341119425795625
883 0.03332255979763808
884 0.03323835822981628
885 0.03315198150579911
886 0.03307824837702166
887 0.03300844222982311
888 0.03294246776889002
889 0.03287621394344505
890 0.03281973075224502
891 0.03276369962589935
892 0.03271573657749925
893 0.03266838494251076
894 0.03262787252422885
895 0.03258831013724053
896 0.03255456534370133
897 0.03252216427425281
898 0.03249397991434211
899 0.0324692616999835
900 0.03244530707667624
901 0.03242474626367197
902 0.03240707724263992
903 0.03238984373053896
904 0.0323750789210845
905 0.03236196627013466
906 0.03234872862531045
907 0.0323374598512912
908 0.03232704306230878
909 0.03231670310595171
910 0.03230737240862561
911 0.03229804712875151
912 0.03228976415070183
913 0.03228096563693648
914 0.03227118021854194
915 0.03226172590741851
916 0.03225075678949072
917 0.03223945172285175
918 0.03222646650068216
919 0.03221287852042989
920 0.03219884786428798
921 0.03218209612227637
922 0.0321645678866886
923 0.03214638502881598
924 0.03212506471935921
925 0.03210232239681612
926 0.03207824782507157
927 0.03205215006134407
928 0.03202361816124067
929 0.03199200087593775
930 0.03195755684502497
931 0.0319211070270309
932 0.03188208300283791
933 0.03184050254633896
934 0.03179637467616645
935 0.0317495552359359
936 0.03169998554052905
937 0.03164782712247832
938 0.03159297346359311
939 0.03153529125078506
940 0.03147466741725929
941 0.03141131862375945
942 0.03134543439595273
943 0.03127713140725128
944 0.03120668415280063
945 0.03113386242843116
946 0.03105847083487325
947 0.03098087436540498
948 0.03090104899908211
949 0.03081921566382491
950 0.03073562224943944
951 0.03065058901083309
952 0.0305640848119793
953 0.03047631673633665
954 0.03038727793144641
955 0.0302969970681716
956 0.03020578064295006
957 0.03011380394814756
958 0.03002103029684975
959 0.02992746630647386
960 0.02983328702974933
961 0.02973874406725054
962 0.02964416534126434
963 0.02954985694426373
964 0.02945590371398077
965 0.02936243784892165
966 0.02926940808235141
967 0.02917699669985112
968 0.0290850786823161
969 0.02899391238309587
970 0.02890364853440477
971 0.02881459424335298
972 0.02872687567694975
973 0.02864055472144284
974 0.02855554875385338
975 0.02847188549166458
976 0.02838976110501072
977 0.02830917838356347
978 0.02823017980698716
979 0.02815319342906602
980 0.02807812553304648
981 0.02800498103377952
982 0.02793368128517901
983 0.02786457028992366
984 0.02779742321222909
985 0.02773204830539071
986 0.02766859204451119
987 0.02760694775242519
988 0.0275473447229837
989 0.02748970005753632
990 0.02743378982039373
991 0.02737959820157052
992 0.02732730027901504
993 0.02727708558758714
994 0.02722886370455959
995 0.02718247642475936
996 0.0271378939959823
997 0.02709500997677562
998 0.02705347696878146
999 0.0270130373090449
1000 0.02697377563347499
1001 0.02693569622373889
1002 0.02689916609889895
1003 0.02686414535939301
1004 0.02683044539938605
1005 0.02679803125032166
1006 0.02676652774189775
1007 0.02673593015459364
1008 0.02670604090161298
1009 0.02667670199553645
1010 0.02664782624927689
1011 0.02661940138692622
1012 0.02659148465506004
1013 0.02656388885218036
1014 0.0265364458945624
1015 0.02650908301746595
1016 0.02648171651462664
1017 0.02645461989016327
1018 0.02642758480019088
1019 0.02640040579770395
1020 0.02637300465319371
1021 0.02634511452432366
1022 0.0263168231256692
1023 0.02628801878526548
1024 0.02625873790916671
1025 0.02622864796461454
1026 0.02619780330785465
1027 0.02616616593925425
1028 0.02613387501821508
1029 0.0261009260959686
1030 0.02606742104997343
1031 0.02603312867606882
1032 0.02599778844150717
1033 0.02596150612297867
1034 0.02592422825548434
1035 0.02588579371185715
1036 0.02584622278150677
1037 0.02580557476793222
1038 0.02576379287954247
1039 0.02572109517424661
1040 0.0256772546858515
1041 0.0256325068163469
1042 0.02558660277933983
1043 0.02553965989446905
1044 0.02549158406673737
1045 0.02544240666142848
1046 0.02539227034922678
1047 0.02534137458508017
1048 0.02528982682626021
1049 0.02523714343776021
1050 0.02518351710801488
1051 0.02512888252665364
1052 0.02507321434161245
1053 0.02501670199147278
1054 0.02495955685389046
1055 0.02490182874581534
1056 0.02484351929367319
1057 0.02478476207365208
1058 0.02472573831161634
1059 0.02466612195157214
1060 0.02460598584596808
1061 0.02454556545638761
1062 0.02448500669216681
1063 0.02442417325376575
1064 0.02436302551692424
1065 0.02430177988131926
1066 0.02424054487059178
1067 0.02417929892718761
1068 0.02411824737979766
1069 0.0240576604062878
1070 0.02399752484256089
1071 0.02393771874964863
1072 0.02387820855124914
1073 0.02381902609632434
1074 0.02376011196893599
1075 0.02370146816196021
1076 0.02364320887984225
1077 0.0235856464593518
1078 0.02352882770008468
1079 0.02347266439649674
1080 0.0234174068613547
1081 0.02336286822239223
1082 0.02330923252091597
1083 0.02325657031996553
1084 0.02320501027911582
1085 0.02315432636136394
1086 0.02310451631401935
1087 0.02305542250923695
1088 0.0230072951811848
1089 0.02296006782735822
1090 0.02291365784541451
1091 0.0228684392845101
1092 0.02282434646744497
1093 0.02278133437887872
1094 0.02273929618212367
1095 0.02269812150695336
1096 0.02266110008474801
1097 0.022620856648587
1098 0.02258189174677894
1099 0.02254687395290655
1100 0.02250877025213837
1101 0.0224720592055972
1102 0.02243915902439628
1103 0.02240352779614374
1104 0.02237233975123533
1105 0.02233843264791212
1106 0.02230877964573639
1107 0.02227617094711347
1108 0.02224729763230807
1109 0.02221563097071754
1110 0.02218725933438626
1111 0.02215684743266735
1112 0.02212950769243489
1113 0.02210039635537086
1114 0.02207415127958886
1115 0.02204798071889143
1116 0.02202004398328482
1117 0.02199470328002287
1118 0.02196935858353492
1119 0.02194221293038674
1120 0.02191724078649892
1121 0.02189196585689966
1122 0.02186503104363826
1123 0.02184030367806128
1124 0.02181518104335845
1125 0.02178865380787354
1126 0.02176410942838647
1127 0.02173906415394411
1128 0.02171239837088385
1129 0.02168721971494434
1130 0.02166154354367217
1131 0.0216342448865903
1132 0.0216084403861567
1133 0.0215803713626024
1134 0.02155389466174486
1135 0.02152679331181785
1136 0.02149747134401088
1137 0.02146991146033277
1138 0.02144165442250613
1139 0.02141077582938417
1140 0.02138169080322622
1141 0.02134993905070785
1142 0.02131962545507355
1143 0.02128917424782512
1144 0.02125593732154584
1145 0.0212250074707579
1146 0.02119079508346503
1147 0.02115896027475886
1148 0.02112388113918217
1149 0.02109110673174725
1150 0.02105482867964534
1151 0.02102098256526412
1152 0.02098328766959318
1153 0.02094825424105072
1154 0.02090967157076775
1155 0.02087124378309385
1156 0.02083549143447974
1157 0.02079628605088475
1158 0.02076004454933349
1159 0.02071986231092559
1160 0.02067996950481671
1161 0.02064303251777639
1162 0.02060250137536775
1163 0.02056223605942138
1164 0.02052487202233305
1165 0.02048382678069527
1166 0.02044332882455466
1167 0.02040572706755948
1168 0.02036435594578085
1169 0.02032344949261326
1170 0.0202856657924497
1171 0.02024473453703865
1172 0.02020444265893673
1173 0.02016718796665186
1174 0.02012647911411012
1175 0.02008656185198506
1176 0.02005007549532102
1177 0.02001063951971031
1178 0.01997493745820385
1179 0.01993622957248545
1180 0.01990106374794077
1181 0.01986300041746487
1182 0.01982872761161873
1183 0.01979136039516016
1184 0.01975764690476629
1185 0.01972111777551895
1186 0.01968826993055715
1187 0.01965295064054433
1188 0.01962123340978899
1189 0.01958676870203948
1190 0.01955605382651112
1191 0.01952300183123442
1192 0.01949369504945146
1193 0.0194645644644989
1194 0.01943288178147797
1195 0.01940488776431633
1196 0.01937474774260437
1197 0.0193479995666537
1198 0.01932150118535505
1199 0.01929276457127641
1200 0.01926738215817386
1201 0.01924237009018937
1202 0.01921516631743889
1203 0.01919129025624796
1204 0.019167374630815
1205 0.01914157766482453
1206 0.01911907264331533
1207 0.01909707807516887
1208 0.01907541645326585
1209 0.01905406123063175
1210 0.01903098538724561
1211 0.01901080484009683
1212 0.01899059825140969
1213 0.01897072316237095
1214 0.01895094846243321
1215 0.01892933980890602
1216 0.01891058600177206
1217 0.01889195068873697
1218 0.01887351703561757
1219 0.01885522711286353
1220 0.01883710871400274
1221 0.01881886422413352
1222 0.01879935589248262
1223 0.01878189560945723
1224 0.01876458894476951
1225 0.01874723591109243
1226 0.01872961777996428
1227 0.01871198565010451
1228 0.01869452805342711
1229 0.01867599712963409
1230 0.01865909327465775
1231 0.01864195026080277
1232 0.01862484916589643
1233 0.01860749507529087
1234 0.01859029402317262
1235 0.01857202897517113
1236 0.01855506633184938
1237 0.01853781600607226
1238 0.01852030632462297
1239 0.01850249101392874
1240 0.01848311602613429
1241 0.01846511071364113
1242 0.01844666742058069
1243 0.01842810150255508
1244 0.01840829451246957
1245 0.01838997798970251
1246 0.01837122791979549
1247 0.01835239942375333
1248 0.0183319744111354
1249 0.0183129332883909
1250 0.01829329175375592
1251 0.01827313742597044
1252 0.018251062275759
1253 0.01823068483889864
1254 0.01821011560354433
1255 0.01818786158237891
1256 0.0181673567141402
1257 0.01814645492179835
1258 0.01812389121978355
1259 0.01810304320652505
1260 0.01808150753256077
1261 0.01805794196592582
1262 0.01803648279170335
1263 0.01801300160764216
1264 0.01799114823148931
1265 0.01796748617653145
1266 0.01794575072206751
1267 0.01792391157831215
1268 0.01790033173721211
1269 0.01787864034865621
1270 0.01785528950180108
1271 0.01783370173362605
1272 0.01781022690785186
1273 0.01778854238319972
1274 0.01776522158190629
1275 0.01774207774531338
1276 0.01772059948286939
1277 0.01769798858191202
1278 0.01767722714615265
1279 0.01765479024262721
1280 0.01763274430142489
1281 0.01761249365225089
1282 0.01759074857112557
1283 0.01756942865424423
1284 0.01754968161371249
1285 0.01752838887912685
1286 0.01750767482613085
1287 0.01748864131868737
1288 0.01746835657975502
1289 0.01744855727311658
1290 0.01742890940631225
1291 0.01741076974280383
1292 0.01739162195021542
1293 0.01737310061828525
1294 0.01735508384550621
1295 0.01733896653230429
1296 0.01732153268030654
1297 0.01730463728678492
1298 0.01728816797017927
1299 0.01727194479261719
1300 0.01725585525107418
1301 0.01724005184170711
1302 0.01722457408186646
1303 0.01720947552172063
1304 0.01719468021956729
1305 0.01718039636847074
1306 0.01716638919163533
1307 0.01715302781579282
1308 0.01714023475734958
1309 0.01712755156987225
1310 0.01711515664497412
1311 0.01710305501962809
1312 0.01709108083889643
1313 0.01707942518477432
1314 0.01706809561113579
1315 0.01705709497621582
1316 0.01704643464340182
1317 0.01703592578393711
1318 0.01702565790394475
1319 0.01701552347779989
1320 0.01700539908878776
1321 0.01699552870771795
1322 0.01698600733265201
1323 0.01697683869530341
1324 0.01696800456893835
1325 0.01695930577068583
1326 0.01695073776178052
1327 0.01694235802792524
1328 0.01693414529649692
1329 0.01692608928061815
1330 0.01691783737997735
1331 0.01690941149352336
1332 0.01690112698098593
1333 0.01689325047509892
1334 0.01688547774890734
1335 0.0168779088394588
1336 0.0168703958224374
1337 0.0168629368739138
1338 0.01685542668599334
1339 0.01684797387105439
1340 0.01684049683875128
1341 0.01683281844119616
1342 0.0168250746918777
1343 0.01681730818843833
1344 0.01680955192221904
1345 0.01680181801104714
1346 0.01679411192365425
1347 0.0167863052252766
1348 0.01677851663350004
1349 0.0167706076112607
1350 0.01676257687038901
1351 0.0167545663383576
1352 0.0167463216821071
1353 0.01673801389061031
1354 0.01672983393946691
1355 0.01672158849074556
1356 0.01671351941576217
1357 0.01670544771523079
1358 0.01669731693741969
1359 0.01668894290455192
1360 0.01668036509299644
1361 0.01667163764709233
1362 0.01666263665305594
1363 0.01665360967065952
1364 0.01664451892003287
1365 0.01663559113762032
1366 0.01662683187460393
1367 0.01661805736973179
1368 0.01660933507458643
1369 0.016600514158936
1370 0.0165916626116941
1371 0.01658266139438124
1372 0.01657364921253166
1373 0.01656461499245404
1374 0.01655570207987019
1375 0.01654692909362555
1376 0.01653815025537874
1377 0.01652948127528517
1378 0.01652093331972936
1379 0.0165123295776207
1380 0.01650365857963028
1381 0.01649500638137087
1382 0.016486366055699
1383 0.01647790167324828
1384 0.01646948957757105
1385 0.01646127371497919
1386 0.01645310027410372
1387 0.0164454436479437
1388 0.01643791203857343
1389 0.01643051329433792
1390 0.01642311088953074
1391 0.01641579067482316
1392 0.01640849386495833
1393 0.01640124934665051
1394 0.016394404794195
1395 0.01638764197853265
1396 0.01638119337627182
1397 0.01637500744429448
1398 0.01636918847855684
1399 0.01636347929471422
1400 0.01635777848429352
1401 0.01635222676178901
1402 0.01634691888654511
1403 0.01634193367465056
1404 0.01633721632429791
1405 0.0163327011368162
1406 0.016328329011162
1407 0.01632416500326659
1408 0.01632037296313279
1409 0.01631664034603721
1410 0.01631293666359959
1411 0.01630963171309567
1412 0.01630650718107722
1413 0.01630360414512622
1414 0.01630072596010418
1415 0.01629812383809683
1416 0.0162957746459412
1417 0.01629377421390349
1418 0.01629200288978926
1419 0.01629036799621003
1420 0.01628900691435907
1421 0.01628775325857991
1422 0.01628646010865571
1423 0.01628537564231664
1424 0.01628434693380733
1425 0.01628341492363282
1426 0.01628257625204234
1427 0.01628200651498163
1428 0.01628177765584331
1429 0.01628155368778661
1430 0.0162813154831329
1431 0.01628132701167283
1432 0.01628129610703033
1433 0.01628142555055365
1434 0.0162817474849479
1435 0.01628206802138559
1436 0.01628268797826134
1437 0.01628356001465821
1438 0.0162843157126741
1439 0.0162849014733633
1440 0.01628540269401542
1441 0.016285894341162
1442 0.01628671625345434
1443 0.01628754992675579
1444 0.01628832932288393
1445 0.01628936290907925
1446 0.01629044210745832
1447 0.01629151965997931
1448 0.01629245442835895
1449 0.01629338832923287
1450 0.01629417118257112
1451 0.01629497581361912
1452 0.01629592389902054
1453 0.01629685672165629
1454 0.01629771699389332
1455 0.01629863151189603
1456 0.01629947236016293
1457 0.01630031221615068
1458 0.01630123841244793
1459 0.01630191954218174
1460 0.01630268113909684
1461 0.01630337849274674
1462 0.01630408195972133
1463 0.01630497842024922
1464 0.01630586502813926
1465 0.01630664229219152
1466 0.01630718417361959
1467 0.01630768316676074
1468 0.01630811720860461
1469 0.01630848641047658
1470 0.01630889487809727
1471 0.0163092615398761
1472 0.0163096639932131
1473 0.01631036623015956
1474 0.0163111098625597
1475 0.0163117651474635
1476 0.01631243579954998
1477 0.01631301617173745
1478 0.01631363672846318
1479 0.01631421151588485
1480 0.01631467861362091
1481 0.01631529610869007
1482 0.01631618189622997
1483 0.01631730540708898
1484 0.01631844780489197
1485 0.01631942506550694
1486 0.01632039759126638
1487 0.0163214098938163
1488 0.01632261648991111
1489 0.0163240423201048
1490 0.01632530962169958
1491 0.01632655929807516
1492 0.01632788239831382
1493 0.01632942188583474
1494 0.01633085070713659
1495 0.01633235567191344
1496 0.01633392871065383
1497 0.01633585067747435
1498 0.01633809544587752
1499 0.0163405463250472
1500 0.01634297205929554
1501 0.01634536985727135
1502 0.01634777458617836
1503 0.01635043291983255
1504 0.01635328245297727
1505 0.01635609616384303
1506 0.01635892022976379
1507 0.01636190087828519
1508 0.01636516948398849
1509 0.01636863833314493
1510 0.0163722158524392
1511 0.01637610562654922
1512 0.01638003118050471
1513 0.01638385043297922
1514 0.01638776027161164
1515 0.01639169087621546
1516 0.0163957549445172
1517 0.0163999260324102
1518 0.01640420321748691
1519 0.01640870785754011
1520 0.0164134049974021
1521 0.01641815646206022
1522 0.0164231851664248
1523 0.01642835344203495
1524 0.01643358382791591
1525 0.01643883745718747
1526 0.01644407155552899
1527 0.0164494496136785
1528 0.01645508325092792
1529 0.01646079364972082
1530 0.01646647155636005
1531 0.01647216773157001
1532 0.01647797352144088
1533 0.01648388370106024
1534 0.01648995332198974
1535 0.01649603500936765
1536 0.01650207377184983
1537 0.01650832762201808
1538 0.01651468696804908
1539 0.0165210868195231
1540 0.01652747876710263
1541 0.01653383493302543
1542 0.01654018843589244
1543 0.01654665842522986
1544 0.01655328055027069
1545 0.01655965361060276
1546 0.0165659894737371
1547 0.01657235312301855
1548 0.01657880356045816
1549 0.01658541030057208
1550 0.01659202927033254
1551 0.01659848255579319
1552 0.01660487142410198
1553 0.01661153004203086
1554 0.01661828863337481
1555 0.01662500534035696
1556 0.01663167890221847
1557 0.01663834293439044
1558 0.01664444130905415
1559 0.01665105555678714
1560 0.01665735539747535
1561 0.01666357965866928
1562 0.01666962387979505
1563 0.01667502834784025
1564 0.01668154453495964
1565 0.01668817742137161
1566 0.0166948046841113
1567 0.01670137805345621
1568 0.01670789832835791
1569 0.01671454383860948
1570 0.01672094953656134
1571 0.01672723051280246
1572 0.01673344993081328
1573 0.01673973510066847
1574 0.01674609676620429
1575 0.01675234494825085
1576 0.01675849973481303
1577 0.01676461873144717
1578 0.01677088912627206
1579 0.01677727593520717
1580 0.01678362135942867
1581 0.01678986846487591
1582 0.01679616125268212
1583 0.01680244893245932
1584 0.01680865556181279
1585 0.01681478221672685
1586 0.01682084252915323
1587 0.01682699761669565
1588 0.01683344992651742
1589 0.0168398827738932
1590 0.01684611200945213
1591 0.01685224806224465
1592 0.01685842611713009
1593 0.01686465211231764
1594 0.01687097398871357
1595 0.01687731509175758
1596 0.01688356269754127
1597 0.01688991248226454
1598 0.01689644957581816
1599 0.01690307440025117
1600 0.01690967627434842
1601 0.01691633185795593
1602 0.01692312978517578
1603 0.0169300469481772
1604 0.01693687031939363
1605 0.01694369498980096
1606 0.01694954850390748
1607 0.01695646102829026
1608 0.0169633814409575
1609 0.01697059086100045
1610 0.01697776645399081
1611 0.01698499927701342
1612 0.01699225609012797
1613 0.01699955482358381
1614 0.0170068311598381
1615 0.01701417534174813
1616 0.01702146074024927
1617 0.01702889802082957
1618 0.01703645903998428
1619 0.01704410618867143
1620 0.01705175028048836
1621 0.01705939495321578
1622 0.01706704412238555
1623 0.01707468184484074
1624 0.01708228970578787
1625 0.01709013899205319
1626 0.01709792307011389
1627 0.01710544031127408
1628 0.01711322840622637
1629 0.01712111228844578
1630 0.01712911787516849
1631 0.0171370838583394
1632 0.01714516680129974
1633 0.01715332353509837
1634 0.01716162683675989
1635 0.01716960023289774
1636 0.01717737821797993
1637 0.01718518130347724
1638 0.01719300331483518
1639 0.01720111787349235
1640 0.01720941361886947
1641 0.0172174592143744
1642 0.01722558403959743
1643 0.01723383788811804
1644 0.01724219859110265
1645 0.01725054646136241
1646 0.01725897248400113
1647 0.01726732782467837
1648 0.01727562406917078
1649 0.01728379465183371
1650 0.01729173074149743
1651 0.01729947700719919
1652 0.01730729262921588
1653 0.01731518730154372
1654 0.01732329236321873
1655 0.01733141622519234
1656 0.01733950634618357
1657 0.01734771526804086
1658 0.0173559379093739
1659 0.01736415194218912
1660 0.01737217257769293
1661 0.01737924706846578
1662 0.01738706907051554
1663 0.01739498066690717
1664 0.01740197352284058
1665 0.017410197543163
1666 0.01741715901097179
1667 0.01742535535405944
1668 0.01743230960555747
1669 0.01744048589321273
1670 0.01744773948641338
1671 0.01745589851102501
1672 0.01746365523986962
1673 0.01747054799521834
1674 0.01747856095349609
1675 0.01748645783017553
1676 0.01749435630761366
1677 0.01750224547754689
1678 0.01750913452438882
1679 0.01751696065733883
1680 0.01752458502744695
1681 0.01753209580907302
1682 0.01753943056252729
1683 0.01754668746834627
1684 0.01755413097526095
1685 0.01756163372203812
1686 0.01756906317512755
1687 0.01757624634591702
1688 0.01758348347260987
1689 0.01759096763679102
1690 0.01759848231256932
1691 0.01760591874963861
1692 0.01761331308623883
1693 0.01762050747137077
1694 0.01762751041849662
1695 0.01763343359643592
1696 0.01764043275880296
1697 0.01764645531487716
1698 0.01765363334746054
1699 0.01766003694632954
1700 0.01766759763180504
1701 0.01767399924418251
1702 0.01768149534507671
1703 0.01768903178533707
1704 0.01769548587318935
1705 0.01770287663716951
1706 0.01770901426303188
1707 0.01771652446117738
1708 0.01772405682143759
1709 0.01773150968287184
1710 0.0177388134309197
1711 0.01774598570025444
1712 0.01775295889314644
1713 0.01776001259503727
1714 0.01776732742436675
1715 0.01777465458672731
1716 0.01778174071114056
1717 0.01778868305174368
1718 0.01779552594826844
1719 0.01780263910277142
1720 0.01781003300559934
1721 0.01781715282597794
1722 0.01782441637692742
1723 0.01783152866135957
1724 0.01783862824930982
1725 0.01784557763298188
1726 0.01785238267360377
1727 0.0178592260144555
1728 0.01786609538454411
1729 0.01787307094024568
1730 0.01788019414153205
1731 0.01788730583924389
1732 0.01789428469044199
1733 0.01790115177980612
1734 0.0179078008529074
1735 0.01791458260256304
1736 0.0179213900589405
1737 0.01792841713643733
1738 0.01793561214827823
1739 0.01794273052813579
1740 0.0179487420737793
1741 0.01795552063289324
1742 0.01796223069044286
1743 0.01796812038630131
1744 0.01797495280409575
1745 0.01798190769982206
1746 0.01798894816472722
1747 0.01799495604792344
1748 0.0180017188240842
1749 0.01800853093292398
1750 0.01801425520128351
1751 0.01802134943288978
1752 0.01802731219373781
1753 0.01803412582132397
1754 0.0180400322146246
1755 0.01804686209509043
1756 0.01805368742974103
1757 0.01806051006103595
1758 0.01806700187582031
1759 0.01807327613980612
1760 0.01807958163626412
1761 0.01808605662163828
1762 0.01809255312290854
1763 0.01809856401824938
1764 0.01810446494645403
1765 0.01811050970407608
1766 0.01811654865718345
1767 0.01812252271455725
1768 0.01812856998221052
1769 0.01813453881655328
1770 0.01814028040572325
1771 0.01814596441104319
1772 0.01815165858176988
1773 0.01815716379085852
1774 0.01816227862829841
1775 0.01816739387707014
1776 0.01817275919621659
1777 0.01817841299713277
1778 0.01818400954004521
1779 0.01818943091631372
1780 0.01819476227304895
1781 0.01819999441412305
1782 0.01820511432597194
1783 0.01821018618755232
1784 0.01821522171642437
1785 0.01822006791975315
1786 0.01822512336818204
1787 0.01823014940827594
1788 0.01823507375561731
1789 0.01823991553201213
1790 0.01824495770303762
1791 0.01825019176556577
1792 0.01825537200767475
1793 0.01826023040967635
1794 0.01826471350353149
1795 0.01826926582450466
1796 0.01827389739809112
1797 0.01827856492297979
1798 0.01828319300164484
1799 0.01828773397180494
1800 0.01829206920670562
1801 0.01829657940909571
1802 0.0183012564329548
1803 0.01830594098619182
1804 0.01831051024578284
1805 0.0183149778910382
1806 0.0183195434805918
1807 0.01832396525819991
1808 0.01832826684227944
1809 0.01833268705430726
1810 0.01833707686555649
1811 0.01834144073851456
1812 0.01834554225171614
1813 0.01834959298482896
1814 0.01835364338770142
1815 0.01835768071632984
1816 0.01836200232776735
1817 0.01836619953779843
1818 0.01837037450756733
1819 0.01837441596975812
1820 0.01837837257653373
1821 0.01838223925045283
1822 0.01838620857692987
1823 0.01839015300809207
1824 0.01839379014535704
1825 0.01839732262910682
1826 0.01840088559314864
1827 0.01840456709083183
1828 0.01840861768594703
1829 0.01841290190104139
1830 0.01841696328154427
1831 0.01842100837375885
1832 0.01842474090809707
1833 0.01842829902477489
1834 0.01843176973391844
1835 0.01843484037225325
1836 0.01843784958514469
1837 0.01844098781985802
1838 0.0184443267038995
1839 0.01844779254212975
1840 0.01845123804528327
1841 0.01845452046388495
1842 0.01845793840582321
1843 0.01846142873216821
1844 0.01846493410588247
1845 0.01846822323939758
1846 0.01847115827423559
1847 0.01847402817118317
1848 0.01847682296648227
1849 0.01847975528933017
1850 0.01848258111979619
1851 0.01848507029851347
1852 0.0184877421028744
1853 0.01849065723565003
1854 0.01849335290834714
1855 0.01849609992378655
1856 0.01849878801324402
1857 0.01850146055483219
1858 0.01850412939808744
1859 0.01850678053571187
1860 0.01850932207406984
1861 0.0185117577725441
1862 0.01851380008284326
1863 0.01851589946899037
1864 0.01851826522727349
1865 0.01852083809700895
1866 0.01852334623684208
1867 0.01852566042491357
1868 0.01852762477444093
1869 0.01852944512818027
1870 0.01853120165210509
1871 0.01853323414640623
1872 0.01853533839903641
1873 0.01853754696940244
1874 0.0185396144194829
1875 0.01854164306153115
1876 0.01854335872612134
1877 0.01854496769468976
1878 0.0185467293321916
1879 0.01854852136199324
1880 0.01855001843324048
1881 0.01855131025166903
1882 0.01855274085651728
1883 0.01855431773763545
1884 0.01855595012657334
1885 0.01855755332168345
1886 0.01855878494368721
1887 0.01855986454689316
1888 0.01856105515460025
1889 0.01856232940071177
1890 0.01856382336562732
1891 0.01856511627097187
1892 0.01856601161438228
1893 0.01856688266438105
1894 0.01856774093405339
1895 0.01856857401495805
1896 0.01856955790461597
1897 0.01857058697352476
1898 0.01857141986806977
1899 0.01857211498321402
1900 0.01857255099186465
1901 0.01857304686943529
1902 0.01857365745947948
1903 0.01857420646923842
1904 0.01857484359555298
1905 0.01857584190465662
1906 0.01857667063499172
1907 0.01857718868319411
1908 0.0185773753849793
1909 0.01857753029485952
1910 0.01857740635590592
1911 0.01857726478162668
1912 0.01857740665873145
1913 0.01857773128890741
1914 0.01857787955947341
1915 0.01857817215617888
1916 0.0185784943453359
1917 0.01857864403397322
1918 0.01857861986154617
1919 0.01857851088737655
1920 0.01857819710864343
1921 0.01857784029700063
1922 0.01857750427000584
1923 0.01857720185853348
1924 0.01857689902612018
1925 0.01857678487506312
1926 0.01857659002630753
1927 0.01857652424103877
1928 0.01857637444227863
1929 0.01857605054413207
1930 0.01857558685462608
1931 0.0185748389053717
1932 0.01857417561844159
1933 0.01857375401659081
1934 0.018573029438475
1935 0.0185722166606661
1936 0.01857131081469236
1937 0.01857058212674946
1938 0.01856993915145144
1939 0.01856932896461936
1940 0.0185688111693047
1941 0.01856804942738869
1942 0.01856705205696067
1943 0.01856575698886885
1944 0.01856458296660607
1945 0.01856362951302
1946 0.0185626311145797
1947 0.01856163900355814
1948 0.01856049749998694
1949 0.01855930646210116
1950 0.01855807096628951
1951 0.01855681788649876
1952 0.01855543132710814
1953 0.01855397269807415
1954 0.01855244419520018
1955 0.01855109003396614
1956 0.01854972183593497
1957 0.01854820016738451
1958 0.01854637486328394
1959 0.01854439119699007
1960 0.01854264594130995
1961 0.01854064673626834
1962 0.01853930448300334
1963 0.0185379771776413
1964 0.01853649543876521
1965 0.01853464872737537
1966 0.01853259460059495
1967 0.01853041325299042
1968 0.01852822894353396
1969 0.01852617661122906
1970 0.01852406645263061
1971 0.01852188447836904
1972 0.01851986330471926
1973 0.01851783782207491
1974 0.01851579020303506
1975 0.01851364596498606
1976 0.01851161672732069
1977 0.01850955011130339
1978 0.01850718719111818
1979 0.01850465298899131
1980 0.01850150328600607
1981 0.01849868391539743
1982 0.01849563455538561
1983 0.01849193049753296
1984 0.01848907815302438
1985 0.01848702502726519
1986 0.01848498424070339
1987 0.01848240336295492
1988 0.01847906436775811
1989 0.01847661203511347
1990 0.0184742464331652
1991 0.01847179562069717
1992 0.01846893439705791
1993 0.0184658870044809
1994 0.01846274359360085
1995 0.01845928642647458
1996 0.01845641735373538
1997 0.01845322940494765
1998 0.01845027383207865
1999 0.01844738095585408
2000 0.0184439011939227
2001 0.01844088356618277
2002 0.01843775204385267
2003 0.01843400927725455
2004 0.01843069566331525
2005 0.01842723978859692
2006 0.01842329241606263
2007 0.01842028140791328
2008 0.0184173485594193
2009 0.01841446258113391
2010 0.01841102771794707
2011 0.01840766269648513
2012 0.01840413273527408
2013 0.01840072872235857
2014 0.0183968945295753
2015 0.0183934324986114
2016 0.01838988852917109
2017 0.01838633468191959
2018 0.01838213757885651
2019 0.0183784670484
2020 0.01837485080245828
2021 0.0183708980968284
2022 0.01836695818887074
2023 0.01836243349801598
2024 0.01835840496583157
2025 0.01835492241662878
2026 0.01835142378040561
2027 0.0183468540173132
2028 0.01834258854283329
2029 0.01833830656313811
2030 0.01833376904460861
2031 0.0183299786387695
2032 0.01832612775914142
2033 0.01832170820998594
2034 0.01831749628699782
2035 0.01831291642306425
2036 0.01830876004324488
2037 0.01830464140869915
2038 0.0183000198748621
2039 0.01829583122998403
2040 0.0182912015513963
2041 0.01828685607897059
2042 0.01828177917619228
2043 0.01827712216066369
2044 0.01827219841576348
2045 0.01826746930537562
2046 0.01826301573400868
2047 0.01825869306149182
2048 0.0182534919831373
2049 0.01824858524514735
2050 0.01824345105989758
2051 0.01823908956322288
2052 0.01823507956383559
2053 0.01823100881216899
2054 0.018226134788624
2055 0.01822153804603332
2056 0.0182167879249758
2057 0.01821149268474606
2058 0.01820646413937644
2059 0.01820113429218409
2060 0.01819582417244259
2061 0.01819080880225976
2062 0.01818578162575091
2063 0.01818125583780217
2064 0.0181765668171044
2065 0.01817109456354541
2066 0.01816578179560993
2067 0.01816056015554699
2068 0.01815511023548961
2069 0.01814943713554319
2070 0.01814392105901139
2071 0.01813841674032388
2072 0.01813274078815682
2073 0.01812701376161743
2074 0.01812179490937184
2075 0.01811651769469686
2076 0.01811118239295166
2077 0.01810533596730575
2078 0.01809979401369698
2079 0.01809418198562008
2080 0.01808864202920858
2081 0.01808322288530858
2082 0.01807764215273491
2083 0.01807200616080568
2084 0.01806636941190519
2085 0.01806052170848851
2086 0.01805478924566219
2087 0.01804924663525034
2088 0.01804338426760536
2089 0.01803752052028887
2090 0.01803119571824911
2091 0.01802498245331394
2092 0.01801861998332645
2093 0.01801271310265516
2094 0.01800709893358411
2095 0.01800142115055396
2096 0.01799562563002481
2097 0.01798985925790725
2098 0.01798418653819418
2099 0.01797808031629295
2100 0.01797228337830578
2101 0.01796676289386031
2102 0.01796106688824081
2103 0.01795499252588852
2104 0.01794886930792528
2105 0.01794244207975342
2106 0.01793584276357906
2107 0.0179289701169616
2108 0.01792220235577688
2109 0.01791616632745508
2110 0.01791025821285885
2111 0.01790437426411168
2112 0.01789801456468822
2113 0.017891942416688
2114 0.01788587179818748
2115 0.01787964911834131
2116 0.01787303112460723
2117 0.0178660556150815
2118 0.01785897882632779
2119 0.0178523096363881
2120 0.01784585094161567
2121 0.01783979305695959
2122 0.01783355145207393
2123 0.0178274317344331
2124 0.01782103816220976
2125 0.01781469468024562
2126 0.01780802368846183
2127 0.01780150614298631
2128 0.01779511508710742
2129 0.01778853398908519
2130 0.01778185342781258
2131 0.01777543457473824
2132 0.01776860528918163
2133 0.01776197980559433
2134 0.01775528284407305
2135 0.01774866434658183
2136 0.01774209199473371
2137 0.01773579974065159
2138 0.01772949705373302
2139 0.01772322979380565
2140 0.01771649430442351
2141 0.01770979803504043
2142 0.01770272529798266
2143 0.01769543669606781
2144 0.01768814479447593
2145 0.01768137906982085
2146 0.01767512708432501
2147 0.01766918679097435
2148 0.01766321298203427
2149 0.01765704024167043
2150 0.01765018744849764
2151 0.01764302782140609
2152 0.0176356343295715
2153 0.0176282624859015
2154 0.01762122184409523
2155 0.01761427167473815
2156 0.01760731265275457
2157 0.01760041569752668
2158 0.01759354849389582
2159 0.01758650801402651
2160 0.01757923204139269
2161 0.01757206176753911
2162 0.0175649209476121
2163 0.01755785654259971
2164 0.01755064529085146
2165 0.0175433969438929
2166 0.01753621330085594
2167 0.01752881798526372
2168 0.01752124832265069
2169 0.01751365643389095
2170 0.01750653881511037
2171 0.01749974808075151
2172 0.01749291769948775
2173 0.01748590983622615
2174 0.01747868016820594
2175 0.01747144532110866
2176 0.01746420789850953
2177 0.01745643780339659
2178 0.01744880422437773
2179 0.01744117338879917
2180 0.01743358074834574
2181 0.01742625239890776
2182 0.01741905024789569
2183 0.01741198354217582
2184 0.01740464892773729
2185 0.0173973969585206
2186 0.01739041922933736
2187 0.01738337086943122
2188 0.0173764351389967
2189 0.01736929745024877
2190 0.01736192247067786
2191 0.01735458592513647
2192 0.01734729010484006
2193 0.01734006865589942
2194 0.01733270309368391
2195 0.01732547881870694
2196 0.01731817087009308
2197 0.01731090370539927
2198 0.01730372380535618
2199 0.01729653737663559
2200 0.01728937405267876
2201 0.01728186197079904
2202 0.01727438278677331
2203 0.01726666925805118
2204 0.01725894805131374
2205 0.01725169049308524
2206 0.01724447772032841
2207 0.01723736614387988
2208 0.01723028526369406
2209 0.01722285893764124
2210 0.01721537085583449
2211 0.01720788373097901
2212 0.01720022556347621
2213 0.01719256932594868
2214 0.01718507870578295
2215 0.01717756858134794
2216 0.01716986461225039
2217 0.01716228985232051
2218 0.01715464221954352
2219 0.01714720344468513
2220 0.01713975580926968
2221 0.01713251892530588
2222 0.01712521363910914
2223 0.01711788180569866
2224 0.01711014978390833
2225 0.01710251368066679
2226 0.01709493318709749
2227 0.01708758518527114
2228 0.01707989200029806
2229 0.01707199635690463
2230 0.01706426082846073
2231 0.01705669175141766
2232 0.01704956997060296
2233 0.01704263106953021
2234 0.01703529785789461
2235 0.01702788594718728
2236 0.01702044893768201
2237 0.0170130577904328
2238 0.01700566177116274
2239 0.016998150584378
2240 0.01699074099911165
2241 0.01698311068304658
2242 0.01697521056478179
2243 0.01696772356476359
2244 0.01696047563741661
2245 0.01695344893489564
2246 0.0169463970993331
2247 0.01693930485366939
2248 0.01693210018809374
2249 0.01692476018601914
2250 0.01691720461883942
2251 0.01690949759035927
2252 0.01690188538775305
2253 0.01689455905556273
2254 0.01688724978736336
2255 0.01687986583997885
2256 0.01687259778437612
2257 0.01686530143617053
2258 0.01685780341375085
2259 0.01685031811902585
2260 0.0168425720698838
2261 0.01683518864693132
2262 0.01682805031378335
2263 0.01682093377965873
2264 0.01681342637503485
2265 0.01680576128780336
2266 0.01679790087746427
2267 0.01679005611781925
2268 0.01678267014653906
2269 0.01677565108879599
2270 0.01676877347649884
2271 0.01676186199722994
2272 0.0167548149559703
2273 0.01674759279752833
2274 0.01673991309086256
2275 0.01673205833476499
2276 0.01672416689268118
2277 0.01671628687277305
2278 0.01670863534544753
2279 0.01670091883685168
2280 0.01669327043698998
2281 0.01668603224496434
2282 0.01667893623902036
2283 0.01667186367747639
2284 0.01666498434983788
2285 0.01665825138079412
2286 0.01665145039879776
2287 0.01664419744590513
2288 0.01663662475919739
2289 0.01662913183102729
2290 0.01662161067197448
2291 0.01661408031626211
2292 0.01660615358879131
2293 0.01659849111460442
2294 0.0165915433552742
2295 0.01658453992144424
2296 0.01657773411092595
2297 0.01657077200147973
2298 0.01656351004859478
2299 0.01655608175214761
2300 0.01654839009081145
2301 0.0165408936129109
2302 0.01653342419263491
2303 0.01652640246099033
2304 0.01651987071658677
2305 0.01651340444228609
2306 0.01650667341537233
2307 0.01649990794043507
2308 0.01649283520551034
2309 0.01648594967729096
2310 0.01647850830615972
2311 0.01647107836003467
2312 0.01646338023110469
2313 0.01645551589625349
2314 0.01644796916205393
2315 0.01644060017589757
2316 0.01643335247186692
2317 0.01642679464561867
2318 0.01642015209437859
2319 0.01641352542045878
2320 0.0164067046479694
2321 0.01639970827976825
2322 0.01639263798051321
2323 0.0163855251945804
2324 0.01637822935135256
2325 0.01637104048883643
2326 0.01636384132841945
2327 0.016356544523855
2328 0.01634961161226943
2329 0.01634278261806701
2330 0.01633561171703141
2331 0.01632833447523148
2332 0.01632127873159959
2333 0.01631450596625744
2334 0.01630777172777978
2335 0.01630099322262825
2336 0.01629413457146561
2337 0.01628743941723382
2338 0.01628026741890004
2339 0.01627333355483649
2340 0.0162660173612068
2341 0.01625912560770176
2342 0.01625246743824144
2343 0.01624606293977978
2344 0.01623925454134676
2345 0.01623243030552823
2346 0.01622574194207685
2347 0.01621930757893229
2348 0.01621244524428968
2349 0.01620556639707431
2350 0.01619868792408148
2351 0.01619203998161468
2352 0.01618531034579843
2353 0.01617862462161321
2354 0.01617228980393589
2355 0.01616541429726781
2356 0.01615854250823486
2357 0.01615164634968141
2358 0.01614526666781143
2359 0.0161389866201011
2360 0.01613276050078113
2361 0.01612601683296362
2362 0.01611926654715665
2363 0.01611253982386408
2364 0.01610572608330735
2365 0.01609933447237185
2366 0.01609284730945179
2367 0.01608658590094846
2368 0.01608024607679626
2369 0.01607411794564695
2370 0.01606748590674668
2371 0.01606049603926071
2372 0.01605306272410351
2373 0.01604605984887805
2374 0.01603950297923204
2375 0.01603384181797596
2376 0.01602803625919456
2377 0.01602173905984179
2378 0.01601506304377
2379 0.01600849346101739
2380 0.01600177997601027
2381 0.01599574138804195
2382 0.01598943341511429
2383 0.01598328342135093
2384 0.01597684148307391
2385 0.01597054768830738
2386 0.01596419317392071
2387 0.01595806560140783
2388 0.01595182813089738
2389 0.01594544885669754
2390 0.01593864923040418
2391 0.01593220159210081
2392 0.01592599812307368
2393 0.01592030022063199
2394 0.01591476535061432
2395 0.01590897862598267
2396 0.01590282564022506
2397 0.01589631536228698
2398 0.01588980732005369
2399 0.01588324771794723
2400 0.01587679659466321
2401 0.01587090107458575
2402 0.0158645973327265
2403 0.01585853157355201
2404 0.01585261871508653
2405 0.0158468918195025
2406 0.01584116030617178
2407 0.01583514555399181
2408 0.01582919514705706
2409 0.01582324605763794
2410 0.01581741243433011
2411 0.01581175839284069
2412 0.01580575747807564
2413 0.01579975529888606
2414 0.01579336884105945
2415 0.01578706277711074
2416 0.01578106623005783
2417 0.01577539702238369
2418 0.01576995677332876
2419 0.01576484732765547
2420 0.0157591796501931
2421 0.01575300427127752
2422 0.01574710848354131
2423 0.01574146217748815
2424 0.01573592187784252
2425 0.01573026915479523
2426 0.01572468841765287
2427 0.01571892342532615
2428 0.0157128697027938
2429 0.01570685478775164
2430 0.01570108232838351
2431 0.01569607815292428
2432 0.01569077246090067
2433 0.01568545315849388
2434 0.01568022110441869
2435 0.0156745274467008
2436 0.01566875926301871
2437 0.01566272642260228
2438 0.01565663734317411
2439 0.01565112039888627
2440 0.01564579562516396
2441 0.01564064894501954
2442 0.01563558974730035
2443 0.01563005748345772
2444 0.01562439026983878
2445 0.0156187143109143
2446 0.01561280825575326
2447 0.01560720553052255
2448 0.01560196294685519
2449 0.01559685829565476
2450 0.01559172283026728
2451 0.01558661478713814
2452 0.01558124596418274
2453 0.01557559245164891
2454 0.01557006860477389
2455 0.01556453606990223
2456 0.01555940396658986
2457 0.01555438044890446
2458 0.01554928973298515
2459 0.01554418216092464
2460 0.01553871649799418
2461 0.01553363943801828
2462 0.01552839547495394
2463 0.01552311166956899
2464 0.01551772353133622
2465 0.01551246903424264
2466 0.01550728294317572
2467 0.01550231165876732
2468 0.01549715819653352
2469 0.01549218354465816
2470 0.01548721988520458
2471 0.01548263724910914
2472 0.01547752867064343
2473 0.01547265348856134
2474 0.01546737339003991
2475 0.0154621676470146
2476 0.01545715478426208
2477 0.0154523133387842
2478 0.01544750972213493
2479 0.01544280248632667
2480 0.01543773747933562
2481 0.01543290166254062
2482 0.01542832377880129
2483 0.01542376152465603
2484 0.01541890020902046
2485 0.01541360369917371
2486 0.01540804041091895
2487 0.01540293708591657
2488 0.01539784731399924
2489 0.01539349286920239
2490 0.01538921834662319
2491 0.01538474263093026
2492 0.01538003101941587
2493 0.01537546762493213
2494 0.01537078966869994
2495 0.01536600744354124
2496 0.01536123037544595
2497 0.01535676067075828
2498 0.01535215540499671
2499 0.01534740986101912
2500 0.01534274043211878
2501 0.01533822840512917
2502 0.01533411891279579
2503 0.0153296039555822
2504 0.01532483019182642
2505 0.01532011409085455
2506 0.01531567975678069
2507 0.01531132430497721
2508 0.01530699572164506
2509 0.01530276969335703
2510 0.0152980662964681
2511 0.01529338757882238
2512 0.01528850637844615
2513 0.01528424599269154
2514 0.01528002249463772
2515 0.01527590997935689
2516 0.01527180989494637
2517 0.0152676417125669
2518 0.01526349919640515
2519 0.01525892244284732
2520 0.01525431269657974
2521 0.01524988719320872
2522 0.0152454588683071
2523 0.01524099383831001
2524 0.01523685589242741
2525 0.01523266327688847
2526 0.0152286849727006
2527 0.01522465261571609
2528 0.01522057579399079
2529 0.01521655925540187
2530 0.01521239410519121
2531 0.015208410238294
2532 0.01520460387637521
2533 0.01520078296451638
2534 0.01519675940643539
2535 0.01519230322537616
2536 0.01518770436031341
2537 0.01518343559141967
2538 0.0151795995661039
2539 0.01517575880588581
2540 0.01517197916126832
2541 0.015168006475851
2542 0.01516388167215424
2543 0.01516008414215984
2544 0.01515614397375065
2545 0.0151519444374
2546 0.01514806603134678
2547 0.01514441463113828
2548 0.01514062128040057
2549 0.0151367983228128
2550 0.01513300773590618
2551 0.01512911025071528
2552 0.01512514606739386
2553 0.01512123499878321
2554 0.0151171085450281
2555 0.01511319590008351
2556 0.01510977454923071
2557 0.01510639533082987
2558 0.01510281059072141
2559 0.01509899908847169
2560 0.01509497847777551
2561 0.0150909729326139
2562 0.01508684576346416
2563 0.01508281957794302
2564 0.01507945735543656
2565 0.01507634086209574
2566 0.01507313241073784
2567 0.01506962254857521
2568 0.01506601829828996
2569 0.01506234215617511
2570 0.01505865754677945
2571 0.01505493190777909
2572 0.01505136785237523
2573 0.01504782140217628
2574 0.01504406271209144
2575 0.01504022972076313
2576 0.01503643121404351
2577 0.01503284319725199
2578 0.01502935989471946
2579 0.01502602027542317
2580 0.0150231175502825
2581 0.01502032938839195
2582 0.01501754942939899
2583 0.01501425370144705
2584 0.01501055416211174
2585 0.01500692393324743
2586 0.01500321252320846
2587 0.01499939975663446
2588 0.01499579982544968
2589 0.01499247850880156
2590 0.01498939455369067
2591 0.01498653473946873
2592 0.01498319981049971
2593 0.01498004797741794
2594 0.01497711018762843
2595 0.01497392142931222
2596 0.0149705188264259
2597 0.0149672184013317
2598 0.01496378728599959
2599 0.01496027617717982
2600 0.01495687590788313
2601 0.01495327267175157
2602 0.01494982399969943
2603 0.01494676641968869
2604 0.01494422594720911
2605 0.01494165552955567
2606 0.01493910616408039
2607 0.01493627542509158
2608 0.01493300120758722
2609 0.01492950750652973
2610 0.0149259457645158
2611 0.01492247571786804
2612 0.01491897496257976
2613 0.01491602477697783
2614 0.01491284850757092
2615 0.01490983448916448
2616 0.01490728879105231
2617 0.01490475939875329
2618 0.01490186023449258
2619 0.01489854587186093
2620 0.01489506067787816
2621 0.01489190310056008
2622 0.0148889150740978
2623 0.01488622336227445
2624 0.01488342022776445
2625 0.01488062430588652
2626 0.01487764895442382
2627 0.01487449760865303
2628 0.01487151197160685
2629 0.01486888440522532
2630 0.01486630490244285
2631 0.01486347970919408
2632 0.01486065131393372
2633 0.01485788969464551
2634 0.01485515047666136
2635 0.01485235414714882
2636 0.01484947604932752
2637 0.01484638462908212
2638 0.01484305533357514
2639 0.01483996482512838
2640 0.01483736113016029
2641 0.01483500914560852
2642 0.01483267865533498
2643 0.01483010715816582
2644 0.01482750890028717
2645 0.01482497189636386
2646 0.01482249162209663
2647 0.01482018710648118
2648 0.01481759627349557
2649 0.01481454637293779
2650 0.01481129464336942
2651 0.01480789198920006
2652 0.01480492594236752
2653 0.01480255395285178
2654 0.01480028461780673
2655 0.01479766392193089
2656 0.01479504530168208
2657 0.01479270354749976
2658 0.01479058232571387
2659 0.01478873006759447
2660 0.01478627819727795
2661 0.01478364772208629
2662 0.01478088082833026
2663 0.01477805275525289
2664 0.01477518710011318
2665 0.01477269026367866
2666 0.01477009224729495
2667 0.01476759741393207
2668 0.01476508514284913
2669 0.01476262418514839
2670 0.01476018597026724
2671 0.01475798513940084
2672 0.01475549074509254
2673 0.01475287160441509
2674 0.01475014911060259
2675 0.01474759396160297
2676 0.01474527786278983
2677 0.014743275535351
2678 0.01474138057634287
2679 0.01473915138055904
2680 0.01473664150160732
2681 0.01473416783954775
2682 0.0147315121246928
2683 0.01472911553382262
2684 0.01472692026346515
2685 0.01472468895802719
2686 0.01472226217528652
2687 0.01471996133316601
2688 0.01471749423790497
2689 0.01471497328932458
2690 0.01471256589743755
2691 0.0147103848273959
2692 0.01470834289278152
2693 0.01470658702688915
2694 0.01470467574946188
2695 0.01470244411607692
2696 0.01470007563270845
2697 0.01469769066864146
2698 0.01469510449014417
2699 0.01469246387126193
2700 0.01469022454841559
2701 0.0146882830714503
2702 0.01468657452018294
2703 0.01468480741546196
2704 0.01468267765245796
2705 0.01468027683744984
2706 0.01467803606550539
2707 0.01467596335098579
2708 0.01467395288541096
2709 0.01467181948507738
2710 0.0146698400009488
2711 0.01466792202755094
2712 0.01466607890805998
2713 0.01466365741013669
2714 0.01466093874964539
2715 0.01465846755662638
2716 0.01465639399850224
2717 0.01465466408766469
2718 0.01465283315011125
2719 0.01465114036916594
2720 0.01464941807413194
2721 0.01464759840440744
2722 0.01464545169061233
2723 0.01464343976163593
2724 0.01464143086452172
2725 0.0146391031826697
2726 0.01463685191729472
2727 0.01463473440004457
2728 0.01463283077581427
2729 0.01463094489049868
2730 0.01462908977669665
2731 0.01462713953135298
2732 0.01462501997929775
2733 0.01462292302219554
2734 0.01462085158692426
2735 0.01461886446388288
2736 0.01461695025612448
2737 0.01461522579974096
2738 0.01461335175964445
2739 0.01461139941156172
2740 0.01460960519487276
2741 0.01460807001767352
2742 0.0146065731588014
2743 0.01460475321299933
2744 0.01460262605893289
2745 0.0146004655300505
2746 0.01459860663426534
2747 0.01459667422747654
2748 0.01459469007529493
2749 0.01459268459803762
2750 0.01459088989550123
2751 0.01458919890061498
2752 0.01458717917596412
2753 0.0145853119333257
2754 0.01458366465742577
2755 0.01458200066545089
2756 0.01458036910975994
2757 0.01457837429784517
2758 0.0145764104665801
2759 0.014574547075754
2760 0.0145728393419315
2761 0.01457095447555284
2762 0.01456939213398305
2763 0.0145679728365153
2764 0.01456643963685718
2765 0.01456472284946492
2766 0.01456263550102405
2767 0.01456060478576933
2768 0.01455888633072181
2769 0.01455730230052048
2770 0.01455575147902811
2771 0.01455405994718923
2772 0.01455227996455608
2773 0.01455052444887147
2774 0.01454886409148974
2775 0.01454734590530054
2776 0.01454587779940382
2777 0.01454425365178069
2778 0.01454277428962503
2779 0.01454139171843061
2780 0.01453963183045924
2781 0.01453781721703616
2782 0.01453588277786396
2783 0.01453393377430713
2784 0.01453202752384256
2785 0.01453009005817852
2786 0.01452844124678209
2787 0.01452715113051057
2788 0.01452580626656862
2789 0.01452452091870945
2790 0.01452288590256046
2791 0.01452116398621376
2792 0.01451957694666562
2793 0.01451845340104347
2794 0.01451709543063571
2795 0.01451556065188936
2796 0.01451402871464745
2797 0.01451200786587403
2798 0.01451008070645914
2799 0.01450829892940073
2800 0.01450675697381983
2801 0.01450529596034601
2802 0.01450399624106032
2803 0.01450261431141559
2804 0.01450094616720716
2805 0.01449949781031452
2806 0.01449794199677935
2807 0.01449648620296627
2808 0.01449490887874677
2809 0.01449344934540447
2810 0.01449186248184503
2811 0.01449034086295599
2812 0.01448887029315385
2813 0.01448764064308816
2814 0.01448630990785786
2815 0.01448498979668825
2816 0.01448330981783683
2817 0.01448170071653827
2818 0.01448013301730147
2819 0.01447871503725023
2820 0.01447764732576763
2821 0.01447654541978319
2822 0.01447523158051756
2823 0.01447343528106578
2824 0.01447150770389744
2825 0.01446962691703506
2826 0.01446814315776721
2827 0.01446688629906746
2828 0.0144656470296418
2829 0.01446467190876821
2830 0.01446359924973567
2831 0.01446243485809227
2832 0.01446105251001994
2833 0.01445951804389528
2834 0.01445762761246608
2835 0.01445579117580018
2836 0.01445444894622754
2837 0.01445287302499458
2838 0.01445153642479566
2839 0.01445027256324953
2840 0.0144493404085926
2841 0.01444842873890902
2842 0.01444716567738917
2843 0.01444576683205492
2844 0.01444446285709888
2845 0.01444302022713975
2846 0.01444144174617857
2847 0.01444003165636573
2848 0.01443869126009031
2849 0.01443693567966157
2850 0.01443527034027582
2851 0.01443400891870161
2852 0.01443311963465643
2853 0.01443215072664102
2854 0.01443083986057274
2855 0.01442984363468107
2856 0.0144284784565938
2857 0.01442725416932346
2858 0.01442606985198998
2859 0.01442467846961127
2860 0.014423157515927
2861 0.01442181979374476
2862 0.01442004494740914
2863 0.0144184596289426
2864 0.01441689585348868
2865 0.01441541049991848
2866 0.01441445131422121
2867 0.01441364903500363
2868 0.014413099539367
2869 0.01441208130343001
2870 0.0144113561868445
2871 0.01440990721723609
2872 0.01440834666737862
2873 0.01440673921692449
2874 0.01440520072661489
2875 0.01440396523574949
2876 0.01440254201600106
2877 0.01440159364407879
2878 0.01440081449625787
2879 0.01439976109809962
2880 0.01439881849477649
2881 0.0143977027167467
2882 0.01439633005003096
2883 0.01439467817131727
2884 0.01439264180917513
2885 0.01439072504613659
2886 0.01438950181774213
2887 0.01438869081819842
2888 0.01438785593683099
2889 0.01438696611156556
2890 0.01438625981799558
2891 0.01438510964314466
2892 0.01438388773132464
2893 0.01438237812573616
2894 0.01438078504615623
2895 0.01437935755266255
2896 0.0143782502342088
2897 0.01437723760475519
2898 0.01437622587232562
2899 0.01437527344226194
2900 0.01437410959439822
2901 0.01437290911318674
2902 0.01437124519552513
2903 0.0143698472321435
2904 0.01436883050992514
2905 0.01436785934117351
2906 0.01436676845944646
2907 0.01436587969522117
2908 0.0143651325561552
2909 0.01436415325013723
2910 0.01436291619842121
2911 0.01436155232278804
2912 0.0143602850600484
2913 0.01435916949978243
2914 0.01435801921972999
2915 0.01435680582088996
2916 0.01435558352518184
2917 0.01435457269937635
2918 0.01435384981492274
2919 0.01435337414707484
2920 0.01435244362546243
2921 0.01435124086207168
2922 0.01435000709595241
2923 0.01434879114071515
2924 0.0143473945018568
2925 0.01434586682711758
2926 0.01434449605776559
2927 0.01434365959085046
2928 0.01434311286717124
2929 0.01434242660895486
2930 0.01434167820410342
2931 0.01434077561268137
2932 0.014339717646277
2933 0.01433868443377668
2934 0.01433748392671106
2935 0.01433613326505835
2936 0.01433474043873629
2937 0.01433363118889297
2938 0.01433245847875943
2939 0.01433124321051949
2940 0.01433002115991543
2941 0.01432898976295281
2942 0.01432828706832258
2943 0.01432744613545068
2944 0.01432660196520845
2945 0.01432612163403513
2946 0.01432562127563139
2947 0.01432478161729945
2948 0.01432351190402192
2949 0.01432216415833365
2950 0.01432080555016923
2951 0.01431977111097846
2952 0.0143187685743313
2953 0.01431782728018786
2954 0.01431697523963224
2955 0.01431621826644242
2956 0.01431530184730175
2957 0.01431443884613598
2958 0.014313143374618
2959 0.01431174578033653
2960 0.01431052097731672
2961 0.01430993927648781
2962 0.01430915738755297
2963 0.01430852862649895
2964 0.01430771178188569
2965 0.0143067644602629
2966 0.01430563277721112
2967 0.01430433839011124
2968 0.01430330346242749
2969 0.01430236825712751
2970 0.01430146437938181
2971 0.01430050365736568
2972 0.01429965466338309
2973 0.01429911515592787
2974 0.01429833780266951
2975 0.0142974526138092
2976 0.0142964052702361
2977 0.01429498281786311
2978 0.01429388699364279
2979 0.01429308905014144
2980 0.014292433361747
2981 0.01429165350880585
2982 0.01429078543200328
2983 0.01429016337404908
2984 0.0142891543708716
2985 0.01428796102091606
2986 0.01428655471866512
2987 0.01428539307502734
2988 0.01428450800433679
2989 0.01428380875566411
2990 0.0142833186803086
2991 0.01428276518400706
2992 0.01428161777729616
2993 0.01428057403418515
2994 0.0142798746521715
2995 0.0142792258533198
2996 0.01427850662721233
2997 0.01427801371300595
2998 0.01427744405409319
2999 0.01427654736193122
3000 0.01427565991329024
