"drag-rfile"
"Iteration" "drag"
("Iteration" "drag")
1 1.379533298938532
2 1.851897734150318
3 2.177035430942585
4 2.360750006446271
5 2.457393284249423
6 2.463134523791363
7 2.384239725625912
8 2.242129793892715
9 2.064847371304227
10 1.886957116588997
11 1.730173153767541
12 1.62961525406174
13 1.506766600651065
14 1.431959451584673
15 1.365110355864791
16 1.300733048139848
17 1.232290376152895
18 1.157492229703541
19 1.076186773487523
20 0.9895021054371341
21 0.8984612092696203
22 0.8074385020207866
23 0.7146853303549339
24 0.6234816748387726
25 0.5366345398628156
26 0.4543831812059643
27 0.37820752120102
28 0.3076755290704324
29 0.2441325488507888
30 0.1867958282602409
31 0.1348856111984915
32 0.08815844196059634
33 0.04642831999689218
34 0.009769357237096168
35 -0.02214734818987873
36 -0.04993958927364622
37 -0.07371067425236277
38 -0.09414614111946987
39 -0.1116803749953136
40 -0.126297885939727
41 -0.1383646961331221
42 -0.1481549821955459
43 -0.1559350006811351
44 -0.1616986571212059
45 -0.1655754137161859
46 -0.1677980833703334
47 -0.1687087652017805
48 -0.1684215271619487
49 -0.1670477171187971
50 -0.1647664000655617
51 -0.1619033287920287
52 -0.1583997129816328
53 -0.1544892025121621
54 -0.150272343672082
55 -0.1456393729607458
56 -0.1409440409430453
57 -0.1363863883877218
58 -0.131834262947901
59 -0.127275733670116
60 -0.1228609690258749
61 -0.118498766399715
62 -0.1142234843933229
63 -0.1101039780990342
64 -0.1060576595883013
65 -0.1018842777845251
66 -0.09776077128287881
67 -0.09377192107088236
68 -0.08935506963747786
69 -0.08486238733766999
70 -0.08018160149313064
71 -0.07535828345447611
72 -0.07073386924310812
73 -0.06543879889131364
74 -0.06027096908853389
75 -0.05455713967744207
76 -0.04871206214460153
77 -0.04250936950142113
78 -0.03584774662574716
79 -0.02910900618690611
80 -0.02165164854605299
81 -0.01443642102117967
82 -0.006943654253380354
83 0.001782129896104728
84 0.009880962208465524
85 0.01823747635966982
86 0.02677713952852075
87 0.03563168730367741
88 0.04462345801359971
89 0.05370984735152089
90 0.06286093176617578
91 0.07205490330575191
92 0.0827879590234193
93 0.09192534573247721
94 0.1009733206405128
95 0.1098762195558383
96 0.1203954553369452
97 0.1290499769896359
98 0.1376207116633534
99 0.1460157659197176
100 0.1540115183425976
101 0.1618037116281969
102 0.1693061997196885
103 0.1765317510410212
104 0.1831415065902723
105 0.1894763444401073
106 0.1954521167355798
107 0.2010712969913646
108 0.2063020144596804
109 0.2111261718342927
110 0.2155152150262885
111 0.2194724365992927
112 0.2229862146191506
113 0.2260242030255669
114 0.2285675338115454
115 0.2305930573509508
116 0.2320871187940112
117 0.2331086532023335
118 0.2335438993787367
119 0.2333790176754987
120 0.2326001055885828
121 0.2311998112560214
122 0.2291743825901393
123 0.2264736476865818
124 0.2231633382460422
125 0.2192361151602895
126 0.2147003758355387
127 0.20958184292183
128 0.2039052496618174
129 0.197690307419256
130 0.1909839737028393
131 0.1838599776072885
132 0.1763259301106662
133 0.1684427823218136
134 0.1602634231302557
135 0.1518511594547045
136 0.143252312790235
137 0.1344562805609537
138 0.1255916044477833
139 0.1167682697624835
140 0.1079763415249377
141 0.09926335058414365
142 0.09067193060623566
143 0.08225049875952714
144 0.07404945367815007
145 0.06608529253983571
146 0.05838436081102445
147 0.05097361619004823
148 0.04388188723219379
149 0.03714286322678864
150 0.03075858497162881
151 0.02471342528455796
152 0.01905570453504734
153 0.01379506411562548
154 0.008951569603102866
155 0.004518381612406941
156 0.0004946710877459394
157 -0.003113347659104722
158 -0.006305566605676225
159 -0.009099895522593176
160 -0.01147725668263117
161 -0.01343243806949959
162 -0.01497705613264305
163 -0.01612524799545821
164 -0.01688361199829783
165 -0.01726028225129003
166 -0.01726488421419193
167 -0.0169030512559796
168 -0.01608672498283669
169 -0.01503080726071485
170 -0.01364697692229359
171 -0.01194895255147303
172 -0.009936801479728115
173 -0.007635759305456517
174 -0.005083438866193673
175 -0.002283135030674221
176 0.0007685070467082957
177 0.004053751903344957
178 0.007573413874429957
179 0.011300597278113
180 0.01521921991149368
181 0.01931463248372998
182 0.02357256858240234
183 0.02797586293831088
184 0.03251269824158198
185 0.03716043415280593
186 0.04191903879192831
187 0.04674860073859966
188 0.05161450181500332
189 0.05654127957240135
190 0.06150028239686278
191 0.06647581397099799
192 0.07145320946872237
193 0.07641575095602096
194 0.08134914053585249
195 0.08623809626052467
196 0.09106347257086428
197 0.09580058040524996
198 0.1004577932502898
199 0.1050432726355689
200 0.1095145875450589
201 0.113852417889132
202 0.1180345519173611
203 0.1220674705294881
204 0.1259385083133142
205 0.1296363995247866
206 0.1331412975436827
207 0.1364532094881593
208 0.1395620481741157
209 0.1424585689073666
210 0.1451339871566672
211 0.147581623376935
212 0.149792563447917
213 0.1517606157258259
214 0.1534814927717391
215 0.1549339117637799
216 0.1561402632081131
217 0.1570814405256913
218 0.1577633783502768
219 0.1581746180658743
220 0.1583123690668358
221 0.1581795029528281
222 0.1577718059812925
223 0.1570949243676557
224 0.156154736828044
225 0.1549504043070204
226 0.1534903732564448
227 0.1517809963076496
228 0.1498300289621486
229 0.1476458640817944
230 0.1452374360234204
231 0.1426159628049773
232 0.1397930099493852
233 0.1367806176052899
234 0.1335915918697015
235 0.1302395575203472
236 0.1267387378775285
237 0.1231004183560988
238 0.1193429669491958
239 0.115495236361092
240 0.1115573278951815
241 0.1075439236007909
242 0.1034664304094178
243 0.09935476555454614
244 0.09522411482388866
245 0.09109349687761606
246 0.0869804749742709
247 0.08291355827889294
248 0.07889447524071594
249 0.07494155681243439
250 0.07107883299961065
251 0.06731190714907376
252 0.06365661450116067
253 0.0601259082638322
254 0.05673454290010355
255 0.05349364606237386
256 0.0504151822876276
257 0.04750820913269426
258 0.04478355711044046
259 0.04225024963024936
260 0.03990925283573836
261 0.03777434507374376
262 0.03585278502393429
263 0.0341472673366589
264 0.03266149635991142
265 0.03139847541827439
266 0.03035914611455708
267 0.02954396769306991
268 0.02895195255433956
269 0.02858167986094785
270 0.02843267728244837
271 0.02849857776133839
272 0.02877332134885375
273 0.02925358408810196
274 0.0299327816870736
275 0.03080472262487301
276 0.031862712812026
277 0.03309893485095317
278 0.03450422015555466
279 0.03607023002746325
280 0.03778732958577392
281 0.03964145179613279
282 0.04162686918045439
283 0.04373672228221175
284 0.0459567998248968
285 0.04827878070872739
286 0.05069162009705411
287 0.05318594422244956
288 0.05574810355599599
289 0.05836810657877082
290 0.06103504881407362
291 0.06373906101905118
292 0.06646960959574752
293 0.0692194967219812
294 0.07196315870218523
295 0.07470307548932678
296 0.07742877057499348
297 0.08013113041273862
298 0.08280190947774443
299 0.08543263106834595
300 0.08801448354014625
301 0.09054020755468602
302 0.0929998823852603
303 0.09538697878044483
304 0.09769365546844977
305 0.09991360966860616
306 0.1020357033714998
307 0.1040578563739499
308 0.1059735021260481
309 0.1077778074948145
310 0.109462992393367
311 0.1110277634297091
312 0.1124680864757357
313 0.1137802771733122
314 0.1149610659729033
315 0.1160071186519066
316 0.1169230769897092
317 0.1176985797230116
318 0.1183322393153378
319 0.1188232672347785
320 0.1191709661396252
321 0.1193781887179394
322 0.1194422050703272
323 0.1193641863356175
324 0.1191456002501553
325 0.1187879136537239
326 0.1182935580645795
327 0.1176651370960318
328 0.116905926915145
329 0.116020128887124
330 0.1150114603534063
331 0.1138834591388601
332 0.1126434235687213
333 0.1112949311980481
334 0.1098438598481832
335 0.1082961594454551
336 0.106659207376417
337 0.104935082309978
338 0.103133486698545
339 0.1012613066007613
340 0.09932602010395841
341 0.09733448111342957
342 0.09529490383348734
343 0.09321474039894133
344 0.09110171308973514
345 0.08896436931628847
346 0.08681031166241032
347 0.08464722470602359
348 0.0824827197685967
349 0.08032465194236371
350 0.07818085057785655
351 0.07605956055153799
352 0.07396849402244668
353 0.07191439988109755
354 0.06990586340082187
355 0.06794987602303544
356 0.0660533524249549
357 0.06422295949903976
358 0.06246493154305352
359 0.06078494685695016
360 0.0591880416052722
361 0.05767942505734263
362 0.05626444934772348
363 0.05494699376387814
364 0.05373142747749495
365 0.05262133836581392
366 0.05161966666566633
367 0.05072906194457158
368 0.04995412629501295
369 0.04929410552091824
370 0.04875922008015565
371 0.04834032307095346
372 0.04803782458912401
373 0.04784576519769752
374 0.04777010057600604
375 0.04781002512322639
376 0.04796422326703684
377 0.04823079158034822
378 0.04860776299786315
379 0.04909200636370576
380 0.04968039101712746
381 0.05036965185515314
382 0.05115701759941158
383 0.05203755326424684
384 0.05300629261904837
385 0.05405819630824395
386 0.05518808183261455
387 0.05639042376583442
388 0.05765930922233819
389 0.05898924569943904
390 0.06037348877066262
391 0.06180590717475101
392 0.0632776392539218
393 0.06478480759820351
394 0.06632077390455765
395 0.06787894508458875
396 0.06945272840323664
397 0.07103521434161972
398 0.07262025830388907
399 0.07420083940850718
400 0.07577051411521402
401 0.07732266479532073
402 0.07884877784236691
403 0.0803455558515456
404 0.08180750793898971
405 0.08322879155076859
406 0.08460769324447283
407 0.08593655542497125
408 0.08719438876546259
409 0.08839248698394156
410 0.08952681281324688
411 0.09059586885638153
412 0.09159323808700753
413 0.09251625368677136
414 0.09336178300000995
415 0.09412855820321385
416 0.09481410708825548
417 0.09541603391152799
418 0.09593326882389269
419 0.09636454710922772
420 0.0967093251453524
421 0.09696713865284073
422 0.09713785544686869
423 0.09722184963022132
424 0.09722002180845729
425 0.09713313216236624
426 0.09696223977482152
427 0.09670914128658653
428 0.09637525322540719
429 0.09596243590393953
430 0.09547309167706464
431 0.09491016775610418
432 0.09427620239835356
433 0.09357424533670035
434 0.09280749067921582
435 0.09197915951328901
436 0.09109335909196631
437 0.09015304327529577
438 0.08916334531408632
439 0.08812684917853096
440 0.08704887036991522
441 0.08593229425198068
442 0.08478125877583605
443 0.08360041383505959
444 0.08239438267563977
445 0.08116738121581651
446 0.0799237723029898
447 0.07866818392454993
448 0.07740479868218857
449 0.07613879125629723
450 0.07487458957089309
451 0.07361656957389436
452 0.07236904426686278
453 0.07113600068126295
454 0.06992148748253671
455 0.06873036776431482
456 0.06756597185916839
457 0.06643257034038047
458 0.06533870822701425
459 0.06428213529394057
460 0.06326585027526846
461 0.06229302888281495
462 0.0613664377603025
463 0.06048846480519308
464 0.0596615028715235
465 0.05888745777503893
466 0.05816856055436553
467 0.05750619782863235
468 0.05690201483791302
469 0.05635721154802657
470 0.05587264144138163
471 0.05544915552647537
472 0.05508182134965965
473 0.05477682050272126
474 0.05453368931724399
475 0.05435876306114265
476 0.05424537955945967
477 0.05419298106847451
478 0.05420100518228268
479 0.05426829524974422
480 0.05439278111503026
481 0.05457313096676701
482 0.05480781400393173
483 0.05509496091216718
484 0.05543294294896994
485 0.05581917541555429
486 0.05625121306463048
487 0.05672677591572017
488 0.05724288108740581
489 0.05779664574672493
490 0.05838539587251358
491 0.05900477882763189
492 0.05965330432311113
493 0.06032806651842979
494 0.06102577000388547
495 0.06174408567560142
496 0.0624792408182662
497 0.06322824071774527
498 0.06398781840404406
499 0.06475452892050619
500 0.06552565976587027
501 0.06629773029197394
502 0.06706846536174879
503 0.06783406886160805
504 0.06859167560646534
505 0.06933848257480264
506 0.0700712483765266
507 0.07078819559056827
508 0.07148638193812253
509 0.07216290051582804
510 0.07281566399427028
511 0.07344207831480484
512 0.0740400954439758
513 0.07460793261269456
514 0.07514399237107716
515 0.07564656746604143
516 0.07611358880602058
517 0.07654921403001741
518 0.07694630988760666
519 0.07730367368276583
520 0.07762031199587501
521 0.07789534704415041
522 0.07812821276440342
523 0.07831897783354719
524 0.0784673481159428
525 0.07857299898557968
526 0.07863604983143896
527 0.07865701989212399
528 0.07863607159341234
529 0.07857410181011457
530 0.07847152849996518
531 0.0783290148886982
532 0.0781473082977022
533 0.07792790731880786
534 0.07767198769346072
535 0.07738103454510983
536 0.07705625644121592
537 0.0766994044456794
538 0.07631199806945796
539 0.0758956668887625
540 0.07545254806395518
541 0.07498455259801777
542 0.07449361118170987
543 0.07398164293926787
544 0.07345039163575988
545 0.07290220409381221
546 0.07233890071019736
547 0.07176263625071754
548 0.07117569596717746
549 0.07058013935216147
550 0.06997785450806071
551 0.06937144303406033
552 0.0687655470432206
553 0.06815940077554455
554 0.06755500993882188
555 0.06695429934325831
556 0.06635922801828087
557 0.06577157275865361
558 0.06519338622669806
559 0.06462565275112489
560 0.06407054525063016
561 0.06352958803725622
562 0.0630041857717947
563 0.06249603642830319
564 0.06200643032445989
565 0.06153640934410637
566 0.0610873588462864
567 0.06066019189223907
568 0.06025599684804725
569 0.05987573866238669
570 0.05952008837078728
571 0.05919038240500374
572 0.05888684531883113
573 0.05861031641984131
574 0.05836047409819331
575 0.05813789789806974
576 0.05794270607297546
577 0.05777493968044339
578 0.05763388263648708
579 0.05752024427060883
580 0.05743396801588324
581 0.05737467303283084
582 0.05734170222723322
583 0.05733488940341884
584 0.05735325220723058
585 0.05739653640230523
586 0.05746381361341966
587 0.0575538650731586
588 0.05766618005416813
589 0.05779977739453344
590 0.05795361398880029
591 0.05812783673120627
592 0.05831959302682328
593 0.05852763530561159
594 0.05875083642407399
595 0.05898742078755354
596 0.05923770348712926
597 0.05949789105366658
598 0.05976798481248843
599 0.06004687406764943
600 0.06033280598569284
601 0.0606245702957733
602 0.06092007435274795
603 0.06121847278658146
604 0.06151847427600752
605 0.06181860717385102
606 0.06211756340280656
607 0.06241376819503197
608 0.06270591421363753
609 0.06299294335845557
610 0.06327336783019179
611 0.06354620684503075
612 0.06381039945824468
613 0.0640648822834954
614 0.06430867952692519
615 0.06454150153309858
616 0.06476143500265477
617 0.06496789510275812
618 0.06515988780264716
619 0.06533650158856109
620 0.06549713204946107
621 0.06564129997129889
622 0.06576846967089359
623 0.06587785349281157
624 0.06596925236087939
625 0.06604248622968099
626 0.06609723348425181
627 0.06613365950641049
628 0.06615137363384779
629 0.066148843937941
630 0.06612729733655398
631 0.06608949992360504
632 0.06603267120868353
633 0.06595721644713266
634 0.06586351854249187
635 0.06575183640717991
636 0.06562266592507246
637 0.06547642684052764
638 0.06531322887830178
639 0.06513388534691308
640 0.06493877127286671
641 0.0647289765167588
642 0.06450551621330068
643 0.06426889201590182
644 0.0640194043765188
645 0.06375827307116605
646 0.0634863013565992
647 0.06320422150472525
648 0.06291297156442846
649 0.06261356855342018
650 0.06230690825103318
651 0.06199376223642964
652 0.06167507211600987
653 0.06135171239037474
654 0.06102487068000117
655 0.06069539284928261
656 0.06036480137625981
657 0.06003332728837973
658 0.05970182955345853
659 0.05937158890227937
660 0.05904346480982627
661 0.05871828441719691
662 0.0583967928485254
663 0.05807986907013881
664 0.0577681788167801
665 0.0574626504291922
666 0.05716386262490311
667 0.05687285320477677
668 0.05659001056849414
669 0.05631553699034875
670 0.05605063497590451
671 0.05579564689210707
672 0.05555099508062252
673 0.0553169139172432
674 0.05509424159333304
675 0.05488330527417204
676 0.05468445093844398
677 0.05449795420104312
678 0.05432399081483914
679 0.05416265520239787
680 0.05401412634780477
681 0.05387856866914
682 0.05375595989885428
683 0.05364637324938806
684 0.05354976527910147
685 0.05346609432033529
686 0.05339547327506852
687 0.05333761137577191
688 0.05329224924019346
689 0.05325916553868673
690 0.05323823367586358
691 0.05322911776789767
692 0.05323149627051075
693 0.05324480914437114
694 0.05326878023566736
695 0.05330305690556288
696 0.05334712154241467
697 0.05340057430823451
698 0.05346300820270541
699 0.05353389826593635
700 0.05361281296057217
701 0.05369892362850206
702 0.05379192295141454
703 0.05389096536858102
704 0.05399537682752782
705 0.0541043935064004
706 0.05421762279838172
707 0.0543342361111239
708 0.05445351752139355
709 0.05457478137170337
710 0.05469755180473807
711 0.05482130662903744
712 0.05494529928233375
713 0.05506880284488929
714 0.05519113071021637
715 0.05531152414106065
716 0.05542925152111549
717 0.0555438184952016
718 0.05565439729706746
719 0.05576038084266287
720 0.05586130874584629
721 0.05595665503193199
722 0.05604555072886081
723 0.05612743586427812
724 0.0562021086738721
725 0.05626898944998621
726 0.05632767063110382
727 0.05637769096351457
728 0.05641846088378402
729 0.05644943625846246
730 0.05647040128009921
731 0.05648083401823757
732 0.05648075028425035
733 0.05646986662605067
734 0.05644814372726077
735 0.0564154426678263
736 0.05637164823320648
737 0.05631784495876097
738 0.05625261103120161
739 0.05617619440341793
740 0.05608841688494931
741 0.05598920437414678
742 0.05587906717667
743 0.05575817798733885
744 0.05562621357468733
745 0.05548364172245166
746 0.05533074181295765
747 0.05516823522305517
748 0.05499627749137857
749 0.05481520352139049
750 0.05462558015558704
751 0.05442790236507493
752 0.05422225899066641
753 0.05400903877989781
754 0.05378902097561122
755 0.05356276174286014
756 0.05333109423166525
757 0.05309466900277517
758 0.05285388608284811
759 0.05260980635582246
760 0.05236294207955051
761 0.05211383520184382
762 0.05186307626716955
763 0.05161121337037111
764 0.05135877536997978
765 0.05110613538770664
766 0.05085451366424849
767 0.05060443093617829
768 0.05035578806034761
769 0.05011006231634754
770 0.04986802237989765
771 0.04963042310781519
772 0.04939755079919527
773 0.04916998347296439
774 0.04894830345742745
775 0.0487327824697413
776 0.04852388259690823
777 0.04832209934798395
778 0.04812772010138825
779 0.04794154556388401
780 0.04776386120173565
781 0.04759504715405681
782 0.04743538045361875
783 0.04728490765122441
784 0.0471437525627967
785 0.0470119776133376
786 0.04688952949551343
787 0.04677639466803352
788 0.04667277049200143
789 0.0465785875191901
790 0.0464940339630235
791 0.0464189569308911
792 0.04635311116899384
793 0.04629630069452755
794 0.04624844309851714
795 0.0462092869523628
796 0.04617833093447597
797 0.04615520074316147
798 0.04613944472080433
799 0.04613087470387117
800 0.04612927264963546
801 0.04613430307193285
802 0.04614568975010835
803 0.04616774604363926
804 0.04619142258033477
805 0.04621924661669847
806 0.04625083127273119
807 0.04628583336883614
808 0.04632370786833908
809 0.04636391437814976
810 0.04640593298807566
811 0.04644966345790237
812 0.04649467647220298
813 0.04654038647997576
814 0.04658617991642911
815 0.04663179299083271
816 0.04667668244633465
817 0.04672027853726248
818 0.04676206418448568
819 0.0468018046079914
820 0.04683900173855645
821 0.04687337017633042
822 0.04690470219428931
823 0.04693261334748491
824 0.04695657728129713
825 0.04697616658317428
826 0.04699133206367604
827 0.04700166553609732
828 0.04700669623730062
829 0.04700630771195997
830 0.04700051530639338
831 0.04698877850338778
832 0.04697111000155482
833 0.04694738880470572
834 0.04691740159200371
835 0.04688103503011694
836 0.04683819181720324
837 0.04678904676939229
838 0.04673352442222881
839 0.04667177103997831
840 0.0466036822857516
841 0.04652931743780103
842 0.04644876354936292
843 0.04636213842536872
844 0.04626981483480177
845 0.04617187264718275
846 0.04606847992633664
847 0.04595958410999287
848 0.04584553613123161
849 0.04572648994751793
850 0.04560272474888853
851 0.04547458350069717
852 0.04534224428828679
853 0.04520599532909481
854 0.04506613794536016
855 0.04492276861013843
856 0.04477668939607346
857 0.04462804334399508
858 0.04447722174780328
859 0.04432430982974599
860 0.04416957476986643
861 0.04401335682729946
862 0.04385461490583587
863 0.04369513370078693
864 0.04353527861018521
865 0.0433752838460802
866 0.04321565087036813
867 0.0430566109685151
868 0.04289864938328769
869 0.04274202419231862
870 0.04258700257927567
871 0.04243388103230303
872 0.04228298231911402
873 0.04213469258530837
874 0.04198904119003528
875 0.0418464264969294
876 0.04170686272966245
877 0.04157067768010228
878 0.04143816180094728
879 0.04130956216030646
880 0.0411848092788242
881 0.04106419280594131
882 0.04094767603063741
883 0.0408355951495738
884 0.04072786912650876
885 0.04062466709130994
886 0.04052014279916525
887 0.04042770590348962
888 0.0403394049241232
889 0.04025542024942673
890 0.04017153957668212
891 0.0400975434161009
892 0.0400270262232345
893 0.03995734131303889
894 0.03989588402181977
895 0.03983503771814516
896 0.03978145821359039
897 0.03972959978040672
898 0.03968432226578898
899 0.03963932666935292
900 0.03960066810729764
901 0.03956157918917154
902 0.03952822877424785
903 0.03949426554273279
904 0.03946522510800887
905 0.03943514293681885
906 0.0394097453484189
907 0.03938310526705958
908 0.03936067915658686
909 0.03933661945017657
910 0.03931623614233889
911 0.03929448421504624
912 0.03927574101927311
913 0.039256742873288
914 0.03923613196505897
915 0.03921771905952581
916 0.03919841337619328
917 0.03917723861603955
918 0.0391575412783344
919 0.03913629885364927
920 0.03911345275434513
921 0.03909146331513303
922 0.0390679355889636
923 0.03904253952311564
924 0.03901723922040232
925 0.0389897466133731
926 0.03895932362079576
927 0.03892790527184368
928 0.03889402041922165
929 0.03885727858989772
930 0.03881971673064799
931 0.03877900576329067
932 0.0387374095320225
933 0.03869245248383058
934 0.03864651811778859
935 0.0385963759958818
936 0.03854553569961942
937 0.03848987476633495
938 0.0384323243999849
939 0.03837390583395806
940 0.0383094866469018
941 0.0382430727177196
942 0.03817434554374605
943 0.03810331305711703
944 0.03802991952930167
945 0.03795416950530268
946 0.03787608762948837
947 0.03779535804857761
948 0.03771209015272872
949 0.03762637512717598
950 0.03753829473806293
951 0.03744775971232263
952 0.03735516387622938
953 0.03726067144478871
954 0.03716462344564644
955 0.03706720483661787
956 0.03696844116848674
957 0.03686834415012082
958 0.03676728405835488
959 0.03666505093343189
960 0.03656213381084529
961 0.03645874078797089
962 0.0363548380548437
963 0.03625055635560757
964 0.03614595481077106
965 0.03604119983563751
966 0.03593648409873928
967 0.03583195636316799
968 0.03572806103918291
969 0.03562467429213833
970 0.0355286800181279
971 0.03542489011501911
972 0.03532275290743505
973 0.03522183680332761
974 0.03512220425962691
975 0.03502406314911767
976 0.03493422583561601
977 0.0348375993844835
978 0.0347433129694313
979 0.03465090613079772
980 0.03456048941940335
981 0.03447195946579065
982 0.03439164722724451
983 0.03430552301945009
984 0.03422225395196579
985 0.03414120656942983
986 0.03406254515491179
987 0.03398615595428531
988 0.03391749602809966
989 0.03384320951964846
990 0.03377191324476137
991 0.03370298572152713
992 0.03363653937965835
993 0.03357236224307081
994 0.03351037325020626
995 0.03345031421574542
996 0.03339212224487233
997 0.03333573542260886
998 0.03328117300196765
999 0.0332282674035863
1000 0.03317695250542164
1001 0.03312706190864691
1002 0.03307857183224396
1003 0.03303145494343769
1004 0.0329858342564963
1005 0.032941540349066
1006 0.03289855846529192
1007 0.03285635398383209
1008 0.0328149947008916
1009 0.03277450242038186
1010 0.03273466590714338
1011 0.03269540497373914
1012 0.03265697536943582
1013 0.03261918792543052
1014 0.03258188536487848
1015 0.03254491731353929
1016 0.03250838292048101
1017 0.0324719202503636
1018 0.03243544853155724
1019 0.03239876566832322
1020 0.03236197605755418
1021 0.03232488719384532
1022 0.03228769637235004
1023 0.03225012029051852
1024 0.03221229481903846
1025 0.03217416884162083
1026 0.03213574931384487
1027 0.03209687056658841
1028 0.03205739576068331
1029 0.03201697175488691
1030 0.0319758482453403
1031 0.03193387968391357
1032 0.0318908892272229
1033 0.0318470738594048
1034 0.0318024680797757
1035 0.03175696837252306
1036 0.03171067264711483
1037 0.0316635781761715
1038 0.03161570748088436
1039 0.03156670462046159
1040 0.03151667401038287
1041 0.03146544731299315
1042 0.03141318187567355
1043 0.03136003613780523
1044 0.03130576667268514
1045 0.03125060214722136
1046 0.03119446156745682
1047 0.03113728796131239
1048 0.03107918450183288
1049 0.03102016017235833
1050 0.03096058132308641
1051 0.03090005142645573
1052 0.03083849836238082
1053 0.03077595945256973
1054 0.03071258406297197
1055 0.03064843187453835
1056 0.03058356634391128
1057 0.03051809063465008
1058 0.03045223062519972
1059 0.03038574165144011
1060 0.03031879529966974
1061 0.03025140170692985
1062 0.03018364275414451
1063 0.03011528544587349
1064 0.03004666813951846
1065 0.02997780973222803
1066 0.0299089983143285
1067 0.02984007255617188
1068 0.02977112196475924
1069 0.0297020342460613
1070 0.0296327228826002
1071 0.0295632332719534
1072 0.02949387189938447
1073 0.02942465849505322
1074 0.02935589588386805
1075 0.02928762986147163
1076 0.02921998018031912
1077 0.02915283441123269
1078 0.02908612880914818
1079 0.02901973628040296
1080 0.02895365538675615
1081 0.02888802118022206
1082 0.02882296074095833
1083 0.02875819784166717
1084 0.02869415611701357
1085 0.02863095400060025
1086 0.02856861550890967
1087 0.02850705008632325
1088 0.02844656354060503
1089 0.02838696809611037
1090 0.02832818833187974
1091 0.02827481600994112
1092 0.02821600297233525
1093 0.02815817512951289
1094 0.02810146555110686
1095 0.02805045101492511
1096 0.0279944301607146
1097 0.02793984975276028
1098 0.02789102017895856
1099 0.02783710807591276
1100 0.02778478489486943
1101 0.02773819516778761
1102 0.02768707185472294
1103 0.0276374371219073
1104 0.02759305285246726
1105 0.02754409884983137
1106 0.02750090506354987
1107 0.02745314192724748
1108 0.02741106109992736
1109 0.02736456810685837
1110 0.02732353142366754
1111 0.02727793750495525
1112 0.02723777604230245
1113 0.02719324524586022
1114 0.02715407644803005
1115 0.02711081137463528
1116 0.02707277167653622
1117 0.02703077710833643
1118 0.02699378605267835
1119 0.02695647638419876
1120 0.02691485777925929
1121 0.02687797163404759
1122 0.02684085894636625
1123 0.02679958521789579
1124 0.02676319962526103
1125 0.02672252188091387
1126 0.02668653956246286
1127 0.02665048703918388
1128 0.02661069001926247
1129 0.02657557100027873
1130 0.0265400843295337
1131 0.02650007086989816
1132 0.02646441535440373
1133 0.02642433631018263
1134 0.02638835281834321
1135 0.02635168048051854
1136 0.0263109356172561
1137 0.02627451661743598
1138 0.02623418217084173
1139 0.02619790195072606
1140 0.0261575510207805
1141 0.02612122857058145
1142 0.0260805662491518
1143 0.02604364198720127
1144 0.02600197592098543
1145 0.0259641645623748
1146 0.02592175180946135
1147 0.02588324355134114
1148 0.02584042895659359
1149 0.02579817584360452
1150 0.02575949095097646
1151 0.0257162660319078
1152 0.02567685491111943
1153 0.02563283350535846
1154 0.02558908768134847
1155 0.02554880681797858
1156 0.02550391002618629
1157 0.02545928836078949
1158 0.02541837170566487
1159 0.0253729644409118
1160 0.02532793773238155
1161 0.02528635345484876
1162 0.02524011878025502
1163 0.02519417762378327
1164 0.02514819237052351
1165 0.02510575363181706
1166 0.02505893851407204
1167 0.02501252275240224
1168 0.02496977866433909
1169 0.02492231571883726
1170 0.02487514155997379
1171 0.02483197089257795
1172 0.02478433330473983
1173 0.02473724135459753
1174 0.02469408099539803
1175 0.02464634205190767
1176 0.02459931619342498
1177 0.02455646853907336
1178 0.02450914171186423
1179 0.02446230116258645
1180 0.0244157238287718
1181 0.02437321708996794
1182 0.02432638069847955
1183 0.02428036589188777
1184 0.02423850035893675
1185 0.02419230093813865
1186 0.0241504478452852
1187 0.02410450462523923
1188 0.02406336241213322
1189 0.02401825874309695
1190 0.02397794100078785
1191 0.02393318023743662
1192 0.023893061973079
1193 0.02384875629284194
1194 0.023809263396568
1195 0.02376574199010306
1196 0.0237271126160424
1197 0.02368471188233457
1198 0.02364681708303685
1199 0.02360899618492875
1200 0.02356741442601814
1201 0.02353052684414045
1202 0.0234936230953875
1203 0.0234528396451495
1204 0.02341690987617497
1205 0.02338104421838367
1206 0.02334550384553378
1207 0.0233064411108637
1208 0.0232722989639708
1209 0.02323815922837064
1210 0.02320415328956533
1211 0.02317013413549752
1212 0.02313266739686777
1213 0.02309978152382031
1214 0.02306703629812485
1215 0.02303481596598
1216 0.02300290504573001
1217 0.02297137693490227
1218 0.02294014131841522
1219 0.02290895255009353
1220 0.02287783281407588
1221 0.02284317803334178
1222 0.02281311011340535
1223 0.0227831203152688
1224 0.02275308464658136
1225 0.02272310596534059
1226 0.0226931799748841
1227 0.02266363670390887
1228 0.02263456464842928
1229 0.02260569410139126
1230 0.02257683057663415
1231 0.02254792427152411
1232 0.02251895692932579
1233 0.02249002369379376
1234 0.02246109274249536
1235 0.0224321292820849
1236 0.02240333705986016
1237 0.0223746275502837
1238 0.02234601427744708
1239 0.0223175814471356
1240 0.02228906980145204
1241 0.02226053953079219
1242 0.0222318272348378
1243 0.02220307232649469
1244 0.02217443076422156
1245 0.02214587598868044
1246 0.02211736028822563
1247 0.02208867671412449
1248 0.02205992291868658
1249 0.0220312582524853
1250 0.0220026333969554
1251 0.02197027083790267
1252 0.02194169215941608
1253 0.02191308142446861
1254 0.02188427071311394
1255 0.02185528464647494
1256 0.02182625553843883
1257 0.02179694179809205
1258 0.02176741665467246
1259 0.0217343830085738
1260 0.02170521777053599
1261 0.02167591746529916
1262 0.02164645979972547
1263 0.02161676338213478
1264 0.02158686703994314
1265 0.02155366817868887
1266 0.02152439286268954
1267 0.0214948531406329
1268 0.02146519127873842
1269 0.02143561951368581
1270 0.02140230583191254
1271 0.02137269653723524
1272 0.02134298334206372
1273 0.02131311025907057
1274 0.02127988323745999
1275 0.02125054966440272
1276 0.02122101495591056
1277 0.02118836973440559
1278 0.0211594985177126
1279 0.02113025720169889
1280 0.02109802504650913
1281 0.02106931735251734
1282 0.02104047247013722
1283 0.02101162057067406
1284 0.02097947092934164
1285 0.02095125101586057
1286 0.02092275196624621
1287 0.02089126806935784
1288 0.02086352807329013
1289 0.02083284899759905
1290 0.02080571771785819
1291 0.02077867003605741
1292 0.02074860784728903
1293 0.02072186025279231
1294 0.02069243320057655
1295 0.02066621232118507
1296 0.02064010641069195
1297 0.02061132580638015
1298 0.02058589415837868
1299 0.02055768727896157
1300 0.02053277922349195
1301 0.02050515585324696
1302 0.02048058278332973
1303 0.02045375319910376
1304 0.02042983751505295
1305 0.02040377142221797
1306 0.02038064986185284
1307 0.02035505735533476
1308 0.02033235671312802
1309 0.02030730147376094
1310 0.02028493432120063
1311 0.02026031618880012
1312 0.02023841378853215
1313 0.02021437106095486
1314 0.02019287531260769
1315 0.02016921101388441
1316 0.02014640917444881
1317 0.02012608978328049
1318 0.02010386345817753
1319 0.02008398172609054
1320 0.0200619820050196
1321 0.02004049334591226
1322 0.02002124125412334
1323 0.01999989082763257
1324 0.01997904977430571
1325 0.01995856108611852
1326 0.01994005272302052
1327 0.01991986588434398
1328 0.01989993125266051
1329 0.01988004480432819
1330 0.01986195370307549
1331 0.01984212903625989
1332 0.0198226875256972
1333 0.01980375495574418
1334 0.01978495219649252
1335 0.01976636783993134
1336 0.01974790578193798
1337 0.01972962285436347
1338 0.01971136421215669
1339 0.01969316309180514
1340 0.01967501220389858
1341 0.01965694904731096
1342 0.01963906858317809
1343 0.01962140072923906
1344 0.01960378661355827
1345 0.01958610036290253
1346 0.01956842204899677
1347 0.01955082557217892
1348 0.01953328197129974
1349 0.0195157700931782
1350 0.01949814679571415
1351 0.01948040682147418
1352 0.0194627424719637
1353 0.01944557437857897
1354 0.01942844665606228
1355 0.01941128336931523
1356 0.01939411149188808
1357 0.01937692660154049
1358 0.01935979800661844
1359 0.01934250170385
1360 0.01932517422944727
1361 0.01930782387860591
1362 0.01929080053828667
1363 0.01927379780944916
1364 0.01925670594919026
1365 0.01923963248711417
1366 0.01922241208511055
1367 0.01920511852844147
1368 0.0191876343137969
1369 0.01917023015549615
1370 0.01915309692175334
1371 0.01913618419276413
1372 0.01911943984757185
1373 0.01910282245198423
1374 0.01908617007359995
1375 0.01906951740748906
1376 0.01905305223829556
1377 0.01903680513320985
1378 0.01902043286548932
1379 0.01900388167953939
1380 0.01898728175234777
1381 0.01897064425639102
1382 0.0189541230993819
1383 0.01893769001427296
1384 0.01892134801852834
1385 0.018905130265951
1386 0.01888935891649941
1387 0.01887372483074818
1388 0.01885824449150854
1389 0.01884278483192386
1390 0.01882716411273135
1391 0.01881172727891935
1392 0.01879671280637865
1393 0.01878185049085368
1394 0.01876708600141277
1395 0.01875248278242919
1396 0.01873791255671872
1397 0.01872337269571431
1398 0.018708923497432
1399 0.01869458274323171
1400 0.01868021481401817
1401 0.01866605961807948
1402 0.01865214107371479
1403 0.01863836229060614
1404 0.0186249429039284
1405 0.01861172651585336
1406 0.01859886505249642
1407 0.01858642785787376
1408 0.01857420987026921
1409 0.01856193023402524
1410 0.01854973575277627
1411 0.01853765266279435
1412 0.01852561073942862
1413 0.01851370558598946
1414 0.01850213063762477
1415 0.01849073852945373
1416 0.01847928044628449
1417 0.01846815013508136
1418 0.01845731424400319
1419 0.01844680664424939
1420 0.0184362886080778
1421 0.01842578516003515
1422 0.01841571292621553
1423 0.01840607042427608
1424 0.01839655695627175
1425 0.01838713462257623
1426 0.0183778369912372
1427 0.01836845750248357
1428 0.01835919353963677
1429 0.01834998460641901
1430 0.01834093572811584
1431 0.01833203756355419
1432 0.01832341269591122
1433 0.01831496831463212
1434 0.0183069074815029
1435 0.01829885340899045
1436 0.01829090798590195
1437 0.01828283853024284
1438 0.01827498823303291
1439 0.0182672862220504
1440 0.01825966026719858
1441 0.01825209059908077
1442 0.01824465701956586
1443 0.01823718193552769
1444 0.01822995885579219
1445 0.01822296939973837
1446 0.01821602095589061
1447 0.01820893604813543
1448 0.01820187000826956
1449 0.01819505300785048
1450 0.01818837068294509
1451 0.0181813819107483
1452 0.01817448299829796
1453 0.01816776654886717
1454 0.0181610431468302
1455 0.01815429773826918
1456 0.01814776566837945
1457 0.01814134339498709
1458 0.01813500230476021
1459 0.0181286256471488
1460 0.01812231651070348
1461 0.01811580428166184
1462 0.01810926373626989
1463 0.01810264137741958
1464 0.01809618963535497
1465 0.01808973129219984
1466 0.01808353872598375
1467 0.01807735014644753
1468 0.01807123698891976
1469 0.0180651776119751
1470 0.01805912877649515
1471 0.01805304895373713
1472 0.01804705498843622
1473 0.01804120960527155
1474 0.01803525599802169
1475 0.01802929647726211
1476 0.01802330480431204
1477 0.01801729700852267
1478 0.01801137203610492
1479 0.01800545327831829
1480 0.01799970850834121
1481 0.01799401393029618
1482 0.01798849489760195
1483 0.01798295057829411
1484 0.01797755805745391
1485 0.01797221291236584
1486 0.01796693599331188
1487 0.01796160079190446
1488 0.01795646452294546
1489 0.01795129753913555
1490 0.01794625753810586
1491 0.01794127438052098
1492 0.01793656282459241
1493 0.01793187273673317
1494 0.01792722208615074
1495 0.01792257743132128
1496 0.01791802205328721
1497 0.01791356228085062
1498 0.01790926941078989
1499 0.01790505289254532
1500 0.01790113456600765
1501 0.01789710734420812
1502 0.01789336009922519
1503 0.01788977422511242
1504 0.01788646957934499
1505 0.01788328142035593
1506 0.01788025043822156
1507 0.01787724696801941
1508 0.01787422736575747
1509 0.01787124907050706
1510 0.01786841131824156
1511 0.01786575162170312
1512 0.01786321268043135
1513 0.01786102344508852
1514 0.0178589846256496
1515 0.0178571893880922
1516 0.01785540622894475
1517 0.01785370906238847
1518 0.01785225689349588
1519 0.01785094294034229
1520 0.01784978335570153
1521 0.01784870053321232
1522 0.01784784426914786
1523 0.01784706060129353
1524 0.01784642044431418
1525 0.01784567556092749
1526 0.01784505498445094
1527 0.01784449821081197
1528 0.01784427198070622
1529 0.01784423693187057
1530 0.01784432707157974
1531 0.01784444358996321
1532 0.01784470135066605
1533 0.017845064750835
1534 0.01784564972668374
1535 0.01784624221871631
1536 0.01784698162404744
1537 0.01784776127686369
1538 0.01784865155110366
1539 0.01784949650314828
1540 0.01785048817732626
1541 0.0178515492298984
1542 0.01785280507750572
1543 0.01785412872549125
1544 0.01785564121536152
1545 0.01785701291500566
1546 0.01785870824127681
1547 0.0178604426154688
1548 0.01786226296771873
1549 0.01786412563636936
1550 0.01786618075401924
1551 0.0178682042047243
1552 0.01787022398021633
1553 0.01787231647480223
1554 0.01787463407236596
1555 0.01787691010426715
1556 0.01787914816144546
1557 0.01788134314744956
1558 0.01788354162156356
1559 0.01788579455138191
1560 0.01788838735603288
1561 0.01789085229102557
1562 0.01789344916105492
1563 0.01789612356782856
1564 0.01789884218520168
1565 0.01790155380928252
1566 0.01790439686140751
1567 0.01790715873546661
1568 0.01790998179231616
1569 0.0179128073077396
1570 0.01791587874635444
1571 0.01791881877206825
1572 0.01792170996973252
1573 0.01792453359774224
1574 0.01792740148865054
1575 0.01793027081905068
1576 0.01793346153251958
1577 0.01793646961541827
1578 0.01793957088874004
1579 0.01794267337176879
1580 0.01794592854951791
1581 0.01794911738184428
1582 0.01795237471808733
1583 0.01795558894093225
1584 0.01795850977291988
1585 0.01796212858185619
1586 0.01796562475183982
1587 0.01796898146727065
1588 0.0179722953520436
1589 0.0179756743517332
1590 0.01797922879323646
1591 0.01798310298449196
1592 0.01798689839980624
1593 0.01799066613077464
1594 0.0179945667772257
1595 0.01799846196914449
1596 0.01800247459745137
1597 0.01800638145702329
1598 0.01801045022806826
1599 0.01801446423279475
1600 0.01801867801197235
1601 0.01802304219275689
1602 0.01802743184632697
1603 0.01803180576160465
1604 0.01803621468555088
1605 0.01804063639161858
1606 0.01804524066185383
1607 0.0180502787615573
1608 0.01805512433913357
1609 0.01805951700962265
1610 0.0180647906006884
1611 0.01807006525314476
1612 0.01807534818211016
1613 0.01808076665329547
1614 0.01808581475625466
1615 0.01809150242932206
1616 0.0180972648371244
1617 0.01810307197103042
1618 0.01810875839741228
1619 0.01811446081046213
1620 0.01812013196039721
1621 0.01812598631852121
1622 0.01813205164904416
1623 0.01813815294839064
1624 0.01814408730188764
1625 0.01815021238244905
1626 0.01815643020971521
1627 0.0181628422939007
1628 0.01816939763919042
1629 0.01817606624323578
1630 0.01818276265634856
1631 0.01818952968749412
1632 0.01819642876335918
1633 0.01820327189452227
1634 0.01821005973519713
1635 0.0182168802877908
1636 0.01822362415282037
1637 0.01823061955874331
1638 0.01823794271486865
1639 0.01824519620494818
1640 0.01825266535207959
1641 0.01826013997077096
1642 0.01826768962987257
1643 0.0182753513689413
1644 0.01828290826372999
1645 0.01829049463071027
1646 0.01829815474070128
1647 0.0183058716303412
1648 0.01831373990131108
1649 0.01832143256403888
1650 0.01832899133636096
1651 0.01833657676460703
1652 0.01834442284636625
1653 0.01835240947163785
1654 0.01836048108566895
1655 0.01836837700642698
1656 0.01837640199330572
1657 0.01838479403988262
1658 0.01839326464085829
1659 0.0184016515328506
1660 0.01840993042212819
1661 0.01841801448938684
1662 0.01842612643195646
1663 0.01843433897145365
1664 0.0184425725409162
1665 0.01845072904075666
1666 0.01845886107168061
1667 0.0184671493056861
1668 0.0184756589482594
1669 0.01848430649839127
1670 0.01849286006708681
1671 0.01850060069562126
1672 0.01850945369012168
1673 0.01851823871789411
1674 0.01852701702762388
1675 0.0185356903711459
1676 0.01854343691345591
1677 0.01855237946909145
1678 0.01856123947421163
1679 0.01856924096013152
1680 0.01857830338381849
1681 0.01858626666582023
1682 0.0185953903648258
1683 0.01860343401047189
1684 0.01861284154769339
1685 0.018620819544844
1686 0.01862991764496964
1687 0.01863814927375421
1688 0.01864762360648627
1689 0.01865607989749254
1690 0.01866559040711887
1691 0.01867401652235882
1692 0.01868387303437125
1693 0.01869354631410012
1694 0.01870317127805579
1695 0.0187114690395099
1696 0.01872111504133715
1697 0.0187306088108714
1698 0.01874022234146222
1699 0.01874906291342725
1700 0.0187589705066114
1701 0.0187685856572979
1702 0.01877825608063225
1703 0.01878804452394148
1704 0.0187979180477062
1705 0.01880775589283022
1706 0.01881749155255016
1707 0.01882718052539241
1708 0.0188370043695069
1709 0.01884692890701857
1710 0.01885676737273919
1711 0.01886639621550369
1712 0.01887587205680486
1713 0.01888546178107955
1714 0.01889536458022011
1715 0.01890543651145745
1716 0.01891438913373683
1717 0.01892461537539572
1718 0.01893480033769993
1719 0.0189438979984863
1720 0.01895451598026098
1721 0.01896484834664898
1722 0.01897386655188848
1723 0.01898424261509572
1724 0.01899470094373879
1725 0.01900520066415665
1726 0.01901444767767307
1727 0.01902505562445625
1728 0.01903550544704704
1729 0.01904585346534466
1730 0.0190564403075437
1731 0.019067032106683
1732 0.01907752311515156
1733 0.01908796245635895
1734 0.01909833116836962
1735 0.01910878849067389
1736 0.019119247179768
1737 0.01912959801315475
1738 0.01914015879780356
1739 0.01915080264066018
1740 0.01916149388045244
1741 0.01917195938943686
1742 0.01918239215226719
1743 0.01919286723573055
1744 0.01920340252272728
1745 0.01921407360945993
1746 0.01922461692199799
1747 0.01923504315047151
1748 0.01924554830147879
1749 0.01925613968291511
1750 0.0192668194090788
1751 0.01927737936035791
1752 0.01928793499010233
1753 0.01929851613728912
1754 0.01930922892759525
1755 0.01931988854051887
1756 0.01933038137317146
1757 0.01934082411557722
1758 0.01935118134529482
1759 0.0193617086809369
1760 0.01937244709718353
1761 0.01938305769153948
1762 0.01939351543080855
1763 0.01940397796135174
1764 0.01941445681492992
1765 0.01942513130552449
1766 0.0194358577585512
1767 0.0194465020823963
1768 0.01945718099410149
1769 0.01946783943942459
1770 0.01947834000871326
1771 0.01948874170831663
1772 0.01949925382477584
1773 0.0195098757736753
1774 0.01952034513722956
1775 0.01953097238713641
1776 0.01954149884626278
1777 0.01955203513475568
1778 0.01956260427953323
1779 0.0195732447594777
1780 0.01958378741519506
1781 0.01959430542856256
1782 0.01960465946270864
1783 0.01961499043881263
1784 0.01962538412666874
1785 0.01963578609270527
1786 0.01964610836263601
1787 0.01965636135400132
1788 0.01966666320163717
1789 0.01967703214070684
1790 0.01968758195099448
1791 0.01969801020216039
1792 0.01970811491800141
1793 0.01971806577582886
1794 0.01972806751688029
1795 0.01973829697794426
1796 0.01974865787894842
1797 0.01975903756333253
1798 0.01976926676278356
1799 0.01977963772238787
1800 0.01979008530048597
1801 0.01980031254973528
1802 0.01981034661351289
1803 0.01982025758269751
1804 0.01983014164494129
1805 0.01984016670695912
1806 0.01985034353297542
1807 0.01986058769654066
1808 0.01987063834416471
1809 0.01988068903944275
1810 0.0198906186894976
1811 0.01990061231655023
1812 0.01991085867261297
1813 0.01992121254904446
1814 0.01993145091005225
1815 0.01994168401111619
1816 0.01995183859308168
1817 0.01996183282961884
1818 0.01997181223067274
1819 0.01998183492398983
1820 0.01999180545049725
1821 0.02000193005147352
1822 0.02001200553405479
1823 0.02002206892762827
1824 0.02003202419819405
1825 0.02004194656101965
1826 0.0200517948515568
1827 0.02006168766460717
1828 0.02007156705004894
1829 0.02008155023237579
1830 0.02009164588907933
1831 0.02010170838132873
1832 0.02011158219192791
1833 0.02012134505944357
1834 0.02013102947673072
1835 0.02014083058852176
1836 0.02015078854812723
1837 0.02016084324497898
1838 0.02017081599038556
1839 0.02018038027894877
1840 0.02018991989559978
1841 0.02019952263280029
1842 0.02020925071871082
1843 0.02021912669123864
1844 0.020229047625298
1845 0.02023890582346406
1846 0.02024870564218416
1847 0.02025831904769945
1848 0.02026771718078456
1849 0.02027705860355009
1850 0.02028617899270481
1851 0.02029540280985576
1852 0.02030475486739303
1853 0.02031428187773391
1854 0.02032374796645444
1855 0.02033315944484208
1856 0.02034253050524929
1857 0.02035184858398613
1858 0.02036108774428643
1859 0.02037021328328395
1860 0.0203794012295398
1861 0.0203885916187156
1862 0.02039766960427096
1863 0.02040647231168902
1864 0.02041511132954944
1865 0.0204237188926809
1866 0.0204327526106648
1867 0.02044196771486078
1868 0.02045115161845654
1869 0.02046014776246882
1870 0.02046877437030981
1871 0.02047707966713505
1872 0.02048551841658796
1873 0.02049403546384478
1874 0.02050272455521892
1875 0.02051151687783797
1876 0.02052020493368863
1877 0.02052881303719886
1878 0.02053727151642443
1879 0.0205458386916735
1880 0.02055429014992398
1881 0.02056249884518675
1882 0.02057080387135788
1883 0.02057905278556752
1884 0.02058717296729787
1885 0.02059527953662778
1886 0.02060329431761877
1887 0.02061136628581449
1888 0.02061950172963978
1889 0.02062768492107455
1890 0.02063583763147665
1891 0.02064370797895198
1892 0.02065172538194366
1893 0.02065975260638141
1894 0.02066780528789283
1895 0.02067571902112271
1896 0.02068359027498747
1897 0.02069138541666422
1898 0.02069890692236477
1899 0.02070633346576456
1900 0.02071368339181589
1901 0.02072113716322536
1902 0.02072869158103557
1903 0.02073655599879396
1904 0.02074431286030402
1905 0.02075196341382702
1906 0.02075910980602727
1907 0.02076638862881477
1908 0.02077384525066232
1909 0.0207813506210023
1910 0.02078880290436419
1911 0.02079610683627615
1912 0.02080310057796392
1913 0.02081006186146465
1914 0.02081694400070079
1915 0.02082386353235563
1916 0.02083080860674397
1917 0.02083750826222758
1918 0.02084435707102432
1919 0.02085149926118861
1920 0.0208586492366017
1921 0.02086544780835573
1922 0.02087207674668826
1923 0.02087883681281954
1924 0.02088551941260798
1925 0.02089215120963307
1926 0.0208985325125482
1927 0.02090474582176764
1928 0.02091109183231436
1929 0.02091767051092434
1930 0.02092415404145034
1931 0.02093053627986415
1932 0.02093672028754955
1933 0.02094289517646766
1934 0.02094931699504563
1935 0.02095557058548565
1936 0.02096167114563956
1937 0.02096760509255908
1938 0.0209733930226015
1939 0.02097916055484033
1940 0.02098485411663246
1941 0.02099073141270726
1942 0.02099683639157291
1943 0.02100307323505938
1944 0.02100917145371479
1945 0.02101504960934103
1946 0.02102067622068276
1947 0.02102595429618758
1948 0.021031112990415
1949 0.02103622517207173
1950 0.02104129200270723
1951 0.02104669687067774
1952 0.02105239213468881
1953 0.02105793868554359
1954 0.02106342128818007
1955 0.02106882035482062
1956 0.02107412739589357
1957 0.02107943239750577
1958 0.0210845645201538
1959 0.02108942865019315
1960 0.02109413458949697
1961 0.02109879647516672
1962 0.02110344795992723
1963 0.0211081269547666
1964 0.02111286104645836
1965 0.02111772758611524
1966 0.02112273179324641
1967 0.02112769949861688
1968 0.02113237225456216
1969 0.02113697942879107
1970 0.02114151034486398
1971 0.02114598063772957
1972 0.02115028008148366
1973 0.02115436467696862
1974 0.02115844300404734
1975 0.02116239197045172
1976 0.02116627109773262
1977 0.02117027689263324
1978 0.02117446190320836
1979 0.0211787723264378
1980 0.0211829258674743
1981 0.02118677148610165
1982 0.02119044126141221
1983 0.0211941076443184
1984 0.02119796515831445
1985 0.02120177912867122
1986 0.02120535450083154
1987 0.02120878658577856
1988 0.02121200063918063
1989 0.02121520510716309
1990 0.02121873404820553
1991 0.02122228261120638
1992 0.02122549639634348
1993 0.02122862017845982
1994 0.02123172762159463
1995 0.02123476788631948
1996 0.02123768575553108
1997 0.02124038961747886
1998 0.02124320432376606
1999 0.02124614606066862
2000 0.0212490803762499
2001 0.02125190427230609
2002 0.02125476984713179
2003 0.02125748437358725
2004 0.02126009916072734
2005 0.02126269959353413
2006 0.02126522310936693
2007 0.0212677997300708
2008 0.02127031989876861
2009 0.02127282621217199
2010 0.02127503144678332
2011 0.02127730951015618
2012 0.02127953364451307
2013 0.02128171501122253
2014 0.02128394428735186
2015 0.02128623071208833
2016 0.0212884106761365
2017 0.02129049933392778
2018 0.02129231285669898
2019 0.02129391347413388
2020 0.02129576941879305
2021 0.02129779245567968
2022 0.0212998684981551
2023 0.02130175512186188
2024 0.02130329285557145
2025 0.02130462960231017
2026 0.02130600865809966
2027 0.02130736860865877
2028 0.02130886477201703
2029 0.02131064633267505
2030 0.02131228187756471
2031 0.02131389719999225
2032 0.02131545288435115
2033 0.02131695191413473
2034 0.02131737967750679
2035 0.02131843654108143
2036 0.02131947766109829
2037 0.02132031607055895
2038 0.02132007350123175
2039 0.02132113479483241
2040 0.02132233890275503
2041 0.02132362228937833
2042 0.02132382445650738
2043 0.02132501499181013
2044 0.02132645163688184
2045 0.0213276696379086
2046 0.02132857294968577
2047 0.02132928810083696
2048 0.0213297708186224
2049 0.02133004626095517
2050 0.0213302214182847
2051 0.02133046218554933
2052 0.02133111671184542
2053 0.02133112066268034
2054 0.02133192089731952
2055 0.02133263811700436
2056 0.02133311743039143
2057 0.02133341402504984
2058 0.02133360429873114
2059 0.02133256311145483
2060 0.02133227755239888
2061 0.0213320045583387
2062 0.02133199833467244
2063 0.02133206006928348
2064 0.02133154724286977
2065 0.02133173034012388
2066 0.02133162368643219
2067 0.02133137757979169
2068 0.02133123630319885
2069 0.02133104555029158
2070 0.02133002414915421
2071 0.0213296929015577
2072 0.02132948141702743
2073 0.02132901141343975
2074 0.02132743269265794
2075 0.02132662664389925
2076 0.02132591557873194
2077 0.02132511948474648
2078 0.02132427397207614
2079 0.02132340640963609
2080 0.02132250927720291
2081 0.02132103705465595
2082 0.02132021354261665
2083 0.02131929942119356
2084 0.0213182897667381
2085 0.02131698619426984
2086 0.02131578004436701
2087 0.0213145624532495
2088 0.02131334798071989
2089 0.02131105887356232
2090 0.02130958767228027
2091 0.02130816936360008
2092 0.02130660601208158
2093 0.02130527462962007
2094 0.02130392601207758
2095 0.02130223008543275
2096 0.02130018819990137
2097 0.02129760605968295
2098 0.02129598466667302
2099 0.02129437501754515
2100 0.02129264126325506
2101 0.02129076891520939
2102 0.02128813904939266
2103 0.02128614701844905
2104 0.02128418224822766
2105 0.02128199004239407
2106 0.02127957619687033
2107 0.02127748920901318
2108 0.0212755063835907
2109 0.02127319988893191
2110 0.02127072237054696
2111 0.02126822809688918
2112 0.02126559750545247
2113 0.02126285931689213
2114 0.02126021839249921
2115 0.02125806527986571
2116 0.02125533245602273
2117 0.02125301423848242
2118 0.02125036746158247
2119 0.02124766238492618
2120 0.02124492129238786
2121 0.02124200500802856
2122 0.02123912106210601
2123 0.02123611331373106
2124 0.02123306371885454
2125 0.02123015034881925
2126 0.02122722496249332
2127 0.0212241212073814
2128 0.02122093226895445
2129 0.02121791942495318
2130 0.02121478615409397
2131 0.0212116015249865
2132 0.02120835425357641
2133 0.02120510320269574
2134 0.0212017937957852
2135 0.02119804745565842
2136 0.02119479438035858
2137 0.02119114453642885
2138 0.02118744964503226
2139 0.02118371649632901
2140 0.02118021856470283
2141 0.02117697197455727
2142 0.02117326041361395
2143 0.02116954857837537
2144 0.02116571741316346
2145 0.02116200711459855
2146 0.0211583248141133
2147 0.02115463463031301
2148 0.02115083732981629
2149 0.02114691302723085
2150 0.02114297147264371
2151 0.02113894378958958
2152 0.02113504371389059
2153 0.02113104089225628
2154 0.02112721820524463
2155 0.02112338220866347
2156 0.02111962909825918
2157 0.02111555661760136
2158 0.02111126500033815
2159 0.02110675637376775
2160 0.02110233890938973
2161 0.02109821410467267
2162 0.02109395106540983
2163 0.02108964076076267
2164 0.0210851398851008
2165 0.02108072207135969
2166 0.0210763156515419
2167 0.02107197929006463
2168 0.02106746151607676
2169 0.02106281930783305
2170 0.02105819230300677
2171 0.02105356520015296
2172 0.02104912868221883
2173 0.02104465419796823
2174 0.02104006703682598
2175 0.02103514129130507
2176 0.02103007341079439
2177 0.02102518537171774
2178 0.02102051796645639
2179 0.02101590115403165
2180 0.02101136911309958
2181 0.0210067579094074
2182 0.0210019993243416
2183 0.02099718924445923
2184 0.02099208373620034
2185 0.02098664856891553
2186 0.02098131984606451
2187 0.02097597119972628
2188 0.02097045043737532
2189 0.02096531860710771
2190 0.0209605259820495
2191 0.02095572261245967
2192 0.0209505923363322
2193 0.02094536486927679
2194 0.02094016709472994
2195 0.02093482126816856
2196 0.020929403507484
2197 0.02092401992891967
2198 0.0209188708031836
2199 0.0209137699214984
2200 0.02090833758994997
2201 0.02090262550502737
2202 0.02089675672527343
2203 0.02089092613191605
2204 0.02088547580644423
2205 0.02088018057112163
2206 0.02087470226955211
2207 0.02086891284083032
2208 0.02086307027753794
2209 0.02085748259476115
2210 0.02085195256693108
2211 0.02084651134079257
2212 0.02084077702752574
2213 0.02083464623169371
2214 0.02082829302377522
2215 0.02082201995873191
2216 0.02081597299620831
2217 0.02081018989719203
2218 0.02080465035468791
2219 0.02079906567124585
2220 0.02079350662909552
2221 0.02078780351798083
2222 0.02078199241260113
2223 0.02077610475738922
2224 0.02076978177868471
2225 0.02076306684389279
2226 0.02075636619080608
2227 0.02074987965709309
2228 0.02074396876989366
2229 0.02073828950068781
2230 0.02073249589083883
2231 0.02072619615814404
2232 0.02071996287957204
2233 0.02071384367056881
2234 0.020707815190823
2235 0.02070163174274828
2236 0.020695218514588
2237 0.0206886656087133
2238 0.02068210756211568
2239 0.02067556539367193
2240 0.02066911397054099
2241 0.02066291154570156
2242 0.02065678435763204
2243 0.02065033013215599
2244 0.0206436841992334
2245 0.02063697374680288
2246 0.02063045507863501
2247 0.02062420674362542
2248 0.02061802003137796
2249 0.02061174311660043
2250 0.02060539315251993
2251 0.02059867946108628
2252 0.02059189196962986
2253 0.02058481289970559
2254 0.02057825354145972
2255 0.02057199468740732
2256 0.02056574492768817
2257 0.0205594338716873
2258 0.02055301829218112
2259 0.02054644374048456
2260 0.02053975920080872
2261 0.02053282963585782
2262 0.02052565832019687
2263 0.02051824574135665
2264 0.02051101338384852
2265 0.02050426627584162
2266 0.02049784432161963
2267 0.02049176399052364
2268 0.02048538501903264
2269 0.02047864954543818
2270 0.02047192441783099
2271 0.02046500790649395
2272 0.02045788244389511
2273 0.02045085286069221
2274 0.02044375177570095
2275 0.02043669729147469
2276 0.020429521696613
2277 0.02042252700215404
2278 0.02041580656835188
2279 0.02040903561880671
2280 0.02040230266129339
2281 0.02039559324061983
2282 0.02038867237300576
2283 0.02038152853555923
2284 0.02037444814326947
2285 0.02036741194571469
2286 0.02036051879060981
2287 0.02035370371324842
2288 0.0203466878524301
2289 0.02033922589280045
2290 0.02033168896771421
2291 0.02032419139877632
2292 0.02031687602290552
2293 0.02030966977850047
2294 0.02030294785090187
2295 0.02029619152168063
2296 0.02028915690003975
2297 0.02028218134267861
2298 0.02027526153218058
2299 0.02026840095470899
2300 0.020261247405494
2301 0.02025370833600999
2302 0.0202459393219646
2303 0.02023822466276857
2304 0.0202306254794436
2305 0.02022347305613208
2306 0.02021675342438423
2307 0.02020988772724227
2308 0.02020279071185943
2309 0.02019576187014108
2310 0.02018844879171703
2311 0.02018100179075101
2312 0.02017337215337913
2313 0.02016579622496316
2314 0.02015827851769733
2315 0.02015106792508034
2316 0.02014424686129069
2317 0.02013744747506251
2318 0.02013040187574228
2319 0.02012307506503579
2320 0.02011573361737299
2321 0.02010828689343373
2322 0.02010050675243699
2323 0.02009281328948105
2324 0.02008529679172163
2325 0.02007789138489038
2326 0.02007062900577626
2327 0.02006327829012504
2328 0.02005597021018075
2329 0.02004897935549041
2330 0.02004180505306787
2331 0.02003460158454843
2332 0.02002712512130047
2333 0.02001976689064319
2334 0.02001215068420933
2335 0.02000455815162193
2336 0.01999704585398828
2337 0.01998979149029183
2338 0.01998256502788242
2339 0.01997547778533555
2340 0.01996829538113152
2341 0.01996110788212411
2342 0.01995368107645694
2343 0.01994610470552982
2344 0.01993860494572395
2345 0.01993150858333234
2346 0.01992417781308789
2347 0.01991682683883411
2348 0.01990938971186136
2349 0.01990164473372094
2350 0.01989391051356881
2351 0.01988616676126391
2352 0.01987865892612586
2353 0.01987133249810287
2354 0.01986417440498487
2355 0.0198572156262885
2356 0.01985037751786394
2357 0.01984334669063298
2358 0.01983599980122102
2359 0.01982874061786861
2360 0.01982135402631551
2361 0.01981395732964421
2362 0.01980628527795744
2363 0.01979866330647918
2364 0.01979124696980822
2365 0.01978367783292661
2366 0.01977630974471432
2367 0.01976906339215304
2368 0.01976145485460936
2369 0.01975362129104009
2370 0.01974610843597477
2371 0.01973901518861107
2372 0.0197322320175553
2373 0.01972547573306058
2374 0.01971833558962476
2375 0.01971081028456513
2376 0.01970333795785138
2377 0.01969567331136188
2378 0.01968776418307734
2379 0.01968035688444153
2380 0.01967334136230189
2381 0.01966630453776119
2382 0.01965925298664009
2383 0.01965188852722865
2384 0.01964449271448355
2385 0.01963708200555174
2386 0.01962979325151398
2387 0.01962219274267651
2388 0.01961455590133185
2389 0.01960683937579939
2390 0.01959938016753283
2391 0.01959260711376046
2392 0.01958573747366205
2393 0.01957866624346211
2394 0.01957133941255505
2395 0.01956412641386453
2396 0.01955663289649073
2397 0.01954906682132257
2398 0.01954135628096042
2399 0.01953403396737991
2400 0.01952672895314519
2401 0.01951955456563565
2402 0.01951244723192445
2403 0.01950538173226971
2404 0.01949810080944844
2405 0.01949058386655003
2406 0.01948322625299266
2407 0.01947605717029549
2408 0.0194691965222406
2409 0.01946216297000821
2410 0.01945519875027832
2411 0.01944820712305451
2412 0.01944074055010227
2413 0.01943327969273518
2414 0.01942544282177611
2415 0.01941778671850624
2416 0.01941052442041709
2417 0.01940347455243007
2418 0.01939652664737632
2419 0.01938989014286362
2420 0.01938295754787407
2421 0.01937574909043614
2422 0.01936859124629343
2423 0.01936171548079448
2424 0.01935499116910576
2425 0.01934804674712324
2426 0.01934060094118928
2427 0.01933334519605687
2428 0.01932606797992991
2429 0.01931901356849407
2430 0.01931209676315007
2431 0.01930524910375281
2432 0.01929837539209316
2433 0.01929145169623904
2434 0.01928425104054303
2435 0.01927691174997608
2436 0.01926957793469525
2437 0.01926218722014021
2438 0.01925504331429853
2439 0.01924817399323207
2440 0.01924159494606983
2441 0.01923521899561863
2442 0.01922835695799787
2443 0.01922140906795909
2444 0.01921450314771575
2445 0.01920763302897006
2446 0.01920061019823277
2447 0.0191935217245293
2448 0.01918641620434441
2449 0.01917921168268722
2450 0.0191721313173836
2451 0.01916505488847243
2452 0.01915810927200001
2453 0.01915126670874536
2454 0.01914442039062212
2455 0.01913776765108257
2456 0.01913119855626192
2457 0.01912458553308405
2458 0.01911763151143741
2459 0.01911072204047506
2460 0.01910363662186083
2461 0.01909674220716334
2462 0.01908999837777887
2463 0.01908292054203746
2464 0.01907610873214192
2465 0.0190698675558614
2466 0.01906366655871345
2467 0.01905743451833376
2468 0.01905105739825797
2469 0.01904451308354719
2470 0.01903788974927522
2471 0.01903093229464679
2472 0.01902362277181512
2473 0.01901629727742624
2474 0.01900929917933384
2475 0.01900257735247204
2476 0.01899625703753778
2477 0.01899002726310504
2478 0.01898380648106877
2479 0.01897729661739905
2480 0.01897076741562245
2481 0.01896428538096523
2482 0.0189578361673933
2483 0.01895131270217451
2484 0.01894473143926031
2485 0.01893818218107917
2486 0.01893162837729539
2487 0.01892512796235644
2488 0.01891855898826108
2489 0.01891196291673291
2490 0.01890555796513517
2491 0.0188989107876388
2492 0.01889230883547164
2493 0.01888560944882432
2494 0.01887897126726681
2495 0.01887276534298656
2496 0.01886670582183637
2497 0.01886054745851266
2498 0.01885409784946954
2499 0.01884738611400086
2500 0.01884061233826688
2501 0.01883412297288642
2502 0.01882797156788636
2503 0.0188221684017945
2504 0.01881608704660413
2505 0.01880984849595043
2506 0.01880356161702877
2507 0.01879715958234171
2508 0.01879075594572209
2509 0.01878420011593571
2510 0.01877722771548577
2511 0.01877038840521795
2512 0.01876354136499167
2513 0.0187572307271827
2514 0.018751420078331
2515 0.01874590996103067
2516 0.01874017248439545
2517 0.01873434757427226
2518 0.01872831872317679
2519 0.01872213174125543
2520 0.01871577791616556
2521 0.01870944595881985
2522 0.01870305857587966
2523 0.01869647625392653
2524 0.01869014027299334
2525 0.01868437376824142
2526 0.01867868125821506
2527 0.01867294842490469
2528 0.0186668417504782
2529 0.01866083340596806
2530 0.01865451648556722
2531 0.01864828236853758
2532 0.01864249913662465
2533 0.01863700083971106
2534 0.01863147215188225
2535 0.01862554565201267
2536 0.01861934668015659
2537 0.01861291633103854
2538 0.01860671600935101
2539 0.01860070042009509
2540 0.01859514239864349
2541 0.01858976142484281
2542 0.01858417663496774
2543 0.01857838159572426
2544 0.01857262207272641
2545 0.0185669639467347
2546 0.01856101236128584
2547 0.01855513656458154
2548 0.0185491620684256
2549 0.0185431509788884
2550 0.01853743959557958
2551 0.0185318707809936
2552 0.01852635522578738
2553 0.01852062170484536
2554 0.01851482623028188
2555 0.01850907091423366
2556 0.01850333824551081
2557 0.01849714515054185
2558 0.01849097664929356
2559 0.01848509082388075
2560 0.01847977179983346
2561 0.0184745278617477
2562 0.01846905019202395
2563 0.01846364081137547
2564 0.01845811603200059
2565 0.0184526501332434
2566 0.01844682740305955
2567 0.01844080847717226
2568 0.01843535972638346
2569 0.018429970884262
2570 0.01842477564901746
2571 0.01841962350517332
2572 0.01841461393782549
2573 0.01840907367093048
2574 0.0184031375295616
2575 0.01839731297343466
2576 0.01839152055490714
2577 0.01838621962727349
2578 0.01838130104405474
2579 0.01837600056596711
2580 0.01837083939151203
2581 0.01836582496457206
2582 0.01836112300399341
2583 0.01835643891200056
2584 0.01835183855077062
2585 0.01834656727565708
2586 0.0183409690232761
2587 0.01833519850809122
2588 0.01832911100632481
2589 0.01832330917046008
2590 0.01831779828986542
2591 0.01831279355778985
2592 0.01830808627136029
2593 0.01830328743041642
2594 0.01829836698061215
2595 0.01829353349899431
2596 0.01828821091345281
2597 0.0182827020552364
2598 0.01827730329262602
2599 0.01827229162942838
2600 0.01826712355210694
2601 0.01826159737671462
2602 0.01825629787457543
2603 0.01825099725385524
2604 0.01824574650360997
2605 0.01824059213503369
2606 0.01823537120422079
2607 0.01822975253538895
2608 0.01822455826378049
2609 0.01821943740610023
2610 0.01821419593270273
2611 0.01820921216391526
2612 0.01820421397963061
2613 0.01819926194422345
2614 0.01819451691204481
2615 0.01818964931476731
2616 0.01818465699229693
2617 0.01817982775585192
2618 0.01817464398338736
2619 0.01816952937557354
2620 0.0181644135706264
2621 0.01815925099161595
2622 0.01815419097077762
2623 0.0181493371216994
2624 0.01814412687459354
2625 0.01813874360771465
2626 0.01813369296397411
2627 0.01812897311367633
2628 0.01812440976412788
2629 0.0181200978915574
2630 0.0181155395442199
2631 0.0181110187562959
2632 0.01810605393193432
2633 0.01810092033674193
2634 0.01809581989541793
2635 0.01809061874013448
2636 0.01808561663643525
2637 0.01808088093270346
2638 0.01807615918104853
2639 0.01807127721777869
2640 0.01806683670645598
2641 0.01806265236575397
2642 0.01805852255596343
2643 0.0180540929354002
2644 0.01804962748434184
2645 0.01804489344760401
2646 0.01803957129918195
2647 0.0180343575115956
2648 0.01802950660628856
2649 0.01802487910511785
2650 0.01802059368401432
2651 0.01801623106769116
2652 0.01801199388577938
2653 0.01800780682330214
2654 0.01800334986016515
2655 0.0179989560139758
2656 0.01799444138467045
2657 0.01799022214894145
2658 0.0179858891222004
2659 0.01798111883622437
2660 0.01797591637815248
2661 0.01797099099631408
2662 0.01796656669207123
2663 0.01796213840460506
2664 0.01795771634702882
2665 0.01795296837961382
2666 0.01794829648703819
2667 0.01794432902981465
2668 0.01794023801958313
2669 0.01793608154387903
2670 0.01793173687944857
2671 0.01792726317029724
2672 0.01792271953856964
2673 0.01791808146792923
2674 0.01791367052774989
2675 0.01790955066170573
2676 0.01790545116246379
2677 0.01790127004689994
2678 0.01789697014380115
2679 0.01789247975599609
2680 0.01788799454023403
2681 0.01788332938031558
2682 0.01787846827897604
2683 0.01787395388523448
2684 0.01786985746500864
2685 0.01786578025495669
2686 0.01786192856791585
2687 0.01785797145974914
2688 0.01785370902789297
2689 0.01784933713366372
2690 0.01784522469501941
2691 0.01784102825536869
2692 0.01783698800755287
2693 0.01783327604645122
2694 0.01782899424999952
2695 0.0178247304585818
2696 0.01782038622451978
2697 0.01781620527286867
2698 0.01781191893497786
2699 0.01780757367112397
2700 0.01780341092699039
2701 0.01779891647710791
2702 0.01779433889673964
2703 0.01779027797949066
2704 0.01778631358654245
2705 0.01778206350926911
2706 0.01777772006537762
2707 0.01777402099942833
2708 0.01776996373191224
2709 0.01776592960540676
2710 0.01776228766632482
2711 0.01775862482052451
2712 0.01775476676286113
2713 0.01775104614731045
2714 0.0177470953398841
2715 0.01774295181315996
2716 0.01773868820344666
2717 0.0177343949141957
2718 0.01772967721620707
2719 0.01772524960285382
2720 0.01772078817058376
2721 0.01771633814484008
2722 0.0177125350945602
2723 0.01770923726094053
2724 0.01770594675121839
2725 0.01770253973477428
2726 0.01769914661231944
2727 0.01769518198911463
2728 0.0176913790884359
2729 0.01768730617378845
2730 0.01768292173526422
2731 0.01767862907517354
2732 0.01767448228514019
2733 0.01767065009652064
2734 0.01766678926427564
2735 0.01766319388857838
2736 0.0176594879363102
2737 0.01765566903240836
2738 0.01765189471702465
2739 0.01764770579163481
2740 0.01764340016786757
2741 0.0176394101164721
2742 0.01763575176835895
2743 0.01763224311299036
2744 0.01762889879312577
2745 0.01762495919846592
2746 0.01762082725475222
2747 0.01761675764340704
2748 0.01761282964643592
2749 0.01760922286676949
2750 0.01760582121884202
2751 0.01760250271962114
2752 0.01759892088466791
2753 0.01759512740204312
2754 0.01759145701041738
2755 0.01758745100824428
2756 0.01758319746763199
2757 0.0175788610178255
2758 0.01757476317825795
2759 0.01757096008842437
2760 0.0175677801278174
2761 0.01756455868460696
2762 0.01756125459033668
2763 0.01755756165389915
2764 0.01755371785921138
2765 0.01754986514329249
2766 0.01754626873679049
2767 0.01754245273463938
2768 0.0175389699119605
2769 0.01753542894668278
2770 0.01753190279789313
2771 0.01752843707215149
2772 0.01752488084719433
2773 0.01752103497543226
2774 0.0175176006865556
2775 0.01751396305582244
2776 0.0175103451219814
2777 0.0175066188008851
2778 0.01750277929273618
2779 0.01749894029682442
2780 0.01749511740428093
2781 0.01749118082673699
2782 0.01748756567813396
2783 0.01748429461977434
2784 0.01748110037185753
2785 0.0174777890390839
2786 0.01747450322903502
2787 0.01747091665685498
2788 0.01746703022757402
2789 0.01746314991845371
2790 0.01745967861414381
2791 0.01745657529429542
2792 0.01745292356425552
2793 0.01744916767984266
2794 0.01744535533611779
2795 0.0174416410822106
2796 0.01743807261474398
2797 0.01743458271133076
2798 0.01743168754255602
2799 0.01742853379579515
2800 0.01742535064913431
2801 0.0174220755931803
2802 0.01741865486338565
2803 0.01741510801626099
2804 0.01741132943397172
2805 0.01740756698277858
2806 0.01740400233283367
2807 0.01740050909947622
2808 0.01739719664696198
2809 0.0173939566266697
2810 0.01739080737405828
2811 0.01738761490100112
2812 0.01738455074415209
2813 0.01738177543593164
2814 0.01737866547785664
2815 0.01737527651951479
2816 0.0173714197395883
2817 0.01736746329593227
2818 0.0173635099091882
2819 0.01735969027225175
2820 0.0173564386078791
2821 0.01735359522644738
2822 0.01735106765246762
2823 0.01734849438946552
2824 0.01734554811574327
2825 0.01734212221216513
2826 0.0173385380279318
2827 0.01733503822550692
2828 0.01733143323191981
2829 0.01732810039396358
2830 0.01732474469955941
2831 0.01732128226477392
2832 0.01731819754697814
2833 0.01731524347730129
2834 0.01731216114613644
2835 0.01730874053571081
2836 0.01730599056946135
2837 0.01730293600006947
2838 0.01730004982192402
2839 0.01729679378009643
2840 0.01729320810995333
2841 0.01728944500272411
2842 0.01728573983389114
2843 0.01728224333371972
2844 0.01727900993873488
2845 0.01727587417518896
2846 0.01727286394157002
2847 0.017270432799317
2848 0.01726743088201777
2849 0.01726454296115982
2850 0.01726181040831475
2851 0.01725844927707382
2852 0.01725485595236783
2853 0.01725093631486156
2854 0.01724707635884885
2855 0.01724338069457469
2856 0.01724025909971254
2857 0.01723729343672201
2858 0.01723433929211148
2859 0.01723131667017935
2860 0.0172281971086523
2861 0.01722505032066172
2862 0.01722190861139247
2863 0.01721871227136226
2864 0.01721544246729494
2865 0.01721191166212381
2866 0.01720847112284568
2867 0.01720486045248769
2868 0.01720143309814649
2869 0.01719875415235921
2870 0.01719575631004926
2871 0.01719293055025758
2872 0.01719015831319582
2873 0.01718703242385058
2874 0.01718381182065377
2875 0.01718097843963165
2876 0.01717815744654281
2877 0.01717510998284671
2878 0.01717187306405638
2879 0.01716855659851387
2880 0.01716501599562667
2881 0.01716138660152292
2882 0.0171588169003036
2883 0.01715584046185774
2884 0.01715315307778474
2885 0.01715050475988207
2886 0.01714814456227617
2887 0.01714545385047488
2888 0.01714274774414121
2889 0.01713961031509909
2890 0.01713616746265142
2891 0.01713247783098015
2892 0.01712876392920051
2893 0.01712496088167784
2894 0.01712150622179065
2895 0.01711880587873099
2896 0.01711623690003415
2897 0.01711358090657528
2898 0.01711088632860592
2899 0.01710791737650731
2900 0.01710464269590629
2901 0.01710201753922912
2902 0.01709902545625566
2903 0.0170960277311191
2904 0.01709281270556002
2905 0.01708967188904452
2906 0.01708643042770214
2907 0.01708308867073135
2908 0.01708030625829505
2909 0.0170773024727247
2910 0.01707487707917733
2911 0.01707259478073415
2912 0.01706965243771533
2913 0.01706691222985535
2914 0.01706372944550276
2915 0.01706090186526898
2916 0.0170581702680523
2917 0.0170552779684124
2918 0.0170523221234616
2919 0.01704908196550292
2920 0.01704566871044527
2921 0.01704232609733678
2922 0.01703925045050459
2923 0.01703685778261853
2924 0.01703419861891366
2925 0.01703137911447423
2926 0.01702838763189382
2927 0.01702612968055587
2928 0.01702329478946458
2929 0.01702019497113508
2930 0.01701690733649781
2931 0.01701382091397764
2932 0.0170108478548407
2933 0.01700788144774675
2934 0.01700524584893345
2935 0.01700278421812046
2936 0.01700018900290022
2937 0.01699724141662853
2938 0.01699461152599836
2939 0.0169913411468582
2940 0.01698831957468273
2941 0.01698627354641931
2942 0.01698354573498521
2943 0.01698080727256257
2944 0.01697840387874909
2945 0.01697543915906727
2946 0.01697244862940811
2947 0.01696935366583389
2948 0.01696714931659302
2949 0.01696449886956139
2950 0.01696185521602703
2951 0.01695879439875265
2952 0.01695578193241544
2953 0.01695297044307688
2954 0.0169502752260571
2955 0.01694742751380073
2956 0.01694470269461152
2957 0.01694203070033263
2958 0.01693888133306657
2959 0.01693589793871916
2960 0.01693288975411389
2961 0.0169305412632647
2962 0.01692791969078452
2963 0.01692525047540141
2964 0.01692243590900802
2965 0.01691966197113488
2966 0.01691673405248651
2967 0.01691396717145136
2968 0.01691165149970401
2969 0.01690879142606448
2970 0.01690565853196917
2971 0.01690241609970042
2972 0.01689917679075085
2973 0.01689631764149998
2974 0.0168939444791275
2975 0.0168917125380206
2976 0.01688913777016919
2977 0.01688632811298435
2978 0.01688346655991796
2979 0.01688079410527134
2980 0.01687808218172822
2981 0.01687540029876827
2982 0.01687256806257166
2983 0.01686974032281982
2984 0.01686693617107275
2985 0.0168640220287144
2986 0.01686107738196784
2987 0.01685839384020969
2988 0.01685566058327172
2989 0.01685301536841007
2990 0.01685054729149984
2991 0.01684833126280871
2992 0.01684595340634273
2993 0.01684393217160653
2994 0.01684169916375571
2995 0.01683922217513616
2996 0.01683654329536352
2997 0.0168334565211261
2998 0.0168300898353934
2999 0.01682659130768992
3000 0.01682353049630615
