"drag-rfile"
"Iteration" "drag"
("Iteration" "drag")
1 1.675058799446801
2 2.277263447348627
3 2.724343285884595
4 2.99113470964507
5 3.138338729251968
6 3.169103221313891
7 3.108030140412339
8 2.945434391242589
9 2.724886715404332
10 2.498001481442453
11 2.344538789895334
12 2.182134932492312
13 2.049129440700932
14 1.942727756543091
15 1.852955712629606
16 1.769541013415608
17 1.6835639309848
18 1.588445366226551
19 1.48572234588946
20 1.374833373233542
21 1.258188512468377
22 1.139603899543382
23 1.021351008908849
24 0.9055204106653935
25 0.7943913175693753
26 0.6880884100944451
27 0.5883175380346701
28 0.4956744513332367
29 0.4104461075376639
30 0.3325497034162631
31 0.2621603196686081
32 0.1976233168544344
33 0.1397424073036895
34 0.08936395393897177
35 0.0432707226962991
36 0.002283468972533926
37 -0.03406548734455563
38 -0.06612710371058182
39 -0.0945195596542496
40 -0.1194487218383559
41 -0.1410595632989939
42 -0.159683208427057
43 -0.1755635044600518
44 -0.1890416640657159
45 -0.2001762008464735
46 -0.2090679529200633
47 -0.2160487255620025
48 -0.2213411034054569
49 -0.2250437326472112
50 -0.2274088237952824
51 -0.2285099450075142
52 -0.2285729503788017
53 -0.2277745819218726
54 -0.2263023800402733
55 -0.2242929250282973
56 -0.221847629805444
57 -0.2190697074655759
58 -0.2159215102075796
59 -0.2126547891649212
60 -0.209142632860414
61 -0.2053866406482638
62 -0.2013772467050063
63 -0.1970988823825061
64 -0.1925274040218778
65 -0.1876252192160699
66 -0.182359913395402
67 -0.1763625842360052
68 -0.1701640108554076
69 -0.1629965244886821
70 -0.1553264340471371
71 -0.1471098778060061
72 -0.138443468933591
73 -0.1293884579923118
74 -0.1198366576496883
75 -0.109770442967063
76 -0.09926912228761084
77 -0.0883488109419279
78 -0.07691807875443682
79 -0.06499266534737391
80 -0.05265235929280779
81 -0.03990804856483649
82 -0.02677599014135341
83 -0.01319099241925391
84 0.0006806588372630764
85 0.01481740786814927
86 0.02915473235347832
87 0.04351825901885729
88 0.05792585826658271
89 0.07238688882306406
90 0.08684865348273976
91 0.1013094000685687
92 0.115657567470797
93 0.129775600149862
94 0.1437435856673434
95 0.1576991366259867
96 0.1742589159772489
97 0.18748265864548
98 0.199727388358091
99 0.2143201465783899
100 0.2256268031048016
101 0.2365008859927429
102 0.2469567055928013
103 0.2569101803315325
104 0.2665593977161301
105 0.2756945860779827
106 0.2842670303512662
107 0.292282508764267
108 0.2997055935935921
109 0.3065286763106772
110 0.3127434554785435
111 0.3181638590376811
112 0.3231145325593686
113 0.3273917818678281
114 0.3309760900099409
115 0.3338544587285524
116 0.3359775058078616
117 0.3373561001904311
118 0.3379685624927051
119 0.3377809892392938
120 0.3367755338233284
121 0.3349443422787391
122 0.3322799225745598
123 0.3288080334016416
124 0.3244966622857212
125 0.3193575631285102
126 0.313423620394718
127 0.3067304752952965
128 0.2993028747143758
129 0.2911672371381118
130 0.2823822720289947
131 0.2729749004644236
132 0.2630260433392442
133 0.2526062154883695
134 0.2417881904250496
135 0.2305782783608756
136 0.2190819168672206
137 0.207350634779034
138 0.1954338645944634
139 0.1834001437090053
140 0.1713193153592416
141 0.1592497667007478
142 0.1472434993484675
143 0.1353435834121473
144 0.1236047067138836
145 0.1120764221308671
146 0.1008085451694282
147 0.08985823724652775
148 0.07924795584522291
149 0.06902056849408279
150 0.05919332314016899
151 0.04980663760720927
152 0.04088079925699561
153 0.03244885791564424
154 0.02456650594455223
155 0.01723386135705544
156 0.01044493842000151
157 0.004188946590138339
158 -0.001491162092525718
159 -0.006586946665271876
160 -0.01109486066383031
161 -0.01500645139728202
162 -0.01830805859044475
163 -0.02100636067957341
164 -0.02310753718898529
165 -0.02461771159977186
166 -0.02554677862600662
167 -0.02590012444699257
168 -0.02569307948308036
169 -0.0249124874240707
170 -0.02360472432273383
171 -0.02177721048675149
172 -0.01945226536509349
173 -0.01664113822225802
174 -0.01336386272357859
175 -0.009639054803257973
176 -0.005484970209336403
177 -0.0009267080579841183
178 0.004014841673596471
179 0.00931478068073527
180 0.01495010961377264
181 0.02088596806532068
182 0.0270520842574854
183 0.03347612246254011
184 0.04014165594386443
185 0.04702320503768519
186 0.05410317537601822
187 0.06134691724386297
188 0.06877934515229085
189 0.07633289446711306
190 0.08394262043527571
191 0.09160812255695883
192 0.0993025527420548
193 0.1069794954773048
194 0.1146362423865198
195 0.1222471608362644
196 0.1297868379766168
197 0.1372282242693669
198 0.1445520501388108
199 0.1517367385228775
200 0.1587820475181266
201 0.1656304522121042
202 0.1722568564779529
203 0.1786547898510786
204 0.1848040341243315
205 0.1906913214838285
206 0.1963053503963097
207 0.2016135448105999
208 0.2066064038297858
209 0.2112675411275858
210 0.2155777873776195
211 0.2195303145436731
212 0.2231097254057725
213 0.2263135540162187
214 0.2291450348382435
215 0.2315894562357982
216 0.2336365574013677
217 0.2352729220434593
218 0.2365072678347787
219 0.2373399135012185
220 0.2377804605310954
221 0.2378201917563508
222 0.2374652130321381
223 0.2367178303646232
224 0.235582058446284
225 0.2340733808732348
226 0.2321958450921435
227 0.2299620719371232
228 0.2273804735488845
229 0.2244625173765368
230 0.2212202630887836
231 0.2176687102085906
232 0.2138276556712376
233 0.2097098437268988
234 0.2053374459830142
235 0.2007154876310156
236 0.1958788396721428
237 0.1908527580098312
238 0.1856466453195468
239 0.1802892774724615
240 0.1748015183369794
241 0.1692012614553391
242 0.1635165288584554
243 0.1577786701991374
244 0.1520009429291066
245 0.1462064976814335
246 0.1404184966363425
247 0.1346834821498818
248 0.1289923592908802
249 0.1233723217283689
250 0.1178385040780674
251 0.1124180900877036
252 0.107132283251911
253 0.1020002333854234
254 0.0970394980456299
255 0.09226933380913624
256 0.08770571378882414
257 0.08336445267213129
258 0.07926061168697328
259 0.07540741686205611
260 0.07181554736066372
261 0.06849789895720083
262 0.06546426563136283
263 0.06272244972714103
264 0.0602758652987816
265 0.05813456680563917
266 0.05630250787635569
267 0.05478145490824522
268 0.0535727428801128
269 0.05267400907496156
270 0.0520870321784157
271 0.05181085326611242
272 0.05183977437355297
273 0.05216829534870088
274 0.05278847332107298
275 0.0536960297197488
276 0.05488212736434727
277 0.0563376483518384
278 0.05805188727602897
279 0.06001574999559304
280 0.0622148266782704
281 0.06463639320962147
282 0.06726853121513851
283 0.07009685606706513
284 0.07310728871604817
285 0.0762859433886849
286 0.0796183884827873
287 0.08308962364576397
288 0.08668409472721214
289 0.09038349218801428
290 0.09417415824162803
291 0.09804128110393946
292 0.1019699128033258
293 0.1059446052296082
294 0.1099493980068931
295 0.1139715835006296
296 0.1179876413728724
297 0.1219919783251601
298 0.1259702857929373
299 0.1299090071999594
300 0.1337956534266447
301 0.1376165376224459
302 0.141358728908927
303 0.145005304221487
304 0.1485507675169777
305 0.1519837335150137
306 0.1552941725341623
307 0.1584721905847735
308 0.1615090505353928
309 0.1644079099935053
310 0.1671460202717324
311 0.169717428343074
312 0.1721152371074786
313 0.1743334537156613
314 0.1763670483629283
315 0.1782107887081746
316 0.1798610117000931
317 0.1813145230933504
318 0.1825653730330989
319 0.1836160313765445
320 0.1844643798332427
321 0.1851106677384283
322 0.1855543247067738
323 0.1857974049926953
324 0.1858416580111759
325 0.185692263725916
326 0.1853510189210779
327 0.1848198577689471
328 0.184103350053161
329 0.1832073351450131
330 0.1821354857360916
331 0.1808944279807258
332 0.1794914889988113
333 0.1779321585560817
334 0.1762244225097213
335 0.1743769314934228
336 0.1723975855565995
337 0.1702959738236115
338 0.1680809562215394
339 0.1657625969988971
340 0.1633497717684946
341 0.1608639612053423
342 0.1583022197005896
343 0.1556746924299952
344 0.1529903830413723
345 0.1502551560691802
346 0.147483364421435
347 0.1446854717979839
348 0.1418710942579982
349 0.1390506094269303
350 0.1362343758722756
351 0.1334303500976884
352 0.1306478500282124
353 0.127893963269677
354 0.1251805044522686
355 0.1225156090302254
356 0.1199076899679825
357 0.1173647360381631
358 0.1148947116644354
359 0.1125051000037776
360 0.1102033115833471
361 0.1079963099602152
362 0.1058955772696033
363 0.1039002649540255
364 0.102015556696888
365 0.1002457503906487
366 0.09859567163463752
367 0.09707002201952514
368 0.09567230981518271
369 0.09440567760553734
370 0.09327336331992464
371 0.0922786231294991
372 0.09142288850334093
373 0.09070701573691524
374 0.09013173059335812
375 0.08969714152464517
376 0.08940481825194334
377 0.08925270720244434
378 0.08924131596872538
379 0.08936835877860595
380 0.0896306482075034
381 0.09002675032452916
382 0.09055483042025149
383 0.09120863501704364
384 0.091987059720817
385 0.09288806880216725
386 0.09390404451915427
387 0.09503301946151849
388 0.09626642532746722
389 0.09759869681401907
390 0.09902455022999299
391 0.1005374656511664
392 0.1021302303323499
393 0.1037969085938995
394 0.1055303202762279
395 0.1073228572314155
396 0.1091672967572148
397 0.1110558499757257
398 0.1129805248485145
399 0.1149326894151827
400 0.1169059801138579
401 0.1188925446112557
402 0.120884373942709
403 0.1228725433193448
404 0.1248500551644193
405 0.1268092739169739
406 0.1287438637926792
407 0.1306470774770988
408 0.1325095547692022
409 0.1343268425675114
410 0.1360917880953986
411 0.1377976676744068
412 0.1394388419350916
413 0.1410099228428092
414 0.1425055945496516
415 0.1439220862543582
416 0.1452533376085682
417 0.1464942351155787
418 0.1476428230535778
419 0.148693928060668
420 0.1496440768064685
421 0.1504907628398583
422 0.1512316468190582
423 0.1518647594476155
424 0.1523888639932743
425 0.1528053114616908
426 0.1531045724484967
427 0.1532928356829407
428 0.1533702922491628
429 0.1533375219765536
430 0.1531970044720035
431 0.1529480804167458
432 0.1525923294946308
433 0.1521303346425872
434 0.1515750183986518
435 0.1509205231116556
436 0.1501685077142271
437 0.1493224418288334
438 0.1483852153378691
439 0.1473610521144573
440 0.1462538344787481
441 0.1450677443526813
442 0.143798990308485
443 0.1424624875595542
444 0.1410628909864665
445 0.1396138199494879
446 0.1381186344366525
447 0.1365655098748246
448 0.1349653258784368
449 0.13332878731035
450 0.1316616784534198
451 0.1299706385916779
452 0.1282616489868003
453 0.1265404438275229
454 0.1248114545203294
455 0.1230868414181734
456 0.1213652897531015
457 0.1196540219746748
458 0.1179585017366242
459 0.1162846453024802
460 0.1146376168730707
461 0.1130242157501942
462 0.1114472239841945
463 0.1099112210596083
464 0.1084208687844224
465 0.1069805518952276
466 0.1055941985562016
467 0.1042652405076185
468 0.1029979404532266
469 0.1017944230313768
470 0.1006591027005424
471 0.09959449016993921
472 0.09860295362994169
473 0.09768683922204161
474 0.09684786220689454
475 0.09608929039263336
476 0.09541034271757071
477 0.09481056815791046
478 0.094291531807029
479 0.09385409729683283
480 0.09349711713018388
481 0.09322061720231402
482 0.09302334235312618
483 0.09290340720015367
484 0.09285946571677786
485 0.09289022520966064
486 0.09299396588074753
487 0.09316994213717528
488 0.09341374376986307
489 0.09372287090098321
490 0.0940936651367283
491 0.09452235379780782
492 0.09500707330427985
493 0.09554399279420772
494 0.09612969814089532
495 0.09676030856477838
496 0.0974318784153735
497 0.098140537357136
498 0.09888244714820958
499 0.09965342448675568
500 0.1004478041829483
501 0.1012625317286763
502 0.1020939769676025
503 0.102937150182204
504 0.1037882882357926
505 0.1046434130302636
506 0.1055009430718486
507 0.1063541015418154
508 0.1071999492094784
509 0.1080381925692669
510 0.1088607377836561
511 0.1096510704222557
512 0.1104192154338677
513 0.1111622541829393
514 0.111877331519239
515 0.1125618367775154
516 0.1132133904667106
517 0.1138299648207502
518 0.1144088278572723
519 0.1149538542876841
520 0.1154565163711861
521 0.1159159285360688
522 0.1163299670946055
523 0.1166969052164892
524 0.1170202175446155
525 0.1172943798060222
526 0.1175192557907966
527 0.1176945973436455
528 0.117815600067213
529 0.1178849780657468
530 0.1179055138795441
531 0.1178777724186569
532 0.1178020895277451
533 0.1176789133287064
534 0.1175092209903077
535 0.1172938232403707
536 0.1170386279203211
537 0.1167435383471181
538 0.1164034206362908
539 0.1160216445233731
540 0.1156004548352202
541 0.1151428496078499
542 0.1146491864763194
543 0.1141209625319066
544 0.1135564412684843
545 0.1129652511516436
546 0.112346094730603
547 0.1117002076079427
548 0.1110312217592372
549 0.1103435445818736
550 0.1096367718937744
551 0.1089139470946985
552 0.1081683813019344
553 0.1074108481242189
554 0.1066438791169477
555 0.1058698054035389
556 0.1050982537879252
557 0.1043245049448242
558 0.103550898820424
559 0.1027795776629704
560 0.1020124546533254
561 0.1012515411945181
562 0.1004986162401938
563 0.09975551289270228
564 0.09902449625161236
565 0.09830709950982511
566 0.09760524764963438
567 0.09692041989431841
568 0.09625433130162474
569 0.09560852202725804
570 0.09498370906579136
571 0.09438024903552818
572 0.09380041890495255
573 0.09324262849803205
574 0.09271165583240344
575 0.09220715246128353
576 0.09172867641369993
577 0.09127846325291709
578 0.09085708887814246
579 0.09046508227030069
580 0.09010255096330162
581 0.08976998573009772
582 0.08946759358412808
583 0.08919528022224484
584 0.08895351751494725
585 0.08874156970244157
586 0.08856003288471928
587 0.08840877216219435
588 0.08828717668303247
589 0.08819428982881933
590 0.08813053137979819
591 0.08809447070032225
592 0.08808651334690131
593 0.08810574822863239
594 0.08815197941676695
595 0.08822424133798845
596 0.08832151249717869
597 0.08844298528326022
598 0.08858768624098996
599 0.08875422621123126
600 0.08894183504163718
601 0.08914907580212549
602 0.08937465187321321
603 0.08961763811741288
604 0.08987668801668305
605 0.09015068585615138
606 0.09043815782410464
607 0.09073771379089292
608 0.09104780443589552
609 0.09136735458501946
610 0.09169491339969942
611 0.09202914804380086
612 0.09236878164816151
613 0.09271227143479337
614 0.09305830790297595
615 0.09340546224979451
616 0.09375217658173114
617 0.09409669776602078
618 0.09443842378839569
619 0.09477559482236014
620 0.09510752630840152
621 0.09543227218674498
622 0.0957495684438491
623 0.09605787104454656
624 0.0963560974008298
625 0.09664303441088382
626 0.09691760075092261
627 0.09717917671067769
628 0.09742695715058405
629 0.09765939108233697
630 0.09787564355024279
631 0.09807497494695402
632 0.09825681988090564
633 0.09842028961279935
634 0.09856491626092988
635 0.09869001607354792
636 0.09879523035087695
637 0.09888018157827835
638 0.09894437725556124
639 0.09898777811745835
640 0.09900994019978826
641 0.09901074244156391
642 0.09898995033241864
643 0.09894767718033036
644 0.09888403163735925
645 0.09879902919764165
646 0.09869295550458866
647 0.09856633193522006
648 0.0984203402014488
649 0.09825450458176081
650 0.09806916043037602
651 0.09786473135339523
652 0.09764162078496766
653 0.09740048572801686
654 0.09714219898667799
655 0.09686746566758903
656 0.0965767791659293
657 0.09627094673220968
658 0.09594965636227798
659 0.09561537044339886
660 0.09526907365977687
661 0.09491161806393174
662 0.09454245575515989
663 0.09416423613397654
664 0.09377637736834378
665 0.09338187883928031
666 0.09298194373501788
667 0.09257684966762807
668 0.09216872983423605
669 0.09175873874148656
670 0.0913490063883598
671 0.09093994655345333
672 0.09053258530854649
673 0.0901266282781284
674 0.08972379781741886
675 0.08932607280322971
676 0.08893469831010993
677 0.08855086627178792
678 0.08817540034631551
679 0.08780931831211099
680 0.08745360154187813
681 0.08710933984591025
682 0.08677709628625575
683 0.0864579019362178
684 0.08615232537459962
685 0.08586114849416381
686 0.08558505995386373
687 0.08532467135601674
688 0.08508055373051963
689 0.08485302850403691
690 0.08464250035723697
691 0.08444938481588783
692 0.08427387959726916
693 0.08411660940349275
694 0.08397697656640324
695 0.08385499112049528
696 0.08375079779567744
697 0.08366448601630284
698 0.08359545558985912
699 0.08354364951023695
700 0.08350883836672138
701 0.08349059868309483
702 0.08348850054348522
703 0.08350235774254175
704 0.08353149548500517
705 0.08357510173105688
706 0.0836327841297069
707 0.08370380587221463
708 0.08378735402516541
709 0.0838828745688916
710 0.08398948744281823
711 0.08410652007979809
712 0.08423308661881231
713 0.08436798186858591
714 0.08451024201718849
715 0.08465938184501826
716 0.08481406397548635
717 0.08497329042342351
718 0.08513645710930111
719 0.08530246247325558
720 0.08547018388744802
721 0.08563895983122752
722 0.08580741964656607
723 0.08597463892664875
724 0.08613983775823215
725 0.08630191630281009
726 0.08645993964905574
727 0.08661301824464032
728 0.08676025920110421
729 0.08690109370498311
730 0.08703424504827639
731 0.08715920206726432
732 0.08727525428714332
733 0.08738191525282889
734 0.08747814682439416
735 0.08756344570741903
736 0.08763719530754521
737 0.08769926338834605
738 0.0877491296687533
739 0.08778599805857203
740 0.08781000999880737
741 0.08782064668446456
742 0.08781756968368253
743 0.08779749382843448
744 0.08776401348608413
745 0.08771680726901632
746 0.08765587887060211
747 0.0875816262534698
748 0.08749417209795019
749 0.08739371858544685
750 0.08727983226979498
751 0.08715349203447567
752 0.0870150064116791
753 0.08686475353368688
754 0.08670321352692578
755 0.08653062470407913
756 0.08634765806610112
757 0.08615482369881632
758 0.08595259900338505
759 0.08574170267391956
760 0.08552860015527343
761 0.08530755825665908
762 0.08507912279857269
763 0.08484389438487766
764 0.08460240717201052
765 0.08435587890769647
766 0.08410469369350158
767 0.08385030393197396
768 0.08359497789815398
769 0.08333697899054524
770 0.08307683274277294
771 0.08281536807599359
772 0.08255302413293959
773 0.08229053246890095
774 0.08202871865535762
775 0.08176834612506562
776 0.08151003697889951
777 0.08125456404059578
778 0.08100267728732272
779 0.08075519942571952
780 0.08051294008004531
781 0.08027636962880723
782 0.08004531538417738
783 0.07982086723577081
784 0.07960359936222565
785 0.07939388888863691
786 0.07919250614067058
787 0.07899985236976358
788 0.07881638188728235
789 0.07864238370003207
790 0.07847826746791918
791 0.07832123333532341
792 0.07817585636504904
793 0.07804063944240045
794 0.07791581077880853
795 0.07780150725707116
796 0.07769750619515595
797 0.07760401235500623
798 0.07752087987883964
799 0.07744811423772501
800 0.07738555507380129
801 0.07733299196782065
802 0.07729018949487462
803 0.0772565326418775
804 0.07723144405959688
805 0.07721474580021222
806 0.0772061799342699
807 0.07720488991979817
808 0.07721103412415922
809 0.07722412071325084
810 0.07724349308135493
811 0.0772685494608911
812 0.07729899016454668
813 0.07733421248782309
814 0.07737349219370716
815 0.07741612535909888
816 0.07746172762102259
817 0.07750976903100103
818 0.07755863220884568
819 0.07760879330361913
820 0.07765995550112327
821 0.07771171450991776
822 0.07776501498159243
823 0.07781759104350033
824 0.07786840082975399
825 0.07791749475491976
826 0.07796433677467012
827 0.07800836586996761
828 0.07804936563125882
829 0.07808688760744922
830 0.07812069956323729
831 0.07815035099887552
832 0.07817545476793118
833 0.07819614772549799
834 0.07821219611308285
835 0.07822370914547175
836 0.07822866571518114
837 0.07822792555674624
838 0.07822137755326587
839 0.07820884320307428
840 0.07819014602178712
841 0.07816527589113276
842 0.07813348000715011
843 0.07809553984688353
844 0.07805072773786352
845 0.07800018159190245
846 0.07794403856384329
847 0.07788222064119182
848 0.07781459177722308
849 0.07774097963826568
850 0.07766182262348431
851 0.07757705180979525
852 0.07748701639854384
853 0.07739179364802191
854 0.07729201627093922
855 0.07718752357409246
856 0.07707862481476945
857 0.07696536087919416
858 0.07684832739695706
859 0.07672742168655354
860 0.07660281374063176
861 0.07647455731024801
862 0.07634309668309559
863 0.0762085145245008
864 0.07607107509177272
865 0.07593132303440915
866 0.07578964472943757
867 0.07564625146621824
868 0.07550135761800869
869 0.07535501237093591
870 0.0752077944578345
871 0.07505981763511289
872 0.07491143470547608
873 0.07476254275868546
874 0.07461343405142336
875 0.07446440296961347
876 0.0743158066672754
877 0.07416827283806783
878 0.0740220080956346
879 0.0738770372383207
880 0.07373327941185734
881 0.07359106545755791
882 0.07345047125859289
883 0.07331208846429514
884 0.07317605130917249
885 0.07304256080381925
886 0.07291156249597261
887 0.07278341964106254
888 0.07265826061856609
889 0.0725361759109852
890 0.07241718422646452
891 0.0723013311059498
892 0.07218866414321035
893 0.07207921368950319
894 0.07197314540931205
895 0.07187081892051685
896 0.07177240133658432
897 0.07167803129596498
898 0.07158731815161896
899 0.07150011438741526
900 0.07141663497113088
901 0.07133666889890679
902 0.0712603193999261
903 0.07118732560770193
904 0.07111770457481416
905 0.07105147632760502
906 0.07098820372629584
907 0.07092831390804759
908 0.07086825671007709
909 0.07081698850849662
910 0.07076819108774199
911 0.07072166710875304
912 0.07067748137002371
913 0.07063570060442306
914 0.07059598341339558
915 0.07055815675127911
916 0.07052215008009014
917 0.07048756995124689
918 0.07045442631273267
919 0.07042297476568185
920 0.07039352934226049
921 0.07036562499443841
922 0.07033879987018821
923 0.07031247848859971
924 0.07028694233706165
925 0.07026193485339186
926 0.07023715983701004
927 0.07021252823906932
928 0.07018799857188354
929 0.07016014545938842
930 0.07013659828739033
931 0.07011213115228608
932 0.07008722928100701
933 0.07005886744700282
934 0.07003385646892424
935 0.07000736693425133
936 0.06997630954728486
937 0.06994794304964637
938 0.06991737611166411
939 0.06988145352971742
940 0.06984808365194709
941 0.06980913957819893
942 0.06977336154058465
943 0.06973163779196287
944 0.06968933750384297
945 0.06964596035263425
946 0.06960435548052722
947 0.06955619665886981
948 0.06950623608245857
949 0.06945421130812282
950 0.06940010376399593
951 0.06934389383179355
952 0.06928910011793656
953 0.06922693045554883
954 0.06916351480227388
955 0.06909861322819501
956 0.06903202310048129
957 0.06896389240659703
958 0.06889411535456277
959 0.06882620463813127
960 0.06875083461133963
961 0.06867418734798145
962 0.06859599319537904
963 0.06851623853846889
964 0.06843941863187404
965 0.06835575463017506
966 0.06827178791439288
967 0.06819136629540006
968 0.06810413125814149
969 0.0680214048896647
970 0.06793203813899179
971 0.0678473987594025
972 0.06775576118839898
973 0.0676693939306578
974 0.06757635993952622
975 0.06748915035642661
976 0.06739540586969894
977 0.06730790153547725
978 0.06721965713796747
979 0.06712528482614981
980 0.06703776131519758
981 0.06694365843910555
982 0.06685612257046851
983 0.06676848182091955
984 0.06667483825318912
985 0.06658848682602728
986 0.06650227813672774
987 0.06641051233500556
988 0.0663268224810698
989 0.06623815499345373
990 0.06615703189116695
991 0.06607633737831348
992 0.06599036853038362
993 0.06591219410632269
994 0.06582899422521595
995 0.06575389270284203
996 0.06567369120599495
997 0.06560125726774066
998 0.06552378427334586
999 0.06545433892199372
1000 0.06538007759030265
1001 0.06531346644949053
1002 0.06524212272520903
1003 0.06517836651415546
1004 0.06510965715953368
1005 0.06504338650531547
1006 0.0649839278010368
1007 0.06491988672111347
1008 0.06485841853100927
1009 0.06479889764982209
1010 0.06474090831529517
1011 0.06468443683464871
1012 0.06462946432821534
1013 0.06457575019716165
1014 0.06452313600508816
1015 0.06447160610595934
1016 0.06442098376675486
1017 0.06437135944090426
1018 0.06432270433580803
1019 0.06427497441650984
1020 0.06422864117297228
1021 0.06418361902690767
1022 0.06413929538556701
1023 0.06409534873846595
1024 0.06405208175001557
1025 0.06400951020558357
1026 0.06396733780577911
1027 0.06392546725125355
1028 0.06388386148707537
1029 0.06384254304483505
1030 0.06380159451928465
1031 0.06376081252138009
1032 0.06372043416871119
1033 0.06368087667202228
1034 0.06364157482963036
1035 0.06360224894326561
1036 0.06356264801099064
1037 0.0635229045546804
1038 0.06348279960008303
1039 0.06344229439718771
1040 0.0634015094929871
1041 0.06336055096329199
1042 0.06331935142559189
1043 0.06328049785733832
1044 0.0632373883767868
1045 0.06319440883060698
1046 0.06315144068045667
1047 0.06310813365150984
1048 0.06306447718976899
1049 0.06301993951049095
1050 0.06297482056696387
1051 0.06293140388458
1052 0.06288395803067438
1053 0.06283650236936982
1054 0.06278887902823789
1055 0.06274089393499914
1056 0.06269251795282319
1057 0.06264361287845628
1058 0.06259669584882656
1059 0.0625454368385697
1060 0.06249435724606606
1061 0.06244283896950881
1062 0.06239090041010297
1063 0.06233807401933918
1064 0.06228505707250705
1065 0.06223181234861234
1066 0.06217844231896712
1067 0.06212453100867962
1068 0.06207019901905495
1069 0.06201542048190705
1070 0.06196022087063199
1071 0.06190450548391593
1072 0.061848566851795
1073 0.0617923976141073
1074 0.0617363375808218
1075 0.06168001127456815
1076 0.06162351872916735
1077 0.06156667318538513
1078 0.06150986935576552
1079 0.06145305751753443
1080 0.06139611211839322
1081 0.06134246176533673
1082 0.0612844826074878
1083 0.06122690460720213
1084 0.06116972590226429
1085 0.06111641208745047
1086 0.06105830971284024
1087 0.06100079471389933
1088 0.06094741475095977
1089 0.06089005433361727
1090 0.06083382899297805
1091 0.06078155497252392
1092 0.06072471280543816
1093 0.06067278359706343
1094 0.06061655517714562
1095 0.06056134396421909
1096 0.06051068986771203
1097 0.0604559304892561
1098 0.06040588729194243
1099 0.06035124408032977
1100 0.06030169950436308
1101 0.06024789820095063
1102 0.06019922488622928
1103 0.06014654334277955
1104 0.06009920381662796
1105 0.06004759517347209
1106 0.06000110993965573
1107 0.0599545490711608
1108 0.05990351886509474
1109 0.05985800227670167
1110 0.05981241429005591
1111 0.05976254187563009
1112 0.05971836153085909
1113 0.05967425767716843
1114 0.05962581583785204
1115 0.05958284988894121
1116 0.05953987588444713
1117 0.05949271374091895
1118 0.05945107137690741
1119 0.05940951142131781
1120 0.05936367571596679
1121 0.05932297537301351
1122 0.05928209552133183
1123 0.05923733089955522
1124 0.05919799430705491
1125 0.05915860610337364
1126 0.05911508464571279
1127 0.05907653406267712
1128 0.0590378019032029
1129 0.05899490618610689
1130 0.05895693456936314
1131 0.05891880361745935
1132 0.05887683927477039
1133 0.05883973548917287
1134 0.05880246739571331
1135 0.0587613871955428
1136 0.05872478344896878
1137 0.05868795762592634
1138 0.05864750718973356
1139 0.05861124873193692
1140 0.05857466806489738
1141 0.05853435713882405
1142 0.05849823419458843
1143 0.05846183814013994
1144 0.05842226305658577
1145 0.0583863932502906
1146 0.05835036389310237
1147 0.0583112901950732
1148 0.05827585568176995
1149 0.0582372441641675
1150 0.05820182343802206
1151 0.0581659765682413
1152 0.0581271420195199
1153 0.05809161914910008
1154 0.05805309792381531
1155 0.05801755233400538
1156 0.05797919577260918
1157 0.05794379419426587
1158 0.05790790118494685
1159 0.0578691464438882
1160 0.05783313249386519
1161 0.05779444696752849
1162 0.05775851853183044
1163 0.05771965151536909
1164 0.05768364492686919
1165 0.05764455767117181
1166 0.05760831901298136
1167 0.05756931388247411
1168 0.05753298567829632
1169 0.05749367139555357
1170 0.05745702315124807
1171 0.05741750839292771
1172 0.05738059575240309
1173 0.05734078559481044
1174 0.05730376556370048
1175 0.05726633518002777
1176 0.05722602513911506
1177 0.05718865295054929
1178 0.05714832134010944
1179 0.05711097318900699
1180 0.05707346354604281
1181 0.05703295626359042
1182 0.05699561501354958
1183 0.05695795479748311
1184 0.05691723674935709
1185 0.05687986535745809
1186 0.05684207555945863
1187 0.05680111478768981
1188 0.0567637811826114
1189 0.05672624446407617
1190 0.05668552773442654
1191 0.05664859627715587
1192 0.05661151939978638
1193 0.05657115973579956
1194 0.05653454984634693
1195 0.05649760139262395
1196 0.05646059799694691
1197 0.05642023452169526
1198 0.05638374204794894
1199 0.05634717635805699
1200 0.0563105653031704
1201 0.056270500655973
1202 0.05623479466031556
1203 0.05619897621708975
1204 0.05616311983417814
1205 0.05612726601932196
1206 0.05609150159915707
1207 0.05605200946689914
1208 0.05601690304228379
1209 0.05598190512196279
1210 0.05594703848629985
1211 0.05591224561216735
1212 0.05587763068655148
1213 0.0558430534971212
1214 0.05580874088087155
1215 0.05577469534903238
1216 0.0557408096898452
1217 0.05570343181346847
1218 0.05567032370539063
1219 0.05563732257740316
1220 0.05560465653201221
1221 0.05557217978643228
1222 0.05553991187121454
1223 0.0555077007415468
1224 0.05547553108234269
1225 0.05544339904821353
1226 0.05541156949133293
1227 0.05537978902045553
1228 0.05534813476090079
1229 0.05531653339047071
1230 0.05528515169193121
1231 0.05525410897169802
1232 0.05522345157675166
1233 0.05519289050910761
1234 0.0551624462673406
1235 0.0551321763981129
1236 0.05510220031323492
1237 0.05507234003818973
1238 0.05504235644468318
1239 0.05501250251126948
1240 0.0549827549091198
1241 0.05495324234962672
1242 0.054924114028025
1243 0.05489513582636119
1244 0.05486646437504441
1245 0.05483788939192862
1246 0.05480941912832037
1247 0.0547809618345993
1248 0.05475255969510522
1249 0.05472429153665184
1250 0.05469612389195905
1251 0.05466798219674292
1252 0.05464010864455173
1253 0.05461226934211013
1254 0.05458462989605255
1255 0.05455712160947039
1256 0.05452978450630477
1257 0.05450264585823418
1258 0.05447560795250737
1259 0.05444862214859717
1260 0.05442184240424799
1261 0.0543952390415688
1262 0.05436866476479249
1263 0.05434196024826018
1264 0.05431530762958371
1265 0.05428865834996541
1266 0.05426222872336512
1267 0.05423607420553182
1268 0.05421001533483791
1269 0.05418387550627584
1270 0.05415785790089085
1271 0.05413195321184757
1272 0.05410603411523629
1273 0.05408007581412182
1274 0.05405418448232618
1275 0.05402823032946531
1276 0.05400253909075177
1277 0.05397696292215768
1278 0.05395142794881364
1279 0.05392581078522699
1280 0.05390017774405823
1281 0.05387456656747598
1282 0.0538490628646451
1283 0.05382353752761799
1284 0.05379818803721641
1285 0.05377277016984181
1286 0.0537472362359678
1287 0.05372173275776755
1288 0.05369627038688191
1289 0.05367061343119228
1290 0.05364497266930987
1291 0.05361941975489624
1292 0.05359389735218533
1293 0.05356842850865009
1294 0.05354287530515482
1295 0.05351713280292227
1296 0.05349120934564158
1297 0.05346509995215202
1298 0.05343902085138522
1299 0.05341310239738014
1300 0.05338729479579457
1301 0.05336156375870693
1302 0.0533358824913209
1303 0.05331018938334688
1304 0.05328431879918581
1305 0.05325841446177076
1306 0.05323251709856546
1307 0.05320638471774357
1308 0.05318002245086452
1309 0.05315373168038847
1310 0.05312762204542024
1311 0.05310159511884595
1312 0.05307578870997229
1313 0.05305008452521725
1314 0.05302412281409205
1315 0.05299806172330404
1316 0.05297197849793328
1317 0.05294606266965204
1318 0.05292029684224132
1319 0.05289433107881775
1320 0.05286851228359846
1321 0.05284272504893071
1322 0.05281690137802603
1323 0.05279098717964546
1324 0.05276519039791371
1325 0.05273946664791611
1326 0.05271374839938522
1327 0.05268801557144483
1328 0.05266232488681256
1329 0.05263661290134603
1330 0.05261120596685578
1331 0.05258595731742376
1332 0.05256083356613887
1333 0.05253582860446522
1334 0.05251037174700775
1335 0.05248500059835841
1336 0.05245998785844537
1337 0.0524352954271759
1338 0.05241075732081699
1339 0.05238638250305335
1340 0.05236231108914853
1341 0.05233843537774099
1342 0.05231484325936905
1343 0.05229154254512154
1344 0.05226862636828189
1345 0.05224622935910157
1346 0.05222372605400549
1347 0.05220145632962887
1348 0.05217936279285641
1349 0.05215755780768211
1350 0.05213615451325337
1351 0.05211505898820906
1352 0.05209407278373891
1353 0.05207307338166514
1354 0.05205234661563545
1355 0.052031799883504
1356 0.05201135957725214
1357 0.0519909561989341
1358 0.05197097899782498
1359 0.051951163855205
1360 0.05193176744816188
1361 0.05191240772483467
1362 0.05189319464787923
1363 0.05187404628210769
1364 0.05185510739276009
1365 0.05183450408112953
1366 0.05181624602463408
1367 0.05179776727427737
1368 0.05177926443961404
1369 0.05176086411396447
1370 0.05174284548177233
1371 0.05172481598558271
1372 0.05170664838506082
1373 0.05168651618263304
1374 0.05166873038384477
1375 0.05165085539656682
1376 0.05163306127192219
1377 0.05161512693753886
1378 0.05159715831641346
1379 0.05157700440031342
1380 0.05155928339798734
1381 0.05154150434402696
1382 0.05152371913607411
1383 0.05150373015768885
1384 0.05148596502686743
1385 0.05146809206192217
1386 0.05144834226296331
1387 0.05143039712250917
1388 0.05141252145714029
1389 0.05139265191366765
1390 0.05137444060980532
1391 0.05135603445411947
1392 0.05133574784518453
1393 0.05131767523371498
1394 0.05129938290914102
1395 0.05127926747442575
1396 0.05126103577463415
1397 0.05124108943168472
1398 0.05122282535838502
1399 0.05120305188564295
1400 0.0511849527426715
1401 0.0511667883013695
1402 0.051147126939487
1403 0.0511291027048182
1404 0.05110946316261478
1405 0.05109137428973053
1406 0.05107169951686414
1407 0.05105347257964987
1408 0.05103389202439687
1409 0.05101581616181555
1410 0.05099639069344172
1411 0.05097840084013564
1412 0.05095910573533286
1413 0.05094120422446933
1414 0.05092184561986193
1415 0.05090263121137284
1416 0.05088354033045265
1417 0.05086565162412981
1418 0.05084661612949637
1419 0.05082777836569811
1420 0.05080907642337951
1421 0.05079155220614894
1422 0.05077266848205645
1423 0.05075387784941485
1424 0.05073516504113036
1425 0.05071646036362823
1426 0.05069796663874058
1427 0.05067955680267186
1428 0.05066134826910464
1429 0.0506431029121655
1430 0.05062479254451362
1431 0.05060629530326538
1432 0.05058802830278519
1433 0.05056957798219861
1434 0.05055130898078038
1435 0.05053313659381834
1436 0.05051520646890764
1437 0.0504972565731592
1438 0.05047936182816454
1439 0.0504615981192509
1440 0.05044391888288588
1441 0.0504262152637062
1442 0.05040856802323821
1443 0.05039087470698456
1444 0.05037324989340719
1445 0.05035555661531169
1446 0.05033803244650309
1447 0.05032086042479683
1448 0.05030373433377446
1449 0.05028679311457582
1450 0.0502700745405646
1451 0.05025326543470333
1452 0.0502363932575643
1453 0.050219604480919
1454 0.05020274527025447
1455 0.05018607298653618
1456 0.05016948062362003
1457 0.05015294392020234
1458 0.050136626769998
1459 0.05012033228602175
1460 0.05010407728718126
1461 0.050087793817759
1462 0.05007153721091924
1463 0.05005515581651335
1464 0.05003898938391957
1465 0.05002306508548245
1466 0.05000714467920142
1467 0.04999141629316536
1468 0.04997583498950224
1469 0.04996028830647079
1470 0.04994477107768532
1471 0.04992931585440591
1472 0.04991390394297234
1473 0.04989845450725335
1474 0.04988301485285465
1475 0.04986768208251361
1476 0.04985257184391527
1477 0.04983741471336846
1478 0.04982244333144569
1479 0.0498076439343062
1480 0.04979293350660105
1481 0.04977846351222147
1482 0.04976419006626378
1483 0.04974983728864173
1484 0.04973551475457359
1485 0.04972127244509633
1486 0.04970708268668798
1487 0.04969314878105345
1488 0.04967917577745562
1489 0.04966511204820437
1490 0.04965113315795391
1491 0.04963729758852486
1492 0.04962379890022668
1493 0.04961035208539883
1494 0.04959687000241017
1495 0.04958331933596562
1496 0.0495698422615059
1497 0.04955639097967822
1498 0.04954288861084501
1499 0.04952934548578417
1500 0.04951581759592914
1501 0.04950230275133635
1502 0.04948889231794247
1503 0.04947554890776929
1504 0.04946226142633225
1505 0.04944912189494629
1506 0.0494360315693315
1507 0.04942293146776439
1508 0.0494098887153719
1509 0.04939664995084578
1510 0.04938329043742359
1511 0.04936980174589545
1512 0.04935616497009509
1513 0.04934265722123524
1514 0.04932926661146017
1515 0.04931605246644066
1516 0.04930317408803882
1517 0.04929046461836794
1518 0.04927784718400167
1519 0.0492650384995861
1520 0.04925216642999204
1521 0.04923908474723102
1522 0.04922599882530972
1523 0.04921276209291374
1524 0.0491996324059413
1525 0.04918667242987988
1526 0.049173888244699
1527 0.04916119054532213
1528 0.04914880185489864
1529 0.04913634646511338
1530 0.04912384269854007
1531 0.04911094159531201
1532 0.04909786264045585
1533 0.04908476945071552
1534 0.04907175687154591
1535 0.049058821670563
1536 0.04904612840824406
1537 0.04903374830982216
1538 0.0490217329592756
1539 0.0490097383553458
1540 0.04899750126080989
1541 0.04898493341966459
1542 0.0489722640639039
1543 0.04895951698730849
1544 0.04894701140808095
1545 0.04893465371478035
1546 0.04892278967291715
1547 0.04891115677204557
1548 0.04889959259622797
1549 0.04888795264161105
1550 0.04887630320836355
1551 0.04886449094613943
1552 0.04885259437137909
1553 0.04884057107514327
1554 0.04882842689011743
1555 0.04881644104569787
1556 0.04880487599996779
1557 0.04879349128055113
1558 0.04878229890766207
1559 0.04877122101821042
1560 0.04876018407637139
1561 0.04874926372445716
1562 0.04873818895377959
1563 0.04872707641142727
1564 0.0487157437048663
1565 0.04870435557469413
1566 0.04869333806109151
1567 0.04868264399097309
1568 0.04867224959423153
1569 0.0486619102270171
1570 0.04865162648976759
1571 0.04864104673713875
1572 0.04863033191588748
1573 0.04861960135804387
1574 0.0486089329431411
1575 0.0485984203507687
1576 0.0485881552102188
1577 0.04857800112401495
1578 0.04856792959376572
1579 0.04855781758701327
1580 0.04854765719107295
1581 0.04853765346170948
1582 0.04852765243457677
1583 0.04851753794763623
1584 0.0485074716194274
1585 0.04849748535777642
1586 0.04848753267516327
1587 0.04847757212652243
1588 0.0484676258218178
1589 0.04845768810141157
1590 0.04844788020919195
1591 0.04843830363747226
1592 0.04842883158229988
1593 0.04841926095269233
1594 0.04840954807141439
1595 0.0483998033162689
1596 0.04839010505373047
1597 0.04838044553875139
1598 0.0483707445185789
1599 0.04836136387323178
1600 0.04835217237125227
1601 0.04834310385930717
1602 0.04833376361060885
1603 0.04832442486742288
1604 0.04831506578803754
1605 0.04830587813025938
1606 0.04829664333852071
1607 0.04828739568546463
1608 0.04827794518210592
1609 0.04826850876594248
1610 0.04825899881121594
1611 0.04824930209085575
1612 0.04823973032008371
1613 0.04823019222875492
1614 0.04822075427478348
1615 0.04821131375985226
1616 0.04820190211371046
1617 0.04819244840533066
1618 0.04818277875550345
1619 0.0481730725602747
1620 0.04816323580751093
1621 0.04815322277074974
1622 0.04814314857176223
1623 0.04813307267746367
1624 0.0481230210896057
1625 0.04811318625064742
1626 0.0481034858608741
1627 0.04809382612632816
1628 0.04808404435796924
1629 0.04807427958120537
1630 0.04806416860445816
1631 0.04805404634560478
1632 0.0480450437779595
1633 0.04803482805893451
1634 0.04802447063499796
1635 0.04801435098006099
1636 0.04800436898669346
1637 0.04799570461273508
1638 0.04798549583647659
1639 0.04797551310482742
1640 0.04796550228157128
1641 0.04795671687776817
1642 0.04794647130290698
1643 0.04793635878036249
1644 0.04792732851455778
1645 0.04791742567898973
1646 0.04790753986613889
1647 0.04789900619575706
1648 0.04788889147265986
1649 0.04787900204233033
1650 0.04787036179896356
1651 0.04786059927755618
1652 0.04785093289711969
1653 0.04784233236823152
1654 0.04783250464945502
1655 0.04782290122816917
1656 0.04781447556987076
1657 0.04780488907952286
1658 0.0477965744759265
1659 0.04778677362558735
1660 0.04777715762389247
1661 0.04776854266683411
1662 0.04775916572525971
1663 0.04775067721561451
1664 0.04774135108877214
1665 0.04773215966197086
1666 0.04772381667555106
1667 0.04771444813883904
1668 0.04770521553213469
1669 0.04769604218074677
1670 0.04768686960684709
1671 0.04767797864950781
1672 0.04766920647150547
1673 0.04766051612295933
1674 0.04765186265829949
1675 0.04764325566486483
1676 0.04763463737835993
1677 0.04762611764468687
1678 0.04761762219200488
1679 0.04760913130755742
1680 0.04760063425146707
1681 0.04759197650829282
1682 0.04758323920003338
1683 0.04757462321411363
1684 0.04756610517789531
1685 0.04755767071866111
1686 0.0475492293346868
1687 0.0475408548975258
1688 0.04753235312779653
1689 0.04752389298194112
1690 0.04751540206524463
1691 0.04750689703404921
1692 0.04749822446025633
1693 0.047489702688217
1694 0.04748116958333898
1695 0.04747298390662867
1696 0.04746483581127304
1697 0.04745657332011912
1698 0.04744811573635854
1699 0.04743954932265616
1700 0.047430994903432
1701 0.0474223647307146
1702 0.04741377339655611
1703 0.04740624250484921
1704 0.04739775959430709
1705 0.04738930182580362
1706 0.04738190696765793
1707 0.0473733695265634
1708 0.04736476046894467
1709 0.04735701527607759
1710 0.04734808092002649
1711 0.0473400938260394
1712 0.04733098670544673
1713 0.04732197650573825
1714 0.04731419647448456
1715 0.0473052763773791
1716 0.04729753466292845
1717 0.04728851945095138
1718 0.04728058527264311
1719 0.04727136982357987
1720 0.0472631555488702
1721 0.04725381529558717
1722 0.04724558381395555
1723 0.04723621184853254
1724 0.04722798271960534
1725 0.04721875000684565
1726 0.04721067555156861
1727 0.04720259400872558
1728 0.04719325955013694
1729 0.04718517234368967
1730 0.04717590204992923
1731 0.04716764765988537
1732 0.04715829020729327
1733 0.04715005048634494
1734 0.04714096140896785
1735 0.04713307846386194
1736 0.04712532561519268
1737 0.0471163403596995
1738 0.04710840697627805
1739 0.04709940243865961
1740 0.0470915062165798
1741 0.04708258034512065
1742 0.04707469641535962
1743 0.04706578077043354
1744 0.04705810424692485
1745 0.04704932684329297
1746 0.04704171832633629
1747 0.04703312139112357
1748 0.04702560221588521
1749 0.04701692462637826
1750 0.04700945493628981
1751 0.04700094109237857
1752 0.04699338700649886
1753 0.04698503444011691
1754 0.0469776929374983
1755 0.04696920224868637
1756 0.0469618623719258
1757 0.04695357912324714
1758 0.04694637010918661
1759 0.04693787900084961
1760 0.04693066371647437
1761 0.04692226534589052
1762 0.04691517566748177
1763 0.04690693566613288
1764 0.04689977237269577
1765 0.04689158868645501
1766 0.04688435886860155
1767 0.0468761320023692
1768 0.04686907258618695
1769 0.04686068294210625
1770 0.046853526597576
1771 0.04684509694354195
1772 0.04683786448054104
1773 0.04682944639249952
1774 0.04682232529417222
1775 0.04681405343495145
1776 0.0468066875730423
1777 0.04679841090151321
1778 0.046791096421319
1779 0.04678275025561861
1780 0.04677542612896832
1781 0.04676707009814535
1782 0.04675995740101173
1783 0.04675162932664859
1784 0.04674340962994731
1785 0.04673637941049746
1786 0.04672820789726232
1787 0.04672111523125098
1788 0.04671282558751813
1789 0.04670544048529725
1790 0.04669676725544613
1791 0.04668913974945245
1792 0.04668066406905175
1793 0.04667337122849809
1794 0.04666492094077268
1795 0.0466577408266531
1796 0.0466493644965971
1797 0.04664207844144096
1798 0.04663340804926167
1799 0.04662563956010515
1800 0.04661670663114075
1801 0.0466088639854591
1802 0.04660012262592259
1803 0.04659256240252802
1804 0.04658404286485722
1805 0.04657678213163784
1806 0.04656827646408122
1807 0.04656084815828058
1808 0.04655223865465531
1809 0.0465445067389234
1810 0.04653570110418318
1811 0.04652781764560104
1812 0.04651909262208783
1813 0.04651142067609047
1814 0.0465028767375431
1815 0.04649540753351572
1816 0.04648688477800249
1817 0.04647940303087542
1818 0.04647082749205132
1819 0.04646328215679991
1820 0.04645474044916882
1821 0.0464472036489958
1822 0.04643856316142555
1823 0.04642992560638991
1824 0.04642221229259246
1825 0.04641349349394539
1826 0.04640493769337487
1827 0.04639648845102758
1828 0.04638817404786937
1829 0.04637990398158745
1830 0.0463717407649476
1831 0.04636369552606694
1832 0.04635574829318069
1833 0.04634771121425581
1834 0.04634046190851319
1835 0.04633225050066325
1836 0.04632377816162954
1837 0.04631540163499053
1838 0.04630709789041334
1839 0.04629882657237503
1840 0.04629070840665946
1841 0.0462827826022956
1842 0.04627475045144033
1843 0.04626730621053101
1844 0.04625894669115788
1845 0.0462504707129683
1846 0.04624207806029635
1847 0.04623365825474222
1848 0.04622533841813781
1849 0.04621711861212648
1850 0.04620888369186952
1851 0.04620078322980352
1852 0.0461927035658399
1853 0.04618465195485744
1854 0.04617642628045573
1855 0.04616819507281848
1856 0.04615988113486803
1857 0.04615136856210712
1858 0.04614284416719974
1859 0.04613427637284983
1860 0.04612571407737098
1861 0.04611732432640155
1862 0.04610911259659012
1863 0.04610090010043531
1864 0.04609262389296746
1865 0.04608446044273009
1866 0.04607604178480405
1867 0.04606764576122638
1868 0.04605919758296651
1869 0.04605070859881023
1870 0.04604209861078768
1871 0.0460334934840564
1872 0.04602491372068777
1873 0.04601635902261333
1874 0.04600772285564812
1875 0.04599913018830007
1876 0.04599021284801571
1877 0.04598116029635155
1878 0.04597208564242526
1879 0.04596278525692535
1880 0.04595359184466625
1881 0.0459443271309526
1882 0.04593510181873954
1883 0.0459260969001293
1884 0.04591703400699183
1885 0.04590790750451834
1886 0.0458987348937285
1887 0.04588943692486802
1888 0.04588000013808865
1889 0.04587065602141118
1890 0.04586151742319023
1891 0.04585234676088231
1892 0.04584278480052296
1893 0.04583327386046177
1894 0.04582376653947282
1895 0.04581420227720556
1896 0.04580463741038493
1897 0.04579512879424675
1898 0.04578571571458062
1899 0.04577632087864864
1900 0.04576689964400046
1901 0.04575750707256387
1902 0.04574816558351724
1903 0.04573895143054603
1904 0.04572978797987198
1905 0.04572045567044198
1906 0.04571101440397439
1907 0.0457015297108559
1908 0.04569201069978992
1909 0.04568256044851735
1910 0.04567311684031384
1911 0.04566384143363506
1912 0.04565451840562208
1913 0.04564530475477915
1914 0.04563608961788623
1915 0.04562659498546667
1916 0.04561700665385503
1917 0.04560731852049315
1918 0.04559779746956765
1919 0.04558810998721154
1920 0.04557841395524459
1921 0.0455687941744563
1922 0.04555921753648765
1923 0.0455496102530903
1924 0.0455401350260407
1925 0.04553076012868041
1926 0.04552092131115831
1927 0.04551115491002353
1928 0.04550135749083296
1929 0.04549160591180358
1930 0.04548174010553151
1931 0.04547190721664717
1932 0.04546201820914969
1933 0.04545223038002622
1934 0.04544238592726845
1935 0.0454325560860618
1936 0.04542270790733721
1937 0.04541275234536529
1938 0.04540296270208181
1939 0.04539315033690533
1940 0.04538363155951058
1941 0.04537399259985358
1942 0.04536446187466943
1943 0.04535502480987896
1944 0.04534538535368098
1945 0.04533562257480763
1946 0.04532602723307325
1947 0.04531635855945181
1948 0.04530673628527226
1949 0.04529683887397643
1950 0.04528712409902334
1951 0.04527744844258894
1952 0.04526749893461599
1953 0.04525770155920566
1954 0.04524809938765399
1955 0.04523840189782221
1956 0.04522893522139464
1957 0.04521937966221615
1958 0.04520980283865014
1959 0.04520006242334728
1960 0.04519034954790728
1961 0.04518059652603442
1962 0.04517081127905599
1963 0.04516090050143492
1964 0.04515077727989917
1965 0.04514063128239686
1966 0.0451304549697144
1967 0.04512034614708538
1968 0.04511039591134886
1969 0.04510014828684435
1970 0.04508998059355118
1971 0.04507994403981565
1972 0.04506990746331534
1973 0.04505973065474817
1974 0.04504950763686567
1975 0.04503911185943103
1976 0.04502866428416617
1977 0.04501829733507766
1978 0.0450077887687305
1979 0.04499731698012497
1980 0.04498691450118082
1981 0.04497647347119005
1982 0.04496597157984433
1983 0.04495537427093696
1984 0.04494511537906838
1985 0.04493466807893917
1986 0.04492408327505902
1987 0.04491358192344926
1988 0.04490308259640613
1989 0.04489250514753975
1990 0.04488205112223359
1991 0.04487154436551558
1992 0.04486100039584021
1993 0.04485041104697238
1994 0.0448399068377001
1995 0.04482944659249816
1996 0.04481879872128719
1997 0.04480804519137133
1998 0.04479723928530584
1999 0.04478644007648503
2000 0.04477586021701566
2001 0.04476535476591206
2002 0.044754558369616
2003 0.04474387330634343
2004 0.04473317154158114
2005 0.04472238136216451
2006 0.04471188379691727
2007 0.04470120945229397
2008 0.0446903584901821
2009 0.04467950490833633
2010 0.04466869056538559
2011 0.04465792394083566
2012 0.04464706894234426
2013 0.044636060148143
2014 0.04462497651454061
2015 0.04461384940471572
2016 0.04460268388581514
2017 0.04459176833585327
2018 0.04458081013305312
2019 0.04456997351508833
2020 0.04455886503565645
2021 0.04454778616313001
2022 0.04453650525418199
2023 0.04452513033558413
2024 0.04451384071962276
2025 0.0445024580313786
2026 0.04449106976148256
2027 0.04447958686830197
2028 0.04446820118600298
2029 0.04445680608783695
2030 0.04444553032982792
2031 0.04443400406712211
2032 0.04442269191502276
2033 0.04441095120760599
2034 0.04439914377598259
2035 0.04438703136915483
2036 0.04437508701150253
2037 0.04436324506340524
2038 0.0443515763964803
2039 0.04433993306289535
2040 0.04432853442323692
2041 0.04431707220524499
2042 0.04430544265587041
2043 0.04429354200279329
2044 0.04428165275977129
2045 0.04426959955144936
2046 0.04425766415973512
2047 0.04424574440219675
2048 0.04423387266069653
2049 0.04422203886474761
2050 0.04421027200551668
2051 0.04419835326657559
2052 0.04418631522797178
2053 0.04417425911215277
2054 0.04416230000345782
2055 0.04415020892831136
2056 0.04413814092452863
2057 0.04412579831248677
2058 0.04411365048016383
2059 0.04410137942975664
2060 0.04408930038763575
2061 0.04407714883949308
2062 0.04406520232346889
2063 0.04405312179850068
2064 0.04404113031049897
2065 0.04402882644454415
2066 0.04401654469417295
2067 0.04400422442463785
2068 0.04399194316951823
2069 0.04397957512354512
2070 0.04396759616634158
2071 0.04395553981451509
2072 0.04394339990574809
2073 0.04393118919044593
2074 0.0439190550653952
2075 0.04390689548987843
2076 0.04389482903981293
2077 0.04388257532560125
2078 0.04387035200609685
2079 0.04385805907484579
2080 0.04384591752809406
2081 0.043833726867026
2082 0.04382151617802964
2083 0.04380924021511742
2084 0.04379691856963032
2085 0.04378472926554437
2086 0.04377267257836199
2087 0.04376053210038908
2088 0.04374855539376937
2089 0.04373618158580659
2090 0.04372385278348365
2091 0.0437114217294935
2092 0.04369903426418881
2093 0.04368663650780869
2094 0.04367429117553081
2095 0.0436619738651501
2096 0.04364959716019135
2097 0.04363724615907631
2098 0.04362498694291889
2099 0.04361256925097375
2100 0.0436000443632796
2101 0.04358720713021811
2102 0.04357436192931127
2103 0.0435617673425849
2104 0.04354931324951617
2105 0.04353653030315809
2106 0.0435239859319566
2107 0.04351128685334969
2108 0.04349878140616041
2109 0.04348617754513267
2110 0.04347360938469329
2111 0.04346064429651789
2112 0.04344780826851338
2113 0.04343491536542157
2114 0.04342216360519731
2115 0.04340924270086397
2116 0.04339630952771312
2117 0.04338327285066457
2118 0.04337066949330933
2119 0.04335811169628141
2120 0.04334545321346262
2121 0.04333244528003147
2122 0.04331927945825263
2123 0.04330615695825977
2124 0.04329320198719313
2125 0.043280216228479
2126 0.04326736546339614
2127 0.04325450642741451
2128 0.04324153043345441
2129 0.04322954024450012
2130 0.04321629570844969
2131 0.04320291665151278
2132 0.04318950217562258
2133 0.04317611364072663
2134 0.04316291713335051
2135 0.04315070063312718
2136 0.04313721452613933
2137 0.04312378217343186
2138 0.04311050728728281
2139 0.04309716442199663
2140 0.04308398963736486
2141 0.0430707159040104
2142 0.04305745413689678
2143 0.04304414144753529
2144 0.04303092460751096
2145 0.04301749952928358
2146 0.04300405174352923
2147 0.04299062614245099
2148 0.04297737674359576
2149 0.04296422550884925
2150 0.04295131656387369
2151 0.04293824101775125
2152 0.04292504142285068
2153 0.04291160404265928
2154 0.04289815127866694
2155 0.0428845928402917
2156 0.04287114762924203
2157 0.04285761330925691
2158 0.04284429150119912
2159 0.04283087613541042
2160 0.04281755773273174
2161 0.04280405788377158
2162 0.04279031229615189
2163 0.04277652146816281
2164 0.04276285427319266
2165 0.04274911204258806
2166 0.04273584236462446
2167 0.04272251764524564
2168 0.04270909896792087
2169 0.04269543576851309
2170 0.04268210136517436
2171 0.04266881659517977
2172 0.04265559053696077
2173 0.04264220324891317
2174 0.04262878321261217
2175 0.04261561660134815
2176 0.04260214284235264
2177 0.04258845548410698
2178 0.04257491237559183
2179 0.04256157751599573
2180 0.04254830100059567
2181 0.04253507493018237
2182 0.0425221495515802
2183 0.04250873196506232
2184 0.04249539665389347
2185 0.04248215131476445
2186 0.04246917634492969
2187 0.04245603427014414
2188 0.04244290061428876
2189 0.04242950949361014
2190 0.04241610693550637
2191 0.04240234610029455
2192 0.04238851140821664
2193 0.04237466847319496
2194 0.04236104583580128
2195 0.04234741097489295
2196 0.04233407427073717
2197 0.04232066641333878
2198 0.04230706729629994
2199 0.04229337057817024
2200 0.04227989267951707
2201 0.04226620631224561
2202 0.04225266552071467
2203 0.04223891851919005
2204 0.04222521171004361
2205 0.04221156445812969
2206 0.04219794752911783
2207 0.04218419263577787
2208 0.04217050545865701
2209 0.04215667208605092
2210 0.0421429441115498
2211 0.04212931504170621
2212 0.0421156415229766
2213 0.04210151527341304
2214 0.04208760348949258
2215 0.04207387235952865
2216 0.04206048231843969
2217 0.04204695980921974
2218 0.04203359008679002
2219 0.04202010370424025
2220 0.0420065531420803
2221 0.04199281560178605
2222 0.04197902981059099
2223 0.04196514320012264
2224 0.04195143093179115
2225 0.04193761748671764
2226 0.04192401043842054
2227 0.041910403948931
2228 0.0418967147765593
2229 0.04188298611541617
2230 0.04186939567059368
2231 0.04185578064481525
2232 0.04184222610367731
2233 0.04182852812569556
2234 0.04181493959538969
2235 0.04180157751778411
2236 0.04178820526817827
2237 0.04177451614843303
2238 0.04176089795390883
2239 0.04174717847248741
2240 0.04173368210346413
2241 0.04172021588870108
2242 0.04170686498988746
2243 0.04169312032340568
2244 0.04167951176703792
2245 0.04166606270961788
2246 0.04165266915260333
2247 0.04163924970927953
2248 0.041625947353992
2249 0.04161248794976969
2250 0.04159897653382584
2251 0.0415852775919929
2252 0.04157147965793036
2253 0.04155754545047268
2254 0.04154383044449658
2255 0.04153026768245264
2256 0.04151693590156266
2257 0.04150359018429183
2258 0.04149003325069447
2259 0.04147634479037127
2260 0.04146257994047446
2261 0.04144876339603853
2262 0.04143529757790504
2263 0.04142189664857014
2264 0.04140870960377147
2265 0.0413954739381487
2266 0.04138224891125086
2267 0.04136878408870384
2268 0.04135533704339059
2269 0.04134158952770807
2270 0.04132809060449032
2271 0.04131474503733981
2272 0.04130171381342065
2273 0.04128864117110454
2274 0.04127545639195219
2275 0.04126226666800983
2276 0.04124918315746031
2277 0.04123611044085362
2278 0.0412230432569462
2279 0.04120989573496448
2280 0.04119673374263053
2281 0.0411835933461278
2282 0.04117061271557804
2283 0.04115753837899445
2284 0.04114467170848771
2285 0.04113201868331377
2286 0.0411194080619032
2287 0.04110688890948692
2288 0.04109436739008834
2289 0.04108160131977417
2290 0.04106872751860045
2291 0.04105556809019575
2292 0.04104265132587637
2293 0.04102977076832439
2294 0.04101697949558198
2295 0.04100434757337837
2296 0.04099166804192558
2297 0.04097910486330748
2298 0.0409668851382791
2299 0.04095452282615732
2300 0.04094222234315503
2301 0.04092969467996226
2302 0.04091728033120957
2303 0.04090460301382388
2304 0.04089211821489935
2305 0.0408796838905004
2306 0.04086736554848687
2307 0.04085506382274277
2308 0.04084268971233488
2309 0.04083036707804053
2310 0.04081819665475348
2311 0.04080620151065385
2312 0.04079413649545447
2313 0.04078203687258541
2314 0.04076981692312105
2315 0.04075767404137564
2316 0.04074562463454287
2317 0.04073350148199188
2318 0.04072144424267293
2319 0.04070918895679391
2320 0.04069688592260846
2321 0.04068486680312144
2322 0.04067294616982594
2323 0.04066109492601776
2324 0.04064922319767301
2325 0.04063746830600363
2326 0.0406254873136557
2327 0.04061373609597046
2328 0.04060186549298458
2329 0.04059011370035449
2330 0.0405782933203734
2331 0.04056634766610783
2332 0.04055446838385874
2333 0.04054298104563814
2334 0.04053165402149053
2335 0.04052047901594647
2336 0.04050913700921166
2337 0.04049778964164498
2338 0.04048636447387386
2339 0.04047490699041296
2340 0.04046358473832571
2341 0.04045217682470965
2342 0.04044073476599998
2343 0.04042936323441113
2344 0.04041799562068828
2345 0.04040677285399514
2346 0.04039569821240092
2347 0.04038479517763839
2348 0.0403738435324968
2349 0.04036297217908453
2350 0.04035204028354845
2351 0.04034101058726194
2352 0.04032997272525221
2353 0.0403189914116056
2354 0.04030818851323329
2355 0.04029747037979646
2356 0.04028676294768412
2357 0.04027589967327715
2358 0.04026508054080521
2359 0.04025457596367155
2360 0.04024405543024957
2361 0.04023368579534917
2362 0.04022326160766764
2363 0.04021282178369214
2364 0.04020235368590592
2365 0.04019193435777748
2366 0.0401815738207308
2367 0.04017113413613211
2368 0.04016056507364649
2369 0.04015007827778237
2370 0.04013981520209782
2371 0.0401297505942317
2372 0.04011995174053291
2373 0.0401102199728977
2374 0.04010025336025945
2375 0.04009037833062987
2376 0.04008055907581315
2377 0.04007076025659533
2378 0.04006086901098591
2379 0.04005097699238618
2380 0.04004090820340356
2381 0.04003084544902222
2382 0.04002088322446335
2383 0.04001137943617644
2384 0.04000216214383114
2385 0.03999294423952706
2386 0.03998356395079731
2387 0.03997414693897236
2388 0.03996465188864724
2389 0.03995513987346733
2390 0.03994562044934303
2391 0.03993598401961762
2392 0.03992621206623618
2393 0.03991657995457119
2394 0.039907125478376
2395 0.03989810024217293
2396 0.03988930719563589
2397 0.03988049099829383
2398 0.03987135911050547
2399 0.03986215546953012
2400 0.03985287257870181
2401 0.03984353700415533
2402 0.03983420361342015
2403 0.03982519414143718
2404 0.03981639284396775
2405 0.03980761349194489
2406 0.0397986567933363
2407 0.03978970508328508
2408 0.03978091053974036
2409 0.03977218272434185
2410 0.03976367390534963
2411 0.03975525454620118
2412 0.03974667487796291
2413 0.03973799546129904
2414 0.03972919356707399
2415 0.03972031337087375
2416 0.03971172715249204
2417 0.03970329156928577
2418 0.03969489437086515
2419 0.03968652040150295
2420 0.0396783042654888
2421 0.03967015434587591
2422 0.03966204452891882
2423 0.03965386303877271
2424 0.0396455020408489
2425 0.03963724090582009
2426 0.03962895908929389
2427 0.03962086544564723
2428 0.03961310312460644
2429 0.03960508542569047
2430 0.03959697328493875
2431 0.0395891823596143
2432 0.03958163713630772
2433 0.03957433801770067
2434 0.03956707932867187
2435 0.03955973252398459
2436 0.0395522015150097
2437 0.03954459838388356
2438 0.0395371882775692
2439 0.03952974716823681
2440 0.03952242265402751
2441 0.03951527573349115
2442 0.03950813089190169
2443 0.03950107565242714
2444 0.03949406340229008
2445 0.03948757580406372
2446 0.03948112075983425
2447 0.03947465726677845
2448 0.03946815022491498
2449 0.0394615709487889
2450 0.03945499156643922
2451 0.03944853544081593
2452 0.03944217623837579
2453 0.03943590055045008
2454 0.0394297836226151
2455 0.03942381608648558
2456 0.03941798381029595
2457 0.03941201013915523
2458 0.03940603488495749
2459 0.03940006965165518
2460 0.03939432156513996
2461 0.03938878524198892
2462 0.03938347533822478
2463 0.03937807807160434
2464 0.03937264048095197
2465 0.03936714186986861
2466 0.03936188619461752
2467 0.03935657420055469
2468 0.03935128881036062
2469 0.0393459545233881
2470 0.03934090322530939
2471 0.03933593555084138
2472 0.03933117808890337
2473 0.03932645642882836
2474 0.03932166711318425
2475 0.03931682603442972
2476 0.0393119655588579
2477 0.03930719908149304
2478 0.03930250108817485
2479 0.03929767312338663
2480 0.03929278621562971
2481 0.03928805582320286
2482 0.03928356859981612
2483 0.03927936883194037
2484 0.03927529514236432
2485 0.03927128056267634
2486 0.0392671996485631
2487 0.03926308464493954
2488 0.03925886207014993
2489 0.03925468087685462
2490 0.03925050896794642
2491 0.03924629475017464
2492 0.03924211050260765
2493 0.03923801344156409
2494 0.03923446262181882
2495 0.03923130342976398
2496 0.03922799636012472
2497 0.03922442214198257
2498 0.03922089736545811
2499 0.03921760150810879
2500 0.03921431264694186
2501 0.03921105059514465
2502 0.03920775815527391
2503 0.03920448424381746
2504 0.03920127365060754
2505 0.03919813023403072
2506 0.03919507741327896
2507 0.03919226367895741
2508 0.03918939517765386
2509 0.03918673641308326
2510 0.03918419448171266
2511 0.03918184800319541
2512 0.03917972408320593
2513 0.03917764445772275
2514 0.03917538007103993
2515 0.03917301701704415
2516 0.03917071572754957
2517 0.03916847737228701
2518 0.03916636020654216
2519 0.03916445454212089
2520 0.0391625987069217
2521 0.03916087866601943
2522 0.03915956996097039
2523 0.03915819084969015
2524 0.03915676723087479
2525 0.03915556565752926
2526 0.03915436226626447
2527 0.03915308962748128
2528 0.03915202437963011
2529 0.03915107486142078
2530 0.03915029224521814
2531 0.03914960055185666
2532 0.03914895091568262
2533 0.03914841323130429
2534 0.03914794121523902
2535 0.03914751898424692
2536 0.03914712314270557
2537 0.03914666801063416
2538 0.03914640227877083
2539 0.03914624490365781
2540 0.03914625082073656
2541 0.03914640502147179
2542 0.03914663460915008
2543 0.03914716108145019
2544 0.03914764766933336
2545 0.03914810842587219
2546 0.03914863997259372
2547 0.03914903529581801
2548 0.03914957516750184
2549 0.03915030737205204
2550 0.03915115405038727
2551 0.03915207340717784
2552 0.03915293639856808
2553 0.03915388291768216
2554 0.03915498709032567
2555 0.03915620192872735
2556 0.03915763804241672
2557 0.03915897517582964
2558 0.03916031767737385
2559 0.03916169538409288
2560 0.03916312157181878
2561 0.03916468589545219
2562 0.0391662732689224
2563 0.03916782694095157
2564 0.03916929384323818
2565 0.03917067457920317
2566 0.03917252787829832
2567 0.03917471850526057
2568 0.03917708947275712
2569 0.03917966607399182
2570 0.03918220694427958
2571 0.03918477131019729
2572 0.03918730843568089
2573 0.03918986146191475
2574 0.0391923412129372
2575 0.039194638848525
2576 0.03919690087924764
2577 0.03919933901356176
2578 0.03920216537487373
2579 0.03920550153025761
2580 0.03920893220665663
2581 0.03921208666266259
2582 0.03921526576236938
2583 0.03921855230176458
2584 0.03922184159451581
2585 0.03922535530854136
2586 0.03922886922490885
2587 0.0392323924026658
2588 0.03923587283594765
2589 0.03923936229703715
2590 0.03924294511667621
2591 0.03924652727892875
2592 0.03925036976539374
2593 0.03925432720341904
2594 0.03925829355656115
2595 0.03926231190614583
2596 0.03926637407923603
2597 0.03927050829098767
2598 0.0392747996828022
2599 0.03927909757484182
2600 0.03928340530081305
2601 0.03928767400067122
2602 0.03929196422265704
2603 0.03929633641972989
2604 0.03930077744924804
2605 0.03930520361988342
2606 0.03930965812306871
2607 0.03931429196973311
2608 0.03931908078753642
2609 0.03932380413735051
2610 0.03932878419621094
2611 0.03933385914338452
2612 0.03933870772223091
2613 0.03934328396966521
2614 0.03934772734742822
2615 0.0393521529873524
2616 0.03935729726572849
2617 0.03936276555865314
2618 0.03936839582208821
2619 0.039374130826882
2620 0.03937954885028396
2621 0.03938487003010162
2622 0.03938993926008138
2623 0.03939500368597813
2624 0.03939994632840278
2625 0.03940472545551237
2626 0.03940954520097491
2627 0.03941483060597523
2628 0.039420590271563
2629 0.03942667781872668
2630 0.03943275229943617
2631 0.03943844470210212
2632 0.03944413942116942
2633 0.03944989274671024
2634 0.03945582489224091
2635 0.03946182141471565
2636 0.03946773795627747
2637 0.03947345566064468
2638 0.03947924534267108
2639 0.0394850752929886
2640 0.03949104639535458
2641 0.0394973176958065
2642 0.03950372259463681
2643 0.03951000695900543
2644 0.03951611157954323
2645 0.03952247031763429
2646 0.03952913886023517
2647 0.03953596812000869
2648 0.03954273420027787
2649 0.03954931452844813
2650 0.03955574478816635
2651 0.03956207008672688
2652 0.03956864773605744
2653 0.03957554033185294
2654 0.03958281132011036
2655 0.03958997336548755
2656 0.03959714927929083
2657 0.03960410963589953
2658 0.03961110769932757
2659 0.0396181692158449
2660 0.03962526167622077
2661 0.03963233458781471
2662 0.03963939138378868
2663 0.03964644429506375
2664 0.03965374043274808
2665 0.03966146364164428
2666 0.03966928768583999
2667 0.03967716900725557
2668 0.03968489072514404
2669 0.03969247190644269
2670 0.03970006890586839
2671 0.03970767836638783
2672 0.03971514690560161
2673 0.03972247814065694
2674 0.03972968209112049
2675 0.03973700876891059
2676 0.03974494157093426
2677 0.03975326985793358
2678 0.03976154713453235
2679 0.03976974362417959
2680 0.03977760588732671
2681 0.03978516394745451
2682 0.03979291921184532
2683 0.03980072257581305
2684 0.03980877997080259
2685 0.03981682877371809
2686 0.03982475366146155
2687 0.03983262011639706
2688 0.03984074677429225
2689 0.03984896757732449
2690 0.03985722314408585
2691 0.03986550791196706
2692 0.03987362601281145
2693 0.03988184791864077
2694 0.03989018296315734
2695 0.03989856530392792
2696 0.03990704335930685
2697 0.03991571928983104
2698 0.03992413390386979
2699 0.03993236653272058
2700 0.03994051104739217
2701 0.03994844520245695
2702 0.03995657702689617
2703 0.03996502017030117
2704 0.03997364975901064
2705 0.03998226861154353
2706 0.03999095758156434
2707 0.03999961731867157
2708 0.04000841787639362
2709 0.04001738454510929
2710 0.04002638629653796
2711 0.04003528217683049
2712 0.04004385959201244
2713 0.0400523159477849
2714 0.04006100904089261
2715 0.04006999151321507
2716 0.04007885645969068
2717 0.04008766253289058
2718 0.04009648353878688
2719 0.04010550462504745
2720 0.04011449961934856
2721 0.04012361152684903
2722 0.04013270590287373
2723 0.04014150879112821
2724 0.04015022583389091
2725 0.04015902781929501
2726 0.04016789604890898
2727 0.04017714967362964
2728 0.04018673601487374
2729 0.04019611440814148
2730 0.04020537583715027
2731 0.04021451170256962
2732 0.04022359742323153
2733 0.04023307456950589
2734 0.04024260965749535
2735 0.04025206950017394
2736 0.04026138761921458
2737 0.04027074092576647
2738 0.04028004745913046
2739 0.04028926709872891
2740 0.0402985618943333
2741 0.0403079256948455
2742 0.04031709368181455
2743 0.04032634095760247
2744 0.04033587837877251
2745 0.04034555017276832
2746 0.04035517610842834
2747 0.04036473019073598
2748 0.04037404981386442
2749 0.04038339182368894
2750 0.04039280972151234
2751 0.04040225637834968
2752 0.04041158908144987
2753 0.04042108441182562
2754 0.04043068543990094
2755 0.04044041475660528
2756 0.04045010312242199
2757 0.04045980744610552
2758 0.04046970756768485
2759 0.04047971156418697
2760 0.04048949088313336
2761 0.04049904923555613
2762 0.04050837591195756
2763 0.04051769856293867
2764 0.04052711421018793
2765 0.04053727047026506
2766 0.04054743162177956
2767 0.04055764085078586
2768 0.04056775746020452
2769 0.04057774735693091
2770 0.0405876978746768
2771 0.04059752310574202
2772 0.04060736365167989
2773 0.04061714475532906
2774 0.04062687680780472
2775 0.04063658831814503
2776 0.04064628438424579
2777 0.04065592270487345
2778 0.04066579947010717
2779 0.04067599374206377
2780 0.04068632482665133
2781 0.04069633145247727
2782 0.04070593016805547
2783 0.04071553201035025
2784 0.0407251985194186
2785 0.04073505880647051
2786 0.04074506267838973
2787 0.04075510100596267
2788 0.04076513953979431
2789 0.04077524052430676
2790 0.04078534347642258
2791 0.04079545083131528
2792 0.04080560567840106
2793 0.04081555974787968
2794 0.04082552018123536
2795 0.04083514642361077
2796 0.04084461996025785
2797 0.04085422095340587
2798 0.04086380936151365
2799 0.04087368913356366
2800 0.04088367516170655
2801 0.04089379731155809
2802 0.04090395898382127
2803 0.04091422097736924
2804 0.04092457469195972
2805 0.04093484521539332
2806 0.04094463686946748
2807 0.0409543736744258
2808 0.04096384737167316
2809 0.0409733279786604
2810 0.04098306298580547
2811 0.04099309410904062
2812 0.04100326124532839
2813 0.04101344915621097
2814 0.04102354805670292
2815 0.04103359168753343
2816 0.04104354710418806
2817 0.04105378847674165
2818 0.04106390003299414
2819 0.04107378778227429
2820 0.04108342697246107
2821 0.04109299464401575
2822 0.04110254679376797
2823 0.04111245006816108
2824 0.04112248574723267
2825 0.04113241538531105
2826 0.04114227798157339
2827 0.04115206746044455
2828 0.04116192092199523
2829 0.04117177224728225
2830 0.04118131671197074
2831 0.04119090882526761
2832 0.041200770447168
2833 0.04121091285974083
2834 0.04122122914702681
2835 0.04123132506012683
2836 0.04124104791766953
2837 0.04125040225877361
2838 0.04125958387331061
2839 0.0412689353537091
2840 0.04127850079801725
2841 0.04128834571829265
2842 0.0412984247608077
2843 0.04130835065420391
2844 0.04131832509221096
2845 0.04132826568340066
2846 0.04133809321357412
2847 0.04134792357952104
2848 0.04135755437836659
2849 0.04136695741157957
2850 0.04137621211172837
2851 0.04138566092566585
2852 0.04139525181802561
2853 0.04140493984700996
2854 0.0414147364525851
2855 0.04142454123203057
2856 0.04143426648749301
2857 0.04144387757406203
2858 0.04145343328216637
2859 0.04146305268184305
2860 0.04147262271637384
2861 0.04148187776616093
2862 0.04149116982589748
2863 0.04150071079978981
2864 0.04151060605467652
2865 0.04152061233123002
2866 0.04153032737264947
2867 0.04153958705527702
2868 0.04154895465455587
2869 0.04155841840001776
2870 0.04156763803216319
2871 0.04157660332311602
2872 0.04158567963881184
2873 0.04159504174854568
2874 0.04160468435072758
2875 0.04161446376526779
2876 0.04162436189814316
2877 0.04163388349270952
2878 0.04164321068831393
2879 0.04165230106009568
2880 0.04166123050353372
2881 0.0416703455040891
2882 0.04167957101570256
2883 0.04168880320540126
2884 0.04169810430202431
2885 0.04170711989528316
2886 0.04171594046654703
2887 0.041725354490088
2888 0.04173497041229762
2889 0.04174459997308932
2890 0.04175398691504572
2891 0.04176340131564162
2892 0.04177229306324207
2893 0.04178097615263352
2894 0.04178953368529372
2895 0.04179793050580315
2896 0.04180636164454955
2897 0.04181488218881092
2898 0.04182356600531132
2899 0.0418326151480178
2900 0.04184177289908801
2901 0.04185095353352129
2902 0.04185977218068471
2903 0.04186834310489711
2904 0.04187681584969274
2905 0.04188539191861784
2906 0.04189408880589991
2907 0.04190276489416033
2908 0.04191132858048501
2909 0.04191962998287466
2910 0.04192785406217947
2911 0.04193607438351896
2912 0.04194472058549425
2913 0.04195336938277434
2914 0.04196183084784338
2915 0.041970233434328
2916 0.04197827809580435
2917 0.04198625761577067
2918 0.04199437999337508
2919 0.0420026015156213
2920 0.04201051695180182
2921 0.0420182875267127
2922 0.04202594906515722
2923 0.04203371416790559
2924 0.04204188678867002
2925 0.04205000019230781
2926 0.0420580777751531
2927 0.04206591134491642
2928 0.04207344189243493
2929 0.04208094459441016
2930 0.04208849467573346
2931 0.04209613685083057
2932 0.04210400317792075
2933 0.04211167756753302
2934 0.04211927520838626
2935 0.04212679271076297
2936 0.04213449956239217
2937 0.04214217641724
2938 0.04214946956326478
2939 0.04215659521374281
2940 0.0421637222562275
2941 0.04217116600829651
2942 0.04217890193743502
2943 0.04218650072747587
2944 0.04219363443810521
2945 0.04220053801709831
2946 0.04220721639516397
2947 0.04221407786942055
2948 0.04222138371475673
2949 0.04222868799238908
2950 0.04223601215222281
2951 0.04224345305315159
2952 0.04225073602557739
2953 0.04225784603160367
2954 0.04226487231743305
2955 0.04227171196874507
2956 0.04227848659102768
2957 0.0422850552610479
2958 0.04229156391176393
2959 0.04229813988150853
2960 0.04230494483055556
2961 0.0423120125033597
2962 0.04231921829468067
2963 0.04232606021807524
2964 0.04233267297306569
2965 0.04233922817172722
2966 0.04234578819058171
2967 0.04235241457891274
2968 0.04235894835181308
2969 0.04236534433616702
2970 0.0423717240113568
2971 0.04237812494804945
2972 0.04238459466259538
2973 0.04239099030231319
2974 0.04239735605341137
2975 0.04240374998822798
2976 0.04241015492376236
2977 0.04241653516468764
2978 0.04242279771436743
2979 0.04242890705790878
2980 0.04243505293551218
2981 0.04244121242953785
2982 0.04244718326936846
2983 0.04245287622428372
2984 0.04245876024167707
2985 0.04246478105589326
2986 0.04247074989758398
2987 0.04247686310707123
2988 0.04248287879863293
2989 0.04248886030861748
2990 0.04249470350732942
2991 0.04250040413361333
2992 0.04250608198335654
2993 0.04251169204283951
2994 0.04251723585126104
2995 0.04252282500688469
2996 0.04252844207646925
2997 0.04253374194903404
2998 0.04253920068200286
2999 0.04254468510148302
3000 0.04255011459812982
