"drag-rfile"
"Iteration" "drag"
("Iteration" "drag")
1 1.294815977343196
2 1.723365846622751
3 2.018956981022573
4 2.186393990543046
5 2.272750531438331
6 2.278003516613856
7 2.203830721200124
8 2.0613195694267
9 1.884886456615818
10 1.71209081858095
11 1.5922688342485
12 1.470407798688017
13 1.367317798110168
14 1.28443338916603
15 1.213730607730322
16 1.147616065727627
17 1.07973851796743
18 1.0100151300878
19 0.9349466345486804
20 0.8549524916618747
21 0.7728946895392589
22 0.6902161773058917
23 0.6091677898867834
24 0.5304865212930826
25 0.4565807466962515
26 0.3879120079030249
27 0.3240015767369591
28 0.265250056025025
29 0.2128686379563339
30 0.1648396908336252
31 0.1206200915054668
32 0.08027628330546445
33 0.04335470877031191
34 0.009658687458844848
35 -0.02110177994251073
36 -0.04853231123538489
37 -0.07292875092458571
38 -0.09455657436320476
39 -0.1133190556575198
40 -0.1290253490398108
41 -0.1420210248311307
42 -0.1521999260156622
43 -0.1596988052074207
44 -0.1646810662326281
45 -0.1674581954510973
46 -0.1682835744895386
47 -0.1674174849231797
48 -0.1650473220456806
49 -0.1614239580260321
50 -0.1568583987740003
51 -0.1513059216399781
52 -0.1452077951885475
53 -0.1387977969837488
54 -0.1321939431669796
55 -0.1256943723319473
56 -0.1191039065288339
57 -0.1127482014595554
58 -0.1067397522606441
59 -0.1011853207683926
60 -0.09596914649230878
61 -0.09102539903592655
62 -0.08637399630542247
63 -0.08197969429439918
64 -0.07780327109417491
65 -0.07376407779104582
66 -0.06971496551996352
67 -0.06603261535898239
68 -0.06219352045640289
69 -0.05857269915590831
70 -0.05469604400237863
71 -0.05091849638432746
72 -0.04689145555114856
73 -0.04280491062717015
74 -0.0385340434645492
75 -0.03405291084405551
76 -0.02948535059536788
77 -0.02471856811913724
78 -0.01945208116661306
79 -0.01423227786755473
80 -0.008763242546935796
81 -0.003009734530499685
82 0.002978412267484924
83 0.00922660089516774
84 0.01573704941797807
85 0.02249893478161024
86 0.02949563431680344
87 0.03671179082180941
88 0.04413184507174825
89 0.05173135582737459
90 0.05949201784348156
91 0.06734954448476138
92 0.0753127077626089
93 0.08417197902851753
94 0.09218069706642101
95 0.1001902047663628
96 0.1089182331019932
97 0.1167452998369221
98 0.1244546448774355
99 0.1320017213024259
100 0.1399759156059785
101 0.1470263896857642
102 0.1538074704918945
103 0.1602937529806633
104 0.1664321809314016
105 0.1721700463870915
106 0.1775061446673844
107 0.1824155006060956
108 0.1868711915796158
109 0.1908597894523323
110 0.1943523757096717
111 0.1973246247439229
112 0.1997530240527561
113 0.2016276147737912
114 0.2029421241834804
115 0.2036907464886705
116 0.2038677970196808
117 0.2034795155603848
118 0.2025220928235589
119 0.2009741329409664
120 0.1988784760848137
121 0.1962484981066274
122 0.1931049196111748
123 0.1894939721678509
124 0.1854117577840475
125 0.1808947487950015
126 0.1759636800334867
127 0.1706521293582159
128 0.1649938965705195
129 0.1590243776059195
130 0.152776860678311
131 0.146285790451742
132 0.1395851889221769
133 0.1327158704490497
134 0.12571557392412
135 0.1186192016002057
136 0.1114612567701266
137 0.1042763606934202
138 0.09710012015694733
139 0.08996587442254775
140 0.08290556484904765
141 0.07594813584196862
142 0.06912494098824576
143 0.06246102118301808
144 0.05598397729702558
145 0.04971978533960123
146 0.04368751550978241
147 0.03789040855567607
148 0.0323656226034665
149 0.02712642137243287
150 0.02218606793967341
151 0.01755780095469912
152 0.0132646492560353
153 0.009298844806125889
154 0.005666823115920388
155 0.002371519670766806
156 -0.0005841103067324415
157 -0.003201916183418689
158 -0.005478720262925961
159 -0.007416869823476044
160 -0.009017321735954863
161 -0.01028488086533142
162 -0.01122396046214863
163 -0.01184064565397664
164 -0.01214080488068747
165 -0.01213245347774692
166 -0.01182406420619882
167 -0.01122659291321996
168 -0.01034769361923175
169 -0.009194096046814761
170 -0.007776497314730307
171 -0.006105841076374833
172 -0.004192743156654153
173 -0.002048922791480765
174 0.0003149133858461619
175 0.002885625995240231
176 0.005651364492584732
177 0.008596010155578884
178 0.01170925600984076
179 0.01500368037597678
180 0.01844264831921001
181 0.02201403367629185
182 0.02570464095975806
183 0.02950284261679676
184 0.03339332608818099
185 0.03736339252353026
186 0.04140339845342108
187 0.04550084628717049
188 0.04963698878309581
189 0.05379858566769905
190 0.05797377811024778
191 0.06214743129198481
192 0.06630779782222242
193 0.07044490322510663
194 0.0745476036480922
195 0.07860223232307156
196 0.08259798547880545
197 0.08652670495352362
198 0.09037900405839948
199 0.09413729500219044
200 0.09778776022601018
201 0.1013259815517376
202 0.1047394339302549
203 0.1080168535831101
204 0.1111438090038038
205 0.1141174903299919
206 0.1169290654165039
207 0.1195698063520725
208 0.1220322987288143
209 0.1243077182897714
210 0.1263900277886355
211 0.1282671778972516
212 0.1299401417996725
213 0.1314040294953437
214 0.1326539606870712
215 0.1336848843944958
216 0.1344941902409333
217 0.1350846878892262
218 0.1354469282202621
219 0.1355800003813615
220 0.1354834725854822
221 0.1351578914937257
222 0.1346039356521027
223 0.1338253388625371
224 0.1328220264915735
225 0.1316020541842632
226 0.1301716721843916
227 0.1285346819875594
228 0.1266953905157728
229 0.1246633367773765
230 0.1224475558887592
231 0.1200567956270798
232 0.1175023810061438
233 0.1147934863305789
234 0.1119411223388418
235 0.1089572290101662
236 0.1058543704380883
237 0.1026490376897939
238 0.09935003139809621
239 0.09597232706934175
240 0.09251124963329527
241 0.08900169377461567
242 0.08545791487654134
243 0.0818955883989637
244 0.07833032472241196
245 0.07477742318733094
246 0.07125183334504674
247 0.06776822510858886
248 0.06434198188618887
249 0.06098789931802
250 0.05771834820849651
251 0.05454365785506091
252 0.05147773985287316
253 0.04853313815015741
254 0.04572755178758044
255 0.04306581832142385
256 0.04055475728418428
257 0.03820147469278671
258 0.03601457560746523
259 0.0340010329377461
260 0.03216472800696224
261 0.03050881177299651
262 0.02904119795257561
263 0.02776509200444654
264 0.02668258711821234
265 0.02579449432756248
266 0.02510098050573315
267 0.02460137580804338
268 0.02429321409373654
269 0.0241747085727564
270 0.02424260162898512
271 0.02449361457116958
272 0.02492275235307066
273 0.02552548169830426
274 0.02629562243999202
275 0.027229347914847
276 0.0283166155204269
277 0.0295481758052309
278 0.03091641011285969
279 0.03241540096843286
280 0.03403549758915823
281 0.03577093088223102
282 0.03761067915117492
283 0.03954563525772723
284 0.04156708676925176
285 0.04366607631215462
286 0.04583280464946418
287 0.04805853132883302
288 0.05033332161862295
289 0.05264824357097359
290 0.05499478330021006
291 0.05736457800873326
292 0.05974797400450511
293 0.06213712434438012
294 0.0645227676671772
295 0.06689722103230986
296 0.06925223888435961
297 0.07157935296312819
298 0.07386959420619836
299 0.07611680732916087
300 0.07831351020699531
301 0.08045372015738393
302 0.082529487967741
303 0.08453380632174959
304 0.08646092459211417
305 0.08830469021224455
306 0.09005973944761593
307 0.09172097693214101
308 0.09328430529184283
309 0.09474555331692677
310 0.09609980829531366
311 0.09734374216037528
312 0.09847367841127755
313 0.09948659625667379
314 0.1003802451389448
315 0.1011519613213497
316 0.1018011486960045
317 0.1023261728927236
318 0.1027263618981148
319 0.103001852803146
320 0.1031520816113529
321 0.1031779329789786
322 0.1030805513589743
323 0.1028607707433495
324 0.102519921396147
325 0.102057307029026
326 0.1014793400797058
327 0.1007886920105219
328 0.09998843496815692
329 0.09908244306338197
330 0.09807445794153515
331 0.09696870824558161
332 0.09577006639542124
333 0.09448293881939579
334 0.09311311540165815
335 0.09166623352663177
336 0.09014768783838031
337 0.08856303523091477
338 0.08691863663355262
339 0.08522109232632051
340 0.0834732704190605
341 0.0816849940050664
342 0.07986372479269001
343 0.07801539144683098
344 0.07614740190663333
345 0.0742667866197676
346 0.07238289269887496
347 0.07050071758775421
348 0.06862697120394445
349 0.06676858455637996
350 0.06493224377404083
351 0.06312487350014688
352 0.06135276547239477
353 0.05961968152976097
354 0.05793358500876827
355 0.05630085915040092
356 0.05472667075206265
357 0.05321709576493303
358 0.05178411539836995
359 0.05042515404544924
360 0.04914504470434182
361 0.04794785941129224
362 0.04683442423467676
363 0.04581044573983666
364 0.04487982896594382
365 0.04404856634597686
366 0.04331466437457797
367 0.04267984661713808
368 0.04214587280492364
369 0.04170914385342258
370 0.04137529507101044
371 0.04114492271312119
372 0.04101782307755428
373 0.04099295100419864
374 0.04106913216534854
375 0.04124555617574208
376 0.04152021208170476
377 0.04189027937418403
378 0.04235511858519252
379 0.04290985663391132
380 0.04355098368855698
381 0.0442749822107458
382 0.04507800986590885
383 0.04595596109245519
384 0.04690467173437163
385 0.04791927850672419
386 0.04899497339984672
387 0.05012634860092373
388 0.05130868525556558
389 0.05253668522701842
390 0.05380493647708169
391 0.05510731312532167
392 0.05643275322471299
393 0.05778117259836649
394 0.05914678660878485
395 0.06052658922362818
396 0.06191267710077943
397 0.06329962969007433
398 0.06468191761992001
399 0.06605404839123559
400 0.06741136023073979
401 0.06874820592809108
402 0.07005972260727408
403 0.07134074512676292
404 0.07257980148844105
405 0.07377943775488674
406 0.0749350358224378
407 0.07604293566796841
408 0.07709935230034772
409 0.07810066992094934
410 0.07904345809245435
411 0.07992480865062135
412 0.08074276936044983
413 0.08149436358511855
414 0.0821779623581452
415 0.082790305072037
416 0.08332976070756758
417 0.0837950338319747
418 0.08418486549671993
419 0.08449844859039996
420 0.08473534090846135
421 0.08489501262958983
422 0.08498331837304871
423 0.08499459154311917
424 0.08492930099646584
425 0.08478848568151848
426 0.08457342565864857
427 0.08428578782629129
428 0.0839265031262522
429 0.08349550236607214
430 0.08299737943004663
431 0.08243459196979215
432 0.08180954636102651
433 0.08112489414338893
434 0.08038353278607102
435 0.07958847498955725
436 0.0787429837008742
437 0.07785031880518094
438 0.0769132866874363
439 0.07593655584463242
440 0.07492376556619251
441 0.07387778807520641
442 0.0728041244141204
443 0.07170664114244769
444 0.07058996752707787
445 0.06945756608318068
446 0.06831352278802022
447 0.06717310589272736
448 0.06603024113778726
449 0.06488850703545067
450 0.06375192523259138
451 0.06262561832591884
452 0.06151239610399868
453 0.06041583694403379
454 0.05933956513069683
455 0.05828718557977419
456 0.05726286619851551
457 0.05626931738010426
458 0.05530971797353187
459 0.054387144341375
460 0.05350385544117146
461 0.0526624761090979
462 0.05186494567819142
463 0.05111420811890489
464 0.05041228774770943
465 0.04976108305939293
466 0.04916212642485802
467 0.04861699596294718
468 0.04812707029551176
469 0.04769341200937829
470 0.04731684731572048
471 0.04699820050906716
472 0.04673745603747675
473 0.04653486270522816
474 0.0463900327738388
475 0.04630293194654227
476 0.04627309740081011
477 0.04629923865930642
478 0.04638035197455299
479 0.04651546073939202
480 0.04670283880912802
481 0.04694128078985248
482 0.04722881362002505
483 0.04756883384077099
484 0.04795494160691368
485 0.04838442116538671
486 0.04885457677976485
487 0.049362929936526
488 0.04990649724872893
489 0.05048229400518877
490 0.05108747562650558
491 0.05171859470305713
492 0.05237054511005817
493 0.05304215055855666
494 0.05373037199015
495 0.05443191953456198
496 0.05514382468988409
497 0.05586321355350927
498 0.05658677804035023
499 0.05731141603252105
500 0.05803460297692059
501 0.05875316319931585
502 0.05946408598480711
503 0.06016452607600809
504 0.0608516599816392
505 0.06152246877594585
506 0.06217489347189361
507 0.06280648087764974
508 0.06341537451832155
509 0.06399945892177272
510 0.06455673359321848
511 0.06508546785675186
512 0.06558377589235008
513 0.06605001575705648
514 0.06648277782333655
515 0.06688074557690325
516 0.06724257465288644
517 0.06756749690817375
518 0.06785488393747834
519 0.06810401129356168
520 0.06831435854024824
521 0.06848551553312995
522 0.0686172548906907
523 0.0687094894737343
524 0.06876254167808749
525 0.06877704385424027
526 0.06875309629044224
527 0.06869270243629654
528 0.06859453929946083
529 0.06845977133863067
530 0.06828914415916587
531 0.06808344119325197
532 0.06784361953442374
533 0.06757111288346464
534 0.06726759970262926
535 0.0669343377716308
536 0.0665725249628983
537 0.06618418473086794
538 0.06577080150886659
539 0.06533381749237856
540 0.06487478676506608
541 0.06439557032713049
542 0.06389871299952932
543 0.06338582219090917
544 0.06285831157963281
545 0.06231863016059822
546 0.0617691930249584
547 0.06121169575986692
548 0.06064779182173798
549 0.06007834754774677
550 0.0595066984185328
551 0.05893475093745938
552 0.05836470111667802
553 0.0577971356338931
554 0.05723506876730039
555 0.0566805315454865
556 0.05613490789986963
557 0.05560021737999712
558 0.05507780854678621
559 0.05456974772741818
560 0.05407716345153069
561 0.05360161975538211
562 0.05314408519532957
563 0.05270603392158197
564 0.05228866745976036
565 0.05189284526055935
566 0.05151972639351177
567 0.05116929520098841
568 0.05084319430413577
569 0.05054207315002651
570 0.0502662164668341
571 0.05001620925469936
572 0.04979233743550416
573 0.04959625541624463
574 0.04942607045518512
575 0.04928196166474689
576 0.04916413538717855
577 0.0490725497977679
578 0.04900701495400051
579 0.04896665195885402
580 0.0489512814619763
581 0.04896077927722776
582 0.04899463614890686
583 0.04905172723785625
584 0.04913115351102952
585 0.04923240839951789
586 0.0493548146083631
587 0.04950080849836452
588 0.04966559690421035
589 0.0498482185510299
590 0.05004765511314794
591 0.05026244630217263
592 0.05049155505587664
593 0.05073346626134677
594 0.05098668968894107
595 0.0512502214004078
596 0.05151846132095546
597 0.05179837238996495
598 0.05208266554859466
599 0.052372118804613
600 0.05266550479157789
601 0.05296126304930223
602 0.05325797819010941
603 0.05355433914089951
604 0.05384896055957241
605 0.05414060012013029
606 0.05442790859249759
607 0.05470949445004117
608 0.05498410337591224
609 0.05525067433007732
610 0.05550791603065209
611 0.05575470513150272
612 0.05598974692436212
613 0.05621236758647199
614 0.05642168995177684
615 0.05661684640274578
616 0.05679676349406226
617 0.0569610193399597
618 0.05710895867739487
619 0.05723992390334937
620 0.0573536966418575
621 0.05745035116541119
622 0.0575283712937734
623 0.057587923477181
624 0.05762849533633577
625 0.05765006946998034
626 0.0576530142521933
627 0.05763706977179126
628 0.05760229625352004
629 0.05754881698307455
630 0.05747688171549806
631 0.05738667711066089
632 0.05727869095602668
633 0.05715320254925341
634 0.0570107599728328
635 0.05685179466485937
636 0.05667691737765396
637 0.05648715052078934
638 0.05628286575257155
639 0.05606461278588219
640 0.05583200467100584
641 0.05558693108202652
642 0.05533062254292043
643 0.05506372777648179
644 0.05478743574723868
645 0.05450216810432677
646 0.05420871060498372
647 0.05390841170871293
648 0.05360210724168767
649 0.05329058594030734
650 0.05297474722757429
651 0.05265473427031279
652 0.05233256060877947
653 0.05200897874017214
654 0.05168491434397932
655 0.05136069948152843
656 0.05103807087409525
657 0.050717799196519
658 0.05040020465754546
659 0.05008651958986018
660 0.04977765977168824
661 0.04947552645258745
662 0.04917963438841006
663 0.04889049973986359
664 0.04860868495676553
665 0.04833499242077638
666 0.04806977299225061
667 0.04781369068915576
668 0.0475673013977522
669 0.04733101751930605
670 0.04710535221625851
671 0.04689116729259788
672 0.04668859869990408
673 0.04649807246810824
674 0.0463195623014834
675 0.04615363481757261
676 0.04600023888162493
677 0.04585958096014692
678 0.04573157931512513
679 0.04561646834842126
680 0.04551437387267991
681 0.04542519694352089
682 0.04534902993714896
683 0.04528600863416323
684 0.04523573476272597
685 0.04519802917495951
686 0.04517262242548014
687 0.04515925531992057
688 0.04515740820430058
689 0.04516688823817697
690 0.04518735427761194
691 0.04521830569128177
692 0.04525939493347435
693 0.04531035782085768
694 0.0453707240035317
695 0.04544002942487777
696 0.0455175828091656
697 0.04560269147746228
698 0.04569489711451663
699 0.04579356289984361
700 0.0458979836736178
701 0.04600748013174377
702 0.0461211955156367
703 0.04623886491133515
704 0.04635980816297954
705 0.04648358950633949
706 0.04660955460166218
707 0.04673709418373107
708 0.04686518068284964
709 0.04699304683280172
710 0.04712005856936475
711 0.04724619811511692
712 0.04737009577666129
713 0.04749121842537309
714 0.04760896928573086
715 0.0477228781486007
716 0.04783231362306591
717 0.04793666990618986
718 0.04803567516913651
719 0.04812824347890273
720 0.04821372857000156
721 0.04829140196558853
722 0.04836127678445957
723 0.04842302175734456
724 0.0484761272741417
725 0.0485204054873092
726 0.04855548912133898
727 0.04858092073439978
728 0.04859637507349127
729 0.04860181759328084
730 0.04859699776967145
731 0.04858169196667251
732 0.0485556671356639
733 0.0485191346054538
734 0.04847197459415953
735 0.04841409489952176
736 0.04834530751313654
737 0.04826578272918523
738 0.04817552401715606
739 0.04807465884635888
740 0.04796347359011135
741 0.04784244795661612
742 0.04771163468754047
743 0.04757118474457064
744 0.04742131734241393
745 0.04726231961620572
746 0.04709453988160571
747 0.04691851865502647
748 0.04673483898360805
749 0.0465437830205142
750 0.04634603872253748
751 0.04614194502291867
752 0.04593204563512388
753 0.04571688136835692
754 0.04549700487295805
755 0.04527319182867766
756 0.04504585720611435
757 0.04481567000059226
758 0.0445832710296256
759 0.04434921117803078
760 0.04411378309160251
761 0.04387761848422111
762 0.04364140142356393
763 0.04340614697616628
764 0.04317220042373538
765 0.04294066339308456
766 0.04271145184355994
767 0.04248532330805681
768 0.04226280393474775
769 0.04204435099616788
770 0.04183068927535052
771 0.04162208193562215
772 0.04141885714434276
773 0.04122140606905816
774 0.04103057031902191
775 0.04084661380543586
776 0.04066966764216462
777 0.04050026727261742
778 0.04033863034585544
779 0.0401848704790191
780 0.04003947983345899
781 0.03990268156510252
782 0.03977486101737016
783 0.03965580543994951
784 0.03954550320996492
785 0.03944415075003351
786 0.03935179616363793
787 0.03926831207056453
788 0.03919368362251748
789 0.03912802207593683
790 0.03907070424422663
791 0.03902180154961019
792 0.0389809895776054
793 0.03894821907224577
794 0.038923166123303
795 0.03890583660159601
796 0.03889587473482786
797 0.03889304313841527
798 0.03889672906780511
799 0.03890682575042644
800 0.03892296405515552
801 0.03894471565165983
802 0.03897147580646183
803 0.03900303174776823
804 0.03903855375821907
805 0.03907752536042909
806 0.03911937859990899
807 0.03916811769770166
808 0.03921555464317965
809 0.03926449509996777
810 0.03931445938601709
811 0.039364948640224
812 0.0394155583790146
813 0.03946573024564681
814 0.03951464264857978
815 0.03956230047969473
816 0.03960794737704647
817 0.03965132966571949
818 0.03969210433280228
819 0.03973018719083082
820 0.03976502988661136
821 0.03979627115737664
822 0.03982504850371727
823 0.03984904649981753
824 0.03986798186187997
825 0.03988145359103731
826 0.03988922117165548
827 0.03989127021258843
828 0.03988733313062803
829 0.03987745061227236
830 0.03986161073583882
831 0.03983993000367656
832 0.03981191898426353
833 0.03977751498237433
834 0.03973653699366156
835 0.03968899601622029
836 0.0396347851285075
837 0.03957417277659636
838 0.03950700658274731
839 0.03943370037770329
840 0.03935410609728057
841 0.03926775206321663
842 0.03917589756048882
843 0.03907874001397997
844 0.03897624483219669
845 0.03886878246537544
846 0.03875636003352554
847 0.03863930216035761
848 0.03851772037084619
849 0.03839179871209071
850 0.03826186384480745
851 0.0381285184321092
852 0.03799186839960553
853 0.0378521819800529
854 0.03770973616047385
855 0.0375650279036302
856 0.03741801239393802
857 0.03726927134110594
858 0.03711909585247816
859 0.0369678652991514
860 0.03681600054874226
861 0.03666401872003935
862 0.03651195352902511
863 0.03636024551599353
864 0.03620928945433274
865 0.0360595848447791
866 0.0359110300577254
867 0.03576416188099968
868 0.03561914762332036
869 0.03547623458188556
870 0.03533581401882328
871 0.03519824240451101
872 0.03506370530802968
873 0.03493255627026565
874 0.03480499904235796
875 0.03468112328456736
876 0.0345610185050605
877 0.03444488315967142
878 0.03432675512075307
879 0.03422026524248267
880 0.03411760643582711
881 0.03401907231722059
882 0.03392497273318423
883 0.03383567887587946
884 0.03374656255569369
885 0.03366749046650303
886 0.0335925578038471
887 0.03352224688493911
888 0.03345285190441445
889 0.0333919711875252
890 0.03333489703670216
891 0.03327942706096636
892 0.03323149261053378
893 0.03318520298145178
894 0.03314513883041396
895 0.03310684269165842
896 0.03307440159265265
897 0.03304381960217001
898 0.03301835451894118
899 0.03299445279481158
900 0.03297543858735433
901 0.03295707815127084
902 0.03294185580539661
903 0.03292969530148281
904 0.03291774558692517
905 0.03290902532712994
906 0.03290024568897342
907 0.0328938378568326
908 0.03288711896881819
909 0.0328825744581923
910 0.03287730332807184
911 0.03287374368651729
912 0.0328693533807719
913 0.03286590593207734
914 0.03286088469764029
915 0.03285655141410327
916 0.0328506201018001
917 0.03284233257909931
918 0.0328344606655861
919 0.03282422493387208
920 0.03281374685472419
921 0.03280101251373832
922 0.03278479345948212
923 0.03276851349663796
924 0.03274959102558635
925 0.03272682299923578
926 0.03270391817549543
927 0.03267629971897245
928 0.03264810813587275
929 0.03261676873068282
930 0.03258009125274858
931 0.03254357919691581
932 0.0325012986360581
933 0.03245909220601558
934 0.03241058218280173
935 0.03236246632725094
936 0.03230783148121303
937 0.03225389936552245
938 0.03219317036038063
939 0.03213048838458115
940 0.03206513107589868
941 0.03200026414095886
942 0.03192791576844724
943 0.03185381604759505
944 0.03177731206968929
945 0.03169837138280407
946 0.03161700733238323
947 0.03153325413927847
948 0.03144726352110781
949 0.03135918667562916
950 0.03126919804801988
951 0.03117737984412854
952 0.03108386683802296
953 0.03098887228405283
954 0.03089246358890263
955 0.03079496920870768
956 0.03069647250132084
957 0.03059701021732608
958 0.03049655293467299
959 0.03039532546659559
960 0.03029352464535691
961 0.03019148384170026
962 0.03008933169990355
963 0.02998751818101749
964 0.02988637098367436
965 0.02979086881248283
966 0.02968931383006321
967 0.02958922925716188
968 0.02949010375103365
969 0.02939208840882325
970 0.02929486467934652
971 0.0291988660065382
972 0.02910421924319416
973 0.02901604597304606
974 0.02892381849303154
975 0.02883405325972338
976 0.02874653409746906
977 0.02866118614878769
978 0.0285777581583087
979 0.02849635393831745
980 0.02841681083433407
981 0.02833932616043509
982 0.02826408388264729
983 0.02819513186560624
984 0.02812343144497124
985 0.02805483752898485
986 0.02798869742087108
987 0.02792487133799028
988 0.02786345825626362
989 0.02780460719124304
990 0.02774822221320812
991 0.02769431250636618
992 0.02764236880868033
993 0.02759247595999145
994 0.02754446210487186
995 0.0274982628868711
996 0.0274540001159687
997 0.02741163473353726
998 0.02737114856158474
999 0.02733216982963297
1000 0.02729496799789578
1001 0.02725922998871184
1002 0.02722503162441499
1003 0.0271922693167285
1004 0.02716053616223645
1005 0.02712983490191094
1006 0.02710015268593418
1007 0.02707136132140724
1008 0.02704347353121243
1009 0.02701619522347524
1010 0.0269895204359976
1011 0.02696341792549343
1012 0.02693777016400387
1013 0.02691248396962331
1014 0.02688753718184278
1015 0.02686274952898146
1016 0.0268380592605265
1017 0.0268134929860473
1018 0.02678881405493118
1019 0.02676366970377833
1020 0.02673810819451796
1021 0.02671204315819144
1022 0.02668536115675604
1023 0.02665816740990523
1024 0.02663034150981316
1025 0.02660204252388926
1026 0.02657340035578264
1027 0.02654418291303615
1028 0.02651412455474946
1029 0.02648309470775327
1030 0.02645098142560365
1031 0.02641763191971069
1032 0.02638309133579365
1033 0.02634740896519739
1034 0.02631061253217834
1035 0.0262729341203881
1036 0.02623448932725362
1037 0.02619502098172026
1038 0.02615448039531336
1039 0.02611272188480613
1040 0.02606969363290836
1041 0.02602530598883428
1042 0.02597968528962278
1043 0.02593288000964921
1044 0.02588506452120263
1045 0.02583605305200682
1046 0.02578587175853354
1047 0.02573465617750933
1048 0.02568254506376803
1049 0.02562956684251785
1050 0.02557560922846721
1051 0.02552067667309733
1052 0.02546483258735912
1053 0.02540822031394733
1054 0.02535091040981162
1055 0.02529274444130615
1056 0.02523400345391448
1057 0.02517448689766115
1058 0.02511423661370713
1059 0.02505328911622173
1060 0.02499188648261113
1061 0.02493009041165789
1062 0.0248681445159362
1063 0.02480615969020896
1064 0.02474395392815109
1065 0.02468147949879707
1066 0.02461885464950899
1067 0.02455614836917671
1068 0.02449347395891152
1069 0.02443077643225014
1070 0.02436833171677249
1071 0.02430604393311545
1072 0.02424390378257815
1073 0.02418204041267946
1074 0.02412058619828937
1075 0.02405972886141471
1076 0.02399945278629185
1077 0.02393967388568544
1078 0.02388041552279612
1079 0.02382161408334925
1080 0.02376340292690237
1081 0.02370583916853064
1082 0.02364889545170083
1083 0.023592798244059
1084 0.02353764934631398
1085 0.02348337358587836
1086 0.02342990657497869
1087 0.02337740680833218
1088 0.02332572226081668
1089 0.02327479828138154
1090 0.02322501081752043
1091 0.02317595984919968
1092 0.02312792606104116
1093 0.0230808875081574
1094 0.0230375922293147
1095 0.02299166069798062
1096 0.02294717368196248
1097 0.02290639381276945
1098 0.02286306615246622
1099 0.02282089004639999
1100 0.02278218083592469
1101 0.02274126416482762
1102 0.02270422598317631
1103 0.02266497607662949
1104 0.02262942757743324
1105 0.02259177737960794
1106 0.02255779355246341
1107 0.02252417353297394
1108 0.02248825742792055
1109 0.02245597620079995
1110 0.02242400815482782
1111 0.02238979456081171
1112 0.02235918754649938
1113 0.02232889139940522
1114 0.0222964123023722
1115 0.02226729438979235
1116 0.02223830978192513
1117 0.02220958110229486
1118 0.02217871384807641
1119 0.02215089384522916
1120 0.02212271466645896
1121 0.02209457736512784
1122 0.02206656814278768
1123 0.02203611933575751
1124 0.02200863233586226
1125 0.02198112254083406
1126 0.02195361377303849
1127 0.02192584568430905
1128 0.02189559842520295
1129 0.02186794756870028
1130 0.02183967628313151
1131 0.02181085732838695
1132 0.02177958045283844
1133 0.02175122840480141
1134 0.02172234224453488
1135 0.0216929753918545
1136 0.02166083457188601
1137 0.02163132164474333
1138 0.02160123200999309
1139 0.02157040200640084
1140 0.02153661795147231
1141 0.02150523268369163
1142 0.02147309893116196
1143 0.02143769599562026
1144 0.02140489924957626
1145 0.02137148060819539
1146 0.02133517339624881
1147 0.02130128927296646
1148 0.02126663500949062
1149 0.02122873726104256
1150 0.02119311663222227
1151 0.0211542178438186
1152 0.02111784893180568
1153 0.02108100220026524
1154 0.02104102240952079
1155 0.02100372708177609
1156 0.02096327031628495
1157 0.02092537358308846
1158 0.02088404008690242
1159 0.0208452319342954
1160 0.02080320643265908
1161 0.02076379129392108
1162 0.02072113112337629
1163 0.02067885924287958
1164 0.02063922272342077
1165 0.02059667062830807
1166 0.02055458028282843
1167 0.02051498840334538
1168 0.02047237384540351
1169 0.02043041085240696
1170 0.02039099221737561
1171 0.02034835028414713
1172 0.02030607695839342
1173 0.02026642912348559
1174 0.02022397506646941
1175 0.02018227433308444
1176 0.02014367420178955
1177 0.02010243893900591
1178 0.02006436423977659
1179 0.02002368083295484
1180 0.01998603844569213
1181 0.01994572523601309
1182 0.01990854811973655
1183 0.01986883281223294
1184 0.01983247499076954
1185 0.01979366904732389
1186 0.01975832820087855
1187 0.01972066921584453
1188 0.01968650009704169
1189 0.01965019278213298
1190 0.01961703289026264
1191 0.01958401319183087
1192 0.01954873839456909
1193 0.0195167069629011
1194 0.01948498964892999
1195 0.01945138886596169
1196 0.01942105483637439
1197 0.01939084420562766
1198 0.01936111770336444
1199 0.01932958976981722
1200 0.01930141515137338
1201 0.01927358667948298
1202 0.01924593867275316
1203 0.01921877091230058
1204 0.01919225446209956
1205 0.01916592408196158
1206 0.01913789883465428
1207 0.0191129106936422
1208 0.01908835509872818
1209 0.01906422487988876
1210 0.0190404335176408
1211 0.01901687166934522
1212 0.01899359000552398
1213 0.01897065781119001
1214 0.01894808962830084
1215 0.01892573788098884
1216 0.01890337257241686
1217 0.01888133440751797
1218 0.01885977077312608
1219 0.01883843515722267
1220 0.01881734667363447
1221 0.01879639745299672
1222 0.01877554646638407
1223 0.01875469999006963
1224 0.01873407588720867
1225 0.01871347650831507
1226 0.01869273024385527
1227 0.01867203211215875
1228 0.01865139610097166
1229 0.01863078142671907
1230 0.01861020121956016
1231 0.01858948394340152
1232 0.01856843414259858
1233 0.01854728794128631
1234 0.01852608872398482
1235 0.01850488742937535
1236 0.01848362867735564
1237 0.01846222240647493
1238 0.01844050654989433
1239 0.01841862170710502
1240 0.01839663789665985
1241 0.01837430182010201
1242 0.01835189199945234
1243 0.01832894093551537
1244 0.0183057683626469
1245 0.01828245233327825
1246 0.01825912031012368
1247 0.0182355406575299
1248 0.01821164225698713
1249 0.01818735163642779
1250 0.01816303883062823
1251 0.01813878595154616
1252 0.01811420644357281
1253 0.01808927051730628
1254 0.01806402409201092
1255 0.01803663911837763
1256 0.01801124075804177
1257 0.01798564015780817
1258 0.01795981945245384
1259 0.01793393979806575
1260 0.01790781476533305
1261 0.01788173042066371
1262 0.01785547284647745
1263 0.01782711453031221
1264 0.01780073967298845
1265 0.01777433433272489
1266 0.01774797845590464
1267 0.01772161917459453
1268 0.01769500447573895
1269 0.01766643510437589
1270 0.01764017790480084
1271 0.0176136537119021
1272 0.01758687335113292
1273 0.01756039400303714
1274 0.0175320040427474
1275 0.01750581759480084
1276 0.01747965046513843
1277 0.01745171503911592
1278 0.01742603212017946
1279 0.01740054756207992
1280 0.01737307391023861
1281 0.01734822941308338
1282 0.01732370008050306
1283 0.01729742188773204
1284 0.01727334470652895
1285 0.01724903397906027
1286 0.01722308381708759
1287 0.01719936827590973
1288 0.01717580324768703
1289 0.0171507942660053
1290 0.01712798466550942
1291 0.01710547372385312
1292 0.01708149595814305
1293 0.0170597055354034
1294 0.01703664095374208
1295 0.01701557959135068
1296 0.01699436582542926
1297 0.016971922801979
1298 0.01695183993870081
1299 0.01693042561526232
1300 0.01691093545002634
1301 0.01689022026903776
1302 0.01687152048322605
1303 0.01685309657105846
1304 0.01683354738362081
1305 0.01681572830606777
1306 0.01679662430299762
1307 0.01677921557559071
1308 0.01676078107855307
1309 0.01674419624653733
1310 0.01672682698859121
1311 0.01671123633263042
1312 0.01669438425561232
1313 0.01667922274421571
1314 0.01666313199446095
1315 0.0166475128539584
1316 0.01663322086528387
1317 0.01661788016511969
1318 0.01660292937089612
1319 0.01658933056711558
1320 0.01657460032919618
1321 0.01656029554997058
1322 0.01654719491033472
1323 0.01653331145741097
1324 0.01651967073545075
1325 0.01650631903872428
1326 0.01649316592403047
1327 0.01648015986594837
1328 0.01646712110378628
1329 0.01645427091897776
1330 0.01644172484505283
1331 0.01642942281949435
1332 0.01641701232234782
1333 0.016404662205419
1334 0.01639245370186331
1335 0.01638032750876265
1336 0.01636812177142178
1337 0.01635585462325348
1338 0.01634345333734088
1339 0.01633104777800116
1340 0.01631878029900413
1341 0.0163063880946343
1342 0.01629407915288655
1343 0.0162818949551433
1344 0.01626964774136322
1345 0.01625715665681984
1346 0.01624476914527927
1347 0.01623213808834115
1348 0.01621952891768452
1349 0.01620682813209296
1350 0.01619402531998236
1351 0.0161813060283514
1352 0.01616866391554876
1353 0.01615590525876214
1354 0.01614301215304282
1355 0.01612995864195793
1356 0.01611687987861215
1357 0.0161035627294903
1358 0.01609015880822482
1359 0.01607672570040802
1360 0.01606315120035247
1361 0.01604949316640127
1362 0.0160359258782686
1363 0.01602236515310963
1364 0.01600891203154743
1365 0.01599549906221533
1366 0.0159819862473035
1367 0.0159684412432726
1368 0.01595477019896202
1369 0.01594111446904156
1370 0.01592733555231812
1371 0.01591332270984289
1372 0.01589935913063742
1373 0.01588553414028721
1374 0.01587178282460161
1375 0.01585823387223971
1376 0.01584468955695979
1377 0.0158313738487315
1378 0.0158181094287334
1379 0.01580488704001735
1380 0.01579142878357265
1381 0.01577797860651422
1382 0.0157645890242805
1383 0.01575129410045278
1384 0.01573815751564845
1385 0.01572524157346887
1386 0.01571251530596707
1387 0.01569978313187623
1388 0.01568723492057887
1389 0.01567476942347332
1390 0.01566221957597061
1391 0.0156498912821418
1392 0.01563776943949284
1393 0.01562583355494087
1394 0.01561422162677452
1395 0.0156027550502284
1396 0.01559139776433896
1397 0.01558034317289412
1398 0.01556921517658954
1399 0.01555825484346801
1400 0.01554760712384591
1401 0.01553721134065204
1402 0.01552686271835558
1403 0.01551674157112465
1404 0.01550673803390604
1405 0.01549715375743108
1406 0.01548770555608247
1407 0.01547828834922213
1408 0.01546906950879702
1409 0.01546023619622629
1410 0.01545160800601196
1411 0.01544309825321615
1412 0.01543472203861126
1413 0.01542657771602889
1414 0.01541849396110243
1415 0.01541056888091508
1416 0.01540295126243638
1417 0.01539562814768883
1418 0.01538833350287116
1419 0.01538099623472661
1420 0.01537385553952262
1421 0.01536677536411744
1422 0.01535996137294976
1423 0.01535332274951114
1424 0.01534683786240814
1425 0.01534075438594629
1426 0.01533495110717454
1427 0.01532925476075733
1428 0.01532360765456417
1429 0.01531791300491904
1430 0.015312362753005
1431 0.01530667244072187
1432 0.01530114173354506
1433 0.01529566472844947
1434 0.01529026884829447
1435 0.01528496493488528
1436 0.01527990086668586
1437 0.01527477817039811
1438 0.01526976896233727
1439 0.01526471374948309
1440 0.01525962706721564
1441 0.01525468041034178
1442 0.01524994733894239
1443 0.01524532785030912
1444 0.01524075489615943
1445 0.01523638559553354
1446 0.01523207533242818
1447 0.0152276850028032
1448 0.01522319038111686
1449 0.01521872285171276
1450 0.01521425935513936
1451 0.01520961264656534
1452 0.01520489247604569
1453 0.01520008151483393
1454 0.01519540306370531
1455 0.01519090194635574
1456 0.01518657020468853
1457 0.01518213315773501
1458 0.01517772199694731
1459 0.01517332626821826
1460 0.01516884270080017
1461 0.01516438906030538
1462 0.01516008540370423
1463 0.01515569027897382
1464 0.01515131449434524
1465 0.01514694609086081
1466 0.01514242470369511
1467 0.01513793061472979
1468 0.01513340193040121
1469 0.01512874801879444
1470 0.01512426113086507
1471 0.01511984767473584
1472 0.01511559521443995
1473 0.01511128182524729
1474 0.01510713631151895
1475 0.01510308688881385
1476 0.01509893320461163
1477 0.01509468662669948
1478 0.01509042574137715
1479 0.01508627097020806
1480 0.01508210909029398
1481 0.015077970400423
1482 0.0150738182834966
1483 0.0150698929735329
1484 0.01506598691307167
1485 0.0150621111517144
1486 0.01505847288790421
1487 0.01505486527947768
1488 0.01505127144280635
1489 0.01504774155458269
1490 0.01504433696192637
1491 0.01504106051886996
1492 0.01503799954502142
1493 0.0150348212340193
1494 0.01503156624077175
1495 0.01502832318873178
1496 0.01502511456919769
1497 0.01502226626485552
1498 0.01501974201867773
1499 0.01501739931604248
1500 0.01501510629232217
1501 0.01501299203183939
1502 0.01501090337193034
1503 0.01500895811563256
1504 0.01500689742143193
1505 0.01500474533181155
1506 0.01500280716004802
1507 0.01500122570249716
1508 0.01499989065233346
1509 0.0149986035447577
1510 0.01499746134502811
1511 0.01499629163474605
1512 0.01499533783010005
1513 0.01499451959275997
1514 0.0149935298432093
1515 0.01499273081871645
1516 0.01499196386356464
1517 0.01499145206151108
1518 0.01499127900516201
1519 0.0149913239548231
1520 0.01499140792645749
1521 0.01499165849431758
1522 0.01499191238654041
1523 0.0149920819425677
1524 0.01499218566477094
1525 0.0149925057804624
1526 0.01499292528368345
1527 0.01499359874547917
1528 0.01499430146204304
1529 0.01499504074799814
1530 0.01499596215599459
1531 0.01499698246892439
1532 0.01499813764946385
1533 0.01499937241766065
1534 0.0150005029799603
1535 0.01500173627782336
1536 0.01500305881636099
1537 0.01500448582826434
1538 0.01500593915913722
1539 0.01500753851563332
1540 0.01500908903139387
1541 0.01501074449867364
1542 0.01501258393062982
1543 0.01501444491118462
1544 0.01501623868614506
1545 0.01501799327397282
1546 0.0150196077474301
1547 0.01502144301602671
1548 0.01502347692695497
1549 0.01502560930203429
1550 0.01502762604661165
1551 0.01502971232670941
1552 0.0150317951185841
1553 0.01503402837017305
1554 0.01503619471352916
1555 0.01503832007667259
1556 0.01504036367481865
1557 0.01504252421002211
1558 0.01504480754532306
1559 0.01504726472268668
1560 0.01504956279943811
1561 0.01505179722035012
1562 0.01505402617416455
1563 0.01505625304135893
1564 0.01505872373052781
1565 0.01506122454150483
1566 0.01506356736570814
1567 0.01506592728529939
1568 0.01506849993714557
1569 0.01507106742285565
1570 0.01507360211723786
1571 0.01507614425450043
1572 0.01507850609107329
1573 0.01508088001937376
1574 0.01508336426175404
1575 0.01508589128390617
1576 0.01508838580232513
1577 0.01509095323737439
1578 0.01509342806283358
1579 0.01509602064706996
1580 0.01509895423067622
1581 0.01510174430709566
1582 0.01510434624230569
1583 0.01510691268100285
1584 0.01510966418949376
1585 0.01511226024917324
1586 0.01511513129217666
1587 0.01511798722568905
1588 0.01512088740235587
1589 0.01512364056080527
1590 0.01512681176849807
1591 0.01512982727352426
1592 0.01513272649219836
1593 0.01513580459101194
1594 0.01513869403729746
1595 0.01514200839964462
1596 0.01514530327009806
1597 0.01514850255100186
1598 0.0151516403104711
1599 0.01515503479086575
1600 0.01515849867299254
1601 0.01516207425599042
1602 0.01516563835106298
1603 0.01516932355858812
1604 0.01517304333241139
1605 0.01517674053241104
1606 0.01518061839826296
1607 0.01518452566963178
1608 0.01518834571241779
1609 0.01519221386326512
1610 0.01519609009074981
1611 0.01520032707875975
1612 0.01520468407993486
1613 0.01520918522083315
1614 0.01521363944795431
1615 0.01521813741230502
1616 0.01522275632256743
1617 0.01522732804358248
1618 0.01523204399110521
1619 0.01523685713427364
1620 0.01524151919032991
1621 0.0152465459714687
1622 0.0152514628180968
1623 0.01525623038957102
1624 0.01526097037052651
1625 0.01526624905572269
1626 0.01527150362969433
1627 0.0152770958335436
1628 0.01528211045877609
1629 0.01528749575681554
1630 0.01529260625816557
1631 0.01529818159606449
1632 0.01530381538591755
1633 0.01530948248880012
1634 0.01531475187830649
1635 0.01532074504951797
1636 0.0153267946214526
1637 0.01533282628938018
1638 0.01533845308403941
1639 0.01534445620841008
1640 0.0153504673755219
1641 0.01535609249708651
1642 0.01536216763279879
1643 0.0153680089175196
1644 0.01537425601113031
1645 0.01537989865808232
1646 0.01538606554722289
1647 0.01539245445888845
1648 0.01539834558145336
1649 0.01540477875445445
1650 0.01541126149676696
1651 0.01541758802285293
1652 0.01542359629955079
1653 0.01543013217840511
1654 0.01543655831756209
1655 0.01544272617129084
1656 0.0154489096604437
1657 0.01545514376406247
1658 0.01546126784893694
1659 0.01546754836723289
1660 0.01547428514070588
1661 0.01548082516222083
1662 0.0154871364263362
1663 0.01549374559421271
1664 0.01550022777209499
1665 0.01550632636802338
1666 0.01551289478082467
1667 0.01551924431544367
1668 0.01552565264139753
1669 0.01553166699694053
1670 0.01553840194471927
1671 0.01554444396830171
1672 0.0155512454890979
1673 0.01555743550794559
1674 0.01556416394785434
1675 0.01557111436918552
1676 0.01557766461181439
1677 0.0155841621995535
1678 0.01559010714867351
1679 0.01559684045214179
1680 0.01560354079022464
1681 0.01560997358628878
1682 0.01561693450052326
1683 0.01562387692770417
1684 0.01563029193487651
1685 0.01563726337461359
1686 0.01564350756569893
1687 0.0156502244670302
1688 0.01565631417435866
1689 0.01566331947673694
1690 0.01566997137740543
1691 0.01567716154212401
1692 0.01568419546794109
1693 0.01569119291635847
1694 0.01569781961722397
1695 0.01570501561309122
1696 0.01571211475517629
1697 0.01571910526396591
1698 0.01572612588860255
1699 0.01573314006569919
1700 0.0157397268887387
1701 0.01574698547724469
1702 0.01575417216733691
1703 0.01576050403075258
1704 0.01576778019344642
1705 0.01577483615090907
1706 0.01578247005932558
1707 0.01578953172811877
1708 0.01579687255570633
1709 0.01580368066724441
1710 0.0158112001655803
1711 0.01581874836136623
1712 0.01582634306274867
1713 0.01583391378643018
1714 0.01584165378625088
1715 0.01584926648455427
1716 0.01585680260247454
1717 0.01586422999282447
1718 0.01587172255518092
1719 0.01587914079253351
1720 0.01588666912256038
1721 0.01589450227136127
1722 0.01590224600622407
1723 0.01590936709142278
1724 0.01591722854368273
1725 0.01592504783195229
1726 0.01593290511889487
1727 0.01594025815559887
1728 0.01594849337363667
1729 0.01595661099273641
1730 0.01596428481529377
1731 0.01597245502429442
1732 0.01597981293881079
1733 0.01598784428350199
1734 0.01599525884442727
1735 0.01600346139104159
1736 0.01601138048988957
1737 0.01601996539870305
1738 0.01602762463488535
1739 0.01603583327365258
1740 0.01604351110372215
1741 0.01605135357970456
1742 0.01606007701408878
1743 0.01606813528561723
1744 0.01607601719545345
1745 0.01608458569378093
1746 0.01609255358058795
1747 0.01610035128184883
1748 0.01610869635682972
1749 0.01611612506703453
1750 0.01612386537649561
1751 0.01613256721972324
1752 0.01614059206856468
1753 0.01614941203008379
1754 0.0161574660134513
1755 0.0161661477781373
1756 0.01617411725672039
1757 0.01618274155372288
1758 0.01619047542038926
1759 0.01619887813525181
1760 0.01620662498387553
1761 0.01621516166102516
1762 0.01622295176756481
1763 0.01623138332626425
1764 0.01623924164568565
1765 0.0162478614556649
1766 0.01625572173370149
1767 0.01626434831890843
1768 0.016272154084661
1769 0.01628075460967777
1770 0.01628847903728858
1771 0.01629692424111149
1772 0.01630456472943563
1773 0.01631315181830996
1774 0.0163210650248622
1775 0.01632932930476142
1776 0.01633681227284635
1777 0.01634505237036603
1778 0.01635262751114162
1779 0.01636138600305282
1780 0.0163696920712108
1781 0.01637782069552716
1782 0.01638535751148113
1783 0.0163936198210109
1784 0.01640176347516799
1785 0.01640929362931325
1786 0.01641707309149519
1787 0.01642492655572964
1788 0.01643242302732824
1789 0.01644055863293613
1790 0.01644881898982954
1791 0.01645713819246486
1792 0.01646473761358023
1793 0.01647308400425065
1794 0.01648109081539014
1795 0.01648896876300741
1796 0.01649692321471429
1797 0.01650444220526953
1798 0.01651248067170659
1799 0.01652046781776729
1800 0.01652819229409391
1801 0.01653603391051651
1802 0.0165440070818134
1803 0.01655160048448293
1804 0.01655986120743287
1805 0.01656767973439604
1806 0.01657538066314778
1807 0.01658317589467001
1808 0.01659093081027687
1809 0.01659858810225499
1810 0.01660641564265767
1811 0.01661439124341723
1812 0.01662216671209241
1813 0.01663014930449037
1814 0.01663803259450611
1815 0.01664584960672113
1816 0.01665334392019704
1817 0.01666096476316278
1818 0.01666884864514
1819 0.01667701879136818
1820 0.01668506947591811
1821 0.01669303541139498
1822 0.01670087833238818
1823 0.01670867730317401
1824 0.01671663775410101
1825 0.01672435995682522
1826 0.01673206207432483
1827 0.01673987083225811
1828 0.01674776241643472
1829 0.01675573662825306
1830 0.01676360826936192
1831 0.01677142632398562
1832 0.01677916444275852
1833 0.01678684923416327
1834 0.01679451392149085
1835 0.01680232966886436
1836 0.01681033739086907
1837 0.01681825294183165
1838 0.01682612454740692
1839 0.01683387646195231
1840 0.01684164571549424
1841 0.01684902629713958
1842 0.01685667311809666
1843 0.01686454582853443
1844 0.0168723264880553
1845 0.01687992917123641
1846 0.01688759734355134
1847 0.01689555009482003
1848 0.016903587077963
1849 0.01691157410727954
1850 0.0169192156673568
1851 0.01692665068409429
1852 0.01693409641745823
1853 0.01694172178733071
1854 0.01694944756685536
1855 0.01695698998732496
1856 0.01696428449486136
1857 0.01697161135880853
1858 0.01697899763780554
1859 0.01698653583017677
1860 0.01699408226031021
1861 0.0170016214810385
1862 0.01700922166592261
1863 0.01701681613031649
1864 0.01702433626296108
1865 0.01703170404980661
1866 0.01703899882665482
1867 0.01704631600024386
1868 0.01705358613988321
1869 0.01706078671242597
1870 0.01706791446147041
1871 0.01707492016976144
1872 0.01708230915793178
1873 0.01708981408397138
1874 0.01709721055825244
1875 0.01710438800455712
1876 0.01711135981167234
1877 0.01711838017573117
1878 0.01712565365778241
1879 0.01713293351269596
1880 0.01714026358072419
1881 0.01714719879902854
1882 0.01715382425989945
1883 0.01716037808475683
1884 0.01716703896006976
1885 0.01717398029229754
1886 0.01718125751580213
1887 0.01718836652652587
1888 0.01719534292489896
1889 0.01720225443126474
1890 0.01720898462600562
1891 0.01721562761269152
1892 0.01722232742863796
1893 0.01722881244780673
1894 0.01723514132147198
1895 0.01724163005907741
1896 0.01724829761367148
1897 0.0172550289882388
1898 0.01726157036504532
1899 0.0172680649198896
1900 0.01727472722619512
1901 0.01728128094149779
1902 0.01728793735721248
1903 0.01729433546146085
1904 0.01730061468769466
1905 0.01730665582901834
1906 0.01731289619557426
1907 0.01731913087025297
1908 0.01732546527497752
1909 0.01733192669479981
1910 0.0173382122453248
1911 0.01734461142059609
1912 0.01735092823557996
1913 0.01735717734670973
1914 0.01736325194469613
1915 0.0173692638265931
1916 0.01737523233090005
1917 0.01738123818920724
1918 0.01738708419901864
1919 0.01739282287138207
1920 0.01739873425613742
1921 0.0174050839784531
1922 0.0174113753086962
1923 0.01741756331260041
1924 0.01742379149864603
1925 0.01742980972305514
1926 0.01743535710773377
1927 0.01744089055639337
1928 0.01744655191426326
1929 0.01745234224864834
1930 0.01745808360978044
1931 0.0174637588589958
1932 0.01746938512741116
1933 0.01747512569785367
1934 0.01748094837689813
1935 0.01748669848510824
1936 0.01749246217714443
1937 0.01749803647781749
1938 0.0175036317101051
1939 0.01750910322817064
1940 0.01751429627709509
1941 0.0175196093142642
1942 0.01752528371622262
1943 0.01753088795131009
1944 0.01753656640557038
1945 0.01754219774074273
1946 0.01754775946272906
1947 0.01755308845018676
1948 0.01755852532309136
1949 0.01756394344843747
1950 0.01756933618712294
1951 0.0175745465450765
1952 0.01757955266962692
1953 0.0175844509677003
1954 0.01758911952960541
1955 0.01759399017826546
1956 0.01759893780243936
1957 0.01760431614101262
1958 0.01760981256618261
1959 0.01761502577832652
1960 0.01761992973601586
1961 0.01762480639115052
1962 0.01762990861231246
1963 0.01763484847808558
1964 0.01763970246606375
1965 0.01764459038897643
1966 0.01764936211740679
1967 0.01765387735770971
1968 0.01765825639260654
1969 0.01766281363264133
1970 0.01766743009470563
1971 0.01767220428538193
1972 0.01767688653672394
1973 0.01768148186440938
1974 0.01768588053636831
1975 0.01769002601188625
1976 0.01769417996733648
1977 0.01769836146902197
1978 0.01770279930218323
1979 0.01770719970613881
1980 0.01771149949870108
1981 0.01771569801226671
1982 0.0177199634985231
1983 0.0177244433720817
1984 0.01772897765224047
1985 0.01773354519265978
1986 0.0177374360045492
1987 0.01774134073962067
1988 0.01774483502315879
1989 0.01774836860544248
1990 0.01775207993138295
1991 0.01775594375204596
1992 0.01775995204281207
1993 0.01776395250177207
1994 0.01776784610204214
1995 0.01777177061042956
1996 0.01777546457747406
1997 0.01777902611558297
1998 0.01778270988150468
1999 0.01778634527238465
2000 0.01778993218698323
2001 0.01779342869774076
2002 0.01779680392211469
2003 0.01780035880635524
2004 0.01780378169911122
2005 0.01780735112422211
2006 0.01781084636993335
2007 0.01781426000561124
2008 0.01781759638010083
2009 0.01782033091299246
2010 0.01782371358134079
2011 0.01782701931735053
2012 0.01783021810896319
2013 0.01783335069731676
2014 0.01783650798442739
2015 0.01784005550532165
2016 0.01784311775569377
2017 0.01784571948318936
2018 0.01784797433644998
2019 0.01785093745392927
2020 0.01785429257728244
2021 0.01785778050069834
2022 0.01786126591522896
2023 0.0178645646881054
2024 0.01786712434209477
2025 0.01786994405691839
2026 0.0178722998228444
2027 0.01787480010073425
2028 0.01787726650739959
2029 0.01787964322835384
2030 0.01788183628709001
2031 0.01788456340913624
2032 0.0178875082183245
2033 0.01789011193824406
2034 0.01789280690551994
2035 0.01789534462593998
2036 0.01789753435052809
2037 0.01790017540394254
2038 0.01790261298753939
2039 0.01790518815360394
2040 0.01790745987927549
2041 0.0179097548917565
2042 0.01791166764558469
2043 0.01791370165333669
2044 0.0179155563572931
2045 0.01791795733683714
2046 0.01792002849725053
2047 0.01792254110928901
2048 0.01792491455105167
2049 0.01792661478201353
2050 0.01792821914976716
2051 0.0179295677819981
2052 0.0179315277518261
2053 0.01793349109267072
2054 0.01793585789942423
2055 0.0179380525156921
2056 0.01793979943465512
2057 0.01794156801796662
2058 0.01794297714891037
2059 0.01794470047602997
2060 0.01794590128191816
2061 0.01794749138932207
2062 0.01794889503157581
2063 0.01795073887553781
2064 0.01795229987417917
2065 0.01795384932357887
2066 0.01795519721330638
2067 0.01795696086492168
2068 0.01795815794320172
2069 0.01795964675595803
2070 0.01796077425910185
2071 0.01796229985871098
2072 0.01796371381365758
2073 0.0179651247694756
2074 0.01796642079508317
2075 0.0179677429589553
2076 0.01796884574962747
2077 0.01796955458106559
2078 0.01796996466816011
2079 0.0179707991084182
2080 0.01797126127465937
2081 0.01797223449253692
2082 0.01797381905141371
2083 0.01797542484304937
2084 0.01797653408457786
2085 0.01797760403960569
2086 0.01797848560379291
2087 0.01797914269320201
2088 0.01797959923326441
2089 0.01797970112786803
2090 0.01798026270245264
2091 0.01798075995000571
2092 0.01798178624193692
2093 0.01798259354310877
2094 0.01798331724583344
2095 0.01798384921771699
2096 0.01798417990191192
2097 0.01798460887030566
2098 0.01798519230404203
2099 0.01798539652634417
2100 0.01798556762977469
2101 0.01798549141854841
2102 0.01798567674201805
2103 0.01798581505218
2104 0.01798624934523261
2105 0.01798687831390662
2106 0.01798708403777641
2107 0.01798674026024388
2108 0.01798648932957129
2109 0.01798658887785701
2110 0.0179867861010267
2111 0.01798669652950734
2112 0.0179864618759494
2113 0.01798619053900735
2114 0.01798596243252737
2115 0.01798562822678626
2116 0.01798560428826136
2117 0.01798576252818152
2118 0.01798574368993973
2119 0.01798548323245865
2120 0.01798533059041181
2121 0.01798501454687692
2122 0.01798451011211289
2123 0.01798383158237657
2124 0.01798350086707051
2125 0.01798291246749967
2126 0.01798255232318826
2127 0.01798204775573904
2128 0.01798160023198615
2129 0.01798144705165778
2130 0.01798118974357107
2131 0.01798070398172795
2132 0.01797981250435044
2133 0.0179789204975064
2134 0.01797832753591926
2135 0.01797761521053869
2136 0.01797701863071463
2137 0.01797654304920815
2138 0.01797603565941391
2139 0.01797543178812915
2140 0.01797478055686582
2141 0.01797414199715721
2142 0.01797352494076395
2143 0.01797252336732937
2144 0.01797115663602071
2145 0.01796987986930354
2146 0.01796877871600238
2147 0.01796787845646428
2148 0.01796718230216716
2149 0.01796634153721694
2150 0.01796520931142507
2151 0.01796387374307965
2152 0.01796277775773906
2153 0.01796193548037276
2154 0.01796107451631294
2155 0.01796022273547471
2156 0.01795929629881378
2157 0.01795829607145442
2158 0.01795715060531752
2159 0.01795583144388142
2160 0.0179543980621211
2161 0.01795275399821853
2162 0.01795101526335792
2163 0.01794910360683351
2164 0.01794738094172529
2165 0.01794591284294619
2166 0.01794483794894708
2167 0.01794359271684586
2168 0.01794207793726108
2169 0.01794046163481803
2170 0.01793855305751594
2171 0.01793674044138555
2172 0.01793491852494151
2173 0.01793316625685995
2174 0.01793151233432689
2175 0.01792986485252262
2176 0.01792806689299917
2177 0.01792614538474427
2178 0.01792434833725554
2179 0.01792223955837003
2180 0.01792003283518381
2181 0.01791776463776394
2182 0.01791524075684185
2183 0.01791309082336866
2184 0.01791120649612505
2185 0.01790943665638202
2186 0.01790772407878017
2187 0.01790571326570959
2188 0.01790332199796527
2189 0.01790096230112173
2190 0.01789865741017695
2191 0.01789639282742933
2192 0.01789394541615279
2193 0.01789180957885147
2194 0.01788993518286704
2195 0.01788799526180734
2196 0.01788580423795903
2197 0.01788353030787568
2198 0.01788123785401306
2199 0.01787885896783206
2200 0.01787615936526944
2201 0.01787352490812151
2202 0.01787101647753306
2203 0.01786877348344542
2204 0.01786658259252711
2205 0.01786457325566808
2206 0.01786245643676087
2207 0.01786024174244127
2208 0.01785759434466062
2209 0.01785492679285865
2210 0.01785229647501506
2211 0.01784963457022882
2212 0.01784677345830288
2213 0.0178436715246634
2214 0.01784111146478494
2215 0.01783885572898291
2216 0.01783662039616191
2217 0.01783437581340416
2218 0.01783208476941841
2219 0.01782957703302847
2220 0.01782674613640846
2221 0.01782372707128372
2222 0.01782043487422776
2223 0.01781739601943912
2224 0.01781463574864612
2225 0.01781191674465379
2226 0.01780909951328057
2227 0.01780572458217338
2228 0.01780280580617758
2229 0.01779954029423286
2230 0.01779672126334706
2231 0.01779345381582423
2232 0.01779049460566689
2233 0.0177877713040875
2234 0.01778488015478402
2235 0.01778202023034688
2236 0.01777906188438873
2237 0.01777618239493283
2238 0.0177728305979381
2239 0.01776957780596243
2240 0.01776625367305782
2241 0.01776315836308173
2242 0.01776016751908828
2243 0.01775752815747954
2244 0.01775479742089439
2245 0.01775133190078336
2246 0.0177481557943761
2247 0.01774483464823541
2248 0.0177414725856733
2249 0.01773810053513981
2250 0.0177350077472728
2251 0.01773172833465329
2252 0.01772849460741789
2253 0.01772552862006685
2254 0.01772291294282744
2255 0.01772034877416703
2256 0.01771754754439287
2257 0.01771429465249454
2258 0.01771060873186378
2259 0.01770681067797272
2260 0.01770312673561962
2261 0.017699718863129
2262 0.01769628244842649
2263 0.01769303313559428
2264 0.01768945233375569
2265 0.01768583525705647
2266 0.0176823109265644
2267 0.01767905695344123
2268 0.01767590233518208
2269 0.01767287510159706
2270 0.01766993631583008
2271 0.01766725815333925
2272 0.01766393702269125
2273 0.01766047234833704
2274 0.01765667511469191
2275 0.0176527328911813
2276 0.01764819748688581
2277 0.01764403791678223
2278 0.01764018551826839
2279 0.0176366037426885
2280 0.01763351644661614
2281 0.01763026627982054
2282 0.01762692610739396
2283 0.01762317552829152
2284 0.01761914879231964
2285 0.01761524006610679
2286 0.0176116510757807
2287 0.01760808494958204
2288 0.01760387828062802
2289 0.01759980864760167
2290 0.01759572891645396
2291 0.01759212770423625
2292 0.01758844250494927
2293 0.01758486723803161
2294 0.01758052399639592
2295 0.01757647450091516
2296 0.01757215593322294
2297 0.01756803982914036
2298 0.01756412029537544
2299 0.01756021843023688
2300 0.01755648484966966
2301 0.01755268865297945
2302 0.0175490439821939
2303 0.01754503708231581
2304 0.01754105753430253
2305 0.01753696793325177
2306 0.01753221568016512
2307 0.01752801759626114
2308 0.01752403680589725
2309 0.01752004783658823
2310 0.01751621729000737
2311 0.01751217173790651
2312 0.0175079153804853
2313 0.01750377507976151
2314 0.017499512228569
2315 0.01749534863258723
2316 0.01749170485625137
2317 0.01748796462143314
2318 0.01748467988419231
2319 0.01748132528400399
2320 0.01747769563713075
2321 0.01747312290067031
2322 0.01746839892400091
2323 0.01746354101031306
2324 0.01745868578005727
2325 0.017454369874301
2326 0.01745023936176456
2327 0.01744658202647076
2328 0.0174432408386213
2329 0.01743987994224553
2330 0.01743633596362234
2331 0.01743255450949576
2332 0.01742833263997173
2333 0.0174237410574667
2334 0.01741940704289465
2335 0.01741510085308181
2336 0.01741095618701099
2337 0.01740694239019548
2338 0.01740272418835227
2339 0.01739827451093393
2340 0.01739403366859186
2341 0.01738987305588655
2342 0.01738582418524031
2343 0.01738166833561033
2344 0.01737793569308893
2345 0.01737388765502388
2346 0.01736990492307998
2347 0.01736571404545772
2348 0.01736158439079255
2349 0.01735745334816238
2350 0.01735323337914858
2351 0.01734918749399064
2352 0.01734494653974601
2353 0.01734057458997073
2354 0.01733582485867321
2355 0.01733168879260268
2356 0.01732789784565337
2357 0.01732419048746697
2358 0.01732020924489365
2359 0.01731602881393686
2360 0.01731131652930094
2361 0.01730665113664707
2362 0.01730213357045068
2363 0.01729720392087094
2364 0.01729283132450088
2365 0.01728862768286408
2366 0.0172847069039916
2367 0.01728079447885758
2368 0.01727678017177985
2369 0.01727230024512724
2370 0.01726744255629158
2371 0.01726258043155864
2372 0.01725776720133955
2373 0.01725338555323203
2374 0.01724916202783683
2375 0.01724501777415806
2376 0.01724081975180202
2377 0.0172366588591237
2378 0.01723246160915836
2379 0.01722768477575343
2380 0.01722355897963096
2381 0.01721935126676271
2382 0.01721493643744374
2383 0.0172104096355772
2384 0.01720579786205141
2385 0.01720098983436073
2386 0.01719599652519692
2387 0.01719116404243705
2388 0.01718704098038164
2389 0.01718304013955786
2390 0.01717886311089189
2391 0.01717523157168653
2392 0.01717144010265609
2393 0.01716700379718645
2394 0.01716221015891683
2395 0.01715746608336535
2396 0.01715282577800391
2397 0.01714835943614979
2398 0.01714369916183179
2399 0.01713954075569788
2400 0.01713537934436961
2401 0.0171307791835864
2402 0.01712619998993313
2403 0.01712186938256248
2404 0.01711774270995657
2405 0.01711396330337948
2406 0.01710943852581925
2407 0.0171049783233535
2408 0.01710014945861928
2409 0.01709515494760127
2410 0.01709041599065752
2411 0.0170861502364397
2412 0.01708217942080281
2413 0.01707833027735678
2414 0.01707373797194706
2415 0.01706950954836985
2416 0.01706512245921792
2417 0.01706077947557891
2418 0.01705602076709082
2419 0.01705167384676264
2420 0.01704695114391989
2421 0.01704229436008656
2422 0.01703759559032144
2423 0.0170328713797565
2424 0.0170283137456232
2425 0.01702421399282587
2426 0.01702004245366675
2427 0.0170152213761689
2428 0.01701109887923394
2429 0.01700679592898226
2430 0.01700271388222129
2431 0.01699873773566604
2432 0.01699409751831709
2433 0.01698935005416418
2434 0.01698453262113703
2435 0.01697961794571935
2436 0.01697457154722662
2437 0.01697054618889275
2438 0.01696631828907812
2439 0.01696245494615172
2440 0.01695857763578115
2441 0.01695434350623267
2442 0.01694991989407593
2443 0.01694516129421176
2444 0.01694049915290135
2445 0.01693629482331265
2446 0.01693247979447598
2447 0.01692829824895667
2448 0.0169236352093675
2449 0.01691899167068894
2450 0.01691402087021397
2451 0.01690986655329475
2452 0.01690552186053803
2453 0.01690098048656437
2454 0.01689684395445565
2455 0.01689313964962017
2456 0.01688875111791712
2457 0.01688498664525152
2458 0.01688089454501989
2459 0.01687606583980854
2460 0.01687159822457943
2461 0.01686670041866907
2462 0.01686221046818146
2463 0.01685821191848174
2464 0.01685393933594464
2465 0.01684998951646186
2466 0.01684582299109029
2467 0.01684189508717281
2468 0.01683780834967598
2469 0.01683341894261903
2470 0.01682870316928775
2471 0.0168243207277806
2472 0.01681991420169866
2473 0.01681559175231756
2474 0.01681146183794689
2475 0.01680716215250668
2476 0.01680329036645225
2477 0.01679923330116445
2478 0.01679506349935006
2479 0.01679088975131825
2480 0.01678665164738652
2481 0.01678226255701275
2482 0.0167778065707367
2483 0.01677287228463521
2484 0.01676824924469615
2485 0.01676384189131516
2486 0.01675931838391328
2487 0.01675549516267948
2488 0.0167516472251757
2489 0.01674724398082456
2490 0.01674343972725088
2491 0.01673920878867782
2492 0.01673506286888898
2493 0.01673085851891954
2494 0.01672660090956774
2495 0.01672239561409792
2496 0.01671781943925648
2497 0.01671296165271673
2498 0.01670824291078023
2499 0.0167041999849409
2500 0.01670010688960658
2501 0.01669569972286644
2502 0.01669128424430848
2503 0.01668657754307534
2504 0.01668266053743306
2505 0.01667888179179917
2506 0.01667475868976932
2507 0.01667087028454615
2508 0.01666654709407504
2509 0.01666182355524359
2510 0.01665707815581835
2511 0.01665249185665365
2512 0.01664868225266836
2513 0.01664491681719627
2514 0.01664075025286795
2515 0.01663630552061477
2516 0.01663205858708126
2517 0.01662828724448701
2518 0.01662454323194577
2519 0.01662051016645048
2520 0.01661601865438754
2521 0.01661129726095172
2522 0.01660650646242086
2523 0.01660208622836407
2524 0.01659821467230869
2525 0.01659451082394844
2526 0.01659077383792587
2527 0.01658664482164138
2528 0.01658241545596496
2529 0.01657815978702909
2530 0.01657401511967942
2531 0.01656993316738442
2532 0.01656608394732507
2533 0.01656229591429946
2534 0.01655823556816039
2535 0.01655378810008885
2536 0.01654952397564557
2537 0.01654519058688609
2538 0.01654097217992126
2539 0.01653696560916626
2540 0.01653302817774683
2541 0.0165292099426033
2542 0.01652568053990874
2543 0.01652211238893536
2544 0.01651839326461842
2545 0.01651423589448415
2546 0.01651008280614221
2547 0.01650569259493163
2548 0.01650124330077771
2549 0.01649711741125837
2550 0.01649321392580092
2551 0.01648968750177079
2552 0.01648612269275199
2553 0.01648235398527105
2554 0.01647800933107008
2555 0.01647381956353138
2556 0.01646984032179543
2557 0.01646578061495758
2558 0.01646181201830764
2559 0.01645826125930316
2560 0.01645459334118598
2561 0.01645080283511313
2562 0.01644683666764706
2563 0.01644255227455693
2564 0.01643844268378434
2565 0.01643446531215575
2566 0.01643065436508667
2567 0.01642694018847446
2568 0.01642312361578475
2569 0.01641928687784035
2570 0.01641550342276452
2571 0.01641148397056172
2572 0.01640714169964368
2573 0.01640282718036421
2574 0.01639863036587514
2575 0.01639455436935067
2576 0.01639088484746432
2577 0.01638750734459944
2578 0.01638432771828409
2579 0.01638081854225139
2580 0.01637686706306233
2581 0.01637261256345669
2582 0.01636831586740572
2583 0.01636412634259717
2584 0.01635961648781717
2585 0.0163553345290169
2586 0.01635150938968646
2587 0.01634831578419241
2588 0.01634499665361813
2589 0.01634160540936461
2590 0.01633798646132581
2591 0.01633395081367509
2592 0.01632989983403872
2593 0.01632567998284787
2594 0.01632152039231753
2595 0.01631772005204254
2596 0.0163138585590584
2597 0.01631002993967056
2598 0.0163065164753302
2599 0.01630291536015816
2600 0.01629905225231516
2601 0.01629509338136961
2602 0.01629117553758762
2603 0.01628720880696026
2604 0.01628354748887996
2605 0.01628007636008911
2606 0.01627661043834966
2607 0.01627315425265711
2608 0.01626951569724694
2609 0.0162655799890601
2610 0.01626144176397185
2611 0.01625738372200934
2612 0.01625321907994897
2613 0.0162490221535377
2614 0.01624520816346787
2615 0.01624196072779097
2616 0.01623860988842318
2617 0.01623557801868376
2618 0.01623228561996802
2619 0.01622856075463603
2620 0.0162243920953919
2621 0.01622019020715827
2622 0.01621596385094375
2623 0.01621171128708304
2624 0.01620796601511065
2625 0.01620466842149144
2626 0.01620166774849435
2627 0.01619835076434009
2628 0.01619461994860326
2629 0.01619107592798223
2630 0.0161874904543622
2631 0.01618347421387899
2632 0.01617931133792023
2633 0.01617551106665184
2634 0.01617188709105524
2635 0.01616830187842689
2636 0.01616488766333312
2637 0.0161616519408268
2638 0.01615845612414147
2639 0.01615503687292181
2640 0.01615138010554923
2641 0.0161475078991393
2642 0.01614367116980827
2643 0.01613993280934422
2644 0.01613625915012584
2645 0.01613259126521078
2646 0.0161288849422043
2647 0.01612510496321584
2648 0.01612139624509512
2649 0.01611778599269835
2650 0.01611436402218315
2651 0.0161108666378876
2652 0.01610748562380054
2653 0.01610404513482129
2654 0.01610052763353415
2655 0.01609706452810706
2656 0.01609356447216698
2657 0.01608982857970908
2658 0.01608608745926515
2659 0.01608223818007923
2660 0.01607847990341423
2661 0.01607500650849296
2662 0.01607179493731449
2663 0.01606852805981809
2664 0.01606548929457327
2665 0.01606233976313487
2666 0.01605892973998913
2667 0.01605552583347869
2668 0.01605188273832251
2669 0.01604818499512519
2670 0.01604448332090281
2671 0.01604122024473622
2672 0.01603781201557782
2673 0.01603412775525084
2674 0.01603043592819273
2675 0.01602701833363815
2676 0.0160235816825016
2677 0.01602011081455392
2678 0.01601662096089219
2679 0.01601335252024127
2680 0.01601031881539655
2681 0.01600724611154777
2682 0.01600401919614718
2683 0.01600055860731731
2684 0.0159971833732507
2685 0.01599364331260186
2686 0.01598991043900949
2687 0.01598600113991629
2688 0.0159822469569325
2689 0.01597880833715526
2690 0.01597545684586085
2691 0.01597223936558245
2692 0.0159688673963925
2693 0.01596545142863589
2694 0.01596214832830871
2695 0.01595881574634215
2696 0.01595558620071361
2697 0.01595265965314796
2698 0.01594940307992453
2699 0.01594586077745943
2700 0.01594208365271336
2701 0.01593833879100781
2702 0.01593496825408834
2703 0.01593188204493819
2704 0.01592832795496817
2705 0.01592464557564665
2706 0.01592130538564652
2707 0.01591810088471018
2708 0.01591495274255073
2709 0.01591199925072551
2710 0.01590881382925064
2711 0.01590506813395356
2712 0.01590108415666849
2713 0.01589734466863563
2714 0.01589398371290419
2715 0.01589097431604082
2716 0.01588818943654937
2717 0.01588515510187961
2718 0.01588189372985364
2719 0.01587852208703179
2720 0.01587493906391457
2721 0.01587113583149826
2722 0.01586745984229771
2723 0.0158638789403246
2724 0.01586046259110398
2725 0.0158573356729335
2726 0.0158545009607584
2727 0.0158517412982554
2728 0.01584845686258047
2729 0.0158450388782687
2730 0.01584165975197914
2731 0.01583800983301728
2732 0.01583442293251149
2733 0.01583128808811316
2734 0.01582800169254308
2735 0.01582475631101405
2736 0.01582165296107809
2737 0.01581829874184536
2738 0.01581505223943638
2739 0.01581185242551012
2740 0.01580861663760554
2741 0.01580515077285538
2742 0.01580163441627896
2743 0.0157985362608506
2744 0.0157956730640338
2745 0.01579251510205008
2746 0.01578929743280794
2747 0.01578582773816721
2748 0.01578200458300051
2749 0.01577877485483583
2750 0.01577551980901813
2751 0.01577211362340687
2752 0.01576923640410704
2753 0.01576672167384399
2754 0.01576395252309897
2755 0.0157610154659031
2756 0.01575788876560291
2757 0.01575436769727078
2758 0.01575072969172342
2759 0.01574712727678613
2760 0.01574375465369787
2761 0.01574049229453456
2762 0.01573725719552649
2763 0.01573417399658926
2764 0.01573104905496792
2765 0.01572799295986933
2766 0.01572485721438199
2767 0.01572185767401746
2768 0.0157188102778483
2769 0.01571563698118135
2770 0.01571252083104881
2771 0.01570948396968444
2772 0.01570649584460959
2773 0.01570339751872739
2774 0.01570013580666354
2775 0.0156966272913171
2776 0.01569319432988279
2777 0.01568991880892048
2778 0.0156861939838205
2779 0.0156827748276362
2780 0.01567956228967917
2781 0.01567695651730747
2782 0.01567474053020777
2783 0.01567238802203943
2784 0.01566958899191129
2785 0.01566614036245091
2786 0.01566243109753716
2787 0.01565876218246173
2788 0.0156551199009479
2789 0.01565140155938869
2790 0.01564830899427349
2791 0.01564543444926014
2792 0.01564278923619661
2793 0.0156399722383273
2794 0.01563714214984056
2795 0.01563430439675691
2796 0.01563111452637235
2797 0.01562775797623531
2798 0.01562415977100701
2799 0.01562029347406103
2800 0.015616581514884
2801 0.01561369254720448
2802 0.0156113401107318
2803 0.01560896772516948
2804 0.01560645929479982
2805 0.0156033451385298
2806 0.01560000818771727
2807 0.01559663905755541
2808 0.0155934316874677
2809 0.01559010091082695
2810 0.01558669082993664
2811 0.01558316611298044
2812 0.01558004851392123
2813 0.01557706082480892
2814 0.01557421658877954
2815 0.01557139114979548
2816 0.0155688377870163
2817 0.01556596439279964
2818 0.01556294504561773
2819 0.01555991204432179
2820 0.01555680214146184
2821 0.01555365796544394
2822 0.01555018360419695
2823 0.01554661490368972
2824 0.01554312211638704
2825 0.0155396450491858
2826 0.01553673822542116
2827 0.01553372255053992
2828 0.01553092587271458
2829 0.01552835579168234
2830 0.01552558055619503
2831 0.01552312971030513
2832 0.01552066630690827
2833 0.01551778875862682
2834 0.01551430541107393
2835 0.01551074664542241
2836 0.01550692803324759
2837 0.01550344347704921
2838 0.01550001790942344
2839 0.01549727235009227
2840 0.01549481632754581
2841 0.01549210209479207
2842 0.01548945798817747
2843 0.01548640590460685
2844 0.01548333450125415
2845 0.01548041191656297
2846 0.01547731395541598
2847 0.0154739691010792
2848 0.01547071290975997
2849 0.01546771507688593
2850 0.01546472107555613
2851 0.01546183204491293
2852 0.01545892939617207
2853 0.01545605420676328
2854 0.01545327790539472
2855 0.01545011103791474
2856 0.01544672282573003
2857 0.01544372071389759
2858 0.01544076139029744
2859 0.01543769845788792
2860 0.0154343112494125
2861 0.01543108729272252
2862 0.01542818930081335
2863 0.01542571164643166
2864 0.01542352222089484
2865 0.01542123503167415
2866 0.01541831789770555
2867 0.01541518014599837
2868 0.01541188909920677
2869 0.01540848940478189
2870 0.01540525857807667
2871 0.01540189214500723
2872 0.01539843262897968
2873 0.01539515933572982
2874 0.01539201935382456
2875 0.0153891091209391
2876 0.01538674418678678
2877 0.01538460814077581
2878 0.01538252273593632
2879 0.01538008716758619
2880 0.01537712428905193
2881 0.01537371480304767
2882 0.01536988926638789
2883 0.0153663329027008
2884 0.01536313190422152
2885 0.01536050429225203
2886 0.01535780362965304
2887 0.01535485266076793
2888 0.01535199112119179
2889 0.015349300407639
2890 0.01534642821902354
2891 0.01534366519760571
2892 0.01534056801542195
2893 0.01533764811856348
2894 0.01533458381011668
2895 0.01533159914151027
2896 0.01532853319794755
2897 0.01532571058047806
2898 0.01532298686582332
2899 0.01532016903005023
2900 0.01531729892093627
2901 0.01531431704395583
2902 0.01531122489399516
2903 0.01530811384015477
2904 0.0153051860968512
2905 0.0153025742277912
2906 0.01529975673341498
2907 0.01529679759489171
2908 0.01529383202724627
2909 0.01529102652182473
2910 0.01528830660766169
2911 0.01528552759336812
2912 0.0152825086441832
2913 0.01527938422098603
2914 0.01527637384603923
2915 0.01527357747124621
2916 0.01527101783441348
2917 0.01526859906557572
2918 0.01526596594180261
2919 0.01526297072482698
2920 0.01525948869940893
2921 0.01525583186473106
2922 0.0152522814657574
2923 0.01524926408399786
2924 0.01524693425709672
2925 0.01524479350404685
2926 0.01524274913667918
2927 0.01524052969158053
2928 0.01523776810989605
2929 0.01523476651058729
2930 0.0152313942463649
2931 0.01522793805086122
2932 0.01522464236866346
2933 0.01522136157604036
2934 0.0152182053032401
2935 0.01521561454536076
2936 0.01521336576363088
2937 0.01521070417518428
2938 0.01520778187308488
2939 0.01520481674443162
2940 0.01520215885245759
2941 0.01519960282322929
2942 0.01519679725166518
2943 0.01519381503821708
2944 0.01519090513407806
2945 0.01518814992442365
2946 0.01518508828301282
2947 0.01518224152345115
2948 0.0151796369257005
2949 0.01517700173741944
2950 0.01517409035794833
2951 0.01517117441706131
2952 0.01516820806220959
2953 0.01516533687129337
2954 0.01516264194256372
2955 0.015160112595078
2956 0.01515736503476614
2957 0.01515455446917511
2958 0.01515142819577757
2959 0.01514798599357928
2960 0.01514494999212709
2961 0.01514241351208844
2962 0.01514017941317904
2963 0.01513787070107321
2964 0.01513529587986344
2965 0.015132308470151
2966 0.01512939135729621
2967 0.01512638182080671
2968 0.01512335124350449
2969 0.01512052189536967
2970 0.01511763723348911
2971 0.01511494455764939
2972 0.01511234134089343
2973 0.01510975283171337
2974 0.01510699979162277
2975 0.01510425645422584
2976 0.01510127605843421
2977 0.01509829281867465
2978 0.01509545166837001
2979 0.015092742967822
2980 0.01508998292484868
2981 0.01508714153091144
2982 0.01508423799383275
2983 0.01508168032296993
2984 0.01507897768595997
2985 0.01507641473654837
2986 0.01507393458811813
2987 0.01507107218082512
2988 0.01506816900851172
2989 0.01506541325742419
2990 0.0150628739630149
2991 0.01506032345238036
2992 0.01505775619384829
2993 0.01505510445030258
2994 0.01505197623792875
2995 0.01504903940994691
2996 0.01504623313184392
2997 0.01504339567727728
2998 0.01504079585375646
2999 0.01503816838369451
3000 0.01503545550721251
