"drag-rfile"
"Iteration" "drag"
("Iteration" "drag")
1 1.217138674427892
2 1.605175513077376
3 1.888871419594575
4 2.031139759043154
5 2.098362820882729
6 2.091882463283037
7 2.013855427479925
8 1.876950218243676
9 1.711775787603455
10 1.551882212659867
11 1.442362556048223
12 1.3305652125005
13 1.235563397441796
14 1.158888187714855
15 1.093748997899385
16 1.033566885790417
17 0.9700224207878438
18 0.9010603119670279
19 0.8296065102094643
20 0.7540554066377062
21 0.6761238131323754
22 0.5974456677872527
23 0.52068285499303
24 0.4480352458738023
25 0.3802080503145637
26 0.3175138776307881
27 0.2594436819171504
28 0.2064328944309901
29 0.1587250429221042
30 0.1156003284571905
31 0.07611562269976041
32 0.04036924115572225
33 0.008320039590037711
34 -0.0206224869047945
35 -0.04663267578297915
36 -0.06963442797236519
37 -0.08984118320805121
38 -0.1074613055447045
39 -0.1223784014385028
40 -0.1346211126339374
41 -0.1442424570479048
42 -0.1512512752006825
43 -0.1557525033357806
44 -0.1581017096721957
45 -0.1585852135586482
46 -0.1571631931750922
47 -0.1541373377329403
48 -0.1497279345628199
49 -0.1441458115447544
50 -0.1376974042609157
51 -0.1306588715653611
52 -0.1231712006081269
53 -0.115405728893842
54 -0.1074337942003393
55 -0.09963155697680141
56 -0.09197027627690045
57 -0.08478465410749085
58 -0.0780198939957026
59 -0.07175695127812019
60 -0.06592803934652973
61 -0.0605772381720163
62 -0.05567227823942839
63 -0.05119924567007899
64 -0.04705648749962527
65 -0.04313287828280022
66 -0.03976053261043238
67 -0.03633653573404356
68 -0.03346371393013942
69 -0.03048266083358378
70 -0.02788928429477437
71 -0.02511722659716564
72 -0.02257183155556862
73 -0.01984709185230249
74 -0.01715860468818509
75 -0.01432462867884623
76 -0.01135053983915943
77 -0.00830886985284875
78 -0.00512046971598375
79 -0.001758670177476308
80 0.001796250837147523
81 0.00556177796841924
82 0.009557708472798698
83 0.01379835574942327
84 0.01828311910510762
85 0.02300628930701944
86 0.02796958305539684
87 0.03317316841278904
88 0.03858358841883575
89 0.04420239019861227
90 0.05001126361759883
91 0.05598519499470278
92 0.06211789068173822
93 0.06897575781595265
94 0.07527772455496938
95 0.08166047566636417
96 0.08864414054220464
97 0.09492028853177613
98 0.1011884219506565
99 0.1073835714327162
100 0.1134833308726823
101 0.1199756842700826
102 0.1257342078898166
103 0.1313012961628275
104 0.1366386162181777
105 0.1417164903793976
106 0.1465005053406494
107 0.1509709042943872
108 0.1550898499280509
109 0.1588300152740222
110 0.162164151828405
111 0.1650714713148721
112 0.1675312003158657
113 0.1695258866830844
114 0.1710402922975962
115 0.1720612216939469
116 0.1725789109222231
117 0.1725915066393657
118 0.1720895875152575
119 0.1710868760407372
120 0.1695972616738655
121 0.1676220534658987
122 0.1651662003935527
123 0.1622538835624053
124 0.1589042868815006
125 0.1551398068162344
126 0.1509869810056502
127 0.1464765501659458
128 0.1416302189225043
129 0.1364827645904418
130 0.1310665535977569
131 0.125423888630284
132 0.1195814458363387
133 0.1135479001407609
134 0.107385130184015
135 0.1011301731444146
136 0.09481169643932175
137 0.08847020321352814
138 0.08216443778653096
139 0.07589986311290919
140 0.06970654596327018
141 0.06361379536012884
142 0.05765044950398884
143 0.05184114578891257
144 0.04620906803578662
145 0.0407772520266351
146 0.03554882592640297
147 0.03055879272663773
148 0.02583864672884657
149 0.02138656211559452
150 0.01721481490158338
151 0.01334064063635735
152 0.009762357097925717
153 0.006484846328962476
154 0.003511919613351657
155 0.0008439089808100456
156 -0.001527096336931568
157 -0.003592042040157937
158 -0.005351737685466721
159 -0.006811836381519162
160 -0.007975202380911916
161 -0.008846981022192228
162 -0.00943313630392135
163 -0.009739895374005344
164 -0.009774064135219838
165 -0.00954505801730068
166 -0.009062807675367952
167 -0.00833473433180283
168 -0.007358756978358477
169 -0.006159076520823429
170 -0.004750950172950531
171 -0.00314309828529306
172 -0.001330703678276635
173 0.0006648783306370602
174 0.002831408885314123
175 0.005162326787209989
176 0.00764182899721435
177 0.01025865345339149
178 0.01299876647997817
179 0.0158530521611636
180 0.01880869092118992
181 0.02185797706087608
182 0.02498811026721545
183 0.02818851618185321
184 0.03143599033546096
185 0.03473787027131198
186 0.03807656458859818
187 0.04144294855701502
188 0.04483351636207705
189 0.04823279190911307
190 0.05163165840622835
191 0.05502233669255165
192 0.05839665532830948
193 0.061749503286022
194 0.06506705593223143
195 0.06833965625589535
196 0.0715588149730611
197 0.074714990931239
198 0.07779528199835631
199 0.08079771833101791
200 0.08371425953852063
201 0.08653636366559321
202 0.08925593701522928
203 0.09186765232410346
204 0.09436806669306298
205 0.09674630671551046
206 0.09899325835153558
207 0.1011043909660942
208 0.1030733431393448
209 0.1048936781257975
210 0.1065602384952705
211 0.1080614575930471
212 0.1093921824250215
213 0.1105597901867392
214 0.1115559984118643
215 0.1123839898610963
216 0.1130322045087479
217 0.113497305865598
218 0.1137769861500593
219 0.1138704856066085
220 0.1137765789101891
221 0.113494422256355
222 0.1130255524552132
223 0.1123696123366848
224 0.1115302635143798
225 0.1105025956359103
226 0.1093054061586482
227 0.1079355535370786
228 0.1063959798980649
229 0.1046942101387485
230 0.1028367891693161
231 0.1008322621377331
232 0.09868752933649889
233 0.09641105957348851
234 0.09401378833957066
235 0.09150414351709386
236 0.0888926913554383
237 0.08618902542033657
238 0.08340203292570354
239 0.08054743392297036
240 0.07763737785177874
241 0.07468434055412558
242 0.07170125881495286
243 0.06870101210390403
244 0.06569630172957464
245 0.06270029405422206
246 0.05972589017718789
247 0.05676248747832877
248 0.05384338469733822
249 0.0509852309819557
250 0.04819992484043293
251 0.04549946061977733
252 0.0428971499664264
253 0.0403992835846709
254 0.03801578644664526
255 0.03575452624420589
256 0.03362426826410818
257 0.03163215829954187
258 0.02978517117519004
259 0.02808883232214868
260 0.02654806899713415
261 0.02516642207573898
262 0.02394647911661315
263 0.02289078677581537
264 0.0219989907416336
265 0.0212770264046131
266 0.02072114100882253
267 0.0203305352495561
268 0.020103363222704
269 0.02003789891633691
270 0.02013120835009222
271 0.02037499616034605
272 0.02077061415780287
273 0.02131274604097574
274 0.02199674037800164
275 0.02281789282291597
276 0.02376953659374203
277 0.02484520722600846
278 0.02603872890533867
279 0.02734303937068635
280 0.02875086179458499
281 0.03025523551272932
282 0.03184852295112032
283 0.03352285485539842
284 0.03527107910257833
285 0.03708484218883094
286 0.03895636190438037
287 0.04087721559604407
288 0.04283923747006029
289 0.0448346501784672
290 0.04685608302534975
291 0.04889542232091654
292 0.05094456578638955
293 0.05299677490787467
294 0.05504452236928244
295 0.05708011474977726
296 0.05909661729228615
297 0.06108674504305887
298 0.0630442131095626
299 0.06496233443261255
300 0.06683514750873287
301 0.06865674311936207
302 0.07042073729452171
303 0.07212212971046814
304 0.07375531957263186
305 0.07531537476089045
306 0.07679773442228766
307 0.07819806670021223
308 0.07951200769956635
309 0.08073564428651718
310 0.08186559353775615
311 0.08289878490118631
312 0.08383265329391569
313 0.0846652211408854
314 0.08539419950794766
315 0.08601773681414698
316 0.0865343913711142
317 0.08693466979555176
318 0.08722693851808187
319 0.0874113686925875
320 0.08748881366239646
321 0.08745908470153431
322 0.08732346465935768
323 0.08708332782673368
324 0.08674017349140488
325 0.0862961731180234
326 0.08575402695399773
327 0.08511588240377198
328 0.0843930084601954
329 0.0835783665594258
330 0.08267793330649131
331 0.08169544608839258
332 0.0806353665813765
333 0.07950103759407889
334 0.07829764150270509
335 0.07702997597452641
336 0.07570230616760645
337 0.07432069613516594
338 0.07289005778497165
339 0.07141616716064382
340 0.0699061544379752
341 0.06836453333384387
342 0.06679697665576259
343 0.06520882968709654
344 0.06360673797673856
345 0.0619964234094632
346 0.06038378670830706
347 0.0587536884135593
348 0.0571327138125881
349 0.05552697784724028
350 0.05394314196315619
351 0.05238638900221136
352 0.05086263433590561
353 0.04938470897869741
354 0.04795045658713368
355 0.0465652610654301
356 0.04523297410109823
357 0.04395904567101226
358 0.04274790959049688
359 0.04160398436073199
360 0.04053039145286599
361 0.03953106075420542
362 0.03860893270873405
363 0.03776437871350605
364 0.03700288057659439
365 0.03632607771107485
366 0.03573610035972268
367 0.03523821313905679
368 0.0348291303204407
369 0.03450969299962893
370 0.03428000879558931
371 0.03414008796764534
372 0.03408906812160617
373 0.03412671546512602
374 0.03425189949396042
375 0.03446353046748978
376 0.03475952638495202
377 0.03513767540652567
378 0.03559594923307345
379 0.03613136844692703
380 0.03674167693444072
381 0.03742298603316786
382 0.03817235269164365
383 0.03898581285550273
384 0.03985948863688966
385 0.04078921820502132
386 0.04177099225864291
387 0.04280011710329768
388 0.04387174027637269
389 0.0449808535739922
390 0.04612289332114918
391 0.04729274171537648
392 0.04848512666421024
393 0.04969455661337351
394 0.05091591159973577
395 0.05214401992879927
396 0.05337376920200308
397 0.05460013553295044
398 0.05581785040146432
399 0.05702176997726154
400 0.05820759528911593
401 0.05937018096029176
402 0.06050487700471267
403 0.06160721380255234
404 0.06267365870389174
405 0.06369989697283056
406 0.06468193067707694
407 0.06561600627014465
408 0.06649914265412078
409 0.0673287010248551
410 0.06810147427329102
411 0.0688151206713003
412 0.06946768039470896
413 0.07005699159425638
414 0.07058149326259311
415 0.07104005416979468
416 0.07143095245550836
417 0.07175345837018569
418 0.07200731012013215
419 0.07219216838353501
420 0.07230838449508202
421 0.07235567839949675
422 0.07233506910881656
423 0.07224673996511637
424 0.07209180815039794
425 0.0718718606793084
426 0.07158832918172571
427 0.07124282643228931
428 0.07083722382098115
429 0.0703736166915749
430 0.06985433606714107
431 0.06928153434687764
432 0.06865799702160359
433 0.06798669347760383
434 0.06727058949319936
435 0.06651265799986497
436 0.06571615207350867
437 0.0648842994183339
438 0.0640205599677436
439 0.06312840330406717
440 0.06221107795647139
441 0.06127208156589621
442 0.06031684044073004
443 0.059347384118407
444 0.05836384143035896
445 0.0573733328030291
446 0.05637969961686559
447 0.05538664497924758
448 0.05439752442016711
449 0.05341562748732899
450 0.0524434003325064
451 0.05148535461097046
452 0.05054518585751682
453 0.04962566011669763
454 0.04872958146059361
455 0.04786075826760689
456 0.04702133554097387
457 0.04621386023516818
458 0.04544082567043677
459 0.0447043600843124
460 0.04400662254925555
461 0.04334937911612421
462 0.04273446537482037
463 0.04216348531051279
464 0.04163791048193396
465 0.0411591034889186
466 0.04072809893221508
467 0.04034571085735587
468 0.04001280447656735
469 0.03972884306834997
470 0.03949424390034741
471 0.03930930537421493
472 0.03917397744597349
473 0.03908816452418041
474 0.03905113955693338
475 0.03906239069589478
476 0.0391209095156586
477 0.03922578548510707
478 0.03937593596767917
479 0.03957004119379694
480 0.03980669435509952
481 0.04008440449584311
482 0.04040153181615486
483 0.04075621749264882
484 0.04114653500231287
485 0.04157055405036744
486 0.04202590723759157
487 0.04251006832677542
488 0.04302131229364336
489 0.04355667132269164
490 0.04411387823340957
491 0.04469016739036327
492 0.04528287971529289
493 0.04588939526092242
494 0.04650716998763074
495 0.04713408853299061
496 0.04776677709845283
497 0.04840271050483926
498 0.04903891318477462
499 0.04967305509609104
500 0.050302475058084
501 0.05092332004907506
502 0.0515346164611494
503 0.05213386291571922
504 0.05271916651555727
505 0.05328811453961217
506 0.05383822197541282
507 0.05436779943099592
508 0.05487480568038303
509 0.05535763176603168
510 0.05581482333632053
511 0.05624469522220871
512 0.05664564518868002
513 0.05701632769906766
514 0.0573554668559005
515 0.05766210117645514
516 0.05793514795154409
517 0.05817402610722628
518 0.05837801129441816
519 0.05854729028766079
520 0.05868108048684557
521 0.05877899908813118
522 0.05884103346443175
523 0.05886742129223085
524 0.05885976852378337
525 0.05881674364981653
526 0.05873859413115452
527 0.05862618375418371
528 0.05848167915732924
529 0.05830447671796641
530 0.05809548737613529
531 0.05785610760443603
532 0.0575874530813661
533 0.05729059285355337
534 0.0569664719134139
535 0.05661688668172229
536 0.0562431804342538
537 0.05584725556921039
538 0.05543068891224422
539 0.0549952583722377
540 0.05454263622257775
541 0.05407489703444369
542 0.05359366113461983
543 0.05310083098919515
544 0.05259813515047322
545 0.05208745369616624
546 0.05157084096840162
547 0.05105012940198145
548 0.05052811213282923
549 0.05000546815780604
550 0.04948400966302689
551 0.04896546436618583
552 0.04845174942311321
553 0.04794434513289572
554 0.04744835842757246
555 0.04696179810635855
556 0.04648591158217173
557 0.04602209743781621
558 0.04557176235468843
559 0.04513616108485755
560 0.04471632313354525
561 0.04431350743062165
562 0.04392856817951379
563 0.04356249012543818
564 0.04321588382778978
565 0.04289002131014899
566 0.04258563665650889
567 0.04230353803519475
568 0.04204391817530415
569 0.04180730863330649
570 0.04159386436222497
571 0.0414038565605795
572 0.04123750831924022
573 0.04109495661408166
574 0.04097599217791281
575 0.04088087715854819
576 0.04080917650932023
577 0.04076102454375803
578 0.04073592123979834
579 0.04073343439399409
580 0.0407528997895533
581 0.04079387544084383
582 0.04085556010304649
583 0.04093735937021327
584 0.04103844342013534
585 0.04115823695720279
586 0.04129556136615757
587 0.0414494578765207
588 0.0416190384212559
589 0.04180305565574769
590 0.04200024962303293
591 0.04220979264267458
592 0.04243032908023839
593 0.04266091245593445
594 0.04290010005549277
595 0.0431469536524453
596 0.04339983103397171
597 0.0436577208888299
598 0.04391965606870113
599 0.0441842191912722
600 0.0444496848055982
601 0.04471512888310249
602 0.04497949292011506
603 0.04524163786844275
604 0.04550042169860819
605 0.04575490033374662
606 0.04600365038277483
607 0.04624572321610272
608 0.04647997088630394
609 0.0467054307941106
610 0.04692118784120921
611 0.04712645771895022
612 0.04732049277185359
613 0.04750271353695295
614 0.04767207910159171
615 0.04782787668772919
616 0.04796964541555334
617 0.04809704576616362
618 0.04820951086161575
619 0.04830665683360784
620 0.04838781897762141
621 0.04845291899428605
622 0.04850164754091842
623 0.04853387943140413
624 0.04854929231119703
625 0.04854806879246889
626 0.04852997266606039
627 0.04849526305961101
628 0.04844417730300121
629 0.04837702899889491
630 0.04829392446745546
631 0.04819545975878718
632 0.04808201942579598
633 0.04795392737205332
634 0.04781126518974348
635 0.04765452672793298
636 0.04748443113462324
637 0.04730166126279326
638 0.04710659328675912
639 0.04690006420144072
640 0.04668272487125549
641 0.04645534146408061
642 0.04621799220416544
643 0.04597219651087167
644 0.04571872998143831
645 0.04545813188294425
646 0.04519144046454827
647 0.0449196069690743
648 0.04464347148546443
649 0.04436389074946304
650 0.04408155252048899
651 0.04379741416351162
652 0.04351222505203913
653 0.04322692798251399
654 0.04294234796057143
655 0.04265934048940569
656 0.04237848699632776
657 0.0421005431168487
658 0.04182635434630067
659 0.04155655786630257
660 0.04129155150599933
661 0.04103223578793951
662 0.04077906508818115
663 0.04053275256728314
664 0.0402939400057501
665 0.0400632842120323
666 0.03984114894594037
667 0.03962802881056157
668 0.03942411136869514
669 0.03922986038325497
670 0.03904564397130474
671 0.03887177457296311
672 0.03870822783228708
673 0.03855551501003456
674 0.03841385558659072
675 0.03828362996230515
676 0.03816489461557902
677 0.03805797557084027
678 0.03796262940309058
679 0.03787873443153229
680 0.0378058586524037
681 0.03774451879438809
682 0.03769425458707805
683 0.03765505934545389
684 0.03762660966560057
685 0.0376089028149296
686 0.0376016076494999
687 0.03760453698425596
688 0.03761743347125907
689 0.03763987544601243
690 0.03767138918998328
691 0.03771172548053885
692 0.0377603601342949
693 0.0378167190084366
694 0.03788033387059989
695 0.0379507701202199
696 0.03802754699005788
697 0.03811032571560064
698 0.03819821764476782
699 0.03829074855014512
700 0.03838722683215056
701 0.03848741288385764
702 0.03859062222218485
703 0.0386961382218076
704 0.03880344413694024
705 0.03891257220711867
706 0.03902223527639931
707 0.03913184101162363
708 0.03924076258073488
709 0.03934844420041081
710 0.03945401344549505
711 0.03955712561084424
712 0.03965724566450624
713 0.03975381619825024
714 0.03984602223453156
715 0.03993359134086827
716 0.0400161141897286
717 0.04009287320665757
718 0.04016341515891357
719 0.04022735109729144
720 0.0402841681413125
721 0.0403338029862843
722 0.04037589545146467
723 0.04041006636415714
724 0.04043587867854229
725 0.04045323284436927
726 0.04046164828961128
727 0.04046104491036713
728 0.04045107726367658
729 0.04043182896681599
730 0.04040337427050886
731 0.04036544086784493
732 0.04031814445574779
733 0.0402615863573416
734 0.04019552483876174
735 0.04011995021738554
736 0.04003501781413128
737 0.03994100422740918
738 0.03983794530239532
739 0.03972605546203499
740 0.03960547878277991
741 0.03947684043903871
742 0.03934023160396431
743 0.03919601979545792
744 0.03904453007111744
745 0.03888592438232363
746 0.03872077124888868
747 0.03854943076066428
748 0.0383723000510876
749 0.03818994645518802
750 0.03800276519860009
751 0.03781150997773853
752 0.03761675862697449
753 0.03741884975940236
754 0.03721830565623997
755 0.03701558566155883
756 0.03681111866639394
757 0.03660582665088348
758 0.03639991286985096
759 0.03619399163623969
760 0.03598860440918092
761 0.03578478428875671
762 0.03558229418843534
763 0.03538199068939633
764 0.03518433932397812
765 0.03498971856161095
766 0.03479856459184949
767 0.0346114143836055
768 0.03442854468086756
769 0.03425059377055469
770 0.0340779847534288
771 0.03391124250220478
772 0.03375062570201354
773 0.03359641706284119
774 0.03344862520940442
775 0.0333074743610732
776 0.03317324668215588
777 0.0330462673692703
778 0.03292684886173814
779 0.03281525625975287
780 0.0327113257922642
781 0.03261519611985819
782 0.03252708996736598
783 0.03244700397537265
784 0.0323748231152843
785 0.03231048056903514
786 0.03225403455899539
787 0.0322052649160554
788 0.03216407977297774
789 0.03213043807118901
790 0.03210385759047916
791 0.03208417912420363
792 0.03207138850288176
793 0.03206517451796538
794 0.03206518203124741
795 0.03207131422551384
796 0.03208333384861284
797 0.03210055407885259
798 0.03212262885746033
799 0.03214922019521596
800 0.03217996566844431
801 0.03221429515333176
802 0.03225178476102243
803 0.03229216322053412
804 0.03233483863464834
805 0.03237956518685006
806 0.03242609636909422
807 0.03247388930850061
808 0.0325223031170093
809 0.03257105663010977
810 0.03261958831695964
811 0.0326659283574225
812 0.03271106915305459
813 0.03275496235686615
814 0.03279709679788773
815 0.03283724174372724
816 0.03287590950483519
817 0.03291172177964697
818 0.03294617324086636
819 0.03297629393035841
820 0.03300228096819993
821 0.03302406000951474
822 0.03304128872125095
823 0.03305354420811071
824 0.03306083243447039
825 0.03306318170532636
826 0.03306033030435809
827 0.03305091647892083
828 0.03303784335801693
829 0.03301863008128155
830 0.03299331518211039
831 0.03296207287807709
832 0.03292476986711081
833 0.03287826491376639
834 0.03283031739155076
835 0.0327760759872319
836 0.03271579614448233
837 0.03264964124008186
838 0.03257797054860043
839 0.03250057735852539
840 0.03241773942072965
841 0.0323231458976898
842 0.03223142726136604
843 0.03213451666156182
844 0.0320328552471119
845 0.03192648536073364
846 0.03181605923510622
847 0.03170168966694587
848 0.03158367095886637
849 0.03146267529693746
850 0.03133840325254991
851 0.03121120016917958
852 0.0310815759488404
853 0.03094973950067365
854 0.03081620287116817
855 0.0306812462091701
856 0.03054524226798795
857 0.0304085917513255
858 0.03027141990646552
859 0.03013399511122246
860 0.02999662284929606
861 0.02985969888603051
862 0.02972335509021145
863 0.02958818981853811
864 0.02945445977942055
865 0.02932255915002583
866 0.0291925071317528
867 0.02906453762056728
868 0.02893897305197154
869 0.02881592918333558
870 0.02869551364676787
871 0.02857800145721381
872 0.02846374546058837
873 0.02834580007140569
874 0.02824018958914458
875 0.0281381720469509
876 0.02803960581105884
877 0.02793895217564948
878 0.02784933730392855
879 0.02776338395568659
880 0.02768119691970542
881 0.02759851997483092
882 0.02752589023403922
883 0.02745684578598769
884 0.0273917666905745
885 0.02732688342987442
886 0.02727084175837833
887 0.02721517298955829
888 0.02716744366957726
889 0.02712314349692314
890 0.02707967287301887
891 0.0270433683041799
892 0.02700819187639519
893 0.02697930946481553
894 0.02695159902870078
895 0.02692925574444244
896 0.02690800833581636
897 0.02689182221615317
898 0.02687688872646252
899 0.02686587972716893
900 0.02685575890130251
901 0.02684910590450272
902 0.02684306495654428
903 0.02683987805400928
904 0.02683706123215131
905 0.02683650112716757
906 0.02683608769037062
907 0.02683753075159821
908 0.02683877110286232
909 0.02684127894327567
910 0.02684319865982309
911 0.02684593385065416
912 0.02684789582523423
913 0.02684871118559402
914 0.02684995911655572
915 0.02684954868897424
916 0.02684912586162756
917 0.02684668002414003
918 0.02684391137280418
919 0.02683914502157503
920 0.02683164670306432
921 0.02682394976265102
922 0.02681294072212855
923 0.02680120820135801
924 0.02678572266275731
925 0.02676940058239169
926 0.02674910217604442
927 0.02672810349809583
928 0.02670253038736453
929 0.0266765124300255
930 0.02664540941938833
931 0.02661240789191193
932 0.02657902055970308
933 0.02653964312469943
934 0.02649788418887643
935 0.02645347604688195
936 0.02640636885859901
937 0.02635668076192426
938 0.026304118269384
939 0.02624882859805218
940 0.0261907904289879
941 0.02613005229493776
942 0.02606673963284286
943 0.02600083682018901
944 0.02593244460491704
945 0.02586195041015505
946 0.02578924192055172
947 0.02571462458523466
948 0.02563806556260931
949 0.02555970714415048
950 0.02547962722336508
951 0.02539807790709221
952 0.02531521119543773
953 0.02523100342004517
954 0.02514583822503335
955 0.02505991151352595
956 0.02497328745259317
957 0.02488607770103642
958 0.02479813762431225
959 0.02470997575857083
960 0.02462169418404088
961 0.02453345384121182
962 0.02444540763342743
963 0.02435779497148437
964 0.02427061964380462
965 0.024183964996952
966 0.02409823338242434
967 0.0240134519149106
968 0.02392970784937678
969 0.02384705749250923
970 0.02376563013248677
971 0.02368552295003481
972 0.02360669299111931
973 0.02352922765484699
974 0.02345367746122115
975 0.02338016228116073
976 0.02330869585068515
977 0.02323921839886412
978 0.02317148138150974
979 0.0231056116639206
980 0.023041552571398
981 0.02297960482514183
982 0.02291984237674096
983 0.02286229695023485
984 0.02280697008392617
985 0.0227538219085174
986 0.02270286005357461
987 0.02265441919207644
988 0.0226078937188711
989 0.02256324935146421
990 0.02252069315472249
991 0.02247991590740213
992 0.02244106117715978
993 0.0224041590603507
994 0.02236902310346061
995 0.02233569000182186
996 0.02230407855986311
997 0.02227414586634209
998 0.02224581201063724
999 0.02221892710579074
1000 0.02219341269672449
1001 0.02216910890140999
1002 0.0221459635290079
1003 0.0221239309466732
1004 0.02210315712682242
1005 0.02208335462110883
1006 0.02206453806091254
1007 0.02204657543700999
1008 0.02202917015216087
1009 0.02201209217090891
1010 0.02199542297844502
1011 0.02197922817868789
1012 0.02196333314192035
1013 0.02194762295324928
1014 0.02193209404861002
1015 0.02191670855389949
1016 0.02190115870488541
1017 0.02188544082679442
1018 0.0218692188417033
1019 0.02185372306082186
1020 0.02183588819423994
1021 0.02181806135403963
1022 0.0217996135420759
1023 0.021780687187555
1024 0.02176117423382796
1025 0.02174084351801908
1026 0.02171972504450034
1027 0.02169763952265926
1028 0.02167452578107979
1029 0.02165052784632363
1030 0.02162539425787672
1031 0.02159922095623142
1032 0.02157193216279314
1033 0.02154357242398971
1034 0.02151398482751952
1035 0.0214829495543514
1036 0.02145050300075363
1037 0.02141671654543122
1038 0.02138183490538322
1039 0.02134575326848129
1040 0.02130857588232618
1041 0.02127035519431114
1042 0.0212308826925077
1043 0.02119009931217174
1044 0.02114801998385062
1045 0.02110485127639337
1046 0.02106053434890533
1047 0.02101508787831332
1048 0.02096853229382243
1049 0.02092102498224299
1050 0.02087256366078539
1051 0.02082307169488545
1052 0.02077306281578842
1053 0.0207223771579824
1054 0.02067092552547765
1055 0.02061882188345139
1056 0.02056605521775553
1057 0.02051272066923441
1058 0.02045869101987083
1059 0.02040423401134364
1060 0.02034947699021809
1061 0.02029441540499546
1062 0.02023912041481791
1063 0.02018374964352895
1064 0.02012848981625368
1065 0.02007348863904729
1066 0.02001858948877605
1067 0.01996394055740584
1068 0.01990944082071006
1069 0.01985511496901283
1070 0.01980096866836166
1071 0.01974719108953444
1072 0.01969382159994107
1073 0.01964103744935927
1074 0.01958908624434638
1075 0.01953804206942598
1076 0.01948775180418897
1077 0.01943815310755744
1078 0.01938913710788106
1079 0.01934100272796002
1080 0.01929378928713887
1081 0.01924750346101896
1082 0.01920227288202591
1083 0.01915821803116287
1084 0.01911513957448133
1085 0.0190731551633233
1086 0.01903211329292699
1087 0.01899213253115349
1088 0.01895321691564513
1089 0.01891553534552397
1090 0.01888134773843397
1091 0.01884526577915469
1092 0.01881033129504345
1093 0.01877872297697452
1094 0.01874549911262841
1095 0.01871601437892365
1096 0.01868465934410714
1097 0.01865679851280045
1098 0.01862752802216031
1099 0.0186016581220041
1100 0.01857421025024574
1101 0.0185500429584389
1102 0.01852646798860055
1103 0.01850169141809501
1104 0.01847994464544389
1105 0.01845864785592031
1106 0.01843585529321554
1107 0.01841617023825091
1108 0.0183969339190718
1109 0.01837810631399471
1110 0.01835770762197952
1111 0.01834008486767537
1112 0.01832258269433856
1113 0.01830524531148306
1114 0.01828798506479565
1115 0.01826944299877702
1116 0.01825326920551299
1117 0.01823684235725023
1118 0.01822056993810783
1119 0.01820437666395164
1120 0.0181880559740227
1121 0.01816995540015052
1122 0.01815387911880886
1123 0.01813771081433577
1124 0.01812116148722629
1125 0.01810431842186126
1126 0.0180871604398504
1127 0.01806963617306384
1128 0.01805004356516194
1129 0.01803224297670124
1130 0.01801379067555049
1131 0.01799485726268955
1132 0.01797552365188148
1133 0.01795571617001065
1134 0.01793329464139742
1135 0.01791236052080858
1136 0.01789079242726796
1137 0.01786868997238101
1138 0.01784597037027218
1139 0.01782069758798216
1140 0.01779726955682233
1141 0.01777287712722258
1142 0.01774588614093409
1143 0.01772056583101781
1144 0.01769444762488634
1145 0.0176656448224821
1146 0.01763864802450681
1147 0.01761095131436968
1148 0.01758028505162494
1149 0.01755165800746244
1150 0.01751998720756586
1151 0.01749025917635083
1152 0.01745764399991947
1153 0.01742698997363784
1154 0.0173936371906968
1155 0.01736228767199175
1156 0.01732825154406661
1157 0.01729436475627816
1158 0.01726243521165143
1159 0.01722761638936303
1160 0.01719479446802691
1161 0.01715930137564462
1162 0.01712398315669378
1163 0.01709088710140236
1164 0.01705507463283712
1165 0.01701942111717615
1166 0.01698403512114154
1167 0.01694897188802063
1168 0.01691619265827571
1169 0.01688112433330441
1170 0.01684654055886359
1171 0.01681428450435127
1172 0.01677941991560773
1173 0.01674525884640983
1174 0.01671150840764952
1175 0.01668001290334929
1176 0.01664670587109236
1177 0.01661404272671528
1178 0.0165838092857823
1179 0.01655183080793887
1180 0.01652053394786399
1181 0.01649164817635589
1182 0.01646091880175986
1183 0.01643120753552747
1184 0.01640399968352497
1185 0.01637526230637456
1186 0.01634929853886481
1187 0.01632179978460689
1188 0.01629681853913587
1189 0.01627044037085968
1190 0.01624671923391988
1191 0.01622170674995188
1192 0.0161992095222207
1193 0.01617727791757125
1194 0.01615407273457961
1195 0.01613342486741599
1196 0.01611286913928036
1197 0.01609124020972805
1198 0.01607254125754777
1199 0.01605423359017159
1200 0.0160363827315358
1201 0.01601739012979369
1202 0.01600075476153169
1203 0.01598438756452418
1204 0.01596851782801457
1205 0.01595279098537263
1206 0.01593633409441305
1207 0.01592203415751184
1208 0.01590788868810871
1209 0.01589402925638869
1210 0.0158804395319282
1211 0.01586696710752052
1212 0.01585383010111037
1213 0.01584110894913112
1214 0.01582761275561799
1215 0.01581595300008739
1216 0.0158045105311794
1217 0.0157932347039397
1218 0.01578180132670314
1219 0.0157703252607557
1220 0.01575855335944684
1221 0.01574700454242237
1222 0.0157356646382771
1223 0.01572444108081512
1224 0.01571317108328605
1225 0.01570187384369123
1226 0.01569060514111801
1227 0.01567898772007484
1228 0.01566740478086847
1229 0.01565588135507197
1230 0.01564427246674741
1231 0.01563241043688001
1232 0.01561921796514763
1233 0.01560741257046337
1234 0.01559500232733287
1235 0.01558239847360449
1236 0.0155694396946379
1237 0.01555622327542892
1238 0.01554292399466131
1239 0.01552948420253888
1240 0.01551583174901481
1241 0.0155017260899413
1242 0.0154874283335387
1243 0.01547283690311463
1244 0.01545686369185555
1245 0.01544193899261525
1246 0.01542645250899229
1247 0.01541067073672414
1248 0.01539468874429431
1249 0.01537846641613756
1250 0.0153606617525887
1251 0.01534429752102587
1252 0.01532763675918308
1253 0.01530933890825042
1254 0.01529229077446151
1255 0.01527500778244597
1256 0.01525735953901789
1257 0.01523806480284028
1258 0.01522023873847152
1259 0.01520240512436374
1260 0.01518309539999945
1261 0.01516520311862517
1262 0.01514580411673698
1263 0.01512786368661018
1264 0.01510816668146526
1265 0.01508986407318039
1266 0.01506987515953914
1267 0.01505138835585166
1268 0.01503139497328015
1269 0.01501288574074199
1270 0.01499314737154479
1271 0.01497496393751473
1272 0.0149554663515184
1273 0.01493727658458255
1274 0.014917976641299
1275 0.0149005741582184
1276 0.01488162158336838
1277 0.01486316983684718
1278 0.01484619296028603
1279 0.01482783444649056
1280 0.01481107349842146
1281 0.01479321070044185
1282 0.0147765566969884
1283 0.01475893820873734
1284 0.014741792583723
1285 0.0147261304464259
1286 0.01470950576715556
1287 0.01469361151710145
1288 0.01467926319326277
1289 0.01466398811538279
1290 0.01464929720075729
1291 0.01463579115419103
1292 0.0146213949069143
1293 0.01460744960157466
1294 0.01459383096546187
1295 0.01458155069703303
1296 0.01456864071155476
1297 0.01455628246029066
1298 0.01454522306199885
1299 0.0145334595653113
1300 0.01452209626621438
1301 0.01451107383108868
1302 0.01450046846453817
1303 0.01449022836721825
1304 0.01448045414485326
1305 0.01447105348043051
1306 0.01446194540365948
1307 0.0144533680564708
1308 0.01444498678368116
1309 0.01443692207389229
1310 0.01442980237035711
1311 0.01442205913040413
1312 0.01441452843677281
1313 0.01440728333911583
1314 0.01440028992187691
1315 0.01439366697829481
1316 0.01438726084121111
1317 0.01438181047559801
1318 0.01437558483686972
1319 0.01436952861940876
1320 0.01436371105445196
1321 0.0143579485176056
1322 0.01435250573395239
1323 0.0143471554278916
1324 0.01434193219974183
1325 0.01433679036020404
1326 0.0143318744383602
1327 0.01432714524193346
1328 0.01432249386698382
1329 0.01431758545672709
1330 0.01431275285741844
1331 0.01430784471372074
1332 0.01430289696575417
1333 0.01429814462268736
1334 0.01429328971870264
1335 0.01428848874554332
1336 0.01428366157917103
1337 0.01427882600415636
1338 0.01427391895438139
1339 0.01426893636451851
1340 0.01426375343387547
1341 0.01425868224091272
1342 0.01425358401461606
1343 0.01424840333157926
1344 0.0142430441870289
1345 0.01423757529129951
1346 0.01423203848499073
1347 0.01422626067641037
1348 0.01422026994408016
1349 0.01421406140603766
1350 0.01420780880550695
1351 0.01420155957925065
1352 0.01419516576286743
1353 0.01418884405124805
1354 0.014182524053388
1355 0.01417616529631251
1356 0.01416971839388302
1357 0.01416297031993151
1358 0.01415620926852729
1359 0.01414938928162193
1360 0.01414242467427122
1361 0.01413541319821351
1362 0.01412841006668059
1363 0.01412123616642841
1364 0.01411400573793453
1365 0.01410673840573543
1366 0.01409943239222432
1367 0.01409212333074216
1368 0.01408479937386398
1369 0.01407742869222902
1370 0.01407011660619012
1371 0.01406301695137308
1372 0.01405598733975409
1373 0.01404902313561377
1374 0.01404190431389326
1375 0.0140347853840189
1376 0.01402767514717431
1377 0.01402067969688829
1378 0.01401367392766301
1379 0.01400690370021484
1380 0.01400010577732841
1381 0.01399354584409967
1382 0.01398715962726872
1383 0.01398101185984436
1384 0.0139750121717176
1385 0.01396919358514988
1386 0.01396354201978067
1387 0.01395788898839065
1388 0.01395239378085223
1389 0.01394684781006462
1390 0.01394130330549295
1391 0.01393595545523195
1392 0.01393080867067427
1393 0.013925786128608
1394 0.01392123403451245
1395 0.01391722500791631
1396 0.01391339814190236
1397 0.01390971798109152
1398 0.0139062477639488
1399 0.01390281499224797
1400 0.01389952095797755
1401 0.01389634613111705
1402 0.013893333876669
1403 0.01389053076870942
1404 0.01388786208972977
1405 0.01388530662963873
1406 0.0138830719283542
1407 0.01388120887859522
1408 0.01387943604184154
1409 0.01387806661598346
1410 0.01387697287788738
1411 0.01387577283409927
1412 0.01387470089089502
1413 0.0138737827150628
1414 0.01387290628668365
1415 0.0138720719625147
1416 0.01387147388209619
1417 0.0138709197098659
1418 0.01387089794991969
1419 0.01387126833078111
1420 0.0138716859741385
1421 0.01387203081701266
1422 0.01387245732266845
1423 0.01387294100158049
1424 0.0138735964090195
1425 0.01387431854927917
1426 0.01387477911688732
1427 0.01387530313661807
1428 0.01387611054167034
1429 0.01387713271975704
1430 0.01387812528746536
1431 0.01387923300109831
1432 0.01388036528113641
1433 0.01388146378977417
1434 0.0138829402257897
1435 0.01388448059436967
1436 0.01388574956667085
1437 0.01388670037879069
1438 0.01388741235579914
1439 0.01388827130503808
1440 0.01388981073636875
1441 0.01389105102693198
1442 0.01389224279079111
1443 0.01389341708375042
1444 0.01389457776030187
1445 0.01389586978159863
1446 0.01389709829812656
1447 0.01389812200775113
1448 0.01389906503120364
1449 0.01390002448960684
1450 0.01390097538354236
1451 0.01390191923959613
1452 0.01390277640710252
1453 0.01390356582991115
1454 0.01390432414605616
1455 0.01390511150496624
1456 0.01390595880701135
1457 0.01390652296028773
1458 0.01390711317606558
1459 0.01390772772842243
1460 0.01390821785020138
1461 0.01390885772179632
1462 0.01390938830565212
1463 0.0139100304405034
1464 0.01391070953644752
1465 0.01391128953609471
1466 0.01391163206802428
1467 0.01391183617936963
1468 0.01391186885235419
1469 0.01391215526330735
1470 0.01391255338879299
1471 0.01391291132820847
1472 0.01391334502138556
1473 0.01391381159276064
1474 0.01391444478198216
1475 0.01391504520238086
1476 0.01391560852035988
1477 0.01391620035386635
1478 0.01391695877818905
1479 0.01391774852391684
1480 0.0139184197248495
1481 0.01391914741403861
1482 0.01391988816012804
1483 0.01392058334980835
1484 0.01392138521873499
1485 0.01392227672830752
1486 0.0139233408518702
1487 0.01392431398998344
1488 0.01392544771866317
1489 0.01392681658268418
1490 0.01392853485890074
1491 0.01393030189799
1492 0.01393215399585
1493 0.01393390256858473
1494 0.01393590702198051
1495 0.01393777165179315
1496 0.01393965539469669
1497 0.01394159498591338
1498 0.01394368085494951
1499 0.01394602438798541
1500 0.01394863098903177
1501 0.01395140818735398
1502 0.01395412534529749
1503 0.0139571692238776
1504 0.01396034548966153
1505 0.01396348475300391
1506 0.01396680346744631
1507 0.01397019390586296
1508 0.01397363875467701
1509 0.01397726326083848
1510 0.01398090301034095
1511 0.01398459407097806
1512 0.01398849208952936
1513 0.01399243939947359
1514 0.01399642927919778
1515 0.01400069444352119
1516 0.01400511571368635
1517 0.01400937542597482
1518 0.01401388905405008
1519 0.01401853407240608
1520 0.01402317325814007
1521 0.01402784538383896
1522 0.01403259388369376
1523 0.01403765801157357
1524 0.01404278908526373
1525 0.01404801468783075
1526 0.01405323944413756
1527 0.01405826734073891
1528 0.01406332383697638
1529 0.01406838746391314
1530 0.01407368467227055
1531 0.01407915913614303
1532 0.01408450843893907
1533 0.01408983050831894
1534 0.01409520931200852
1535 0.01410069964715867
1536 0.01410629527539218
1537 0.01411184498537807
1538 0.0141174949039267
1539 0.01412309937364781
1540 0.0141287364688436
1541 0.01413441921326344
1542 0.01413990073930723
1543 0.0141453124316378
1544 0.01415062779897053
1545 0.01415604684182544
1546 0.01416171016138794
1547 0.01416727438523272
1548 0.01417283687689372
1549 0.01417840312684793
1550 0.01418402326198996
1551 0.01418975948817238
1552 0.01419553434763255
1553 0.01420095170635165
1554 0.01420632883512756
1555 0.01421164378681898
1556 0.01421688496090012
1557 0.01422212016737025
1558 0.01422725868101227
1559 0.01423238099796487
1560 0.01423746855403565
1561 0.01424276229535785
1562 0.01424802563761791
1563 0.01425327926316613
1564 0.01425862403773675
1565 0.01426400838482477
1566 0.01426932977896866
1567 0.01427459292342696
1568 0.01427953221762101
1569 0.01428453788870443
1570 0.01428973998450248
1571 0.0142949759943696
1572 0.01429997233215909
1573 0.01430505514211592
1574 0.01431012986918093
1575 0.01431500271509876
1576 0.01432003502853772
1577 0.01432533232776591
1578 0.01433053052092246
1579 0.01433570401216618
1580 0.0143407737557412
1581 0.01434596769261803
1582 0.01435128423307088
1583 0.0143564668682346
1584 0.01436145648322738
1585 0.01436673446895552
1586 0.01437207934663435
1587 0.01437737324557028
1588 0.01438259381636346
1589 0.01438780381754374
1590 0.01439286138038124
1591 0.0143981102126872
1592 0.01440369298718226
1593 0.01440919786246157
1594 0.01441460069447029
1595 0.01442011707119502
1596 0.01442583048053194
1597 0.01443169079462823
1598 0.01443759846021913
1599 0.01444337862016262
1600 0.01444930675718411
1601 0.01445518891385986
1602 0.0144609329678508
1603 0.01446669201845909
1604 0.01447242233534338
1605 0.01447825909551105
1606 0.01448432261030747
1607 0.01449056188837584
1608 0.01449666975349687
1609 0.01450291059744603
1610 0.01450929391201537
1611 0.01451587945148448
1612 0.01452248462282144
1613 0.014529002555259
1614 0.01453552548143637
1615 0.01454175844688465
1616 0.0145484004045285
1617 0.01455499432505673
1618 0.01456123852379691
1619 0.01456789916026044
1620 0.01457412574576352
1621 0.01458081272798724
1622 0.01458796651556676
1623 0.01459490156960965
1624 0.014601822079961
1625 0.0146087551225573
1626 0.01461562083265205
1627 0.0146227983461598
1628 0.01462976386986345
1629 0.01463651622443883
1630 0.01464375748039663
1631 0.01465099343381509
1632 0.014657815130554
1633 0.01466500563202692
1634 0.01467171831961745
1635 0.01467874454110511
1636 0.01468559004645609
1637 0.01469299866840437
1638 0.0147002295958485
1639 0.01470741811184008
1640 0.01471436245186745
1641 0.01472166583313949
1642 0.01472918155350938
1643 0.01473644583562484
1644 0.01474375066676446
1645 0.01475099011050421
1646 0.01475811141499591
1647 0.01476527827531668
1648 0.01477233400827005
1649 0.01477921925953417
1650 0.01478630766302574
1651 0.01479324075220945
1652 0.01480019778596929
1653 0.01480730389232028
1654 0.01481441837402502
1655 0.01482150502643961
1656 0.01482850841131393
1657 0.01483545434508068
1658 0.01484215975158474
1659 0.01484892557603876
1660 0.01485585780591201
1661 0.01486292255424389
1662 0.0148699309209843
1663 0.01487678897011699
1664 0.01488353577109767
1665 0.01488974909691327
1666 0.01489660209453918
1667 0.0149029952229146
1668 0.01491000428173837
1669 0.0149167034948828
1670 0.01492332091826235
1671 0.014930049811477
1672 0.01493672067043457
1673 0.0149430905364094
1674 0.01494987217465328
1675 0.0149564721772048
1676 0.01496267778507851
1677 0.01496912541142267
1678 0.01497533038078776
1679 0.01498198628377579
1680 0.01498828724037324
1681 0.01499478792486237
1682 0.01500122224699361
1683 0.01500786244181177
1684 0.01501401227153164
1685 0.01502069510599306
1686 0.01502702875217091
1687 0.0150333470099658
1688 0.01503993247597393
1689 0.0150458882448673
1690 0.01505251609661785
1691 0.0150589984151957
1692 0.01506540300908425
1693 0.01507168617862384
1694 0.01507759514240398
1695 0.01508399643604442
1696 0.01509067016291752
1697 0.01509691588687101
1698 0.0151037615316405
1699 0.01511047083146516
1700 0.015116940441424
1701 0.01512331350827476
1702 0.01512936933116307
1703 0.01513595682401664
1704 0.01514257757834262
1705 0.01514877780093587
1706 0.01515483531470192
1707 0.01516110593931394
1708 0.01516787164872709
1709 0.01517451502902653
1710 0.01518130057752069
1711 0.01518773445954118
1712 0.01519382081324539
1713 0.01520048445531928
1714 0.01520693433056347
1715 0.01521370493390788
1716 0.01522001902426101
1717 0.01522635322911006
1718 0.01523316458967611
1719 0.01523931624462944
1720 0.0152453458185732
1721 0.01525218970228097
1722 0.01525872907973598
1723 0.01526537835225087
1724 0.01527242506822486
1725 0.01527902811606055
1726 0.01528564204794647
1727 0.01529217904605974
1728 0.01529905185178935
1729 0.01530546455519583
1730 0.01531193186355473
1731 0.01531839764641609
1732 0.01532502974086295
1733 0.01533077134331028
1734 0.01533668481993109
1735 0.01534334192831312
1736 0.01535012157083593
1737 0.01535703984898538
1738 0.01536390328260213
1739 0.01537039401236649
1740 0.01537705572754073
1741 0.01538391906968813
1742 0.01539024198228341
1743 0.01539690465838996
1744 0.01540290722498648
1745 0.01540952589112898
1746 0.01541522071511509
1747 0.0154213152633442
1748 0.01542801971587255
1749 0.01543434073245906
1750 0.01544100260139938
1751 0.01544719086522335
1752 0.01545359008714248
1753 0.01545965465178977
1754 0.0154658771517547
1755 0.01547193684467867
1756 0.01547747005253527
1757 0.01548371769093485
1758 0.01548957960834531
1759 0.01549590702911818
1760 0.01550159855880661
1761 0.01550770779874605
1762 0.01551342085321801
1763 0.01551944165281064
1764 0.01552541227507537
1765 0.01553080062461716
1766 0.01553648702349911
1767 0.01554182255348427
1768 0.01554728554335605
1769 0.0155532857604758
1770 0.01555891676845521
1771 0.0155645168442495
1772 0.01557030975438685
1773 0.01557574355019877
1774 0.01558072877899098
1775 0.01558626162574806
1776 0.01559125201243816
1777 0.01559700299767117
1778 0.01560237641019293
1779 0.01560794594904161
1780 0.01561302385644271
1781 0.01561839144812816
1782 0.01562319578214213
1783 0.01562842830220342
1784 0.01563377502039653
1785 0.01563953663227923
1786 0.0156447885735387
1787 0.01565010058415037
1788 0.01565450363784548
1789 0.01565945508987113
1790 0.01566429159438447
1791 0.01566879824478991
1792 0.01567402609244653
1793 0.01567878519498902
1794 0.01568391739172455
1795 0.01568895691820608
1796 0.01569411094399701
1797 0.01569912085432028
1798 0.0157040352957685
1799 0.0157088708728123
1800 0.01571363905435575
1801 0.01571812553276509
1802 0.01572253183751241
1803 0.01572706420980721
1804 0.01573156897249825
1805 0.01573642834546898
1806 0.01574111151292539
1807 0.01574589470993239
1808 0.01575106815788772
1809 0.01575589416664742
1810 0.0157605299877006
1811 0.01576515024315477
1812 0.01576945803935311
1813 0.01577374512289858
1814 0.01577803907444616
1815 0.01578236624423439
1816 0.01578684036217421
1817 0.01579141891677895
1818 0.01579592861784294
1819 0.01580045505227859
1820 0.01580501532420467
1821 0.01580946091332884
1822 0.01581370036166081
1823 0.01581793716568386
1824 0.01582218718978605
1825 0.01582635461920585
1826 0.01583067895203129
1827 0.01583499886083592
1828 0.01583937356349967
1829 0.01584354927092803
1830 0.01584794240393732
1831 0.01585222200811213
1832 0.01585626512933953
1833 0.01585998944853493
1834 0.01586388433567509
1835 0.01586769026582384
1836 0.01587209256078059
1837 0.01587616116438059
1838 0.01587962350615544
1839 0.01588356012062168
1840 0.01588757004415005
1841 0.01589149661458079
1842 0.01589559979203693
1843 0.01589956704146237
1844 0.01590361347221933
1845 0.0159073488317749
1846 0.01591088642817971
1847 0.01591461036768953
1848 0.01591832287388267
1849 0.01592166092484369
1850 0.01592469549671316
1851 0.01592844718392265
1852 0.01593233210075393
1853 0.01593619223894686
1854 0.01593994333620369
1855 0.01594370184064273
1856 0.01594730196912557
1857 0.01595049737608015
1858 0.01595320221384367
1859 0.01595660654344604
1860 0.01596021191535892
1861 0.0159634847070483
1862 0.01596670287306235
1863 0.01596967672696342
1864 0.01597309214677888
1865 0.01597650246997646
1866 0.01597959173137846
1867 0.01598258550503615
1868 0.01598558495374136
1869 0.01598892749865822
1870 0.01599179027545338
1871 0.0159945315580318
1872 0.01599740680091802
1873 0.01600020809531249
1874 0.01600298710115913
1875 0.0160055080494991
1876 0.01600849422305541
1877 0.01601130204214533
1878 0.01601408058320142
1879 0.01601640253530802
1880 0.01601909615897211
1881 0.01602207215949576
1882 0.01602489548034632
1883 0.01602749054461979
1884 0.01602974170224026
1885 0.01603215326012014
1886 0.01603439075914418
1887 0.01603713805591985
1888 0.01603972196576921
1889 0.01604236051785265
1890 0.01604478404711294
1891 0.01604695577369
1892 0.01604921010261974
1893 0.01605133335463825
1894 0.0160531944212775
1895 0.01605495878947886
1896 0.01605699916350336
1897 0.01605910939745433
1898 0.01606135520751368
1899 0.016063585878613
1900 0.01606578280763016
1901 0.01606765821409088
1902 0.01606958518661479
1903 0.01607132297965526
1904 0.01607292387373885
1905 0.01607485945865152
1906 0.0160770162283603
1907 0.01607896450956232
1908 0.01608046350542956
1909 0.01608146531882775
1910 0.01608281736309691
1911 0.01608417412639473
1912 0.01608565119535807
1913 0.01608744350934791
1914 0.01608921529357054
1915 0.01609069071403366
1916 0.01609225847357627
1917 0.01609360602259051
1918 0.01609489408121415
1919 0.01609606933630125
1920 0.01609707992340364
1921 0.01609823141605652
1922 0.01609919293273798
1923 0.0161003846281091
1924 0.01610165038303374
1925 0.01610267208272754
1926 0.01610417649618343
1927 0.01610545213852032
1928 0.01610661863295028
1929 0.01610786536820136
1930 0.01610869061243884
1931 0.01610940505376319
1932 0.01611031324834982
1933 0.01611131873398258
1934 0.01611197808412897
1935 0.01611277095221108
1936 0.0161136989066806
1937 0.0161145182773548
1938 0.01611548174177035
1939 0.01611610888771219
1940 0.01611675232989623
1941 0.01611723120177907
1942 0.0161177149782439
1943 0.01611852198915087
1944 0.01611944055954287
1945 0.01612006604635266
1946 0.01612038968450159
1947 0.01612098619805883
1948 0.0161215590274495
1949 0.0161222036708077
1950 0.01612300624489015
1951 0.01612361447909983
1952 0.01612385491715692
1953 0.01612429606611689
1954 0.0161244046004078
1955 0.01612429058354773
1956 0.01612453703614667
1957 0.01612470662040182
1958 0.01612501268339502
1959 0.01612521441593612
1960 0.01612527930495662
1961 0.01612566629153115
1962 0.01612584508820325
1963 0.01612594924933788
1964 0.0161262887065856
1965 0.016126538834267
1966 0.01612658350035318
1967 0.01612639737129507
1968 0.01612579736823212
1969 0.01612491836684182
1970 0.01612420968073714
1971 0.01612379398930025
1972 0.01612390578735792
1973 0.01612426718456603
1974 0.01612447399920336
1975 0.01612427367884462
1976 0.0161237282538291
1977 0.0161233940304506
1978 0.01612320543226482
1979 0.01612278895759281
1980 0.01612239792845478
1981 0.01612160532252992
1982 0.01612052282360902
1983 0.01611918596342796
1984 0.01611839045808147
1985 0.01611767222218183
1986 0.01611752788263292
1987 0.01611732807626949
1988 0.01611696021140893
1989 0.01611629168191452
1990 0.01611528386746033
1991 0.01611403837038661
1992 0.01611309200476513
1993 0.01611243190287445
1994 0.01611164725012762
1995 0.01611061157001426
1996 0.01610948694330377
1997 0.01610834262724582
1998 0.01610708335516786
1999 0.01610592830160637
2000 0.01610470149028159
2001 0.01610341644894563
2002 0.01610250123474682
2003 0.01610152017388788
2004 0.01610041223349784
2005 0.01609910227123427
2006 0.01609740807367487
2007 0.01609575290535573
2008 0.01609397536723111
2009 0.01609253950621889
2010 0.016091437839961
2011 0.01609029878801131
2012 0.01608896325775744
2013 0.01608730970103577
2014 0.01608601216785236
2015 0.01608462146224324
2016 0.01608304025129052
2017 0.01608110431773353
2018 0.01607908533944816
2019 0.01607649271201893
2020 0.01607422360611677
2021 0.01607243686627844
2022 0.01607118606313971
2023 0.0160699077668768
2024 0.01606842272297063
2025 0.0160664171650456
2026 0.01606472692839695
2027 0.01606321351318949
2028 0.01606117645877924
2029 0.01605895677193654
2030 0.01605696176759358
2031 0.01605511019445222
2032 0.01605307524005836
2033 0.01605076588579032
2034 0.0160484482242338
2035 0.01604604496345969
2036 0.01604361923210198
2037 0.01604133274698315
2038 0.01603953182408994
2039 0.0160379997296464
2040 0.01603591338340831
2041 0.01603376745333143
2042 0.01603157800820278
2043 0.01602923397103379
2044 0.0160265408878655
2045 0.01602372263845827
2046 0.01602143144687493
2047 0.01601922966288695
2048 0.01601682829660782
2049 0.01601455092735906
2050 0.01601200736397104
2051 0.01600962874489091
2052 0.01600747983052616
2053 0.01600494032381729
2054 0.01600224536243911
2055 0.01599933389198943
2056 0.01599632279973622
2057 0.01599342740839942
2058 0.0159910745892935
2059 0.01598888510807677
2060 0.01598699630064202
2061 0.01598451341057453
2062 0.01598174350804128
2063 0.01597872161577628
2064 0.01597536903653464
2065 0.01597212861903006
2066 0.01596927205628422
2067 0.01596623195440093
2068 0.01596323508002719
2069 0.01596047526898342
2070 0.0159579048746383
2071 0.01595571741711016
2072 0.01595301214953345
2073 0.01595010876354204
2074 0.0159468951220092
2075 0.01594369046682251
2076 0.0159407006924257
2077 0.01593756785370982
2078 0.01593454138457748
2079 0.01593138868391434
2080 0.01592770002798909
2081 0.01592391363381111
2082 0.01592031205331061
2083 0.01591690788475967
2084 0.01591397635730147
2085 0.01591093247222957
2086 0.01590754601083054
2087 0.01590439824459134
2088 0.01590148758065424
2089 0.01589838405599585
2090 0.01589514313059752
2091 0.01589189318419014
2092 0.01588832272516898
2093 0.01588443095698457
2094 0.01588064002612
2095 0.01587716634096198
2096 0.01587387012701606
2097 0.01587018577538358
2098 0.01586653061106979
2099 0.01586306050942394
2100 0.01585984767095688
2101 0.01585661268369479
2102 0.01585346585328751
2103 0.01584974554984633
2104 0.01584600927094089
2105 0.01584206365135229
2106 0.01583826628014864
2107 0.01583396256701004
2108 0.01583022317493888
2109 0.01582671173313835
2110 0.01582337217626098
2111 0.01581987969360907
2112 0.01581641569971901
2113 0.01581249647381993
2114 0.01580849095525046
2115 0.01580434624195998
2116 0.01580045481638391
2117 0.01579683847379925
2118 0.0157928338130297
2119 0.01578893083597941
2120 0.01578493361822861
2121 0.01578115744824594
2122 0.01577727030296645
2123 0.01577320348267821
2124 0.01576921130609395
2125 0.01576512968125904
2126 0.01576115312448996
2127 0.0157568768663518
2128 0.01575220418738595
2129 0.01574758240850609
2130 0.0157435076260678
2131 0.01573967995129447
2132 0.01573588785433506
2133 0.0157321665179613
2134 0.01572809053889513
2135 0.01572364217876478
2136 0.01571928013250177
2137 0.01571508307994413
2138 0.01571110600462548
2139 0.01570714084629457
2140 0.0157030547825193
2141 0.01569845132739489
2142 0.01569383979633094
2143 0.01568909993315027
2144 0.01568458196777053
2145 0.01568070905333692
2146 0.0156767425478607
2147 0.01567270304529319
2148 0.0156684163924538
2149 0.0156639780734639
2150 0.01565979021384561
2151 0.01565576603060542
2152 0.01565150000219892
2153 0.01564691556962919
2154 0.01564192769906344
2155 0.01563712841477066
2156 0.01563268437420639
2157 0.01562857184413503
2158 0.01562461912862576
2159 0.01562060320312515
2160 0.01561600263685206
2161 0.01561105660240779
2162 0.0156060438121548
2163 0.0156009847050303
2164 0.01559632195583588
2165 0.01559205584515617
2166 0.01558791675037784
2167 0.01558366200835032
2168 0.01557931993226605
2169 0.01557497950369735
2170 0.01557036337458804
2171 0.01556546899596373
2172 0.01556030633441146
2173 0.01555539728912465
2174 0.01555057177647517
2175 0.01554622456726422
2176 0.01554213643250366
2177 0.01553797511466645
2178 0.01553277125205822
2179 0.01552787363382252
2180 0.01552280323551116
2181 0.01551790624389112
2182 0.01551282317096876
2183 0.01550802166940344
2184 0.01550341768389709
2185 0.01549829828686996
2186 0.01549346596784648
2187 0.01548841592051816
2188 0.01548324024579285
2189 0.01547787797143597
2190 0.01547240735505912
2191 0.01546726291283517
2192 0.01546306969955236
2193 0.01545898628906567
2194 0.01545434182969358
2195 0.01544908140504829
2196 0.01544394937921513
2197 0.01543864553994437
2198 0.01543345794015558
2199 0.01542821635933915
2200 0.01542333526755718
2201 0.01541867826535495
2202 0.01541389082972203
2203 0.01540919983767452
2204 0.01540462330899488
2205 0.01539981405608584
2206 0.01539509787026085
2207 0.01539004867469741
2208 0.01538487399554596
2209 0.01537982205944386
2210 0.01537493198549192
2211 0.01537005071006658
2212 0.01536514478555524
2213 0.01536012019959456
2214 0.01535516033913003
2215 0.01535030392679934
2216 0.01534561930153564
2217 0.01534056031299282
2218 0.01533534511080811
2219 0.01533020587599519
2220 0.01532530326709857
2221 0.01532047382410311
2222 0.01531619308893626
2223 0.01531136906545546
2224 0.01530649747351135
2225 0.0153011409060651
2226 0.01529533736763267
2227 0.01528965917995597
2228 0.01528475808628325
2229 0.01527991309230345
2230 0.01527554738531833
2231 0.01527105871764102
2232 0.01526608182372087
2233 0.01526059227870164
2234 0.01525478959229296
2235 0.01524886367129859
2236 0.01524323431503653
2237 0.01523812342606148
2238 0.01523339705613949
2239 0.01522819226287592
2240 0.01522299633207892
2241 0.01521809113003175
2242 0.0152132948045441
2243 0.0152077998772474
2244 0.01520281496865735
2245 0.01519761145903509
2246 0.01519254135243404
2247 0.01518765073880551
2248 0.01518295021889352
2249 0.01517799350560113
2250 0.01517290710600915
2251 0.01516766095018446
2252 0.01516230953392526
2253 0.0151571599497361
2254 0.01515222967847846
2255 0.01514700371913795
2256 0.01514235104120511
2257 0.01513753624221523
2258 0.0151324496172744
2259 0.01512717454754769
2260 0.01512196265396439
2261 0.01511684148820045
2262 0.01511180140126468
2263 0.01510655001134946
2264 0.01510143437610705
2265 0.01509663242424092
2266 0.01509150156338675
2267 0.01508662521105267
2268 0.01508182986872304
2269 0.01507620674258174
2270 0.01507094402263835
2271 0.01506563971017716
2272 0.01506042160218567
2273 0.01505532823770521
2274 0.01505041875029056
2275 0.01504572987003586
2276 0.01504096555983794
2277 0.0150359267380647
2278 0.01503064815882434
2279 0.01502535819189341
2280 0.01502007831174282
2281 0.01501441706795512
2282 0.01500864945097473
2283 0.01500301026264693
2284 0.01499803606638989
2285 0.01499308285057639
2286 0.014988058627805
2287 0.01498307590280526
2288 0.0149778156794328
2289 0.01497252233451966
2290 0.01496714001134077
2291 0.0149620182512081
2292 0.01495700983466599
2293 0.01495198605543146
2294 0.01494719169638807
2295 0.01494241275947365
2296 0.0149372453955463
2297 0.01493164374915081
2298 0.01492609492645894
2299 0.01492077706657556
2300 0.01491527007581348
2301 0.0149096532893501
2302 0.01490431347299945
2303 0.01489954896475938
2304 0.0148946096861951
2305 0.01488966947855828
2306 0.01488504537135039
2307 0.01488024301204487
2308 0.01487522274789481
2309 0.01487015012376923
2310 0.01486478519524726
2311 0.01485949078034713
2312 0.0148542728017233
2313 0.0148489893736668
2314 0.01484345054571792
2315 0.01483831224802344
2316 0.01483367996261221
2317 0.01482913138268985
2318 0.01482420834003128
2319 0.01481887282097032
2320 0.01481328122138132
2321 0.01480778954173449
2322 0.01480253567165813
2323 0.01479801699887504
2324 0.01479320800541893
2325 0.01478827528148393
2326 0.01478312478367894
2327 0.01477789464418371
2328 0.0147730822589547
2329 0.01476835680266151
2330 0.01476338663003584
2331 0.01475822750385246
2332 0.01475305076419355
2333 0.01474823641953132
2334 0.01474335522147525
2335 0.01473817033399832
2336 0.01473280423518386
2337 0.01472772691376854
2338 0.01472256082590547
2339 0.01471768271994753
2340 0.0147131723278359
2341 0.0147086331501853
2342 0.01470379134902678
2343 0.01469874529222009
2344 0.01469357343806032
2345 0.01468856702095705
2346 0.01468365747587963
2347 0.01467856266996873
2348 0.01467342133387221
2349 0.01466813327271291
2350 0.01466289095651593
2351 0.01465794162180368
2352 0.01465329509775764
2353 0.01464863053409095
2354 0.01464400497002773
2355 0.01463932709936778
2356 0.01463431707284935
2357 0.01462937105612679
2358 0.01462416857065525
2359 0.01461940740812846
2360 0.01461459153472158
2361 0.01460969173626301
2362 0.01460455020970376
2363 0.01459991698448984
2364 0.01459556405773624
2365 0.0145911485327223
2366 0.01458598641266046
2367 0.01458126297582464
2368 0.01457640274182072
2369 0.01457160816753687
2370 0.01456685409221222
2371 0.01456161552097652
2372 0.01455681317871315
2373 0.01455203792816197
2374 0.01454725782161238
2375 0.01454235606312386
2376 0.01453808714793689
2377 0.01453392870657208
2378 0.01452964836360881
2379 0.01452517010349379
2380 0.01451992033140082
2381 0.01451519790473712
2382 0.01451033021263402
2383 0.01450529055001512
2384 0.01450077688016636
2385 0.01449605100572551
2386 0.01449123350066997
2387 0.01448653509280205
2388 0.01448138174361714
2389 0.01447701490944283
2390 0.01447261867904764
2391 0.01446794416777204
2392 0.01446359123792663
2393 0.01445941368281489
2394 0.01445511079082497
2395 0.01445001338767871
2396 0.01444539293891456
2397 0.01444040550688065
2398 0.01443585104733971
2399 0.01443073116563226
2400 0.01442628689861078
2401 0.01442203021771147
2402 0.01441774066080708
2403 0.01441351596454644
2404 0.01440870604320275
2405 0.01440423599975694
2406 0.01439976693642072
2407 0.014395116851022
2408 0.01439017340158276
2409 0.01438537195256843
2410 0.01438098785620717
2411 0.0143768160027312
2412 0.01437257562287253
2413 0.01436778623527177
2414 0.01436307079242476
2415 0.01435872697279092
2416 0.01435407990513153
2417 0.01434960583979409
2418 0.0143453613282935
2419 0.01434107027050128
2420 0.01433647174261993
2421 0.01433209306106265
2422 0.014327805661384
2423 0.01432348329456788
2424 0.01431917011242037
2425 0.01431446908192906
2426 0.01430957161632919
2427 0.01430478469465946
2428 0.01430060312640437
2429 0.01429663419281344
2430 0.01429304860965002
2431 0.01428953643504949
2432 0.01428516473455696
2433 0.01428094945932502
2434 0.01427637348931583
2435 0.01427145114049028
2436 0.01426665088050494
2437 0.01426233025841358
2438 0.01425809553932259
2439 0.01425446377287404
2440 0.01425047983030694
2441 0.01424624917136267
2442 0.01424171251639868
2443 0.01423797280582828
2444 0.01423412858947963
2445 0.0142298702591531
2446 0.01422527798130607
2447 0.01422090325631904
2448 0.01421682178317849
2449 0.01421284544417481
2450 0.01420906009826329
2451 0.01420511560662293
2452 0.01420099030926632
2453 0.01419689764361812
2454 0.01419272115163151
2455 0.0141885109456298
2456 0.01418397861488511
2457 0.01418014432243809
2458 0.01417625916247051
2459 0.01417246041157274
2460 0.01416845412368403
2461 0.01416411629543104
2462 0.01415989802514099
2463 0.01415580208144537
2464 0.01415207935279518
2465 0.01414838431973065
2466 0.0141449857555115
2467 0.01414151068842459
2468 0.01413760051691968
2469 0.0141332847477278
2470 0.01412875714547739
2471 0.01412441565773129
2472 0.0141201571458435
2473 0.01411612653728576
2474 0.01411253247109066
2475 0.01410902800153174
2476 0.01410549913099655
2477 0.01410159566731589
2478 0.01409801780737624
2479 0.01409421291842269
2480 0.01409018813743734
2481 0.01408579132258367
2482 0.01408172537669058
2483 0.01407790002360998
2484 0.01407422149558365
2485 0.01407074328787692
2486 0.01406669500689509
2487 0.01406282028324738
2488 0.0140591378618791
2489 0.01405555954466408
2490 0.01405193614742454
2491 0.01404850738444047
2492 0.01404495333667801
2493 0.01404134712173385
2494 0.01403776303045868
2495 0.01403396654247712
2496 0.01403008338990088
2497 0.01402608333073936
2498 0.01402154926913823
2499 0.0140172166280295
2500 0.01401341222465092
2501 0.01401034754230837
2502 0.01400762471371819
2503 0.01400473889687598
2504 0.01400160617387493
2505 0.01399768111312079
2506 0.01399342938319495
2507 0.01398940733048659
2508 0.01398548902871256
2509 0.01398175028635368
2510 0.0139783934606203
2511 0.01397463247059795
2512 0.01397106330282978
2513 0.01396793720337432
2514 0.01396456110301506
2515 0.01396100070987561
2516 0.01395723094054259
2517 0.01395305958349794
2518 0.01394930401365794
2519 0.01394589456224955
2520 0.01394275627415534
2521 0.01393933356018017
2522 0.01393604172638527
2523 0.01393277174509452
2524 0.01392959533814941
2525 0.01392652389685759
2526 0.01392307884668292
2527 0.01391953458782381
2528 0.01391580314244841
2529 0.01391235461970831
2530 0.01390868866937492
2531 0.01390517018965861
2532 0.01390189332163144
2533 0.01389879270441694
2534 0.01389560080301873
2535 0.0138919231168585
2536 0.01388817796688532
2537 0.01388470404344205
2538 0.01388152119973112
2539 0.01387869316796331
2540 0.01387582144349372
2541 0.01387288751673335
2542 0.01386948890363739
2543 0.01386564221905302
2544 0.01386202340625882
2545 0.01385853452813904
2546 0.01385514481944039
2547 0.01385184411227144
2548 0.013848557488475
2549 0.01384561881743035
2550 0.01384311764098337
2551 0.0138404594251454
2552 0.01383724648122175
2553 0.01383371400167186
2554 0.01383029486497927
2555 0.01382681184041578
2556 0.01382356468007214
2557 0.01382048618188856
2558 0.01381738659437347
2559 0.01381461067279004
2560 0.01381168918109264
2561 0.0138087833523574
2562 0.01380591227775835
2563 0.01380293868605164
2564 0.0137993786664915
2565 0.01379606252274297
2566 0.01379278781700726
2567 0.01378960222130358
2568 0.01378659267553769
2569 0.01378352900193022
2570 0.01378055797088433
2571 0.01377767851040062
2572 0.01377464392172115
2573 0.01377155639193445
2574 0.01376859177125505
2575 0.01376585490610363
2576 0.01376301325590043
2577 0.01376032118977257
2578 0.01375734422624072
2579 0.01375442751633359
2580 0.01375139983097965
2581 0.01374812613423465
2582 0.0137448310893122
2583 0.01374148006949031
2584 0.01373861815240512
2585 0.01373618922351326
2586 0.01373371991062643
2587 0.01373095467938576
2588 0.0137281465974145
2589 0.01372527180142892
2590 0.01372223070791898
2591 0.01371916326629477
2592 0.01371600108951184
2593 0.01371292897222229
2594 0.01371002264550433
2595 0.01370726425397134
2596 0.0137047362691872
2597 0.0137020701531122
2598 0.01369949142235243
2599 0.01369678283863809
2600 0.01369412283369966
2601 0.01369116628146044
2602 0.01368800980325321
2603 0.01368495842682907
2604 0.01368238512371953
2605 0.01367983585700954
2606 0.01367696451895011
2607 0.01367431352163127
2608 0.01367175323042619
2609 0.01366914597038556
2610 0.01366643577803493
2611 0.01366356448076707
2612 0.01366059487020897
2613 0.01365764861779064
2614 0.0136546131057595
2615 0.01365207386308372
2616 0.01364977016421978
2617 0.01364750067274832
2618 0.01364500432848208
2619 0.01364237986978956
2620 0.01363957620090283
2621 0.01363636203715837
2622 0.01363326175620514
2623 0.01363052041792074
2624 0.01362815689788206
2625 0.01362581268514412
2626 0.01362352294460003
2627 0.0136212658706901
2628 0.01361903960273089
2629 0.01361638455585731
2630 0.01361338712076035
2631 0.01361005495013696
2632 0.01360699242372853
2633 0.01360425266190343
2634 0.01360189801387234
2635 0.01360011608992213
2636 0.0135982462522812
2637 0.01359607522030122
2638 0.01359351627640004
2639 0.01359097173578279
2640 0.01358832031679635
2641 0.01358562167053448
2642 0.01358323609287757
2643 0.01358072096500275
2644 0.01357797715855508
2645 0.01357519616060564
2646 0.01357267222020815
2647 0.01357024175100121
2648 0.01356786081192914
2649 0.01356548693684044
2650 0.01356299456185617
2651 0.01356054084076524
2652 0.01355833680845481
2653 0.01355609728330238
2654 0.01355389086974954
2655 0.01355158099551474
2656 0.01354901373511262
2657 0.01354646806247769
2658 0.01354397255583417
2659 0.01354122170234679
2660 0.0135385783199562
2661 0.013536498475932
2662 0.013534572450837
2663 0.01353231491539706
2664 0.0135300758991972
2665 0.01352800436124724
2666 0.01352582380016555
2667 0.01352341257937289
2668 0.01352085258777432
2669 0.01351824338771451
2670 0.01351591503997217
2671 0.01351342146803199
2672 0.01351089614667193
2673 0.01350873658663963
2674 0.01350682343063079
2675 0.01350484675281387
2676 0.01350262194854355
2677 0.01350020463462437
2678 0.01349755389781618
2679 0.01349509543791931
2680 0.01349304595241939
2681 0.01349132192094122
2682 0.01348930672214642
2683 0.01348717926767247
2684 0.01348487362284908
2685 0.01348230914294987
2686 0.01347975271832276
2687 0.01347705457580476
2688 0.01347455466401998
2689 0.01347252390267041
2690 0.01347073921177749
2691 0.013469080421369
2692 0.01346726955308045
2693 0.01346530286879792
2694 0.0134630105289692
2695 0.0134602622612577
2696 0.01345769446685899
2697 0.01345569185068549
2698 0.0134534740091155
2699 0.01345140568586497
2700 0.01344937099705017
2701 0.01344699562866324
2702 0.01344461825265956
2703 0.01344228652992555
2704 0.01344047316139519
2705 0.01343879002102065
2706 0.01343684200002976
2707 0.01343483731940045
2708 0.01343288162988205
2709 0.01343059523705268
2710 0.01342833437743853
2711 0.01342629385075648
2712 0.01342417053240533
2713 0.01342207261386734
2714 0.01341983537401372
2715 0.01341773878380323
2716 0.0134157762961067
2717 0.0134138265196321
2718 0.01341181037278216
2719 0.01340961600300067
2720 0.01340723923931074
2721 0.01340504028311742
2722 0.01340305953872977
2723 0.01340124594929991
2724 0.01339949781197343
2725 0.01339734441306116
2726 0.01339518812013765
2727 0.01339275069643814
2728 0.01339051030702227
2729 0.01338878687194813
2730 0.01338742239338005
2731 0.01338564848257505
2732 0.01338369469301077
2733 0.01338155965232287
2734 0.01337904537799172
2735 0.01337666244918412
2736 0.01337481773072804
2737 0.01337317988918723
2738 0.01337134860202787
2739 0.01336943911764887
2740 0.01336759076923566
2741 0.01336558477547041
2742 0.01336394173382717
2743 0.01336223614197933
2744 0.01335982772204654
2745 0.01335757746690978
2746 0.01335563761601135
2747 0.01335380200300905
2748 0.01335183253979674
2749 0.01334970970109717
2750 0.01334768645461999
2751 0.0133459043909373
2752 0.0133443191386726
2753 0.01334259679287168
2754 0.01334099226060305
2755 0.01333955583362135
2756 0.01333796193023151
2757 0.01333609359588565
2758 0.01333373486466521
2759 0.01333111646373824
2760 0.01332839504542793
2761 0.01332576915078378
2762 0.0133239552830266
2763 0.01332261656557527
2764 0.01332162594176786
2765 0.01332056773790361
2766 0.01331933353739321
2767 0.01331738999451567
2768 0.01331519744879819
2769 0.0133130545133223
2770 0.01331067978256171
2771 0.01330869508882219
2772 0.01330658958061347
2773 0.0133046103617148
2774 0.01330305972328754
2775 0.0133013808586685
2776 0.01329975284427025
2777 0.01329793812929013
2778 0.01329638355239676
2779 0.01329486654981273
2780 0.01329288420003932
2781 0.01329085898272926
2782 0.013288916431691
2783 0.01328707784897202
2784 0.01328534054594968
2785 0.01328354270981923
2786 0.01328195212034006
2787 0.01328040896349829
2788 0.01327864154820853
2789 0.01327662150229266
2790 0.01327469802988345
2791 0.01327279514255417
2792 0.013271052587305
2793 0.01326927607599632
2794 0.01326760587349391
2795 0.0132655561637813
2796 0.01326345985342963
2797 0.01326177586826647
2798 0.01326050874238133
2799 0.01325919027924691
2800 0.0132576305997581
2801 0.01325556350832679
2802 0.013253318435414
2803 0.01325121211401752
2804 0.0132498739047117
2805 0.01324843066015811
2806 0.01324717137963731
2807 0.01324585212614801
2808 0.0132439961085201
2809 0.01324176848588403
2810 0.01323960914775429
2811 0.0132375968656504
2812 0.01323583448935411
2813 0.0132344602325384
2814 0.01323319069594552
2815 0.01323157963227485
2816 0.0132299635143882
2817 0.01322841203640974
2818 0.01322648668866704
2819 0.01322461494910433
2820 0.01322259634353393
2821 0.01322041248202067
2822 0.01321877764513601
2823 0.01321722122080524
2824 0.01321574098703142
2825 0.01321414126676409
2826 0.01321276732332123
2827 0.01321135395305175
2828 0.01320957562123939
2829 0.01320786099196165
2830 0.0132062537460363
2831 0.01320456355109418
2832 0.01320290109447675
2833 0.01320096183778312
2834 0.01319899414337442
2835 0.01319709195984414
2836 0.01319569039065456
2837 0.01319430274391206
2838 0.0131931592329562
2839 0.01319177583338728
2840 0.01318994977275774
2841 0.01318793082425499
2842 0.01318609390157996
2843 0.01318459226627056
2844 0.0131832364114497
2845 0.01318185104192928
2846 0.01318035021035524
2847 0.01317838155807471
2848 0.01317616430582861
2849 0.0131741257437048
2850 0.01317245971652362
2851 0.01317102556632556
2852 0.01316981627311007
2853 0.01316859880734032
2854 0.01316697100576579
2855 0.01316568308170161
2856 0.01316424724106747
2857 0.01316278480922751
2858 0.01316084790555865
2859 0.01315887157822531
2860 0.01315716224595259
2861 0.01315531783601457
2862 0.01315383495460161
2863 0.01315268099581885
2864 0.01315126890086261
2865 0.01314948271958529
2866 0.01314781041879122
2867 0.01314654946920876
2868 0.01314545148175559
2869 0.01314386576275265
2870 0.01314192435857551
2871 0.01314018658836872
2872 0.01313834367744852
2873 0.01313668247665947
2874 0.01313529798361357
2875 0.01313409837514105
2876 0.01313287856504887
2877 0.01313133259532907
2878 0.01312942315124553
2879 0.01312757452795083
2880 0.01312600078349067
2881 0.01312454739753706
2882 0.0131231891303353
2883 0.01312167633473232
2884 0.01311987163365809
2885 0.01311793060854264
2886 0.01311610986151821
2887 0.01311476865276529
2888 0.01311375792128286
2889 0.01311283969502076
2890 0.01311146096006034
2891 0.01310988309446552
2892 0.01310815827881381
2893 0.01310636724989826
2894 0.01310465726340187
2895 0.01310310708419892
2896 0.01310086151209496
2897 0.01309884049859146
2898 0.0130974263746378
2899 0.01309653591608036
2900 0.01309588360821193
2901 0.01309470223907344
2902 0.01309312882786623
2903 0.01309137169055746
2904 0.01308950457368713
2905 0.01308767848739549
2906 0.01308598189536558
2907 0.01308447386674215
2908 0.01308309949007677
2909 0.01308177344354103
2910 0.01308055422906206
2911 0.01307920602547883
2912 0.01307784468834403
2913 0.01307644423616331
2914 0.01307455071586045
2915 0.01307246424510824
2916 0.01307094304047105
2917 0.01306986573701167
2918 0.01306885402372493
2919 0.01306742108591009
2920 0.01306565008681185
2921 0.01306377206964082
2922 0.01306215119967686
2923 0.01306079166948053
2924 0.01305954725143738
2925 0.01305841109047033
2926 0.01305683251138476
2927 0.01305543533764808
2928 0.01305408863475796
2929 0.01305248080556679
2930 0.01305085748454551
2931 0.01304904005409068
2932 0.01304719183541454
2933 0.0130453213370758
2934 0.01304361119927027
2935 0.0130425070500138
2936 0.01304176101408379
2937 0.01304102257603555
2938 0.01303973201496506
2939 0.01303823652170751
2940 0.01303668658146745
2941 0.01303492273339638
2942 0.01303324691422115
2943 0.01303157470481131
2944 0.01303000025990366
2945 0.01302815076128359
2946 0.01302668151253342
2947 0.01302544828191304
2948 0.01302440453008562
2949 0.01302321122294073
2950 0.01302186690187209
2951 0.01302058986231188
2952 0.01301890236590609
2953 0.01301720732023714
2954 0.01301582054130144
2955 0.01301416343540409
2956 0.01301296082434954
2957 0.01301140749355467
2958 0.01301012786835259
2959 0.01300911475029163
2960 0.01300781809999505
2961 0.01300648870669081
2962 0.01300463797651322
2963 0.01300262782290727
2964 0.01300112585750029
2965 0.01300020852227043
2966 0.01299912206923964
2967 0.01299779745636555
2968 0.01299627290067459
2969 0.01299487457488941
2970 0.01299336372207327
2971 0.01299201687652251
2972 0.01299054560051017
2973 0.01298889602317855
2974 0.01298723128707024
2975 0.01298573229532311
2976 0.0129846032761441
2977 0.01298327401685409
2978 0.01298180040254644
2979 0.01297998813725514
2980 0.01297830017092522
2981 0.01297682038402153
2982 0.01297574744152936
2983 0.01297480355740191
2984 0.01297377541278233
2985 0.01297269541478281
2986 0.01297158176242542
2987 0.012970335235872
2988 0.01296888411338798
2989 0.01296712837376134
2990 0.01296523182512823
2991 0.01296300969710478
2992 0.01296089562041271
2993 0.01295927026222393
2994 0.01295861049649928
2995 0.01295819342133763
2996 0.01295744308630118
2997 0.01295616156467446
2998 0.01295480064243561
2999 0.01295341493194317
3000 0.01295209618140718
