"drag-rfile"
"Iteration" "drag"
("Iteration" "drag")
1 0.8425316459233895
2 1.035485887041004
3 1.171369495572091
4 1.224677239671288
5 1.224973006102405
6 1.189473289049329
7 1.127354892492268
8 1.015975926437047
9 0.9192441602541801
10 0.8190020181358
11 0.7255319282386118
12 0.6290393616438191
13 0.5546867720776291
14 0.4896890986277741
15 0.4354647431983042
16 0.387407411882816
17 0.3444968045920002
18 0.3055126160658459
19 0.2694351362938353
20 0.2352133864602055
21 0.2024073023657086
22 0.1707285968240668
23 0.1400647587310569
24 0.1105019289549686
25 0.08220783742460613
26 0.05556093327564959
27 0.03038104644008996
28 0.007250171872956888
29 -0.01393833148923554
30 -0.03323139856060692
31 -0.05018670685472604
32 -0.06506111855814944
33 -0.07787507893638335
34 -0.08854290490436269
35 -0.09715012368721482
36 -0.103737303994719
37 -0.1084581686580449
38 -0.1113832165790174
39 -0.1126225477290763
40 -0.1122809562833967
41 -0.1105072240285356
42 -0.1073698211275982
43 -0.1030009213796779
44 -0.09753072168776907
45 -0.09106424288291287
46 -0.08372875570333077
47 -0.07570542382238001
48 -0.06707009722380924
49 -0.05792799644805588
50 -0.04850049550106656
51 -0.03890623057096563
52 -0.02920792110938385
53 -0.01954619970932507
54 -0.01005196717471565
55 -0.0008535372236240311
56 0.0079955929143167
57 0.01639363047533164
58 0.02427143708484541
59 0.03159530100881339
60 0.03835305602129959
61 0.04447448592755686
62 0.04992012675704793
63 0.05470432674402716
64 0.05882790370928789
65 0.06229451756133938
66 0.06510352733354968
67 0.06733621307536072
68 0.068931239817718
69 0.06997532465553462
70 0.07047651850080147
71 0.07047757396676131
72 0.06999669335129397
73 0.0690710193537725
74 0.06770332710952912
75 0.06598710199459264
76 0.0639330685408401
77 0.06161078212242425
78 0.05907314356767655
79 0.05634125234879377
80 0.05347212872327396
81 0.05049872260176912
82 0.04745999912790329
83 0.04437870144923709
84 0.041283921489241
85 0.03820341992318686
86 0.03517192258388556
87 0.03219654681848497
88 0.02931194584089982
89 0.02651737521132577
90 0.02382983361005971
91 0.02127784500832141
92 0.01885117914716248
93 0.01656258144533947
94 0.01440739397569708
95 0.01240345985826176
96 0.01055553822814479
97 0.008868172203582572
98 0.007334027745449709
99 0.005957811660051826
100 0.004732540400173716
101 0.003665184154659956
102 0.002745016870219841
103 0.001962232405969345
104 0.001315336234740174
105 0.0007959091455343442
106 0.0003971768074450749
107 0.0001122680422844137
108 -6.669659080258311e-05
109 -0.000143836951340425
110 -0.0001296378343916111
111 -3.095336867709431e-05
112 0.0001460348247341978
113 0.0003941395674327354
114 0.0007110391172817121
115 0.001089747247676904
116 0.00152554170334367
117 0.002013558840212173
118 0.002548897402112561
119 0.003127452155789702
120 0.003741614724085438
121 0.004390018370661041
122 0.005067657076775879
123 0.005771064311799561
124 0.006495925750346548
125 0.007237498928620336
126 0.007991779683228293
127 0.008754830157952446
128 0.009520350249625527
129 0.01028448765711717
130 0.01104469573310084
131 0.01179589193482369
132 0.0125357420444458
133 0.01325845943896672
134 0.01395710761494187
135 0.01463563871833637
136 0.01528924228907426
137 0.01591362234831093
138 0.0165061347993747
139 0.01706344403242156
140 0.01758386505076783
141 0.01806218347333988
142 0.01849956082861072
143 0.01889257508585108
144 0.01923992946723737
145 0.01954000819245296
146 0.01979155055887085
147 0.01999480745718477
148 0.02014856570566219
149 0.02025977761780563
150 0.02032188325130782
151 0.02032639662549044
152 0.02029259268900304
153 0.02021247885857012
154 0.02008805180907934
155 0.01992050879692932
156 0.01971358601129145
157 0.0194685152756411
158 0.01918862515170603
159 0.01887570593558344
160 0.0185327790109411
161 0.01816244836966428
162 0.0177681083677587
163 0.01735266262917653
164 0.01691921805932345
165 0.01647192075329382
166 0.01601472652874593
167 0.01555011491862849
168 0.01508136582755312
169 0.0146109614477788
170 0.0141413997546658
171 0.01367582284216659
172 0.01321751650053337
173 0.01276902078187869
174 0.01233288231920154
175 0.01191095035223525
176 0.01150646828298451
177 0.01112147062235575
178 0.01075717673719765
179 0.0104155328633144
180 0.01009860007871282
181 0.009807053835218871
182 0.009538160547247978
183 0.009301123228888713
184 0.009092208155696401
185 0.008909898843971264
186 0.008758039788485352
187 0.008635961581928453
188 0.00854436082627533
189 0.008482566030194119
190 0.008450693984800318
191 0.008448069457742262
192 0.008473563921489794
193 0.008525701574672879
194 0.00860399816572347
195 0.008707094599798222
196 0.008839066252459877
197 0.008987095614327095
198 0.009155529967113872
199 0.009343281903940938
200 0.009554898486288118
201 0.00977397951761283
202 0.01000657448784405
203 0.01025137986276296
204 0.01050607969401344
205 0.01076744896306483
206 0.01103358195202549
207 0.01130240065792275
208 0.01157156266880418
209 0.01183875278975728
210 0.01210255496846486
211 0.01236117836421263
212 0.01261844728345093
213 0.01286043685166364
214 0.0130969795380507
215 0.01331634954892002
216 0.01352493678919023
217 0.01371526815047705
218 0.01389167847394132
219 0.01404817032191758
220 0.01418790748208467
221 0.01430722934985369
222 0.01440827966292701
223 0.01448968081841532
224 0.01455128206182169
225 0.01459235144150321
226 0.01461517523164235
227 0.01461652615773246
228 0.01460123697592002
229 0.01456717883732188
230 0.01451234974869811
231 0.01444435566725339
232 0.01435975637497094
233 0.01425553287925874
234 0.01414327223021534
235 0.01401853568931731
236 0.01387725866087543
237 0.01373260324888133
238 0.01357361272089412
239 0.01340892525598376
240 0.01323947325451894
241 0.01306668925318178
242 0.01289181063491311
243 0.01271601080277739
244 0.01253813367451121
245 0.01236271601405868
246 0.01219006327634184
247 0.01202243524589792
248 0.0118606899049206
249 0.01170545917937368
250 0.01155715501279347
251 0.01141613718639777
252 0.01128291820943999
253 0.01116000096389629
254 0.01104420194505968
255 0.01093908932373683
256 0.01084305984955294
257 0.01075623347434438
258 0.01067895157892111
259 0.01061094763030208
260 0.01055270383984422
261 0.01050376214504996
262 0.01046305197347586
263 0.0104311247109964
264 0.0104078223657499
265 0.0103918974809801
266 0.0103833443058502
267 0.01038211426618991
268 0.01038657657931295
269 0.01039706767102605
270 0.01041275387729936
271 0.01043338930710038
272 0.0104579221397121
273 0.01048573994328729
274 0.01051651517845251
275 0.01054943140158749
276 0.01058385085733399
277 0.01061964416465569
278 0.01065600308284231
279 0.01069314577888704
280 0.01072989768272907
281 0.01076640670896934
282 0.0108021567287855
283 0.01083675008066155
284 0.01087057608809543
285 0.01090305607337848
286 0.01093373684929775
287 0.01096249788767454
288 0.01098929591907463
289 0.01101463859699038
290 0.01103820587923701
291 0.01106019688402187
292 0.01108026283854461
293 0.01109758472360949
294 0.01111354664099049
295 0.01112768557799269
296 0.01114112651605429
297 0.0111526519075446
298 0.01116300823436272
299 0.01117210198011905
300 0.01117983702021005
301 0.01118748493939041
302 0.01119455367115067
303 0.01120144633468531
304 0.01120767413846955
305 0.0112130619237358
306 0.01121839963844366
307 0.01122414101055841
308 0.01122972223752732
309 0.01123615086799576
310 0.01124282656276091
311 0.01124958701269086
312 0.01125686471077145
313 0.01126492122125926
314 0.01127377207819753
315 0.01128306095670958
316 0.01129300229132451
317 0.01130294870477898
318 0.01131331185232336
319 0.01132465088608749
320 0.01133725506489053
321 0.01134930011382417
322 0.01136171128907873
323 0.01137392184037114
324 0.0113860365683605
325 0.01139815237752826
326 0.0114097533164693
327 0.01142089669066822
328 0.01143112534931284
329 0.01144095590777522
330 0.01144963103994737
331 0.01145778958727853
332 0.01146431070603403
333 0.011469361477883
334 0.01147319532948254
335 0.01147543934665286
336 0.01147630953897643
337 0.01147512850228013
338 0.01147249382648755
339 0.01146772855353535
340 0.01146120420256718
341 0.01145314316491606
342 0.01144289132704619
343 0.01143134571213126
344 0.01141775410663542
345 0.01140222954028068
346 0.01138489585441825
347 0.01136542916076422
348 0.01134420755148857
349 0.01132151203089078
350 0.01129766536188267
351 0.01127244642419773
352 0.0112460357607963
353 0.01121918199675368
354 0.01119171467989896
355 0.01116356667605106
356 0.01113522007554758
357 0.01110662042333504
358 0.0110777343448982
359 0.01104946022564143
360 0.01102179064234405
361 0.01099533034944479
362 0.0109696228742924
363 0.01094535331957513
364 0.01092294527529099
365 0.01090216425954688
366 0.01088304994674553
367 0.01086594087310115
368 0.01085117562197992
369 0.01083854641085297
370 0.01082800970888951
371 0.01081982568465757
372 0.01081452009014333
373 0.01081220563914663
374 0.01081271763733919
375 0.01081644532143093
376 0.01082294871830167
377 0.01083194798597793
378 0.01084339632443503
379 0.01085794289088868
380 0.01087553849450544
381 0.01089518435156842
382 0.01091699385140578
383 0.01094109354643754
384 0.01096758761507331
385 0.01099669293499969
386 0.01102750092253815
387 0.01105936124971405
388 0.01109257759054043
389 0.01112609345843476
390 0.01116084795887845
391 0.01119568606210581
392 0.01123155573324706
393 0.01126657621694623
394 0.01130131247956432
395 0.01133579620208059
396 0.01136978687621992
397 0.01140254874325684
398 0.01143426055757654
399 0.01146440986888198
400 0.01149265978613653
401 0.01151939801516375
402 0.01154350948829792
403 0.01156534048018821
404 0.01158457929893862
405 0.01160100977236865
406 0.01161489693585605
407 0.01162606385923727
408 0.01163477192792367
409 0.01164074766247208
410 0.01164301672330581
411 0.01164188161361055
412 0.01163728575511323
413 0.01162942337183696
414 0.01161857087105149
415 0.01160472442101047
416 0.01158779636028511
417 0.01156787197338645
418 0.01154534377657629
419 0.01152056039189751
420 0.01149329859874551
421 0.01146308633801083
422 0.01143061808041664
423 0.01139650094098788
424 0.01136042471462573
425 0.01132250386010043
426 0.01128324280426457
427 0.01124290756721071
428 0.01120128130523431
429 0.01115906244670075
430 0.01111618409927388
431 0.0110730876693468
432 0.01103007266529703
433 0.01098716794463687
434 0.01094438073448465
435 0.01090204852979296
436 0.01086027597878279
437 0.01081909192483607
438 0.01077879132168256
439 0.01073962729231777
440 0.01070167491266569
441 0.01066515524392815
442 0.01063067452371878
443 0.01059799040913677
444 0.01056676003228794
445 0.01053762859077817
446 0.01051047938069327
447 0.01048545051576034
448 0.01046232274363909
449 0.01044102360190191
450 0.01042225927859409
451 0.01040544332053827
452 0.01039072963206247
453 0.01037842318118873
454 0.01036852981626406
455 0.01036105179834268
456 0.0103554046171745
457 0.01035187063562639
458 0.01035028585705634
459 0.01035041556406965
460 0.01035226399343562
461 0.01035580943920753
462 0.01036075792172495
463 0.01036731345001756
464 0.01037505947651171
465 0.01038422427782356
466 0.01039477725623121
467 0.01040627037946077
468 0.01041820900712408
469 0.01043082456447741
470 0.01044406438339077
471 0.01045792599504475
472 0.01047185149986023
473 0.01048594367494587
474 0.01050022816471891
475 0.01051437679004861
476 0.01052824403829096
477 0.01054196879071974
478 0.01055551774968451
479 0.01056850980847234
480 0.01058063824174756
481 0.01059169346674098
482 0.01060174638884234
483 0.0106108215783654
484 0.01061923343963133
485 0.01062617090959691
486 0.0106319563136177
487 0.0106362123371552
488 0.01063864295107921
489 0.01063969352977449
490 0.01063916319120931
491 0.01063725108167266
492 0.01063376219883657
493 0.01062859327369292
494 0.01062190479920175
495 0.01061368836099856
496 0.01060447852311973
497 0.01059357924571216
498 0.01058076950457777
499 0.01056603808470548
500 0.01054949578357819
501 0.01053153104678698
502 0.01051221703307534
503 0.01049146165095833
504 0.01046955063662742
505 0.01044683226232437
506 0.01042316472986433
507 0.01039841832451833
508 0.01037333161105009
509 0.01034752182537667
510 0.01032114002634888
511 0.01029389343741311
512 0.01026659678070515
513 0.01023922336039058
514 0.01021176854170697
515 0.01018434008814735
516 0.01015712262853469
517 0.01013048793973334
518 0.0101047712507609
519 0.01008033121815063
520 0.01005677788859394
521 0.01003384534118157
522 0.01001166733271983
523 0.009990566456932125
524 0.009970718287434482
525 0.009952595494596339
526 0.009936165874765179
527 0.009921223613200643
528 0.00990785086661654
529 0.009896043467952873
530 0.0098865007170787
531 0.009879117321547233
532 0.009873354896126736
533 0.009868997961370106
534 0.009865858234943977
535 0.009864687419316095
536 0.009865349611482027
537 0.009867832812304637
538 0.009872041408394488
539 0.009877801247092446
540 0.009885190275769897
541 0.009893973251003219
542 0.00990373258874885
543 0.009915319650077826
544 0.009928110980646851
545 0.009941654478523559
546 0.009956732980188888
547 0.009972685636688471
548 0.009989229411259204
549 0.01000630008937265
550 0.0100239353718357
551 0.01004182022462526
552 0.01006016442013954
553 0.0100785253023433
554 0.01009700029872881
555 0.01011560914103313
556 0.01013366087414714
557 0.01015093927540152
558 0.0101675118855684
559 0.01018337534866005
560 0.01019886752145306
561 0.01021371986002191
562 0.01022718530115476
563 0.01023984180392177
564 0.01025176478400771
565 0.01026270863904597
566 0.010272649011647
567 0.01028120702568951
568 0.01028836438692956
569 0.01029432890107648
570 0.01029886820220408
571 0.01030219678730014
572 0.0103043781860911
573 0.01030523736081687
574 0.0103045197142073
575 0.01030250203613822
576 0.01029879650455833
577 0.01029458512814559
578 0.01028913371067059
579 0.01028226043880605
580 0.01027390548448488
581 0.01026434036153304
582 0.01025405641222164
583 0.01024295375954131
584 0.01023160929932334
585 0.01021909301478801
586 0.01020567780284203
587 0.01019132846309394
588 0.01017639260355964
589 0.01016085556397177
590 0.01014439131405738
591 0.01012741553037593
592 0.01011002598421234
593 0.01009224685712276
594 0.01007430075213859
595 0.01005627794093164
596 0.01003815373826024
597 0.01002015576613562
598 0.01000206869921847
599 0.009983807381612347
600 0.009965566242004582
601 0.009947710351511699
602 0.009929988645262683
603 0.009912446549036863
604 0.009895463408997036
605 0.009878684728122365
606 0.009862332354276974
607 0.009846651108289915
608 0.009831461157129852
609 0.009817135798247507
610 0.009803698236259539
611 0.009790410944924713
612 0.009777463290493154
613 0.009765174386565797
614 0.009753717051343475
615 0.009743178274680821
616 0.009733476267595168
617 0.00972428025230181
618 0.009715637136380816
619 0.009708002388174241
620 0.009701542198334729
621 0.009695686534999061
622 0.00969023214160117
623 0.009685366839782923
624 0.009680870152452214
625 0.009677363698422058
626 0.009674495562400619
627 0.009672731866953731
628 0.009671935868458683
629 0.009671495190118987
630 0.00967218485237944
631 0.009673729855015033
632 0.009675540718278339
633 0.009677741101828539
634 0.009679954151428707
635 0.009682541392563871
636 0.009685637105077459
637 0.009689466971092504
638 0.009693719404014173
639 0.009698541300891312
640 0.009703695659268553
641 0.009709099374380326
642 0.009715103697012881
643 0.009721134194050367
644 0.00972708798690209
645 0.009733329233641959
646 0.009739598278235971
647 0.009745875623683346
648 0.009752567867635372
649 0.00975893129422413
650 0.009765309719203325
651 0.009771251091509241
652 0.009776646733820315
653 0.009782525887333599
654 0.009787978370823304
655 0.009792719230302156
656 0.009796797694245043
657 0.009800538382206252
658 0.009804301495587278
659 0.009807603533471937
660 0.009810580681504562
661 0.00981363465039312
662 0.009816144663616458
663 0.009817939987703353
664 0.00981923241591562
665 0.009820046665158649
666 0.009820191625697897
667 0.009819387377313407
668 0.009818054980018635
669 0.009816207031793766
670 0.009813893913506356
671 0.009810993516637152
672 0.009807608366392969
673 0.00980358786309667
674 0.009798814796314186
675 0.009793669532093386
676 0.009788242227958877
677 0.00978242739308053
678 0.009776247777214406
679 0.009768981448750415
680 0.009761644199675549
681 0.009753912178385756
682 0.009746277897691289
683 0.009738465206088525
684 0.009730151705868639
685 0.009721455682015375
686 0.009712050144757768
687 0.00970249437964096
688 0.009693499647239687
689 0.009684088635410929
690 0.009674557414613106
691 0.009665164365400596
692 0.00965565239403437
693 0.009646588310690195
694 0.009637288196701448
695 0.009628116276676799
696 0.009618763305714217
697 0.009609928423663315
698 0.009601674481623874
699 0.00959345554712833
700 0.009585419243472882
701 0.009577703725118524
702 0.009570164541714894
703 0.009562885523090255
704 0.009555967044305396
705 0.009549455746156439
706 0.009543468623520941
707 0.009538155282050957
708 0.00953299911973678
709 0.009528126948175177
710 0.00952339746229674
711 0.009518769441733768
712 0.009514196982685656
713 0.009510018830645409
714 0.009506678351019215
715 0.009503869794901452
716 0.009501273770614795
717 0.009499150186702941
718 0.009497575007259456
719 0.009496233723020655
720 0.009495318904310107
721 0.009494376887661549
722 0.009494108180154007
723 0.009494129334217838
724 0.009494058134766302
725 0.009494395359231364
726 0.009495105578049551
727 0.009496067310879175
728 0.009497145673111046
729 0.009498155747288007
730 0.009499498101893895
731 0.009500636531867864
732 0.009502090110703288
733 0.009503997566364818
734 0.009505911403109753
735 0.009507922326048024
736 0.009509706455984431
737 0.009511424268902738
738 0.009513399233842985
739 0.009515153427059664
740 0.009516979113837672
741 0.009518284062982677
742 0.009519416606235533
743 0.009520500029291485
744 0.009521412317368434
745 0.009522499699130141
746 0.009523667049981557
747 0.009524366221773006
748 0.009525316963521343
749 0.009526022729853662
750 0.009526682370249067
751 0.009527413349268293
752 0.009527872717093539
753 0.009527715776798326
754 0.009527355567158613
755 0.009526576658732572
756 0.009525775116717108
757 0.009524919731891568
758 0.009523937735585237
759 0.009522955846587165
760 0.00952157033194705
761 0.009520063025393455
762 0.009518500394283525
763 0.009516733047135887
764 0.009514256327414426
765 0.009511330974416041
766 0.009508566313235508
767 0.009505356257140845
768 0.009502040867943529
769 0.009498958711266341
770 0.009495451077237573
771 0.009492236323928899
772 0.00948837785052831
773 0.009484136251901715
774 0.00947993433971211
775 0.009475524565962673
776 0.009471138366409398
777 0.009466596446143127
778 0.009461724365810983
779 0.00945705583517824
780 0.009452206483402633
781 0.009447459199487564
782 0.009442430362364123
783 0.009437372162783035
784 0.009432616632180044
785 0.009427433456419465
786 0.009421940150020861
787 0.009416626664396906
788 0.009411180637198842
789 0.009405866425592397
790 0.009400633195427964
791 0.009395073267393085
792 0.009389751867418169
793 0.009384671710577757
794 0.009379512991999775
795 0.009374516834205329
796 0.009369134049066934
797 0.009363722207731108
798 0.009358515995522728
799 0.009353532119987313
800 0.009348344744653172
801 0.009343370853844384
802 0.009338416967471279
803 0.009333670157110447
804 0.009329243109039265
805 0.009325110703272035
806 0.00932088252839634
807 0.00931643154465185
808 0.00931231751744363
809 0.009308323455875093
810 0.009304361146279722
811 0.009300479408758656
812 0.009296505481843725
813 0.009292625728466617
814 0.009289439888151381
815 0.009286590952491763
816 0.009283835091833453
817 0.009280964029734204
818 0.009278258936226072
819 0.009275661094145198
820 0.009272978423520687
821 0.009270411485773624
822 0.009267812479033957
823 0.009265596420793037
824 0.009263474974213667
825 0.009261355753392594
826 0.00925940567412328
827 0.009257538521961536
828 0.00925608469212515
829 0.009254607297580412
830 0.00925294233974659
831 0.009251279367813264
832 0.009249821992208848
833 0.009248161703836515
834 0.009246713315842706
835 0.009245572594589312
836 0.009244089032629001
837 0.009242712134341673
838 0.009241469153218534
839 0.009240492707049632
840 0.009239822959768194
841 0.009238877000470439
842 0.009237537337471695
843 0.009236212736057983
844 0.009235049347795737
845 0.009234006426737803
846 0.009233121001292389
847 0.009232722677466458
848 0.009232143398089131
849 0.009231366397839665
850 0.009230382917406601
851 0.009229317344447086
852 0.009228479680250595
853 0.00922726481696769
854 0.00922572409997985
855 0.009224323974514575
856 0.0092229929150943
857 0.009221931709833774
858 0.009220882554869636
859 0.00921991589980683
860 0.00921892302683869
861 0.00921782146848589
862 0.009216522075566792
863 0.00921493775938817
864 0.009213401105572285
865 0.009211822443621053
866 0.009210129380555593
867 0.009208837123754098
868 0.009207523172846351
869 0.009206153186074782
870 0.009204976936185206
871 0.009203700910629298
872 0.009202229588078825
873 0.009200764426306221
874 0.009199112750400858
875 0.009197165097339628
876 0.009195325542468699
877 0.009193423578881964
878 0.009191502422880108
879 0.009189660763587895
880 0.009187888456351157
881 0.009186040619552003
882 0.009184762479142213
883 0.009183594370833851
884 0.009182110975188959
885 0.00918008112133387
886 0.009178171869866395
887 0.009176143162265091
888 0.009174537903473397
889 0.009172484320945739
890 0.009170703843981666
891 0.009168780546652516
892 0.009166907924129332
893 0.009165238886477245
894 0.009163370225924679
895 0.009161473524219321
896 0.009159394089915274
897 0.009157679184259965
898 0.009155964735782403
899 0.009153943513570321
900 0.00915218097259517
901 0.009150512223327977
902 0.009149060062840145
903 0.009147557760696616
904 0.009145779559240922
905 0.009144186689032772
906 0.009142720188969075
907 0.009141042360314912
908 0.009139091899719273
909 0.009137071608345482
910 0.009135017807900363
911 0.009133096490731281
912 0.009131054074122614
913 0.009129267592826455
914 0.009127732971975243
915 0.009126268127110176
916 0.009125194618581765
917 0.009123865441981524
918 0.009122307807149751
919 0.009120776809051193
920 0.009119038624045306
921 0.009117233860953091
922 0.009115306370039758
923 0.009113508000637835
924 0.009111966071636354
925 0.009110518135276661
926 0.009108872420715316
927 0.00910730325199419
928 0.009105841833871489
929 0.009104007590307437
930 0.009102022370936746
931 0.00910024826934196
932 0.009098861549950021
933 0.009097535381951244
934 0.009096282467142848
935 0.009094974428807029
936 0.009093547285618859
937 0.009092248892995182
938 0.009090982594768928
939 0.009089798389369729
940 0.009088630917312096
941 0.00908736561546466
942 0.00908569967056704
943 0.009083500499304897
944 0.009081327680948216
945 0.009079148889077113
946 0.009077577859966183
947 0.009076177340857224
948 0.009074535037608859
949 0.009072984682649119
950 0.0090714876593026
951 0.009069991445294506
952 0.009068695833061243
953 0.009067154807836143
954 0.009065492257968964
955 0.009063520089123077
956 0.009061490632967009
957 0.009059888111725679
958 0.009058095960685434
959 0.009056366630341059
960 0.009054741603482972
961 0.009053312783499924
962 0.009051623717066392
963 0.009049950794970231
964 0.009048532269857156
965 0.009046871576186746
966 0.009044985756981153
967 0.009043003070961751
968 0.00904114784911461
969 0.009039645073291922
970 0.009038365788027022
971 0.009037050033263896
972 0.009035352483264479
973 0.009033702144499726
974 0.009031948834343814
975 0.009029913561414346
976 0.009028078217318462
977 0.009026142424039848
978 0.009024070939490037
979 0.009022013290731308
980 0.009020262435413116
981 0.009018419774469419
982 0.009017029739850779
983 0.009015807058938445
984 0.009014431770607836
985 0.009012934823345087
986 0.009011327376483679
987 0.009009820109911908
988 0.009008202671766967
989 0.009006436029172723
990 0.009004691870755803
991 0.009002574114411304
992 0.009000475228828951
993 0.008998583054822991
994 0.008996657071979055
995 0.008994665241738198
996 0.00899266777781795
997 0.008991542923297997
998 0.008990636763890293
999 0.008989474740509469
1000 0.008988301003229301
1001 0.008986665589697277
1002 0.008984730992428355
1003 0.008983093837007707
1004 0.008981564037851135
1005 0.0089798163736696
1006 0.008978000200871193
1007 0.008976294547966142
1008 0.008974496901307425
1009 0.008972318013332876
1010 0.008970136634849687
1011 0.008968075203644245
1012 0.008966322243713446
1013 0.008964414820838632
1014 0.008962544764184456
1015 0.008961257824227477
1016 0.008960008291008983
1017 0.008958461138583271
1018 0.008956833966287868
1019 0.008954945740139761
1020 0.008953208405854141
1021 0.008951371316796016
1022 0.008949418183686667
1023 0.008947557920082132
1024 0.008946036684741931
1025 0.008944337104475534
1026 0.008942615333950098
1027 0.008940677183423585
1028 0.008938675975931985
1029 0.008936900403908916
1030 0.008934998586581713
1031 0.008933207643820164
1032 0.00893149556825454
1033 0.00892972023095325
1034 0.008928043805736492
1035 0.008926214904653501
1036 0.008924342155324528
1037 0.008922817671415078
1038 0.00892118158703438
1039 0.008919384662938516
1040 0.008917519972386153
1041 0.008915493458707253
1042 0.008913441803369535
1043 0.008911108277320372
1044 0.008908842753219032
1045 0.008907120332888636
1046 0.008905559225716116
1047 0.008904055096123124
1048 0.008902729281782259
1049 0.008901451029588567
1050 0.008899652465886315
1051 0.008898244739065708
1052 0.008896720684070651
1053 0.008895316458559443
1054 0.008893616150641366
1055 0.008891344452722428
1056 0.008889432086078808
1057 0.00888767740020239
1058 0.008885780645103501
1059 0.008883834055244604
1060 0.00888236911058984
1061 0.008880976471513525
1062 0.008879582375616776
1063 0.008878073971492618
1064 0.008876537611973304
1065 0.008874964638507477
1066 0.008873565879734658
1067 0.008872245384467027
1068 0.008870846337768254
1069 0.008869367646159886
1070 0.008867827010911752
1071 0.008866303263903627
1072 0.008864539823280428
1073 0.008862687211379961
1074 0.008860863657320682
1075 0.008858924723014935
1076 0.008857257174238267
1077 0.008855610312972018
1078 0.008854614088691631
1079 0.008853813267917766
1080 0.008852975728785571
1081 0.008852013770469631
1082 0.008850979301086682
1083 0.008850072244511174
1084 0.008849080348411323
1085 0.008847752895419423
1086 0.008846291234332235
1087 0.008844655927392458
1088 0.008843252475554878
1089 0.008841874253478535
1090 0.008840765628096051
1091 0.008839321307525032
1092 0.008838201491297239
1093 0.008837484301294069
1094 0.008836828434041743
1095 0.008835887069885319
1096 0.008834696944018203
1097 0.008833563137475381
1098 0.008832272130363321
1099 0.008831053452759355
1100 0.008829920134432403
1101 0.008828994564699023
1102 0.008828020905298781
1103 0.008827220207521658
1104 0.008826636229808211
1105 0.008825775548679599
1106 0.008825059763127377
1107 0.008823983122836141
1108 0.008822914935067478
1109 0.008821864033770159
1110 0.008821064747230467
1111 0.008820480259836451
1112 0.008819785433311861
1113 0.008818970225601025
1114 0.008818022709566453
1115 0.008817212370320557
1116 0.008816708258700224
1117 0.008816038934880553
1118 0.008815473529639777
1119 0.008814425432174538
1120 0.008813245095283027
1121 0.008812406570759218
1122 0.008811626359920128
1123 0.008810684846279514
1124 0.008809769657379968
1125 0.0088085999199147
1126 0.008807931035501001
1127 0.008807138459545325
1128 0.008806320711889425
1129 0.008805599465033839
1130 0.008804592556401284
1131 0.008803586575122551
1132 0.008802644520181684
1133 0.008801883627510231
1134 0.008801211566702319
1135 0.008800491545610131
1136 0.008799309927618862
1137 0.008798269563052404
1138 0.008797445877861397
1139 0.008796492483927124
1140 0.008795173064914846
1141 0.00879382662690178
1142 0.008792430400107382
1143 0.008791450075133636
1144 0.008790673341015701
1145 0.008789926625561969
1146 0.008789208130767974
1147 0.008788481456066954
1148 0.008787494847058461
1149 0.008786777612405544
1150 0.008785832010438168
1151 0.008784803622188754
1152 0.008783573194929143
1153 0.00878234500313306
1154 0.008780933009693969
1155 0.008779776629325766
1156 0.008778408197066568
1157 0.008776761820803719
1158 0.00877524434130279
1159 0.008774139727464797
1160 0.008772920373137108
1161 0.008771915887600361
1162 0.008771052998068437
1163 0.008769938051748104
1164 0.008768612715766525
1165 0.008767351331487963
1166 0.008766345059503888
1167 0.008764828048559249
1168 0.008763198662874505
1169 0.008762116308795176
1170 0.008761137274766221
1171 0.008760070145310286
1172 0.008758653301012002
1173 0.008757166239468484
1174 0.008755698792725423
1175 0.008754280275397319
1176 0.008752942999131779
1177 0.008751705326127559
1178 0.008750593074377687
1179 0.008749650432425147
1180 0.008748465824560682
1181 0.008746995227711682
1182 0.008745658157601284
1183 0.008744433229458337
1184 0.008743032991188712
1185 0.008741415498490782
1186 0.00873962002826666
1187 0.008738082403812107
1188 0.008736679897055368
1189 0.008735281696553804
1190 0.008733458971682708
1191 0.008731754983321623
1192 0.008730332729324724
1193 0.008729180078169174
1194 0.008728194777411541
1195 0.008727196170482343
1196 0.00872572965424818
1197 0.008724497068162973
1198 0.008723124933811926
1199 0.008721817712405457
1200 0.00872040450575245
1201 0.008719186861703901
1202 0.008718234086506866
1203 0.008716673603491732
1204 0.008715044430259928
1205 0.008713268562982207
1206 0.008711382229632806
1207 0.008709725071091782
1208 0.00870821439434979
1209 0.00870689563285282
1210 0.008705556189166594
1211 0.008704610187241536
1212 0.008703627293986521
1213 0.008702644477289087
1214 0.008701418314301965
1215 0.00870008779613474
1216 0.008698420748241847
1217 0.008696786761185682
1218 0.008695285239605805
1219 0.008693439613615933
1220 0.008691665246931758
1221 0.008690228878642502
1222 0.008689053295339965
1223 0.008687971543727248
1224 0.008686830442051935
1225 0.008685433252124848
1226 0.008684440308306233
1227 0.008683386984567696
1228 0.008682216335550183
1229 0.008680938188390419
1230 0.008679716565884654
1231 0.008678531473201925
1232 0.008677536630094268
1233 0.008676274364667546
1234 0.008675090403313624
1235 0.008674178805432514
1236 0.00867337555402101
1237 0.00867206618056152
1238 0.00867078717489007
1239 0.008669164998664547
1240 0.008667508731801622
1241 0.008666399050491019
1242 0.008665348476658378
1243 0.008664061168531932
1244 0.008663207398961381
1245 0.008662373400186307
1246 0.008661258949303368
1247 0.008660316675512403
1248 0.008659251570612267
1249 0.00865820393716424
1250 0.008656744713413682
1251 0.008655648698095131
1252 0.008654567063176405
1253 0.008653515372152365
1254 0.008652220132122161
1255 0.008651204912298146
1256 0.008650436822703445
1257 0.008649563074388637
1258 0.008648713739817194
1259 0.00864792379026773
1260 0.008647195335228168
1261 0.008646394329391405
1262 0.008645241371171645
1263 0.008644288872243233
1264 0.008643654003058275
1265 0.008642916301137267
1266 0.008642089635735291
1267 0.008641067978809107
1268 0.008640006556027277
1269 0.008639037437548579
1270 0.008637981655573101
1271 0.008636997576966898
1272 0.00863600856659869
1273 0.008635041019367667
1274 0.008633858643865108
1275 0.008632967546272708
1276 0.008632201473306997
1277 0.008631553264609113
1278 0.008630713456789705
1279 0.008630160365309997
1280 0.008629535630490492
1281 0.008628753024149335
1282 0.008628019649447465
1283 0.008626864132462258
1284 0.008625922189605241
1285 0.008625174649901325
1286 0.00862435929239061
1287 0.008623464491180642
1288 0.008622702448995403
1289 0.008622369594688397
1290 0.008622048134877824
1291 0.008621738201137185
1292 0.008621195070532411
1293 0.008620637886817309
1294 0.008619803550249819
1295 0.008618699121127586
1296 0.008617789936456026
1297 0.008616901404473467
1298 0.008616213064440752
1299 0.008615342858643738
1300 0.008614445079132596
1301 0.00861367517229842
1302 0.008612766706032103
1303 0.008612066105016473
1304 0.008611761396833468
1305 0.008611090586136991
1306 0.008610225915428415
1307 0.008609312356687028
1308 0.008608431794109035
1309 0.008608000742705031
1310 0.008607212109434515
1311 0.008606196597474511
1312 0.008605277980089547
1313 0.008604679955848764
1314 0.008604088893938617
1315 0.008603453716387374
1316 0.008602567600634086
1317 0.008601574862335001
1318 0.008600758744022065
1319 0.008599915385806097
1320 0.008599455502753633
1321 0.00859880647505722
1322 0.008598323180304493
1323 0.008597698503154332
1324 0.008597170736584248
1325 0.008596789636582674
1326 0.008596229272536645
1327 0.008595389664993874
1328 0.00859425843134847
1329 0.008593089239357926
1330 0.008592075095293512
1331 0.008591329494449058
1332 0.00859040339731337
1333 0.008589556582998877
1334 0.008588697960212527
1335 0.008587763834425919
1336 0.008586864129301293
1337 0.00858608060909837
1338 0.008585426259891452
1339 0.008584953718043017
1340 0.008584338471028401
1341 0.008583387140105184
1342 0.008582165183025505
1343 0.008581299912953439
1344 0.008580479767391463
1345 0.008579802651355096
1346 0.008579077326621333
1347 0.008578344118301124
1348 0.008577480145804905
1349 0.008576694187042383
1350 0.008575732893361372
1351 0.008574682824713882
1352 0.008573490729798912
1353 0.008572550738854162
1354 0.008572027421416415
1355 0.008571234171380253
1356 0.008570696322159755
1357 0.008569973379881551
1358 0.008569091707289419
1359 0.008568180325123012
1360 0.00856686960214809
1361 0.008565513676194462
1362 0.008564537387673779
1363 0.008563850654859788
1364 0.008563162365738876
1365 0.008562520557718632
1366 0.008561569270147215
1367 0.008560571731557354
1368 0.008559393501818577
1369 0.008558307146347966
1370 0.008557262774866323
1371 0.008556120387042577
1372 0.008555064761638174
1373 0.008553571841301613
1374 0.00855264199946708
1375 0.0085520266108432
1376 0.008551386342789119
1377 0.008550758427012391
1378 0.008549933731206749
1379 0.008549245160170979
1380 0.008548592556890656
1381 0.008547691847442957
1382 0.008546720804179597
1383 0.008545626381947915
1384 0.008544151873363883
1385 0.008542876231801045
1386 0.008542015639732684
1387 0.008541352397041114
1388 0.008540332462389551
1389 0.008539462948181352
1390 0.008538707840931701
1391 0.00853777895524494
1392 0.008536935684482281
1393 0.008535857853109343
1394 0.008534602260217033
1395 0.008533318298855397
1396 0.008532185535085621
1397 0.008531228254114393
1398 0.008530286161618148
1399 0.008529275505376565
1400 0.008528325755427155
1401 0.00852755536421824
1402 0.008526788525288816
1403 0.008526245263789849
1404 0.008525382604641205
1405 0.008524001166688921
1406 0.008522856221648893
1407 0.008522103690605134
1408 0.008521418057317086
1409 0.008520689618870557
1410 0.008519754412215419
1411 0.008518506533634148
1412 0.008517486037800741
1413 0.00851672188203588
1414 0.008515977381931736
1415 0.008515341185758873
1416 0.00851443272019789
1417 0.008513338373218731
1418 0.008512308399911274
1419 0.00851130527031858
1420 0.008510204121220959
1421 0.008509126819460677
1422 0.00850812168745879
1423 0.008507350568867122
1424 0.008506281029221735
1425 0.008505350910972894
1426 0.008504601395078653
1427 0.008503618943293684
1428 0.008502753210964465
1429 0.008501754134499138
1430 0.008501109382593082
1431 0.008500637447155868
1432 0.008500094968385425
1433 0.008499668055879863
1434 0.00849888871101156
1435 0.008498002351039998
1436 0.008497193601545989
1437 0.008496154927371987
1438 0.008495460314741766
1439 0.008494786530006923
1440 0.008494152848584059
1441 0.008493127945696644
1442 0.008492170127264035
1443 0.008491289344738437
1444 0.008490105637753277
1445 0.008489191754039975
1446 0.008488486325970931
1447 0.008487812982689757
1448 0.008487156895144307
1449 0.008486351570434664
1450 0.008485110557219447
1451 0.008484166261481801
1452 0.0084833012982008
1453 0.008482659273851775
1454 0.008482067553036462
1455 0.008481775891764814
1456 0.008481355404779574
1457 0.00848065265484426
1458 0.008480016449462625
1459 0.008479203062355478
1460 0.008477978840088834
1461 0.008477062176059867
1462 0.008476261530536483
1463 0.008475871967053161
1464 0.008475342904484134
1465 0.008474741206287795
1466 0.008474446870985518
1467 0.008473796958590902
1468 0.00847319089123149
1469 0.008472441271735572
1470 0.00847163233002237
1471 0.008470759707045712
1472 0.008470089072948646
1473 0.008469434605613122
1474 0.008468694313482954
1475 0.008467947533531944
1476 0.008467351598292204
1477 0.008466533785741066
1478 0.008465694741077693
1479 0.008464820822067653
1480 0.008464179069167754
1481 0.008463543077602019
1482 0.008462947543978701
1483 0.008462393049739954
1484 0.008461612029665855
1485 0.008460863750319826
1486 0.008460134755937241
1487 0.00845944491801936
1488 0.008458944631274126
1489 0.008458516627692633
1490 0.008457986703728746
1491 0.008457549543137783
1492 0.008457002913166358
1493 0.008456272354926991
1494 0.008455047410347747
1495 0.008454270604921798
1496 0.008454033453482552
1497 0.008453909304341339
1498 0.008453698408593396
1499 0.008453072991882039
1500 0.008452533958659813
1501 0.008451889796163091
1502 0.008451352734528267
1503 0.008450557540847843
1504 0.008449610121008542
1505 0.008448638474608708
1506 0.008448020964528839
1507 0.008447530203521894
1508 0.008446924442767505
1509 0.008446399576994739
1510 0.008445805984535313
1511 0.008444910416639985
1512 0.008443968958651222
1513 0.008443259845620228
1514 0.008442671804433293
1515 0.008442235343437261
1516 0.008441849453948746
1517 0.008441428241772544
1518 0.008440945049653745
1519 0.008440512051836666
1520 0.008439731026865564
1521 0.008439395755504248
1522 0.008439042417785144
1523 0.008438665707854953
1524 0.008438145119936239
1525 0.008437484917293389
1526 0.008436652491411923
1527 0.00843566421985942
1528 0.008434981624101555
1529 0.008434420319976283
1530 0.008434012205960444
1531 0.008433632236941165
1532 0.008433202158530807
1533 0.008432832607926164
1534 0.008432115646164556
1535 0.00843109565869293
1536 0.008430115607614917
1537 0.008429383908457471
1538 0.008428791262406895
1539 0.008428277159926528
1540 0.008427982044955451
1541 0.00842728553602525
1542 0.008426434077120326
1543 0.008425822624261982
1544 0.00842532151775852
1545 0.008424739631095888
1546 0.008424227405854551
1547 0.008423814215923186
1548 0.00842310950894971
1549 0.008422385623676424
1550 0.008421745424932571
1551 0.00842075609615147
1552 0.008420266111989747
1553 0.008420058641854125
1554 0.008419626192028044
1555 0.008419223414699717
1556 0.008418936937481416
1557 0.008418728663341736
1558 0.008418303014724401
1559 0.008417336319723513
1560 0.008416186782729819
1561 0.008415196203150453
1562 0.008414675110459085
1563 0.008414188920247947
1564 0.008413382225085715
1565 0.008412617323401405
1566 0.008412299001534588
1567 0.008411778545052104
1568 0.008411049723956848
1569 0.008410535392907719
1570 0.008409463504150351
1571 0.008408506980566517
1572 0.008408098327504224
1573 0.008407851787097744
1574 0.00840738398370847
1575 0.008406555662397029
1576 0.008405918362339932
1577 0.008405286213430138
1578 0.008404875429576469
1579 0.008404443895683088
1580 0.008403911174217413
1581 0.008403068613625084
1582 0.008402111440183416
1583 0.0084013737733233
1584 0.00840058647620409
1585 0.00839992630142106
1586 0.008399687662261969
1587 0.008399269186172603
1588 0.008398939146289617
1589 0.0083986245720489
1590 0.008398144380954627
1591 0.008397710606913245
1592 0.008396812408021944
1593 0.00839585622715899
1594 0.008394887386899405
1595 0.008393978114763199
1596 0.008393380521503475
1597 0.008392720532478578
1598 0.008391738635970989
1599 0.00839106099823277
1600 0.008390777143671729
1601 0.008390422414121414
1602 0.008389763125242743
1603 0.008388855132544492
1604 0.00838814363669064
1605 0.008387536146684211
1606 0.008386853771126898
1607 0.008386443100208261
1608 0.008385979563663644
1609 0.008385769707488585
1610 0.008385398085036853
1611 0.008384787174558293
1612 0.008384230656496239
1613 0.008383597913367668
1614 0.008382881070624994
1615 0.008382114393087323
1616 0.008380995195357578
1617 0.008380356286372251
1618 0.008379578110550701
1619 0.008378965013543037
1620 0.008378725613475295
1621 0.008378323480708591
1622 0.008377921791184951
1623 0.008377239964517429
1624 0.008376497484682437
1625 0.008375709252083793
1626 0.008374973572349636
1627 0.008374416877446486
1628 0.008373687352351084
1629 0.008372895046421618
1630 0.008372310524624262
1631 0.008371694526948689
1632 0.008371140067854766
1633 0.0083706066252081
1634 0.008370066069519648
1635 0.008369203298354533
1636 0.008368667436366004
1637 0.00836842919712528
1638 0.008367895412572927
1639 0.008367434566957845
1640 0.008366949227577521
1641 0.008366278819978203
1642 0.008365734584676179
1643 0.008365096958447045
1644 0.008364435673437112
1645 0.008363757116516293
1646 0.008363112412868717
1647 0.008362995643317574
1648 0.008362617545262428
1649 0.008361966849588088
1650 0.008361256382361872
1651 0.008360202706199801
1652 0.008359710999475618
1653 0.008359402912773558
1654 0.008358875044601746
1655 0.008358429821298568
1656 0.008357865472414796
1657 0.008357142430933526
1658 0.008355959313060766
1659 0.008355444290069545
1660 0.008355011711772872
1661 0.008354583289986476
1662 0.008354045419863279
1663 0.008353538696527262
1664 0.008353244970390928
1665 0.0083528765095735
1666 0.008352280901471153
1667 0.008351494033627846
1668 0.008350610065813524
1669 0.008349968809000567
1670 0.008349714996694077
1671 0.008349449953374381
1672 0.008349150506358762
1673 0.008348799783596405
1674 0.008347887220630863
1675 0.008347166310246046
1676 0.008346710910862226
1677 0.008346212797874879
1678 0.008345635492596497
1679 0.008344710102274496
1680 0.008344505998258967
1681 0.008344359005447253
1682 0.008343814700861298
1683 0.00834328340876216
1684 0.008342616566889359
1685 0.008342104821419191
1686 0.008341380631619743
1687 0.008340877733354469
1688 0.008340151301605462
1689 0.008339485191701144
1690 0.008338956392536784
1691 0.00833834300378033
1692 0.008337494449739701
1693 0.008337123352066374
1694 0.008336782152238405
1695 0.00833666958770221
1696 0.008336370908270621
1697 0.008336301992860869
1698 0.008335896897104039
1699 0.008335132020776332
1700 0.00833444312353631
1701 0.008333787699961846
1702 0.008332874133637416
1703 0.00833232855359931
1704 0.008332018459669688
1705 0.008331805921881708
1706 0.008331684551802315
1707 0.008331373088258045
1708 0.008330619914656589
1709 0.008330152969980621
1710 0.008329762620417578
1711 0.008329266565767837
1712 0.008328445374804934
1713 0.008327168679764454
1714 0.008326668464532049
1715 0.008326219811240996
1716 0.008325817715139157
1717 0.008325526005511215
1718 0.008324988440809398
1719 0.008324425546123691
1720 0.008324351192592528
1721 0.008324159449947726
1722 0.008323787309661218
1723 0.008322960654827171
1724 0.008322239914311455
1725 0.008321654683609459
1726 0.008321247463559453
1727 0.008320800478453917
1728 0.00832055726633627
1729 0.00832019183534044
1730 0.008319878580213625
1731 0.008319550044478546
1732 0.00831942982526432
1733 0.008319117874276461
1734 0.008318534420419943
1735 0.008317512072461303
1736 0.008316900216179802
1737 0.008316265555382712
1738 0.008315647966858806
1739 0.008315273180941114
1740 0.0083147963958088
1741 0.008314463560999163
1742 0.008314046214309164
1743 0.008313543900977417
1744 0.008312967621102381
1745 0.008312462735056599
1746 0.008311768772601378
1747 0.008311246741197926
1748 0.008310059116708384
1749 0.008309634383716206
1750 0.008309585538399472
1751 0.00830948052095372
1752 0.008309269892613087
1753 0.008309112911655777
1754 0.008308952642443175
1755 0.008308949514394388
1756 0.00830860721917673
1757 0.008307932499747147
1758 0.008307074856503297
1759 0.008306396172318212
1760 0.008305898460277577
1761 0.008305332384055481
1762 0.00830502649617982
1763 0.008304586677644797
1764 0.008304169554206918
1765 0.008303547082739012
1766 0.008303081039541164
1767 0.008302682413969975
1768 0.008302344445317515
1769 0.008301939217071645
1770 0.008301479538270191
1771 0.008300803943510455
1772 0.008300489593384194
1773 0.008300280084544712
1774 0.008300196359557506
1775 0.008299777349923815
1776 0.008299074512369472
1777 0.008298432743644307
1778 0.008297812572316668
1779 0.008296988558314447
1780 0.008296339913970023
1781 0.008295590416742377
1782 0.008295200313964376
1783 0.008294862894946527
1784 0.00829455800482695
1785 0.008294475443216647
1786 0.008294255909890946
1787 0.008293932055249701
1788 0.008293940993219116
1789 0.008293757186670109
1790 0.008293509449802415
1791 0.008292844345034439
1792 0.008292470594573291
1793 0.008292021631324189
1794 0.008291384124859642
1795 0.008290700727115991
1796 0.008290347105806428
1797 0.008289746430479519
1798 0.008289100373912029
1799 0.008288741947634432
1800 0.008288256183240092
1801 0.008288028085305162
1802 0.008287551462063704
1803 0.008286837920200399
1804 0.008286702452615768
1805 0.008286567716460384
1806 0.008286300726192785
1807 0.008286089680230606
1808 0.0082857372797519
1809 0.008285188577284162
1810 0.008284536251224063
1811 0.008283876210138222
1812 0.008283014021281758
1813 0.00828230727668868
1814 0.008281852034272733
1815 0.008281422044595432
1816 0.008281256445459533
1817 0.008281153405725749
1818 0.008281019987433859
1819 0.008280702034785554
1820 0.008280749157670622
1821 0.008280737069976292
1822 0.008280271057892804
1823 0.008279618952443321
1824 0.008278904750466578
1825 0.008278575197584816
1826 0.008278073302948365
1827 0.00827753367262307
1828 0.008276905557217822
1829 0.008276224975400702
1830 0.008275931520284836
1831 0.00827560164308973
1832 0.008275223218964192
1833 0.008275107096154862
1834 0.008274609968792809
1835 0.008273992606205838
1836 0.008273677496300928
1837 0.008273542221756702
1838 0.008273184532787477
1839 0.008272703988250193
1840 0.00827244470740102
1841 0.008272090735435335
1842 0.008271500696382848
1843 0.008270826966354106
1844 0.008270191967339521
1845 0.00826947328636158
1846 0.008268969970819442
1847 0.008268813391756799
1848 0.008268812749864374
1849 0.008268676187746012
1850 0.008268511159373406
1851 0.008268116576261949
1852 0.008267822542551945
1853 0.008267440476030999
1854 0.008267224534984565
1855 0.008266691386322368
1856 0.008266070389338716
1857 0.008265743403517323
1858 0.008265371796734774
1859 0.0082648442882643
1860 0.008264221834678105
1861 0.008263548955426038
1862 0.008263265092181369
1863 0.008262770871790229
1864 0.008262410489548164
1865 0.008262086984195291
1866 0.008261568860528167
1867 0.008261259094104419
1868 0.008260981198768063
1869 0.008260727630855808
1870 0.00826026504325229
1871 0.008259984486234962
1872 0.008259833103287166
1873 0.008259599876281195
1874 0.008259197059606677
1875 0.008258648729827957
1876 0.008258232766193021
1877 0.00825773377762729
1878 0.008257485989576499
1879 0.008256710309685634
1880 0.008255928553953967
1881 0.008255500919422149
1882 0.008255418859303297
1883 0.00825529716450924
1884 0.008254964125214781
1885 0.008254506602560229
1886 0.008254250208273304
1887 0.008253887459278969
1888 0.008253502428951735
1889 0.00825308210220416
1890 0.008252626889899159
1891 0.008252236726605529
1892 0.008252013772854941
1893 0.008251595740113263
1894 0.00825088977299555
1895 0.008250353152908644
1896 0.00824987135384115
1897 0.008249452256893268
1898 0.008249171575867707
1899 0.008248775226080297
1900 0.008248012942758749
1901 0.008247886218040589
1902 0.008247586262148702
1903 0.008247531604762663
1904 0.008247570915114069
1905 0.008247606076870331
1906 0.008247522253228041
1907 0.008247398125881147
1908 0.008246831757614252
1909 0.008246290557248497
1910 0.008245474096744632
1911 0.008244799558429003
1912 0.008244008726358712
1913 0.008243155600744191
1914 0.008242677147826741
1915 0.008242299834611506
1916 0.008242207757780616
1917 0.008242130102894946
1918 0.008241999538746023
1919 0.008241604662455885
1920 0.00824129267031515
1921 0.008241104934166531
1922 0.008241063845608005
1923 0.008240274610802914
1924 0.008239726033753912
1925 0.008239675987023217
1926 0.008239163490588567
1927 0.008238632947535927
1928 0.008238091363803884
1929 0.008237533911860865
1930 0.008237106841986678
1931 0.008236835321104771
1932 0.008236499122922812
1933 0.008236108225501889
1934 0.008236013965554687
1935 0.008235696791427535
1936 0.008235457020217997
1937 0.008235605160745611
1938 0.008235548543098379
1939 0.008235216401469136
1940 0.00823499598186889
1941 0.008234432152514674
1942 0.008233764088270663
1943 0.008233271113685268
1944 0.008232540909629903
1945 0.008231804485191051
1946 0.008231091249570078
1947 0.008230663829169977
1948 0.008230551982136227
1949 0.008230510369210705
1950 0.008230338738041939
1951 0.008230236860423748
1952 0.008230021320748435
1953 0.008229404777676305
1954 0.008229164336931079
1955 0.008228880745491893
1956 0.008228420588995001
1957 0.008228212910840251
1958 0.008227679548302653
1959 0.008227247781579888
1960 0.008226697233645917
1961 0.00822617441923288
1962 0.008225673905479692
1963 0.008225276584631009
1964 0.008224987114065194
1965 0.008225053432975837
1966 0.008224985113317231
1967 0.008225085672333748
1968 0.008224602234257878
1969 0.008224244406451376
1970 0.008223867595901829
1971 0.008223470057153209
1972 0.008223263779167525
1973 0.008223097246458025
1974 0.008222661693997022
1975 0.008221906290438097
1976 0.008221436433388612
1977 0.00822090266375532
1978 0.008220369290827903
1979 0.008219852022783671
1980 0.008219512556043106
1981 0.008219297766656001
1982 0.008219176107904161
1983 0.008219215605945063
1984 0.008219083918345738
1985 0.008218767847680272
1986 0.008218550594513898
1987 0.008218094382824503
1988 0.008217944772244457
1989 0.00821725032405814
1990 0.008216828142292578
1991 0.008216548356763189
1992 0.008216282909522785
1993 0.008216097402123783
1994 0.008215612827188017
1995 0.008214978062863646
1996 0.008214538812416492
1997 0.008214324136420698
1998 0.008214238277788792
1999 0.008214253517123784
2000 0.008214033644771791
2001 0.008213762444302023
2002 0.008213144655573811
2003 0.008212876310029361
2004 0.008212704214535209
2005 0.0082125737267241
2006 0.008212256167560451
2007 0.008211791462755741
2008 0.008211331624069663
2009 0.008210918447547707
2010 0.008210054685201576
2011 0.008209479546254592
2012 0.008209071697713101
2013 0.008208885237021735
2014 0.008208895515407348
2015 0.008208747232168159
2016 0.008208676060540404
2017 0.008208714619725797
2018 0.008208461071946957
2019 0.008208301412083096
2020 0.008207977704659416
2021 0.00820725267828497
2022 0.008206868389759529
2023 0.008206839144067391
2024 0.00820672135035529
2025 0.008206409625795738
2026 0.008206066812937042
2027 0.008205565027699929
2028 0.008205248585443369
2029 0.008204952022422156
2030 0.008204666976921193
2031 0.008203949906392175
2032 0.008203214249929668
2033 0.008203108324505624
2034 0.008203117173891571
2035 0.008203162747973759
2036 0.00820293028048001
2037 0.00820251975567432
2038 0.008202180795145501
2039 0.008202348002819066
2040 0.00820226158389064
2041 0.008202012093914444
2042 0.008201396400900951
2043 0.008200309199696294
2044 0.008199450464272265
2045 0.008198840577933754
2046 0.00819860159126452
2047 0.008198544298749637
2048 0.008198415225965278
2049 0.008198557343833433
2050 0.008198611459615701
2051 0.008198358925167871
2052 0.00819841892132576
2053 0.008198423749590367
2054 0.008198058263919852
2055 0.008197766060961249
2056 0.008197240407861951
2057 0.008197008108421342
2058 0.008196869212246168
2059 0.008196537197728577
2060 0.008196106770700122
2061 0.008195660516650107
2062 0.00819505898099041
2063 0.008194735319404628
2064 0.008194446323494611
2065 0.008194155978294579
2066 0.008194028897796911
2067 0.008193597184689448
2068 0.008193173263343895
2069 0.008192841699486829
2070 0.008192653615240979
2071 0.008192232806472095
2072 0.008191806550154158
2073 0.008191708220183454
2074 0.008191565017619452
2075 0.008191732275478146
2076 0.008191372758673418
2077 0.008190717760006763
2078 0.008190108631837435
2079 0.008190205289227249
2080 0.008190304431088299
2081 0.008190242016589917
2082 0.008189740834325688
2083 0.008189385733832303
2084 0.008189337381454317
2085 0.008189298607506036
2086 0.008189103851573719
2087 0.008188750529936683
2088 0.008188295084995561
2089 0.008187676695854742
2090 0.008187344290867503
2091 0.008187166017333098
2092 0.008187077620099769
2093 0.008186655995841626
2094 0.008186146103603182
2095 0.008185763210515812
2096 0.008185496091878151
2097 0.008185473621104382
2098 0.008185299220978475
2099 0.008184793945048162
2100 0.008184372783165271
2101 0.008183919465561537
2102 0.008183677230131402
2103 0.008183605408018546
2104 0.008183557404181523
2105 0.008183265486436908
2106 0.008183160897840856
2107 0.008183036783120339
2108 0.008182756819085096
2109 0.008182090890808173
2110 0.008181502167138133
2111 0.008181088708040197
2112 0.008180929411911606
2113 0.008180929362762835
2114 0.008181106579770954
2115 0.008181185014857453
2116 0.008181053794610824
2117 0.008180880670635667
2118 0.008180726468514754
2119 0.008180511194159156
2120 0.008179990283105634
2121 0.00817927342260542
2122 0.00817870306238715
2123 0.008178194960232914
2124 0.008177900095973023
2125 0.008177672326450823
2126 0.008177328225835348
2127 0.008176855962917121
2128 0.008176513612098348
2129 0.008176453427696214
2130 0.008176259150454768
2131 0.008176062204932879
2132 0.008175469536597365
2133 0.008175351218106843
2134 0.008175326734936256
2135 0.008175306214053267
2136 0.008175164858489261
2137 0.008175464099534785
2138 0.008175266107525904
2139 0.008175151638615031
2140 0.008174900288838371
2141 0.008174538213952098
2142 0.008173916910547974
2143 0.00817329907456606
2144 0.008172743873416448
2145 0.008172242507322708
2146 0.008172253601919989
2147 0.008172278431965557
2148 0.008172440783879164
2149 0.008172378382306835
2150 0.00817234866499026
2151 0.008171763584364543
2152 0.008171274177145138
2153 0.008170797176388337
2154 0.008170267895137565
2155 0.008170117158927223
2156 0.00816978806998804
2157 0.008169472883982605
2158 0.008169145261257638
2159 0.008169021842521374
2160 0.008168887580247777
2161 0.008168693547901746
2162 0.00816799028213616
2163 0.008167631300862885
2164 0.008167124082822608
2165 0.00816672249710935
2166 0.008166810666152002
2167 0.008167004732700732
2168 0.008166784931086262
2169 0.008166794604550175
2170 0.008166836420333258
2171 0.008166945277251753
2172 0.008166938580460314
2173 0.008166825644791211
2174 0.008166430354865013
2175 0.008165723377224477
2176 0.008165100342230225
2177 0.008164716034010495
2178 0.008164366469612843
2179 0.008163848066594634
2180 0.008163439373062867
2181 0.008162993999940587
2182 0.008162965641506065
2183 0.008163147250684373
2184 0.008163227471622965
2185 0.008162957110459695
2186 0.008162697261839914
2187 0.008162519380483117
2188 0.008161920310908908
2189 0.008161583539465288
2190 0.008161381882514173
2191 0.008161003467838221
2192 0.00816066895763074
2193 0.008160478501737963
2194 0.008160464753410179
2195 0.008160429073432575
2196 0.008160260060742164
2197 0.008159976349350756
2198 0.008159698880935878
2199 0.008159493713734402
2200 0.008159352958383064
2201 0.008159166886774932
2202 0.008158838527334289
2203 0.008158624272324224
2204 0.008158550246052302
2205 0.008158648784323054
2206 0.00815840979863665
2207 0.008158213392399975
2208 0.008157794135916548
2209 0.008157043815050242
2210 0.008156257430838729
2211 0.008155664526990191
2212 0.008155514684151245
2213 0.008155575177145715
2214 0.008155552421245861
2215 0.008155655653328389
2216 0.008155718540734378
2217 0.00815549696319413
2218 0.008155102286031871
2219 0.008154711630565229
2220 0.008154391815466327
2221 0.0081540599925394
2222 0.008154166074585566
2223 0.008153891607959238
2224 0.008153442918138609
2225 0.008153038290837586
2226 0.008152835031455238
2227 0.008152431163875569
2228 0.008152350480680012
2229 0.008152008359775977
2230 0.008151863647447922
2231 0.008151735568681536
2232 0.008151661601068172
2233 0.008151461409018363
2234 0.008151336235376549
2235 0.008151363598708633
2236 0.008151496364300749
2237 0.008151461031256409
2238 0.008151291016312746
2239 0.008150992229926197
2240 0.008150571937548394
2241 0.008149938666714677
2242 0.008149249528046862
2243 0.008148654337497096
2244 0.008148327108176609
2245 0.008147951780362884
2246 0.008147734075604672
2247 0.008147833816057137
2248 0.008147888439889107
2249 0.008148047046204671
2250 0.008147829330234365
2251 0.008147595138482084
2252 0.008147058194663054
2253 0.008146709738884003
2254 0.008146386754289269
2255 0.008146257231073199
2256 0.008146251710593728
2257 0.008146293730637671
2258 0.008146130829191706
2259 0.008145752294114681
2260 0.00814557485105955
2261 0.008145361136235482
2262 0.008145095225730885
2263 0.008144806611286574
2264 0.008144544553238759
2265 0.008144468480666595
2266 0.008144236321700058
2267 0.008144179638055129
2268 0.008144077136100863
2269 0.008143999387194047
2270 0.008143806460237065
2271 0.008143264903350505
2272 0.008142918908761914
2273 0.008142753457131464
2274 0.008142159431430705
2275 0.008141522899405236
2276 0.008140918877280452
2277 0.008140409094685497
2278 0.008140401306290462
2279 0.008140629043414862
2280 0.008140903711069458
2281 0.008140933402553237
2282 0.008141037269505552
2283 0.008141139096804622
2284 0.008141221236189822
2285 0.00814082508194958
2286 0.008140537670289015
2287 0.008140228414905231
2288 0.008139665208355157
2289 0.008139275862637558
2290 0.008138644193338651
2291 0.00813838447890222
2292 0.008138445027801687
2293 0.00813846039387542
2294 0.008138241932344253
2295 0.00813822167918783
2296 0.008138234600062667
2297 0.008137902662285453
2298 0.008137259713126016
2299 0.008136876233322075
2300 0.00813689514896707
2301 0.008136983076941303
2302 0.008136904643173792
2303 0.008136476903058456
2304 0.008136117326567716
2305 0.00813599140220629
2306 0.008135417311971288
2307 0.008134885493641084
2308 0.008134469523339542
2309 0.008133868682188829
2310 0.008133966723111761
2311 0.008134156402258565
2312 0.008134195261340394
2313 0.008134277423013625
2314 0.008134423163760349
2315 0.008134571517532519
2316 0.00813462668568239
2317 0.008134524177976188
2318 0.008134365409475044
2319 0.008134081795749756
2320 0.00813356224804992
2321 0.008133002343155588
2322 0.008132582500112799
2323 0.00813207019155527
2324 0.008131819489647155
2325 0.008131454076665021
2326 0.008131185937927237
2327 0.008131023640012051
2328 0.008130653910656737
2329 0.008130451159144295
2330 0.008130255796745417
2331 0.008129996393558932
2332 0.008129710759966062
2333 0.008129909987370175
2334 0.00813011436380132
2335 0.008130211007120062
2336 0.008130234560405011
2337 0.008130314381949264
2338 0.008129982901707638
2339 0.008129869711667648
2340 0.008129324362810947
2341 0.008129095312264955
2342 0.008128607844636924
2343 0.008128303862616686
2344 0.008128021440766147
2345 0.008127779941023925
2346 0.008127952502809009
2347 0.008127762827145245
2348 0.008127341437814661
2349 0.008126993262572727
2350 0.008126999692582898
2351 0.008127074451651168
2352 0.00812696709162105
2353 0.008126756183574099
2354 0.008126612912547598
2355 0.008126493761675142
2356 0.008126331682236391
2357 0.008125994927149676
2358 0.008125546346933877
2359 0.008125081529142268
2360 0.008124693109351823
2361 0.008124524899591968
2362 0.008124374386547508
2363 0.008124186183116848
2364 0.008123963242255962
2365 0.00812348320670781
2366 0.008123579094115008
2367 0.008123716413855968
2368 0.008123936100027453
2369 0.008124263339344262
2370 0.008124210253939133
2371 0.008123804722878091
2372 0.00812347552744992
2373 0.008122868609251828
2374 0.008122584349646812
2375 0.008122183225326506
2376 0.008121860322387516
2377 0.008121656090658848
2378 0.008121336830498427
2379 0.008121520737915798
2380 0.008121668809264661
2381 0.008121690026841485
2382 0.008121675339519538
2383 0.00812164336708115
2384 0.008121332495894281
2385 0.008121014041662728
2386 0.008120682802807311
2387 0.008120566926325708
2388 0.008120113495065586
2389 0.008119788463811287
2390 0.008119552479160247
2391 0.008119287764380081
2392 0.008119057804496285
2393 0.008118746059717703
2394 0.008118385816142522
2395 0.008117882178782244
2396 0.008117905482370824
2397 0.008118092678726058
2398 0.008118020521625012
2399 0.008117927038476995
2400 0.008118007001763419
2401 0.008118251555462658
2402 0.008118690441985526
2403 0.008118612045570564
2404 0.008117984207158572
2405 0.008117307021705324
2406 0.008116886934557201
2407 0.008116444582049786
2408 0.008116159115936546
2409 0.008115759332244951
2410 0.008115821382994338
2411 0.008115876915789586
2412 0.00811600463013327
2413 0.008116030912018006
2414 0.008115708276115598
2415 0.008115393744939704
2416 0.008115167917940059
2417 0.008114515221555806
2418 0.008114496491351061
2419 0.008114501662837779
2420 0.00811460798183297
2421 0.008114497494299301
2422 0.008114242439388493
2423 0.008113996120399232
2424 0.00811378713809926
2425 0.00811329105059615
2426 0.008112587714581898
2427 0.008112095308932506
2428 0.008112065273437325
2429 0.008112296074358368
2430 0.008112574047687306
2431 0.008112798669085096
2432 0.008113104998125738
2433 0.008113450408562324
2434 0.008113350516771884
2435 0.008113174331326587
2436 0.008112924737873846
2437 0.008112255864628357
2438 0.008111786282856297
2439 0.008111096463364147
2440 0.008110561730229534
2441 0.008110363128397611
2442 0.008110063526717346
2443 0.008109687547173445
2444 0.008109656590143658
2445 0.00810958989621352
2446 0.008109864514259105
2447 0.008109866086303938
2448 0.008109968869017879
2449 0.008110044667358094
2450 0.008109666433850912
2451 0.008109232033178973
2452 0.008108808448991547
2453 0.008108698242156518
2454 0.008108677034104783
2455 0.00810843872661669
2456 0.008108370084308892
2457 0.00810795549553027
2458 0.008107759029178445
2459 0.008107972390721427
2460 0.008107852563502788
2461 0.008107446828162132
2462 0.008107315344998901
2463 0.008107510204311663
2464 0.00810780334253086
2465 0.008107763433885942
2466 0.008107219096158599
2467 0.008106902737909557
2468 0.008106972230061309
2469 0.008106932036333881
2470 0.008106720310637425
2471 0.008106337317259557
2472 0.008105839436136545
2473 0.00810527297496332
2474 0.00810508353275911
2475 0.008104851166509733
2476 0.008104670853271455
2477 0.008104529338507679
2478 0.008104462538785277
2479 0.008104472893459577
2480 0.008104466350870065
2481 0.008104399114410091
2482 0.008104496008774347
2483 0.008104532554152409
2484 0.008104462338545964
2485 0.008103979104646103
2486 0.008103833099769904
2487 0.008103620187548306
2488 0.008103172458291395
2489 0.008102629463903667
2490 0.008102125498637562
2491 0.00810179627000731
2492 0.008101786629318474
2493 0.008102059082579126
2494 0.008102327881666972
2495 0.008102444472730844
2496 0.008102608108678929
2497 0.008102710818245124
2498 0.008102599230957385
2499 0.008102236659186779
2500 0.008101888600331394
2501 0.008101707975530699
2502 0.008101617113910907
2503 0.008101294209038412
2504 0.008100890434013953
2505 0.008100143014195422
2506 0.008099589599016292
2507 0.008099252895254351
2508 0.008099273409254731
2509 0.008099332857223177
2510 0.008099226531010943
2511 0.008099255824514129
2512 0.008099407252311416
2513 0.008099471780198337
2514 0.008099362416310815
2515 0.008099236266945278
2516 0.00809898048367033
2517 0.0080988106559134
2518 0.008098796412015431
2519 0.00809916730221206
2520 0.00809935285995732
2521 0.008099406453046005
2522 0.008098955495756741
2523 0.008098474331173552
2524 0.008097878096205179
2525 0.008097325799162083
2526 0.008096915727613037
2527 0.008096845066376247
2528 0.008096720698668873
2529 0.00809668351707815
2530 0.008096682508712622
2531 0.008096872465097979
2532 0.008096875995845831
2533 0.008096816717350845
2534 0.008096561626353409
2535 0.008096292548142038
2536 0.008096013049739257
2537 0.00809574461739334
2538 0.008095294632511806
2539 0.00809500960632692
2540 0.00809481956810945
2541 0.008094525736598357
2542 0.008094450966429799
2543 0.00809456687715914
2544 0.008094260992567992
2545 0.008094417419037801
2546 0.008094489209571471
2547 0.008094243437058186
2548 0.008094344799168107
2549 0.008094427533204626
2550 0.008094099410892619
2551 0.008093956420679633
2552 0.008094078974402365
2553 0.00809419714943114
2554 0.008094232159668816
2555 0.008094259435975734
2556 0.008093717768371509
2557 0.008093232578239363
2558 0.008092699048691449
2559 0.00809236178364748
2560 0.008092263069622969
2561 0.008092033483308211
2562 0.008091968032462619
2563 0.008091867488228051
2564 0.008091878710493041
2565 0.008091756247078344
2566 0.008091498971507963
2567 0.008091452721389029
2568 0.008091466269833399
2569 0.008091487919184617
2570 0.008091205205249136
2571 0.008090907937618829
2572 0.008090655349724333
2573 0.008090091396746728
2574 0.008089637023823504
2575 0.008089520701005068
2576 0.008089442763757695
2577 0.008089626136390105
2578 0.008089803632125935
2579 0.008090063194217678
2580 0.008090387196444164
2581 0.008090031205795663
2582 0.008089870753838026
2583 0.008089545726708239
2584 0.008089608591333529
2585 0.008089638777113854
2586 0.008089580708110359
2587 0.008089213391427184
2588 0.008088887178752793
2589 0.00808872013763536
2590 0.008088582157864288
2591 0.008088267823894213
2592 0.008088177743034247
2593 0.008087656816435852
2594 0.008087181228473347
2595 0.008086992068587953
2596 0.008086590251482097
2597 0.008086432697027437
2598 0.008086420578920046
2599 0.008086459833802061
2600 0.008086701412094945
2601 0.008086920488659095
2602 0.008086801278442192
2603 0.008086895573234
2604 0.008086601104703011
2605 0.008086557566298148
2606 0.008086372985911533
2607 0.008086141771814033
2608 0.008086091537069972
2609 0.008085886765335636
2610 0.008085905986389331
2611 0.008085928807761912
2612 0.008085973010220312
2613 0.008085798057875336
2614 0.00808547245316291
2615 0.008085305710086593
2616 0.008084955186262016
2617 0.008084748544778544
2618 0.008084621518023279
2619 0.008084536371212195
2620 0.008084096428446576
2621 0.008083988838957857
2622 0.008083824297940427
2623 0.008083659934835836
2624 0.008083435259133477
2625 0.008083319666860945
2626 0.008083036655814288
2627 0.008082817761735176
2628 0.008082590568476147
2629 0.008082497392055174
2630 0.00808247608741842
2631 0.008082690154251667
2632 0.008082868710994184
2633 0.008082977697255821
2634 0.008082767435633792
2635 0.00808264325413503
2636 0.008082856149274837
2637 0.008082570512529991
2638 0.00808240118108954
2639 0.008082101237166028
2640 0.008081702448393277
2641 0.008081487924706039
2642 0.008081219669115534
2643 0.008081086210052112
2644 0.008081258397447994
2645 0.008081431856311206
2646 0.008081706331846293
2647 0.00808142889030561
2648 0.008080955642899974
2649 0.00808066393974905
2650 0.008080613827270286
2651 0.008080599241090759
2652 0.008080417549344696
2653 0.008080216808947523
2654 0.00807983859691915
2655 0.008079589651187099
2656 0.008079361519658291
2657 0.008079022229534655
2658 0.008078645982449881
2659 0.008078299665268266
2660 0.008078307641096672
2661 0.008078257553465976
2662 0.00807854591750532
2663 0.008078774517032768
2664 0.008078973053867398
2665 0.008079232774302307
2666 0.008079355180081243
2667 0.008079079537290054
2668 0.00807868335739893
2669 0.008078436363181172
2670 0.008078293573045653
2671 0.008077966787448099
2672 0.008077643494771167
2673 0.008077377084926873
2674 0.008077154615158233
2675 0.008077214783897401
2676 0.008077022323572434
2677 0.008077038845100824
2678 0.008077087707523627
2679 0.008076733347849738
2680 0.008076641279086094
2681 0.00807662900287053
2682 0.008076289226912501
2683 0.00807618247280611
2684 0.008075863115209912
2685 0.008075699051724838
2686 0.008075837444802453
2687 0.008076083418739301
2688 0.008075951650562052
2689 0.008075652509219759
2690 0.008075685230769965
2691 0.008075413159717448
2692 0.0080752294908249
2693 0.008074979140971246
2694 0.008074777720688493
2695 0.008074731226201146
2696 0.00807484501342111
2697 0.008075054906945002
2698 0.008075246970461934
2699 0.008075490115022746
2700 0.008075538722586189
2701 0.008075172629428026
2702 0.008074861602678528
2703 0.008074116877975497
2704 0.008073735660311278
2705 0.008073530843922648
2706 0.008073166356462857
2707 0.008073005010365618
2708 0.008073004560068261
2709 0.008073092076825614
2710 0.008073065874598476
2711 0.008072973924760987
2712 0.008072923550527389
2713 0.008072798446615476
2714 0.008072326400060156
2715 0.008071987598040641
2716 0.008072110558307781
2717 0.008072301711122117
2718 0.008072514397586017
2719 0.008072468084021182
2720 0.008072276185147139
2721 0.008072030209646509
2722 0.00807209233273571
2723 0.008072095780117715
2724 0.008071957320674906
2725 0.008071605062564474
2726 0.008071157455242489
2727 0.008070775569704527
2728 0.008070676785008923
2729 0.00807079280940318
2730 0.008071040897246688
2731 0.008071407466858929
2732 0.008071620335039777
2733 0.008071497657930507
2734 0.008070851852431511
2735 0.008070492560593024
2736 0.008070362114996777
2737 0.008070072555652123
2738 0.008069806341237384
2739 0.008069559093414839
2740 0.008069360953270467
2741 0.008069421994835868
2742 0.00806942381193785
2743 0.008069408422099812
2744 0.008069601682438848
2745 0.008069634753216379
2746 0.008069462828341799
2747 0.008069148627254798
2748 0.008068797568390497
2749 0.008068444109089022
2750 0.008068207271125972
2751 0.008068173335257594
2752 0.008068368007172519
2753 0.00806865721826971
2754 0.008068801009080012
2755 0.008068739652024594
2756 0.008068601772220678
2757 0.008068334140303609
2758 0.008067874727898694
2759 0.008067319208119473
2760 0.00806745699713254
2761 0.008067709543229197
2762 0.008067666696507388
2763 0.008067693384640478
2764 0.008067574569061858
2765 0.008067322549804334
2766 0.008067118938915475
2767 0.008066924501575049
2768 0.008066675418072981
2769 0.00806625067112232
2770 0.00806585755029612
2771 0.008065630668858974
2772 0.008065829707720414
2773 0.008066031271771483
2774 0.008066025745899258
2775 0.008066039500937997
2776 0.008065856645716931
2777 0.008065664024216991
2778 0.00806585768348065
2779 0.008065881229083504
2780 0.008065699888391427
2781 0.008065681026485033
2782 0.008065682842723188
2783 0.00806539402718248
2784 0.008065336519799425
2785 0.00806506627399498
2786 0.008065066423350299
2787 0.008065142119593742
2788 0.008065194364559655
2789 0.008065119724865007
2790 0.008064859903378999
2791 0.008064386304678118
2792 0.008063870848611494
2793 0.008063501710788717
2794 0.00806344245543141
2795 0.008063398296093876
2796 0.008063725202878043
2797 0.008063932563261336
2798 0.008064065805581968
2799 0.008063793945371102
2800 0.008063602386747708
2801 0.008063381303786553
2802 0.008062732582810726
2803 0.008062216918085802
2804 0.008062203260290392
2805 0.008062306202017915
2806 0.008062446505092824
2807 0.008062659220354951
2808 0.008062762474424084
2809 0.008062672727068709
2810 0.00806247119704206
2811 0.008062644095393609
2812 0.008062734994886685
2813 0.008062503920885568
2814 0.008062173077097083
2815 0.008061931640846383
2816 0.008061617798329411
2817 0.008061799833747408
2818 0.008062152641712473
2819 0.008062142134442393
2820 0.008061813643130201
2821 0.008061881412569761
2822 0.008061840361100952
2823 0.008061716935661897
2824 0.008061359746007957
2825 0.008060822724431635
2826 0.008060382643695062
2827 0.008060083161816247
2828 0.008060111267949317
2829 0.008060308314618363
2830 0.008060204305943543
2831 0.008060346459848572
2832 0.008060483705225222
2833 0.008060246438061349
2834 0.008060001629950919
2835 0.008059604802314992
2836 0.008059062248855825
2837 0.008059036916854136
2838 0.008059531212560842
2839 0.008059850295565644
2840 0.008059829586229127
2841 0.008059722758215756
2842 0.008059603180808447
2843 0.008059538417079005
2844 0.008059525101457835
2845 0.008059314240980465
2846 0.008058891168180026
2847 0.008058795236703661
2848 0.008058515723318512
2849 0.008058404091419969
2850 0.008058261693064311
2851 0.008058160643231232
2852 0.008057953280821397
2853 0.008058365800152394
2854 0.008058619670409615
2855 0.008058478170726675
2856 0.008058301779183666
2857 0.008057926269011081
2858 0.008057742450106766
2859 0.008057478399786978
2860 0.008057377631645555
2861 0.008057068060286842
2862 0.008056873223154286
2863 0.008056890737523794
2864 0.008056761674312515
2865 0.008056715721509592
2866 0.008057006373762323
2867 0.008057189411822676
2868 0.008057233382505307
2869 0.008057118376402304
2870 0.00805660974619166
2871 0.008056609181719047
2872 0.008056492510016448
2873 0.008056527153087715
2874 0.008056495918577605
2875 0.008056274408326968
2876 0.008056211646191273
2877 0.008056252792188769
2878 0.008056351203041519
2879 0.008056391483786349
2880 0.008056009401437882
2881 0.008055511262068263
2882 0.008055158196498742
2883 0.008054876449551714
2884 0.008055001489776762
2885 0.008055046031259732
2886 0.008054813541343249
2887 0.008054767984313349
2888 0.00805491075765751
2889 0.008054918688469635
2890 0.008054751820970001
2891 0.008054432415284817
2892 0.008053982874592799
2893 0.008053744499568041
2894 0.008053888054598333
2895 0.008054193961805598
2896 0.008054567547415199
2897 0.00805461215093866
2898 0.008054537156070657
2899 0.008054238752782635
2900 0.008053974103285814
2901 0.008053724244165813
2902 0.008053562886432802
2903 0.008053512194792939
2904 0.008053589787959259
2905 0.008053642518554678
2906 0.008053522686455388
2907 0.008053367896362799
2908 0.008053435256381804
2909 0.008053598348732106
2910 0.008053275324227891
2911 0.008053169236512297
2912 0.008053112632606427
2913 0.008052881427471233
2914 0.008052771263919784
2915 0.008052494538101329
2916 0.008052134562364227
2917 0.008051918684421332
2918 0.008052129795311159
2919 0.008052250312964826
2920 0.008052459329222389
2921 0.008052453005267763
2922 0.008052154939461575
2923 0.008051866635459443
2924 0.008051469670132611
2925 0.008051623598915654
2926 0.008051563843800133
2927 0.008051249032956107
2928 0.008050940155404885
2929 0.008051245666325249
2930 0.008051657713719289
2931 0.008051464999972268
2932 0.008051163012729026
2933 0.008051172057965988
2934 0.008051324937712852
2935 0.008051350223334241
2936 0.00805135172881135
2937 0.008051481193224474
2938 0.008051222888171306
2939 0.008050766264242591
2940 0.008050343323478499
2941 0.008050126741295379
2942 0.008049944948123122
2943 0.008049691521547451
2944 0.008049582060334777
2945 0.008049539732532368
2946 0.00804954351660743
2947 0.008049506073336446
2948 0.008049312883061179
2949 0.0080495133064257
2950 0.008049556716982704
2951 0.00804952351502879
2952 0.008049167739873847
2953 0.008049212128439657
2954 0.008049533102107962
2955 0.008049602966258179
2956 0.008049459525174284
2957 0.008049288206892017
2958 0.008048783787487326
2959 0.008048774057437249
2960 0.00804899701778088
2961 0.008049037392518943
2962 0.008049045285644837
2963 0.008049026496227922
2964 0.008048764063302259
2965 0.008048576056726169
2966 0.008048586010300113
2967 0.008048510759785521
2968 0.008048096785276482
2969 0.008047593942264328
2970 0.008047422065593836
2971 0.008047355641465694
2972 0.008047335466896425
2973 0.008047579789343749
2974 0.008047648058502064
2975 0.008047493366182127
2976 0.008047347956572328
2977 0.008046960361208331
2978 0.008046839895760129
2979 0.008046698381688229
2980 0.008046720543320774
2981 0.00804658173280043
2982 0.008046361933976244
2983 0.008046376386648055
2984 0.008046755726278321
2985 0.008046988935317221
2986 0.008046948869136665
2987 0.008047171290821227
2988 0.008046830291527958
2989 0.008046732659442534
2990 0.008046508934083195
2991 0.008046235450686286
2992 0.008046087992080687
2993 0.008046198514951404
2994 0.008046325207051166
2995 0.008046350807317219
2996 0.008046530646477989
2997 0.008046496873451051
2998 0.008046212912999737
2999 0.008045766313772577
3000 0.008045517861030008
