"drag-rfile"
"Iteration" "drag"
("Iteration" "drag")
1 1.471244979728796
2 1.991454906249507
3 2.354141715497834
4 2.566827871379145
5 2.681587427277765
6 2.692433249706856
7 2.628432119715372
8 2.475600442271539
9 2.273668127813552
10 2.072467697615471
11 1.936103578772684
12 1.795984773161515
13 1.678314826176481
14 1.583042402504684
15 1.504110599548615
16 1.432866254406454
17 1.359885713032257
18 1.280619222710109
19 1.194768231300417
20 1.102095843172158
21 1.00460062114285
22 0.9051281361292924
23 0.8051200001947033
24 0.7077100292931166
25 0.6154237061674491
26 0.5288373181757783
27 0.4482076675074989
28 0.3737353553263813
29 0.3064418326072289
30 0.2440858908358456
31 0.1871708355642476
32 0.1358154082985659
33 0.08896501797162823
34 0.04616849204707902
35 0.007075818050472285
36 -0.0284786470729954
37 -0.06013417158261454
38 -0.08816073071486594
39 -0.1129159879911388
40 -0.1338271592023608
41 -0.1512613222753287
42 -0.1653640274522497
43 -0.1765592091548209
44 -0.1845731258326723
45 -0.1904577658723529
46 -0.1940482888138146
47 -0.1958485339019564
48 -0.1957043270177828
49 -0.1941497861819204
50 -0.1914333285120211
51 -0.1877984029384034
52 -0.1835681660551378
53 -0.1788521045681765
54 -0.1737791369637553
55 -0.1686298741817971
56 -0.1635229253118743
57 -0.1585386423255653
58 -0.1536336252017748
59 -0.1489535718662691
60 -0.1444240763117803
61 -0.1399707618109868
62 -0.1356579155398676
63 -0.1313386393691208
64 -0.1269352559368864
65 -0.122436293097202
66 -0.1178369360330559
67 -0.1130367489300774
68 -0.1078884477851273
69 -0.1026005498053841
70 -0.09698427823932758
71 -0.09110279324152118
72 -0.08489206448035667
73 -0.07830535576504648
74 -0.07147355534850129
75 -0.06394919707379798
76 -0.05644773636392569
77 -0.04862891776579078
78 -0.04054126102488394
79 -0.03206572525341812
80 -0.02327847545523379
81 -0.0141810917799374
82 -0.00481068100378818
83 0.004812364401018737
84 0.01465059277254517
85 0.02462816873946224
86 0.03477598437567519
87 0.04506563576070684
88 0.05552327154654473
89 0.0660360527180504
90 0.07660825134438942
91 0.08719663335086503
92 0.09774411060507272
93 0.1082430309263078
94 0.1186629102907482
95 0.1289739884577795
96 0.1391430008883008
97 0.1501071597207044
98 0.1598098033393911
99 0.1692795248391013
100 0.1784780927866283
101 0.1881484712610897
102 0.1966462929488749
103 0.204798649944012
104 0.2125480884653816
105 0.2198812224316293
106 0.2268141808096245
107 0.2332652985073022
108 0.2392182762119216
109 0.2446423288380376
110 0.2495161290477657
111 0.2538182332633914
112 0.2575134581660816
113 0.2605927149390394
114 0.2630391659331243
115 0.2648432483748106
116 0.2659806332624657
117 0.2664423049648856
118 0.2662237233243164
119 0.2653220272901429
120 0.2637220649681463
121 0.2614460918286429
122 0.2585028870973433
123 0.2549065512474167
124 0.2506832739567935
125 0.2458425261448889
126 0.240412261319536
127 0.2344239428938554
128 0.2279051632873648
129 0.2208905466844556
130 0.2134175506366212
131 0.2055316294917204
132 0.1972699340113654
133 0.1886770454729233
134 0.1797986079577193
135 0.1706789554546227
136 0.1613698583034305
137 0.1519272865865523
138 0.1423855584306056
139 0.1327998189367037
140 0.1232125356358476
141 0.1136752002167345
142 0.1042324199142977
143 0.09492861686781909
144 0.08581219814710944
145 0.07691468340648247
146 0.06827557211099568
147 0.05992290239800657
148 0.05188899292746318
149 0.04420143622951374
150 0.03689006571806887
151 0.02997155594858098
152 0.02346633647768229
153 0.01739136101140206
154 0.0117604055348716
155 0.006584497481722988
156 0.001873163723896493
157 -0.002368285103239248
158 -0.006143959584417819
159 -0.009440675646345882
160 -0.0122577570826167
161 -0.01459679668946129
162 -0.01646172418536096
163 -0.01785801979045324
164 -0.01879162777554566
165 -0.01927005666006639
166 -0.01930124380490394
167 -0.01890135085155197
168 -0.01808136215654307
169 -0.01685429880158856
170 -0.01523943919398378
171 -0.0132473748043202
172 -0.01089376323145565
173 -0.008198677821841556
174 -0.005179585312661899
175 -0.001848483838890373
176 0.001789939441930715
177 0.005704139108766365
178 0.009874565043008706
179 0.01428368268820642
180 0.01890819431686173
181 0.0237343250697926
182 0.02874210770536764
183 0.03391100036539546
184 0.03922574378543381
185 0.04466658164310319
186 0.05021458806563552
187 0.05585168259892644
188 0.06155894188596173
189 0.06731022656842588
190 0.0730984694714138
191 0.07890273851818015
192 0.08469904654399883
193 0.09047605197444908
194 0.09621911580824297
195 0.1019084212189686
196 0.1075401285901242
197 0.1130930776275416
198 0.1185396025072153
199 0.1238620594946956
200 0.1290470677065032
201 0.1340784254925536
202 0.1389410122766206
203 0.1436158956152559
204 0.1481010632646299
205 0.152374279149041
206 0.1564229530017718
207 0.1602422623582603
208 0.1638125568333965
209 0.1671244756425607
210 0.1701627842951465
211 0.1729228777226094
212 0.1753961287997162
213 0.1775760443612321
214 0.179462618559628
215 0.1810441114771485
216 0.1823148338079125
217 0.1832744105071204
218 0.1839093951929321
219 0.1842332245166696
220 0.1842462986447571
221 0.183946376784287
222 0.1833431277686044
223 0.1824387513742422
224 0.1812448272891525
225 0.1797588988932412
226 0.1779940368940558
227 0.1759503569122775
228 0.1736369067355735
229 0.1710634386030574
230 0.1682409440918883
231 0.1651812268295254
232 0.1618975754940786
233 0.1584042854868584
234 0.1547163210473634
235 0.1508493832798288
236 0.1468184569703921
237 0.1426410015671071
238 0.1383347919993698
239 0.1339183280301621
240 0.1294096072686424
241 0.1248290233260655
242 0.1201933813275442
243 0.1155232342063643
244 0.1108373540171235
245 0.1061553065162966
246 0.1014905150241445
247 0.09686873381104243
248 0.0923083855582926
249 0.0878279812575414
250 0.08344270951086555
251 0.0791724390658288
252 0.07503450628815972
253 0.07104671729950479
254 0.06721926424210654
255 0.06356653284743832
256 0.06010181181619167
257 0.05683444876682686
258 0.0537788323796036
259 0.05093953708335159
260 0.04833161207705304
261 0.04596194159078141
262 0.04383688764678984
263 0.04196119546185764
264 0.04033907832260883
265 0.03897329629149118
266 0.03786403546844144
267 0.03701233044060885
268 0.03641626530038188
269 0.03607425798100515
270 0.03598436899838398
271 0.03614117213071898
272 0.03653957529456484
273 0.03717403329732839
274 0.03803695725059967
275 0.0391207481094927
276 0.04041683571028366
277 0.04191637019631158
278 0.04360967551408142
279 0.04548607346964519
280 0.0475344770808556
281 0.04974414144125006
282 0.05210272322140042
283 0.05459914097368088
284 0.05722019240238235
285 0.05995319262827347
286 0.06278569585073561
287 0.06570515840748618
288 0.06869946816699414
289 0.07175231913506167
290 0.07485129515502104
291 0.0779837410902461
292 0.08114018961811323
293 0.08430864722777906
294 0.08747735990391696
295 0.09063577877473404
296 0.09377191214195459
297 0.09687505863708033
298 0.09993478622588967
299 0.1029398758787199
300 0.1058805990508704
301 0.1087509163068136
302 0.1115399113284756
303 0.114238567345266
304 0.116836247499143
305 0.1193283812016914
306 0.1217109677365865
307 0.1239738411387858
308 0.1261107308551035
309 0.1281155954356288
310 0.1299831801691857
311 0.1317071237046623
312 0.1332855695133012
313 0.1347149148774066
314 0.1359918796373
315 0.137114245949512
316 0.1380782193033744
317 0.1388897933453108
318 0.1395426580776893
319 0.1400349799631571
320 0.1403671809952026
321 0.1405395689020393
322 0.1405535789708812
323 0.1404118268844588
324 0.1401160520611214
325 0.139668501385938
326 0.1390726978656236
327 0.1383324982296534
328 0.1374524666495062
329 0.1364438229001955
330 0.1353045719765348
331 0.1340405009856051
332 0.1326567586065018
333 0.1311593624803936
334 0.1295541512212781
335 0.127847808066149
336 0.1260469004819562
337 0.1241587440226281
338 0.1221903896406576
339 0.1201496149517972
340 0.1180432079497606
341 0.1158854476274011
342 0.1136786495778904
343 0.1114304172713553
344 0.1091497982233685
345 0.106844751063433
346 0.1045179031233527
347 0.1021828732550235
348 0.09984730921963349
349 0.09751860246618505
350 0.09520584478943853
351 0.09291616435949725
352 0.09065848719615088
353 0.08843869370029882
354 0.08626579839795562
355 0.08414755992103531
356 0.08208993339943328
357 0.08008841844108644
358 0.07816160723357692
359 0.07631980847080461
360 0.07456405169308707
361 0.07289965598819027
362 0.07133123830088015
363 0.0698583633625136
364 0.06849092285115047
365 0.06723228948343622
366 0.06608607086108896
367 0.06505655717469568
368 0.0641445517353631
369 0.06335033076568816
370 0.06267708542670272
371 0.06212664759690994
372 0.06169951699911549
373 0.0614004969302265
374 0.0612247961125232
375 0.06117172005827412
376 0.06123935622702
377 0.06142636575849271
378 0.06172922401831366
379 0.06214705567864391
380 0.06267643079077348
381 0.06331387844153807
382 0.06405537395717917
383 0.06489305957831172
384 0.06582686685681284
385 0.06685259636256793
386 0.06796478234382891
387 0.06915861611263161
388 0.07042854737575111
389 0.07176946882873996
390 0.07317503890527516
391 0.07463889308131523
392 0.07615488475649794
393 0.07771557393570525
394 0.07931499810125717
395 0.08094623403063679
396 0.08260309629598658
397 0.08427817611593144
398 0.0859641144707103
399 0.08765432639044186
400 0.08934235308989794
401 0.09101694718364224
402 0.09267631930750613
403 0.09431426663072967
404 0.09592369331482681
405 0.09749908461856546
406 0.09903439078989891
407 0.1005236907130866
408 0.1019619237548081
409 0.1033461019139403
410 0.1046793893879288
411 0.1059456907760086
412 0.1071404776548878
413 0.1082592193323939
414 0.1092979741907182
415 0.1102453018277761
416 0.1111070386801465
417 0.1118804429951872
418 0.1125632759866222
419 0.1131532158028488
420 0.1136491529784759
421 0.1140500857563984
422 0.1143553501644391
423 0.1145646948638841
424 0.1146799861422881
425 0.11469996506739
426 0.1146247564134334
427 0.1144555541688682
428 0.1141938090701434
429 0.1138423562459342
430 0.1134007682903805
431 0.1128721529125414
432 0.1122592444270305
433 0.1115654243502757
434 0.110791447237036
435 0.1099435484795637
436 0.109025895436667
437 0.1080430473785742
438 0.1069991923264028
439 0.1058990848038517
440 0.1047544313260005
441 0.1035628263835531
442 0.102328841398752
443 0.1010576328431607
444 0.09975355650378125
445 0.09842660921802625
446 0.09707745397485668
447 0.09571091041728691
448 0.09433152045964241
449 0.09293499997851751
450 0.09153527196157942
451 0.09013789638787333
452 0.08874778918910847
453 0.08736953216331846
454 0.0860077832210798
455 0.08467111113857107
456 0.08335836791407038
457 0.08207465197705245
458 0.08082401408347704
459 0.07961007208142151
460 0.07843635721365674
461 0.0773062853932026
462 0.07622271831129047
463 0.07518884991939258
464 0.07420692042366948
465 0.07327945597935127
466 0.07240842593113563
467 0.07159608468410007
468 0.07084436760485112
469 0.07015454363019483
470 0.06952789960362144
471 0.06896186981670234
472 0.06846071169300962
473 0.06802508737410953
474 0.0676549136642256
475 0.06734794091797035
476 0.06710602780495163
477 0.06692860958139391
478 0.06681490574026061
479 0.06676415941273863
480 0.0667749943851179
481 0.06684611017719495
482 0.06697562222097658
483 0.06715884236123465
484 0.06739602046590355
485 0.06768466034401267
486 0.0680229228408194
487 0.06840843597265811
488 0.06883859527451054
489 0.06931096098199745
490 0.06982301395858272
491 0.07037207249348461
492 0.07095538976964863
493 0.07157042902243684
494 0.07220881292098337
495 0.07287195569537248
496 0.07355746668696336
497 0.07426190002094339
498 0.07498234831223589
499 0.07571586588185425
500 0.07645940190984159
501 0.07721018976445197
502 0.07796493623856478
503 0.07872077287768486
504 0.07947469374666102
505 0.08022414680548903
506 0.08096588426264817
507 0.08169689007283464
508 0.08241454231920418
509 0.08311616456396266
510 0.08381738244654879
511 0.08448750175340605
512 0.08513337215369472
513 0.08575267060171002
514 0.08633679674825905
515 0.08689049793313036
516 0.08741216375708348
517 0.08789996781895663
518 0.08835192776626856
519 0.08876701036989601
520 0.08914369216543236
521 0.08947986479371661
522 0.08977541469314619
523 0.09002987989017719
524 0.09024271374049069
525 0.09041337101450762
526 0.09054154127581478
527 0.09062730040224531
528 0.09067066628463102
529 0.09067156128636494
530 0.09063063086621248
531 0.09054823645583741
532 0.09042494072748478
533 0.090261543191543
534 0.09005888968057543
535 0.08981790470794715
536 0.08953741631027265
537 0.089219989489318
538 0.08886803464902879
539 0.08848303075630119
540 0.08806634919224339
541 0.08761994880806619
542 0.08714556710086627
543 0.08664542633893008
544 0.08612123364369854
545 0.08557468189971695
546 0.08500808997637813
547 0.08442330358278107
548 0.08382235331070334
549 0.08320759862816435
550 0.08258102435682907
551 0.08194481381789051
552 0.08130157365657822
553 0.08065374363171018
554 0.08000328363479153
555 0.07935236472262955
556 0.07870294733457452
557 0.07805708435340565
558 0.07742406778337664
559 0.0767983813864874
560 0.07618186021549234
561 0.07557626379581044
562 0.07498364517973566
563 0.07440595410169777
564 0.07384458339500087
565 0.07330076393264888
566 0.07277623073410787
567 0.07227220798708386
568 0.07178351790967441
569 0.07132132748053113
570 0.07088420977519912
571 0.07047286495827139
572 0.07008737099695254
573 0.06972932501125068
574 0.06939929173725654
575 0.06909797681400463
576 0.06882569959095737
577 0.06858281520911072
578 0.06836927494055381
579 0.06818493405063499
580 0.06802952235982228
581 0.06790315769126797
582 0.06780547333655997
583 0.06773606774378238
584 0.06769456716187912
585 0.06768021439744519
586 0.06769228016146804
587 0.06773007881490895
588 0.06779254529972559
589 0.06787884099328702
590 0.0679881960307242
591 0.06811965128146874
592 0.06827182351741676
593 0.06844369020121141
594 0.06863384651370755
595 0.06884103296129215
596 0.06906420873251658
597 0.06930194127693695
598 0.06955270752378097
599 0.06981499182550464
600 0.07008777535311753
601 0.07036937392296309
602 0.07065885266233887
603 0.07095483323297751
604 0.0712558621701208
605 0.0715594939769479
606 0.07186575893314126
607 0.07217293709599525
608 0.07247974447880694
609 0.07278500556157473
610 0.07308769052414792
611 0.0733863938301469
612 0.07367984325533386
613 0.07396725492365343
614 0.07424747930511015
615 0.07451906817808428
616 0.07478137407438515
617 0.07503337793919504
618 0.07527448726190766
619 0.07550345205480129
620 0.07571953304466313
621 0.07592180354912846
622 0.07610927743571615
623 0.07628129564100857
624 0.0764376532406366
625 0.0765777878894828
626 0.07670215286960458
627 0.0768094665971143
628 0.0768992591541247
629 0.07697072667804447
630 0.07702380097723387
631 0.07705839549991855
632 0.07707450525091461
633 0.07707142971106779
634 0.07704914882345169
635 0.07700787602457976
636 0.07694789552553674
637 0.07686912711123428
638 0.07677212943601323
639 0.07665697838155207
640 0.07652395821868606
641 0.07637365975950795
642 0.07620638746704829
643 0.07602240686948739
644 0.07582260726817268
645 0.07560756131276321
646 0.07537797681588819
647 0.07513435855628535
648 0.07487704412746161
649 0.0746070950526674
650 0.07432568793549299
651 0.07403361405406575
652 0.07373263486726621
653 0.07342270706756211
654 0.07310457957211081
655 0.07277939425756913
656 0.07244757176211673
657 0.07211081605202034
658 0.07176976345509117
659 0.07142527747161384
660 0.07107826473947315
661 0.07073025366017732
662 0.07038141893635583
663 0.07003279121093285
664 0.0696853196116748
665 0.06934026802580283
666 0.06899859376450933
667 0.06866105046205533
668 0.06832856636660666
669 0.06800177162232576
670 0.06768323761183565
671 0.06737178161980671
672 0.06706820071825073
673 0.06677305484960053
674 0.0664872028851642
675 0.06621126386050276
676 0.0659456451756175
677 0.06569123373947325
678 0.06544862752158072
679 0.06521840699710531
680 0.06500090886404611
681 0.06479642503390688
682 0.06460492618435473
683 0.06442722613137303
684 0.06426331371665139
685 0.06411333638436109
686 0.06397724999169213
687 0.063856493323287
688 0.06375027785928522
689 0.06365834101852673
690 0.06358064065166667
691 0.06351703387718485
692 0.06346717615690142
693 0.06343107707065782
694 0.06340814897756648
695 0.06339793449923137
696 0.06340063257266339
697 0.0634157355305742
698 0.06344251918552246
699 0.06348043500157487
700 0.06352884872648965
701 0.06358736932657386
702 0.06365531586036517
703 0.06373194707152743
704 0.06381685875384685
705 0.06390925094753559
706 0.06400861919029738
707 0.06411409192142681
708 0.06422508923068337
709 0.06434115947155768
710 0.0644612616754759
711 0.06458476768501675
712 0.06471052651539848
713 0.06483789010765909
714 0.06496566885701745
715 0.06509347375594098
716 0.06522090030916281
717 0.065347064305795
718 0.06547127458038887
719 0.06559287018005917
720 0.06571121853715145
721 0.06582508221483983
722 0.06593462045356682
723 0.06603856538212928
724 0.06613659581085375
725 0.06622767277144864
726 0.0663115668514656
727 0.0663875834730014
728 0.06645504709005276
729 0.06651371673422662
730 0.06656319510455284
731 0.06660304215395978
732 0.06663266954047437
733 0.06665191518065744
734 0.06666051079699606
735 0.06665872872842614
736 0.06664599643277383
737 0.06662196378893805
738 0.06658651506177017
739 0.06653948844149653
740 0.06648073746092315
741 0.06641025043730034
742 0.06632846631644782
743 0.06623515756434399
744 0.06613042555001832
745 0.06601454714175425
746 0.0658877253544963
747 0.06575036461528139
748 0.06560291379176776
749 0.06544561008888873
750 0.06527870931319807
751 0.06510241034302991
752 0.06491705825967717
753 0.06472330944249759
754 0.06452155658817095
755 0.06431232565502749
756 0.06409625327873855
757 0.06387397846098214
758 0.06364618042866038
759 0.063413408142924
760 0.06317625412517949
761 0.0629356437746954
762 0.06269189681930966
763 0.06244537220151279
764 0.06219652816755071
765 0.06194640017507436
766 0.06169569153468046
767 0.06144495225191026
768 0.06119499600434192
769 0.06094631612104186
770 0.06069951600928074
771 0.06045545417075569
772 0.06021439289170078
773 0.05997692306084425
774 0.05974377551202599
775 0.05951752595350698
776 0.05929681971603678
777 0.05908153096895796
778 0.05887210990298358
779 0.05866898916669502
780 0.05847260185796455
781 0.05828335541652263
782 0.05810166905065104
783 0.0579277840220936
784 0.05776168990122221
785 0.05760360750570799
786 0.05745383452294864
787 0.05731269967771065
788 0.05718059225421844
789 0.05705724597742979
790 0.05694262290413846
791 0.05683666617246599
792 0.05673958523390552
793 0.05665143061660567
794 0.05657170906963593
795 0.05650047808173974
796 0.0564378013037224
797 0.05638348757122361
798 0.05633728378344166
799 0.05629888116656278
800 0.05626782291308365
801 0.05624410910818423
802 0.05622734487195159
803 0.0562172500320914
804 0.05621324351022639
805 0.05621517356096231
806 0.05622245354602819
807 0.0562346751039209
808 0.05625135735159644
809 0.05627624664981058
810 0.05630178477046643
811 0.05632984461926825
812 0.05636011711344129
813 0.05639238841612015
814 0.0564261756520914
815 0.05646489286680421
816 0.05649992087104021
817 0.05653465472536468
818 0.05656871413116583
819 0.05660203764861504
820 0.05663387829889748
821 0.05666404010497553
822 0.05669200379179367
823 0.05672091383174389
824 0.05674498735446955
825 0.05676561826791643
826 0.05678282723605393
827 0.05679653977446449
828 0.05680629713335655
829 0.05681199345336499
830 0.05681313463697108
831 0.05680891272358207
832 0.05679923839902913
833 0.05678410011866225
834 0.05676326939113615
835 0.05673696485661218
836 0.05670499586018216
837 0.05666732926545739
838 0.05662511409688267
839 0.05657719515389251
840 0.05652327161275415
841 0.05646324913147158
842 0.05639686166518539
843 0.05632418237812693
844 0.05624521237635737
845 0.05616056404620676
846 0.05606998658770717
847 0.05597366751718358
848 0.05587158294358874
849 0.05576435337279832
850 0.05565244171322774
851 0.05553556641551206
852 0.05541389257583058
853 0.05528758068676163
854 0.05515706238293002
855 0.05502244002261957
856 0.05488424160159917
857 0.05474255523426524
858 0.05459778959228727
859 0.05445041418507339
860 0.05430071544914211
861 0.05414923925764155
862 0.05399652345325583
863 0.05384232693822043
864 0.05368660417669424
865 0.05352961657133502
866 0.05337231943107371
867 0.05321488796634465
868 0.05305755505183515
869 0.05290062585711861
870 0.05274435276465642
871 0.05258935326966267
872 0.05243598943897811
873 0.05228433930897188
874 0.05213424803110679
875 0.05198623767115732
876 0.05184039882360812
877 0.05169705696833315
878 0.05155619923410967
879 0.05141839910335802
880 0.05128375225764633
881 0.05115227468075553
882 0.0510239400028107
883 0.05089944609657169
884 0.05077411513820427
885 0.05065862031035916
886 0.05054655797132227
887 0.05043794690496579
888 0.05033319933769803
889 0.05023219227967547
890 0.05013510477781618
891 0.05004206717482393
892 0.04995005097251482
893 0.04986622736790127
894 0.04978607502801834
895 0.04970727572353619
896 0.04963563570628905
897 0.0495672938068548
898 0.04950042647639116
899 0.04944015879027648
900 0.04938076397147352
901 0.0493268425281034
902 0.04927392728878527
903 0.0492263073286936
904 0.04917921377887768
905 0.04913727103557291
906 0.04909588624019508
907 0.04905877323524788
908 0.04902145274426815
909 0.04898829991845154
910 0.04895454729133288
911 0.04892445105351179
912 0.0488948514051735
913 0.04886409061541581
914 0.04883680593151061
915 0.04880848879828798
916 0.04878317732120829
917 0.04875656302716634
918 0.04873223135523624
919 0.04870586647788672
920 0.04868144407880427
921 0.04865594622001658
922 0.04862775342235582
923 0.04860097279356784
924 0.0485710237870549
925 0.04854241487633616
926 0.04851070717552707
927 0.0484803920380139
928 0.04844648567710242
929 0.04841328935570279
930 0.04837555170733648
931 0.04833875577104815
932 0.04829702601744824
933 0.04825419368850933
934 0.04821155584448832
935 0.0481632860288887
936 0.04811363413939433
937 0.04806460619511265
938 0.04800974364950538
939 0.04795352122223233
940 0.0478951931914517
941 0.04783432205495049
942 0.04777104336275947
943 0.04770536696784349
944 0.0476373887714446
945 0.0475671974975946
946 0.04749455359992887
947 0.04741976532346245
948 0.04734272433541749
949 0.04726379126803743
950 0.04718268915969786
951 0.0470994828986192
952 0.04701402779730587
953 0.04692672208105926
954 0.04683774779514548
955 0.04674708728550525
956 0.04665479410121479
957 0.04656104354257679
958 0.04646598287573837
959 0.04636972456796324
960 0.04627267269817932
961 0.0461746552473588
962 0.04607566422154855
963 0.04597561276346993
964 0.04587486687721783
965 0.04577359346933178
966 0.04567180073932859
967 0.04556971365639476
968 0.04547156552140827
969 0.04536774236874634
970 0.04526485463028991
971 0.04516664387350397
972 0.04506325300393137
973 0.04496124382966431
974 0.04486000817358457
975 0.04476388000667399
976 0.04466264961106421
977 0.04456306743163514
978 0.04446496975652462
979 0.044372434232663
980 0.04427541977394818
981 0.04418060528552351
982 0.04409165421946238
983 0.04399864767694901
984 0.04390784321733462
985 0.04382310616772985
986 0.04373412312074566
987 0.04364768660244172
988 0.04356338703793065
989 0.04348491619074032
990 0.04340317618704177
991 0.04332375430570855
992 0.04324630348325114
993 0.04317076113338628
994 0.04310034361055858
995 0.04302666446372605
996 0.04295537698000497
997 0.04288604163500445
998 0.04281842834680216
999 0.04275250461099436
1000 0.04268829980015453
1001 0.04262575188594348
1002 0.04256461497926037
1003 0.0425048048216184
1004 0.04244623679369033
1005 0.04238880189091743
1006 0.04233234017093326
1007 0.04227710176716833
1008 0.04222305400365198
1009 0.04216994058848578
1010 0.04211776527459542
1011 0.04206637114758931
1012 0.04201586533072176
1013 0.04196606228001015
1014 0.0419170056696762
1015 0.04186855519712533
1016 0.04182040429971818
1017 0.04177262141517246
1018 0.04172515045406434
1019 0.04167809509357801
1020 0.04163152083839885
1021 0.04158533951143977
1022 0.04153928054296807
1023 0.04149317234150345
1024 0.04144710653968588
1025 0.04140099933224709
1026 0.04135485431924061
1027 0.04130839247305874
1028 0.04126172504195862
1029 0.04121463489496138
1030 0.04116717298964046
1031 0.04111943568940451
1032 0.04107121916431986
1033 0.04102258637686294
1034 0.04097350074116606
1035 0.04092387753841863
1036 0.04087373335689416
1037 0.04082320396978044
1038 0.04077197712032631
1039 0.04072021770962699
1040 0.04066776410165303
1041 0.04061459103404243
1042 0.04056073879129463
1043 0.04050618535846346
1044 0.04045104513432074
1045 0.04039520849603625
1046 0.04033872322920389
1047 0.04028161089843831
1048 0.04022392067075455
1049 0.04016553492186036
1050 0.04010649101210501
1051 0.0400465209610678
1052 0.0399859586589302
1053 0.03992499278003563
1054 0.03986353578821286
1055 0.03980148862865177
1056 0.039738782892511
1057 0.03967565298014992
1058 0.03961224567145821
1059 0.03954853977455718
1060 0.03948438766330145
1061 0.03941964443501238
1062 0.03935454007018709
1063 0.03928897166526688
1064 0.03922291584411027
1065 0.03915649721936639
1066 0.03909005130392142
1067 0.03902360504520397
1068 0.03895722086502799
1069 0.0388908724598353
1070 0.03882465681146118
1071 0.03875844356564061
1072 0.03869215891058792
1073 0.03862574249976373
1074 0.03855922305049579
1075 0.0384926412027983
1076 0.03842626479465876
1077 0.03836013931577036
1078 0.03829428840249044
1079 0.03822896677319412
1080 0.03816411593852897
1081 0.03809973986560726
1082 0.03803567102588675
1083 0.03797184903118232
1084 0.03790811348591795
1085 0.03784467028539627
1086 0.03778157706224745
1087 0.03771902831653923
1088 0.03765703105528194
1089 0.03759578531054203
1090 0.03753536624365609
1091 0.03747546185718206
1092 0.03741622975528267
1093 0.03736079262081039
1094 0.03730089177316523
1095 0.03724180557465772
1096 0.03718356918398531
1097 0.03712936247765111
1098 0.03707141121712611
1099 0.03701459756769199
1100 0.03695876256252825
1101 0.03690692795208372
1102 0.03685155054899747
1103 0.03679745077419153
1104 0.03674714503033462
1105 0.03669278853306387
1106 0.03664279109067408
1107 0.03658896933873471
1108 0.03653635471696062
1109 0.03648789543813965
1110 0.03643612779879613
1111 0.03638850388745532
1112 0.03633768662570296
1113 0.03629106180529886
1114 0.03624094764640049
1115 0.03619171785985335
1116 0.0361460196619862
1117 0.03609655975203673
1118 0.0360510355717569
1119 0.03600196639214724
1120 0.03595702768581434
1121 0.03590914807087268
1122 0.0358652294345814
1123 0.0358180000679203
1124 0.03577443594845993
1125 0.03572737427903847
1126 0.03568389952078448
1127 0.03563688896774758
1128 0.03559347696726962
1129 0.03554670923216276
1130 0.03550370315048818
1131 0.03545748273102892
1132 0.03541498190339568
1133 0.03537203471957173
1134 0.03532596331776013
1135 0.03528353651505697
1136 0.03523752076300733
1137 0.03519490826374406
1138 0.0351487262809555
1139 0.03510585087547179
1140 0.03505980881584687
1141 0.03501726945455736
1142 0.03497444361974903
1143 0.03492809912580551
1144 0.03488546308097015
1145 0.03483928842338893
1146 0.0347966831480692
1147 0.03475025478299879
1148 0.03470710895436988
1149 0.03466027703978446
1150 0.03461686460830434
1151 0.03457004655131692
1152 0.03452661247180332
1153 0.03447957841873272
1154 0.03443599044048855
1155 0.03438881621737441
1156 0.03434496137839525
1157 0.03429744533422584
1158 0.03425338400478174
1159 0.03420558143788366
1160 0.03416118657997472
1161 0.03411300336291677
1162 0.03406846990517203
1163 0.03402029904149555
1164 0.0339758063637498
1165 0.03392754514268236
1166 0.03388275261445305
1167 0.0338344070903745
1168 0.03378960894432676
1169 0.03374098975156827
1170 0.03369593391026093
1171 0.03364708881123096
1172 0.03360183817885887
1173 0.03355293381023956
1174 0.03350752771339573
1175 0.03345868231806275
1176 0.03341347384734417
1177 0.03336480157433536
1178 0.03331983367510785
1179 0.03327136238149766
1180 0.03322642277373214
1181 0.03317797669193414
1182 0.03313310842337543
1183 0.03308438958396608
1184 0.03303938345584579
1185 0.03299110563726635
1186 0.03294649245665894
1187 0.0329015418226775
1188 0.03285351635889863
1189 0.03280920346139336
1190 0.03276146456984105
1191 0.032717237895373
1192 0.0326697492033796
1193 0.03262577295068248
1194 0.03258150154566151
1195 0.03253411343223357
1196 0.03249062852638735
1197 0.03244698324925217
1198 0.03240356866657664
1199 0.03235724310625691
1200 0.0323147861310852
1201 0.03227219920867147
1202 0.03222940886412249
1203 0.03218328260636835
1204 0.03214116147184385
1205 0.03209884363287181
1206 0.03205651173571988
1207 0.03201445075116374
1208 0.03196955290090938
1209 0.03192878765381725
1210 0.03188835862718883
1211 0.03184810364316065
1212 0.03180784098383234
1213 0.03176767063213125
1214 0.03172760598339587
1215 0.03168730625796834
1216 0.03164727278022352
1217 0.03160725060870455
1218 0.03156747312184206
1219 0.03152806100448589
1220 0.03148915221623382
1221 0.03145082260819037
1222 0.03141290051048071
1223 0.03137495483547457
1224 0.03133714086763208
1225 0.03129936240785793
1226 0.0312616994150632
1227 0.03122403007889211
1228 0.03118657722301382
1229 0.03114952990648659
1230 0.03111284057992846
1231 0.03107662319626736
1232 0.03104078251379015
1233 0.03100514193213664
1234 0.03096956586463761
1235 0.03093412194274067
1236 0.03089876037364456
1237 0.03086356112050135
1238 0.03082846840006598
1239 0.03079335748099011
1240 0.03075844931591943
1241 0.03072370740309709
1242 0.03068915481442008
1243 0.03065479696598502
1244 0.03062060548347294
1245 0.03058653614911757
1246 0.03055259540984116
1247 0.03051870096148444
1248 0.03048484396479638
1249 0.03045106536397647
1250 0.03041738190640389
1251 0.03038375771492168
1252 0.03035012795771383
1253 0.03031640622228201
1254 0.03028259543373464
1255 0.03024878994757136
1256 0.03021508917272728
1257 0.03018160549021083
1258 0.03014792739202926
1259 0.03011431887165838
1260 0.0300805402763273
1261 0.03004661151165428
1262 0.0300126481176272
1263 0.02997857125206652
1264 0.02994446878968925
1265 0.0299101643920767
1266 0.02987588074692807
1267 0.02984173511096978
1268 0.02980759347552536
1269 0.02977327304182812
1270 0.02973906816484251
1271 0.02970485806050154
1272 0.02967029652542542
1273 0.02963546907319789
1274 0.02960047926703244
1275 0.02956543725667767
1276 0.0295303053317854
1277 0.02949549245313845
1278 0.02946077617732239
1279 0.02942629121480293
1280 0.02939173156317868
1281 0.02935718918840109
1282 0.02932261264529469
1283 0.02928777305514492
1284 0.029252676770443
1285 0.02921741109777748
1286 0.02918218749733553
1287 0.02914707747677286
1288 0.02911207210679732
1289 0.02907733469174463
1290 0.02904276554164011
1291 0.02900809830394988
1292 0.02897352112696867
1293 0.02893900926200767
1294 0.02890458666237052
1295 0.02887002536983907
1296 0.02883569701934247
1297 0.02880148978979009
1298 0.02876756540055904
1299 0.02873382397724122
1300 0.02870053677315981
1301 0.02866727434915735
1302 0.02863405188247543
1303 0.02860083652041016
1304 0.02856758615402122
1305 0.0285344470961128
1306 0.02849935025482466
1307 0.02846735510628128
1308 0.02843545067877491
1309 0.02840386111126014
1310 0.02837251725710717
1311 0.02834133411563967
1312 0.02831036610938153
1313 0.0282772579030163
1314 0.02824693186167826
1315 0.02821658661148492
1316 0.02818623937345303
1317 0.02815602152267917
1318 0.02812399930844866
1319 0.02809474607095755
1320 0.0280657247199399
1321 0.02803706228586929
1322 0.02800875482103027
1323 0.02798055241279866
1324 0.02795030547049427
1325 0.02792256395332153
1326 0.02789482570512881
1327 0.02786705464904701
1328 0.02783930232710798
1329 0.02780997412612474
1330 0.0277835393459266
1331 0.02775712434487172
1332 0.02772886054035055
1333 0.02770287052597437
1334 0.0276769704195287
1335 0.02765095328819368
1336 0.0276251994015455
1337 0.02759762185971744
1338 0.02757241762867397
1339 0.02754736386034208
1340 0.02752045961586182
1341 0.02749571642451471
1342 0.02746918208408024
1343 0.02744488317493711
1344 0.0274206288339393
1345 0.02739462923415803
1346 0.02737076981177732
1347 0.02734519440905432
1348 0.02732140053652989
1349 0.02729566989335633
1350 0.02727176273926634
1351 0.02724605277641686
1352 0.02722239247376945
1353 0.02719704802921175
1354 0.02717377403665197
1355 0.02714897062396457
1356 0.02712435421555303
1357 0.0271013714107187
1358 0.02707658692179543
1359 0.02705192993011404
1360 0.02702883500503733
1361 0.0270038393820106
1362 0.02698074109082223
1363 0.02695598264233282
1364 0.02693306835610616
1365 0.0269083513916289
1366 0.02688380590133204
1367 0.0268610063482808
1368 0.02683607376470867
1369 0.02681124876565274
1370 0.0267865332022218
1371 0.0267634810489849
1372 0.02673874969693506
1373 0.02671425011286363
1374 0.02669131248751417
1375 0.02666655280437069
1376 0.02664214500246901
1377 0.02661784144014965
1378 0.02659353216228218
1379 0.02656914135167223
1380 0.02654490814631969
1381 0.02652074939619545
1382 0.02649652089491562
1383 0.02647228115048645
1384 0.02644816963086891
1385 0.02642425178539075
1386 0.02640043840232
1387 0.02637678801203973
1388 0.0263532982234057
1389 0.02632988394153971
1390 0.02630637984697542
1391 0.02628301471709357
1392 0.02625970181507949
1393 0.02623623364683089
1394 0.02621280104986162
1395 0.02618954439324454
1396 0.02616641811401045
1397 0.02614343403554389
1398 0.02612062891636036
1399 0.02609794980112212
1400 0.02607542179120096
1401 0.02605297884537892
1402 0.02603063093179247
1403 0.02600846146992166
1404 0.02598618144808697
1405 0.02596386295854851
1406 0.0259415512737258
1407 0.02591939059149626
1408 0.02589747670519479
1409 0.02587574133747203
1410 0.02585432835263579
1411 0.02583309284994255
1412 0.02581178886201316
1413 0.0257904897424411
1414 0.02576906036338038
1415 0.02574760956375298
1416 0.02572616123478366
1417 0.02570474246148782
1418 0.0256836109534284
1419 0.02566289441908428
1420 0.02564244799257619
1421 0.02562209998871158
1422 0.02560159706011682
1423 0.02558131066233968
1424 0.02556116427616169
1425 0.02554119511011932
1426 0.02552143834920811
1427 0.02550174096833465
1428 0.02548204909389926
1429 0.0254623756991432
1430 0.02544278016439191
1431 0.02542339325096518
1432 0.02540415740681254
1433 0.02538485982391356
1434 0.02536544291161327
1435 0.02534617534695975
1436 0.02532720457390164
1437 0.0253086381312443
1438 0.02529020562482138
1439 0.02527189008575564
1440 0.02525387998789285
1441 0.02523611937882249
1442 0.02521838400463006
1443 0.02520072141991843
1444 0.02518302650974726
1445 0.02516522214407825
1446 0.02514742639032883
1447 0.02512968032230279
1448 0.02511194996198948
1449 0.02509429413462356
1450 0.02507677744361508
1451 0.02505953747331286
1452 0.02504244083756337
1453 0.02502562224345035
1454 0.02500877200141135
1455 0.02499221909751334
1456 0.02497548955261226
1457 0.02495890008934512
1458 0.02494233871959476
1459 0.02492563686128928
1460 0.02490880511317626
1461 0.02489214620497659
1462 0.02487550280676125
1463 0.02485883673169672
1464 0.02484230421240296
1465 0.02482598364490659
1466 0.02480976372654396
1467 0.02479363636655039
1468 0.02477747565745211
1469 0.02476124123013799
1470 0.02474492287984278
1471 0.02472850320895221
1472 0.02471200783790333
1473 0.02469560007497793
1474 0.02467934507233578
1475 0.02466326101654252
1476 0.02464715662599992
1477 0.02463100313092554
1478 0.0246148218250299
1479 0.02459859580181668
1480 0.02458231765565916
1481 0.02456603332642043
1482 0.02454983874008064
1483 0.02453367206837687
1484 0.02451745953284536
1485 0.02450137130569756
1486 0.02448536058763987
1487 0.02446926793273471
1488 0.02445321057514346
1489 0.02443715159054877
1490 0.02442102593597447
1491 0.02440487798340939
1492 0.0243887536617648
1493 0.0243725889731324
1494 0.02435651535291432
1495 0.0243405209343774
1496 0.02432458370357558
1497 0.02430861606020056
1498 0.02429263736723304
1499 0.02427677713600316
1500 0.0242609463871758
1501 0.02424529397730777
1502 0.02422960930925869
1503 0.02421384238413279
1504 0.02419800894070587
1505 0.02418245882228364
1506 0.02416700448959443
1507 0.02415171036202505
1508 0.02413641085590645
1509 0.02412133806107688
1510 0.02410634271594976
1511 0.02409146902444729
1512 0.02407681225661999
1513 0.02406217977751955
1514 0.02404747987138975
1515 0.02403283077347985
1516 0.02401823449695028
1517 0.02400368542671028
1518 0.0239893076846219
1519 0.02397519911370404
1520 0.02396116286756698
1521 0.02394741420401853
1522 0.02393391797573244
1523 0.02392047821104307
1524 0.02390711203940339
1525 0.02389395556715794
1526 0.02388093964500002
1527 0.02386817530596018
1528 0.02385554683889653
1529 0.0238430800555971
1530 0.02383064223162926
1531 0.02381815287545127
1532 0.02380577975203661
1533 0.02379357619520098
1534 0.02378157471957296
1535 0.02376993789045721
1536 0.02375847257004163
1537 0.02374707473046082
1538 0.02373589242461714
1539 0.02372469918980148
1540 0.02371373513010093
1541 0.02370292988057469
1542 0.0236923178439403
1543 0.02368177046064105
1544 0.02367124713701906
1545 0.0236609623257714
1546 0.02365066149663346
1547 0.02364054003768026
1548 0.0236304364804167
1549 0.02362039418795563
1550 0.02361042330952325
1551 0.02360041809708035
1552 0.02359058210671012
1553 0.02358079576802913
1554 0.02357120434244316
1555 0.0235617342614978
1556 0.02355244801072709
1557 0.02354322947163506
1558 0.02353398177484829
1559 0.02352474986399811
1560 0.02351551965063201
1561 0.0235062054286658
1562 0.02349693092636096
1563 0.02348784870764582
1564 0.02347866523799196
1565 0.02346953089556445
1566 0.02346039341830816
1567 0.02345138302713227
1568 0.02344219912382194
1569 0.02343315776247395
1570 0.02342397185497521
1571 0.02341486331579866
1572 0.02340588391146972
1573 0.02339698182841809
1574 0.02338808865590519
1575 0.02337905540553056
1576 0.02337013193828179
1577 0.02336110343565062
1578 0.02335203026615806
1579 0.02334287265855877
1580 0.02333370277672962
1581 0.02332442796696899
1582 0.02331509268485572
1583 0.02330583634353628
1584 0.0232968120839757
1585 0.02328766370251548
1586 0.02327849055981724
1587 0.02326938783585459
1588 0.02326024903515678
1589 0.02325103451751906
1590 0.02324181608327996
1591 0.02323266333827493
1592 0.0232234387713421
1593 0.02321413514633603
1594 0.02320480042532236
1595 0.023195451547815
1596 0.02318613142336767
1597 0.02317700045692108
1598 0.02316780021016373
1599 0.02315852429469969
1600 0.02314916277358484
1601 0.02313977992970842
1602 0.02313048223023496
1603 0.02312148739733728
1604 0.02311262477862295
1605 0.0231036369822019
1606 0.0230946096328174
1607 0.02308553934791394
1608 0.02307644848999774
1609 0.0230673174586468
1610 0.02305838198241532
1611 0.02304959838145923
1612 0.02304085852094276
1613 0.02303223024691136
1614 0.02302375318906393
1615 0.02301520515263278
1616 0.02300702211055102
1617 0.02299843083947931
1618 0.02299009414002763
1619 0.0229821162504011
1620 0.02297405174930129
1621 0.02296607371343247
1622 0.02295855391323752
1623 0.02295089522836835
1624 0.02294342132946665
1625 0.02293581761309103
1626 0.02292845597179758
1627 0.02292104564160856
1628 0.02291359961635343
1629 0.02290644663134887
1630 0.02289922736506548
1631 0.02289219601469833
1632 0.02288524264353506
1633 0.02287838013193602
1634 0.02287141134149064
1635 0.02286472655801407
1636 0.02285839580443478
1637 0.02285211024495715
1638 0.02284594519885447
1639 0.02283967123601704
1640 0.02283331098147889
1641 0.02282721436066835
1642 0.02282109473711019
1643 0.02281517937329255
1644 0.0228092659380309
1645 0.02280327619958918
1646 0.02279741181746638
1647 0.02279151498653757
1648 0.02278571466393867
1649 0.02277998883616418
1650 0.02277436256020299
1651 0.02276872599939913
1652 0.02276322116534376
1653 0.02275782135287377
1654 0.02275251480705458
1655 0.02274713883449788
1656 0.0227419067878868
1657 0.02273667298699279
1658 0.02273149183196258
1659 0.02272630326954557
1660 0.02272119228192732
1661 0.02271599839996821
1662 0.02271097342169999
1663 0.02270578945825649
1664 0.02270087532960282
1665 0.02269593957344875
1666 0.02269101026704835
1667 0.0226861468005678
1668 0.0226814033587007
1669 0.02267676701114885
1670 0.02267217715854381
1671 0.02266755941217931
1672 0.02266305359231612
1673 0.02265842015110953
1674 0.02265394522201858
1675 0.02264931313209409
1676 0.02264460033955123
1677 0.02263997708464547
1678 0.02263542255148997
1679 0.02263080164754565
1680 0.02262649479273672
1681 0.02262203779914395
1682 0.02261772840704349
1683 0.02261318484685534
1684 0.02260868697517117
1685 0.02260409823121496
1686 0.02259965804621295
1687 0.02259521132211242
1688 0.02259066623795539
1689 0.02258632176891801
1690 0.02258212208159899
1691 0.02257769324020505
1692 0.02257344088378507
1693 0.02256898290326541
1694 0.0225646072429677
1695 0.02256002757249799
1696 0.02255548936802536
1697 0.02255101177154712
1698 0.02254656511077714
1699 0.0225422348350407
1700 0.02253765965411357
1701 0.02253353644403557
1702 0.02252930395313276
1703 0.02252516246511814
1704 0.02252083418378404
1705 0.022516530345204
1706 0.02251206708010578
1707 0.02250778515270002
1708 0.02250328214023889
1709 0.02249891983065378
1710 0.02249430230404562
1711 0.02249002984102434
1712 0.02248581864869891
1713 0.02248169581158207
1714 0.02247739102065414
1715 0.02247314472965927
1716 0.02246875789892342
1717 0.02246456728162913
1718 0.02246024688851003
1719 0.02245600718073262
1720 0.02245163461545438
1721 0.0224474818777468
1722 0.02244326006165343
1723 0.02243925618673025
1724 0.02243508918372891
1725 0.0224311294803539
1726 0.02242692363134714
1727 0.02242310587122891
1728 0.02241927162320366
1729 0.02241511286662466
1730 0.02241146391406625
1731 0.02240765826421578
1732 0.02240374355261055
1733 0.0223996587507185
1734 0.02239605701735955
1735 0.02239228855725807
1736 0.02238841733469857
1737 0.02238484633118026
1738 0.02238138943151371
1739 0.02237759678303248
1740 0.02237435640139544
1741 0.02237108562754943
1742 0.02236778941901708
1743 0.02236453099477374
1744 0.02236123098574525
1745 0.02235760864823744
1746 0.02235453212394443
1747 0.02235159735692133
1748 0.02234823833466529
1749 0.02234524154742615
1750 0.02234247067014699
1751 0.02233967222778678
1752 0.02233679173258239
1753 0.02233416567820912
1754 0.02233162500311391
1755 0.02232867485553794
1756 0.02232621496028991
1757 0.02232348981671952
1758 0.02232126492520098
1759 0.02231879893570112
1760 0.02231605359150967
1761 0.02231384578246791
1762 0.02231127036273719
1763 0.02230935339092541
1764 0.02230705118977673
1765 0.0223051103171379
1766 0.02230329419529704
1767 0.0223010977198265
1768 0.02229948668773888
1769 0.02229776086672809
1770 0.02229599584281037
1771 0.02229392128603488
1772 0.02229228956895266
1773 0.02229060573763021
1774 0.0222890143287931
1775 0.02228699367281919
1776 0.02228547948301365
1777 0.02228400816796863
1778 0.02228216148082745
1779 0.02228106714302564
1780 0.02227937066274068
1781 0.02227830588307118
1782 0.02227680006126808
1783 0.02227578773443465
1784 0.02227415457114928
1785 0.02227312309607706
1786 0.02227176884265624
1787 0.02227092486884543
1788 0.0222696694397162
1789 0.02226872854775647
1790 0.0222677920511369
1791 0.02226634165355266
1792 0.02226545670306629
1793 0.02226392523583381
1794 0.02226283365394445
1795 0.02226109580631708
1796 0.02226002502182628
1797 0.02225892081192453
1798 0.02225726601617291
1799 0.02225616366319734
1800 0.02225514335640038
1801 0.0222539868942503
1802 0.02225244287717702
1803 0.02225120441218641
1804 0.02224986800251183
1805 0.0222484881167362
1806 0.02224677248553049
1807 0.02224545850580954
1808 0.02224393111211762
1809 0.02224185849287222
1810 0.02224036194758552
1811 0.02223882803045339
1812 0.02223752161069774
1813 0.02223598717939528
1814 0.02223436292195046
1815 0.02223262732347493
1816 0.02223098946700513
1817 0.02222898618282428
1818 0.02222746874427476
1819 0.02222564819032635
1820 0.02222378717655999
1821 0.02222194910371936
1822 0.02222026556680452
1823 0.02221847134347433
1824 0.02221648387661203
1825 0.02221440442676157
1826 0.02221254449741262
1827 0.02221070913549505
1828 0.02220902647905908
1829 0.02220725170404551
1830 0.02220529499562679
1831 0.02220310911104544
1832 0.02220104120745255
1833 0.02219915974706137
1834 0.02219743304953999
1835 0.02219571145320783
1836 0.02219395181839037
1837 0.02219202944974486
1838 0.02219025397175803
1839 0.02218839635101704
1840 0.0221865222471746
1841 0.02218459335802011
1842 0.0221826039467685
1843 0.02218045246626008
1844 0.0221786634023362
1845 0.02217685674041067
1846 0.02217513079551588
1847 0.02217341891841808
1848 0.0221719165212446
1849 0.02217039376247911
1850 0.02216885238324938
1851 0.02216727623610685
1852 0.02216567255284149
1853 0.02216382785164587
1854 0.02216206395533233
1855 0.0221602327559497
1856 0.0221585968395668
1857 0.02215709730705452
1858 0.02215568766052838
1859 0.02215445098898596
1860 0.0221531406084876
1861 0.02215171552762951
1862 0.02215038300332144
1863 0.02214914648247309
1864 0.02214793310541735
1865 0.02214660135245944
1866 0.02214533381439202
1867 0.02214408309468471
1868 0.02214310148742646
1869 0.02214199397238051
1870 0.02214074427316625
1871 0.0221394301279876
1872 0.02213813971989295
1873 0.02213684172062127
1874 0.02213589382262529
1875 0.02213492441452254
1876 0.02213387959656098
1877 0.02213302512233956
1878 0.02213238630583382
1879 0.02213168499750785
1880 0.02213109594065665
1881 0.02213035190698977
1882 0.02212958433602216
1883 0.02212878965513705
1884 0.02212808396345284
1885 0.02212711607607099
1886 0.02212615892737263
1887 0.02212511990735244
1888 0.0221243878097483
1889 0.02212383726911823
1890 0.0221233615897613
1891 0.02212256582013656
1892 0.02212192127773673
1893 0.02212130033484626
1894 0.02212071374925668
1895 0.02212006533150999
1896 0.02211963315289492
1897 0.02211912997347664
1898 0.02211870170428598
1899 0.02211819657032195
1900 0.02211735859628082
1901 0.02211659238388485
1902 0.02211584246473184
1903 0.02211502255168833
1904 0.02211447893933339
1905 0.02211388262173349
1906 0.02211312187318843
1907 0.02211229898237114
1908 0.02211179704433188
1909 0.02211142762652897
1910 0.02211095886288553
1911 0.02211040237548372
1912 0.02210979024135647
1913 0.02210922799033924
1914 0.02210862725236733
1915 0.02210766209196071
1916 0.0221066506125379
1917 0.02210560696573521
1918 0.02210451004508292
1919 0.02210364273502339
1920 0.02210279640712412
1921 0.0221018072770746
1922 0.02210079033774867
1923 0.0220999519480674
1924 0.02209909254004259
1925 0.02209820684645413
1926 0.02209736855344163
1927 0.0220964916085376
1928 0.02209556939651438
1929 0.0220944444127685
1930 0.0220930998792668
1931 0.02209175766918349
1932 0.02209039127274754
1933 0.02208915323125493
1934 0.02208819303957101
1935 0.02208721619939729
1936 0.02208596691387302
1937 0.02208484417625425
1938 0.02208384515326627
1939 0.02208268461054241
1940 0.02208145106676866
1941 0.02208016120272542
1942 0.02207884415596641
1943 0.02207744943075599
1944 0.02207606310657217
1945 0.02207458441008236
1946 0.02207316917992695
1947 0.02207190653138961
1948 0.02207073165337867
1949 0.0220697501821668
1950 0.02206868208405475
1951 0.02206743082330004
1952 0.0220658973931773
1953 0.02206434914184801
1954 0.02206296662468246
1955 0.02206191418299706
1956 0.02206073154077838
1957 0.02205967495764462
1958 0.0220587546298917
1959 0.02205773176815092
1960 0.02205651952964962
1961 0.02205517531586014
1962 0.02205368351601195
1963 0.02205219988532422
1964 0.02205085851016118
1965 0.02204973397196343
1966 0.02204866138213596
1967 0.02204763043697589
1968 0.0220465624788704
1969 0.02204546507223724
1970 0.02204435613881828
1971 0.02204313824883768
1972 0.02204192730595825
1973 0.02204098444424062
1974 0.02204009768856997
1975 0.02203902668362148
1976 0.0220379337814456
1977 0.02203698731985881
1978 0.02203598865216463
1979 0.02203484871476
1980 0.02203366682825256
1981 0.02203244378963993
1982 0.02203144580156697
1983 0.02203048397428896
1984 0.02202944876753881
1985 0.02202835619402183
1986 0.02202722065820702
1987 0.02202604935372038
1988 0.02202486225976364
1989 0.02202368655092036
1990 0.02202265018754377
1991 0.0220217290956368
1992 0.02202060427766325
1993 0.02201943672347831
1994 0.02201843917054899
1995 0.02201757424385715
1996 0.02201663548131907
1997 0.02201578089530957
1998 0.02201497254301297
1999 0.02201397485473693
2000 0.02201285826846754
2001 0.02201173856877182
2002 0.0220106822919454
2003 0.02200967247413713
2004 0.02200855986593553
2005 0.02200743704247135
2006 0.02200627501880047
2007 0.02200524926560488
2008 0.02200441215288391
2009 0.0220035406628312
2010 0.02200274593404293
2011 0.02200186713690715
2012 0.02200079469652453
2013 0.02199963023884801
2014 0.0219985597244671
2015 0.02199758525342323
2016 0.02199648273459191
2017 0.02199519088161408
2018 0.02199394765779202
2019 0.02199305546762684
2020 0.02199219361919862
2021 0.0219913850521394
2022 0.02199058562931373
2023 0.02198968074006942
2024 0.02198878762557219
2025 0.02198769079675928
2026 0.02198659718221737
2027 0.02198549241483996
2028 0.0219845518365503
2029 0.02198344016396331
2030 0.0219821616078651
2031 0.02198081395159321
2032 0.0219796224267235
2033 0.0219787519700443
2034 0.02197817226437619
2035 0.02197747074895887
2036 0.02197644821351707
2037 0.02197539300699875
2038 0.02197429725307801
2039 0.02197302302116707
2040 0.02197177395595353
2041 0.02197048369756796
2042 0.0219692617445068
2043 0.02196795024279845
2044 0.02196676781331192
2045 0.02196570159653809
2046 0.02196482727028502
2047 0.02196404031619049
2048 0.02196328227839059
2049 0.0219624000703086
2050 0.02196102936410072
2051 0.021959622771143
2052 0.02195840021704843
2053 0.02195725193564073
2054 0.02195602295831895
2055 0.02195479248477637
2056 0.02195350499480691
2057 0.02195254129174275
2058 0.0219517391450226
2059 0.02195084272371867
2060 0.02194964882038287
2061 0.02194828052672798
2062 0.02194695678870446
2063 0.02194583185252218
2064 0.0219447165016916
2065 0.02194346177860281
2066 0.02194205867955016
2067 0.02194064571386863
2068 0.0219393698081601
2069 0.02193844339271339
2070 0.02193750403705106
2071 0.02193651133629295
2072 0.02193535020624305
2073 0.02193406952257596
2074 0.02193283941435423
2075 0.02193136684046943
2076 0.02192989061194172
2077 0.02192847053783601
2078 0.02192728950908464
2079 0.02192627075993877
2080 0.02192502145272807
2081 0.02192373672904016
2082 0.02192241339287977
2083 0.02192122088217094
2084 0.02192004894628908
2085 0.02191881777355755
2086 0.0219173682807885
2087 0.02191597466173157
2088 0.02191465938299141
2089 0.02191346933801875
2090 0.0219121252269287
2091 0.02191069286063897
2092 0.02190926750428456
2093 0.02190812165557503
2094 0.02190706014673232
2095 0.02190578384431776
2096 0.02190431808069797
2097 0.02190289062581484
2098 0.0219015597737466
2099 0.02190044248385572
2100 0.02189934031618682
2101 0.02189767882561425
2102 0.02189647002592786
2103 0.02189511366363466
2104 0.0218936772320153
2105 0.02189231858167285
2106 0.02189128724048138
2107 0.021889743957937
2108 0.02188875631422999
2109 0.02188728422911275
2110 0.0218859534256124
2111 0.02188488554165003
2112 0.02188396639550369
2113 0.0218831390081508
2114 0.02188230748038511
2115 0.02188121396675334
2116 0.02187990442778769
2117 0.02187848031151658
2118 0.02187713561086217
2119 0.02187610510944202
2120 0.02187498737071571
2121 0.0218739856190257
2122 0.02187300680351473
2123 0.02187189357535694
2124 0.02187077603616913
2125 0.02186968559600914
2126 0.0218681053629488
2127 0.02186711858693965
2128 0.02186584233274908
2129 0.0218647490387673
2130 0.02186379425634855
2131 0.02186294222547236
2132 0.02186216353420258
2133 0.02186138085123116
2134 0.02186081833703
2135 0.02186019129831524
2136 0.02185951540659589
2137 0.0218585586947183
2138 0.02185698531859867
2139 0.02185593794638177
2140 0.02185457868045077
2141 0.02185345351145917
2142 0.02185231045739535
2143 0.02185209811636131
2144 0.02185194640327673
2145 0.02185173813095184
2146 0.02185069788874874
2147 0.02185002846046858
2148 0.02184924604549888
2149 0.02184832962190821
2150 0.02184743563862057
2151 0.02184641102669452
2152 0.02184548791608044
2153 0.02184467653191778
2154 0.02184428258227971
2155 0.0218442770953782
2156 0.02184432803328217
2157 0.02184402797583595
2158 0.02184336114788932
2159 0.02184250075817855
2160 0.02184162393077507
2161 0.0218409548550841
2162 0.02184009899325789
2163 0.02183940522672087
2164 0.02183891646706392
2165 0.02183821829144384
2166 0.02183765765647035
2167 0.02183732228747752
2168 0.02183693852656297
2169 0.02183654876134584
2170 0.02183604932633724
2171 0.02183532952817535
2172 0.02183472531939229
2173 0.02183421040885999
2174 0.02183375770632518
2175 0.02183321115384613
2176 0.02183263903601847
2177 0.02183192627106867
2178 0.02183135055042213
2179 0.02183086197894532
2180 0.02183053795911521
2181 0.02183023513466153
2182 0.0218297975358019
2183 0.02182924778612528
2184 0.02182874743197433
2185 0.02182826759035415
2186 0.02182770132540718
2187 0.02182694529244745
2188 0.02182600769982924
2189 0.02182537117206557
2190 0.02182524511931982
2191 0.02182521633403238
2192 0.02182533483444993
2193 0.02182520497213661
2194 0.02182472092791385
2195 0.0218243512532161
2196 0.02182364794110032
2197 0.02182288949659136
2198 0.02182224982821127
2199 0.02182176412105503
2200 0.02182147253751748
2201 0.02182113792691719
2202 0.02182077494195589
2203 0.02182053179994393
2204 0.02182056762102462
2205 0.02182040611665459
2206 0.02181996631171394
2207 0.02181949226113149
2208 0.0218190193027742
2209 0.02181843004677599
2210 0.02181792779699075
2211 0.02181759731018215
2212 0.02181711961787891
2213 0.02181674316767918
2214 0.02181663909279858
2215 0.02181647917182967
2216 0.02181663312841511
2217 0.02181671728588437
2218 0.02181652341961454
2219 0.02181608135041229
2220 0.02181563346351503
2221 0.02181529586149668
2222 0.02181489155308832
2223 0.02181482770022329
2224 0.02181493753711505
2225 0.0218148085444469
2226 0.02181446224664567
2227 0.02181426205401404
2228 0.02181439365766148
2229 0.02181454554983058
2230 0.02181468542325074
2231 0.02181488248941194
2232 0.02181497297312448
2233 0.0218149579872037
2234 0.02181481057539307
2235 0.02181453048768034
2236 0.02181425064674549
2237 0.02181428947680789
2238 0.02181454128739348
2239 0.02181493765866115
2240 0.02181538318259695
2241 0.02181588594251128
2242 0.02181628645859474
2243 0.021816433141487
2244 0.02181674412809611
2245 0.02181707220386789
2246 0.02181743300981782
2247 0.02181798545539914
2248 0.02181852137102456
2249 0.02181888579209559
2250 0.02181895752498834
2251 0.02181909360242494
2252 0.02181969338438332
2253 0.02182059392401663
2254 0.02182149791676137
2255 0.02182240433680702
2256 0.02182344848988227
2257 0.0218242851363357
2258 0.0218250604131541
2259 0.02182588340386902
2260 0.02182662553714253
2261 0.02182744284345117
2262 0.02182818651530565
2263 0.02182876719716483
2264 0.0218295222885328
2265 0.02183085079000417
2266 0.02183228973782317
2267 0.021833793911701
2268 0.02183531928846536
2269 0.02183667278340527
2270 0.02183794300296165
2271 0.02183908674881831
2272 0.02184011893520716
2273 0.02184124797704964
2274 0.02184258262062994
2275 0.02184377863752192
2276 0.02184514587063592
2277 0.02184670377834982
2278 0.02184832401954077
2279 0.02185003970351986
2280 0.02185172425404731
2281 0.02185320843585271
2282 0.02185469288077852
2283 0.02185624532676488
2284 0.02185798959942759
2285 0.02186002582677425
2286 0.02186176130119584
2287 0.02186320116444747
2288 0.02186465712613492
2289 0.02186633975445008
2290 0.02186813076205105
2291 0.02187008653656891
2292 0.02187211634095769
2293 0.02187408867819183
2294 0.02187599426364967
2295 0.02187766761373875
2296 0.02187919661105712
2297 0.02188090056759602
2298 0.02188279752922838
2299 0.02188487744368019
2300 0.02188693692319291
2301 0.02188899274997693
2302 0.02189091153011877
2303 0.02189254068429476
2304 0.021894257120379
2305 0.02189596689695384
2306 0.02189821051467116
2307 0.02190062690855958
2308 0.02190300023002714
2309 0.02190516624731693
2310 0.02190723803400006
2311 0.02190927748022232
2312 0.02191134062820139
2313 0.02191336668167216
2314 0.02191543029886304
2315 0.02191756564455822
2316 0.02191971581886354
2317 0.02192190491220951
2318 0.02192408853794214
2319 0.02192633888909507
2320 0.02192862343933574
2321 0.0219307094628142
2322 0.02193278166767886
2323 0.02193501965587621
2324 0.02193732656540271
2325 0.0219398118261419
2326 0.02194220135825546
2327 0.02194482524037101
2328 0.0219475465012935
2329 0.0219501086616563
2330 0.02195245025876909
2331 0.02195491052571236
2332 0.0219575650056642
2333 0.02196019764182253
2334 0.0219627176437804
2335 0.02196502501333847
2336 0.02196723137677285
2337 0.02196953009588934
2338 0.02197208726141809
2339 0.02197488344712927
2340 0.02197803874167125
2341 0.02198126150311476
2342 0.02198418113069114
2343 0.02198699308223105
2344 0.02198974158866338
2345 0.02199226130478485
2346 0.02199460194923932
2347 0.0219972483905898
2348 0.0220001341465273
2349 0.0220033762418959
2350 0.02200670401601701
2351 0.02201005857809619
2352 0.02201311213626743
2353 0.02201605090911284
2354 0.02201877054903886
2355 0.02202167671610863
2356 0.02202469310111536
2357 0.02202805195639561
2358 0.02203174873270479
2359 0.02203515267977968
2360 0.0220383628500491
2361 0.02204156340067592
2362 0.02204472379546635
2363 0.02204810655493536
2364 0.02205142946306926
2365 0.02205463097423342
2366 0.0220581153920448
2367 0.02206196595466321
2368 0.02206582822238034
2369 0.02206942188935193
2370 0.02207300354519701
2371 0.02207667056742902
2372 0.02208043630271252
2373 0.02208415570269469
2374 0.02208773078738648
2375 0.0220914923731541
2376 0.02209525781135055
2377 0.02209896509525838
2378 0.02210253395675825
2379 0.02210629035002087
2380 0.02211019951490325
2381 0.02211411455281879
2382 0.02211830966376542
2383 0.0221224744584996
2384 0.02212644010793031
2385 0.02213045618338422
2386 0.02213436442345064
2387 0.0221386572068579
2388 0.02214324147681414
2389 0.0221476540974645
2390 0.02215197923394335
2391 0.0221563230007704
2392 0.02216058966716032
2393 0.02216492646944211
2394 0.02216920719680139
2395 0.02217326253736958
2396 0.0221772938305391
2397 0.02218149456056872
2398 0.02218594008926827
2399 0.02219066378322066
2400 0.02219552752832612
2401 0.02220033738229767
2402 0.02220506093263163
2403 0.02220992191024072
2404 0.02221480309020639
2405 0.02221946710564971
2406 0.02222367440869974
2407 0.02222774564707399
2408 0.02223218552913181
2409 0.02223689799808903
2410 0.02224196424864855
2411 0.02224696900268916
2412 0.02225194622697371
2413 0.02225703086660517
2414 0.02226199395837546
2415 0.02226677857118633
2416 0.02227166675795434
2417 0.02227665861920992
2418 0.02228180522060034
2419 0.02228693622458678
2420 0.02229198319087821
2421 0.02229685807198906
2422 0.02230174240215019
2423 0.02230662809070398
2424 0.02231161184448707
2425 0.02231670443727446
2426 0.02232201112677341
2427 0.02232742601472584
2428 0.02233289312938441
2429 0.02233819379573591
2430 0.02234321764773933
2431 0.02234803168688076
2432 0.02235289414800961
2433 0.02235798383342286
2434 0.02236333692090149
2435 0.0223689664688224
2436 0.02237447998550476
2437 0.02237986006697238
2438 0.02238527841179625
2439 0.02239078329394943
2440 0.02239619648529304
2441 0.02240162720470823
2442 0.02240702878421006
2443 0.02241220070297336
2444 0.02241720199856651
2445 0.02242204731069338
2446 0.02242726350760537
2447 0.02243294014342361
2448 0.02243904038388799
2449 0.02244519070785034
2450 0.02245107521549289
2451 0.0224564179358115
2452 0.02246150548292165
2453 0.0224665289641865
2454 0.02247176762873288
2455 0.02247723822336271
2456 0.02248303787420205
2457 0.02248875078918149
2458 0.02249442356859629
2459 0.0225001926224464
2460 0.02250597849951532
2461 0.02251173847624807
2462 0.02251731155763789
2463 0.0225227534740949
2464 0.02252833148410673
2465 0.022534214555459
2466 0.02254017282445694
2467 0.02254606403184252
2468 0.02255156555193622
2469 0.02255668169885826
2470 0.02256203957609085
2471 0.02256786807670252
2472 0.02257404353688807
2473 0.02258009269312749
2474 0.02258611739376568
2475 0.02259211110413834
2476 0.02259822828878065
2477 0.02260441927363062
2478 0.02261050856767413
2479 0.02261636491956787
2480 0.02262215538907711
2481 0.02262776450017471
2482 0.02263342758763001
2483 0.02263948074729062
2484 0.0226455743791262
2485 0.02265155935717379
2486 0.02265768453254053
2487 0.02266370337351667
2488 0.0226695476259247
2489 0.02267582134394509
2490 0.02268222368848091
2491 0.02268834708198418
2492 0.0226944292175121
2493 0.02270043827373832
2494 0.02270651145868849
2495 0.02271282712520735
2496 0.02271931480427621
2497 0.02272567708984481
2498 0.02273172109490973
2499 0.02273771885517721
2500 0.02274393385567745
2501 0.02275044229354246
2502 0.02275705548424966
2503 0.02276368939594502
2504 0.0227700875982956
2505 0.02277619972873156
2506 0.0227818665090531
2507 0.02278774863137303
2508 0.0227941515145921
2509 0.02280088211101121
2510 0.022807730559631
2511 0.02281456972168957
2512 0.02282106163424766
2513 0.02282735063277894
2514 0.02283364925509132
2515 0.02283977134032328
2516 0.02284604487556125
2517 0.02285239088016959
2518 0.02285872565378421
2519 0.02286500762012591
2520 0.02287126010057929
2521 0.02287742885349532
2522 0.02288381566510048
2523 0.02289035323774668
2524 0.02289676667932057
2525 0.02290333342504265
2526 0.0229101879927134
2527 0.02291690945123154
2528 0.0229236157026636
2529 0.02293007689741818
2530 0.02293624513605704
2531 0.02294235507766965
2532 0.02294847494886088
2533 0.02295441235750708
2534 0.02296095051595844
2535 0.02296781013631119
2536 0.0229747142821758
2537 0.02298158104276981
2538 0.02298840033740554
2539 0.02299507781360372
2540 0.0230013142642162
2541 0.02300757524827453
2542 0.02301383194534932
2543 0.02302012998399334
2544 0.023026214956995
2545 0.0230324517076659
2546 0.02303931936319521
2547 0.02304634580899548
2548 0.02305315698461231
2549 0.02305987769243889
2550 0.0230665160103414
2551 0.02307318997032204
2552 0.02307946842022132
2553 0.02308559268419941
2554 0.02309161139513859
2555 0.02309802916277441
2556 0.02310466016538641
2557 0.02311150119396323
2558 0.0231183304334594
2559 0.0231249810835356
2560 0.02313126066207539
2561 0.02313746578573069
2562 0.02314392552631539
2563 0.02315063487804849
2564 0.02315743421171919
2565 0.023164123635901
2566 0.0231705957102614
2567 0.02317692944515416
2568 0.02318327705200156
2569 0.02318945662223789
2570 0.02319573030326375
2571 0.02320188188132192
2572 0.02320821191914626
2573 0.02321493416294591
2574 0.0232215786871978
2575 0.02322827434715848
2576 0.02323477920752031
2577 0.02324130428266713
2578 0.0232478394813645
2579 0.02325398043429383
2580 0.02326016697601963
2581 0.02326634286842826
2582 0.02327248093736633
2583 0.02327869871198374
2584 0.02328514023391624
2585 0.02329183778193802
2586 0.02329866598042128
2587 0.02330542779308351
2588 0.02331196321443747
2589 0.02331806261877556
2590 0.02332384252356524
2591 0.02332967021661199
2592 0.0233358550246028
2593 0.0233421125782325
2594 0.02334854539319244
2595 0.02335477777435605
2596 0.02336093738415556
2597 0.02336715617466406
2598 0.02337349775748708
2599 0.02337955590659302
2600 0.02338581749059868
2601 0.02339233159092187
2602 0.02339882031985294
2603 0.02340536597981103
2604 0.02341186361379406
2605 0.02341831911848485
2606 0.0234245443394976
2607 0.02343035746276068
2608 0.02343589295192962
2609 0.02344158247163135
2610 0.02344756204291915
2611 0.02345397157563161
2612 0.02346053183778105
2613 0.02346709698377658
2614 0.02347331674370743
2615 0.02347928500170735
2616 0.02348538946747725
2617 0.02349171392835176
2618 0.02349816784078892
2619 0.02350463885134891
2620 0.02351045471203108
2621 0.02351604614228757
2622 0.02352174141893878
2623 0.02352766144893993
2624 0.02353375299641241
2625 0.02353996569319223
2626 0.02354614131017303
2627 0.02355222242943274
2628 0.0235585707453533
2629 0.02356458891331592
2630 0.02357053665677576
2631 0.02357645285309052
2632 0.02358247680851996
2633 0.02358845196716735
2634 0.02359439105987305
2635 0.02360016651372003
2636 0.02360591278167783
2637 0.02361157966229988
2638 0.02361728741582624
2639 0.0236232692086848
2640 0.02362945280257042
2641 0.02363548489041401
2642 0.02364144266780922
2643 0.02364728714976846
2644 0.02365295223841992
2645 0.02365836363378046
2646 0.02366369525306325
2647 0.02366914784675968
2648 0.02367465797031763
2649 0.02368050315808805
2650 0.02368646279974784
2651 0.02369255476686341
2652 0.02369846208598805
2653 0.02370417346288957
2654 0.02370961488234587
2655 0.02371485743067914
2656 0.02372007928048576
2657 0.02372526326348077
2658 0.02373054342533351
2659 0.02373604943211982
2660 0.02374168868158851
2661 0.02374721063062102
2662 0.02375272422500875
2663 0.023758149921781
2664 0.02376324192288365
2665 0.02376843152128227
2666 0.02377359312207038
2667 0.02377875411953406
2668 0.0237837141362397
2669 0.02378911505201193
2670 0.02379460610052139
2671 0.0238002415001624
2672 0.02380543220302924
2673 0.02381038889616298
2674 0.02381540358601027
2675 0.0238204874826187
2676 0.02382573911353836
2677 0.02383089985506574
2678 0.02383591886883881
2679 0.02384091845134688
2680 0.02384603061873604
2681 0.0238512014007487
2682 0.02385635151386582
2683 0.023861397453596
2684 0.02386606671818716
2685 0.02387039699397963
2686 0.02387489030880883
2687 0.02387987946874644
2688 0.02388498282195191
2689 0.02389017750177192
2690 0.02389538016014543
2691 0.02390013937286404
2692 0.0239045400912395
2693 0.0239090476939328
2694 0.0239135785642726
2695 0.0239181626452798
2696 0.02392280391914439
2697 0.02392739949719663
2698 0.02393183389706397
2699 0.02393628286156571
2700 0.0239406869215341
2701 0.02394496754938293
2702 0.02394939372344336
2703 0.02395381793014242
2704 0.02395824798911243
2705 0.02396273884001798
2706 0.02396724057231643
2707 0.02397138683324523
2708 0.02397563078174685
2709 0.02397950012174378
2710 0.02398319192403559
2711 0.02398684808403506
2712 0.02399086664195798
2713 0.02399516625598842
2714 0.02399953631042547
2715 0.02400394942435624
2716 0.02400815826388154
2717 0.0240121943928219
2718 0.02401613410719595
2719 0.02401982758840026
2720 0.02402329241401981
2721 0.02402655059906537
2722 0.0240301850317498
2723 0.02403432028441666
2724 0.02403863298372228
2725 0.0240425277126872
2726 0.02404631555771551
2727 0.02404996682594681
2728 0.0240533672651383
2729 0.02405698371645761
2730 0.02406056101169355
2731 0.02406401597736625
2732 0.02406767535580184
2733 0.02407145284960408
2734 0.02407532040466558
2735 0.02407894930685762
2736 0.02408223907086292
2737 0.02408524636691772
2738 0.02408812547350197
2739 0.02409102398421425
2740 0.02409403686727749
2741 0.02409692091965939
2742 0.02410073426781431
2743 0.02410439685405341
2744 0.02410809864324983
2745 0.02411134937714738
2746 0.02411431798526984
2747 0.02411711677882782
2748 0.0241199107895242
2749 0.02412267862023686
2750 0.02412575705274782
2751 0.02412897232790897
2752 0.02413223306015428
2753 0.02413505048005643
2754 0.02413820189012825
2755 0.02414094528230855
2756 0.02414345249991899
2757 0.02414584754534824
2758 0.02414790940878335
2759 0.02415069738061924
2760 0.02415354670221369
2761 0.02415669127486173
2762 0.02415959253723655
2763 0.02416253222091817
2764 0.0241647983634373
2765 0.02416722630850181
2766 0.02416958605350478
2767 0.02417224163847434
2768 0.02417470424698582
2769 0.02417774818387552
2770 0.02418040883354539
2771 0.02418335720630457
2772 0.02418599047459023
2773 0.02418861520696698
2774 0.02419056431422302
2775 0.02419221299728103
2776 0.02419416761957594
2777 0.0241957878616796
2778 0.02419756750267431
2779 0.02420014987765116
2780 0.0242027084065751
2781 0.02420533782626662
2782 0.024207704411624
2783 0.02420957015100995
2784 0.02421167144292972
2785 0.02421329584050343
2786 0.02421509839355544
2787 0.02421719722437165
2788 0.02421890736670026
2789 0.02422081232995042
2790 0.02422279552193432
2791 0.02422455853821028
2792 0.02422675062146246
2793 0.02422867548173133
2794 0.02423069616121008
2795 0.02423222746593733
2796 0.02423362274944451
2797 0.02423478469085413
2798 0.02423606741508391
2799 0.0242370885529625
2800 0.02423882826403698
2801 0.02424031566632789
2802 0.02424196457367506
2803 0.02424306066889417
2804 0.02424390103383315
2805 0.02424507318192126
2806 0.02424601788818234
2807 0.02424764998299811
2808 0.02424898285577009
2809 0.02425061357156198
2810 0.02425174516709826
2811 0.02425284297401567
2812 0.02425327295469801
2813 0.02425397441137273
2814 0.02425470283394421
2815 0.02425546123289315
2816 0.02425591231521724
2817 0.02425630383933897
2818 0.02425700714423532
2819 0.02425800446461682
2820 0.02425838011641211
2821 0.02425852821317712
2822 0.02425927349140193
2823 0.02425989907395931
2824 0.02426077647513307
2825 0.02426149633203716
2826 0.02426188586428788
2827 0.02426181941389833
2828 0.02426148244273499
2829 0.02426128136293951
2830 0.02426146584048554
2831 0.02426162400439948
2832 0.02426208632521116
2833 0.02426268410274356
2834 0.02426336875515321
2835 0.02426353647439719
2836 0.02426332288621817
2837 0.02426279980582983
2838 0.02426251262520875
2839 0.02426239154723625
2840 0.02426217659163862
2841 0.02426247824826389
2842 0.02426259310489277
2843 0.02426235246884273
2844 0.02426204380412375
2845 0.02426190192488654
2846 0.0242616789174718
2847 0.02426183400220556
2848 0.02426175077813258
2849 0.02426151638957693
2850 0.02426156555959936
2851 0.02426158618099011
2852 0.02426099738981226
2853 0.02426039670211599
2854 0.02425958799696069
2855 0.0242586090653371
2856 0.02425776242551863
2857 0.02425727945107858
2858 0.02425688610016195
2859 0.0242565347044736
2860 0.02425578748420286
2861 0.02425518831531357
2862 0.02425447416277604
2863 0.02425362291164864
2864 0.02425239954661603
2865 0.02425119451653213
2866 0.02424981360415678
2867 0.02424868668868261
2868 0.02424769371992549
2869 0.02424679110101308
2870 0.02424627769745234
2871 0.02424559681022839
2872 0.02424437385538907
2873 0.0242431461076904
2874 0.02424177466663016
2875 0.02424046994839055
2876 0.0242396002500673
2877 0.02423836251665127
2878 0.02423725717539518
2879 0.02423595103559427
2880 0.02423409395907443
2881 0.02423200476560832
2882 0.02422988746167874
2883 0.0242284370380024
2884 0.02422742979818744
2885 0.02422605314787966
2886 0.0242245275921405
2887 0.024222939213499
2888 0.0242217538903675
2889 0.02422031486921809
2890 0.02421867025268294
2891 0.02421663805137305
2892 0.02421472505911141
2893 0.02421250444818712
2894 0.02421029119835423
2895 0.02420833825578516
2896 0.02420658426956713
2897 0.02420468722318444
2898 0.02420262065800251
2899 0.02420072307855848
2900 0.02419882850389605
2901 0.02419694890661082
2902 0.02419496002795422
2903 0.02419297353686241
2904 0.02419098637291571
2905 0.02418908267825625
2906 0.02418682958771162
2907 0.02418424143019131
2908 0.02418166229350496
2909 0.02417918217969742
2910 0.02417705274224906
2911 0.02417499431578907
2912 0.0241731024170655
2913 0.02417083165081974
2914 0.02416804393000949
2915 0.0241651179831485
2916 0.02416222162409014
2917 0.02415949216200193
2918 0.02415687082616992
2919 0.02415447185299038
2920 0.02415230914844863
2921 0.02415000422051886
2922 0.02414752751595596
2923 0.02414480300082699
2924 0.02414161934240418
2925 0.02413852847877865
2926 0.02413523762837282
2927 0.02413205950740336
2928 0.02412917354178966
2929 0.02412636151715538
2930 0.02412354847108532
2931 0.02412044208922673
2932 0.02411708021930503
2933 0.02411336572196354
2934 0.02410990409616788
2935 0.0241065376617718
2936 0.02410335645249149
2937 0.02410034041367575
2938 0.02409773739943621
2939 0.02409513481783471
2940 0.02409225602978851
2941 0.02408926684248089
2942 0.02408600157872599
2943 0.02408240376438526
2944 0.02407835948285017
2945 0.02407413317733581
2946 0.02406971828482157
2947 0.02406593839989339
2948 0.02406243320776551
2949 0.02405935243225173
2950 0.02405629953770297
2951 0.02405321231939519
2952 0.02404963377163575
2953 0.02404566551970374
2954 0.02404153387998519
2955 0.02403747098879742
2956 0.02403356221855544
2957 0.02402975137849592
2958 0.02402594462524877
2959 0.02402203456803133
2960 0.02401848769642712
2961 0.02401502300102503
2962 0.0240112271806605
2963 0.02400709544537892
2964 0.02400262398365128
2965 0.02399801555881651
2966 0.02399335906321333
2967 0.02398898510979284
2968 0.02398491069626669
2969 0.02398109621275369
2970 0.02397715179392425
2971 0.02397306731396265
2972 0.02396909513323651
2973 0.02396479594174147
2974 0.0239604990313271
2975 0.02395610754862294
2976 0.02395173873940978
2977 0.02394746937294932
2978 0.02394333097378193
2979 0.02393900469973265
2980 0.02393454043183106
2981 0.02392977545236188
2982 0.02392488585546952
2983 0.0239199638007901
2984 0.0239148836442156
2985 0.02391024622614637
2986 0.02390587683912832
2987 0.0239015087214859
2988 0.02389728876217703
2989 0.02389308688954903
2990 0.02388847602399824
2991 0.02388347586642415
2992 0.02387825802285153
2993 0.0238731486519394
2994 0.02386801886180584
2995 0.02386281971982531
2996 0.02385786224914479
2997 0.02385326228321543
2998 0.02384853257058014
2999 0.02384371329726063
3000 0.02383889216719979
