"drag-rfile"
"Iteration" "drag"
("Iteration" "drag")
1 1.379545337742903
2 1.852218892064819
3 2.180097903940361
4 2.368493808250769
5 2.469574317428477
6 2.483207426362355
7 2.408596427185845
8 2.256634492178939
9 2.067138941784749
10 1.920577725143214
11 1.751300925201885
12 1.60907724344974
13 1.47431027573509
14 1.399319349525766
15 1.332634359664978
16 1.267334610524134
17 1.198795779360636
18 1.123697156700965
19 1.040745492486565
20 0.9528532215229031
21 0.8617502964623381
22 0.7724261849275784
23 0.6861970967230433
24 0.6042880496587585
25 0.5279849974727426
26 0.4556727541263954
27 0.388438142414859
28 0.3272657163756719
29 0.2701399990143846
30 0.2176420716364148
31 0.1687844283151746
32 0.1236076762815368
33 0.08213125807970223
34 0.04369491845098869
35 0.008467367688831683
36 -0.023525845906532
37 -0.05261989143053748
38 -0.07834722062581727
39 -0.1009528365817407
40 -0.120551302165975
41 -0.136912494525055
42 -0.150144611548669
43 -0.1605881940237537
44 -0.1683095392084289
45 -0.1733575360005299
46 -0.1763291888888248
47 -0.1774829568328332
48 -0.1768722501948414
49 -0.1749496057316219
50 -0.1718339864866305
51 -0.167816742457187
52 -0.163148730837744
53 -0.1580082269682869
54 -0.1525757186168512
55 -0.1470455175623129
56 -0.1414945073695134
57 -0.1359989791166195
58 -0.1306471034167564
59 -0.1255943463871042
60 -0.1206708841013229
61 -0.1158821863589052
62 -0.1111233963739133
63 -0.1064740499823384
64 -0.1018600703319114
65 -0.09723153278553927
66 -0.09256285501609239
67 -0.08783525530631579
68 -0.08300281479087554
69 -0.07798844288032154
70 -0.07279564963844136
71 -0.06735846423983455
72 -0.06176826585753204
73 -0.05584714106887723
74 -0.04966379712350135
75 -0.04321708808407383
76 -0.03684261881785294
77 -0.02981898384160889
78 -0.02253683869197072
79 -0.01553369006169997
80 -0.007750736878645211
81 -0.000361387643681932
82 0.007879879091112126
83 0.01561813107990573
84 0.02425249359529225
85 0.03226214145850966
86 0.04120879214628722
87 0.05021231357816326
88 0.05926474024157334
89 0.06833512001296814
90 0.07741277105003977
91 0.08641517759018128
92 0.09534814947934482
93 0.1034517409757813
94 0.1122415313305767
95 0.1208805482426814
96 0.1293571709417311
97 0.1376323153993802
98 0.1450792298919448
99 0.152935953040581
100 0.1599467193007137
101 0.1672719879202242
102 0.1737768978999888
103 0.1804913056573562
104 0.1864107626710187
105 0.1919901039533736
106 0.1972093688479256
107 0.2023514348756212
108 0.2067489069239316
109 0.210715465547108
110 0.2142290626832248
111 0.2172688165078768
112 0.2198164777746846
113 0.2218465032318336
114 0.223355078882462
115 0.224330668029713
116 0.2247687648822635
117 0.2246550364171066
118 0.2239903920047487
119 0.2227808169181167
120 0.2210339263996832
121 0.2187492082055543
122 0.2159433858565511
123 0.2126289392431069
124 0.2088447412507153
125 0.2045902016401967
126 0.1998881824188738
127 0.1947627248805185
128 0.1892460698227313
129 0.1833678959928243
130 0.177148094811579
131 0.1706285737109988
132 0.1638422987165309
133 0.156824923602654
134 0.1496139451585977
135 0.1422465909918607
136 0.1347603569341505
137 0.1271917566888639
138 0.1195764366172828
139 0.1119504275177339
140 0.1043503441880072
141 0.09680972052180438
142 0.0893614436596555
143 0.08203954260143152
144 0.07486833088182279
145 0.0678763686712051
146 0.06109072523586846
147 0.05453386977372087
148 0.04822952211062284
149 0.04219625285706141
150 0.03644730634920131
151 0.0310041939793662
152 0.0258796106561035
153 0.02108117496267063
154 0.01661971260063953
155 0.01250269548215417
156 0.008735704421785685
157 0.005322400786044719
158 0.002265338576165437
159 -0.0004341531016834724
160 -0.002775421181516345
161 -0.004760332210334626
162 -0.006391469572088743
163 -0.007727428062385249
164 -0.008652835416259665
165 -0.009236238514550486
166 -0.009487105004175189
167 -0.009392856536241443
168 -0.008993773964131143
169 -0.008278090851892104
170 -0.007252297184946999
171 -0.005930976686119445
172 -0.004323022670923449
173 -0.002437959027756597
174 -0.0001862033846606575
175 0.002215350011148956
176 0.004859767531228608
177 0.007734451770497502
178 0.01082813385559643
179 0.01413473901860027
180 0.01764283947294052
181 0.02133449517065421
182 0.02518434499148049
183 0.02919206857216586
184 0.03334324354013066
185 0.03761078167355288
186 0.0419984979453403
187 0.04648831912535687
188 0.05107271603768337
189 0.05573467231569691
190 0.06047874303717224
191 0.06526646924222584
192 0.0700974589832546
193 0.07494166341191053
194 0.07978560086635542
195 0.08460891066565431
196 0.08940235958626801
197 0.09414890345260914
198 0.09883465379537991
199 0.1034445815214293
200 0.107961867154414
201 0.1123728000191852
202 0.116665366150191
203 0.1208252333634227
204 0.1248387763023729
205 0.1286925475175984
206 0.1323784886330162
207 0.1358839474634236
208 0.1391913933323726
209 0.1422917887473084
210 0.1451736885491538
211 0.1478276035728684
212 0.1502472701942377
213 0.152420996287897
214 0.1543434412599832
215 0.1560051780263388
216 0.1574009853955462
217 0.1585260566555291
218 0.15937670227037
219 0.1599490908784615
220 0.1602414052372158
221 0.1602546347093455
222 0.1599896584158655
223 0.1594469779630643
224 0.1586300371283048
225 0.1575428253522931
226 0.1561893955815438
227 0.154582150440968
228 0.1527297899215252
229 0.1506352625379539
230 0.1483102747063942
231 0.1457631609964996
232 0.143004505410704
233 0.1400463495344124
234 0.136901530465985
235 0.1335846163496978
236 0.130109887394823
237 0.1264928996168432
238 0.122731005013511
239 0.1188591765479047
240 0.1148951914103245
241 0.1108568529245297
242 0.1067661792173613
243 0.1026386922761748
244 0.09849235940298984
245 0.09434486615964667
246 0.09021612385999518
247 0.08612224675860407
248 0.08208256484184723
249 0.07811366882364081
250 0.07425391278849927
251 0.0704963479032156
252 0.06685535286700695
253 0.06334568233420185
254 0.05998234713435386
255 0.05677611348199813
256 0.0537389189406858
257 0.05088104427235154
258 0.04821218137907529
259 0.04574053204965953
260 0.04347372442891342
261 0.04140518081607088
262 0.03955527945933968
263 0.03792896499954062
264 0.03652790678430504
265 0.03535315640228316
266 0.03440692245332951
267 0.03368800375769376
268 0.03319889265661476
269 0.0329316414038389
270 0.03288427657692403
271 0.03305267312851037
272 0.03343070932094969
273 0.03401209146121342
274 0.03478905803852659
275 0.03575420229979872
276 0.03689965777537076
277 0.03821567175861688
278 0.03969275750657964
279 0.04132155250320964
280 0.04309392747157238
281 0.04499821320194393
282 0.04702374206764441
283 0.04915905082621085
284 0.05139321715198324
285 0.05371566210386742
286 0.05611525947010869
287 0.05858079156017623
288 0.06110112551720669
289 0.06366531710806994
290 0.06626291386214329
291 0.06888297740374193
292 0.07151496968286593
293 0.07413308324748487
294 0.07674395136287476
295 0.07933784772818808
296 0.08190429262479904
297 0.08443619335670302
298 0.08692473365212705
299 0.08936065804788085
300 0.09173566637356879
301 0.09406692652610448
302 0.09632008302510899
303 0.09848797397771041
304 0.1005636125335489
305 0.1025409002874244
306 0.1044135306213019
307 0.1061762343743555
308 0.1078235966922172
309 0.1093518781890692
310 0.1107559247763888
311 0.1120339593015597
312 0.1131835483061137
313 0.1142023790572727
314 0.1150892959555096
315 0.1158432312484823
316 0.1164635333930802
317 0.116950421237159
318 0.1173042662584102
319 0.1175255087099939
320 0.1176201014273983
321 0.1175851237592031
322 0.1174234498670106
323 0.1171416378359
324 0.1167384473607197
325 0.1162162484368297
326 0.1155789186438583
327 0.1148294208778245
328 0.113971364644344
329 0.113008764777783
330 0.1119358548394521
331 0.1107674808691116
332 0.1095095242692177
333 0.108167080677726
334 0.1067449588429327
335 0.1052496829540892
336 0.1036867235115945
337 0.1020622172911567
338 0.100382092187737
339 0.09865566576258096
340 0.0968854762586614
341 0.09507790203007398
342 0.09324013369262087
343 0.09137793825791404
344 0.08949778897543861
345 0.08760581058045215
346 0.08570862121382618
347 0.08381329686684638
348 0.08192689393239601
349 0.08005507921402989
350 0.07820444189898247
351 0.07638182220093334
352 0.07459136826844835
353 0.07284082346906731
354 0.07113611731913808
355 0.06948279438447139
356 0.06788676633461938
357 0.06635302729684783
358 0.06488715025852022
359 0.06349401217161087
360 0.0621778444244148
361 0.06094354034856675
362 0.0598030100341597
363 0.05874977762548441
364 0.05777266288262772
365 0.0568930793136847
366 0.05611091679520238
367 0.05542931140933704
368 0.05485051800995816
369 0.05437652453775892
370 0.05400658668215615
371 0.05374162910507955
372 0.05358173242125947
373 0.05352616219713202
374 0.05357466454766463
375 0.05372614800334848
376 0.05397911567289646
377 0.05433121306558963
378 0.0547800712829845
379 0.0553224477527928
380 0.05595613108418697
381 0.05667664736466593
382 0.05748180765444649
383 0.05836587150414544
384 0.05932457841381754
385 0.06035328653603335
386 0.06144659362487422
387 0.06259954889422512
388 0.06380824190567479
389 0.06506825223365097
390 0.0663718142053381
391 0.06771281974569349
392 0.06908562731961619
393 0.0704839986118673
394 0.07190180032681691
395 0.07333299628942774
396 0.07477277308379836
397 0.07621332186948757
398 0.07764854166786421
399 0.07907167296748313
400 0.08047775056598838
401 0.08186107082241702
402 0.08321596523390559
403 0.0845372411394969
404 0.0858199420567545
405 0.08705214760307482
406 0.08823575498047676
407 0.08937535712475554
408 0.09045754751866746
409 0.09147800682074882
410 0.09243362723193793
411 0.09332101226097754
412 0.09413746355349155
413 0.09488186225233844
414 0.09555060184380422
415 0.09614157397985958
416 0.09665401396958993
417 0.09708623901368757
418 0.09743717727239395
419 0.09770641986962569
420 0.09789375629611322
421 0.09799927374274724
422 0.09802345401554172
423 0.09796747819396572
424 0.09783245098748496
425 0.09761959659606997
426 0.09733069697580277
427 0.09696316841759474
428 0.09652439115697202
429 0.09601658204236005
430 0.0954450084446119
431 0.09481003521682177
432 0.09411450981591073
433 0.09336294989846128
434 0.09255709232734975
435 0.09169893835206518
436 0.0907929545296952
437 0.08984255163700608
438 0.08885154588265812
439 0.0878224134974275
440 0.08676007429014897
441 0.085670141661442
442 0.08455475103346065
443 0.0834182670679733
444 0.08226454771778133
445 0.08109766744595276
446 0.07992040460365253
447 0.07873737315977124
448 0.07755569246120483
449 0.07637660379947839
450 0.07520353174042506
451 0.0740401778835776
452 0.07289014346822405
453 0.07175208078611409
454 0.07063580083249436
455 0.06954045456554168
456 0.06847114010599456
457 0.06743080343580413
458 0.06642218893782668
459 0.06544362690007348
460 0.0645020462262043
461 0.06359960936293779
462 0.06273835957766834
463 0.06192041243668253
464 0.06114746152152105
465 0.0604198510181183
466 0.05974058243736793
467 0.05911127482272628
468 0.05853347175824157
469 0.05800843685617899
470 0.05753701119166009
471 0.05711957685009988
472 0.05675636747263157
473 0.05644828623178474
474 0.05619531056851547
475 0.05599725877045459
476 0.05585395467870659
477 0.05576530142606159
478 0.05573049713917638
479 0.05574910849286471
480 0.05582015245475557
481 0.05594239518428
482 0.05611528485809444
483 0.05633705156101515
484 0.05660612063455063
485 0.0569207112125283
486 0.05727908815428218
487 0.05767901231601372
488 0.05811837927172061
489 0.05859549326896999
490 0.05910759756591512
491 0.05965212398590651
492 0.06022685678413692
493 0.06082882374151341
494 0.0614554524213796
495 0.06210396399571885
496 0.0627717812595355
497 0.06345487258181977
498 0.06415089137149216
499 0.06485668359151275
500 0.06556898531753067
501 0.06628521408131523
502 0.06700238971378056
503 0.06771753384468116
504 0.06842761990402101
505 0.06912950264829457
506 0.06982235828883845
507 0.07050114123058369
508 0.07116361525204909
509 0.07180695338054241
510 0.07242840401658718
511 0.07302278938590295
512 0.07359082556788629
513 0.07413054003562135
514 0.07463902585664244
515 0.07511539506712513
516 0.07555817038989336
517 0.07596562939498759
518 0.07633644506711325
519 0.0766679869451246
520 0.07696085658728283
521 0.07721418640961285
522 0.07742722025458906
523 0.07759920936383942
524 0.07772961711684895
525 0.0778179982225357
526 0.07786448213045982
527 0.07786914892729174
528 0.07783238788840687
529 0.07775421639542135
530 0.07763590806554967
531 0.07747836433056538
532 0.07728217639677312
533 0.07704875741785748
534 0.07677937224260771
535 0.07646886939891424
536 0.07612427303495813
537 0.07574815369024236
538 0.07534187875639123
539 0.07490763542714594
540 0.07444790924452756
541 0.07396442811076941
542 0.07345972473632147
543 0.07293592146589542
544 0.07239522714974617
545 0.07183992705972954
546 0.07127217909103736
547 0.070693917524193
548 0.07010738545412353
549 0.06951481796883724
550 0.06891853767947302
551 0.06832065003096018
552 0.06772326118743635
553 0.06712852006873486
554 0.06653840731706498
555 0.06596001596925952
556 0.06538901030208764
557 0.06482769852094683
558 0.06427762301851588
559 0.06374069391996373
560 0.06321851581630357
561 0.06271249096271248
562 0.06222421798619483
563 0.06175500529453148
564 0.06130596916108506
565 0.06087878149747021
566 0.06047436635308719
567 0.06009306497057662
568 0.05973614692188413
569 0.05940454545569833
570 0.05909869119027478
571 0.05881927047337953
572 0.05856667500656207
573 0.05834086943222446
574 0.05814222290434947
575 0.05797084034090488
576 0.05782664122155997
577 0.05770964817618219
578 0.0576201135903059
579 0.05755755695268908
580 0.05752105973179781
581 0.057510424740236
582 0.05752497563723775
583 0.05756438677764486
584 0.05762774922358078
585 0.05771412748352299
586 0.05782880606505645
587 0.05796476015050209
588 0.05812078279295548
589 0.05829560951932161
590 0.05848819883865916
591 0.05869719251809511
592 0.05892114868086656
593 0.05915921514564732
594 0.05940942169045586
595 0.05967037664324853
596 0.05994056948763005
597 0.06021880629143876
598 0.06050388118415107
599 0.06079437189336277
600 0.0610887893674728
601 0.06138571169620342
602 0.06168331042310846
603 0.06198061948890482
604 0.06227184957379399
605 0.06256043383679535
606 0.06284533093732499
607 0.06312512642562942
608 0.06339411703748035
609 0.06365556284043128
610 0.0639088617690631
611 0.06415314135366214
612 0.06438698550313002
613 0.06460975054754134
614 0.06482016664944366
615 0.06501739903128835
616 0.06520083215829516
617 0.06536991619597737
618 0.06552367950240712
619 0.06566112249962525
620 0.06578198326697238
621 0.06588570338532408
622 0.06597169319981371
623 0.06603955294328151
624 0.06608900730460773
625 0.06612011549981672
626 0.06613654102999746
627 0.06613330078424815
628 0.06611075623200034
629 0.06606761504386155
630 0.06600537155094291
631 0.06592408436088877
632 0.06582412144062876
633 0.06570583556803904
634 0.06556994861821512
635 0.06541697010722684
636 0.06524741079833034
637 0.06506147031120317
638 0.06486177085271529
639 0.06464746916304649
640 0.06441929993017863
641 0.06417801324084253
642 0.06392394390999445
643 0.06365831376146577
644 0.06338164290570317
645 0.06309490799563047
646 0.06279908815344723
647 0.06249518298848251
648 0.06218457607119176
649 0.06186783273593844
650 0.06154546860463158
651 0.06121875253388048
652 0.06088900997547429
653 0.06055682570761372
654 0.06022331344841844
655 0.05988964169074047
656 0.05955661244318084
657 0.05922509705911128
658 0.05889600361184832
659 0.05857010665767605
660 0.05824824451463889
661 0.05793134744059672
662 0.05762054517163929
663 0.05731633449995011
664 0.05701943881163212
665 0.05673031459909746
666 0.05644965024194323
667 0.05617797869564748
668 0.05591595797900301
669 0.05566402155179695
670 0.05542261632793778
671 0.05519208828706848
672 0.05497276643197262
673 0.054764990518619
674 0.05456942768358808
675 0.05438622150713027
676 0.05421566147441828
677 0.05405765302052268
678 0.05391229222947223
679 0.05377952689496779
680 0.05365925482617572
681 0.05355168954627605
682 0.05345788296783969
683 0.05337659962942576
684 0.05330751964693674
685 0.05325063388787769
686 0.05320486899832702
687 0.05317082117181217
688 0.05314821682157268
689 0.05313690677550559
690 0.05313631674099885
691 0.05314656232286395
692 0.05316714032437574
693 0.05319726448903591
694 0.05323643656160493
695 0.05328450513193871
696 0.05334103682595795
697 0.05340653048179724
698 0.0534794630741151
699 0.05355922018552761
700 0.05364489201107633
701 0.0537362265631452
702 0.05383262174760918
703 0.05393324613252981
704 0.05403750146199689
705 0.05414485609597042
706 0.05425498232918326
707 0.05436689026947386
708 0.05448008397078219
709 0.0545932046701819
710 0.0547066069538492
711 0.05481957708113072
712 0.05493110936159111
713 0.05504077607697291
714 0.05514818205035574
715 0.05525252629195888
716 0.05535344138499544
717 0.05545032756124951
718 0.05554258949143459
719 0.05563000503278338
720 0.05571214119005648
721 0.05578815091704935
722 0.05585809658511686
723 0.05592118899007609
724 0.05597693680158797
725 0.05602474220802018
726 0.05606459354597222
727 0.05609634032364302
728 0.05611942299672579
729 0.05613362096717618
730 0.05613853657048531
731 0.05613397362438639
732 0.05611972988469437
733 0.05609608720482277
734 0.05606271942550801
735 0.05601940639216221
736 0.05596610446399386
737 0.05590293202370155
738 0.05582970901605429
739 0.05574627310983701
740 0.05565320801466692
741 0.05555041803504927
742 0.0554379767024805
743 0.05531593045288444
744 0.05518499569308585
745 0.055045330156564
746 0.05489698988121193
747 0.05474027939458028
748 0.05457547146481968
749 0.05440304341265325
750 0.05422344454320942
751 0.0540370442372083
752 0.05384426952850827
753 0.05364565699314525
754 0.05344170803378067
755 0.05323272774436187
756 0.05301952500507466
757 0.05280264420365576
758 0.05258238082659843
759 0.05235923822450617
760 0.05213391171279416
761 0.05190722537909161
762 0.05167996420944621
763 0.05145221153881471
764 0.05122433411942694
765 0.05099690975494067
766 0.05077069328995029
767 0.05054608976010128
768 0.05032393782784739
769 0.05010489738291897
770 0.04988920560773537
771 0.04967762518972077
772 0.04947055522330691
773 0.04926817330080877
774 0.04907107906785085
775 0.04887949689551496
776 0.04869443940364095
777 0.04851609568413862
778 0.0483445471859392
779 0.04818031583371149
780 0.04802376648573486
781 0.04787477237175052
782 0.0477334892865748
783 0.04760038045181541
784 0.04747554031573063
785 0.04735894394381558
786 0.04725063762036946
787 0.04715061266124476
788 0.04705895873997695
789 0.04697563227904518
790 0.04690047816812314
791 0.04683366959819667
792 0.04677513390038064
793 0.0467242746579281
794 0.04668120380821608
795 0.04664566347749928
796 0.04661729977407152
797 0.04659597562420834
798 0.04658129540817992
799 0.04657307561670757
800 0.04656902299167857
801 0.046570793956285
802 0.04657827973132336
803 0.04659084381270752
804 0.04660819050082473
805 0.0466298420382171
806 0.04665529906447164
807 0.04668428357361001
808 0.04671609097091257
809 0.04675021187027949
810 0.04678633809737331
811 0.04682414926252936
812 0.04686308494183346
813 0.04690291113759569
814 0.04694291293533682
815 0.04698288908528497
816 0.04702331171576408
817 0.04706241438676957
818 0.04709958856395765
819 0.04713459127299337
820 0.0471665726146424
821 0.04719531565479956
822 0.04722056607458492
823 0.04724186476214569
824 0.04725912722797268
825 0.04727213133063328
826 0.04728038049420314
827 0.04728380898073097
828 0.04728218517526275
829 0.04727491209259526
830 0.04726186224941101
831 0.04724274476886751
832 0.04721738949873258
833 0.04718592211719744
834 0.04714833824747832
835 0.04710456023342886
836 0.04705477579772749
837 0.04699890245803565
838 0.04693672871187481
839 0.04686853527414134
840 0.04679441139088653
841 0.04671416473784833
842 0.04662782156289516
843 0.04653561830108995
844 0.04643788343589548
845 0.04633487407493047
846 0.0462265088659934
847 0.04611311088437958
848 0.04599510781920826
849 0.04587261291425628
850 0.0457458900118266
851 0.04561465913316774
852 0.04547994041276126
853 0.04534199773507683
854 0.04520087753884038
855 0.04505691853761192
856 0.04491030760824791
857 0.04476160781050909
858 0.04461103818057818
859 0.04445915749661038
860 0.04430622248808554
861 0.04415251250562016
862 0.04399838742129017
863 0.04384398896614269
864 0.04368966579885581
865 0.04353596031286908
866 0.04338276915821617
867 0.04323052145717973
868 0.04307984667742468
869 0.0429308144441943
870 0.04278359503493474
871 0.04263863751622879
872 0.04248983072231193
873 0.04235159580400224
874 0.04221563854684755
875 0.04208242275411019
876 0.04195227355748951
877 0.04182567985851466
878 0.04170268853794634
879 0.04157803416469709
880 0.04146393615028071
881 0.04135345157794334
882 0.04124675129794498
883 0.04114414049077692
884 0.04104565077918804
885 0.04095109164661188
886 0.04086061474000195
887 0.04077443188056823
888 0.04069241523361283
889 0.04061486425461609
890 0.04054182326099351
891 0.04047316471029449
892 0.04040871781207243
893 0.04034860168326917
894 0.04029252887845446
895 0.04024029582033222
896 0.04019186825046022
897 0.04014712254484151
898 0.04010595542612681
899 0.04006814836485859
900 0.04003364327927576
901 0.04000241133709021
902 0.03997410177214609
903 0.03994844296061712
904 0.03992538962464998
905 0.03990442162018015
906 0.03988515239732464
907 0.03986761715464327
908 0.03985165050470167
909 0.0398372268678727
910 0.0398240397192727
911 0.03981191625112521
912 0.0398005276426742
913 0.03978943558980532
914 0.03977838801837039
915 0.03976707294114334
916 0.0397553151293792
917 0.03974314524493411
918 0.03973038556855823
919 0.03971687731214605
920 0.03970233844316258
921 0.0396866293782483
922 0.03966963559002082
923 0.03965117305019433
924 0.03963103297804321
925 0.03960706353179073
926 0.03958371193836931
927 0.03955771387385382
928 0.0395272980039249
929 0.03949727030313552
930 0.03946433589158638
931 0.03942861932692225
932 0.03938754075247847
933 0.03934737139247301
934 0.03930381858653499
935 0.03925370968839503
936 0.03920457264340996
937 0.03914853848335134
938 0.03909360953750884
939 0.03903178484608177
940 0.03897134480981096
941 0.0389038470258468
942 0.03883798009515036
943 0.03876492367297321
944 0.03869371307516082
945 0.03861513111438441
946 0.03853850814658717
947 0.03845434480361267
948 0.03836877189622354
949 0.0382854758076057
950 0.03819490228436432
951 0.03810757531173275
952 0.0380129887017996
953 0.03791777900731973
954 0.03782560845491135
955 0.03772634296582851
956 0.03763089780264033
957 0.0375285735008943
958 0.03743099495492857
959 0.03732688921456343
960 0.03722792179265596
961 0.03712267608235544
962 0.03702311225900907
963 0.03691729319455093
964 0.03681737922400098
965 0.03671140360343945
966 0.03661135556647893
967 0.03650566646690255
968 0.03640624809825352
969 0.0363068531697345
970 0.03620256311867691
971 0.03610570029810738
972 0.03600427819711436
973 0.03591012239278492
974 0.03581654075642716
975 0.03571873728487524
976 0.03562816554600815
977 0.0355335218192982
978 0.03544600642364302
979 0.03535975151978259
980 0.03527014066152733
981 0.03518802460063263
982 0.03510293297913251
983 0.03502514474606018
984 0.03494474994274326
985 0.03487150345933292
986 0.03479562459037137
987 0.03472629704451372
988 0.03465452995755967
989 0.03458899621142959
990 0.03452102051127009
991 0.03445943874568461
992 0.03439566375722676
993 0.03433503675579146
994 0.03427995996976424
995 0.03422299507016645
996 0.03416855545635011
997 0.03411622617778818
998 0.03406568820567809
999 0.03401687867633687
1000 0.03396973520725615
1001 0.03392422560845237
1002 0.03388025125800963
1003 0.03383778171237967
1004 0.03379671075215721
1005 0.0337565357536538
1006 0.03371764005129123
1007 0.03367972567509275
1008 0.03364262524657005
1009 0.0336062003112934
1010 0.03357045472388109
1011 0.03353534131786225
1012 0.03350101254254415
1013 0.03346747140233602
1014 0.03343445758519854
1015 0.03340190156840558
1016 0.03336944663968051
1017 0.03333707510985302
1018 0.03330473201939781
1019 0.0332722480400893
1020 0.03323954880222554
1021 0.0332066371135144
1022 0.03317338382214678
1023 0.03313977139268683
1024 0.033105691972235
1025 0.03307130334685116
1026 0.03303664995469836
1027 0.03300149829038256
1028 0.03296537202409628
1029 0.03292826686071652
1030 0.03289035452944759
1031 0.03285154108809176
1032 0.03281169123905505
1033 0.03277089080780328
1034 0.03272915337888344
1035 0.03268660625017714
1036 0.03264332134119589
1037 0.03259938934915673
1038 0.03255460971503224
1039 0.03250881612842301
1040 0.03246192000856443
1041 0.03241378463480131
1042 0.03236433989268914
1043 0.03231355557122227
1044 0.03226186755583434
1045 0.03221154649144506
1046 0.03215746436170261
1047 0.03210313862373559
1048 0.03204823239973179
1049 0.03199517607438144
1050 0.03193783627897773
1051 0.03188020298094146
1052 0.03182191591028399
1053 0.03176281439838002
1054 0.03170541618607106
1055 0.03164395083429444
1056 0.03158241830109446
1057 0.0315208489465048
1058 0.03146167611118792
1059 0.03139858929214184
1060 0.0313386860602736
1061 0.03127440407390931
1062 0.03121025886725682
1063 0.03114602589120716
1064 0.03108448465195285
1065 0.031018869700186
1066 0.03095398346765392
1067 0.03089243590973102
1068 0.03082732885152892
1069 0.03076284557339636
1070 0.03070150542583344
1071 0.03063638033830439
1072 0.03057497932570533
1073 0.03050959215823322
1074 0.03044819933426663
1075 0.03038342882029866
1076 0.03031960632671641
1077 0.03025968388687856
1078 0.03019641995665543
1079 0.03013720661527028
1080 0.03007485240858339
1081 0.03001672358562513
1082 0.02995514205250798
1083 0.02989772723304349
1084 0.02983717472118666
1085 0.0297810485657785
1086 0.02972176855433911
1087 0.02966685971014529
1088 0.02960898865513927
1089 0.02955535137919445
1090 0.02950187497196008
1091 0.02944570142680711
1092 0.02939398919171954
1093 0.02934242824185238
1094 0.02928795094256893
1095 0.0292379044113947
1096 0.02918556184277582
1097 0.02913743873412815
1098 0.02908937891153121
1099 0.02903885457861026
1100 0.02899245505199696
1101 0.02894647907227258
1102 0.0288979063139009
1103 0.02885341227116162
1104 0.02880667385486668
1105 0.02876369769321505
1106 0.02871846126413741
1107 0.02867700282967619
1108 0.02863583216836513
1109 0.02859249954970178
1110 0.02855266988138764
1111 0.02851280843580211
1112 0.0284703379162391
1113 0.02843133984025553
1114 0.02839235137734434
1115 0.02835110369495665
1116 0.02831364128230765
1117 0.02827648742869575
1118 0.02823687941149956
1119 0.02820056542455054
1120 0.02816419741897197
1121 0.02812787036116063
1122 0.02808892177511711
1123 0.02805329886559707
1124 0.02801756651171989
1125 0.02797946651280552
1126 0.02794452262071849
1127 0.02790946891708753
1128 0.02787430508673265
1129 0.02783656326416447
1130 0.02780174348193262
1131 0.02776624708755159
1132 0.02772796941428757
1133 0.02769256545823018
1134 0.02765460780032692
1135 0.02761944131758021
1136 0.02758396890818638
1137 0.02754590537555857
1138 0.02751046681975931
1139 0.02747216945384421
1140 0.02743628633251049
1141 0.02739739887850121
1142 0.02736096936841784
1143 0.02732181906996609
1144 0.02728492365991754
1145 0.02724487859532904
1146 0.02720732168963828
1147 0.02716682418823793
1148 0.02712892691868664
1149 0.02708789659890518
1150 0.02704724748605854
1151 0.02700881766513995
1152 0.02696706712409145
1153 0.02692554979867026
1154 0.02688600412726145
1155 0.02684329698493666
1156 0.02680311381490163
1157 0.0267601971667418
1158 0.02671734456816037
1159 0.02667677708919583
1160 0.02663278267841404
1161 0.02658906437923903
1162 0.02654539224001417
1163 0.02650174954024491
1164 0.02646025635198314
1165 0.02641593347332965
1166 0.02637167524036664
1167 0.02632993566582984
1168 0.02628512399143744
1169 0.02624051525888677
1170 0.02619591849533474
1171 0.02615150430418403
1172 0.02610704134976762
1173 0.02606492147706065
1174 0.02601971797561551
1175 0.02597493583641308
1176 0.02593284820045034
1177 0.02588794650072155
1178 0.0258435959997575
1179 0.02580207752127622
1180 0.02575767636986098
1181 0.02571379248534298
1182 0.02567254125047334
1183 0.02562845327948058
1184 0.02558744786705411
1185 0.02554392302654514
1186 0.02550351690950129
1187 0.02546056245626402
1188 0.02542061390244915
1189 0.02537786472537864
1190 0.02533814712228494
1191 0.02529596859681766
1192 0.02525700079047506
1193 0.02521837922398066
1194 0.02517745275715207
1195 0.02514010518279439
1196 0.02510263984740317
1197 0.02506254977991607
1198 0.02502580977832592
1199 0.02498902241595462
1200 0.02495224920576342
1201 0.02491570659784601
1202 0.0248795002112791
1203 0.02484103843547456
1204 0.02480638539320819
1205 0.0247720790838565
1206 0.02473811812146337
1207 0.02470425896180235
1208 0.02467055646703647
1209 0.02463473765374824
1210 0.02460222886050871
1211 0.02456984707182373
1212 0.02453772881354678
1213 0.02450593911537557
1214 0.02447438598481633
1215 0.02444318646766774
1216 0.02441251447112823
1217 0.0243820559995186
1218 0.02435188838888308
1219 0.02432187177656776
1220 0.02429198743422279
1221 0.02426230267442042
1222 0.02423295590109428
1223 0.02420369857195634
1224 0.0241747079982182
1225 0.02414605570314859
1226 0.02411754598169544
1227 0.02408943263739028
1228 0.02406159167320605
1229 0.02403380881882308
1230 0.02400618321096606
1231 0.02397842339367598
1232 0.02395080164581714
1233 0.02392328954682533
1234 0.02389589385375984
1235 0.02386854505803734
1236 0.02384116227831367
1237 0.02381364784805277
1238 0.02378602160685536
1239 0.02375863174686156
1240 0.02373126375590377
1241 0.02370382372802736
1242 0.02367643844943329
1243 0.02364890345975882
1244 0.02362137337808699
1245 0.02359404630335309
1246 0.02356647037414733
1247 0.02353878874839762
1248 0.02351096586162653
1249 0.02348285315424401
1250 0.02345451360499612
1251 0.02342606437494939
1252 0.02339743464182856
1253 0.02336889820791159
1254 0.02334041347505817
1255 0.02331175077736574
1256 0.02328293649126863
1257 0.02325396779972064
1258 0.02322463941129286
1259 0.02319500130157345
1260 0.02316530499708961
1261 0.02313550912865585
1262 0.02310558313767323
1263 0.02307535707337879
1264 0.0230451609320882
1265 0.02301487552772054
1266 0.0229845111310708
1267 0.02295419339874077
1268 0.02292370248697248
1269 0.02289311430130523
1270 0.02286226213812455
1271 0.02283127708915773
1272 0.02280009721130408
1273 0.02276897010479327
1274 0.02273772261565091
1275 0.02270650001069208
1276 0.02267535258597627
1277 0.02264417678039845
1278 0.02261307527270857
1279 0.02258190329486844
1280 0.02254864255555735
1281 0.02251791998604186
1282 0.02248707829314841
1283 0.02245628532514954
1284 0.02242536636823867
1285 0.02239438063700791
1286 0.02236151516413347
1287 0.02233108665678637
1288 0.02230106012767966
1289 0.02227088758173002
1290 0.02224069296255744
1291 0.02220850050149656
1292 0.02217892287183509
1293 0.02214916275768769
1294 0.02211984970053638
1295 0.02208880796206598
1296 0.02206032671186039
1297 0.02203189371844488
1298 0.02200356632352084
1299 0.02197333956372943
1300 0.02194555879792929
1301 0.02191619030375812
1302 0.02188923129918179
1303 0.02186016613837078
1304 0.02183354730853121
1305 0.02180698396326358
1306 0.02177874906544207
1307 0.02175296822392869
1308 0.0217275807659916
1309 0.0217008302534767
1310 0.02167623940189237
1311 0.0216501489439378
1312 0.02162602341134041
1313 0.02160037754999398
1314 0.02157673919274291
1315 0.0215515745916472
1316 0.02152844053230092
1317 0.02150369945143317
1318 0.02148078859959702
1319 0.02145648398471194
1320 0.02143451278432579
1321 0.02141112786401418
1322 0.02138961049595957
1323 0.02136675989347224
1324 0.02134581440744547
1325 0.02132338781217212
1326 0.02130266341517994
1327 0.02128048665435536
1328 0.02126027153489247
1329 0.02123860467113035
1330 0.02121735555150706
1331 0.02119765960089509
1332 0.02117644862847663
1333 0.02115558307951211
1334 0.02113621813801966
1335 0.02111548809277611
1336 0.02109516379875046
1337 0.02107612408233461
1338 0.02105600929324717
1339 0.02103608949147385
1340 0.02101642756682898
1341 0.02099694195788467
1342 0.02097767370466993
1343 0.02095859940520452
1344 0.02093963595006818
1345 0.02092063532258976
1346 0.02090159863303319
1347 0.02088248079117133
1348 0.02086346491828625
1349 0.02084453141182003
1350 0.02082565470694763
1351 0.02080688886501213
1352 0.02078807988071395
1353 0.02076939962201106
1354 0.02075053565537786
1355 0.02073148594462414
1356 0.02071249621214538
1357 0.02069357001343881
1358 0.02067494803084043
1359 0.02065621102943148
1360 0.02063737689840285
1361 0.02061836765554627
1362 0.02059917449209801
1363 0.02057988548846846
1364 0.02056067716172319
1365 0.020541721023988
1366 0.02052297688339818
1367 0.02050423099893345
1368 0.02048547849440732
1369 0.02046636155903439
1370 0.02044707303493852
1371 0.0204276578557507
1372 0.02040818712571326
1373 0.02038854776570662
1374 0.0203689203747992
1375 0.02034948451356005
1376 0.02033008620174131
1377 0.02031071339685395
1378 0.02029139358759259
1379 0.02027214745236596
1380 0.02025303724784281
1381 0.02023399387395551
1382 0.02021497328007533
1383 0.02019595464584597
1384 0.02017669852332031
1385 0.02015716250448749
1386 0.02013766822151093
1387 0.02011823407435711
1388 0.02009895834073067
1389 0.02007975763243524
1390 0.02006066027281101
1391 0.02004177180704618
1392 0.02002303991019334
1393 0.02000434876090163
1394 0.01998579111761446
1395 0.01996717446345607
1396 0.01994863835827595
1397 0.01993025036623099
1398 0.01991195658597358
1399 0.01989352435088256
1400 0.01987508993182379
1401 0.01985695602683809
1402 0.01983901747351424
1403 0.01982123754374037
1404 0.01980361672067526
1405 0.01978596267725868
1406 0.01976839214757563
1407 0.01975102844148887
1408 0.01973378378828918
1409 0.01971660636546677
1410 0.01969955492778124
1411 0.01968268796359758
1412 0.01966619219436638
1413 0.01964989204164758
1414 0.01963376879640996
1415 0.0196175085902353
1416 0.01960122591228117
1417 0.01958502043235924
1418 0.01956905830307522
1419 0.01955324414215197
1420 0.01953780984940862
1421 0.01952250773422263
1422 0.01950732259939761
1423 0.01949225494361312
1424 0.01947757878939068
1425 0.01946302127923012
1426 0.0194485222001768
1427 0.01943406635243026
1428 0.01941975911463324
1429 0.01940550369192763
1430 0.01939138111526093
1431 0.01937743492924149
1432 0.01936363280090996
1433 0.01935005376684792
1434 0.01933666571943158
1435 0.01932346172956497
1436 0.01931038776576765
1437 0.01929773149093833
1438 0.0192852405218282
1439 0.01927254633349172
1440 0.01925979475617064
1441 0.01924711764690195
1442 0.01923463565267134
1443 0.01922220192772505
1444 0.01920988959072226
1445 0.01919778420071018
1446 0.01918568498879247
1447 0.01917369405962723
1448 0.01916181249313587
1449 0.01914995544568537
1450 0.01913818760969716
1451 0.01912665388396583
1452 0.01911509123216663
1453 0.01910347352148109
1454 0.0190918411416308
1455 0.01908021581258443
1456 0.01906860919596815
1457 0.01905710385353619
1458 0.01904581995853872
1459 0.0190345718131457
1460 0.01902341825533747
1461 0.01901213836115593
1462 0.01900095939369286
1463 0.01898971124068962
1464 0.01897843899400912
1465 0.01896705259246452
1466 0.01895581685182875
1467 0.01894456995587672
1468 0.01893343591732682
1469 0.01892252644952195
1470 0.0189116586742972
1471 0.01890073705347667
1472 0.01888972954955218
1473 0.01887866894824555
1474 0.01886754414808719
1475 0.01885628284451083
1476 0.01884510367491027
1477 0.01883395733400941
1478 0.01882284833986056
1479 0.01881183546802002
1480 0.01880100358465641
1481 0.01879019422447568
1482 0.01877933983609542
1483 0.01876858372602384
1484 0.0187578355310581
1485 0.01874706530183544
1486 0.01873628530860055
1487 0.01872533539626775
1488 0.01871448091852553
1489 0.01870355477074317
1490 0.01869279155474869
1491 0.01868211133094004
1492 0.01867156066196758
1493 0.01866092176339351
1494 0.01865040580828955
1495 0.01863987515925761
1496 0.01862940617104518
1497 0.01861887736284795
1498 0.01860849579649748
1499 0.01859817973882863
1500 0.01858792214527363
1501 0.01857780303978912
1502 0.01856783155265225
1503 0.01855784346475247
1504 0.01854775642223776
1505 0.01853765472606857
1506 0.01852760476878545
1507 0.01851761086918237
1508 0.01850783226080918
1509 0.01849822622039191
1510 0.01848865863036849
1511 0.01847931886877898
1512 0.01847011619592173
1513 0.01846097289062934
1514 0.01845188636592837
1515 0.01844273853287543
1516 0.01843370220762824
1517 0.01842478449352491
1518 0.01841605869498876
1519 0.01840742551758418
1520 0.0183989489421292
1521 0.01839050241719651
1522 0.01838222925998556
1523 0.01837427711690964
1524 0.01836637668897054
1525 0.01835857288550127
1526 0.01835079227487781
1527 0.01834308733647305
1528 0.01833547032031654
1529 0.0183280063434341
1530 0.01832079934808879
1531 0.01831351643483981
1532 0.01830640348947337
1533 0.01829947865080588
1534 0.01829268839474582
1535 0.01828589454386315
1536 0.01827926269859526
1537 0.0182726659845492
1538 0.01826629611096347
1539 0.01826016515051658
1540 0.01825411342919178
1541 0.01824819303058195
1542 0.01824229309553759
1543 0.01823636643415805
1544 0.01823064681347903
1545 0.01822505499328005
1546 0.01821967308849486
1547 0.01821426093630974
1548 0.01820903676636332
1549 0.01820385401356498
1550 0.01819865434492956
1551 0.01819344622115492
1552 0.01818841403570213
1553 0.0181832683912325
1554 0.0181783439393521
1555 0.01817347671819149
1556 0.0181687913771002
1557 0.01816412552398461
1558 0.01815950154719222
1559 0.01815488320717846
1560 0.01815035342090174
1561 0.01814582244507303
1562 0.01814122697970099
1563 0.01813670814363928
1564 0.01813232620584604
1565 0.01812788956780298
1566 0.01812349248871025
1567 0.01811896167721464
1568 0.01811451687836843
1569 0.0181100582309646
1570 0.01810569502114617
1571 0.01810118757961135
1572 0.01809682103020759
1573 0.01809246363200168
1574 0.01808820539978235
1575 0.01808392082606532
1576 0.01807985925125787
1577 0.0180756575724317
1578 0.01807132751023349
1579 0.01806699555479271
1580 0.01806281266222006
1581 0.01805852857023704
1582 0.01805409258705638
1583 0.01804957422316112
1584 0.01804506138132298
1585 0.01804067449981037
1586 0.0180365691760905
1587 0.01803235666039292
1588 0.01802819952783664
1589 0.0180240266279474
1590 0.01801990468237432
1591 0.01801581341752396
1592 0.01801176211743731
1593 0.01800769384374221
1594 0.01800351971412007
1595 0.01799938977506163
1596 0.01799548666476677
1597 0.01799160752070395
1598 0.01798773892126884
1599 0.01798374858260304
1600 0.01797979348905808
1601 0.0179759505879407
1602 0.01797233324683204
1603 0.01796863292181725
1604 0.01796504032668795
1605 0.01796140960876768
1606 0.0179578411920277
1607 0.01795429591496612
1608 0.01795102174574994
1609 0.01794761069945829
1610 0.01794422252225601
1611 0.01794079148724142
1612 0.01793764606546986
1613 0.01793432081954512
1614 0.01793096885167854
1615 0.01792758171762442
1616 0.01792446778238831
1617 0.01792156667797392
1618 0.01791872331415822
1619 0.01791582558142744
1620 0.01791303556485397
1621 0.01791020016017077
1622 0.01790737369644117
1623 0.01790456643795123
1624 0.01790193166066168
1625 0.01789918097696097
1626 0.01789661503090869
1627 0.01789412007959116
1628 0.01789192355270843
1629 0.01788954371504458
1630 0.01788719674785939
1631 0.01788476833214268
1632 0.01788255159343855
1633 0.01788058476213579
1634 0.01787854048005538
1635 0.01787652362671722
1636 0.01787472578404785
1637 0.01787287126637702
1638 0.01787106656376921
1639 0.01786943747507083
1640 0.01786797168749191
1641 0.01786656808697543
1642 0.01786509430118617
1643 0.01786375909045068
1644 0.01786260050638494
1645 0.01786133024342149
1646 0.01786014581138708
1647 0.01785891740009424
1648 0.01785801007226849
1649 0.01785715323576248
1650 0.01785596940942441
1651 0.01785526453916574
1652 0.01785465562089972
1653 0.01785401321401309
1654 0.01785364776209649
1655 0.01785299503172564
1656 0.017852748906917
1657 0.01785231535412935
1658 0.01785210721789551
1659 0.01785186427200673
1660 0.01785181505242568
1661 0.01785129781898419
1662 0.0178510869164877
1663 0.01785087385828484
1664 0.01785132575337629
1665 0.0178514593475853
1666 0.01785171578675455
1667 0.01785188461946807
1668 0.01785223760037821
1669 0.01785238065755899
1670 0.01785271426118323
1671 0.01785277044451444
1672 0.01785319982827801
1673 0.01785337838528218
1674 0.01785410604196687
1675 0.01785473929731196
1676 0.01785498634281224
1677 0.01785565553315412
1678 0.0178559930588111
1679 0.01785683393712877
1680 0.01785763320607707
1681 0.01785806104529689
1682 0.01785873859211124
1683 0.01785926330986455
1684 0.01786017836945797
1685 0.01786082361393824
1686 0.01786193916805948
1687 0.01786262112342942
1688 0.01786362515107123
1689 0.01786418792419958
1690 0.01786477656389377
1691 0.01786573005062013
1692 0.01786622258366915
1693 0.01786728613627688
1694 0.01786815669652903
1695 0.01786917332147587
1696 0.01787027157013111
1697 0.0178710785604436
1698 0.01787233276472142
1699 0.01787316595686015
1700 0.01787406469339223
1701 0.01787538482009306
1702 0.01787629303166185
1703 0.01787755342851046
1704 0.01787842614540981
1705 0.01787975273758355
1706 0.0178804530043889
1707 0.0178819108151396
1708 0.01788276964398748
1709 0.01788430297791554
1710 0.01788581384696633
1711 0.01788682557909577
1712 0.01788810947268581
1713 0.01788952513700157
1714 0.01789067146606227
1715 0.01789232106772095
1716 0.01789389645875372
1717 0.01789520179364881
1718 0.01789609355145667
1719 0.01789758286215642
1720 0.01789892145095614
1721 0.01790016722787111
1722 0.01790152307999015
1723 0.01790288682470738
1724 0.01790417400293705
1725 0.0179058873162661
1726 0.01790741741310227
1727 0.0179089664582646
1728 0.01791071914385403
1729 0.01791248881970892
1730 0.01791424021492094
1731 0.01791598562252524
1732 0.01791771179894611
1733 0.01791938309859557
1734 0.01792105339445631
1735 0.01792244378910527
1736 0.01792431013012437
1737 0.01792580408246331
1738 0.01792765403181988
1739 0.01792928502218749
1740 0.01793180290436536
1741 0.01793343600891877
1742 0.01793579440812011
1743 0.01793820098586363
1744 0.01794017244713527
1745 0.01794253082495027
1746 0.01794440707647211
1747 0.01794685122202097
1748 0.01794907030697991
1749 0.01795168145554129
1750 0.01795356384534922
1751 0.01795626416342875
1752 0.01795828467386427
1753 0.01796032327224833
1754 0.01796334513060971
1755 0.01796591752212797
1756 0.01796909008573023
1757 0.01797137099227027
1758 0.01797424573188448
1759 0.01797665700640545
1760 0.01797969964425818
1761 0.01798221586684998
1762 0.0179855364594509
1763 0.01798825678121991
1764 0.0179911315910787
1765 0.0179943853805476
1766 0.01799694975609966
1767 0.01799962578079453
1768 0.01800284435991099
1769 0.01800553136518854
1770 0.01800907945679806
1771 0.01801184117907595
1772 0.01801519019555417
1773 0.01801800187235106
1774 0.01802156664694661
1775 0.01802457232995409
1776 0.01802819365057221
1777 0.01803107806913946
1778 0.01803470303595199
1779 0.01803757470738638
1780 0.01804097499440936
1781 0.01804357747477916
1782 0.01804700089920927
1783 0.01805048466356013
1784 0.01805342927804202
1785 0.0180572137109713
1786 0.01806015020541643
1787 0.01806366406037729
1788 0.01806719986285382
1789 0.01807017944712729
1790 0.01807366232900153
1791 0.01807707071696257
1792 0.01808052768189196
1793 0.01808398958792825
1794 0.01808743616670186
1795 0.0180906945483191
1796 0.01809394271750947
1797 0.01809719482216859
1798 0.01810045687354644
1799 0.01810388373650489
1800 0.01810744306767672
1801 0.01811071862184226
1802 0.01811393286273895
1803 0.01811730254893825
1804 0.01812084657426842
1805 0.01812445041526859
1806 0.01812791873788918
1807 0.01813124398237635
1808 0.01813451800604993
1809 0.01813781372554199
1810 0.01814107489123233
1811 0.01814435908602098
1812 0.01814780451821966
1813 0.01815136947192543
1814 0.01815495389762396
1815 0.0181585985362769
1816 0.01816224296513379
1817 0.01816571609725355
1818 0.01816926908401787
1819 0.01817289220034157
1820 0.01817652450416136
1821 0.01818013001365185
1822 0.0181837761262643
1823 0.01818760819795368
1824 0.01819154571380684
1825 0.01819538780409119
1826 0.01819903797402947
1827 0.01820267471794326
1828 0.0182061582309185
1829 0.01820975214777576
1830 0.01821353939189259
1831 0.01821723036292239
1832 0.01822084134520228
1833 0.01822455902421227
1834 0.01822861291618367
1835 0.01823269298007134
1836 0.01823665542375582
1837 0.01824065226486424
1838 0.01824454997884076
1839 0.01824845269075354
1840 0.01825226993501294
1841 0.01825599451020699
1842 0.01825965787084579
1843 0.01826336776937864
1844 0.01826715669993416
1845 0.01827099054867998
1846 0.01827476705326236
1847 0.01827845529453643
1848 0.01828216786019362
1849 0.01828600778076191
1850 0.01828970635913713
1851 0.01829359865394877
1852 0.01829748765187011
1853 0.01830146774806234
1854 0.01830559466581616
1855 0.01830965434828625
1856 0.01831353747452014
1857 0.01831727527374236
1858 0.01832088542962517
1859 0.01832458227377018
1860 0.01832851644820345
1861 0.01833255587245423
1862 0.01833663608666623
1863 0.01834060200605738
1864 0.0183444203006824
1865 0.01834833410419839
1866 0.01835227921204462
1867 0.01835626276355341
1868 0.01836028080349667
1869 0.0183643639766377
1870 0.01836859075848855
1871 0.01837291982827483
1872 0.01837716322489288
1873 0.01838127809055314
1874 0.01838519361641527
1875 0.01838925341129325
1876 0.01839355799894561
1877 0.01839793289769721
1878 0.01840234644663871
1879 0.01840665565045296
1880 0.0184108633756075
1881 0.01841512724634941
1882 0.01841936211798025
1883 0.01842365683113618
1884 0.0184280250662819
1885 0.01843232811116554
1886 0.01843649285486482
1887 0.01844065763309834
1888 0.01844512130986609
1889 0.01844992444114706
1890 0.01845479910053775
1891 0.01845955827087681
1892 0.01846421940076979
1893 0.01846857677283139
1894 0.01847294302219958
1895 0.01847753070766366
1896 0.01848203166023147
1897 0.0184863647239454
1898 0.01849059707557916
1899 0.01849494518536697
1900 0.01849960198140917
1901 0.01850428375176118
1902 0.01850910907611187
1903 0.01851362019658984
1904 0.01851795604720989
1905 0.01852240041637793
1906 0.01852695697172779
1907 0.01853179606715932
1908 0.01853631435174731
1909 0.01854073457262549
1910 0.01854518570503722
1911 0.01854960718079543
1912 0.01855405155753155
1913 0.01855860112891472
1914 0.01856317796497887
1915 0.0185676394811223
1916 0.01857207856457464
1917 0.01857648335891419
1918 0.01858091216806737
1919 0.01858515578221837
1920 0.01858962164890849
1921 0.01859387428473642
1922 0.01859813389033234
1923 0.01860242709999278
1924 0.01860678348930875
1925 0.0186113114148935
1926 0.01861593791607527
1927 0.01862040800670443
1928 0.01862483074403326
1929 0.01862911234106984
1930 0.0186334453844087
1931 0.01863779998024717
1932 0.01864210651459723
1933 0.01864602725288472
1934 0.01865000678662329
1935 0.01865413468167098
1936 0.018658442789612
1937 0.01866283748684058
1938 0.01866713474893642
1939 0.01867135971563449
1940 0.01867561620858511
1941 0.01867987985737397
1942 0.01868437111783783
1943 0.0186887305129706
1944 0.01869296829289587
1945 0.01869697902692704
1946 0.01870083146627456
1947 0.01870469640113316
1948 0.01870872303259694
1949 0.01871280519583918
1950 0.01871718667732723
1951 0.01872161347705205
1952 0.01872594456879162
1953 0.01873035966826076
1954 0.01873460262954602
1955 0.01873880135897817
1956 0.01874278573763519
1957 0.01874659141104014
1958 0.0187504636162544
1959 0.01875453445922897
1960 0.01875865418161511
1961 0.01876315051695354
1962 0.01876793497206102
1963 0.01877238792150068
1964 0.01877662146851671
1965 0.01878062435890233
1966 0.01878462223784349
1967 0.01878866070308656
1968 0.01879278534622827
1969 0.01879695795569499
1970 0.01880103835499433
1971 0.01880509860971583
1972 0.01880906735578822
1973 0.0188129237258408
1974 0.01881688754276914
1975 0.01882106073689019
1976 0.01882527552746569
1977 0.01882954325750215
1978 0.01883396946052085
1979 0.01883836580496049
1980 0.01884270252574165
1981 0.01884682669453875
1982 0.0188508217642095
1983 0.01885479728012225
1984 0.01885889591831667
1985 0.01886314329740935
1986 0.01886751369678391
1987 0.01887180307144092
1988 0.01887613068802079
1989 0.01888032307077198
1990 0.01888426237454068
1991 0.01888812562058258
1992 0.01889212319934781
1993 0.01889641154522974
1994 0.01890090173282582
1995 0.01890536840323088
1996 0.01890927676167827
1997 0.01891324895000178
1998 0.01891751457755507
1999 0.01892198064769812
2000 0.01892645386596684
2001 0.01893063276362788
2002 0.0189348781455269
2003 0.01893943944731733
2004 0.01894391682514277
2005 0.01894817645218727
2006 0.01895219789366438
2007 0.01895630813832743
2008 0.01896057733099422
2009 0.01896487022881893
2010 0.0189692387846047
2011 0.01897359206927519
2012 0.01897795049438327
2013 0.01898234810461641
2014 0.01898654939784245
2015 0.01899091696876769
2016 0.01899525121262131
2017 0.01899963723769592
2018 0.01900412974148538
2019 0.0190085819902796
2020 0.01901283813744387
2021 0.01901703368129475
2022 0.01902124129444406
2023 0.01902560457162281
2024 0.01903016948977896
2025 0.0190347670203802
2026 0.01903922875806908
2027 0.01904379388403028
2028 0.01904836298352076
2029 0.01905270334156187
2030 0.01905690938641149
2031 0.01906125165272834
2032 0.01906546882454324
2033 0.01906984210273682
2034 0.01907423471726388
2035 0.0190786745149622
2036 0.01908317169267585
2037 0.01908771069711841
2038 0.01909202896312289
2039 0.01909628599224042
2040 0.01910047671208936
2041 0.01910473382718981
2042 0.01910921829682476
2043 0.01911359744800502
2044 0.0191173989304923
2045 0.01912122369578021
2046 0.0191253120813475
2047 0.01912898085537734
2048 0.01913362600798601
2049 0.01913809505668972
2050 0.01914249580531953
2051 0.01914704179506786
2052 0.01915145374630988
2053 0.01915553752463415
2054 0.01915938035110729
2055 0.01916307470525907
2056 0.01916675213577602
2057 0.01917013319837278
2058 0.01917451576241323
2059 0.01917891416359586
2060 0.01918329404575663
2061 0.01918755775466469
2062 0.01919150797097293
2063 0.01919529249911672
2064 0.0191991156640781
2065 0.01920248200613704
2066 0.01920649157906799
2067 0.01921060547259803
2068 0.01921444312431015
2069 0.0192176158589341
2070 0.01922155219933647
2071 0.01922556309606904
2072 0.01922967228379197
2073 0.0192337506652858
2074 0.01923793487811907
2075 0.01924135164460687
2076 0.01924510703186632
2077 0.01924872041607125
2078 0.01925196240515156
2079 0.01925588918467507
2080 0.01925919329773005
2081 0.01926315029094793
2082 0.01926638012999704
2083 0.01927055480291165
2084 0.01927440746193831
2085 0.01927771881746094
2086 0.01928157681839988
2087 0.01928514253111055
2088 0.01928930653649637
2089 0.01929352133991043
2090 0.01929720454034094
2091 0.0193008098974907
2092 0.01930402522901737
2093 0.01930778420162912
2094 0.01931160159522535
2095 0.01931540962209529
2096 0.01931870921765916
2097 0.0193228526870326
2098 0.01932717823379678
2099 0.01933122445989787
2100 0.01933515118342971
2101 0.01933899304848791
2102 0.01934274957389057
2103 0.01934645415247261
2104 0.01934978381966073
2105 0.01935345372034539
2106 0.01935705551990789
2107 0.01936064945378892
2108 0.01936445837007106
2109 0.0193681098202879
2110 0.01937248291904763
2111 0.01937662154897781
2112 0.01938052742371375
2113 0.01938375997857412
2114 0.01938740247895031
2115 0.01939119641448504
2116 0.01939524663778227
2117 0.01939921019437704
2118 0.01940269202254663
2119 0.01940636971967155
2120 0.01940986694844298
2121 0.01941353141656779
2122 0.01941655569382044
2123 0.01942044304390352
2124 0.01942442816186487
2125 0.01942835512042849
2126 0.01943270444137199
2127 0.01943716335508562
2128 0.01944121454568459
2129 0.01944449930197088
2130 0.01944786474090043
2131 0.01945070664037964
2132 0.01945434432115856
2133 0.01945830766795893
2134 0.01946237196902538
2135 0.01946662704387709
2136 0.01947088940500049
2137 0.01947473221774687
2138 0.01947824716748685
2139 0.019481739989828
2140 0.01948516293775048
2141 0.01948880832866105
2142 0.01949268219552124
2143 0.01949647271172405
2144 0.01950008068324427
2145 0.01950361843480597
2146 0.01950698997481567
2147 0.01951059797224877
2148 0.01951408900969578
2149 0.01951775525507527
2150 0.01952141616411271
2151 0.0195250509524852
2152 0.01952872144513422
2153 0.01953238839554181
2154 0.01953597065049294
2155 0.01953937174905155
2156 0.01954258515802932
2157 0.01954565789996504
2158 0.01954859950161118
2159 0.0195517002363631
2160 0.01955526175451824
2161 0.0195590161283054
2162 0.01956277451769465
2163 0.01956596461495984
2164 0.0195689603087322
2165 0.01957215408626031
2166 0.01957549271148976
2167 0.019578770447452
2168 0.01958205027313726
2169 0.01958529559397523
2170 0.01958842986150942
2171 0.01959129989912283
2172 0.01959464070497014
2173 0.01959772842072801
2174 0.01960093535956967
2175 0.01960429049815044
2176 0.01960744654412092
2177 0.01961045900868761
2178 0.019613442152113
2179 0.01961656839168132
2180 0.0196197040555385
2181 0.0196227523655053
2182 0.0196258761052816
2183 0.01962891701524511
2184 0.01963202279019388
2185 0.01963524210368504
2186 0.01963837370411714
2187 0.01964149803668724
2188 0.01964469127644933
2189 0.01964791301975525
2190 0.01965115845293112
2191 0.01965429168846871
2192 0.01965720537437301
2193 0.01965981263568103
2194 0.0196622817290381
2195 0.01966462854695615
2196 0.01966727511022191
2197 0.01967026912241623
2198 0.01967382205017674
2199 0.01967755375715723
2200 0.01968091945451314
2201 0.01968408338408959
2202 0.01968728570863503
2203 0.01969036566753413
2204 0.01969330404084302
2205 0.01969593601436714
2206 0.0196985193369923
2207 0.01970111890864786
2208 0.0197038768438903
2209 0.01970679404216
2210 0.01970951219344235
2211 0.0197123285733893
2212 0.01971555585499381
2213 0.01971900571477653
2214 0.01972242394608876
2215 0.01972536709473609
2216 0.01972781988390627
2217 0.0197303214514867
2218 0.01973287248902806
2219 0.01973544863737384
2220 0.01973810371319218
2221 0.01974122863507183
2222 0.01974440619623866
2223 0.01974739797413289
2224 0.01975027645854975
2225 0.01975327721282282
2226 0.01975630812116803
2227 0.01975916541073811
2228 0.01976190199211279
2229 0.01976441921178582
2230 0.01976662654446736
2231 0.01976901509566411
2232 0.01977198231336032
2233 0.01977503838288604
2234 0.01977787350884815
2235 0.01978052607667761
2236 0.01978323488721894
2237 0.01978618645562582
2238 0.01978880835972452
2239 0.01979101695616476
2240 0.01979337853361145
2241 0.01979602002702649
2242 0.01979878191416498
2243 0.01980158520149099
2244 0.01980424035714481
2245 0.01980671275612968
2246 0.01980965107675655
2247 0.01981274332896685
2248 0.01981555272405525
2249 0.01981810098985375
2250 0.01982036865006312
2251 0.01982266590902567
2252 0.01982507406531627
2253 0.01982762944792711
2254 0.0198302240443799
2255 0.01983269340277162
2256 0.01983488561022956
2257 0.01983730415060293
2258 0.01984011539722279
2259 0.01984285576666499
2260 0.01984571530991895
2261 0.01984839629530796
2262 0.01985098873227547
2263 0.01985332198964481
2264 0.01985556838761969
2265 0.01985769571562691
2266 0.01985966437843343
2267 0.01986179108301501
2268 0.01986402719987673
2269 0.01986645822980675
2270 0.01986922391114972
2271 0.01987199301735932
2272 0.01987467449495474
2273 0.01987700233381488
2274 0.01987911677118921
2275 0.01988132910477859
2276 0.01988355522158731
2277 0.01988600304378656
2278 0.01988827804415694
2279 0.01989035486092206
2280 0.01989250763684281
2281 0.01989471834144928
2282 0.01989689018546119
2283 0.01989893983634661
2284 0.01990097052448991
2285 0.01990322512019608
2286 0.01990559155828691
2287 0.01990776972825394
2288 0.01990990853689242
2289 0.01991195339837079
2290 0.0199140945663595
2291 0.01991622015919878
2292 0.0199180343964417
2293 0.01991998127517165
2294 0.019922005413801
2295 0.01992411678966402
2296 0.01992611037230626
2297 0.01992788706576277
2298 0.01992978899703056
2299 0.01993154976086373
2300 0.01993333323832485
2301 0.01993520299860608
2302 0.0199373264962709
2303 0.01993944702302965
2304 0.01994137904009549
2305 0.01994313167083103
2306 0.01994480861250934
2307 0.01994657699668173
2308 0.01994828709012077
2309 0.01995007859144888
2310 0.01995184464690963
2311 0.01995361514494276
2312 0.01995547536988761
2313 0.01995751420053954
2314 0.01995939949478933
2315 0.01996099196795764
2316 0.0199622946327514
2317 0.01996356664764877
2318 0.01996505016981248
2319 0.01996675050929792
2320 0.01996856912763862
2321 0.01997041655762176
2322 0.01997215911604616
2323 0.01997406689782917
2324 0.01997591967853792
2325 0.01997753964903424
2326 0.01997910352692377
2327 0.01998066934043474
2328 0.01998202616154171
2329 0.01998298843053143
2330 0.01998391107186324
2331 0.0199852333961104
2332 0.01998708325877643
2333 0.01998929144998539
2334 0.01999172314076482
2335 0.0199936352246267
2336 0.01999509004735724
2337 0.01999645810458502
2338 0.01999761351669732
2339 0.01999863062235054
2340 0.01999978968048989
2341 0.02000094638450971
2342 0.02000212852514046
2343 0.02000353589852947
2344 0.02000520748420721
2345 0.02000697996685738
2346 0.02000875601932802
2347 0.02001045453709911
2348 0.02001208144372553
2349 0.02001346994226396
2350 0.02001477337735385
2351 0.020015966462651
2352 0.02001706025881461
2353 0.02001821165976252
2354 0.02001955002235901
2355 0.02002109275217915
2356 0.02002269213696123
2357 0.02002412227851171
2358 0.0200253220903643
2359 0.02002626666879523
2360 0.02002717581752992
2361 0.02002819746965922
2362 0.0200293537204652
2363 0.02003078951218151
2364 0.02003222193271616
2365 0.02003332353850323
2366 0.02003435132310901
2367 0.02003554887282817
2368 0.02003683917864216
2369 0.02003812079190951
2370 0.0200393303354525
2371 0.02004046329674935
2372 0.02004133823143739
2373 0.02004222379985263
2374 0.020043351688033
2375 0.02004449690523286
2376 0.02004547254695165
2377 0.02004651908786763
2378 0.02004722412719017
2379 0.02004783196932634
2380 0.02004892143004935
2381 0.02005009983362499
2382 0.02005131069754776
2383 0.02005232769013012
2384 0.02005348883420701
2385 0.02005468803367324
2386 0.02005574403153717
2387 0.02005677483103015
2388 0.02005753835471176
2389 0.02005821917183442
2390 0.02005884194723165
2391 0.02005945384972893
2392 0.02006031368803856
2393 0.02006125333938067
2394 0.02006236804956435
2395 0.02006338034904661
2396 0.02006437078383855
2397 0.02006531566911123
2398 0.02006600150131733
2399 0.02006652170051928
2400 0.02006715835618303
2401 0.02006785510435659
2402 0.02006857077887971
2403 0.02006940020527749
2404 0.02007013743893831
2405 0.0200709230897017
2406 0.0200716350683483
2407 0.02007228786659179
2408 0.02007307507958295
2409 0.02007382511596633
2410 0.02007446186189128
2411 0.02007507795249352
2412 0.02007565167593726
2413 0.0200762456910146
2414 0.02007682210372731
2415 0.020077411476985
2416 0.0200779688974855
2417 0.02007861230657358
2418 0.02007919092676914
2419 0.02007969303679381
2420 0.02008005840341849
2421 0.02008057136997354
2422 0.02008121893256493
2423 0.02008188703093216
2424 0.02008255148462759
2425 0.02008282809634207
2426 0.02008289234546819
2427 0.02008293577260982
2428 0.02008301483602645
2429 0.02008340599482402
2430 0.02008402784882481
2431 0.02008469957145108
2432 0.02008558726066961
2433 0.0200863489792794
2434 0.02008696118400185
2435 0.02008732199680351
2436 0.02008738500430898
2437 0.02008718822834245
2438 0.02008701940417318
2439 0.02008717398383858
2440 0.02008764166127112
2441 0.02008783366404916
2442 0.02008795859365226
2443 0.02008826598222171
2444 0.02008850386565355
2445 0.02008885060101819
2446 0.02008929329817238
2447 0.02008953942559145
2448 0.0200896807885865
2449 0.02008981073980708
2450 0.02009006450654093
2451 0.02009020579907063
2452 0.02009028301315331
2453 0.02009044304252359
2454 0.02009043674754148
2455 0.02009032733276486
2456 0.0200901479090334
2457 0.02008992798344867
2458 0.02008963737591424
2459 0.02008959907677964
2460 0.02008991645931649
2461 0.02009025452945012
2462 0.02009051048344352
2463 0.02009070209761071
2464 0.02009076825161101
2465 0.02009051418167344
2466 0.0200901025439236
2467 0.02008973667043928
2468 0.02008967548174867
2469 0.02008992785302737
2470 0.02009018848172672
2471 0.02009036545046761
2472 0.0200902812379519
2473 0.02008997383357934
2474 0.02008968695831245
2475 0.02008929414105546
2476 0.02008892795656161
2477 0.02008894453593322
2478 0.02008885292604521
2479 0.02008872135873532
2480 0.02008841571852896
2481 0.0200881233048779
2482 0.02008799765862162
2483 0.02008788903679324
2484 0.02008756020290096
2485 0.02008700659078698
2486 0.02008676727053171
2487 0.02008664948038672
2488 0.02008661022371374
2489 0.02008640054839231
2490 0.02008589414467004
2491 0.02008528874354943
2492 0.02008453647790859
2493 0.02008380340196498
2494 0.02008353556777877
2495 0.02008355653986136
2496 0.02008350230370307
2497 0.02008333153483338
2498 0.02008288761646482
2499 0.02008229451268137
2500 0.02008159833468479
2501 0.02008102145198922
2502 0.02008066665995363
2503 0.02008024224295102
2504 0.02007951221675633
2505 0.02007863993281867
2506 0.02007789535126963
2507 0.02007725589097347
2508 0.02007662467338753
2509 0.02007621324049208
2510 0.02007582573288285
2511 0.02007558645037085
2512 0.0200755641277954
2513 0.02007544299852603
2514 0.02007473340533579
2515 0.02007372439724723
2516 0.02007240709415811
2517 0.02007114453884959
2518 0.02007026558214383
2519 0.02006947632783231
2520 0.0200691423857229
2521 0.02006902651603129
2522 0.0200689642881348
2523 0.02006845314982559
2524 0.02006760361505046
2525 0.02006669029128957
2526 0.02006590555010306
2527 0.02006526121543882
2528 0.0200644862807178
2529 0.02006397441830345
2530 0.02006311861435963
2531 0.02006199544521025
2532 0.02006091655801238
2533 0.02006007966158705
2534 0.02005953329732827
2535 0.02005857052019981
2536 0.02005737068189297
2537 0.02005633515871868
2538 0.02005567388996009
2539 0.02005519881273811
2540 0.02005456565231307
2541 0.02005370988142964
2542 0.02005273428780034
2543 0.02005145250496941
2544 0.02005019892809535
2545 0.02004867535955134
2546 0.02004752777546867
2547 0.02004661536795209
2548 0.02004581094036836
2549 0.02004504720080325
2550 0.02004426838867024
2551 0.02004356453660976
2552 0.02004254142861172
2553 0.02004141350472389
2554 0.02003990131539234
2555 0.02003828084769975
2556 0.02003654789685178
2557 0.02003501644746714
2558 0.02003382859440558
2559 0.02003295312649891
2560 0.02003227536897823
2561 0.02003113640547535
2562 0.02002967861783508
2563 0.02002822173534668
2564 0.02002684372844285
2565 0.02002563192106544
2566 0.02002455105095252
2567 0.0200236299832195
2568 0.02002225919867541
2569 0.02002065140019738
2570 0.02001884917344514
2571 0.02001691096950123
2572 0.02001516653151655
2573 0.02001344402323375
2574 0.02001193298799478
2575 0.02001083225535194
2576 0.02001010802143991
2577 0.02000907975819728
2578 0.02000776201446065
2579 0.02000611435634802
2580 0.02000418085150683
2581 0.02000235398476776
2582 0.01999997348562774
2583 0.01999798148156388
2584 0.01999647238449362
2585 0.019995245873558
2586 0.01999402652989011
2587 0.01999246884658402
2588 0.01999075833821366
2589 0.01998916700811653
2590 0.01998785984773302
2591 0.01998625985374408
2592 0.01998423025981717
2593 0.01998206712224369
2594 0.0199801127415099
2595 0.01997813756139842
2596 0.0199764605433801
2597 0.01997479125786705
2598 0.01997319149418816
2599 0.0199715353259091
2600 0.01996982364094466
2601 0.01996806870190037
2602 0.01996584589021797
2603 0.01996387234193654
2604 0.01996214730955059
2605 0.01996026842758406
2606 0.01995842454336812
2607 0.01995653732623097
2608 0.01995490233459814
2609 0.01995325369432838
2610 0.01995145835170479
2611 0.01994946013560141
2612 0.01994729547201204
2613 0.01994537923523513
2614 0.01994353978808543
2615 0.01994175063959715
2616 0.01993978533379974
2617 0.01993732354566918
2618 0.01993497547330336
2619 0.01993277430024624
2620 0.01993070253163081
2621 0.01992890460123147
2622 0.0199272271139038
2623 0.01992522249069417
2624 0.01992330951997827
2625 0.01992105513988184
2626 0.01991859156538108
2627 0.01991659409881654
2628 0.01991468931147898
2629 0.01991244739894844
2630 0.01991032995880392
2631 0.01990836880901196
2632 0.01990618306564345
2633 0.019904130028231
2634 0.01990184028872482
2635 0.01989915518357446
2636 0.01989675688013873
2637 0.01989433786495427
2638 0.01989214405217589
2639 0.0198899757994132
2640 0.01988795116418349
2641 0.01988603555033086
2642 0.019883863568034
2643 0.01988148167790079
2644 0.01987914168429456
2645 0.01987633243873975
2646 0.01987387736488019
2647 0.01987142104243315
2648 0.01986891100726885
2649 0.01986649207964162
2650 0.01986420719845984
2651 0.01986192043027382
2652 0.01985960996136131
2653 0.01985699776602461
2654 0.0198539468128216
2655 0.01985101111804981
2656 0.01984848238271361
2657 0.01984615468597203
2658 0.0198433398149939
2659 0.01984058947332804
2660 0.01983806241741959
2661 0.01983576733998527
2662 0.01983347900197389
2663 0.01983111797622074
2664 0.01982862629213203
2665 0.01982597101311413
2666 0.01982326772005661
2667 0.01982046443209057
2668 0.01981784959200797
2669 0.01981552830086159
2670 0.01981302339874103
2671 0.01981018580768657
2672 0.01980721778846183
2673 0.01980394129452855
2674 0.01980073767931623
2675 0.01979734629086439
2676 0.0197944378335736
2677 0.01979207662440678
2678 0.01978997510532958
2679 0.01978782086755627
2680 0.01978513824513695
2681 0.01978224751428013
2682 0.0197792389997044
2683 0.01977608337436295
2684 0.019772663434681
2685 0.0197693176048854
2686 0.01976626279229879
2687 0.01976390362738863
2688 0.01976176869205219
2689 0.01975940709742422
2690 0.01975646106528202
2691 0.01975309048376643
2692 0.01974979811187837
2693 0.01974661524783584
2694 0.01974348928164093
2695 0.01974036927647205
2696 0.01973733146731276
2697 0.01973446829063481
2698 0.01973156609291523
2699 0.01972870405011629
2700 0.01972600571155758
2701 0.0197227247460917
2702 0.01971958969693539
2703 0.01971624200594659
2704 0.0197131233134135
2705 0.01971001923635314
2706 0.01970678997332358
2707 0.01970361030043433
2708 0.01970043366989872
2709 0.01969724619578168
2710 0.01969399878210518
2711 0.01969075719136724
2712 0.01968735267924321
2713 0.0196838118146284
2714 0.01968053632267754
2715 0.01967743295601144
2716 0.01967441835254532
2717 0.01967140916079837
2718 0.0196685557809298
2719 0.01966543450750695
2720 0.01966169233833304
2721 0.01965772133777762
2722 0.01965378385197139
2723 0.019650201079121
2724 0.01964671702758439
2725 0.01964351581288894
2726 0.01964040111618182
2727 0.01963723242299415
2728 0.01963405324523966
2729 0.01963059390432006
2730 0.01962732560870464
2731 0.01962415626743276
2732 0.01962076087199703
2733 0.0196174867234354
2734 0.01961401635956932
2735 0.01961051472653394
2736 0.0196063876964383
2737 0.01960229656635763
2738 0.01959831687249921
2739 0.01959464534592656
2740 0.0195910135601865
2741 0.01958748472231118
2742 0.0195838263864242
2743 0.01958007486641111
2744 0.0195765200858278
2745 0.01957323567407784
2746 0.01956967777921137
2747 0.01956630120407658
2748 0.01956235460360445
2749 0.01955875326660982
2750 0.01955472913300882
2751 0.01955107594612996
2752 0.019547686792998
2753 0.01954425303700383
2754 0.01954055777082735
2755 0.01953665977802355
2756 0.01953276231598794
2757 0.01952874214296572
2758 0.01952482231192621
2759 0.01952094088392041
2760 0.01951687177822337
2761 0.01951312326956753
2762 0.01950926500485216
2763 0.0195053541020071
2764 0.01950143786657546
2765 0.01949765286983624
2766 0.01949402834721706
2767 0.01949044147643387
2768 0.01948693075183101
2769 0.01948317913607651
2770 0.01947926376677739
2771 0.01947532712532822
2772 0.01947135631791805
2773 0.01946700986368954
2774 0.0194625074179939
2775 0.01945784972606072
2776 0.01945338842748149
2777 0.01944936065253888
2778 0.0194457381775257
2779 0.01944214226655415
2780 0.01943846512703893
2781 0.01943473141682976
2782 0.01943098811739487
2783 0.01942711956935256
2784 0.01942325532261647
2785 0.01941904521563621
2786 0.01941464826095832
2787 0.01941002454886716
2788 0.0194057598007987
2789 0.01940150927132048
2790 0.0193974248116327
2791 0.01939346695327574
2792 0.01938947976730902
2793 0.01938560980838337
2794 0.01938163312976461
2795 0.01937729763287087
2796 0.01937299465152716
2797 0.01936905651580899
2798 0.01936518526924849
2799 0.01936102829228013
2800 0.0193568709805725
2801 0.0193524044329313
2802 0.01934792642806695
2803 0.01934338030174525
2804 0.01933879084997465
2805 0.0193343920039985
2806 0.01933027241922751
2807 0.01932633164488785
2808 0.01932214792444079
2809 0.01931792771702724
2810 0.01931352635534419
2811 0.01930899848062171
2812 0.01930408239793622
2813 0.0192993014282114
2814 0.01929464441391507
2815 0.01929017600891078
2816 0.0192861162814447
2817 0.01928209223269922
2818 0.01927780960687177
2819 0.01927352653316138
2820 0.01926925511556562
2821 0.01926461055988067
2822 0.01926000154286422
2823 0.01925541275127525
2824 0.01925091456241097
2825 0.01924621730938087
2826 0.01924147534965614
2827 0.01923674644916209
2828 0.01923215798777977
2829 0.01922766467467309
2830 0.01922329919437265
2831 0.01921888039641599
2832 0.01921432316727708
2833 0.01920968781922061
2834 0.01920488711630109
2835 0.01920039161246839
2836 0.01919591631556145
2837 0.01919134998705842
2838 0.01918665163519001
2839 0.01918183511787351
2840 0.01917712074544189
2841 0.01917260217648692
2842 0.01916826507916163
2843 0.01916396448590749
2844 0.01915954485644414
2845 0.01915496359966697
2846 0.01915040888402881
2847 0.01914567732313285
2848 0.01914066440296955
2849 0.01913553477189853
2850 0.01913060801602595
2851 0.01912570398224836
2852 0.01912077854888304
2853 0.01911618773815645
2854 0.0191120374406141
2855 0.01910760232458508
2856 0.01910305141821067
2857 0.01909804753478113
2858 0.0190929414375839
2859 0.01908811986981995
2860 0.01908348101949995
2861 0.01907896515032586
2862 0.0190742568028214
2863 0.01906935688432083
2864 0.01906412805144688
2865 0.01905878003109725
2866 0.01905357446512568
2867 0.01904860385290152
2868 0.01904385369787068
2869 0.01903925802869465
2870 0.01903470214179629
2871 0.0190299768239401
2872 0.01902503663283471
2873 0.01902012123271948
2874 0.01901499201685178
2875 0.01900975903238346
2876 0.01900443094744943
2877 0.01899902545498554
2878 0.01899394080187933
2879 0.01898924626104225
2880 0.0189848312669803
2881 0.01898033304808132
2882 0.01897547618625564
2883 0.01897037097012208
2884 0.01896500692823505
2885 0.01895946299974706
2886 0.01895415244234086
2887 0.01894896815270612
2888 0.01894380714339835
2889 0.0189388096162908
2890 0.01893403965749454
2891 0.01892923310009966
2892 0.01892443946875393
2893 0.01891956721587822
2894 0.0189147579316601
2895 0.01890958788065041
2896 0.0189042918334995
2897 0.01889891798591294
2898 0.0188935982739302
2899 0.01888824140376441
2900 0.01888309614140927
2901 0.01887800682140754
2902 0.01887274715378581
2903 0.01886732557545148
2904 0.01886236672297906
2905 0.01885758362432075
2906 0.01885289133402588
2907 0.01884796749561657
2908 0.01884289009340577
2909 0.01883741823631584
2910 0.01883194473951065
2911 0.0188268541204095
2912 0.01882163508949607
2913 0.01881615069384389
2914 0.0188106652530291
2915 0.01880541677000487
2916 0.01880032638321062
2917 0.0187956052229071
2918 0.01879115023792656
2919 0.0187859248276362
2920 0.01878025252073045
2921 0.01877487797232247
2922 0.01877008678241393
2923 0.01876521249753096
2924 0.01876027089076068
2925 0.01875523367953389
2926 0.01874973811349627
2927 0.01874409718759745
2928 0.018738546271143
2929 0.0187332613002611
2930 0.01872832077379019
2931 0.01872342441755558
2932 0.01871845965165353
2933 0.01871317745355165
2934 0.01870816191226986
2935 0.01870290728113068
2936 0.01869754361304479
2937 0.01869202166465725
2938 0.01868600299474463
2939 0.01868008811849376
2940 0.01867454659418422
2941 0.01866972987808463
2942 0.01866539817863869
2943 0.01866099023018159
2944 0.01865609360461495
2945 0.01865072326048943
2946 0.01864508461025439
2947 0.01863925182814143
2948 0.01863359133839556
2949 0.018627925599956
2950 0.01862257508740192
2951 0.01861730499908213
2952 0.0186120400217328
2953 0.0186068188057625
2954 0.01860168106981178
2955 0.01859659055629457
2956 0.01859134476760184
2957 0.01858595563518582
2958 0.01858043578048573
2959 0.01857496118083627
2960 0.01856944258557005
2961 0.0185639130430815
2962 0.01855873659042976
2963 0.01855369866700133
2964 0.01854861513394037
2965 0.01854303781542411
2966 0.01853725844291465
2967 0.0185312831797371
2968 0.0185253951955925
2969 0.01852012845003294
2970 0.01851495525912488
2971 0.01850960955318625
2972 0.01850449183283109
2973 0.01849926515685085
2974 0.01849380244854642
2975 0.01848810111892538
2976 0.01848250594951943
2977 0.01847664426958583
2978 0.01847083494153046
2979 0.01846574627845306
2980 0.01846090718884574
2981 0.01845610642227893
2982 0.01845094624939542
2983 0.01844523189869691
2984 0.01843915729613044
2985 0.01843332044427548
2986 0.01842779469400821
2987 0.01842236400803068
2988 0.01841684188916446
2989 0.01841133512506273
2990 0.01840565632541181
2991 0.01840043106814375
2992 0.01839522423217024
2993 0.0183898234478538
2994 0.01838434655880105
2995 0.01837878667287675
2996 0.01837346078564256
2997 0.0183681475845841
2998 0.01836299511715037
2999 0.0183576414184334
3000 0.0183522195487355
