"drag-rfile"
"Iteration" "drag"
("Iteration" "drag")
1 1.569793545739942
2 2.140571600617049
3 2.538533970641741
4 2.771386268205194
5 2.894971777728529
6 2.907857288950654
7 2.841863730754344
8 2.688346256589073
9 2.485222948840325
10 2.277940956176828
11 2.136619968784163
12 1.986945671971706
13 1.860393805780423
14 1.760673206980712
15 1.679041516810188
16 1.605426765314147
17 1.526628517389925
18 1.439359019929395
19 1.343669665303219
20 1.237336695756077
21 1.126856339331818
22 1.014497734881124
23 0.9043637263854049
24 0.7970106814860339
25 0.6948118891593359
26 0.597316415630333
27 0.5063137911656569
28 0.4222811644843461
29 0.3452756934757807
30 0.2752469707874731
31 0.2113243700835922
32 0.1535755837523651
33 0.1017219918855049
34 0.05572194717741139
35 0.01503718447329723
36 -0.02074362913585727
37 -0.05228343232956374
38 -0.0799465488081629
39 -0.1042235671956598
40 -0.1251704336811859
41 -0.1432259316425822
42 -0.1583961811208783
43 -0.1708760352029246
44 -0.181235831148854
45 -0.1895217163842324
46 -0.1957311572406694
47 -0.2000814762626351
48 -0.2029908254242348
49 -0.2046126526195347
50 -0.2050028910714662
51 -0.204289100692293
52 -0.202619116055948
53 -0.2003810852988476
54 -0.1977491489990048
55 -0.1945568646805053
56 -0.1910895756877373
57 -0.1874400367176087
58 -0.183672766147321
59 -0.1798138378336592
60 -0.1757484927626963
61 -0.1716051341397864
62 -0.1673776613873689
63 -0.1630663762902448
64 -0.1585704785508624
65 -0.1537826049210061
66 -0.149116768322157
67 -0.1441690511558295
68 -0.1388834487055978
69 -0.1332195617128689
70 -0.1269977043060182
71 -0.1203477708879
72 -0.1129631552483736
73 -0.1051825832183776
74 -0.09715067356620642
75 -0.08877513565983246
76 -0.0797299045529377
77 -0.07035137401813071
78 -0.06019540257302674
79 -0.04958220686444566
80 -0.03918753570207468
81 -0.02769804087745003
82 -0.01575186777907068
83 -0.003427575716719274
84 0.009168768697844623
85 0.0219765912608355
86 0.0349442934215483
87 0.04802728590671285
88 0.06117276280101246
89 0.07434975717331004
90 0.08740633528159049
91 0.1003575894927184
92 0.1130600309389838
93 0.125593403189892
94 0.1379397080266302
95 0.1501021389828552
96 0.1619588492462229
97 0.1734741297166805
98 0.1841881969798121
99 0.1946152496482267
100 0.2031094145481677
101 0.2113334814221657
102 0.2208202432266866
103 0.2283365951999922
104 0.2355547674477847
105 0.2424528651052059
106 0.2489876370930279
107 0.2551740025430556
108 0.261003586575355
109 0.2677182231624562
110 0.272681321755612
111 0.2773361233933296
112 0.2814791333584772
113 0.2850849110134153
114 0.2881133105187438
115 0.2910346884719066
116 0.292834506582258
117 0.2939768382371349
118 0.2944740385627129
119 0.2942650587192127
120 0.2930884775872584
121 0.2914993866933323
122 0.2886336262144879
123 0.2856381924657706
124 0.2819099132286855
125 0.2774330811176581
126 0.2711998998418959
127 0.2654342450341564
128 0.2590217515119779
129 0.252026915400207
130 0.2444615849351781
131 0.2363296281331855
132 0.2277499438586244
133 0.2187441661165866
134 0.2093641585766453
135 0.199655170521525
136 0.1896863490562637
137 0.1795137320894159
138 0.1691923150891345
139 0.1588126113835716
140 0.1483444350021626
141 0.1379645788209811
142 0.1276471366806366
143 0.1174486935756655
144 0.1073999882546976
145 0.0975477959300543
146 0.08788531391441129
147 0.07852644085143257
148 0.06947134957547642
149 0.06076194709380241
150 0.05240164448979449
151 0.0444469934744795
152 0.03692002604560248
153 0.02983363132174171
154 0.02278643424292154
155 0.01667302635019211
156 0.0110319485170248
157 0.005871805576339761
158 0.0009907877221964404
159 -0.003182725342343107
160 -0.006870483777310839
161 -0.01007199666315975
162 -0.01278831940645158
163 -0.01501584736231707
164 -0.01677984752995499
165 -0.01806012016993213
166 -0.01888011018200087
167 -0.01924164555910029
168 -0.01915537292424922
169 -0.01863431288372307
170 -0.0177324907154943
171 -0.01641646185775171
172 -0.01466880356869641
173 -0.01255209154284775
174 -0.01010171784105512
175 -0.007281633132563414
176 -0.004110696268321066
177 -0.0006064396115367618
178 0.003234466506315921
179 0.007426255970464017
180 0.01190205790013478
181 0.01660215596019592
182 0.0215532462248397
183 0.02673824066006379
184 0.03214552483246159
185 0.03774464081808447
186 0.04352167141715126
187 0.04945306899618397
188 0.05552812996027931
189 0.06171731430754801
190 0.06801129670206271
191 0.07438834927450573
192 0.08082930270451581
193 0.08731292965925981
194 0.09388698671291375
195 0.1004455418976946
196 0.1069802399021362
197 0.1134559885264783
198 0.1198337691259476
199 0.1261265532926407
200 0.1323267955978713
201 0.1383966811921913
202 0.1443571399614544
203 0.150151339820616
204 0.1557788413311281
205 0.1612197495155159
206 0.1664455782028114
207 0.1714341714398769
208 0.1761710215573619
209 0.1806420360178238
210 0.1848396186701262
211 0.1887569856591181
212 0.1923762805625232
213 0.1956868187959743
214 0.1986765368277079
215 0.2013246274468053
216 0.2036428644386511
217 0.2056219931216411
218 0.2072557312072247
219 0.2085366244815938
220 0.2094663676479951
221 0.2100486733224986
222 0.2102764020956485
223 0.2101481329783834
224 0.2096640372488939
225 0.2088473160090835
226 0.2076859717751404
227 0.2061695593358485
228 0.204297372524238
229 0.2021006494597175
230 0.1995888168103008
231 0.1967731752402993
232 0.193668827029865
233 0.1902876272936645
234 0.1866395809286816
235 0.1827412296728928
236 0.1786123408171035
237 0.1742694603519974
238 0.1697079167617752
239 0.1649710648207747
240 0.1600798163707975
241 0.1550552594132425
242 0.149914396097213
243 0.1446854918277118
244 0.1393890706085479
245 0.1340498172492614
246 0.128681493459301
247 0.1233151343953077
248 0.1179899745766448
249 0.1127084727652904
250 0.1074935594321366
251 0.1023688129165316
252 0.097353009290448
253 0.09246565466813958
254 0.08772746965339193
255 0.08315685375018045
256 0.07877118220740534
257 0.07458198845587037
258 0.07060956630383736
259 0.06686756243228781
260 0.06337037171056394
261 0.06013205825559431
262 0.05715536434604943
263 0.05445815811137835
264 0.05204325521091513
265 0.04991301474056047
266 0.04807588357697821
267 0.04653663764732217
268 0.04529687962271747
269 0.04435507676012034
270 0.04371039337901501
271 0.04336000112613548
272 0.04329948468520452
273 0.04352504556374102
274 0.04403043293946359
275 0.04481190813160058
276 0.04585748982623061
277 0.04715761043493593
278 0.04870270095121271
279 0.05047802092859721
280 0.0524732971719661
281 0.0546867433695773
282 0.05709763932977755
283 0.05968998754273031
284 0.06244945793195633
285 0.06536230879876676
286 0.06840865191383076
287 0.07156898607063739
288 0.07483691942244033
289 0.07819731124069937
290 0.08163657187126311
291 0.08513938397620674
292 0.0886898803448784
293 0.09227011528632768
294 0.09587086470600553
295 0.09946520708252918
296 0.1030496079253029
297 0.1066209709478529
298 0.1101593671228181
299 0.1136450080355211
300 0.1170643758763079
301 0.12040451770483
302 0.1236535668696351
303 0.1268004988166393
304 0.1298335588825166
305 0.1327416623841961
306 0.135519583090095
307 0.1381579546844137
308 0.1406461297250539
309 0.1429774327731835
310 0.1451438815554157
311 0.1471347879446139
312 0.1489500958932682
313 0.1505870751875383
314 0.1520364295530095
315 0.1533030075373636
316 0.1543843081969534
317 0.1552790767540871
318 0.1559875107094514
319 0.1565104387893638
320 0.1568489742464326
321 0.1570066443653861
322 0.1569849912416493
323 0.1567872491123319
324 0.1564171887656079
325 0.155877303791859
326 0.1551761653110925
327 0.1543185170356078
328 0.1533146311273316
329 0.1521720677776718
330 0.1508915610894434
331 0.1494799331530759
332 0.1479443647374402
333 0.1462928890885243
334 0.144533919297763
335 0.1426746652350497
336 0.1407242449006649
337 0.1386906639764324
338 0.1365824622178931
339 0.1344084545635752
340 0.1321768014128404
341 0.1298973312286618
342 0.1275783666874382
343 0.1252273071391772
344 0.1228545182918325
345 0.120467285240911
346 0.1180737911571479
347 0.1156818319763374
348 0.1132995999431273
349 0.1109306476019151
350 0.1085871512128928
351 0.1062766850360088
352 0.1040055203529085
353 0.1017805563039479
354 0.09960744985356826
355 0.09749387395015824
356 0.09544576190374453
357 0.09346841847154118
358 0.09156440059487031
359 0.08974263295347019
360 0.08800785533942858
361 0.08636221504563973
362 0.08481154505839063
363 0.08337143798972721
364 0.08203523939822793
365 0.08080346679493342
366 0.07967884139460021
367 0.07866430151872737
368 0.07774683243246042
369 0.07694446834935224
370 0.07625860888710735
371 0.07568966623157787
372 0.07523909279830324
373 0.07490678963079038
374 0.07469396626055401
375 0.07460016029317514
376 0.07462461677134324
377 0.07476693162119953
378 0.07502752220549783
379 0.075402038406419
380 0.07588863167118004
381 0.07648316049930282
382 0.07718414316564401
383 0.0779884874325904
384 0.07889229959076528
385 0.07989517327626981
386 0.08098877121676859
387 0.08216825219626354
388 0.0834283003674015
389 0.08476446180363041
390 0.08617090260091243
391 0.08764233551161528
392 0.08917173746730282
393 0.09075437762723274
394 0.09238362045542542
395 0.09405278915198491
396 0.09575574915917368
397 0.09748672098137619
398 0.09923774869321747
399 0.1010012724861206
400 0.102770687226091
401 0.1045389133644062
402 0.1063019000567251
403 0.1080494255297817
404 0.1097755653095952
405 0.1114732243144796
406 0.113134314732229
407 0.1147535489439272
408 0.1163246180114485
409 0.1178410609887119
410 0.119297618312217
411 0.1206882859649997
412 0.122014087692521
413 0.123262951584151
414 0.1244242072105891
415 0.1255001583676285
416 0.1264833237162987
417 0.1273763834188343
418 0.1281735638357787
419 0.1288728767116735
420 0.1294647818878021
421 0.1299562306772215
422 0.1303431150432952
423 0.1306392575840737
424 0.1308294647024676
425 0.1309141297489981
426 0.1308937055675055
427 0.1307687266837132
428 0.1305402900028808
429 0.1302049469434102
430 0.1297643823180235
431 0.1292279370374608
432 0.1285980568964142
433 0.1278773109923578
434 0.1270692731061157
435 0.126178179612058
436 0.1252070518198325
437 0.1241605155694662
438 0.1230426878000346
439 0.1218565551189825
440 0.1206078514860967
441 0.119301692149226
442 0.1179428227079714
443 0.1165360380395799
444 0.1150863368254781
445 0.1135978690429162
446 0.1120778617638406
447 0.1105319773226971
448 0.1089650888968708
449 0.1073853767528619
450 0.1057959667894009
451 0.1042023286211014
452 0.1026070155146656
453 0.1010184904732794
454 0.09944216967264161
455 0.09789072452041134
456 0.09636110238199172
457 0.09485458535090682
458 0.09338048353776189
459 0.09194290382748663
460 0.09054554149578266
461 0.08919252346666087
462 0.08788796604485567
463 0.08663870985242973
464 0.08544333151941744
465 0.08430605461542849
466 0.08322915593185891
467 0.08221981655199423
468 0.08127073480019272
469 0.08038879962414375
470 0.07957552537798798
471 0.07883262852903968
472 0.07816097857012729
473 0.0775617099952782
474 0.07703504173770144
475 0.07658130957448672
476 0.07620020340487495
477 0.07589166792278122
478 0.07565513306295964
479 0.07548979619142274
480 0.075394637945412
481 0.07537115164395178
482 0.07541491050518583
483 0.07552418937138855
484 0.07569667838049642
485 0.07593020239069014
486 0.07622212449457196
487 0.07657417943400552
488 0.07697899492837691
489 0.07743164773512515
490 0.07793169850362139
491 0.07847602951937241
492 0.07906147080491507
493 0.07968721721160572
494 0.08034658709871642
495 0.08103610113689147
496 0.08175236873014923
497 0.08249188889251548
498 0.08325110877284336
499 0.08402601789639515
500 0.08481018189005384
501 0.08560283572607554
502 0.08640090531943843
503 0.08720093314621244
504 0.08799945342340551
505 0.08879398071426491
506 0.08958058381892145
507 0.09035619994467578
508 0.09111426947142741
509 0.09185603305296361
510 0.09257844675229573
511 0.09327862475227595
512 0.09395425738707949
513 0.09460293925373481
514 0.09522256188991089
515 0.09581098965495148
516 0.09636638011990134
517 0.09688704781954616
518 0.09737144013593828
519 0.09780952914479209
520 0.0982162887847684
521 0.09858250889980265
522 0.09890116910167615
523 0.09917834979164908
524 0.09941360997886942
525 0.09960638069435528
526 0.09975668385052323
527 0.09986817929680585
528 0.09994356496694332
529 0.09997583341617077
530 0.09996532765901078
531 0.09991261960192061
532 0.09981849740112245
533 0.09968371369863512
534 0.09950591430727078
535 0.09929000599151043
536 0.09903745644068851
537 0.09874953961557965
538 0.09842788623966248
539 0.09807425419727259
540 0.0976900112915513
541 0.0972769794898446
542 0.09683712132995465
543 0.09637214220259689
544 0.09588170564542989
545 0.09537048467588144
546 0.09484068221215655
547 0.09429045431305813
548 0.09372595457458548
549 0.09314918849166066
550 0.09256248980656157
551 0.09196757120684689
552 0.09136654151320184
553 0.0907615581366647
554 0.09015436268621856
555 0.08954736921040073
556 0.08894228285030158
557 0.08834123536983167
558 0.08774710018531602
559 0.08716015950164138
560 0.08658203167604112
561 0.0860144694155158
562 0.08545882952106723
563 0.0849166620395478
564 0.08438916170242862
565 0.08387773745789415
566 0.08338363072103622
567 0.08291164188834646
568 0.08245930958911789
569 0.08202764811209987
570 0.08161827532549369
571 0.08122919439298786
572 0.08086283869766164
573 0.080519823979806
574 0.08020058148327663
575 0.07990561335112405
576 0.07963502688454403
577 0.07938975796994331
578 0.07916948962546896
579 0.07897400680359047
580 0.07880260053397344
581 0.07865581045005975
582 0.07853369048938069
583 0.0784357594280366
584 0.07836152091777082
585 0.07831029522906767
586 0.0782811078593203
587 0.07827128567467587
588 0.0782831807118819
589 0.07831650811702455
590 0.07837227971088179
591 0.07844807939197215
592 0.07854290164065086
593 0.07865614650004266
594 0.0787864959954116
595 0.0789305319558473
596 0.07909013337655078
597 0.07926428567086478
598 0.07945166152275167
599 0.07965099124156082
600 0.07986151477672238
601 0.08008197115120158
602 0.08031125129993554
603 0.08054868627062284
604 0.08079276410550547
605 0.08104211422152609
606 0.08129542169909107
607 0.08155210888670353
608 0.0818107260078922
609 0.08206965659780789
610 0.08232803407581396
611 0.08258495319831206
612 0.08283893852948646
613 0.08308912529368243
614 0.08333426844167281
615 0.08357325360017333
616 0.0838049951369387
617 0.08402742788806222
618 0.08424084167182418
619 0.08444434694494465
620 0.08463669301766302
621 0.0848175865494875
622 0.08498617703777138
623 0.08514186908948979
624 0.08528359786427954
625 0.08541079143870926
626 0.08552296364275634
627 0.08561961661290794
628 0.08570603632201924
629 0.08577562275217275
630 0.08582810777746323
631 0.08586318279194896
632 0.085880618670322
633 0.08588050692499651
634 0.0858625595532234
635 0.08582695916668733
636 0.08577341734705628
637 0.08570235707637459
638 0.08561385440677846
639 0.08550812761686284
640 0.08538553802323182
641 0.08524697719877934
642 0.08509227798796283
643 0.0849222833324008
644 0.08473952174711014
645 0.08454279464706753
646 0.08433202423128862
647 0.0841080307557478
648 0.08387134687417194
649 0.0836230626797701
650 0.08336337878584217
651 0.08309337848000591
652 0.0828139142931064
653 0.08252593634317676
654 0.0822303724256557
655 0.08193155837672506
656 0.08162702272122614
657 0.08131762517461315
658 0.0810042308588339
659 0.08068756575735278
660 0.08036888196532799
661 0.08004983240833331
662 0.07973009899208398
663 0.07941095906124893
664 0.07909293000223715
665 0.07877679924005916
666 0.0784636627342071
667 0.07815412407169975
668 0.07784902566095958
669 0.07754938861694732
670 0.07725593570476266
671 0.07696934502781463
672 0.07669059686462874
673 0.0764200306935748
674 0.07615811572598337
675 0.07590582228092871
676 0.07566366470310613
677 0.07543174926884637
678 0.07521073875255735
679 0.07500105439949503
680 0.07480262523236654
681 0.07461669802949403
682 0.07444308582777817
683 0.07428225695697607
684 0.07413442345985201
685 0.07399986046739676
686 0.07387715422034064
687 0.07376768682322538
688 0.07367166769099243
689 0.07358895805665201
690 0.07351928474561255
691 0.07346259954102423
692 0.07341855826558066
693 0.07338746233502476
694 0.07336845675156026
695 0.07336093923586692
696 0.07336485812933261
697 0.07337965469829473
698 0.07340492584242073
699 0.0734402965830957
700 0.0734849623297176
701 0.07353926675745139
702 0.07360242012763042
703 0.07367321807712784
704 0.07375156500232355
705 0.07383644667915031
706 0.07392721944172291
707 0.07402311396013954
708 0.07412350062154277
709 0.07422757521743928
710 0.07433480014740161
711 0.0744445994781444
712 0.07455636995401715
713 0.07466908197743781
714 0.07478242249640917
715 0.07489545539819595
716 0.07500725531006282
717 0.07511696301180716
718 0.07522394208820044
719 0.07532725698144636
720 0.0754262862695162
721 0.07552057244574453
722 0.07560971323532478
723 0.07569293367754001
724 0.07576977408490231
725 0.07583940772259883
726 0.07590188488800283
727 0.07595650350293005
728 0.07600265683448197
729 0.07603976984667935
730 0.0760669608464363
731 0.07608413726776721
732 0.07609101207305187
733 0.07608738469424055
734 0.07607301158346548
735 0.07604958519226059
736 0.07601494942897219
737 0.0759693261095674
738 0.07591250920325697
739 0.07584435940797965
740 0.07576519441991332
741 0.0756747049946872
742 0.07557284463742578
743 0.07545956759510664
744 0.07533536360877308
745 0.07520047866667544
746 0.07505527894933102
747 0.07489993914850462
748 0.07473511348669136
749 0.07456116791473626
750 0.07437810855138607
751 0.07418651050770685
752 0.07398701477903302
753 0.07377950625799898
754 0.07356511421236014
755 0.07334431599676144
756 0.07311773889007181
757 0.07288586409045626
758 0.07264625171144655
759 0.07240288211624563
760 0.07215642198604223
761 0.07190759636880248
762 0.07165703002551498
763 0.07140516225654832
764 0.07115291032006939
765 0.07090116594402808
766 0.07065049491960326
767 0.07040119236743625
768 0.07015373776925897
769 0.0699087584049343
770 0.06966686665835184
771 0.0694286610430075
772 0.0691942201742375
773 0.06896401026200583
774 0.06873868106842947
775 0.06851874396910171
776 0.06830469574518627
777 0.06809690756337762
778 0.06789605933188546
779 0.0677023896658247
780 0.06751623370997016
781 0.06733766544214133
782 0.06716681419313034
783 0.06700412019088278
784 0.06684985974038601
785 0.06670407838624481
786 0.06656672069332804
787 0.0664380908700178
788 0.06631830875546657
789 0.06620724381954422
790 0.06610528712732451
791 0.06601224328327636
792 0.06592770904276456
793 0.06585145582124566
794 0.06578434546547102
795 0.06572544795966333
796 0.06567410505399779
797 0.06563034795731497
798 0.06559398573944235
799 0.06556422459623743
800 0.06554128015863411
801 0.06552477601084007
802 0.06551449811761911
803 0.06551003978392671
804 0.06551078124272826
805 0.06551615148353114
806 0.06552594917003897
807 0.06553969341961763
808 0.06555713657286835
809 0.06557798578331459
810 0.06560164910638457
811 0.06562782066080103
812 0.06565609618778506
813 0.06568590089954753
814 0.06571671592726297
815 0.06574836763888688
816 0.06578035024104088
817 0.0658122748317556
818 0.06584338416115051
819 0.0658733236622404
820 0.06590186708225485
821 0.06592871163722174
822 0.06595355206306146
823 0.06597600460369085
824 0.06599553317057751
825 0.0660119579257321
826 0.06602445884588142
827 0.06603332755478698
828 0.06603849660561234
829 0.06603942116642178
830 0.06603585533360795
831 0.06602726970219407
832 0.06601385967351976
833 0.06599562587091239
834 0.06597204432626638
835 0.06594299860406978
836 0.06590842333386629
837 0.06586820480463772
838 0.06582243445947451
839 0.06576691764695615
840 0.06570594888241974
841 0.06563972053714536
842 0.06556807968872666
843 0.06549112872003585
844 0.06540902463068285
845 0.06532676594525405
846 0.06523954840612335
847 0.065147495701776
848 0.06505055260565167
849 0.06494936204536071
850 0.06484360677842664
851 0.06473334933911092
852 0.06461849173504271
853 0.06449960747621342
854 0.06437665222021964
855 0.06425010149667029
856 0.06411969542557687
857 0.06398598839328021
858 0.06384928104975959
859 0.06370957349404068
860 0.06356705105095309
861 0.0634221426001787
862 0.06327521511282692
863 0.06312652944569128
864 0.06297530936389434
865 0.06282295900008184
866 0.0626703250949619
867 0.06251764547364257
868 0.06236496721892227
869 0.06221226695318757
870 0.06205996981934781
871 0.06190780156418192
872 0.06175661593295266
873 0.06160670305628307
874 0.06145854583922136
875 0.06131214471290299
876 0.06116786547297365
877 0.06102591427627363
878 0.06088666966074698
879 0.0607505631238416
880 0.06061767374746922
881 0.06048767647179561
882 0.06036056264880339
883 0.06023655989255414
884 0.06011606235978542
885 0.05999946264961709
886 0.05988648490936165
887 0.05977721475867742
888 0.05967176330963678
889 0.05957022550005622
890 0.05947276160967608
891 0.05937912668743067
892 0.05928955830489883
893 0.05920372471675643
894 0.05912159391305522
895 0.05904204939224225
896 0.05896628546817687
897 0.05889430121560944
898 0.05882574943187547
899 0.05876055861504446
900 0.05869854759794418
901 0.05863970825332628
902 0.05858399467812471
903 0.05853103310829941
904 0.05848070271385231
905 0.05843314150460326
906 0.05838825695485773
907 0.05834573026424207
908 0.05830519597548848
909 0.05826645265504599
910 0.05822946113633101
911 0.0581940607617349
912 0.05815975657816221
913 0.05812628445317004
914 0.05809369466950629
915 0.05806171140998284
916 0.05803027289082043
917 0.05799910630483494
918 0.05796852484096583
919 0.05793826862489274
920 0.05790804542466523
921 0.05787710939836992
922 0.05784520114532164
923 0.05781240998658634
924 0.0577786494960531
925 0.05774396878891416
926 0.05770819896431917
927 0.05767143124050663
928 0.05763314176869193
929 0.05759345645727171
930 0.05755220903398312
931 0.05750923256685658
932 0.05746441592670414
933 0.05741776770398375
934 0.05736900772849967
935 0.0573179522966893
936 0.05726475437513491
937 0.05720959380804021
938 0.05715235869838088
939 0.05709308819344944
940 0.05703167534295252
941 0.05696812735014799
942 0.05690242571570356
943 0.05683424132995534
944 0.05676374812709905
945 0.0566911228197978
946 0.05661641559192638
947 0.0565400181174965
948 0.05646196519359044
949 0.05638167328438185
950 0.056299284366515
951 0.05621502290061374
952 0.05612888340313044
953 0.05604114438994504
954 0.05595199136597343
955 0.05586132413385062
956 0.05576936155882582
957 0.05567559729322724
958 0.05558063895998187
959 0.05548453247235102
960 0.05538717309957577
961 0.05528884884036508
962 0.05519000865602251
963 0.05509048819608848
964 0.0549904699874388
965 0.05489008164068093
966 0.05478918823387032
967 0.05468807464173828
968 0.05458692363971962
969 0.05448527117228105
970 0.0543836915390153
971 0.05428211286891969
972 0.05418059303669728
973 0.05407955559925834
974 0.05397925151159533
975 0.05387954090748312
976 0.05378054092673093
977 0.05368262149177853
978 0.05358589210540997
979 0.05349024279669493
980 0.05339549743245398
981 0.05330186143836496
982 0.05320901526291629
983 0.05311730987860323
984 0.05302681645517036
985 0.05293744972603036
986 0.05284970541527723
987 0.05276339818219165
988 0.05267855460494051
989 0.05259528655102297
990 0.05251320490642046
991 0.05243260254659705
992 0.05235345115412438
993 0.0522757129430844
994 0.0521995259397383
995 0.05212469101376686
996 0.05205108434463145
997 0.05197891967603804
998 0.05190379280682431
999 0.05183582524934617
1000 0.05176906722517846
1001 0.051703755976137
1002 0.05163529512142628
1003 0.05157335649472193
1004 0.05151208634739354
1005 0.05144759720779473
1006 0.05138941064498878
1007 0.05132774145279831
1008 0.05127196324070499
1009 0.05121244963960082
1010 0.05115844355460648
1011 0.05110053911453764
1012 0.05104829462263073
1013 0.05099240187930575
1014 0.05094198935243529
1015 0.05088748074487313
1016 0.05083803623203516
1017 0.05078428433965802
1018 0.05073214054800171
1019 0.0506843408270209
1020 0.05063209238189573
1021 0.05058112649524758
1022 0.05053415131133861
1023 0.05048243291866805
1024 0.05043185026870392
1025 0.05038510767691471
1026 0.05033425272159585
1027 0.05028397504254071
1028 0.05023682496003703
1029 0.05018535321936634
1030 0.05013456812600311
1031 0.05008662003324783
1032 0.05003460941780797
1033 0.04998303009807571
1034 0.04993422979781499
1035 0.04988130897973902
1036 0.04982890368001946
1037 0.04977906673733391
1038 0.04972475915923529
1039 0.04967076795216927
1040 0.04961923401773639
1041 0.04956325082457053
1042 0.04951024075650879
1043 0.04945283544195742
1044 0.04939884918627892
1045 0.04934369900055068
1046 0.04928444073124973
1047 0.04922892595438097
1048 0.04917225871513086
1049 0.04911092930554616
1050 0.04905343799139773
1051 0.04899481153582958
1052 0.04893493154704194
1053 0.04887083222007187
1054 0.04881089041021675
1055 0.04875015246952965
1056 0.04868891465182607
1057 0.04862725441044392
1058 0.04856172901590163
1059 0.04850055796379412
1060 0.04843851701472955
1061 0.04837568119806765
1062 0.04831402511592738
1063 0.04825212485495328
1064 0.04818576987393171
1065 0.0481241208674427
1066 0.04806181243161364
1067 0.04799918914481356
1068 0.04793649892160434
1069 0.04786870912324041
1070 0.04780689677806806
1071 0.04774409854233956
1072 0.04767558439299435
1073 0.04761310277506893
1074 0.04755036693101349
1075 0.047487123676515
1076 0.04741754469730188
1077 0.04735503210810146
1078 0.0472918012000921
1079 0.04722828419230402
1080 0.04715860010949161
1081 0.04709632564248351
1082 0.04703357307703602
1083 0.04697067782122943
1084 0.04690763370841251
1085 0.04683791459807676
1086 0.04677613920438389
1087 0.04671431950429975
1088 0.04665257053788394
1089 0.04659052080083278
1090 0.04652863805501201
1091 0.04646720217444031
1092 0.04640070380029863
1093 0.04634147730410247
1094 0.04628239105881064
1095 0.0462235029026881
1096 0.04616486953353696
1097 0.0461065179306945
1098 0.04604853497254684
1099 0.04598561301617812
1100 0.0459295169381503
1101 0.04587351740597153
1102 0.0458179848878565
1103 0.0457629384841837
1104 0.04570827148945501
1105 0.04564890573031529
1106 0.04559607209483522
1107 0.04554324760252285
1108 0.04549051394455408
1109 0.04543310631552393
1110 0.04538164990438698
1111 0.04533017285047263
1112 0.0452788136150209
1113 0.04522285496178443
1114 0.04517309402786234
1115 0.04512330944472211
1116 0.04507371968678998
1117 0.04501941334801118
1118 0.04497122835179753
1119 0.04492265089097703
1120 0.04486916330639636
1121 0.04482141058135741
1122 0.04477343301640255
1123 0.04472106147769555
1124 0.04467430641709503
1125 0.04462318235724073
1126 0.04457704343203549
1127 0.04452664231680997
1128 0.04448101812569939
1129 0.04443110327342371
1130 0.0443855488424441
1131 0.04433566600908919
1132 0.0442901075768052
1133 0.04424072159136119
1134 0.04419234325749952
1135 0.04414760218333601
1136 0.04409919631097164
1137 0.04405151918832311
1138 0.04400718426870268
1139 0.04395898566851776
1140 0.04391132447925536
1141 0.04386677721894153
1142 0.04381823849450477
1143 0.04377032417424835
1144 0.04372543302751676
1145 0.0436769687331763
1146 0.04362936137764475
1147 0.04358487733674846
1148 0.0435367145615381
1149 0.04348898117495544
1150 0.04344383883415243
1151 0.04339515377154511
1152 0.04334707881708916
1153 0.04329937988725973
1154 0.04325429688453635
1155 0.04320570873905697
1156 0.04315755963412055
1157 0.04310987486283274
1158 0.04306495163059225
1159 0.0430164444699612
1160 0.04296833980752242
1161 0.04292033727829867
1162 0.04287490187407771
1163 0.04282594328595023
1164 0.04277740221819842
1165 0.04272910268021819
1166 0.04268076794468212
1167 0.04263511028663083
1168 0.04258571124088362
1169 0.04253696686709491
1170 0.04248857777210044
1171 0.04244269070171772
1172 0.04239368843333662
1173 0.04234499119018605
1174 0.04229638374177785
1175 0.04224792396428776
1176 0.04220186071762303
1177 0.04215311105939885
1178 0.04210500384884407
1179 0.04205733214351115
1180 0.04201196509989823
1181 0.04196361098382186
1182 0.04191581169236994
1183 0.04187056449035156
1184 0.04182191068852337
1185 0.04177377910585044
1186 0.04172826085728832
1187 0.04167975684089675
1188 0.04163191719478556
1189 0.04158708181631623
1190 0.04153916602413669
1191 0.04149471669398135
1192 0.04144674392101787
1193 0.04140206631018346
1194 0.04135374799004551
1195 0.0413089485441172
1196 0.0412607060380664
1197 0.04121620337323867
1198 0.04116822890643921
1199 0.04112408931241356
1200 0.04107958889318814
1201 0.04103186728336188
1202 0.04098840660394399
1203 0.04094460319256826
1204 0.04089700030279987
1205 0.04085337407593482
1206 0.0408093676818853
1207 0.04076523779541909
1208 0.04071789921164834
1209 0.04067494139030436
1210 0.04063202731664476
1211 0.04058923335858317
1212 0.04054657271134824
1213 0.0405007221881017
1214 0.04045898949039281
1215 0.04041719554729315
1216 0.04037526190199276
1217 0.04033325035563587
1218 0.04029120640151495
1219 0.04024945116430041
1220 0.04020814781313545
1221 0.04016718783549502
1222 0.04012645044898678
1223 0.04008607764216767
1224 0.04004597760091502
1225 0.04000592977781151
1226 0.03996595055672687
1227 0.03992618189040496
1228 0.03988639075749106
1229 0.03984709096126014
1230 0.03980791420508001
1231 0.03976931721225792
1232 0.03973100048720221
1233 0.03969311813065941
1234 0.03965543323185613
1235 0.03961799743446773
1236 0.03958051420810409
1237 0.03954307397105536
1238 0.03950562827755236
1239 0.03946837988888378
1240 0.03943150465989476
1241 0.03939504280949343
1242 0.03935882901559495
1243 0.03932269225836728
1244 0.03928658377248046
1245 0.03925077044062612
1246 0.03921496750785865
1247 0.03917907948390467
1248 0.03914329208572485
1249 0.0391075619862348
1250 0.03907200639624569
1251 0.03903671879044224
1252 0.03900156921174149
1253 0.03896644277239621
1254 0.03893123707344422
1255 0.03889607665073432
1256 0.03886108548215383
1257 0.0388262802443261
1258 0.03879129696428622
1259 0.03875640494196438
1260 0.03872144436759011
1261 0.03868680898402285
1262 0.03865207175343623
1263 0.03861741374008029
1264 0.03858255859589618
1265 0.03854772504611385
1266 0.03851294082484636
1267 0.03847830728159494
1268 0.03844368888017185
1269 0.03840910404773047
1270 0.03837448502684951
1271 0.0383397818915463
1272 0.03830505195768601
1273 0.03827028699215084
1274 0.03823535469497938
1275 0.03820026428894787
1276 0.03816517007401889
1277 0.03813016239780902
1278 0.03809527408943851
1279 0.03806042504944884
1280 0.03802534072648055
1281 0.03799004467290029
1282 0.03795476087308276
1283 0.03791943286902925
1284 0.03788404034696069
1285 0.03784848112968165
1286 0.03781280459005355
1287 0.03777718938670617
1288 0.03774173492163252
1289 0.03770628902732071
1290 0.03767084694542935
1291 0.03763538627670136
1292 0.03759981971959159
1293 0.03756406260912599
1294 0.0375283476794139
1295 0.03749248471568832
1296 0.03745643100777301
1297 0.03742062070750323
1298 0.03738125655917952
1299 0.03734646404211418
1300 0.03731182891141203
1301 0.03727717020595579
1302 0.03724231366057028
1303 0.03720731028930345
1304 0.03717235614181072
1305 0.0371371957337528
1306 0.03709857887670649
1307 0.03706417477856414
1308 0.03702985590085879
1309 0.03699586064765693
1310 0.03696208480804926
1311 0.03692492064533377
1312 0.03689200861472827
1313 0.03685883049566921
1314 0.03682546571464494
1315 0.03678854651896819
1316 0.03675554314898378
1317 0.03672221701403109
1318 0.03668912881349767
1319 0.03665310165368055
1320 0.03662120290557955
1321 0.03658957205514075
1322 0.03655800869287514
1323 0.03652345564529596
1324 0.03649248484053104
1325 0.03646104943327238
1326 0.03642660608317209
1327 0.03639583063467287
1328 0.03636212619459697
1329 0.03633201043558977
1330 0.03630197652855919
1331 0.03626926078304805
1332 0.03624049074943625
1333 0.03620875867118196
1334 0.03618030845255663
1335 0.03615164748489862
1336 0.03611976664291485
1337 0.03609117445775223
1338 0.03606240240613802
1339 0.03603064468817656
1340 0.0360025131098841
1341 0.03597465093434955
1342 0.03594415059863804
1343 0.03591732912213032
1344 0.0358903238966353
1345 0.03586054446949799
1346 0.03583381890651733
1347 0.03580399700124987
1348 0.03577726166562194
1349 0.03574776455640005
1350 0.03572151428604493
1351 0.03569549678487839
1352 0.03566696198776199
1353 0.03564177071333932
1354 0.03561379445936206
1355 0.03558874209571802
1356 0.03556102076518458
1357 0.03553609826387512
1358 0.03550873444163843
1359 0.03548407054718889
1360 0.03545671414782577
1361 0.03543226288190202
1362 0.03540544285758178
1363 0.03538143183086455
1364 0.03535467273118104
1365 0.03533077508686357
1366 0.03530429442977223
1367 0.03527819419052086
1368 0.03525448588809893
1369 0.03522848202635325
1370 0.03520502960638975
1371 0.03517906964635885
1372 0.03515333290528774
1373 0.03513004037463862
1374 0.0351037955882407
1375 0.03507803382438521
1376 0.03505483217719977
1377 0.03502923905911723
1378 0.03500385517384824
1379 0.03498099094586872
1380 0.03495571475719376
1381 0.03493066497783947
1382 0.03490771849985982
1383 0.03488198142151638
1384 0.03485632171006455
1385 0.03483081845763906
1386 0.03480761772293608
1387 0.03478213659014418
1388 0.03475712569016753
1389 0.0347344897392223
1390 0.03470937070921702
1391 0.0346845038922017
1392 0.03465961738559263
1393 0.0346345798344736
1394 0.0346092647314367
1395 0.03458396776390518
1396 0.03456072724029449
1397 0.03453513506109669
1398 0.03450994711878684
1399 0.03448516987503224
1400 0.03446068389827645
1401 0.03443626602490265
1402 0.03441168635932284
1403 0.03438698977862171
1404 0.03436207301791153
1405 0.03433706060561145
1406 0.03431192283508007
1407 0.03428691731587075
1408 0.03426190888930124
1409 0.03423737547242614
1410 0.03421299840252408
1411 0.03418889666429518
1412 0.03416480693114392
1413 0.03414068410925864
1414 0.03411642619067055
1415 0.03409201509649648
1416 0.03406750489577605
1417 0.03404316819106805
1418 0.03401891674726974
1419 0.03399481694063757
1420 0.03397090208634156
1421 0.03394724196384157
1422 0.03392373541419627
1423 0.03390040006179221
1424 0.03387714202992932
1425 0.03385363025004565
1426 0.03383012613483985
1427 0.03380670512582525
1428 0.03378332743810054
1429 0.03376021399357013
1430 0.03373746723798163
1431 0.03371497019586513
1432 0.03369258735600212
1433 0.03367010505652459
1434 0.0336477028154538
1435 0.03362526575451205
1436 0.03360295312766119
1437 0.03358082254829477
1438 0.03355892302722644
1439 0.03353721949722433
1440 0.03351573892943575
1441 0.03349442687914369
1442 0.03347317595453437
1443 0.03345187210630406
1444 0.03343076956178475
1445 0.03340981720124124
1446 0.03338867884055284
1447 0.03336771437273036
1448 0.03334683689085587
1449 0.03332616739812657
1450 0.03330579690602202
1451 0.03328579359335442
1452 0.0332659790216765
1453 0.03324591091718329
1454 0.03322604037642737
1455 0.03320628068364143
1456 0.03318650474071969
1457 0.03316664150749728
1458 0.03314688120355646
1459 0.033127225130456
1460 0.03310756571984503
1461 0.03308808146832698
1462 0.03306889826274154
1463 0.03304981363387802
1464 0.03303082251254774
1465 0.03301200509342923
1466 0.03299332312925712
1467 0.03297472598669173
1468 0.03295609391754591
1469 0.03293747425307843
1470 0.03291882611828228
1471 0.0329001712803967
1472 0.03288157298752496
1473 0.03286311876337915
1474 0.03284482592997662
1475 0.03282684565203686
1476 0.03280893144023978
1477 0.03279094312010015
1478 0.03277286977424474
1479 0.03275477844869469
1480 0.03273651664330556
1481 0.03271820912867283
1482 0.03269980813359712
1483 0.03268138453378081
1484 0.03266329559768291
1485 0.03264565712468949
1486 0.03262809691907726
1487 0.032610563886878
1488 0.03259321685152428
1489 0.03257588412056174
1490 0.03255851985763847
1491 0.03254092893660356
1492 0.03252325692445422
1493 0.03250555050061133
1494 0.03248783591674131
1495 0.03247025656653155
1496 0.03245276028087326
1497 0.03243528070399849
1498 0.03241778390412847
1499 0.03240031675871933
1500 0.03238296100239482
1501 0.0323656353987935
1502 0.03234838988274097
1503 0.0323311804205125
1504 0.03231396509967366
1505 0.03229696301451339
1506 0.03228009200013109
1507 0.03226330619750326
1508 0.03224651912961872
1509 0.03222971498521664
1510 0.03221285592502979
1511 0.03219597089826439
1512 0.0321792125361102
1513 0.03216246147926191
1514 0.03214597386020975
1515 0.03212969584086311
1516 0.03211356953830405
1517 0.03209743679336442
1518 0.03208131767679009
1519 0.03206519797064297
1520 0.03204916405136388
1521 0.03203320447556375
1522 0.03201732583107655
1523 0.03200152642993457
1524 0.03198605244245586
1525 0.03197079255975782
1526 0.03195568310225171
1527 0.03194072700191544
1528 0.03192582849951185
1529 0.03191078945267544
1530 0.0318958885198228
1531 0.03188117501539767
1532 0.03186656199527342
1533 0.03185195205893312
1534 0.03183750876368233
1535 0.03182324588443618
1536 0.03180931590191233
1537 0.03179562259153626
1538 0.03178209771634521
1539 0.03176858483713323
1540 0.031755102019057
1541 0.03174171298737741
1542 0.03172831295366209
1543 0.03171506456254893
1544 0.03170204526295185
1545 0.03168931370249087
1546 0.03167688048385243
1547 0.03166453987799079
1548 0.03165226589772268
1549 0.03163989587014599
1550 0.03162750658123242
1551 0.03161514019056075
1552 0.03160285222901491
1553 0.03159063136209925
1554 0.03157852076107989
1555 0.03156647950098419
1556 0.03155464512367045
1557 0.0315429752242384
1558 0.03153150062222452
1559 0.03152011677361188
1560 0.03150854813005536
1561 0.03149690526200326
1562 0.03148516067841722
1563 0.03147339477552685
1564 0.03146174450924884
1565 0.03145011462665295
1566 0.03143855942072887
1567 0.03142709107851514
1568 0.0314156022693273
1569 0.03140417950114605
1570 0.03139290450393308
1571 0.03138148856082457
1572 0.03137005380085758
1573 0.03135859185066849
1574 0.03134711922838911
1575 0.03133572107396718
1576 0.03132440305011074
1577 0.0313131145484063
1578 0.03130170467586397
1579 0.03129021000918771
1580 0.03127878865588629
1581 0.03126742768680695
1582 0.03125613685567871
1583 0.0312448258123935
1584 0.03123337111283807
1585 0.03122179819574034
1586 0.03121016473681538
1587 0.03119848664863428
1588 0.03118690502045854
1589 0.03117555680394626
1590 0.03116397060421534
1591 0.03115232584551782
1592 0.03114080114928016
1593 0.03112920810940634
1594 0.03111771085159056
1595 0.03110620167421158
1596 0.03109471095197262
1597 0.03108315795293638
1598 0.03107155485834543
1599 0.03105999963052869
1600 0.03104844241516993
1601 0.03103680155019055
1602 0.03102536925013681
1603 0.03101407793367401
1604 0.03100286089690663
1605 0.03099163146433604
1606 0.030980312073033
1607 0.03096889926106786
1608 0.0309574090858406
1609 0.03094593542547052
1610 0.03093451140392103
1611 0.03092319897844212
1612 0.03091197668354815
1613 0.03090077785493689
1614 0.03088966540638852
1615 0.03087859412504255
1616 0.03086761805467319
1617 0.03085675819973632
1618 0.03084602280050484
1619 0.03083533326787766
1620 0.03082485109012453
1621 0.03081449504389692
1622 0.03080415640480885
1623 0.03079374606305762
1624 0.03078341573057318
1625 0.03077324244077551
1626 0.03076444148344481
1627 0.03075432911027305
1628 0.03074429256156606
1629 0.03073441478384465
1630 0.03072589701553897
1631 0.03071616667812291
1632 0.03070647767140873
1633 0.03069803539516965
1634 0.03068856459353766
1635 0.03067894428656938
1636 0.03067059146457732
1637 0.03066107422630135
1638 0.03065177449851368
1639 0.03064353115871935
1640 0.03063400694357526
1641 0.03062449608410522
1642 0.0306166538343013
1643 0.03060762631397648
1644 0.0305988336446011
1645 0.03059142828519147
1646 0.03058262343766098
1647 0.03057511021495192
1648 0.03056636231337305
1649 0.03055764728836437
1650 0.03055000709096814
1651 0.03054122445614402
1652 0.03053249114143742
1653 0.03052392285401542
1654 0.0305167003986208
1655 0.03050844908035269
1656 0.03050028224776934
1657 0.03049210098574733
1658 0.03048397048579239
1659 0.03047584771998492
1660 0.03046781193420189
1661 0.03045972534213466
1662 0.03045172860988005
1663 0.03044396803402701
1664 0.03043647029900614
1665 0.03042913277665796
1666 0.03042181672136446
1667 0.03041455534448438
1668 0.03040729531934823
1669 0.03039990310544442
1670 0.03039275728484835
1671 0.03038547701858767
1672 0.03037815331690585
1673 0.03037089005014356
1674 0.03036371809880359
1675 0.03035671143746107
1676 0.03034984521658512
1677 0.03034300571926418
1678 0.0303362031241185
1679 0.03032927852154839
1680 0.0303223469014439
1681 0.03031555484969294
1682 0.03030872898545307
1683 0.03030185660741329
1684 0.03029494231670564
1685 0.03028798652349687
1686 0.03028089794499742
1687 0.0302740038053856
1688 0.03026710568360431
1689 0.03026148703561785
1690 0.03025455380202846
1691 0.03024773641098083
1692 0.03024216421292876
1693 0.03023550156350483
1694 0.03022991605064278
1695 0.03022322291652843
1696 0.03021774393348059
1697 0.03021073834648845
1698 0.03020499013574463
1699 0.03019776370283283
1700 0.03019214242811532
1701 0.03018494701444815
1702 0.0301792208731247
1703 0.0301722729309781
1704 0.0301667525203001
1705 0.03015972726822098
1706 0.03015406833540011
1707 0.03014705356849157
1708 0.03014139999039595
1709 0.0301345189104147
1710 0.03012896012243917
1711 0.0301219636338317
1712 0.03011629327114808
1713 0.03010929180920238
1714 0.03010375908787616
1715 0.03009720494747735
1716 0.03009198805389049
1717 0.03008534496811794
1718 0.03007983373777729
1719 0.03007311126117369
1720 0.03006744115124043
1721 0.03006060875553542
1722 0.03005403529681432
1723 0.03004876775515968
1724 0.03004238201730723
1725 0.03003740541939379
1726 0.03003121730090841
1727 0.03002604555180207
1728 0.0300197114641357
1729 0.03001465020236067
1730 0.03000840201259225
1731 0.0300035578390609
1732 0.02999763746804845
1733 0.02999311144753972
1734 0.02998723637261739
1735 0.0299826672101551
1736 0.02997687292426653
1737 0.0299722519873725
1738 0.02996648313882044
1739 0.02996163488409452
1740 0.02995569022654554
1741 0.02995114741546111
1742 0.0299457303192225
1743 0.02994043697555184
1744 0.0299353376683653
1745 0.02993152259514603
1746 0.02992653328921452
1747 0.02992171284614156
1748 0.02991791291985585
1749 0.0299130944701997
1750 0.02990809215504358
1751 0.02990311178434134
1752 0.02989898974954241
1753 0.02989425662708934
1754 0.02988966602631115
1755 0.0298852711655795
1756 0.02988086583359697
1757 0.02987752387262915
1758 0.02987307881622989
1759 0.0298687781961556
1760 0.02986448720525034
1761 0.02986013765896005
1762 0.02985575253668028
1763 0.02985230367479201
1764 0.02984806520684494
1765 0.0298439658110599
1766 0.02984076205864338
1767 0.02983663741727306
1768 0.02983252481631669
1769 0.02982826975082415
1770 0.02982497344224828
1771 0.02982073958198769
1772 0.02981657879252947
1773 0.02981244498534446
1774 0.02980837526222465
1775 0.0298041683048094
1776 0.0298009291038602
1777 0.02979684976836089
1778 0.02979263717300442
1779 0.02978841693189559
1780 0.02978496506916444
1781 0.02978081655206686
1782 0.02977663393573919
1783 0.02977320100345784
1784 0.02976882285433917
1785 0.02976432382963292
1786 0.02975974406635767
1787 0.02975531629138455
1788 0.02975086266514684
1789 0.02974651109243789
1790 0.02974214246500963
1791 0.02973778836229601
1792 0.02973349792614944
1793 0.02972932436578744
1794 0.02972515758795005
1795 0.02972091473037011
1796 0.02971663256217868
1797 0.02971220089560801
1798 0.02970777308245563
1799 0.02970348404505448
1800 0.02969913005147531
1801 0.02969471550869582
1802 0.0296904199246837
1803 0.02968639863727824
1804 0.02968254393721717
1805 0.02967840066823897
1806 0.02967431124687585
1807 0.02967016290042907
1808 0.02966619005421673
1809 0.02966222009904891
1810 0.02965828790308447
1811 0.02965449691221028
1812 0.029650749359833
1813 0.0296468932876111
1814 0.02964293120794583
1815 0.02963889933046318
1816 0.0296350148389584
1817 0.02963094546052782
1818 0.02962702063446429
1819 0.02962326232151571
1820 0.02961951839435226
1821 0.02961584309777261
1822 0.02961218485743849
1823 0.02960832621353489
1824 0.02960451694785908
1825 0.02960074233861398
1826 0.0295970884388817
1827 0.02959348077050404
1828 0.02958993724398376
1829 0.02958628468701306
1830 0.02958257242211656
1831 0.02957891585143838
1832 0.02957544202693233
1833 0.02957200850896585
1834 0.02956852696105873
1835 0.0295649136096721
1836 0.02956142709814065
1837 0.0295578573808466
1838 0.029554358810215
1839 0.02955081732266534
1840 0.02954738625362683
1841 0.0295436150163279
1842 0.02954002157579465
1843 0.02953646549946351
1844 0.02953315966661328
1845 0.02952985001282406
1846 0.02952666297132357
1847 0.02952333946579077
1848 0.02952001724733597
1849 0.02951659250297591
1850 0.02951337105956897
1851 0.02951020076244389
1852 0.02950714755971936
1853 0.0295040619883406
1854 0.02950103682216691
1855 0.0294978750513128
1856 0.02949472818524796
1857 0.02949156214020748
1858 0.02948851446053239
1859 0.02948566847930604
1860 0.02948287565619156
1861 0.02947999012974853
1862 0.02947732565510872
1863 0.02947470800246495
1864 0.02947210862597185
1865 0.02946946172522591
1866 0.02946668844960487
1867 0.02946385293595562
1868 0.02946109337781391
1869 0.02945840447151158
1870 0.02945587432377798
1871 0.02945335925217794
1872 0.02945083782527106
1873 0.02944832828892702
1874 0.02944570357045083
1875 0.02944303429285072
1876 0.02944044206601148
1877 0.02943768067376396
1878 0.02943516046434532
1879 0.02943256610531981
1880 0.02942996583890335
1881 0.02942723774914622
1882 0.02942456752874082
1883 0.02942190758702059
1884 0.02941934661537501
1885 0.02941661446304473
1886 0.02941398258799422
1887 0.02941130419939751
1888 0.02940857620534226
1889 0.02940579417041002
1890 0.02940303240798105
1891 0.0294003389417874
1892 0.02939756266434734
1893 0.02939482437597166
1894 0.02939211602452306
1895 0.02938914225645808
1896 0.02938606753865646
1897 0.02938333133532592
1898 0.02938060187346092
1899 0.02937790248965064
1900 0.02937534356314062
1901 0.0293727377880587
1902 0.02937011866731163
1903 0.02936748931151269
1904 0.02936473472056206
1905 0.02936182894872338
1906 0.02935899224804804
1907 0.02935593327427977
1908 0.02935302547983638
1909 0.02935033405683872
1910 0.02934767617162648
1911 0.02934467272151659
1912 0.02934214298059226
1913 0.02933950848212461
1914 0.02933675608180264
1915 0.02933404021877051
1916 0.02933116279620602
1917 0.02932828109467975
1918 0.02932540910198023
1919 0.02932222150270874
1920 0.02931955124756346
1921 0.0293168268307592
1922 0.02931419165079874
1923 0.02931137898802975
1924 0.02930847277880089
1925 0.0293056311455954
1926 0.02930294887345031
1927 0.0293003223932242
1928 0.02929769863469689
1929 0.02929484130939728
1930 0.02929196026352406
1931 0.02928892254599311
1932 0.02928598776231156
1933 0.02928308457841523
1934 0.02928032732839279
1935 0.02927747319856986
1936 0.02927471081627119
1937 0.02927182590141941
1938 0.02926903021111357
1939 0.02926609515347917
1940 0.02926312625440413
1941 0.02925996675249427
1942 0.02925674968441597
1943 0.02925391003376211
1944 0.02925125414766652
1945 0.02924823220166811
1946 0.02924531122849975
1947 0.02924232320311421
1948 0.02923940625143998
1949 0.0292364387765538
1950 0.02923349574842654
1951 0.02923046938796226
1952 0.02922752123612226
1953 0.02922451936694887
1954 0.02922146917741246
1955 0.02921832554141968
1956 0.02921524631505418
1957 0.0292121043061762
1958 0.02920929661180514
1959 0.02920640102790905
1960 0.02920340690923719
1961 0.02920048432903706
1962 0.02919735699101709
1963 0.0291942600449175
1964 0.02919125815003395
1965 0.02918816703608082
1966 0.02918506855410533
1967 0.02918208638362485
1968 0.02917923365385578
1969 0.02917629850598891
1970 0.02917331862237347
1971 0.02917026781876907
1972 0.02916720416990311
1973 0.02916441594375406
1974 0.02916210200788292
1975 0.02915941100266269
1976 0.02915664620864539
1977 0.0291540943744705
1978 0.02915156176649471
1979 0.02914917389815135
1980 0.02914685171901657
1981 0.0291442276167053
1982 0.02914165601056965
1983 0.02913909425110817
1984 0.02913659278554715
1985 0.02913387462771616
1986 0.02913123612669225
1987 0.02912849591926372
1988 0.02912610378435219
1989 0.02912348884948435
1990 0.02912108788689442
1991 0.02911871152250619
1992 0.02911625719767421
1993 0.02911358026778948
1994 0.02911091681810201
1995 0.0291081598231895
1996 0.02910552953500907
1997 0.02910297349617544
1998 0.02910035886418653
1999 0.02909777492986348
2000 0.02909536354819959
2001 0.02909303519290758
2002 0.02909071383234941
2003 0.02908814655122924
2004 0.02908548037288324
2005 0.02908267773700104
2006 0.02907988363463001
2007 0.02907724836393812
2008 0.02907482847093866
2009 0.02907216684219654
2010 0.02906961815676595
2011 0.02906703038339154
2012 0.02906471527198218
2013 0.02906239021911809
2014 0.02906019346182711
2015 0.02905779821147346
2016 0.02905544260507555
2017 0.02905276749623533
2018 0.02905011235312304
2019 0.02904745816553661
2020 0.02904483442892609
2021 0.02904228951873819
2022 0.02904005010636304
2023 0.02903764382551999
2024 0.02903512053340474
2025 0.02903244835378668
2026 0.02903016138553236
2027 0.02902785733042796
2028 0.02902566296752252
2029 0.02902338738319456
2030 0.02902114034922392
2031 0.02901871192403093
2032 0.02901635526132102
2033 0.02901377542485967
2034 0.02901121859149489
2035 0.02900860506938089
2036 0.02900633884322804
2037 0.02900420804117747
2038 0.0290021508295675
2039 0.02899978426971649
2040 0.02899726316990861
2041 0.02899481096507663
2042 0.02899256971196104
2043 0.02899029514157466
2044 0.02898815687421135
2045 0.0289859448729262
2046 0.02898374751573768
2047 0.02898146829051811
2048 0.02897928969488613
2049 0.02897696028863682
2050 0.0289747393610836
2051 0.02897242581292169
2052 0.02897034523924751
2053 0.02896805709182276
2054 0.02896570419410726
2055 0.02896333649360702
2056 0.02896127762153055
2057 0.02895933767754724
2058 0.02895754181441945
2059 0.0289557632200859
2060 0.02895394965786783
2061 0.02895186295474441
2062 0.02894961099499577
2063 0.02894707969970838
2064 0.02894476373135196
2065 0.02894218691452922
2066 0.02894001358400538
2067 0.02893805463218686
2068 0.02893630059385748
2069 0.02893416637336186
2070 0.02893217717019404
2071 0.02893007917943128
2072 0.02892813520264034
2073 0.02892617537777779
2074 0.02892423177067274
2075 0.02892224098851136
2076 0.02892017153598828
2077 0.02891800817245339
2078 0.02891594067336075
2079 0.02891371201354913
2080 0.02891160435959426
2081 0.02890959007282402
2082 0.02890768883344727
2083 0.02890571518291577
2084 0.02890370475615977
2085 0.02890160420922354
2086 0.02889957392732758
2087 0.02889761822821973
2088 0.028895709072966
2089 0.02889382077057691
2090 0.02889196456173877
2091 0.02889009903192598
2092 0.02888813405700243
2093 0.028885830643338
2094 0.02888350281357261
2095 0.02888129847004764
2096 0.02887936273413061
2097 0.02887744904074441
2098 0.02887566759595945
2099 0.02887364312906373
2100 0.02887171339728992
2101 0.02886994699277199
2102 0.0288682434805353
2103 0.02886653756007341
2104 0.02886487775568185
2105 0.02886318312792941
2106 0.02886148573779491
2107 0.02885962762373084
2108 0.02885776231880455
2109 0.02885584522069345
2110 0.02885393476823008
2111 0.02885218226261534
2112 0.02885067461005455
2113 0.02884929257456832
2114 0.02884778423972987
2115 0.02884624145948415
2116 0.02884467454854158
2117 0.02884319182686129
2118 0.02884175966366731
2119 0.02884046658122847
2120 0.02883924054032742
2121 0.02883784469592754
2122 0.02883642812232568
2123 0.02883485945600817
2124 0.02883332713339284
2125 0.02883178801173736
2126 0.02883043007245563
2127 0.02882936930349198
2128 0.02882844841294016
2129 0.02882750596935126
2130 0.02882630130877049
2131 0.02882498564967008
2132 0.02882361688558849
2133 0.02882228346038011
2134 0.02882106085638744
2135 0.0288200634945486
2136 0.02881909423542916
2137 0.02881818697957853
2138 0.02881701765358918
2139 0.02881581849106224
2140 0.02881470661829693
2141 0.02881367875043777
2142 0.02881267320992434
2143 0.02881181487851848
2144 0.02881108546777051
2145 0.02881031111261436
2146 0.02880956959720662
2147 0.02880875838009693
2148 0.02880796837408514
2149 0.02880714643650266
2150 0.02880617591027861
2151 0.02880521083761554
2152 0.02880430991018861
2153 0.02880358454510705
2154 0.02880311585034991
2155 0.02880266192369769
2156 0.02880229545016267
2157 0.02880176692371069
2158 0.02880126026546831
2159 0.02880063121713467
2160 0.02879995273367261
2161 0.02879939007169297
2162 0.02879866166219988
2163 0.02879793140414135
2164 0.02879728213438896
2165 0.02879692458211774
2166 0.02879652934721011
2167 0.02879618358300976
2168 0.02879584202817543
2169 0.02879552609672624
2170 0.02879518201623098
2171 0.02879473658995084
2172 0.02879435731918264
2173 0.02879384843942424
2174 0.02879336103420481
2175 0.02879290619777072
2176 0.02879243171789487
2177 0.02879201054642388
2178 0.02879169285326117
2179 0.02879151704792165
2180 0.02879144519266785
2181 0.02879135044185985
2182 0.02879106392252508
2183 0.02879057427604377
2184 0.02879022467882969
2185 0.02879010255128936
2186 0.02879013535965585
2187 0.02879008385218067
2188 0.02879011864633763
2189 0.02878971518132993
2190 0.02878950289040878
2191 0.02878947312282809
2192 0.02878962226539409
2193 0.0287899161660358
2194 0.02879023528824105
2195 0.02879043356031773
2196 0.02879052872708757
2197 0.02879056821023686
2198 0.02879056748577046
2199 0.02879069541874058
2200 0.02879082351625132
2201 0.02879105199413197
2202 0.02879137314050559
2203 0.02879183375314515
2204 0.02879229704368595
2205 0.02879278231194168
2206 0.02879297114119199
2207 0.02879336160085069
2208 0.02879369637886075
2209 0.02879405389189659
2210 0.02879465127857635
2211 0.02879516458052982
2212 0.02879539655285414
2213 0.02879571974549893
2214 0.02879618350183024
2215 0.02879693575638363
2216 0.02879797760488009
2217 0.02879887258872492
2218 0.0287994408641092
2219 0.02880006566653402
2220 0.02880068502380683
2221 0.02880135557782071
2222 0.02880205825508815
2223 0.02880287895680076
2224 0.02880350168369785
2225 0.02880392783360879
2226 0.02880449448010984
2227 0.02880535686568344
2228 0.02880637980029949
2229 0.02880743050707041
2230 0.02880843339904278
2231 0.02880930059206952
2232 0.02881000865038221
2233 0.02881085848042444
2234 0.02881185007913027
2235 0.02881293301436918
2236 0.02881385470073077
2237 0.02881478890124359
2238 0.02881596977696095
2239 0.02881742110440045
2240 0.02881889491449097
2241 0.02882006196753587
2242 0.02882112638164834
2243 0.02882208189801587
2244 0.0288230190523529
2245 0.02882432476225899
2246 0.0288257941896241
2247 0.02882751179307058
2248 0.02882912564009522
2249 0.02883041810299271
2250 0.02883164436059207
2251 0.02883317341612446
2252 0.02883473043720687
2253 0.02883623983881534
2254 0.02883794755298626
2255 0.02883958197874883
2256 0.02884126972367288
2257 0.02884305056296753
2258 0.02884483092769505
2259 0.02884660733197442
2260 0.02884820070278218
2261 0.02884964612447319
2262 0.02885117995224933
2263 0.02885294465883732
2264 0.02885483694041389
2265 0.0288570339062918
2266 0.02885925320851897
2267 0.02886136712065024
2268 0.02886315504551474
2269 0.02886487966675869
2270 0.02886682905280447
2271 0.02886869700361185
2272 0.02887057579422159
2273 0.02887242356978503
2274 0.02887440033957863
2275 0.02887663099785456
2276 0.02887887675136996
2277 0.02888125583056358
2278 0.02888346143617927
2279 0.02888555669835567
2280 0.02888773166317368
2281 0.02889008997812091
2282 0.02889254297030923
2283 0.0288949685020651
2284 0.02889706088829209
2285 0.02889911370330505
2286 0.02890120008858978
2287 0.0289034464014466
2288 0.02890591681342371
2289 0.02890848100680203
2290 0.02891104640837299
2291 0.02891342350718902
2292 0.02891613684473623
2293 0.02891883880688305
2294 0.02892154247696958
2295 0.02892454522382799
2296 0.02892712663396398
2297 0.02892931931103873
2298 0.02893139393392837
2299 0.02893370915228813
2300 0.02893629775374506
2301 0.02893919598645107
2302 0.02894231993562921
2303 0.02894544653752113
2304 0.02894852819685132
2305 0.02895148298086751
2306 0.02895420488547129
2307 0.02895679955595187
2308 0.02895934973452678
2309 0.02896175105082967
2310 0.02896431528885363
2311 0.02896714766519174
2312 0.02897037692814899
2313 0.02897393309583941
2314 0.0289773220495732
2315 0.02898022731563806
2316 0.02898310541637186
2317 0.02898603859675969
2318 0.02898905973530714
2319 0.02899202650607353
2320 0.0289948470204823
2321 0.02899770905169267
2322 0.02900069677972204
2323 0.02900383807276329
2324 0.02900706019117743
2325 0.0290102234662076
2326 0.02901326310176611
2327 0.02901635077854698
2328 0.02901937457910477
2329 0.02902234140951407
2330 0.02902542230705083
2331 0.02902878894248523
2332 0.02903226639475853
2333 0.02903562508000964
2334 0.02903907446617
2335 0.0290425189042045
2336 0.0290459949556429
2337 0.02904935370922591
2338 0.02905251267799026
2339 0.02905561265425705
2340 0.02905899789570251
2341 0.02906247138341354
2342 0.0290658413346875
2343 0.02906928966513139
2344 0.02907280275593447
2345 0.02907643754506039
2346 0.02907990265523626
2347 0.02908360586631486
2348 0.02908736630587557
2349 0.02909098967862825
2350 0.02909437927847936
2351 0.02909787292777744
2352 0.02910153926471926
2353 0.02910504118351489
2354 0.02910903254402047
2355 0.02911282061999697
2356 0.02911629752305721
2357 0.02911959830997629
2358 0.02912309062075014
2359 0.02912666126517656
2360 0.02913056748422503
2361 0.02913444530850138
2362 0.02913819566001736
2363 0.02914231682352301
2364 0.02914611150176152
2365 0.02914997020315335
2366 0.02915383544352694
2367 0.029157172048091
2368 0.02916028063167671
2369 0.02916358382379853
2370 0.02916740619623476
2371 0.0291715153035792
2372 0.02917571461240029
2373 0.02917996187359577
2374 0.02918403118682493
2375 0.02918798370200185
2376 0.02919179769654284
2377 0.02919560604702259
2378 0.02919921039797079
2379 0.02920272978923296
2380 0.02920647264346044
2381 0.0292105768562861
2382 0.0292149779378102
2383 0.02921934536479059
2384 0.02922357121630149
2385 0.02922749285254142
2386 0.02923143747207851
2387 0.02923547444870112
2388 0.02923948098630046
2389 0.02924337243422823
2390 0.02924746918337598
2391 0.02925166246085972
2392 0.02925562257903765
2393 0.0292597623690037
2394 0.02926400482576639
2395 0.02926817664249815
2396 0.02927255052057581
2397 0.02927694011602858
2398 0.0292811334257029
2399 0.02928545543919407
2400 0.02928968562747855
2401 0.02929400348376235
2402 0.02929836691168564
2403 0.02930281135381366
2404 0.0293072403088747
2405 0.02931167876209581
2406 0.02931578310817485
2407 0.02931989905235709
2408 0.02932403380208553
2409 0.02932830294867487
2410 0.02933270339212488
2411 0.02933725529214157
2412 0.02934195577852194
2413 0.02934655487003451
2414 0.0293509714444637
2415 0.02935576273909877
2416 0.02936031248712886
2417 0.02936485191147944
2418 0.0293693272804216
2419 0.02937381925219295
2420 0.02937804487118108
2421 0.02938255652911058
2422 0.02938709420592535
2423 0.02939165413138239
2424 0.02939634008565264
2425 0.02940103258261596
2426 0.02940564003919679
2427 0.02941043179380953
2428 0.02941522346245409
2429 0.02941960219148808
2430 0.0294241035994777
2431 0.02942867481364363
2432 0.02943334752006883
2433 0.02943829756814437
2434 0.02944319098438331
2435 0.02944775183686544
2436 0.02945211991382362
2437 0.02945664159520591
2438 0.02946130744625591
2439 0.02946609765203426
2440 0.02947104281359861
2441 0.02947585026101598
2442 0.02948034038439423
2443 0.02948463257706591
2444 0.02948899239777152
2445 0.02949363742564699
2446 0.02949836184463718
2447 0.0295031679765141
2448 0.02950818422895403
2449 0.02951279237128722
2450 0.02951747968663845
2451 0.0295219176648123
2452 0.02952629934236177
2453 0.02953060440100311
2454 0.0295349801978395
2455 0.02953951120785344
2456 0.02954422053036947
2457 0.02954914834095457
2458 0.02955369989554349
2459 0.02955820462567948
2460 0.0295628232980658
2461 0.02956754401314053
2462 0.0295722871042301
2463 0.02957677866532663
2464 0.0295811100614697
2465 0.02958547450186759
2466 0.02958954242829598
2467 0.02959367237547356
2468 0.02959802762022096
2469 0.0296028910628164
2470 0.02960798165843036
2471 0.02961297575644292
2472 0.02961770620123108
2473 0.02962215314301221
2474 0.0296267943067612
2475 0.02963136875397395
2476 0.02963615774528507
2477 0.02964088996511074
2478 0.02964551009770926
2479 0.02965000480687684
2480 0.02965440234001347
2481 0.02965919070927587
2482 0.02966416494737558
2483 0.02966902108892626
2484 0.02967378868202394
2485 0.02967830781740845
2486 0.02968271131613537
2487 0.02968738194505938
2488 0.02969206228681936
2489 0.02969671261512934
2490 0.0297014582257281
2491 0.02970639470923226
2492 0.02971105544896616
2493 0.02971538524950246
2494 0.02971936304874116
2495 0.02972336601073155
2496 0.02972809886783998
2497 0.02973306892989833
2498 0.02973815236698539
2499 0.0297427158081604
2500 0.02974724404248389
2501 0.02975178119254697
2502 0.02975641350555558
2503 0.02976080152020941
2504 0.02976501606880454
2505 0.02976917895174038
2506 0.02977348213615396
2507 0.029777653761514
2508 0.02978213136163302
2509 0.02978688908286685
2510 0.02979166561258761
2511 0.02979640437612293
2512 0.02980132008311542
2513 0.02980607169906641
2514 0.02981079979845394
2515 0.02981535625682012
2516 0.0298198927027329
2517 0.0298243175412674
2518 0.0298288634981402
2519 0.02983334416974955
2520 0.02983761887412188
2521 0.02984191166566001
2522 0.02984645872926751
2523 0.02985082146711478
2524 0.02985507189331507
2525 0.02985972647613083
2526 0.02986450060619614
2527 0.02986937619195
2528 0.02987398032713596
2529 0.0298784023992312
2530 0.02988251529862202
2531 0.02988667439083025
2532 0.02989083639500285
2533 0.02989516026301965
2534 0.0298995782798768
2535 0.0299039476156794
2536 0.02990836573855481
2537 0.02991312006572775
2538 0.02991777349576932
2539 0.02992214221658799
2540 0.02992648322693612
2541 0.02993092841255561
2542 0.02993540802546615
2543 0.02993965049905277
2544 0.0299443850419123
2545 0.02994904240158465
2546 0.02995374099890199
2547 0.02995832426595832
2548 0.02996296905057634
2549 0.02996749389376905
2550 0.02997219286546756
2551 0.02997678905240588
2552 0.02998124831744273
2553 0.02998574689807005
2554 0.0299900698340694
2555 0.02999418451858742
2556 0.02999803421337265
2557 0.03000189615333731
2558 0.03000618865579127
2559 0.03001058446889252
2560 0.03001498636911602
2561 0.03001943304169201
2562 0.03002335336984201
2563 0.03002690215775478
2564 0.03003021632274043
2565 0.03003384611860603
2566 0.03003789672748144
2567 0.03004186265328667
2568 0.03004546652933141
2569 0.03004906273430451
2570 0.03005275551055881
2571 0.03005658501147611
2572 0.03006067446849753
2573 0.03006468069175866
2574 0.03006847294973183
2575 0.03007230624838909
2576 0.03007606480386771
2577 0.03007978047599502
2578 0.03008308112689963
2579 0.03008619402042921
2580 0.03008947187425675
2581 0.03009307920359417
2582 0.03009703140123295
2583 0.03010091434309695
2584 0.03010486370716501
2585 0.03010849976125241
2586 0.03011183048896313
2587 0.03011516309448694
2588 0.0301186281757234
2589 0.03012227083795246
2590 0.03012582538299492
2591 0.03012963073611011
2592 0.03013299922141404
2593 0.03013623679460022
2594 0.03013969526419438
2595 0.03014344285189761
2596 0.03014724541042887
2597 0.03015122020257427
2598 0.03015494217394042
2599 0.03015842051839962
2600 0.03016172667361387
2601 0.0301649644431783
2602 0.03016819365070876
2603 0.0301712668268583
2604 0.03017426662349613
2605 0.03017746401814224
2606 0.03018131169156243
2607 0.03018533701282501
2608 0.03018925513002811
2609 0.03019289353439568
2610 0.03019621583998223
2611 0.03019933905352985
2612 0.03020249404048959
2613 0.03020544019072713
2614 0.03020821314318675
2615 0.03021113906362724
2616 0.0302143064261047
2617 0.03021777334616634
2618 0.03022137137593785
2619 0.03022486275932803
2620 0.03022834367228624
2621 0.03023181230277612
2622 0.03023509192624122
2623 0.03023799881803547
2624 0.03024076449155489
2625 0.03024361024843664
2626 0.03024630576793505
2627 0.03024925305754375
2628 0.030252347957431
2629 0.03025574246869928
2630 0.03025900820266444
2631 0.03026210846480086
2632 0.0302650447957469
2633 0.03026790492081731
2634 0.03027065995202417
2635 0.03027354948172763
2636 0.03027654081802212
2637 0.03027950566896797
2638 0.03028244316269954
2639 0.03028515761167716
2640 0.03028746520185562
2641 0.03028997568667819
2642 0.03029287923651508
2643 0.03029590687573982
2644 0.03029887806370379
2645 0.03030166590550097
2646 0.03030428672195099
2647 0.03030688241222302
2648 0.03030955955396236
2649 0.0303122917563324
2650 0.03031501811289239
2651 0.03031760162887729
2652 0.03032003406293081
2653 0.03032218800918227
2654 0.03032454166055782
2655 0.03032675583492872
2656 0.03032876879265186
2657 0.03033112122503267
2658 0.03033396125677453
2659 0.03033676828655165
2660 0.0303393809274548
2661 0.03034167115954556
2662 0.03034367619841077
2663 0.03034558095416673
2664 0.03034758077003123
2665 0.0303498919774593
2666 0.03035238210318576
2667 0.03035476824969197
2668 0.03035721110012626
2669 0.03035947681619572
2670 0.03036145536282597
2671 0.03036346742529779
2672 0.03036574899637928
2673 0.03036788960867155
2674 0.03036998804014586
2675 0.03037198130313385
2676 0.0303736929325748
2677 0.03037536744540584
2678 0.03037729742106808
2679 0.03037963928653612
2680 0.03038192888787646
2681 0.03038405091998398
2682 0.03038568982832615
2683 0.03038726808235136
2684 0.03038890056753267
2685 0.03039050029979414
2686 0.03039230920302757
2687 0.03039406387945414
2688 0.03039560854941941
2689 0.03039693629377545
2690 0.03039822058787951
2691 0.03039968013315294
2692 0.03040158084677961
2693 0.03040341087306403
2694 0.03040516638569226
2695 0.03040700333090655
2696 0.03040863694205664
2697 0.03040995553460512
2698 0.0304112581237278
2699 0.03041226908600552
2700 0.03041322146293535
2701 0.0304143560774248
2702 0.03041586001161063
2703 0.03041760252841703
2704 0.03041929213423891
2705 0.03042055207067647
2706 0.03042167195946013
2707 0.03042283812999748
2708 0.03042411818082028
2709 0.03042526000903268
2710 0.03042647153749034
2711 0.03042749658674275
2712 0.03042830652044451
2713 0.03042878678875469
2714 0.03042931538602652
2715 0.03043025773385169
2716 0.03043153182614779
2717 0.03043315705517898
2718 0.03043457576873797
2719 0.0304359540425095
2720 0.0304369394792494
2721 0.03043769135270851
2722 0.03043817803288814
2723 0.03043880579889376
2724 0.03043934168495817
2725 0.03043994784092479
2726 0.0304407517100725
2727 0.03044175560034838
2728 0.03044271094472545
2729 0.03044354527076344
2730 0.03044419410903173
2731 0.0304447132910132
2732 0.03044490770307657
2733 0.03044503501878723
2734 0.03044535775388994
2735 0.03044623497442439
2736 0.03044707936537955
2737 0.03044781255280742
2738 0.03044804522509757
2739 0.03044846195184136
2740 0.03044892996402919
2741 0.03044943800256789
2742 0.03044986628812636
2743 0.03045020713579013
2744 0.03045057543429006
2745 0.03045077153249575
2746 0.0304511605091521
2747 0.03045144684567355
2748 0.03045167385877256
2749 0.03045155516047588
2750 0.03045143193019029
2751 0.03045110168258507
2752 0.03045119321600194
2753 0.0304515709366759
2754 0.03045186456139412
2755 0.03045217490865747
2756 0.03045226629855899
2757 0.03045243956686708
2758 0.03045235612819298
2759 0.03045209084140154
2760 0.03045179400731182
2761 0.03045137226937705
2762 0.03045096304556013
2763 0.03045074149915041
2764 0.03045080215622742
2765 0.03045065076102117
2766 0.03045034888615771
2767 0.03044982463748646
2768 0.03044959697339754
2769 0.030449465805074
2770 0.03044916325931728
2771 0.03044861211205864
2772 0.03044797204476056
2773 0.03044738396852842
2774 0.03044657688397857
2775 0.03044587057730655
2776 0.03044534472737499
2777 0.03044490475235219
2778 0.03044445477673753
2779 0.03044380844000936
2780 0.03044306834422754
2781 0.03044231861043713
2782 0.03044178923923451
2783 0.03044128779707633
2784 0.03044059778177066
2785 0.03043955547586093
2786 0.03043849789214705
2787 0.0304372145513041
2788 0.03043578165747928
2789 0.03043463164376244
2790 0.03043388884137854
2791 0.0304331223612646
2792 0.0304322835154074
2793 0.03043128038442057
2794 0.03043028454271542
2795 0.03042931351625136
2796 0.03042836608427323
2797 0.03042730444887849
2798 0.03042593546919148
2799 0.03042433407779028
2800 0.0304226806224625
2801 0.03042121160137132
2802 0.03041976386455693
2803 0.0304182545926232
2804 0.03041692623502309
2805 0.03041562825021895
2806 0.0304146151705436
2807 0.03041360395042332
2808 0.03041229673779775
2809 0.0304108385442699
2810 0.0304089982593737
2811 0.03040698069890875
2812 0.03040503099032851
2813 0.03040338780956267
2814 0.03040199315930947
2815 0.03040065917636311
2816 0.03039934362484174
2817 0.0303978591126355
2818 0.03039640525996788
2819 0.03039477683431784
2820 0.03039289870474771
2821 0.03039061090493329
2822 0.03038824134375769
2823 0.0303856530672381
2824 0.03038352891185142
2825 0.03038207176714726
2826 0.03038078570314172
2827 0.03037920677864332
2828 0.03037713438998086
2829 0.0303747277806006
2830 0.03037247046150949
2831 0.03037052320633295
2832 0.03036871223904084
2833 0.03036682046903217
2834 0.03036477690578387
2835 0.03036265688871555
2836 0.03036029221401846
2837 0.03035751083720986
2838 0.03035457211983003
2839 0.03035194901332983
2840 0.03034988446023164
2841 0.03034762498363342
2842 0.03034521314339307
2843 0.03034278504161868
2844 0.03034045995513141
2845 0.03033807808550177
2846 0.03033562442605347
2847 0.03033319986258915
2848 0.03033074906844316
2849 0.03032807964422632
2850 0.03032520957627158
2851 0.0303222408314763
2852 0.03031969030502327
2853 0.03031716933260455
2854 0.03031486093733956
2855 0.03031246882982224
2856 0.0303096512993108
2857 0.03030657481503253
2858 0.03030324594563113
2859 0.03030000618098947
2860 0.03029697854023976
2861 0.03029410081776371
2862 0.03029140918107426
2863 0.03028865554795839
2864 0.03028597093525269
2865 0.03028328827856761
2866 0.0302803691600264
2867 0.03027714977303217
2868 0.03027363414773035
2869 0.03027037795638794
2870 0.03026754547740664
2871 0.03026479603373488
2872 0.03026169395713725
2873 0.03025833544903522
2874 0.03025475595795664
2875 0.03025093314059714
2876 0.03024737526713409
2877 0.0302440361398423
2878 0.03024092388507492
2879 0.03023795464262345
2880 0.03023504414826702
2881 0.03023175123399301
2882 0.03022811797306144
2883 0.03022425975272597
2884 0.03022092722857072
2885 0.03021780851634597
2886 0.030214403609297
2887 0.03021090403086547
2888 0.03020748365571505
2889 0.03020390276040745
2890 0.03020011620398058
2891 0.03019628533014114
2892 0.03019261594451925
2893 0.0301889787584514
2894 0.03018518902837806
2895 0.03018151571027647
2896 0.03017780246580125
2897 0.03017417271105484
2898 0.03017039453939472
2899 0.030166794968013
2900 0.03016315090079673
2901 0.0301594058709469
2902 0.0301553887535545
2903 0.0301513308225654
2904 0.03014753498060612
2905 0.03014386793908239
2906 0.03014024410522348
2907 0.03013635122099417
2908 0.03013241843635869
2909 0.03012834703742129
2910 0.03012423549991085
2911 0.03012007940008007
2912 0.030115856530162
2913 0.03011181944420411
2914 0.0301078815905718
2915 0.03010392217763073
2916 0.03009984827536331
2917 0.03009568820232494
2918 0.03009134179128999
2919 0.03008702716846202
2920 0.0300828440157852
2921 0.03007892156078943
2922 0.03007480123287536
2923 0.03007035431320814
2924 0.03006579201610271
2925 0.03006135062121032
2926 0.03005706812983537
2927 0.03005297551565775
2928 0.03004861845390775
2929 0.03004418033648876
2930 0.03003964878384498
2931 0.03003495319021171
2932 0.03003022956370722
2933 0.03002571346021839
2934 0.03002125100116763
2935 0.0300166382834392
2936 0.03001191413156952
2937 0.03000732510759256
2938 0.03000287450259162
2939 0.02999829179747686
2940 0.02999366774183136
2941 0.02998901510582492
2942 0.02998439830983265
2943 0.02997985601070241
2944 0.02997537328376741
2945 0.0299706305498532
2946 0.02996547291851754
2947 0.02996013195991601
2948 0.02995495252634674
2949 0.02995018688097035
2950 0.0299455970885108
2951 0.02994086689177501
2952 0.02993620313171943
2953 0.02993132550686391
2954 0.02992624169241904
2955 0.02992117369730005
2956 0.02991621327163576
2957 0.02991113214091072
2958 0.02990591236848992
2959 0.02989991222960346
2960 0.02989473193979627
2961 0.02988960828846802
2962 0.02988478838455346
2963 0.02987990154573536
2964 0.02987481080006662
2965 0.02986968703492214
2966 0.02986450110167125
2967 0.02985862201194117
2968 0.02985336192269905
2969 0.02984799437621108
2970 0.02984263316627703
2971 0.02983716649526006
2972 0.02983092313243414
2973 0.02982558260574513
2974 0.02981970122028287
2975 0.02981440225446932
2976 0.02980913884828158
2977 0.02980370067487144
2978 0.02979860282932911
2979 0.02979374977108183
2980 0.0297889974312185
2981 0.02978326303291729
2982 0.02977792822601104
2983 0.02977240406985807
2984 0.02976663202458291
2985 0.02976088166592909
2986 0.02975568247978021
2987 0.02975076181082136
2988 0.0297459369121873
2989 0.02974071603578459
2990 0.02973524634948413
2991 0.02972964319273888
2992 0.02972329416817686
2993 0.02971755726660317
2994 0.02971183841845166
2995 0.02970593979850256
2996 0.02970023201136432
2997 0.02969480576203151
2998 0.02968926893695778
2999 0.02968349369002375
3000 0.02967744764380508
