"drag-rfile"
"Iteration" "drag"
("Iteration" "drag")
1 1.569761220437065
2 2.140841931319282
3 2.541598053986185
4 2.780388184374066
5 2.912532411536183
6 2.933276658143358
7 2.871798583720551
8 2.70892532829481
9 2.490031256154524
10 2.269532905750925
11 2.079230663807858
12 1.95725260509974
13 1.843219101069276
14 1.746198036196174
15 1.66339689198606
16 1.586189265287676
17 1.506802935934038
18 1.420922511547902
19 1.325766655526312
20 1.227234915871859
21 1.124565295600991
22 1.020107395418304
23 0.914627838249124
24 0.813314753455718
25 0.7163289064053384
26 0.6251508727343624
27 0.5399609272740181
28 0.4615578895374026
29 0.3895205144743822
30 0.3227495775812863
31 0.2608078787987002
32 0.2030650469560619
33 0.1492873395120379
34 0.0994441168828943
35 0.05372089200386038
36 0.01260515545994844
37 -0.02509798049137959
38 -0.05858093758955305
39 -0.08871667477261366
40 -0.11478942408857
41 -0.1371542294935401
42 -0.1559627387511719
43 -0.1715174854835294
44 -0.1838275887908622
45 -0.1934388087956331
46 -0.2005756152146953
47 -0.2057558573775441
48 -0.2092728498088434
49 -0.2111911689948795
50 -0.2117620423485654
51 -0.211203585250705
52 -0.20980013462315
53 -0.2078080291126265
54 -0.2051731070462928
55 -0.20233948174179
56 -0.1991221938567588
57 -0.195761400878399
58 -0.1924658274129322
59 -0.1891079357595882
60 -0.1856682785980629
61 -0.1821611564098105
62 -0.1784666772980422
63 -0.1746650711371986
64 -0.1704221345336506
65 -0.1659616470690907
66 -0.1611061264547263
67 -0.1558888621292187
68 -0.1501134475327863
69 -0.1439482374815239
70 -0.1373510797821847
71 -0.1302718663316938
72 -0.1227548536847115
73 -0.1147260845408772
74 -0.1062006715837222
75 -0.0971772218298394
76 -0.08769027864843666
77 -0.07771589228548838
78 -0.06726322349986323
79 -0.05625813391006031
80 -0.04480482051525711
81 -0.03293233711587321
82 -0.02067424141629363
83 -0.008111028716458807
84 0.004754381847613448
85 0.01788334272646488
86 0.03120719791488768
87 0.04469247444468737
88 0.05829908279061528
89 0.07198221069228644
90 0.08569640338345894
91 0.09939522883537484
92 0.113021439715458
93 0.1265279567360741
94 0.1398580688087273
95 0.1529656065538108
96 0.1658129924246303
97 0.1783430773761705
98 0.1905104400650864
99 0.2022690719574088
100 0.2135864148075816
101 0.2244311884508836
102 0.2347614963386001
103 0.2445428491392631
104 0.2537291207875868
105 0.262308529767355
106 0.2702129707163296
107 0.2774711250808241
108 0.2840894903503822
109 0.2899828318911326
110 0.2951329529713908
111 0.299535726280439
112 0.3031515592831602
113 0.3059911258668111
114 0.3080472873476498
115 0.3093201789671827
116 0.3098046467971643
117 0.3094943188720088
118 0.3084006351841428
119 0.3065323706616283
120 0.303902329862817
121 0.300528236901343
122 0.2964291258874683
123 0.291617595409053
124 0.2861313060910157
125 0.2799946141675391
126 0.2732824068582586
127 0.2659917113412824
128 0.2581620292192624
129 0.2498319090835116
130 0.2410402941977272
131 0.2318386822624151
132 0.2222708639750384
133 0.2123879296486861
134 0.2022441548666024
135 0.1918828360152923
136 0.1813465651077365
137 0.1706977486875817
138 0.1599913937649204
139 0.1492691904742572
140 0.138580581101108
141 0.1279744251917412
142 0.1174958671199533
143 0.107191598303795
144 0.0970827412241411
145 0.08722273705479139
146 0.07765653858592077
147 0.06840710162943658
148 0.05950526587681703
149 0.05098872966215745
150 0.04287539092544057
151 0.03519083627168988
152 0.02795489505692934
153 0.02118530325123851
154 0.01489846391942304
155 0.009105773820148723
156 0.003817816941995505
157 -0.0009573565189910308
158 -0.005214051800048692
159 -0.008948290376961741
160 -0.01215994012896704
161 -0.01483980838648559
162 -0.0170003715593365
163 -0.01864658988188667
164 -0.01978549407468794
165 -0.0204226943610686
166 -0.02056596904135424
167 -0.02022781432749948
168 -0.01942317752239752
169 -0.01816408206156372
170 -0.01646521410180665
171 -0.01434275728396377
172 -0.0118104707021003
173 -0.008889873743645213
174 -0.005595067266803509
175 -0.001944790936481473
176 0.002042258469513072
177 0.006347413874405927
178 0.0109403721417868
179 0.01581410215361156
180 0.02094466083060614
181 0.02631254016610618
182 0.03189575561131523
183 0.03767556379067964
184 0.04362961217396782
185 0.04974085102285049
186 0.05598939545066153
187 0.06235228301840281
188 0.06881118819966978
189 0.07534318338826186
190 0.08192794668938083
191 0.08853928883380242
192 0.09516257869846195
193 0.1017803242637149
194 0.1083705749003966
195 0.1149130375083607
196 0.121386579739541
197 0.127767451176165
198 0.1340423197492692
199 0.1401848202528571
200 0.1461745254740178
201 0.1519952055958466
202 0.1576273780289943
203 0.1630651888840352
204 0.168281019050623
205 0.1732577862761391
206 0.1779796695941176
207 0.182434091956822
208 0.1866053520694884
209 0.1904810338252552
210 0.1940479495275786
211 0.197296595710499
212 0.2002217546576189
213 0.2028143368760323
214 0.2050657075924378
215 0.2069715144842574
216 0.2085293089230443
217 0.209731507200194
218 0.2105769416502983
219 0.211064861106109
220 0.2112012258718643
221 0.2109792701976124
222 0.2104014990477326
223 0.2094684933094638
224 0.2081934508950643
225 0.206575673790478
226 0.2046274692103972
227 0.20235760278157
228 0.199777292955249
229 0.1968985463766077
230 0.1937284462435468
231 0.1902872190180962
232 0.1865887977224979
233 0.1826574678070608
234 0.1785033632832497
235 0.1741432310484584
236 0.1695987182287528
237 0.1648872330160527
238 0.1600285442481585
239 0.1550419796714507
240 0.1499491855626615
241 0.1447712720371647
242 0.1395295992184043
243 0.1342418994344422
244 0.1289297665231627
245 0.1236192164849278
246 0.1183447574249931
247 0.1131160823230772
248 0.1079538005980722
249 0.1028771521268414
250 0.09790514365274618
251 0.09305652562475859
252 0.08834921919523789
253 0.08380085701003361
254 0.07942720141889455
255 0.07524384608162227
256 0.07126587631536566
257 0.06750605531619085
258 0.0639758445867827
259 0.0606888843876153
260 0.05765406980793898
261 0.05487851200190735
262 0.05236949585209529
263 0.05013425655677417
264 0.0481788000809433
265 0.04650410206201877
266 0.04511669647961999
267 0.04401772385684367
268 0.04320736096892497
269 0.04268445866909937
270 0.04244749512253045
271 0.0424923218761829
272 0.0428145676691267
273 0.04340769500615462
274 0.04426570772141811
275 0.0453808801364431
276 0.04674433071477621
277 0.04834612451639213
278 0.05017608311680209
279 0.05222274705669275
280 0.05447362820917946
281 0.05691709503044552
282 0.05954037554114108
283 0.06233024176117115
284 0.06527184100866472
285 0.06835168786740269
286 0.07155563603014772
287 0.07486996508970625
288 0.07827977662175693
289 0.08177071267306656
290 0.0853276930891762
291 0.08894215133402736
292 0.09259370443953732
293 0.09626862241277118
294 0.0999562855805983
295 0.1036395303801739
296 0.1073045977262176
297 0.110939178614174
298 0.1145296240911213
299 0.1180647346229578
300 0.1215326085059054
301 0.1249222753278357
302 0.1282076482805405
303 0.1314074564362215
304 0.1344780305259016
305 0.1374319348564661
306 0.14026159724026
307 0.1429590110700228
308 0.1455160822410584
309 0.1479265350965229
310 0.150184927820143
311 0.1522860635286445
312 0.1542392331626743
313 0.1560233400802008
314 0.1576342250136948
315 0.1590683830681254
316 0.160322033799903
317 0.1613935600844901
318 0.1622816623047128
319 0.1629850612736521
320 0.1635038515303226
321 0.1638388499789422
322 0.1639911880240918
323 0.1639631239332476
324 0.1637569788317271
325 0.1633752185007751
326 0.1628216298013008
327 0.1621009409994733
328 0.1612247150587377
329 0.1601894052789423
330 0.1590017162365072
331 0.1576673780770037
332 0.1561930828076138
333 0.1545850791188437
334 0.1528479024188477
335 0.1509928943464403
336 0.1490275871534824
337 0.1469587209958038
338 0.1447956680875107
339 0.1425450939292085
340 0.1402174716242643
341 0.1378213052739095
342 0.1353676495281524
343 0.1328609797152626
344 0.1303127350494538
345 0.1277315651269894
346 0.1251338037003424
347 0.1225212944483441
348 0.1199027612497572
349 0.1172874218826853
350 0.1146835355666683
351 0.1120992751126245
352 0.1095408230987402
353 0.107017690354593
354 0.1045381262113975
355 0.1021108618168696
356 0.09974407209456321
357 0.09744523033194427
358 0.0952189874177619
359 0.09307488927533347
360 0.09101828335506947
361 0.08906614024396169
362 0.08721163097689536
363 0.08546175948248225
364 0.0838215491028573
365 0.08229523855773792
366 0.08088553653078795
367 0.07959854222914939
368 0.07843622749991043
369 0.07740231263541776
370 0.07649743611154683
371 0.07572402950978142
372 0.0750829071496551
373 0.07457471637722461
374 0.07420059587281903
375 0.07395969519936821
376 0.0738515918597311
377 0.07387457922842905
378 0.07403217384563189
379 0.07431785066169909
380 0.07472901507493712
381 0.07526216808363812
382 0.07591425529432264
383 0.07668108052656844
384 0.0775585968353093
385 0.07854196312554547
386 0.07962707499115573
387 0.08080802434804901
388 0.08207443785327813
389 0.08342588703666549
390 0.08485626939322419
391 0.08635956584379866
392 0.08792901811681184
393 0.08955847349324243
394 0.09124075887062608
395 0.09296975817369284
396 0.09473760045400669
397 0.09653738092399276
398 0.09836117917909869
399 0.1002013221111909
400 0.1020408723435805
401 0.1038839252661617
402 0.1057223459242685
403 0.1075503216549096
404 0.1093607903261185
405 0.1111466439500278
406 0.1129011437467693
407 0.1146176503529904
408 0.1162897034518504
409 0.1179111976161412
410 0.1194758597631817
411 0.120977834792123
412 0.1224117350694841
413 0.1237725366915274
414 0.1250553418864008
415 0.1262617503945402
416 0.1273808651684665
417 0.1284086681985671
418 0.1293418405921338
419 0.1301774444399069
420 0.1309185763821975
421 0.1315580221533381
422 0.1320923042567421
423 0.1325199019258296
424 0.1328403015958539
425 0.1330509883767458
426 0.1331539633952702
427 0.1331482036794401
428 0.1330358551937799
429 0.1328187780915338
430 0.1324989256918977
431 0.1320797202245287
432 0.1315624341664703
433 0.1309499547574871
434 0.1302450217599641
435 0.1294512055533188
436 0.1285715930998691
437 0.1276106059147049
438 0.1265707455098115
439 0.1254600608801631
440 0.1242813285221667
441 0.1230402707801299
442 0.121739412973356
443 0.1203859763715664
444 0.118984868786409
445 0.1175415878150124
446 0.1160612457558712
447 0.1145493697159977
448 0.1130154879294141
449 0.1114605549047519
450 0.1098897918599959
451 0.108309175441716
452 0.1067254153750419
453 0.1051336319017144
454 0.1035492785782539
455 0.1019783609433331
456 0.1004254273137415
457 0.09889539423563112
458 0.09739378554320699
459 0.09592597233598442
460 0.09449589750457159
461 0.0931079462087865
462 0.09176620667987895
463 0.09047513910368327
464 0.08923760729685996
465 0.08805736718668145
466 0.08693735195381623
467 0.0858807997516545
468 0.08489001500756054
469 0.08396723271579765
470 0.08311646160176969
471 0.08233717400281014
472 0.08163103849481844
473 0.08099923626136735
474 0.08044171011502138
475 0.0799587699816629
476 0.07955116185137351
477 0.0792177876018612
478 0.07895826766340647
479 0.07877158842471195
480 0.07865621904848853
481 0.07861217954612697
482 0.07863722697005417
483 0.07872997806037863
484 0.07888815552764553
485 0.07910902115466267
486 0.07939270170467265
487 0.07973520043509645
488 0.0801334368088051
489 0.08058438879615629
490 0.08108540820888745
491 0.0816322514080713
492 0.08221949036893911
493 0.08283551298084248
494 0.08348623491523215
495 0.08416842030125964
496 0.08487867773193956
497 0.08561364079806706
498 0.08636956494694999
499 0.08714301777598882
500 0.0879303093305997
501 0.08872784204405744
502 0.08953205711073102
503 0.09033938663930265
504 0.09114581241047319
505 0.09194790668604617
506 0.09274235614373778
507 0.09352584048730327
508 0.09429545776809671
509 0.09505799419680659
510 0.09579942489585115
511 0.09651692214480662
512 0.09720759513245275
513 0.09786724344527635
514 0.09849508920016566
515 0.09908590606947283
516 0.09964053651582105
517 0.1001569089509156
518 0.1006333206972323
519 0.1010682038717323
520 0.101460612778358
521 0.1018092466761914
522 0.1021127849728551
523 0.1023733190715521
524 0.1025885243109546
525 0.1027579383896556
526 0.1028812358262066
527 0.1029586114238413
528 0.1029905449547689
529 0.1029860947703899
530 0.1029368869376045
531 0.1028432016032658
532 0.1027059546292785
533 0.1025260679237266
534 0.1023043961863841
535 0.102041913267211
536 0.1017398227742534
537 0.101399573031883
538 0.1010229107055617
539 0.1006112909441029
540 0.1001664590198662
541 0.09969019209100673
542 0.09918436565323213
543 0.09865132232316179
544 0.09809289886056226
545 0.09751158037314653
546 0.09690907029627467
547 0.09628723662059557
548 0.09564842238650154
549 0.09499491991386819
550 0.09432863482816575
551 0.09365199538738532
552 0.09296741842231933
553 0.09227663984398027
554 0.09158210644981397
555 0.09088613035030108
556 0.09019083963230778
557 0.08949787746776015
558 0.08880942315052991
559 0.08812731710336938
560 0.08745320058050367
561 0.08678923140355879
562 0.08613698770035165
563 0.08549836246268358
564 0.08487637804476292
565 0.08427153312738027
566 0.08368556732804039
567 0.08311966260188479
568 0.0825748147063041
569 0.08205243824308024
570 0.08155357080250647
571 0.08107941004521753
572 0.08063099115800532
573 0.08020922107895505
574 0.07981435837673902
575 0.07944790448330591
576 0.07911028314468815
577 0.07880218889578522
578 0.07852427025820906
579 0.07827672392857236
580 0.07805916375150643
581 0.07787191394042932
582 0.07771502734478357
583 0.07758845540790681
584 0.07749186812746825
585 0.07742478411966081
586 0.07738655589559322
587 0.07737736587326555
588 0.07739645878291253
589 0.07744337515148647
590 0.07751687506387875
591 0.07761592192726791
592 0.07773962410772861
593 0.07788416797089874
594 0.07805130594588591
595 0.07823980086767572
596 0.0784483714057695
597 0.07867578057648297
598 0.07892118248411743
599 0.07918272972716373
600 0.07945945368025911
601 0.07974965343780779
602 0.08005153906037929
603 0.08036399099719215
604 0.08068535705646757
605 0.0810142416884074
606 0.08134895868610767
607 0.08168828471895547
608 0.08203053212340167
609 0.08237450350177203
610 0.08271778145509713
611 0.08305984081216625
612 0.08339942223612994
613 0.08373487609085115
614 0.08406530313110944
615 0.08438909348537035
616 0.08470481266077748
617 0.0850111321199768
618 0.08530715500693319
619 0.08559193893163299
620 0.08586448958012012
621 0.08612384456235657
622 0.08636893655292997
623 0.08659856850684282
624 0.08681182468242489
625 0.0870081093521113
626 0.08718697641619143
627 0.08734756757009834
628 0.08748958934281667
629 0.08761254431445226
630 0.08771348284891008
631 0.08779455531769209
632 0.0878557203511071
633 0.08790275500552294
634 0.08792837945955444
635 0.0879326047291478
636 0.0879153666827254
637 0.08787691846210988
638 0.08781728596824527
639 0.08773679424288708
640 0.08763563727079397
641 0.08751299594988422
642 0.08736980885431819
643 0.08720657430113393
644 0.08702611857390154
645 0.08682719568588324
646 0.08661102214119126
647 0.08637810992495998
648 0.08612904815416006
649 0.08586489735508285
650 0.08558634528078823
651 0.08529433072496676
652 0.08499013389869443
653 0.08467426844587628
654 0.08434755241174667
655 0.08401123032303702
656 0.08366577672595613
657 0.083312162258516
658 0.08295101358682594
659 0.08258375525248078
660 0.0822110541417334
661 0.08183402247563472
662 0.08145384144202718
663 0.08107170350575427
664 0.08068859642510295
665 0.08030537572216959
666 0.07992310609641504
667 0.07954285438466688
668 0.07916563042238781
669 0.07879234588071576
670 0.0784240128683681
671 0.07806104600982992
672 0.07770458097009741
673 0.07735583009146156
674 0.07701555462591404
675 0.07668452686496462
676 0.0763635666259907
677 0.07605365118681788
678 0.07575548694026464
679 0.07546957102319735
680 0.07519633959905059
681 0.07493687559723358
682 0.07469136658705777
683 0.07446057226208751
684 0.07424459284121965
685 0.07404374054852263
686 0.0738583740684356
687 0.07368906367380441
688 0.07353596387836497
689 0.07339899015207535
690 0.07327835607313432
691 0.07317444366682248
692 0.07308706929259444
693 0.07301587080657229
694 0.07296122398237286
695 0.0729227931216752
696 0.07290011399246962
697 0.07289277852957293
698 0.07290094693719637
699 0.07292422468054417
700 0.07296190150656952
701 0.0730135882663248
702 0.07307866966089438
703 0.07315649553428553
704 0.07324634031125706
705 0.07334742175182005
706 0.07345894133940456
707 0.0735800765846744
708 0.07370993660392335
709 0.07384754433533898
710 0.07399206113494145
711 0.07414250449062594
712 0.07429773615081273
713 0.07445731457529353
714 0.07462029938791463
715 0.07478551465286222
716 0.07495227547335331
717 0.07511940493161637
718 0.07528561574919949
719 0.07545031738459926
720 0.07561308830201093
721 0.0757728139294267
722 0.07592822612272271
723 0.07607845089420195
724 0.07622263305617211
725 0.07636014976953984
726 0.07648745861720704
727 0.07660673246553164
728 0.07671733418384627
729 0.07682061120063748
730 0.07691383338378202
731 0.07699657814385631
732 0.07706802692716758
733 0.07712823911432207
734 0.07717606666101745
735 0.07721109164408471
736 0.07723316577238926
737 0.07724190716552043
738 0.07723723600743133
739 0.07721874449251732
740 0.07718637166349768
741 0.07714002583468788
742 0.07707992997134831
743 0.07700608032123692
744 0.07691860480433164
745 0.07681745482612207
746 0.07670319510394284
747 0.07657629919826883
748 0.0764367835761653
749 0.07628471290615128
750 0.07612060585621415
751 0.07594477800232237
752 0.07575822212485064
753 0.07556109819223082
754 0.07535408411397539
755 0.07513776209704236
756 0.07491275994499209
757 0.07467964906861191
758 0.07443956536377192
759 0.07419336137521766
760 0.07394149750455735
761 0.07368452146683052
762 0.07342274443613761
763 0.07315751680541492
764 0.07288964497312807
765 0.07261975241254524
766 0.07234825758290631
767 0.07207614204961829
768 0.07180418527470443
769 0.07153343172727666
770 0.07126440371247098
771 0.07099804601243627
772 0.0707350221391536
773 0.07047574753867203
774 0.07022083248639152
775 0.06997064430760774
776 0.06972649202843891
777 0.06948850999232034
778 0.06925714984038561
779 0.06903301220334918
780 0.06881655830523305
781 0.06860836163890731
782 0.06840871690962114
783 0.0682184281707597
784 0.06803727352167337
785 0.06786552308659256
786 0.06770354705242949
787 0.067550901239202
788 0.06740833369166932
789 0.06727563986576052
790 0.06715283059037201
791 0.06703980340630274
792 0.06693659739552542
793 0.06684331798669271
794 0.06675996333838088
795 0.06668617364522832
796 0.06662209862380435
797 0.06656776633142456
798 0.06652255772139151
799 0.06648614889143786
800 0.06645809594176251
801 0.0664379698187703
802 0.06642543827539958
803 0.06642016829116952
804 0.06642200613353727
805 0.06643044832424556
806 0.06644518935110197
807 0.06646558674364364
808 0.06649117592101611
809 0.06652164727625029
810 0.06655642343060766
811 0.06659465058630558
812 0.06663572299741997
813 0.06667934834986297
814 0.06672500894631415
815 0.06677218835361574
816 0.06682025386385652
817 0.06686896153692799
818 0.06691772028199589
819 0.06696614359144355
820 0.06701363791814537
821 0.06705981008302725
822 0.06710405836684247
823 0.06714601006340774
824 0.06718505563300715
825 0.06722077045208012
826 0.06725290119229228
827 0.06728090789617015
828 0.0673046751351571
829 0.06732358650166101
830 0.06733758206167863
831 0.06734644127445458
832 0.06734986499315276
833 0.06734731690306726
834 0.06733904585928431
835 0.06732470137036158
836 0.06730510151109213
837 0.06727893590216112
838 0.06724601144023165
839 0.06720644350298476
840 0.06716025527428894
841 0.06710720310373076
842 0.06704761343831435
843 0.06698122236043684
844 0.06690870133444762
845 0.06682941684249021
846 0.06674359696286884
847 0.0666520023389004
848 0.06655443649612396
849 0.06645094084258961
850 0.06634101805995299
851 0.06622562531492306
852 0.06610489021152326
853 0.06597905430084078
854 0.06584834285990063
855 0.06571296197347697
856 0.06557325858939476
857 0.06542962284643961
858 0.06528238799129484
859 0.06513192201063658
860 0.06497865951953889
861 0.06482265679139206
862 0.06466440274114654
863 0.06450418369967707
864 0.06434248002562117
865 0.0641793695414765
866 0.06401519279162708
867 0.06385004301389796
868 0.06368455802677744
869 0.06351906219047114
870 0.06335413835118883
871 0.06318978964753172
872 0.06302690218281583
873 0.06286564652310603
874 0.06270603559993232
875 0.06254828874381418
876 0.06239250784750317
877 0.06223897794705514
878 0.0620881255216667
879 0.06193988457598054
880 0.06179444075055641
881 0.06165225758898225
882 0.06151346094684355
883 0.06137822824788216
884 0.06124682882587924
885 0.0611202394975828
886 0.06099774588685707
887 0.06087932063927137
888 0.0607645402050524
889 0.06065380216391657
890 0.06054715223913988
891 0.06044442348580859
892 0.06034605541883076
893 0.06025209697941522
894 0.06016238560663889
895 0.06007405120116104
896 0.05999446670729391
897 0.05991863971544503
898 0.05984687663904195
899 0.0597766784299976
900 0.05971292095899561
901 0.05965218733116103
902 0.05959291534644408
903 0.0595398807915171
904 0.05948828213283477
905 0.05944216994750134
906 0.0593972226789934
907 0.05935743159371388
908 0.05931776202756894
909 0.05928267840689587
910 0.05924680500729126
911 0.05921407078109796
912 0.05918507743008288
913 0.05915489592169695
914 0.05912864228963392
915 0.05910068745436214
916 0.05907665607475932
917 0.05905093137954078
918 0.05902883578130346
919 0.05900437917082642
920 0.05898292448649944
921 0.05895847968745212
922 0.05893673880617852
923 0.05891181114750987
924 0.05888944685752139
925 0.05886378320301614
926 0.05884034491486288
927 0.05881279974685041
928 0.05878709319944393
929 0.05875752152792788
930 0.05872952445556159
931 0.05869694814409231
932 0.05866549826301329
933 0.05862914495412972
934 0.05859165181488298
935 0.05855460295633692
936 0.05851194764294822
937 0.05846790786496269
938 0.05842495522319027
939 0.05837588325488707
940 0.05832531833532829
941 0.05827213344793665
942 0.05821652577769868
943 0.05815866339512654
944 0.05809826798081333
945 0.0580351449800789
946 0.05796945609591118
947 0.05790128374669459
948 0.05783065503968655
949 0.05775767491024832
950 0.05768240718049694
951 0.05760460604945603
952 0.05752507490556037
953 0.05744356085671339
954 0.05735985112505684
955 0.05727394072250782
956 0.05718610730704551
957 0.05709636646774082
958 0.05700483044549078
959 0.05691166540249033
960 0.0568169315885489
961 0.05672082015278789
962 0.05662363106910411
963 0.05652542531957643
964 0.05642623338805015
965 0.0563260964959945
966 0.05622911567778107
967 0.05612631318256752
968 0.05602351660432002
969 0.05592041386476815
970 0.05582092125354868
971 0.05571597918983316
972 0.05561174457975629
973 0.05551192599349422
974 0.05540724884120145
975 0.05530381283040933
976 0.05520507548201306
977 0.05510181800390054
978 0.05500390754952921
979 0.05490164776849535
980 0.0548011315216848
981 0.05470605300342392
982 0.05460724215718457
983 0.05451438075365654
984 0.05441792760631101
985 0.05432774317117523
986 0.05423414686963962
987 0.05414310721148418
988 0.05405764367936302
989 0.05396915558528494
990 0.05388298739494715
991 0.05380210301501373
992 0.05371830677900994
993 0.05363707619838025
994 0.05356122971104375
995 0.05348301578545406
996 0.05340764367011479
997 0.05333416500598496
998 0.05326252377033836
999 0.05319580647378846
1000 0.05312649354137607
1001 0.0530593878159721
1002 0.05299422081543018
1003 0.05293101200165509
1004 0.05286944623293053
1005 0.05280923637638868
1006 0.05275053694830069
1007 0.05269322732703118
1008 0.05263735960482915
1009 0.05258296656496224
1010 0.0525299834200826
1011 0.05247801668503661
1012 0.05242686517748044
1013 0.05237664156657409
1014 0.05232732551505445
1015 0.05227902789262549
1016 0.05223152663126002
1017 0.05218476786415759
1018 0.05213878125985315
1019 0.05209341195514446
1020 0.05204873080248568
1021 0.05200452308579384
1022 0.05196056206234866
1023 0.05191687140947975
1024 0.05187330636956786
1025 0.05182984272937045
1026 0.05178637580702643
1027 0.051742948526029
1028 0.05169941420640179
1029 0.05165580029516451
1030 0.05161209700571433
1031 0.05156823393501953
1032 0.05152414626494929
1033 0.05147975158819818
1034 0.0514350037866165
1035 0.05138970668627594
1036 0.05134383777977101
1037 0.05129748285345284
1038 0.05125062469987021
1039 0.05120319876543502
1040 0.05115508145574032
1041 0.05110613286316619
1042 0.0510566587362434
1043 0.05100646855582766
1044 0.05095566040261723
1045 0.05090413991826159
1046 0.0508519443344073
1047 0.050798888943429
1048 0.05074506273545916
1049 0.05069046485043553
1050 0.05063495533168974
1051 0.05057867380433476
1052 0.05052185202281567
1053 0.05046442358366941
1054 0.05040634507942984
1055 0.05034756660243656
1056 0.0502880922028761
1057 0.05022778034775798
1058 0.05016664463782103
1059 0.05010488632052557
1060 0.05004253145562557
1061 0.04997965742878624
1062 0.04991626577389888
1063 0.04985258024996652
1064 0.0497886611961695
1065 0.04972431952338542
1066 0.04965955274600054
1067 0.04959434596573507
1068 0.04952874648551531
1069 0.04946286203896421
1070 0.04939675402000963
1071 0.04933036768896226
1072 0.04926385079551298
1073 0.04919732757376474
1074 0.04913073500773513
1075 0.04906409644380577
1076 0.04899750829316817
1077 0.04893102694387987
1078 0.04886477538013134
1079 0.04879855916122496
1080 0.04873256211772174
1081 0.04866678837527082
1082 0.04860127221517174
1083 0.04853604094739711
1084 0.04847123724527238
1085 0.04840683817832167
1086 0.04834279332577392
1087 0.04827902494423318
1088 0.04821562379382442
1089 0.04815265473057197
1090 0.04809031777427035
1091 0.04802859552481875
1092 0.04796738689195847
1093 0.0479066812779106
1094 0.04784647870749596
1095 0.04778683765985166
1096 0.04772790198189945
1097 0.04766969298695184
1098 0.04761194950046044
1099 0.04755774372360817
1100 0.04750003511725151
1101 0.04744328870431968
1102 0.04738723153028872
1103 0.0473349702589813
1104 0.04727939339139396
1105 0.04722465442034496
1106 0.04717369461850357
1107 0.04711946752368282
1108 0.04706649439823991
1109 0.04701708009562787
1110 0.04696435974240791
1111 0.0469126486261714
1112 0.0468644905075715
1113 0.04681296717506504
1114 0.04676548698649817
1115 0.04671443004442276
1116 0.04666747374448135
1117 0.04661724477325203
1118 0.04657083929547718
1119 0.04652145163548993
1120 0.04647589977874864
1121 0.04642727256772737
1122 0.04638237870176526
1123 0.04633391681205357
1124 0.04628926231459034
1125 0.04624120863121063
1126 0.04619693043321641
1127 0.04614944265222057
1128 0.04610564251003652
1129 0.04605883049387644
1130 0.04601566736107807
1131 0.04596929943879823
1132 0.04592645090443448
1133 0.04588022570885392
1134 0.04583740583249273
1135 0.04579123850371993
1136 0.04574852385084643
1137 0.04570267054090541
1138 0.04566000212925599
1139 0.04561434804178997
1140 0.0455719730359797
1141 0.0455262363036955
1142 0.04548364201425108
1143 0.04543813035811261
1144 0.04539609452651402
1145 0.04535068200703855
1146 0.04530847241099666
1147 0.04526277089500903
1148 0.045220271942147
1149 0.04517759305884368
1150 0.04513185134166819
1151 0.04508915714781436
1152 0.04504351500874185
1153 0.04500066555470063
1154 0.04495751267557277
1155 0.04491167925840589
1156 0.04486889284463747
1157 0.04482314419075707
1158 0.04478008203349364
1159 0.04473648349706939
1160 0.04469007139646042
1161 0.04464689320733694
1162 0.04460067653139949
1163 0.04455735800011171
1164 0.0445111816742254
1165 0.04446793022555207
1166 0.04442441140378573
1167 0.04437791682294815
1168 0.04433426414700385
1169 0.04428748366745626
1170 0.04424360444218088
1171 0.044196834761299
1172 0.04415331138005806
1173 0.04410954835190599
1174 0.0440627295413886
1175 0.04401902380488853
1176 0.04397214590167477
1177 0.04392844790785674
1178 0.04388180764054532
1179 0.04383811566812844
1180 0.04379142269866659
1181 0.04374775909775882
1182 0.0437010845158134
1183 0.04365762320163305
1184 0.04361392442208666
1185 0.04356728448613291
1186 0.0435241753651067
1187 0.04347780694193804
1188 0.04343466673689993
1189 0.04338839016847946
1190 0.04334527470878902
1191 0.04330178998325346
1192 0.04325519665994282
1193 0.04321203708586575
1194 0.04316871581014695
1195 0.04312235012643794
1196 0.04307973237575931
1197 0.04303685998649708
1198 0.0429911302718366
1199 0.04294889526435556
1200 0.04290653338696873
1201 0.04286383346170642
1202 0.04281807594562722
1203 0.04277575060873464
1204 0.04273324625498218
1205 0.04269076650787899
1206 0.04264527303430892
1207 0.04260346254436285
1208 0.04256179099757014
1209 0.04252025209627185
1210 0.04247867055531011
1211 0.04243426501008107
1212 0.04239348596726184
1213 0.0423524994292073
1214 0.04231142458205545
1215 0.042270266569397
1216 0.04222934983651093
1217 0.04218859276106153
1218 0.04214823849843506
1219 0.04210804122123023
1220 0.04206814377349837
1221 0.04202810049186823
1222 0.04198830658964128
1223 0.04194885644320433
1224 0.04190967848877435
1225 0.04187051616666166
1226 0.04183120718885585
1227 0.04179222986787134
1228 0.041753706594219
1229 0.04171564407651549
1230 0.0416779120343725
1231 0.04164034257001076
1232 0.04160285647435554
1233 0.04156554266656048
1234 0.04152851082353325
1235 0.04149164170123092
1236 0.04145510592175736
1237 0.04141873904836222
1238 0.04138275769016274
1239 0.04134708526220986
1240 0.04131157019755506
1241 0.04127621675140085
1242 0.04124092645109848
1243 0.04120585351379297
1244 0.04117097088885312
1245 0.04113635048854586
1246 0.04110205440896712
1247 0.04106782199723925
1248 0.0410338832014077
1249 0.04100015626388663
1250 0.04096657233227843
1251 0.04093312126578816
1252 0.04089985185567847
1253 0.04086643627348119
1254 0.04083312904290073
1255 0.04079986856690397
1256 0.04076696592682338
1257 0.04073424577387792
1258 0.04070173736063165
1259 0.04066941774170005
1260 0.04063713348742803
1261 0.04060482383872063
1262 0.04057258877886438
1263 0.04054039370073506
1264 0.04050821334121671
1265 0.04047611574149719
1266 0.0404440130457747
1267 0.0404119612398645
1268 0.04037994451108115
1269 0.04034792310234915
1270 0.04031626987739519
1271 0.04028435472236693
1272 0.04025264071783298
1273 0.04022068306667947
1274 0.04018870819553039
1275 0.04015645521215079
1276 0.04012444987407862
1277 0.04009259689664916
1278 0.04006081275274768
1279 0.04002900592539258
1280 0.03999713214763681
1281 0.03996504569293641
1282 0.03993290586508796
1283 0.03990071051066025
1284 0.0398682417667726
1285 0.03983585023732037
1286 0.0398035475105669
1287 0.03977110890709176
1288 0.0397387092068037
1289 0.03970615566341722
1290 0.03967347824966704
1291 0.03964082588040456
1292 0.03960795124711491
1293 0.03957493405684719
1294 0.03954193164822141
1295 0.03950876150959409
1296 0.03947579277911655
1297 0.03944284212928797
1298 0.03941007594012375
1299 0.03937717004334886
1300 0.03934416632482628
1301 0.03931107714600853
1302 0.03927784908277227
1303 0.03924433652062285
1304 0.03921113505998079
1305 0.03917794831608187
1306 0.03914496533504001
1307 0.03911204053825299
1308 0.0390792304294781
1309 0.0390465448464585
1310 0.03901370431742434
1311 0.03898088718211717
1312 0.03894809047906608
1313 0.03891527450449911
1314 0.03888272509579091
1315 0.03885040909647664
1316 0.03881812156948517
1317 0.03878595670222459
1318 0.03875402527995377
1319 0.03872227335668029
1320 0.03869070657104111
1321 0.03865909221948082
1322 0.03862763424983013
1323 0.03859620388584104
1324 0.03856509642104814
1325 0.0385342231448397
1326 0.03850361676529258
1327 0.03847304348737633
1328 0.03844257920967595
1329 0.03841237793381901
1330 0.03838235229384646
1331 0.03835235245599972
1332 0.03832249883336017
1333 0.03829291502800495
1334 0.03826376654991257
1335 0.0382347399590959
1336 0.03820619437908848
1337 0.03817575392027449
1338 0.03814789994590604
1339 0.03811992418070406
1340 0.03809206734063458
1341 0.0380643577363019
1342 0.03803683207276425
1343 0.03800934930377374
1344 0.03798237261064238
1345 0.03795569384802326
1346 0.03792943944511046
1347 0.03790316189542187
1348 0.0378771897351604
1349 0.03784927073886673
1350 0.03782366519332212
1351 0.03779800373491116
1352 0.03777250674466506
1353 0.03774724248384308
1354 0.03772199606402824
1355 0.03769691526013737
1356 0.03767061480856578
1357 0.03764625676927504
1358 0.0376220444312059
1359 0.03759787343664706
1360 0.03757229432899139
1361 0.0375486144988562
1362 0.03752480706504448
1363 0.03750097128254586
1364 0.0374755534062027
1365 0.03745196045227991
1366 0.03742853460955686
1367 0.03740341399693778
1368 0.03738029960979873
1369 0.03735712546443812
1370 0.03733234863154016
1371 0.0373095558638579
1372 0.03728489879006231
1373 0.03726188129373752
1374 0.03723889233491359
1375 0.03721417910184383
1376 0.03719125561173461
1377 0.03716651396811525
1378 0.03714356032355702
1379 0.03711883842516373
1380 0.03709591586275818
1381 0.03707138027740724
1382 0.03704878610537545
1383 0.03702423075850449
1384 0.03700163206293376
1385 0.0369771440696411
1386 0.03695285700380851
1387 0.03693008802232074
1388 0.03690527949622879
1389 0.03688060558005375
1390 0.03685777073529493
1391 0.03683313851440478
1392 0.0368088817395792
1393 0.03678488274301588
1394 0.03676090431765449
1395 0.03673687302636036
1396 0.03671303096664692
1397 0.03669056898762908
1398 0.03666617000633026
1399 0.03664171619830737
1400 0.03661736237394114
1401 0.03659317902014116
1402 0.03656930376383824
1403 0.03654549482213714
1404 0.03652199738199086
1405 0.03649846313200612
1406 0.03647487014157001
1407 0.03645112116198793
1408 0.03642747919718019
1409 0.03640381022978668
1410 0.03638014965111781
1411 0.03635645651217592
1412 0.03633283226727335
1413 0.03630931127143183
1414 0.03628623332747957
1415 0.03626306962702301
1416 0.03624007832834535
1417 0.03621702926757222
1418 0.03619405081896608
1419 0.03617102837274348
1420 0.03614807905642638
1421 0.03612525897292506
1422 0.03610258076269737
1423 0.03608005020928921
1424 0.03605768234017404
1425 0.03603527345670363
1426 0.03601295546523667
1427 0.03599077178751019
1428 0.0359687205150156
1429 0.0359468349406328
1430 0.03592497103712104
1431 0.03590320355120514
1432 0.03588150236056985
1433 0.0358601699084699
1434 0.03583905655741322
1435 0.0358179368767188
1436 0.0357968130072361
1437 0.03577566975681236
1438 0.03575466567404544
1439 0.03573385626763715
1440 0.0357132799133229
1441 0.03569282171340289
1442 0.03567268982354266
1443 0.03565270713142699
1444 0.03563287683050567
1445 0.03561318421237704
1446 0.03559361246752122
1447 0.03557429622877043
1448 0.03555509710679725
1449 0.03553575751965514
1450 0.03551630891924711
1451 0.03549690073969575
1452 0.03547784681197442
1453 0.03545891240807975
1454 0.03544043600707485
1455 0.03542216586381607
1456 0.03540411915168584
1457 0.03538588560539413
1458 0.03536779322912975
1459 0.03534984168476679
1460 0.03533197772192947
1461 0.03531370540710879
1462 0.03529553147403944
1463 0.03527764609688074
1464 0.03526002522668077
1465 0.03524244567467397
1466 0.03522509938576144
1467 0.03520792512912567
1468 0.03519073374111984
1469 0.03517368069665731
1470 0.03515658615193009
1471 0.03513943054151703
1472 0.03512205726661206
1473 0.03510462343441347
1474 0.03508724536264058
1475 0.03506997656760353
1476 0.03505280041801268
1477 0.03503593960468709
1478 0.03501919856946589
1479 0.03500244302631213
1480 0.0349855411171926
1481 0.03496857414817526
1482 0.03495155356121153
1483 0.03493451749772864
1484 0.03491763712106924
1485 0.03490046885505282
1486 0.03488335932326007
1487 0.03486634145821764
1488 0.03484947313638247
1489 0.03483245486795961
1490 0.03481566703629387
1491 0.03479867606548488
1492 0.03478172789622479
1493 0.03476476415879088
1494 0.03474787506130311
1495 0.03473100794852601
1496 0.03471429764055214
1497 0.03469759240652634
1498 0.03468112794538902
1499 0.03466448452350673
1500 0.03464777152192546
1501 0.0346309211966536
1502 0.03461407752007661
1503 0.03459737214015739
1504 0.03458071168534284
1505 0.03456408319504647
1506 0.03454754684270124
1507 0.03453111695287758
1508 0.03451463456531978
1509 0.03449821366838723
1510 0.03448187423271785
1511 0.03446564882626989
1512 0.0344495722185415
1513 0.03443358469448412
1514 0.03441756102774421
1515 0.03440140512576494
1516 0.03438550228588602
1517 0.03436977694669752
1518 0.03435409075353246
1519 0.03433845338747326
1520 0.0343225968064176
1521 0.03430694477450633
1522 0.03429157113715788
1523 0.03427625509415237
1524 0.03426116007106236
1525 0.03424606244397462
1526 0.0342311176826175
1527 0.03421632618647646
1528 0.03420157322698809
1529 0.03418708223725189
1530 0.03417257631484977
1531 0.03415806085610603
1532 0.03414363817909899
1533 0.03412931829624755
1534 0.03411520384817454
1535 0.03410119090311222
1536 0.03408716472133545
1537 0.0340731827816197
1538 0.03405931299293703
1539 0.03404543455988026
1540 0.03403185725708782
1541 0.03401839486868471
1542 0.03400522222975159
1543 0.03399212433939829
1544 0.03397909028483332
1545 0.03396604963317882
1546 0.0339530175815012
1547 0.03393994660129339
1548 0.03392699804510119
1549 0.0339140358163559
1550 0.0339012065623782
1551 0.03388845404823218
1552 0.03387590865906932
1553 0.03386350472303485
1554 0.03385109226161866
1555 0.0338388406730584
1556 0.03382659710762716
1557 0.03381432432548661
1558 0.03380197948691732
1559 0.033789688361989
1560 0.03377729969149059
1561 0.03376506703846152
1562 0.03375291893383246
1563 0.0337408889106239
1564 0.03372891938403615
1565 0.03371711309207269
1566 0.03370521795922677
1567 0.03369319413399012
1568 0.03368114709775767
1569 0.03366913625577894
1570 0.03365696349802462
1571 0.03364491488283766
1572 0.03363283765707027
1573 0.03362090450296425
1574 0.03360915248799702
1575 0.03359730750353551
1576 0.03358550292367691
1577 0.0335736414277271
1578 0.03356176771440132
1579 0.03354983395709983
1580 0.03353779958638693
1581 0.03352585606936301
1582 0.03351383896707674
1583 0.03350188381456586
1584 0.0334899613785058
1585 0.03347814125152584
1586 0.03346632820453217
1587 0.03345460303980277
1588 0.03344286504608991
1589 0.0334310282834142
1590 0.03341909778889397
1591 0.0334071470524086
1592 0.03339528824670498
1593 0.03338323275383508
1594 0.03337146958959045
1595 0.0333598486795005
1596 0.03334839032985044
1597 0.03333697341674644
1598 0.03332547538800031
1599 0.03331390655320929
1600 0.03330226349964758
1601 0.03329071324010165
1602 0.03327908786419408
1603 0.03326750333324239
1604 0.03325607438409123
1605 0.03324481076712032
1606 0.03323358415753563
1607 0.03322242210643238
1608 0.03321129731648777
1609 0.03320025156645074
1610 0.0331892700838538
1611 0.03317826984391177
1612 0.03316732901054357
1613 0.03315660557617884
1614 0.03314606498863319
1615 0.03313546147880092
1616 0.03312455151568421
1617 0.03311375351255898
1618 0.03310295567750497
1619 0.03309240913429597
1620 0.03308198486549598
1621 0.03307166878877078
1622 0.0330615386298608
1623 0.03305169916653861
1624 0.0330420048798415
1625 0.03303243568653088
1626 0.03302266873560207
1627 0.03301289827574136
1628 0.03300345577301406
1629 0.03299360726325464
1630 0.03298396674161799
1631 0.03297441306192314
1632 0.03296534389439387
1633 0.03295624730856486
1634 0.03294734569613955
1635 0.03293885390385298
1636 0.03292988887213576
1637 0.03292081678605659
1638 0.0329117890548767
1639 0.03290300825632055
1640 0.03289392105059134
1641 0.03288515979755863
1642 0.03287644930279692
1643 0.03286800003437856
1644 0.03285992933836811
1645 0.03285151662646767
1646 0.03284321372508561
1647 0.03283499675915508
1648 0.03282666861171643
1649 0.03281828806476662
1650 0.03281017934635156
1651 0.03280190862068248
1652 0.03279374567302269
1653 0.0327858604698042
1654 0.03277766934332361
1655 0.03276940589617605
1656 0.03276130415660015
1657 0.03275316820946055
1658 0.03274507846111415
1659 0.03273681088414272
1660 0.03272877697395905
1661 0.03272080645383632
1662 0.03271274910946191
1663 0.03270471415873157
1664 0.03269673058243727
1665 0.03268872123719166
1666 0.03268072342888671
1667 0.03267238070954207
1668 0.03266397316845712
1669 0.03265553307503298
1670 0.0326471412134282
1671 0.03263892732187231
1672 0.03263083866713447
1673 0.03262284459019409
1674 0.03261499574036085
1675 0.03260691379681573
1676 0.03259880578148586
1677 0.0325907232604841
1678 0.03258259773539035
1679 0.0325745218578409
1680 0.03256638780979263
1681 0.03255822289391613
1682 0.03255016925723348
1683 0.03254201775131835
1684 0.03253405442146706
1685 0.03252605631222592
1686 0.03251794287551131
1687 0.03251008645711106
1688 0.032502125063422
1689 0.03249415737262275
1690 0.03248629670441304
1691 0.03247828044848289
1692 0.03247045912690734
1693 0.03246248619039421
1694 0.03245462938321125
1695 0.03244684503538245
1696 0.03243904978993627
1697 0.03243132564248845
1698 0.03242353251800121
1699 0.03241572871129458
1700 0.0324078940327792
1701 0.03240014403895469
1702 0.03239252865198887
1703 0.032384748536233
1704 0.03237682164393527
1705 0.0323690108085409
1706 0.03236139040557003
1707 0.03235388158969631
1708 0.03234646113126351
1709 0.03233897240219383
1710 0.03233152932667289
1711 0.03232427573525134
1712 0.03231692221478108
1713 0.03230968069217188
1714 0.03230243550598057
1715 0.03229491695288377
1716 0.03228730095057054
1717 0.03227994138188146
1718 0.03227262771824926
1719 0.03226523293948279
1720 0.03225785659409009
1721 0.03225071523504458
1722 0.03224356806311413
1723 0.03223640600311534
1724 0.03222930360550085
1725 0.03222212986871204
1726 0.03221518303782197
1727 0.03220775799669524
1728 0.03220069532237874
1729 0.0321935288582057
1730 0.03218649668365101
1731 0.03217937450017441
1732 0.03217215019405716
1733 0.03216502624414855
1734 0.03215806117010963
1735 0.03215093230200593
1736 0.03214379706215569
1737 0.03213662440979533
1738 0.03212974721003676
1739 0.032122620268954
1740 0.03211561125196564
1741 0.03210853775241936
1742 0.03210174413998844
1743 0.03209471072836231
1744 0.03208775456731342
1745 0.03208076119030599
1746 0.03207388577751604
1747 0.03206689235675345
1748 0.03205979214446289
1749 0.03205262521588188
1750 0.03204568030888608
1751 0.03203847732434494
1752 0.03203121562215346
1753 0.03202443285414349
1754 0.03201774744479542
1755 0.03201087856234442
1756 0.03200415361663157
1757 0.0319973936599483
1758 0.03199079412662396
1759 0.03198408321033129
1760 0.03197735743806399
1761 0.03197054287782134
1762 0.03196386534944256
1763 0.0319569821176351
1764 0.03195013507537504
1765 0.03194332557638799
1766 0.03193679412592346
1767 0.03193016397825849
1768 0.03192362821100742
1769 0.03191740073647703
1770 0.03191124540625996
1771 0.03190502310479779
1772 0.03189866621682092
1773 0.03189230486932107
1774 0.03188609490478357
1775 0.03187981179422521
1776 0.03187351158814
1777 0.03186745954170326
1778 0.03186146812428481
1779 0.03185543795875075
1780 0.03184945886197432
1781 0.03184347598396542
1782 0.03183748722289104
1783 0.03183134317373896
1784 0.03182508623888841
1785 0.03181873994255863
1786 0.03181259579694689
1787 0.03180647846562391
1788 0.03180036614501712
1789 0.03179467899900802
1790 0.03178880567838701
1791 0.03178320628296972
1792 0.03177759422209383
1793 0.03177186072053172
1794 0.03176623970554912
1795 0.03176033208995745
1796 0.03175439092315764
1797 0.03174839140391234
1798 0.03174230262320267
1799 0.0317365327656755
1800 0.03173094200383035
1801 0.03172524538552586
1802 0.03171981457350213
1803 0.03171429272043777
1804 0.03170870122327448
1805 0.03170307349683845
1806 0.03169746526471868
1807 0.03169163574377584
1808 0.03168596721795167
1809 0.03168027203362319
1810 0.03167453386129926
1811 0.03166910303440725
1812 0.03166355532973969
1813 0.03165777928692697
1814 0.03165221530421039
1815 0.03164653495295897
1816 0.03164065396992892
1817 0.03163540494358225
1818 0.03162979291901662
1819 0.03162424333613554
1820 0.03161872408563892
1821 0.03161324060218669
1822 0.03160786915589132
1823 0.03160220425614682
1824 0.03159654856073274
1825 0.03159070660220296
1826 0.03158520967619934
1827 0.03157969841039189
1828 0.03157407759705971
1829 0.03156814078987458
1830 0.03156221805458922
1831 0.03155645339133517
1832 0.03155080420898936
1833 0.03154530910951874
1834 0.0315398139280146
1835 0.03153427343271299
1836 0.03152858217992215
1837 0.031523032998051
1838 0.03151744883439701
1839 0.03151181470696687
1840 0.03150591149986601
1841 0.0315000320774786
1842 0.03149411183514847
1843 0.03148811037038189
1844 0.03148224400676888
1845 0.03147645304606898
1846 0.03147064266920555
1847 0.03146471289921759
1848 0.03145907157741702
1849 0.03145326974899736
1850 0.03144748285933099
1851 0.0314416760610557
1852 0.03143562419540248
1853 0.03142946585496705
1854 0.03142339639110339
1855 0.03141733651141648
1856 0.03141134470437183
1857 0.03140546021162571
1858 0.03139946678972774
1859 0.03139336198118575
1860 0.0313872893045473
1861 0.03138121150767834
1862 0.03137516875868133
1863 0.0313689732466001
1864 0.0313627318739613
1865 0.03135653908072321
1866 0.03135042789561044
1867 0.03134434252070998
1868 0.03133820328599891
1869 0.0313321248348158
1870 0.031326094426479
1871 0.03131996403145978
1872 0.03131375321435716
1873 0.03130742524811169
1874 0.03130122746666199
1875 0.03129472592949313
1876 0.03128831388576975
1877 0.03128192700998844
1878 0.03127573835178678
1879 0.03126943348314276
1880 0.03126319232921943
1881 0.03125680650770538
1882 0.03125052298686373
1883 0.03124416290306687
1884 0.03123779060587943
1885 0.03123118576721464
1886 0.03122469933956855
1887 0.03121832067925915
1888 0.03121200404809284
1889 0.03120577561279474
1890 0.03119956512497978
1891 0.03119317625282762
1892 0.0311868370783853
1893 0.03118034613348608
1894 0.03117413156418158
1895 0.03116778477416997
1896 0.03116132661507956
1897 0.03115486093249628
1898 0.03114838360348766
1899 0.03114198035367919
1900 0.03113603362485976
1901 0.03112998914361554
1902 0.03112393963218118
1903 0.03111766162408029
1904 0.03111152321083298
1905 0.03110538645384291
1906 0.03109951759950677
1907 0.03109337676015216
1908 0.03108722321889656
1909 0.03108106141116745
1910 0.03107508645617629
1911 0.03106911731042655
1912 0.03106318059318894
1913 0.03105720069468782
1914 0.03105114356046754
1915 0.0310450809442054
1916 0.03103921800531664
1917 0.03103342423574839
1918 0.03102773304795436
1919 0.03102173069624918
1920 0.0310158274513971
1921 0.0310099491988699
1922 0.03100424534649359
1923 0.03099851302857865
1924 0.03099271046814982
1925 0.03098683241106882
1926 0.03098110685899293
1927 0.03097539356952427
1928 0.03096973991260246
1929 0.03096367245403457
1930 0.03095762698731536
1931 0.03095147897926321
1932 0.03094549686487978
1933 0.03093984890002269
1934 0.03093406467460575
1935 0.03092801276042921
1936 0.03092201977412195
1937 0.03091607095073888
1938 0.03091016205302987
1939 0.03090419355713203
1940 0.03089804705888295
1941 0.03089175692116385
1942 0.03088537839994936
1943 0.03087901788863636
1944 0.03087277577892091
1945 0.03086632547103059
1946 0.0308600904169424
1947 0.03085369938759101
1948 0.03084747816488273
1949 0.03084099261235073
1950 0.0308344700452484
1951 0.03082797119515143
1952 0.03082133972101572
1953 0.03081453419587223
1954 0.03080771070005276
1955 0.03080075699478493
1956 0.03079396029760206
1957 0.03078718400562883
1958 0.03078053945623931
1959 0.03077374595524542
1960 0.03076695229638407
1961 0.03075994950562841
1962 0.03075286416939157
1963 0.03074544687622219
1964 0.03073796483160701
1965 0.0307306347539891
1966 0.03072368614219458
1967 0.03071660400678355
1968 0.03070963883066959
1969 0.03070244793398689
1970 0.03069514079329439
1971 0.03068774770159174
1972 0.03068067711594146
1973 0.03067363407471949
1974 0.03066645417493571
1975 0.03065910410934267
1976 0.03065180675175022
1977 0.03064435558965417
1978 0.03063707128850718
1979 0.03062959184931693
1980 0.0306221570346912
1981 0.03061488535789701
1982 0.03060769295739471
1983 0.0306002486907838
1984 0.0305928546806168
1985 0.0305853646244548
1986 0.03057802854144396
1987 0.03057046501742073
1988 0.03056300548367623
1989 0.03055550519207075
1990 0.03054814310402283
1991 0.03054058810516152
1992 0.03053309981154731
1993 0.03052551013505233
1994 0.03051785038545499
1995 0.03051004296607022
1996 0.03050232935106453
1997 0.03049472196983153
1998 0.03048726438018627
1999 0.03047969578479859
2000 0.0304721574983822
2001 0.03046441827404271
2002 0.03045656824468973
2003 0.03044859337536887
2004 0.03044095542135443
2005 0.03043328082967561
2006 0.03042563168129229
2007 0.03041768078108452
2008 0.03040994028934961
2009 0.03040197276269554
2010 0.030394045564261
2011 0.0303860319186877
2012 0.03037802786872444
2013 0.03037005702773675
2014 0.03036231051793556
2015 0.03035419916621895
2016 0.0303460336224212
2017 0.03033789668968187
2018 0.03032983887471325
2019 0.03032177245148049
2020 0.03031370549043484
2021 0.03030555780588357
2022 0.03029739330561392
2023 0.03028926542847243
2024 0.03028126473819322
2025 0.03027283695479366
2026 0.0302645087848516
2027 0.03025611815173467
2028 0.03024785056751861
2029 0.03023971640778286
2030 0.0302315359785241
2031 0.03022300268417907
2032 0.03021450073233384
2033 0.03020601171421029
2034 0.03019778182175347
2035 0.03018955374017154
2036 0.03018142410996052
2037 0.03017325982930253
2038 0.03016499865776399
2039 0.03015645814879034
2040 0.03014785289968454
2041 0.03013917507395056
2042 0.03013043609098956
2043 0.03012175909773727
2044 0.03011335747382705
2045 0.03010503718947659
2046 0.03009658291752438
2047 0.03008823934889904
2048 0.03007997652351218
2049 0.03007149728976871
2050 0.03006302901506693
2051 0.03005455226081172
2052 0.03004610755371172
2053 0.03003767576592437
2054 0.03002918014246647
2055 0.0300205513699466
2056 0.03001196009179221
2057 0.03000340004101559
2058 0.02999498461830202
2059 0.02998662179914505
2060 0.02997830200187519
2061 0.02996978180140515
2062 0.02996148895963719
2063 0.0299529742325735
2064 0.02994468717144832
2065 0.0299365401887906
2066 0.02992838053487534
2067 0.02992015728060525
2068 0.02991199589435047
2069 0.02990359970225593
2070 0.02989517266254894
2071 0.02988676739900496
2072 0.02987823661291719
2073 0.02986984871200034
2074 0.02986172117210698
2075 0.02985345116876654
2076 0.02984517493858905
2077 0.02983706159101988
2078 0.02982915364590337
2079 0.02982113200932062
2080 0.02981314210080203
2081 0.02980498713408673
2082 0.02979696820696027
2083 0.02978890100120001
2084 0.02978081336280755
2085 0.02977248592063553
2086 0.02976406768837985
2087 0.02975562825900632
2088 0.02974745708886242
2089 0.02973943514902184
2090 0.02973132323260131
2091 0.02972286340456944
2092 0.02971454877451619
2093 0.02970625070534168
2094 0.02969809843305853
2095 0.02969001239287732
2096 0.0296819480966927
2097 0.02967363951327973
2098 0.02966523165273561
2099 0.02965666834011337
2100 0.02964809493816997
2101 0.0296395711361049
2102 0.0296310282544617
2103 0.02962254326552594
2104 0.02961434009093422
2105 0.0296059166681846
2106 0.02959740605001798
2107 0.02958862202047673
2108 0.02957976168458719
2109 0.0295708472529278
2110 0.0295622549296678
2111 0.02955345088790072
2112 0.02954476349157206
2113 0.02953602066709567
2114 0.02952743013887911
2115 0.02951860361191579
2116 0.02950963655044205
2117 0.02950045540400176
2118 0.02949131867169997
2119 0.02948212113858919
2120 0.02947293152416401
2121 0.02946361370127514
2122 0.02945434906393871
2123 0.02944515721469967
2124 0.02943580158727398
2125 0.02942651251803086
2126 0.02941719580693202
2127 0.02940793298203128
2128 0.02939877758150921
2129 0.0293894788279493
2130 0.02938001453030959
2131 0.0293704188632658
2132 0.02936088815349588
2133 0.02935125736075675
2134 0.02934167990777753
2135 0.02933205188733956
2136 0.02932246077314655
2137 0.02931297320313425
2138 0.0293033065932226
2139 0.02929366813898927
2140 0.02928396732095029
2141 0.02927427106128481
2142 0.02926466028991883
2143 0.02925492319160601
2144 0.02924505234309724
2145 0.02923521782949097
2146 0.02922546392832098
2147 0.02921579256826327
2148 0.02920612107653976
2149 0.02919616047289713
2150 0.02918613033400974
2151 0.02917621340538601
2152 0.02916641525434645
2153 0.02915666601831982
2154 0.02914684668963643
2155 0.02913707445848945
2156 0.02912727519228319
2157 0.02911756731374572
2158 0.02910785888284733
2159 0.0290981525633525
2160 0.02908842018440422
2161 0.02907861301534088
2162 0.02906869980104522
2163 0.02905887374876917
2164 0.02904913217886568
2165 0.02903948846190739
2166 0.02903001663001397
2167 0.02902054034700655
2168 0.02901080471129755
2169 0.02900100939594339
2170 0.02899124983175044
2171 0.02898162692824924
2172 0.02897211849545199
2173 0.02896273152253894
2174 0.02895329832986136
2175 0.0289435644449306
2176 0.02893395057974573
2177 0.0289246475816759
2178 0.02891543941855399
2179 0.02890630309602192
2180 0.02889704475760161
2181 0.02888778014911703
2182 0.02887865623872116
2183 0.02886962562828069
2184 0.0288605827957765
2185 0.02885131087161825
2186 0.02884194493001231
2187 0.028832485672195
2188 0.02882319872346498
2189 0.02881417606781906
2190 0.02880542109149242
2191 0.02879677695052922
2192 0.02878800463616556
2193 0.02877923258743588
2194 0.02877036690648601
2195 0.02876141443902459
2196 0.02875230417464821
2197 0.02874341257008326
2198 0.02873443277836804
2199 0.02872542719967638
2200 0.0287164058772891
2201 0.02870758416903549
2202 0.02869885753239738
2203 0.02869032160974407
2204 0.02868164874041092
2205 0.0286728357640588
2206 0.02866399486652314
2207 0.02865526240098674
2208 0.02864649373598763
2209 0.02863758407828592
2210 0.02862847399233438
2211 0.02861931923209853
2212 0.02861035953123968
2213 0.02860147964566387
2214 0.02859291085595394
2215 0.02858424633402937
2216 0.02857534744801147
2217 0.02856637847217247
2218 0.02855754013047043
2219 0.02854886745879299
2220 0.02853982324026883
2221 0.02853070246291255
2222 0.02852150524930325
2223 0.0285123179348792
2224 0.02850331678554867
2225 0.02849458986728395
2226 0.02848581585725388
2227 0.02847708363717713
2228 0.02846833882380999
2229 0.02845942690340808
2230 0.02845052158951974
2231 0.02844155401052164
2232 0.02843256933784625
2233 0.02842344698659464
2234 0.02841411709971472
2235 0.02840486451664957
2236 0.02839577068331263
2237 0.02838691771278509
2238 0.02837818646343837
2239 0.02836951435974269
2240 0.02836068560674877
2241 0.02835160510371624
2242 0.02834262100227239
2243 0.02833357368107792
2244 0.02832454144165545
2245 0.02831555248688798
2246 0.02830633620629322
2247 0.0282970362750022
2248 0.02828775582275522
2249 0.0282786718128746
2250 0.02827007737299075
2251 0.02826166921547493
2252 0.02825306085787994
2253 0.02824406786027147
2254 0.02823476555395734
2255 0.02822550713426106
2256 0.02821631575156529
2257 0.02820719438201319
2258 0.02819793152647054
2259 0.02818883083246296
2260 0.0281798428108265
2261 0.02817109262320661
2262 0.02816233950737134
2263 0.02815362807747161
2264 0.02814456701894108
2265 0.02813560382481065
2266 0.02812655557953441
2267 0.02811762195966831
2268 0.02810871746068356
2269 0.02809976975917229
2270 0.02809065247914765
2271 0.02808162257145581
2272 0.02807260529832794
2273 0.02806373955826561
2274 0.02805493435735664
2275 0.02804610314072327
2276 0.02803721289469295
2277 0.02802845640034788
2278 0.02801987895523709
2279 0.02801114352904602
2280 0.02800223736882857
2281 0.02799319519771402
2282 0.02798413909185213
2283 0.027975212025932
2284 0.02796656745616456
2285 0.02795825482183364
2286 0.02794992417867748
2287 0.02794148101855379
2288 0.02793281127452573
2289 0.02792386556757303
2290 0.02791502594519189
2291 0.0279064593983034
2292 0.02789821942518591
2293 0.02789011255465866
2294 0.02788199730607279
2295 0.02787359561147991
2296 0.02786497904873584
2297 0.0278563847375982
2298 0.02784791318048685
2299 0.02783957177786131
2300 0.02783123375258625
2301 0.02782307867137401
2302 0.02781521083166828
2303 0.02780735486106304
2304 0.02779914604626833
2305 0.02779103549136338
2306 0.0277827540236005
2307 0.02777447781059477
2308 0.02776625688085293
2309 0.0277580539524143
2310 0.02775018268039695
2311 0.02774242262204005
2312 0.02773469946802211
2313 0.02772702133584463
2314 0.02771926619473078
2315 0.02771141907794782
2316 0.02770346137792208
2317 0.02769547348842716
2318 0.02768753288145508
2319 0.02767968478953609
2320 0.02767203108055736
2321 0.02766441206317702
2322 0.02765696838700619
2323 0.02764959521691879
2324 0.0276422575899624
2325 0.02763490386276194
2326 0.02762714055668685
2327 0.02761936548602216
2328 0.0276116694809809
2329 0.02760424634316506
2330 0.02759706175941407
2331 0.02758986016153535
2332 0.02758244765700563
2333 0.0275749547795687
2334 0.02756744762069616
2335 0.02756010452391044
2336 0.02755301326463713
2337 0.02754612928905879
2338 0.02753932509565563
2339 0.02753233668043953
2340 0.0275254791473532
2341 0.02751849840940038
2342 0.02751146003559446
2343 0.02750441159833193
2344 0.02749736251492234
2345 0.02749036509340036
2346 0.02748350097595911
2347 0.02747660417023779
2348 0.02746998562255294
2349 0.02746357798960805
2350 0.02745717379444629
2351 0.02745073861001989
2352 0.02744404529247052
2353 0.02743729888078044
2354 0.02743046408363872
2355 0.02742396340972143
2356 0.0274177787015225
2357 0.02741154867366989
2358 0.02740493266996725
2359 0.02739836544132509
2360 0.02739204542258315
2361 0.02738584780995712
2362 0.02737967527618238
2363 0.0273737235802135
2364 0.02736770997380426
2365 0.02736162457232201
2366 0.02735530233546465
2367 0.02734902069979744
2368 0.02734284048718868
2369 0.02733678359774624
2370 0.02733074415467693
2371 0.02732486711497728
2372 0.02731888114368234
2373 0.02731305703681329
2374 0.02730694881934993
2375 0.02730079106880077
2376 0.02729478256171597
2377 0.02728897904404602
2378 0.02728312423872544
2379 0.02727715181992009
2380 0.02727127940975795
2381 0.02726553872370538
2382 0.02725989952122777
2383 0.02725436826938298
2384 0.0272488762699005
2385 0.02724309260220454
2386 0.02723716406432467
2387 0.02723119468930529
2388 0.02722534887502217
2389 0.02721968815152922
2390 0.02721420183224725
2391 0.02720867112926144
2392 0.02720312726929716
2393 0.02719739374646523
2394 0.02719177012015941
2395 0.02718669583978635
2396 0.02718165461530636
2397 0.02717648561211785
2398 0.02717113153696147
2399 0.02716541426948263
2400 0.02715959891270196
2401 0.0271539119373412
2402 0.02714858628162787
2403 0.02714339741487008
2404 0.02713833531150727
2405 0.02713333164876765
2406 0.02712842728876166
2407 0.02712351413175035
2408 0.02711850592365301
2409 0.02711337145236554
2410 0.02710819492013858
2411 0.02710302581066035
2412 0.02709781980923314
2413 0.02709278252087891
2414 0.02708777471805274
2415 0.02708333483658602
2416 0.02707910055644082
2417 0.02707476778529564
2418 0.02707030611466956
2419 0.02706559620734273
2420 0.0270608721775435
2421 0.02705618434430629
2422 0.02705152366364377
2423 0.0270469041341046
2424 0.02704230245510545
2425 0.02703775095620802
2426 0.02703337697963653
2427 0.02702925083247094
2428 0.02702511180781167
2429 0.02702106527811049
2430 0.02701720140386174
2431 0.0270133588890964
2432 0.02700936728667246
2433 0.02700534487623043
2434 0.02700117033721834
2435 0.02699703037330431
2436 0.02699297363450069
2437 0.02698896147207273
2438 0.02698503823510287
2439 0.02698126711377598
2440 0.02697768962647855
2441 0.0269742750470609
2442 0.02697081222937802
2443 0.02696758271545381
2444 0.02696391814077622
2445 0.02696022247641279
2446 0.0269565481882644
2447 0.02695313241921518
2448 0.02695000397521013
2449 0.02694689384933501
2450 0.02694366409079688
2451 0.02694030518727696
2452 0.02693728832501377
2453 0.02693436402521685
2454 0.0269311987950338
2455 0.02692820595331094
2456 0.02692522354440358
2457 0.02692208304722171
2458 0.02691908748672971
2459 0.02691631265739819
2460 0.02691383795763454
2461 0.02691146341063439
2462 0.02690912672482268
2463 0.02690628479292958
2464 0.02690357657440939
2465 0.02690088572019616
2466 0.02689852191638524
2467 0.02689613875023132
2468 0.0268940415596016
2469 0.02689188845843619
2470 0.02688964556919512
2471 0.02688745328102389
2472 0.02688548378054129
2473 0.0268835102263702
2474 0.02688154717326118
2475 0.02687952229385444
2476 0.02687775793983631
2477 0.02687616422730968
2478 0.02687445730141608
2479 0.02687278234950504
2480 0.02687131166105271
2481 0.02686979607521475
2482 0.026868286448651
2483 0.02686675385067537
2484 0.02686532727244091
2485 0.02686421829340731
2486 0.02686303503492935
2487 0.0268619035585979
2488 0.02686068542596974
2489 0.02685953491472827
2490 0.02685853351475321
2491 0.02685757996306162
2492 0.02685664497031469
2493 0.02685604497231346
2494 0.02685543144864781
2495 0.02685481248559707
2496 0.02685415904243854
2497 0.02685344492909009
2498 0.02685257523000863
2499 0.0268516828997629
2500 0.02685068984011477
2501 0.02684995579029342
2502 0.02684951557755951
2503 0.02684935557118814
2504 0.02684931786532888
2505 0.02684929811457349
2506 0.02684903422660721
2507 0.02684871029668127
2508 0.02684858881749394
2509 0.02684843025357914
2510 0.0268481170456459
2511 0.02684780741961525
2512 0.026847517367463
2513 0.0268473258985498
2514 0.02684714824703429
2515 0.02684721852018672
2516 0.02684724272974304
2517 0.02684720321414093
2518 0.02684748092563947
2519 0.02684781392834162
2520 0.02684824666813876
2521 0.02684876980719427
2522 0.02684913458814509
2523 0.02684938387013341
2524 0.02684954026746481
2525 0.02684974761299389
2526 0.02685005519964737
2527 0.02685051841428985
2528 0.02685122772565024
2529 0.02685210765215254
2530 0.0268529777415001
2531 0.02685363468466446
2532 0.02685417026997047
2533 0.02685483293916629
2534 0.02685574144138988
2535 0.02685660237247325
2536 0.02685743944722677
2537 0.02685844599085297
2538 0.02685961066071129
2539 0.02686096528890529
2540 0.02686216451929895
2541 0.02686332911836973
2542 0.02686439446613732
2543 0.02686526056117256
2544 0.0268663251788726
2545 0.02686773759518986
2546 0.02686943436059039
2547 0.02687104633261634
2548 0.02687251022914548
2549 0.02687395769013939
2550 0.02687553729483533
2551 0.02687729027262378
2552 0.02687955182747335
2553 0.02688168926367937
2554 0.02688363461354655
2555 0.02688549554454045
2556 0.02688735752034676
2557 0.02688917052314284
2558 0.026891070994279
2559 0.02689313694662065
2560 0.02689531597227183
2561 0.02689742284601677
2562 0.02689932739611504
2563 0.02690113524354921
2564 0.02690349225544649
2565 0.02690624459588783
2566 0.02690901995683511
2567 0.02691187836168452
2568 0.02691453919876802
2569 0.02691703770724118
2570 0.02691920082682124
2571 0.02692151924212348
2572 0.0269240775240704
2573 0.02692661443563054
2574 0.02692919953657954
2575 0.02693196676758141
2576 0.02693482545640355
2577 0.02693781489679605
2578 0.02694091958512142
2579 0.02694401779943972
2580 0.02694730572636915
2581 0.02695029363228645
2582 0.02695307731745427
2583 0.02695576048685215
2584 0.02695895410636769
2585 0.02696241456692194
2586 0.0269659034244332
2587 0.02696917892872947
2588 0.0269721380059349
2589 0.02697536527942875
2590 0.02697888127425738
2591 0.02698262516899265
2592 0.02698641995784214
2593 0.02699035956157615
2594 0.02699419329946352
2595 0.02699789376850002
2596 0.02700165764152301
2597 0.02700533073305642
2598 0.02700884244247418
2599 0.02701221184216316
2600 0.02701572494833739
2601 0.02701970924444629
2602 0.02702417642813505
2603 0.0270287039043061
2604 0.02703293118241734
2605 0.02703700497683675
2606 0.02704121760078761
2607 0.02704567501652316
2608 0.027050478036709
2609 0.0270553130619837
2610 0.02705996653414637
2611 0.02706436617935588
2612 0.02706869291655203
2613 0.02707327577268698
2614 0.0270782165317041
2615 0.02708339192804193
2616 0.02708865373584271
2617 0.02709382030397051
2618 0.02709886147723865
2619 0.02710396655757024
2620 0.02710912713968542
2621 0.02711400180663483
2622 0.02711892675728881
2623 0.02712404697533697
2624 0.02712947387956222
2625 0.02713507196514162
2626 0.02714092186776791
2627 0.0271470753157999
2628 0.02715300655125084
2629 0.02715874127977778
2630 0.02716429247039403
2631 0.02716978181845996
2632 0.02717536561612814
2633 0.02718132210116257
2634 0.02718714596569237
2635 0.02719282831750336
2636 0.02719863375745761
2637 0.02720464219429645
2638 0.02721094046006195
2639 0.02721732144903544
2640 0.02722344669665506
2641 0.02722989136819727
2642 0.02723657332099689
2643 0.02724317406057656
2644 0.0272494715598321
2645 0.02725576426483834
2646 0.02726234480221931
2647 0.02726892672230041
2648 0.02727548916376819
2649 0.0272821147295403
2650 0.02728888572694914
2651 0.02729561874965233
2652 0.02730225018316487
2653 0.0273088336343386
2654 0.02731547194450673
2655 0.02732236678214312
2656 0.02732926070133347
2657 0.02733641870299226
2658 0.0273437832969428
2659 0.0273507554227942
2660 0.02735740263491891
2661 0.0273643185428009
2662 0.02737161165019642
2663 0.02737920312020246
2664 0.02738702644122886
2665 0.02739471625632764
2666 0.02740198895072539
2667 0.02740920020980683
2668 0.02741653264590757
2669 0.02742393192665368
2670 0.02743118536405054
2671 0.02743847177489336
2672 0.02744584034416972
2673 0.02745340870104916
2674 0.02746108183384181
2675 0.02746922185080127
2676 0.02747731036964916
2677 0.02748516373336811
2678 0.02749294609742883
2679 0.02750096565303803
2680 0.02750907269927883
2681 0.02751711085601538
2682 0.0275250647367142
2683 0.02753320410251835
2684 0.02754111683692187
2685 0.02754886034122315
2686 0.02755667743650029
2687 0.02756460692609785
2688 0.02757278599916391
2689 0.02758085857614994
2690 0.02758901059978212
2691 0.0275974023398642
2692 0.02760590629657811
2693 0.02761451636968254
2694 0.02762275147937389
2695 0.02763075142250504
2696 0.02763885875987705
2697 0.02764701571943705
2698 0.02765522630079836
2699 0.02766366462336708
2700 0.02767250731603176
2701 0.02768138792338775
2702 0.02769022772582487
2703 0.02769879233832808
2704 0.02770741450988623
2705 0.02771605718715638
2706 0.02772480574945829
2707 0.02773330286956256
2708 0.02774211721310527
2709 0.02775060562519578
2710 0.02775878222380399
2711 0.02776682621269147
2712 0.02777550561506741
2713 0.0277849647377156
2714 0.02779441848746164
2715 0.02780396256573867
2716 0.02781328543775152
2717 0.0278223963098186
2718 0.02783158670855621
2719 0.02784064732126868
2720 0.02784958056043159
2721 0.02785844964274098
2722 0.02786745763403143
2723 0.02787663110857973
2724 0.02788605695554116
2725 0.02789547687816985
2726 0.02790466306201856
2727 0.02791385276366686
2728 0.02792318492499168
2729 0.02793275759762481
2730 0.02794265018680374
2731 0.02795245296703597
2732 0.02796204707991202
2733 0.02797163386553855
2734 0.0279811762708982
2735 0.02799052743127011
2736 0.02799985647626002
2737 0.02800939044110206
2738 0.02801917724689493
2739 0.02802905713440117
2740 0.02803933713285031
2741 0.02804922611516783
2742 0.02805912243337953
2743 0.02806906888791058
2744 0.0280788599986778
2745 0.02808867641136947
2746 0.0280984946773248
2747 0.02810829150743327
2748 0.028118535389686
2749 0.02812895182686345
2750 0.02813916152728942
2751 0.02814904686770939
2752 0.02815899546889994
2753 0.02816897106764256
2754 0.02817911592816167
2755 0.02818908498832325
2756 0.02819906075201648
2757 0.0282089553518389
2758 0.02821880574732956
2759 0.02822898090096316
2760 0.02823953842717424
2761 0.02825033790579703
2762 0.02826101894183182
2763 0.02827136927274532
2764 0.02828182971705166
2765 0.02829223664243701
2766 0.02830262310255113
2767 0.0283131472919532
2768 0.02832331442225109
2769 0.02833334637037058
2770 0.02834359679077596
2771 0.02835398582942042
2772 0.02836438726978836
2773 0.02837485327165067
2774 0.02838521881728211
2775 0.02839549417262946
2776 0.02840591467333751
2777 0.02841670221611539
2778 0.02842753442757897
2779 0.02843822907157946
2780 0.02844877359656726
2781 0.02845910740122341
2782 0.02846927633147291
2783 0.02847971114348493
2784 0.02849058347852726
2785 0.02850165651469613
2786 0.02851272757739237
2787 0.02852342959677013
2788 0.02853400453317479
2789 0.02854437075586957
2790 0.02855478791978155
2791 0.02856492535499995
2792 0.02857515779227868
2793 0.02858540065432412
2794 0.02859586970789536
2795 0.02860687030174524
2796 0.02861804699866841
2797 0.02862902376347163
2798 0.02863962303725104
2799 0.02865002037061747
2800 0.02866027931191134
2801 0.02867063294167619
2802 0.02868126948181283
2803 0.02869207010230342
2804 0.02870289673316469
2805 0.02871356400956269
2806 0.02872399085456356
2807 0.02873416065305596
2808 0.0287444493263126
2809 0.02875502229842965
2810 0.0287657968797721
2811 0.02877636794290892
2812 0.02878700822927416
2813 0.0287977832185207
2814 0.02880860233985289
2815 0.02881929808560394
2816 0.02882980554952228
2817 0.02884005870110111
2818 0.02885008085860357
2819 0.02886007763736457
2820 0.02887002808119472
2821 0.02888049390844018
2822 0.02889097742181475
2823 0.02890141046182441
2824 0.02891211794475003
2825 0.02892289165064575
2826 0.02893375601453079
2827 0.02894441337403803
2828 0.02895456396296983
2829 0.02896456548733311
2830 0.02897465321846461
2831 0.02898500759620567
2832 0.02899537676748357
2833 0.02900584589521021
2834 0.02901586132784523
2835 0.0290257698755898
2836 0.0290359729078102
2837 0.02904647805933322
2838 0.0290568733736095
2839 0.02906713477613988
2840 0.02907730087023324
2841 0.02908765991678199
2842 0.02909815424314168
2843 0.02910853703709846
2844 0.02911882492871906
2845 0.02912882665262356
2846 0.0291385468772631
2847 0.02914802213003761
2848 0.02915789698105207
2849 0.02916801179894696
2850 0.02917804864655441
2851 0.02918826004228297
2852 0.02919854232816828
2853 0.02920893978934959
2854 0.02921892213982104
2855 0.02922865122381729
2856 0.02923833506037283
2857 0.02924828155844981
2858 0.0292582236063411
2859 0.02926814935308061
2860 0.02927823656516431
2861 0.02928825988314388
2862 0.02929817316355271
2863 0.02930795020636061
2864 0.02931765421314663
2865 0.02932754009263065
2866 0.02933736191415347
2867 0.02934721635365898
2868 0.02935719907463767
2869 0.02936719887058218
2870 0.02937695686177234
2871 0.02938647949948136
2872 0.02939604871512489
2873 0.02940567693976215
2874 0.02941565090733943
2875 0.02942575053107477
2876 0.02943573601590904
2877 0.02944518455675148
2878 0.02945465922751049
2879 0.02946432380774367
2880 0.02947399979223784
2881 0.02948359419830039
2882 0.02949328718181519
2883 0.02950300900429416
2884 0.02951243621619455
2885 0.02952170498453327
2886 0.02953108536335972
2887 0.0295406920574547
2888 0.02955047960204564
2889 0.02956022194109504
2890 0.02956975699137836
2891 0.02957915924217123
2892 0.02958852912736673
2893 0.02959820779441356
2894 0.02960799463675318
2895 0.02961753578209674
2896 0.02962672838204009
2897 0.02963552256052971
2898 0.02964408547121306
2899 0.02965286608647616
2900 0.0296622157874751
2901 0.02967177130947435
2902 0.02968159277901116
2903 0.02969106565531538
2904 0.02970019438340316
2905 0.02970913449315905
2906 0.02971801903470329
2907 0.02972654080097932
2908 0.0297350849144489
2909 0.02974372911323174
2910 0.02975281422707634
2911 0.02976216590112089
2912 0.0297713976257046
2913 0.02978019933350182
2914 0.02978894028766658
2915 0.02979749732537685
2916 0.02980578198926316
2917 0.02981400877601777
2918 0.02982250612339851
2919 0.02983094032233556
2920 0.02983940723830264
2921 0.02984797737852945
2922 0.02985658964626589
2923 0.02986462425008333
2924 0.02987247814910201
2925 0.0298803908145713
2926 0.02988855335403565
2927 0.02989672685474695
2928 0.02990520967997166
2929 0.02991373308248275
2930 0.02992215233660376
2931 0.02993009612648192
2932 0.02993786424771451
2933 0.02994556785848202
2934 0.02995345317703913
2935 0.029961417449371
2936 0.02996898841738959
2937 0.0299764221462259
2938 0.02998377495585443
2939 0.02999146226623887
2940 0.0299992316088434
2941 0.03000712006774014
2942 0.03001472515510402
2943 0.03002211464632739
2944 0.03002960457254452
2945 0.03003731229911894
2946 0.03004501443415791
2947 0.03005259928695648
2948 0.03005990178725318
2949 0.03006704249310975
2950 0.03007389120671142
2951 0.03008068977651012
2952 0.03008783971680933
2953 0.03009562202427894
2954 0.03010354686137726
2955 0.03011120774158229
2956 0.03011841562810765
2957 0.03012534917710999
2958 0.03013207808332257
2959 0.03013877530997295
2960 0.03014565713570183
2961 0.0301526515928651
2962 0.03015962089344538
2963 0.03016647169158035
2964 0.03017323051885519
2965 0.03017981667789237
2966 0.03018628461109513
2967 0.03019268935048059
2968 0.03019909754461909
2969 0.03020563349825477
2970 0.03021219737718633
2971 0.03021887895274702
2972 0.03022583007014421
2973 0.03023260584321471
2974 0.03023878217244595
2975 0.03024459802052432
2976 0.03025055819344847
2977 0.03025682524699228
2978 0.03026330415307651
2979 0.03026981684946757
2980 0.03027597951492706
2981 0.03028193920505629
2982 0.03028785297965304
2983 0.03029355775086883
2984 0.03029936209074048
2985 0.03030504779447555
2986 0.03031087339385789
2987 0.03031664614187801
2988 0.03032240985160847
2989 0.03032807702675458
2990 0.0303338792447083
2991 0.03033968709056679
2992 0.03034532063200245
2993 0.03035100136803608
2994 0.03035578782365231
2995 0.03036124360076242
2996 0.0303666405175466
2997 0.03037207379445542
2998 0.03037744567672885
2999 0.03038268953408068
3000 0.03038698615782057
