"drag-rfile"
"Iteration" "drag"
("Iteration" "drag")
1 1.471241703765647
2 1.991073833842448
3 2.351050582050137
4 2.558459294448172
5 2.671791315414922
6 2.686419802197077
7 2.606703903872849
8 2.454210846380765
9 2.262675236934294
10 2.07144689340484
11 1.941143532906892
12 1.767798132844485
13 1.670494921487113
14 1.585406677798727
15 1.507297085341609
16 1.431396726801235
17 1.352915135478542
18 1.268618292065249
19 1.178714039510166
20 1.08455909938304
21 0.9882760865855561
22 0.8916412606236245
23 0.7955971710948495
24 0.7019666607053503
25 0.6123940907697227
26 0.5275988702668949
27 0.4483578261060777
28 0.3750827719628685
29 0.3080268007715454
30 0.2464785831414622
31 0.1907925449193567
32 0.1396353476355529
33 0.0932934674850355
34 0.05158892638454306
35 0.01469884603988639
36 -0.01787700511253518
37 -0.04654079194528909
38 -0.07183219825258294
39 -0.09383829464286468
40 -0.1128190434520064
41 -0.1289789223904634
42 -0.1425757535836933
43 -0.1537697947686567
44 -0.1629245365001795
45 -0.1700808952127443
46 -0.1753874772446252
47 -0.1790196933232445
48 -0.1812981658917638
49 -0.1823179661539145
50 -0.1822665130372221
51 -0.1813885124563204
52 -0.1798089011313963
53 -0.1776090982393007
54 -0.1749832620601139
55 -0.1720141450125936
56 -0.1687805051472859
57 -0.1654440430561052
58 -0.1618973198124136
59 -0.1581803413618981
60 -0.1543539401289945
61 -0.1505288398834019
62 -0.1465871655929975
63 -0.1425503962470589
64 -0.1384235555740637
65 -0.1342141207388078
66 -0.1297688208451011
67 -0.1248857550920614
68 -0.1196496372566233
69 -0.1141786225460741
70 -0.1085326770533931
71 -0.102550512040413
72 -0.09626055456410085
73 -0.08971919818624456
74 -0.0830432472617606
75 -0.07615321907495853
76 -0.06877207623777835
77 -0.06102582196502169
78 -0.05283999260865736
79 -0.04433067926096991
80 -0.03503129739893487
81 -0.02590057369920406
82 -0.01638681022667958
83 -0.006600202125848873
84 0.003566265353077279
85 0.01397746801752346
86 0.02459772920409632
87 0.03539750347439527
88 0.04621074298388962
89 0.05718290483253046
90 0.06792896713919384
91 0.0789686655304096
92 0.08997997941528863
93 0.1009478521621157
94 0.1121173426454111
95 0.123232298227517
96 0.1342527099713591
97 0.1475567210102364
98 0.1578748608615869
99 0.167591808561344
100 0.1770429356364722
101 0.1861870766688578
102 0.1949695589394945
103 0.2033859983198612
104 0.2113648755521457
105 0.2189204466465659
106 0.2260064913130756
107 0.2326271324619543
108 0.2387789396406166
109 0.2444288286638128
110 0.2495399001182691
111 0.2541241927691965
112 0.2581543247517821
113 0.26162754472349
114 0.2645142222324539
115 0.2667916894073879
116 0.268454365503012
117 0.2694929728582769
118 0.269900194734826
119 0.2697414545013587
120 0.2689039877733043
121 0.2673482893513839
122 0.2650702340668578
123 0.2620693737022553
124 0.2583474666330413
125 0.2539225036770503
126 0.2487965335262138
127 0.2429849157070331
128 0.2365100709176795
129 0.2294086020421903
130 0.2216928118575998
131 0.213465985033984
132 0.2047886328519469
133 0.1957095679732898
134 0.1863722319999793
135 0.1767666860703876
136 0.1669610963575476
137 0.1570192584300241
138 0.1470016410833898
139 0.13699093488107
140 0.127010488527466
141 0.1170799767700173
142 0.1072893644026822
143 0.09768389169521513
144 0.08829448171739283
145 0.07916427752052224
146 0.07032652464987171
147 0.06182472503130259
148 0.0536676227029998
149 0.04588776569725906
150 0.03849108799378349
151 0.03149525911923187
152 0.02491650896985801
153 0.0187475474321487
154 0.01301946712123237
155 0.007741302587061274
156 0.002916698691692816
157 -0.001444722890104005
158 -0.005343215824821784
159 -0.008778024175290311
160 -0.01174999352987256
161 -0.01424348360320076
162 -0.01628339854051727
163 -0.01789325416936441
164 -0.01905572174344804
165 -0.01977915700269293
166 -0.02007432676912225
167 -0.0199484329774926
168 -0.01942141266871114
169 -0.01849272597325247
170 -0.01716972113559244
171 -0.01546847579431014
172 -0.01340206855966927
173 -0.01095913281486855
174 -0.008197009872469548
175 -0.005113123183575723
176 -0.0017209777774725
177 0.001967173130093476
178 0.005929393809950301
179 0.01014888016870117
180 0.01457957495864731
181 0.01923495012155711
182 0.02409531098882028
183 0.02913133780270207
184 0.0343365128939243
185 0.03970189231143359
186 0.04518505966414218
187 0.05078276164001535
188 0.05649881995252753
189 0.06230103936297202
190 0.06815806876359153
191 0.0740502720036632
192 0.07995832687274644
193 0.08581988028563134
194 0.09165306821050566
195 0.09744421637128765
196 0.1031750762529543
197 0.1088319496680429
198 0.1143984370253652
199 0.1198485045530292
200 0.1251781448345536
201 0.1303563134097852
202 0.1353677118364447
203 0.140197038064469
204 0.1448098849636082
205 0.1492149021829193
206 0.1533973777386242
207 0.1573451785598391
208 0.1610464421822162
209 0.1644899551916641
210 0.1676672187710211
211 0.1705851830998638
212 0.1732067255221327
213 0.1755358168735406
214 0.1775522335663845
215 0.1792749204579346
216 0.1806903796711554
217 0.1817946200747069
218 0.1825850307000122
219 0.1830641040707672
220 0.1832284858751216
221 0.1830778137969169
222 0.1826166148068907
223 0.1818462776484744
224 0.1807714724429713
225 0.179397085444499
226 0.1777350939913115
227 0.1757882503204058
228 0.1735665662145038
229 0.1710803346119274
230 0.1683415384264044
231 0.1653605026662517
232 0.1621438460771344
233 0.1586973509546818
234 0.1550512232606968
235 0.1512194531540385
236 0.1472205116121595
237 0.1430713978427019
238 0.1388032336065949
239 0.1344255408584583
240 0.1299509532843952
241 0.125398677904187
242 0.1207860225743878
243 0.1161333834261014
244 0.1114535450550463
245 0.1067703601377039
246 0.1021057973945653
247 0.0974814934345401
248 0.09290940468676767
249 0.08841024876368518
250 0.08400754486491328
251 0.07971223737178501
252 0.07554181521820044
253 0.07151239992126272
254 0.06763603216278503
255 0.06392984059282912
256 0.06040421905832354
257 0.0570717968582486
258 0.05394375635056149
259 0.05102531142777763
260 0.04833386935946235
261 0.04587223413812192
262 0.04364019301540358
263 0.04165001881880473
264 0.0399055798731708
265 0.03840589122133145
266 0.03715770946437829
267 0.03616057252188069
268 0.03541521585965467
269 0.03492046953774688
270 0.03466696402391355
271 0.0346580522043954
272 0.0348879689991355
273 0.03535096662246608
274 0.03604021768326091
275 0.03694960669642236
276 0.0380712039638683
277 0.03939695006574324
278 0.04091758351608815
279 0.04262334115225131
280 0.04450331753429638
281 0.04654688087211498
282 0.04874313031583016
283 0.05108119106489197
284 0.05354889345765915
285 0.05613577888916305
286 0.05882849053722927
287 0.06161513588010152
288 0.06448512619230158
289 0.06742409200971739
290 0.0704220462666115
291 0.07347617868794704
292 0.07656491285911088
293 0.07967745551507197
294 0.08280214468926864
295 0.0859217949070063
296 0.08903443353156267
297 0.09213164062896341
298 0.09519700323879306
299 0.09822036644284966
300 0.1011921692971792
301 0.1041028458777545
302 0.1069503972211066
303 0.1097161065190033
304 0.1123938262312477
305 0.1149763971624142
306 0.1174555128799768
307 0.1198146831670043
308 0.1220575801517843
309 0.1241785146444443
310 0.1261706917233542
311 0.1280303847419714
312 0.1297550697505668
313 0.1313351601799339
314 0.1327677268381756
315 0.134047985035024
316 0.1351741375409981
317 0.1361471319042278
318 0.1369584152694038
319 0.1376098930265292
320 0.1381021474532354
321 0.1384329878823174
322 0.1386034204485157
323 0.1386170701746714
324 0.1384689448031949
325 0.1381628578791803
326 0.1376918300972505
327 0.1370738542052369
328 0.1363078455990054
329 0.1353973967344247
330 0.134349151097799
331 0.133162466847524
332 0.1318452706404196
333 0.1304033274898006
334 0.1288428574955066
335 0.1271701835699242
336 0.1253919421825819
337 0.1235150047844053
338 0.1215498271734428
339 0.1195016224358564
340 0.1173769385805999
341 0.1151734648808127
342 0.1129104119331333
343 0.1105963086092759
344 0.1082396326312509
345 0.1058490106111801
346 0.1034322666032238
347 0.1009988535841363
348 0.0985576957891133
349 0.09611877759455771
350 0.09369035955495111
351 0.09128164904426948
352 0.08890014045970064
353 0.0865605114593813
354 0.08426434406166489
355 0.08201541547434815
356 0.07982446995718071
357 0.07769967621280184
358 0.0756478924719973
359 0.073676332294415
360 0.07179081484597406
361 0.06999805157372883
362 0.06830337070671959
363 0.06671048421027541
364 0.06522556639703815
365 0.06385564065514761
366 0.06260218188899325
367 0.06146758084754096
368 0.06045730291213811
369 0.05956432434388171
370 0.05879850137779293
371 0.05816105090650642
372 0.05765037045688812
373 0.05726693877161321
374 0.05701412867535846
375 0.05689108012498537
376 0.05689719571180322
377 0.05703084195694264
378 0.05728981072199634
379 0.05767265939430423
380 0.05817489826349174
381 0.05879266148403544
382 0.05952483315182243
383 0.06036390863493048
384 0.06130315446785409
385 0.06233915464869962
386 0.06346766285501324
387 0.06468313124635035
388 0.06598052587940984
389 0.06735263706690582
390 0.06879294975443571
391 0.07029476576429995
392 0.07185140299701416
393 0.07345576706822531
394 0.07510115209462621
395 0.07678086732897124
396 0.078487146893907
397 0.08021249033864586
398 0.0819576448744503
399 0.08370772191548011
400 0.08545455956796505
401 0.08719127091483127
402 0.08891189750980448
403 0.09060963203514433
404 0.09227825127054647
405 0.0939110013569065
406 0.09550147275942338
407 0.09704399014903972
408 0.09853319502977499
409 0.09996318671353598
410 0.1013287603688507
411 0.1026251453922145
412 0.1038481333835952
413 0.1049936826015697
414 0.1060578105843356
415 0.1070356857023612
416 0.1079258567372126
417 0.1087258921237466
418 0.1094330715090548
419 0.110045929596299
420 0.1105629304340527
421 0.1109830894766781
422 0.1113059770021089
423 0.111531072596574
424 0.1116582146111432
425 0.1116883732431743
426 0.1116223005040422
427 0.1114610008115481
428 0.1112096490865736
429 0.1108662323746205
430 0.1104327626353929
431 0.1099115846273945
432 0.1093056762185611
433 0.1086183574559694
434 0.1078522395038782
435 0.1070112152371435
436 0.1060990711111707
437 0.1051199861145137
438 0.1040779334923738
439 0.1029773779394716
440 0.1018230317368592
441 0.1006224225702791
442 0.09937743186043233
443 0.0980931220463063
444 0.09677447617218223
445 0.09542652631652736
446 0.09405431749821837
447 0.09266086771359704
448 0.09125322177187888
449 0.08983607692021371
450 0.08841459725222939
451 0.08699367853897852
452 0.0855784669443132
453 0.08417347594024101
454 0.08278317347958009
455 0.08141342782103864
456 0.08006718285776986
457 0.078748642326328
458 0.07746223003842891
459 0.07621160975045464
460 0.07500112382163197
461 0.07383448334771761
462 0.07271517666127195
463 0.07164624191985131
464 0.0706306978951325
465 0.06966765129548412
466 0.06876380397891103
467 0.06792118038935702
468 0.06714169475865132
469 0.0664271801663654
470 0.06577919735725576
471 0.06519894487497656
472 0.06468703291804998
473 0.06424425349870418
474 0.0638709278483129
475 0.06356696194759733
476 0.06333209055075292
477 0.06316785945362831
478 0.06307136092570542
479 0.06304112264914172
480 0.06307580148933493
481 0.06317403963429565
482 0.06333401754709361
483 0.06355376573410347
484 0.06383087145434076
485 0.06416313681865316
486 0.06454789945561733
487 0.06498277583834042
488 0.06546492067600851
489 0.06599155238975181
490 0.06655945861317759
491 0.06716533599508125
492 0.06780695997756715
493 0.06847998657405194
494 0.06918168689264892
495 0.06990783880879424
496 0.07065497610147241
497 0.0714200926863425
498 0.072199546957133
499 0.07298995668317508
500 0.07378785864739504
501 0.07458992268404398
502 0.07539281813959997
503 0.07619298931333421
504 0.07698758469607743
505 0.0777735224393471
506 0.07854771944323963
507 0.07930761191325043
508 0.08005042782875421
509 0.08077334360761623
510 0.08147412920418709
511 0.08215175350793134
512 0.08280219694627776
513 0.0834235551097989
514 0.08401385087266713
515 0.08457083494079588
516 0.0850935043504398
517 0.0855799669459424
518 0.08602880656398201
519 0.08643889450344071
520 0.08680929272475456
521 0.08713936197571723
522 0.0874284691596962
523 0.08767583766231207
524 0.08788096370360167
525 0.08804408242723809
526 0.08816496784764009
527 0.08824343005734574
528 0.08827964383605558
529 0.08827423413450078
530 0.08822779238283568
531 0.08814083247590079
532 0.08801391955201905
533 0.08784909726502427
534 0.08764633092299405
535 0.08740715828114591
536 0.08713264083182715
537 0.08682434937956651
538 0.08648356239656775
539 0.0861118356888242
540 0.08571099735021802
541 0.08528209255938467
542 0.08482720714204683
543 0.0843482966158151
544 0.08384711747013164
545 0.08332561701493799
546 0.08278617149823934
547 0.08223074012351643
548 0.08166108455612764
549 0.0810792919102655
550 0.08048651126946427
551 0.07988636331072681
552 0.07928079939992916
553 0.07867120220630434
554 0.07805959887282844
555 0.07744806668276798
556 0.07683997709005076
557 0.07623563148467265
558 0.07563719177317774
559 0.07504539019134475
560 0.07446288976423536
561 0.07389281708878015
562 0.07333539253827141
563 0.07279197060818557
564 0.07226430242746357
565 0.07175353512933437
566 0.0712610319033956
567 0.07078802100780872
568 0.07033552729393169
569 0.06990466334282512
570 0.0694962795951637
571 0.06911256569618027
572 0.06875321937369555
573 0.06841879730158486
574 0.06810969934842291
575 0.06782662036946999
576 0.0675688269919702
577 0.06733799959945078
578 0.06713440375578078
579 0.06695800589591595
580 0.06680870996648196
581 0.06668640109599081
582 0.06659103387279776
583 0.06652216408965588
584 0.06647947584014068
585 0.06646135932217567
586 0.06646865367567841
587 0.06650066464747577
588 0.06655728753389466
589 0.06663747594840942
590 0.06674045310842869
591 0.06686548446665409
592 0.0670117720714528
593 0.06717790492372618
594 0.0673627155124201
595 0.06756512075576618
596 0.06778404058021963
597 0.06801825316591986
598 0.06826683392301933
599 0.06852802959403463
600 0.06880060999872266
601 0.06908367373814844
602 0.06937607738750944
603 0.06967614225688827
604 0.06998245906551606
605 0.07029381085721743
606 0.07060844966909798
607 0.07092478997236547
608 0.07124151844220189
609 0.07155729037842029
610 0.07187087072312853
611 0.07218120060053122
612 0.07248689684176159
613 0.07278690208602631
614 0.07307955592837988
615 0.07336374381533736
616 0.07363820224622963
617 0.07390187081933386
618 0.07415398725088968
619 0.07439368744343856
620 0.07461994897355455
621 0.07483143881404172
622 0.0750287197394638
623 0.0752102770609432
624 0.07537542678705149
625 0.07552322461469202
626 0.0756530537516039
627 0.07576384812432799
628 0.07585552778316891
629 0.0759280157308372
630 0.07598091359790743
631 0.07601410249975894
632 0.07602754335492346
633 0.07602107300810602
634 0.07599462456749623
635 0.07594404186127829
636 0.07587376739774218
637 0.07578409413081574
638 0.07567525383832521
639 0.07554766409884328
640 0.07540171383324525
641 0.07523797725990003
642 0.07505704097339298
643 0.07485989787985968
644 0.07464717547863585
645 0.07441947844616295
646 0.07417731233696996
647 0.07391984346104326
648 0.07364923826201618
649 0.07336650655037717
650 0.07307255321937933
651 0.07276826610893007
652 0.07245582317183501
653 0.07213486683294061
654 0.0718063224256351
655 0.0714710874089628
656 0.0711305892755647
657 0.07078543888873977
658 0.07043644201573844
659 0.07008432721876443
660 0.06972971502844196
661 0.06937392900209266
662 0.0690179350629717
663 0.06866483605824175
664 0.06831314027004708
665 0.06796368255851971
666 0.06761726103682685
667 0.06727483015922225
668 0.06693698587570662
669 0.06660477622392647
670 0.06627904538647231
671 0.06596041628781077
672 0.06564917892400769
673 0.06534631563235926
674 0.06505259025423671
675 0.06476854179248012
676 0.0644946954259025
677 0.06423179123904518
678 0.06398066859981208
679 0.06374159031924394
680 0.06351488757253633
681 0.06330081375547859
682 0.06310013821633326
683 0.06291311083759152
684 0.06274025263918445
685 0.06258155841004169
686 0.06243722060640823
687 0.06230728748122326
688 0.0621920386209831
689 0.06209157250308051
690 0.06200597839870417
691 0.06193498395304652
692 0.06187839914931467
693 0.06183616307027923
694 0.06180782296730753
695 0.06179381586446593
696 0.06179384832312592
697 0.06180736005372371
698 0.06183390131102141
699 0.06187293927849634
700 0.06192408502824539
701 0.06198673669957684
702 0.06206020242944982
703 0.06214401997667263
704 0.0622369917078113
705 0.06233896901889462
706 0.0624494244898533
707 0.06256749188471143
708 0.06269250463479135
709 0.06282351161014528
710 0.06296014973671558
711 0.0631013780400945
712 0.06324636817323617
713 0.0633939746768586
714 0.06354330114880923
715 0.06369353353219495
716 0.06384377614955855
717 0.06399299403137385
718 0.06414075380974509
719 0.06428601605832833
720 0.06442795421550825
721 0.06456652058299275
722 0.06470076143004214
723 0.06482936849016387
724 0.0649513924424846
725 0.06506609975467009
726 0.06517288747999452
727 0.06527110738030564
728 0.06536030256728655
729 0.06543978991813985
730 0.06550920977245373
731 0.06556807414494371
732 0.06561603988682216
733 0.06565243854074303
734 0.06567751223532127
735 0.06569061085124246
736 0.06569144896591414
737 0.06567962665777558
738 0.06565485675566669
739 0.06561704827362314
740 0.06556649494182359
741 0.06550260242418964
742 0.06542625028325193
743 0.06533731962607987
744 0.06523608687351336
745 0.06512278205125158
746 0.06499736003891379
747 0.06486032821459287
748 0.06471192079738218
749 0.06455237019962487
750 0.06438213206237192
751 0.06420151442300648
752 0.06401135469058282
753 0.06381228162130095
754 0.06360456397349903
755 0.0633886576597186
756 0.06316539054150096
757 0.06293561441478149
758 0.06269999630323545
759 0.06245850694879315
760 0.06221205747380319
761 0.06196150442014957
762 0.06170740948905562
763 0.06145050441072445
764 0.06119157303423067
765 0.06093124755182917
766 0.06067006273255155
767 0.06040878374862728
768 0.06014830581870427
769 0.05988878956292855
770 0.05963118544349512
771 0.0593761097598036
772 0.05912440723694023
773 0.05887697234240184
774 0.05863478388423581
775 0.05839798555591465
776 0.05816694951452831
777 0.05794174954182745
778 0.05772317056077318
779 0.05751142769288856
780 0.05730688293555711
781 0.05710983837413469
782 0.0569208317112006
783 0.05674021054472683
784 0.05656847941679074
785 0.05640590329475045
786 0.05625290419495258
787 0.0561093348129611
788 0.05597579532552504
789 0.05585204069016914
790 0.05573779701259141
791 0.05563277155487893
792 0.05553706037588594
793 0.05544900205901519
794 0.05537070506146408
795 0.05530191682551643
796 0.05524261916079798
797 0.05519251367655177
798 0.05515135843857128
799 0.05511870238011033
800 0.05509410242402996
801 0.05507738976690778
802 0.05507483418126824
803 0.05507450091680961
804 0.0550797678565088
805 0.05509091569829844
806 0.05511673520850777
807 0.0551400292395924
808 0.05516757420969769
809 0.05520859431876701
810 0.05524397197703589
811 0.05528173276695331
812 0.05532160754771656
813 0.05536323027156787
814 0.05540615286385028
815 0.05544982221074112
816 0.05550481132647803
817 0.05555071457372317
818 0.05559572010717868
819 0.05563947514298468
820 0.05568188933911104
821 0.05572250233141807
822 0.05576095471442702
823 0.05579674489519389
824 0.0558295432194406
825 0.05585886342441584
826 0.0558839951479634
827 0.05590496034399221
828 0.05592153886862541
829 0.0559335278633013
830 0.05594052394586768
831 0.05594271127229587
832 0.05593969773136489
833 0.05593111944502736
834 0.05591652930888093
835 0.05589564838097329
836 0.05586829799533228
837 0.05583410574298188
838 0.05579332826613628
839 0.05574603209381664
840 0.05569209573432727
841 0.05563148358613718
842 0.05556438772230298
843 0.05549080292496934
844 0.05541089089737344
845 0.05532462312382259
846 0.05523197935299721
847 0.05513342054268641
848 0.05502874976259755
849 0.05491806499035354
850 0.05480148567300219
851 0.05467952300771287
852 0.05455242652588332
853 0.05442061992346824
854 0.05428442546118363
855 0.05414427004462386
856 0.05400005327536134
857 0.05385211455924965
858 0.05370050214320386
859 0.05354571608498492
860 0.05338804067063014
861 0.05322797540523146
862 0.05306571628453592
863 0.05290163035223917
864 0.0527360996057997
865 0.05256970889734995
866 0.05240299992362969
867 0.05223618211849155
868 0.05206921304721608
869 0.05190150315612541
870 0.05173421678131196
871 0.05156784275579528
872 0.05140283307761221
873 0.0512395259923182
874 0.05107803877944941
875 0.0509189535857743
876 0.05076269911163928
877 0.05061200703961886
878 0.0504638745341266
879 0.05031870094761414
880 0.0501766735319714
881 0.05003787834650349
882 0.0499027603383323
883 0.04977168648255168
884 0.04964210175095335
885 0.04951655183522856
886 0.04939533149710702
887 0.04927855513066959
888 0.04916648166507792
889 0.04905890684059987
890 0.04894923161749869
891 0.04885273907821024
892 0.04876011631855437
893 0.04867184434679167
894 0.0485829932744867
895 0.04850534960892419
896 0.04842760803826105
897 0.04835926795615139
898 0.04829146516526255
899 0.0482320747381788
900 0.04817297312946398
901 0.0481214274660325
902 0.04806983958846002
903 0.04802504843214128
904 0.04798009611421147
905 0.04794168781542676
906 0.04790309444695056
907 0.04786859460068187
908 0.0478386326129361
909 0.04780830712457356
910 0.04778135870748422
911 0.04775777506974691
912 0.04773330902505591
913 0.04771216325890613
914 0.04768976180088778
915 0.04767058712325874
916 0.04765010015740781
917 0.04763224482323828
918 0.04761282384654918
919 0.04759518262003248
920 0.04757611003550675
921 0.04755815144189333
922 0.04753873669002718
923 0.04751949163364209
924 0.04749870706247858
925 0.04747743920719461
926 0.04745421496871438
927 0.0474304820824401
928 0.04740505382844422
929 0.04737852875358085
930 0.04734961121092428
931 0.04731970799958814
932 0.04728772097169848
933 0.0472528814948515
934 0.04721651999181173
935 0.04717790902149265
936 0.04713520015352601
937 0.04709049622792316
938 0.04704353695806864
939 0.04699402739349509
940 0.04694169489464157
941 0.04688638067581669
942 0.04682816481239494
943 0.04676706801323392
944 0.04670308004256821
945 0.0466361549152706
946 0.04656628228292935
947 0.04649328998818387
948 0.04641731088737741
949 0.04633844958380946
950 0.04625714699892063
951 0.04617346455575974
952 0.04608751427669581
953 0.04599931251077899
954 0.04590907871533819
955 0.04581689163210687
956 0.04572275845973564
957 0.04562667063170273
958 0.04552862954843842
959 0.04542881969350129
960 0.04532744173333841
961 0.04522472007579455
962 0.04512105192320875
963 0.0450166973794166
964 0.04491163861025425
965 0.0448058771714312
966 0.04469932359994283
967 0.04459234661021841
968 0.04448497353433231
969 0.04437712790459557
970 0.04426910294800168
971 0.04416106118102763
972 0.04405314320677481
973 0.0439456362382324
974 0.04384339674964338
975 0.04373600194577455
976 0.04363029863502674
977 0.04352570258385297
978 0.04342221911487582
979 0.04332002817801705
980 0.04321917804302632
981 0.04311960002080529
982 0.04302769762076469
983 0.04293044187752079
984 0.04283526552399574
985 0.04274192361038884
986 0.04265051204066851
987 0.04256112938905792
988 0.04247381056545204
989 0.04238808336453275
990 0.04230408149666332
991 0.0422217589274282
992 0.04214111840646571
993 0.04206191832415753
994 0.04198450987678281
995 0.04190889500923122
996 0.04183527379347371
997 0.04176349624537781
998 0.04169369190460898
999 0.04162574265491889
1000 0.04155969802561547
1001 0.04149535145906891
1002 0.04143255939631921
1003 0.04137104309454959
1004 0.04131099405706556
1005 0.04125241325334227
1006 0.04119547469397854
1007 0.04114004077348947
1008 0.04108627721381908
1009 0.04103398204913698
1010 0.04098304979360299
1011 0.0409332207151788
1012 0.04088426280406243
1013 0.04083591723917773
1014 0.04078814907097365
1015 0.04074117401121777
1016 0.04069499080287829
1017 0.04064949878855897
1018 0.04060459894633021
1019 0.04056040155476516
1020 0.04051669823822729
1021 0.04047345395933773
1022 0.04043029563733904
1023 0.0403869575287182
1024 0.0403433670553674
1025 0.04029947158904683
1026 0.04025534124400769
1027 0.04021099937606761
1028 0.04016655895049268
1029 0.04012212194176412
1030 0.04007758101063468
1031 0.0400327120827767
1032 0.03998742400914526
1033 0.03994128564096628
1034 0.03989440035610042
1035 0.03984669466795022
1036 0.03979831495025173
1037 0.0397491467612351
1038 0.039699319114977
1039 0.03964879920067925
1040 0.03959778500386258
1041 0.03954596764644928
1042 0.03949342466661819
1043 0.0394398703469146
1044 0.03938521345296479
1045 0.03932950864908594
1046 0.03927304836179089
1047 0.0392158012560316
1048 0.03915773224881682
1049 0.03909871788992792
1050 0.03903897454247771
1051 0.03897874207266656
1052 0.03891770705522104
1053 0.03885617620616039
1054 0.03879368920577244
1055 0.03873026388620653
1056 0.03866587969364235
1057 0.03860062937961169
1058 0.038534775332854
1059 0.03846811669250441
1060 0.03840098546890725
1061 0.03833318078073962
1062 0.03826497846506326
1063 0.03819637808219874
1064 0.03812731641616019
1065 0.03805778392999416
1066 0.03798814457106899
1067 0.03791815163853148
1068 0.03784788576662873
1069 0.03777741220590768
1070 0.03770686137252487
1071 0.03763619055593138
1072 0.03756550580686407
1073 0.03749481869859176
1074 0.03742413270684504
1075 0.03735368770474419
1076 0.03728350692245867
1077 0.03721338438467096
1078 0.03714355363584834
1079 0.03707405837033124
1080 0.03700490663992593
1081 0.03693610374758864
1082 0.03686768528114446
1083 0.03679971061089941
1084 0.03673244884565802
1085 0.03666559571758521
1086 0.03659932237603238
1087 0.0365335432216686
1088 0.03646838434679604
1089 0.03640361144816913
1090 0.03633941902665578
1091 0.03627587590593526
1092 0.03621307930953208
1093 0.03615060867733649
1094 0.03608907114238514
1095 0.03602836647315091
1096 0.03596831627352023
1097 0.03590888878304013
1098 0.03585476527048987
1099 0.03579550642840039
1100 0.03573744026898407
1101 0.0356801763238917
1102 0.03562828815483451
1103 0.03557130458384961
1104 0.03551574565555661
1105 0.0354655967705538
1106 0.0354106327799631
1107 0.03535706282599316
1108 0.03530856471952734
1109 0.0352552609952321
1110 0.03520323136775136
1111 0.03515600226879642
1112 0.03510401740580364
1113 0.03505750657250673
1114 0.03500653547958981
1115 0.03496115180568379
1116 0.03491111641626863
1117 0.03486653093173783
1118 0.03481710266971624
1119 0.03477267128509946
1120 0.03472366301536267
1121 0.03467967277557955
1122 0.03463132714536677
1123 0.03458791450013932
1124 0.0345404914752741
1125 0.03449781280930874
1126 0.03445112680463816
1127 0.03440891272732657
1128 0.03436223305395229
1129 0.03431995901503892
1130 0.03427705180614162
1131 0.03422962532476093
1132 0.03418684623561411
1133 0.03414010439272588
1134 0.03409789333452679
1135 0.03405162780184933
1136 0.03400951246698068
1137 0.03396347169959958
1138 0.03392154317194459
1139 0.03387889144856836
1140 0.03383161129999598
1141 0.03378800629416687
1142 0.03374033759764637
1143 0.0336963866219541
1144 0.03364882236298578
1145 0.03360494233818822
1146 0.03355770450722477
1147 0.03351396709342121
1148 0.03346687987672328
1149 0.03342315533511524
1150 0.03337551217220723
1151 0.03333099083136875
1152 0.0332824394693867
1153 0.03323710337352751
1154 0.03318792722794463
1155 0.03314204536555182
1156 0.03309271681409794
1157 0.03304693588390702
1158 0.0329975728640521
1159 0.03295167077116757
1160 0.03290180590136276
1161 0.03285532764575912
1162 0.03280450645793303
1163 0.03275401666058773
1164 0.032706701402081
1165 0.03265526030050594
1166 0.03260780493631209
1167 0.03255615883138011
1168 0.0325087332983121
1169 0.0324571018819041
1170 0.03240602518063135
1171 0.0323583174416173
1172 0.03230619424746993
1173 0.0322544036261686
1174 0.03220619380264785
1175 0.0321534824353218
1176 0.03210511724909415
1177 0.03205256693395452
1178 0.0320047061432564
1179 0.03195242129474003
1180 0.03190092033284984
1181 0.03185334174855438
1182 0.03180117712624288
1183 0.03175339918755065
1184 0.03170104566725278
1185 0.0316533061876997
1186 0.03160118898211665
1187 0.03155401181073839
1188 0.03150227727085078
1189 0.03145552369959852
1190 0.03140436563186159
1191 0.03135811011029921
1192 0.03130724685221627
1193 0.03126131285106275
1194 0.03121088815280662
1195 0.03116538376627854
1196 0.03111546732177178
1197 0.0310705604260245
1198 0.03102555999515226
1199 0.03097621775786812
1200 0.03093207477655669
1201 0.03088367043450813
1202 0.03084048204054877
1203 0.03079713300298489
1204 0.03074909468994938
1205 0.03070665505154331
1206 0.03066425417325126
1207 0.03061747294359129
1208 0.03057584258726766
1209 0.03053392761785637
1210 0.03048781663321913
1211 0.03044677214312522
1212 0.03040582671454845
1213 0.03036522580875695
1214 0.03032066425254981
1215 0.03028138151495728
1216 0.0302422523739893
1217 0.03020302095898455
1218 0.03015957307646939
1219 0.03012134284292706
1220 0.03008279689588786
1221 0.03004416363707499
1222 0.03000560213509263
1223 0.02996314669643099
1224 0.02992595615865953
1225 0.02988898308004157
1226 0.02985238955315011
1227 0.02981605475883963
1228 0.02977988874066601
1229 0.02973964060795355
1230 0.02970406876589907
1231 0.02966828132273767
1232 0.02963248441080547
1233 0.0295965682159805
1234 0.02956116435058546
1235 0.02952592419232589
1236 0.02949089370118015
1237 0.02945209835302886
1238 0.02941805417168555
1239 0.02938387535392997
1240 0.02934964279987742
1241 0.02931526924858522
1242 0.02928095258001143
1243 0.02924652224590731
1244 0.02921236507795519
1245 0.02917825599183007
1246 0.02914414276221288
1247 0.02910635292321632
1248 0.02907286920077791
1249 0.02903893097541618
1250 0.02900510875060363
1251 0.02897113525956608
1252 0.02893724630993871
1253 0.02890324317902394
1254 0.02886942412073816
1255 0.02883557275227266
1256 0.02879811078075625
1257 0.0287647823823977
1258 0.02873108419656783
1259 0.02869700235774206
1260 0.02866276149775385
1261 0.02862817071438347
1262 0.0285934597461848
1263 0.0285553698936881
1264 0.02852163282641522
1265 0.02848757362554287
1266 0.02845363099882364
1267 0.02841966366921776
1268 0.02838178716039945
1269 0.02834766188025147
1270 0.02831329502710359
1271 0.02827865169140493
1272 0.0282436646458549
1273 0.02820490666887249
1274 0.02817013393233276
1275 0.02813545280893357
1276 0.02810074983604488
1277 0.0280660869175711
1278 0.02803125679035923
1279 0.0279924736685477
1280 0.02795761215477004
1281 0.02792215914260256
1282 0.02788659241141629
1283 0.0278509496385056
1284 0.02781188539171025
1285 0.02777677381963757
1286 0.02774167434577135
1287 0.02770663392750069
1288 0.02767171079861961
1289 0.02763671440043292
1290 0.02759822331012313
1291 0.02756371145500917
1292 0.02752873541217382
1293 0.02749366391928208
1294 0.02745500794846071
1295 0.02742045937823794
1296 0.02738598301993789
1297 0.02735171524790009
1298 0.02731426227154298
1299 0.027280350633604
1300 0.0272463209858505
1301 0.0272091187057642
1302 0.02717572323149958
1303 0.02714221579788534
1304 0.02710576268411686
1305 0.0270731709316928
1306 0.0270405882431387
1307 0.02700495262343209
1308 0.0269729666314385
1309 0.02694080006676445
1310 0.02690542582024648
1311 0.02687368994211242
1312 0.0268421063992519
1313 0.02680776113337942
1314 0.02677690937201144
1315 0.02674293620189001
1316 0.02671258518347038
1317 0.02667947832972197
1318 0.02664978221873897
1319 0.02661742235907652
1320 0.02658837011143687
1321 0.02655677961612247
1322 0.02652837276770794
1323 0.02649730926710465
1324 0.02646923765824973
1325 0.0264381247666876
1326 0.0264101086277604
1327 0.02638202917049343
1328 0.02635160667368201
1329 0.02632433361120281
1330 0.02629477848288494
1331 0.0262679718016442
1332 0.02623876340956234
1333 0.02621251837220725
1334 0.02618387345379127
1335 0.02615813752461247
1336 0.02612985023851746
1337 0.02610430994938558
1338 0.02607609424572176
1339 0.02604829543652817
1340 0.02602301689162088
1341 0.02599557002835401
1342 0.0259707721411915
1343 0.02594361905118253
1344 0.02591700748468122
1345 0.02589270638562458
1346 0.02586626568370175
1347 0.02584239094089368
1348 0.02581596677356228
1349 0.02579000009085614
1350 0.02576651348826289
1351 0.02574051819851527
1352 0.02571479819996662
1353 0.02569128886000712
1354 0.02566525315612312
1355 0.02563981707244113
1356 0.02561491870198821
1357 0.02559019844607084
1358 0.02556544362872508
1359 0.02554272665806624
1360 0.02551772424905876
1361 0.0254928774749902
1362 0.02546826252674397
1363 0.025445941451076
1364 0.02542095016476294
1365 0.02539617409635048
1366 0.02537165272116027
1367 0.02534730817295284
1368 0.02532314239905861
1369 0.02529893563309262
1370 0.02527490053179373
1371 0.02525105181976816
1372 0.02522706920204345
1373 0.0252030389279352
1374 0.02517908189151511
1375 0.02515516417653194
1376 0.02513146701255958
1377 0.02510762634835418
1378 0.02508372799374044
1379 0.02505986195338979
1380 0.02503613752685014
1381 0.02501258979052208
1382 0.02498919714973851
1383 0.02496576142491967
1384 0.02494235710512641
1385 0.02491884196415603
1386 0.02489526022429723
1387 0.02487165029433663
1388 0.02484814055951714
1389 0.02482467036828747
1390 0.02480118935958686
1391 0.02477778288251015
1392 0.02475447588471993
1393 0.0247314049472664
1394 0.02470845715866763
1395 0.02468540217005538
1396 0.02466237442094515
1397 0.0246394609059281
1398 0.0246166042044335
1399 0.02459370474364005
1400 0.02457095172437315
1401 0.02454823721356629
1402 0.02452543403464517
1403 0.02450272311595083
1404 0.02448013559224455
1405 0.02445757726024142
1406 0.02443515978228828
1407 0.02441311841179515
1408 0.02439130984686535
1409 0.02436963951728662
1410 0.02434803759355165
1411 0.02432651509978484
1412 0.02430514904606404
1413 0.02428398337287483
1414 0.02426322299448648
1415 0.02424253095588163
1416 0.02422185321117419
1417 0.0242011757794272
1418 0.02418041703788396
1419 0.02415966742589944
1420 0.02413920494479041
1421 0.02411897271224824
1422 0.02409896428383009
1423 0.02407901064068629
1424 0.02405944828808704
1425 0.02404021059166082
1426 0.02402126015784726
1427 0.02400246716268874
1428 0.0239837251832504
1429 0.02396508222690267
1430 0.02394663412161328
1431 0.02392837817099474
1432 0.02391035029674549
1433 0.02389241132703392
1434 0.02387455061452979
1435 0.02385668650350185
1436 0.02383898856620598
1437 0.02382142394342101
1438 0.02380401741514984
1439 0.02378680996963201
1440 0.02376969811485315
1441 0.02375273388028223
1442 0.02373607153777591
1443 0.02371956996761583
1444 0.02370311983799996
1445 0.02368681113345635
1446 0.02367058941543581
1447 0.02365444990904349
1448 0.02363839735208987
1449 0.02362244007368155
1450 0.02360668587762251
1451 0.02359094310320283
1452 0.02357517428843528
1453 0.02355950867523438
1454 0.02354408114532726
1455 0.02352865852824464
1456 0.02351332891971737
1457 0.02349801919152602
1458 0.02348267478786322
1459 0.0234672783513205
1460 0.02345207065593096
1461 0.02343718154091338
1462 0.02342218814484179
1463 0.02340739983547564
1464 0.02339266186697706
1465 0.0233779606443522
1466 0.02336322604709669
1467 0.02334836039308051
1468 0.0233336978072628
1469 0.02331908165754797
1470 0.02330452555257684
1471 0.02328971801371148
1472 0.02327486620671634
1473 0.02326009459438561
1474 0.02324555664586259
1475 0.02323115277304113
1476 0.02321685373415667
1477 0.0232026183835631
1478 0.02318826325080061
1479 0.02317385175330918
1480 0.02315941927773571
1481 0.0231449296187163
1482 0.02313047916931589
1483 0.02311615910990179
1484 0.02310193067172809
1485 0.02308766314073501
1486 0.02307329633770285
1487 0.02305899540940774
1488 0.023044903984519
1489 0.02303106792070825
1490 0.02301712372393724
1491 0.02300306769340892
1492 0.02298915930859159
1493 0.0229752381937287
1494 0.02296135631970318
1495 0.02294752502017043
1496 0.02293391929334634
1497 0.02292031428092912
1498 0.02290683613264537
1499 0.02289324482819034
1500 0.02287974442158492
1501 0.02286638648152967
1502 0.02285321277188107
1503 0.02283995307802393
1504 0.02282678335291674
1505 0.02281385967196642
1506 0.0228010768743437
1507 0.02278841673436299
1508 0.02277569073157147
1509 0.02276307219824653
1510 0.0227505853433773
1511 0.0227383906163435
1512 0.02272623414900439
1513 0.02271418851340862
1514 0.02270207916806474
1515 0.02268997736257251
1516 0.02267800567595053
1517 0.02266607456130735
1518 0.02265443508345382
1519 0.0226429519457765
1520 0.02263164256620341
1521 0.02262067870042679
1522 0.02260998703371126
1523 0.02259933981847164
1524 0.02258878393589803
1525 0.02257838857240273
1526 0.02256804907958155
1527 0.02255795050671572
1528 0.02254787677480785
1529 0.02253799456805943
1530 0.02252833784000801
1531 0.02251863675102458
1532 0.02250906376026874
1533 0.02249985457004271
1534 0.02249093940026019
1535 0.02248193994194659
1536 0.02247297702312858
1537 0.02246424881818994
1538 0.02245567590335178
1539 0.02244731217944609
1540 0.02243902764927754
1541 0.02243087321623687
1542 0.02242284026267632
1543 0.02241486429302948
1544 0.02240707524194718
1545 0.02239936994377106
1546 0.02239153630926345
1547 0.02238377079922471
1548 0.02237610353266854
1549 0.02236860918214517
1550 0.02236122418467638
1551 0.02235397706486986
1552 0.02234691178214588
1553 0.02233991500490432
1554 0.02233291480944611
1555 0.02232591272681099
1556 0.02231900379874771
1557 0.02231213921405501
1558 0.02230539566239824
1559 0.02229865036969573
1560 0.02229201089704586
1561 0.02228545205338684
1562 0.02227889285212813
1563 0.02227234543275136
1564 0.02226586609530709
1565 0.02225941929656415
1566 0.02225297174915024
1567 0.02224661206996782
1568 0.02224029365899183
1569 0.02223410113819075
1570 0.02222811865954367
1571 0.02222215938478595
1572 0.02221624089096773
1573 0.02221025442066014
1574 0.02220398171213202
1575 0.02219781120400462
1576 0.02219172561861717
1577 0.02218566910589326
1578 0.02217990879437974
1579 0.02217421293765726
1580 0.02216861672348579
1581 0.0221629404539838
1582 0.02215723449999078
1583 0.02215158618802596
1584 0.02214594751012816
1585 0.02214023980947439
1586 0.02213460173077175
1587 0.02212910693099063
1588 0.02212379014042135
1589 0.02211854276021283
1590 0.02211339739718383
1591 0.02210829014531575
1592 0.02210310681226747
1593 0.0220979776722249
1594 0.02209288666436796
1595 0.02208764482596898
1596 0.02208229997767107
1597 0.0220771405237672
1598 0.02207200424190927
1599 0.02206698276550446
1600 0.02206208925873566
1601 0.02205740627682776
1602 0.0220527712329262
1603 0.02204836940656732
1604 0.02204390645509598
1605 0.02203941845630404
1606 0.02203490636847674
1607 0.02203052135548206
1608 0.02202628578428545
1609 0.02202218310899295
1610 0.02201865576818719
1611 0.02201457381828437
1612 0.02201037650138504
1613 0.02200623588839411
1614 0.02200277856676767
1615 0.02199884865512216
1616 0.02199483135740801
1617 0.02199081720363227
1618 0.0219877572560109
1619 0.02198447503608514
1620 0.02198106196271343
1621 0.02197842098782944
1622 0.02197510315001013
1623 0.02197188034506393
1624 0.0219693116872974
1625 0.0219661070631265
1626 0.02196294333569041
1627 0.02196057511625845
1628 0.02195752317155604
1629 0.02195454642047775
1630 0.02195214869851091
1631 0.02194940839428102
1632 0.02194669647317509
1633 0.0219442323497219
1634 0.02194182692097468
1635 0.02193962279734639
1636 0.02193754722734241
1637 0.0219355452094816
1638 0.02193352882872073
1639 0.02193179265979734
1640 0.02192995639536271
1641 0.02192832149300444
1642 0.02192686379986837
1643 0.02192553728039997
1644 0.0219241917171377
1645 0.02192303899752594
1646 0.02192187730198568
1647 0.02192099332638642
1648 0.02192013747897213
1649 0.02191942299450874
1650 0.02191870803766713
1651 0.02191806178420018
1652 0.0219174376517946
1653 0.0219170337023072
1654 0.02191656288998058
1655 0.02191620385827124
1656 0.02191591488301349
1657 0.02191579958500484
1658 0.02191581815562294
1659 0.021915826739146
1660 0.02191574080533961
1661 0.02191573657520681
1662 0.02191566113098826
1663 0.02191581322619644
1664 0.0219159614031437
1665 0.02191627224895035
1666 0.02191665396576565
1667 0.02191701865533203
1668 0.021917374673596
1669 0.0219178701506801
1670 0.02191841968570414
1671 0.02191904284275221
1672 0.02191962124471842
1673 0.02192031049592924
1674 0.02192086450433149
1675 0.02192136162641403
1676 0.02192188039021809
1677 0.02192239512301919
1678 0.02192318031624648
1679 0.02192434062723275
1680 0.02192539941898567
1681 0.02192635924175553
1682 0.02192754872367052
1683 0.02192866568923325
1684 0.02192962738712923
1685 0.02193046194614738
1686 0.02193163328629566
1687 0.02193278419794287
1688 0.02193375788563032
1689 0.02193504835410882
1690 0.02193633113631928
1691 0.0219375293873038
1692 0.02193883053357667
1693 0.02194008517782585
1694 0.02194112834707917
1695 0.02194291972547435
1696 0.02194464694231773
1697 0.0219461705713428
1698 0.02194777900581187
1699 0.02194939208168454
1700 0.02195094313436067
1701 0.02195249459476821
1702 0.0219542767874383
1703 0.02195609722760315
1704 0.02195777434364685
1705 0.02195981239957823
1706 0.02196169595661788
1707 0.02196352931344812
1708 0.02196510075315608
1709 0.02196704103157266
1710 0.02196898298399964
1711 0.02197111758119414
1712 0.02197301595657724
1713 0.02197519721858686
1714 0.02197751168392175
1715 0.02197993712498704
1716 0.02198236136702172
1717 0.02198491685052889
1718 0.02198748071739279
1719 0.02199010678908668
1720 0.02199268044265497
1721 0.02199547820266591
1722 0.02199830819240332
1723 0.02200129890148346
1724 0.0220042981336775
1725 0.02200730922837353
1726 0.0220104251524391
1727 0.02201375696849545
1728 0.02201672515995134
1729 0.0220202785838583
1730 0.02202370598224008
1731 0.02202692287993243
1732 0.02203011973151645
1733 0.02203359608498371
1734 0.02203720351630036
1735 0.02204026265835283
1736 0.02204419123539313
1737 0.02204805923510432
1738 0.02205201650243289
1739 0.02205605042979111
1740 0.02205924821311163
1741 0.02206323566544625
1742 0.0220671027782747
1743 0.02207115417506417
1744 0.02207461534876987
1745 0.0220793238092267
1746 0.02208368861216593
1747 0.02208725128926343
1748 0.0220919260136619
1749 0.02209660169510413
1750 0.02210122011663093
1751 0.0221057727941374
1752 0.02210940938934211
1753 0.02211422467741969
1754 0.02211891874885436
1755 0.022124093669012
1756 0.02212913279935193
1757 0.02213405988587452
1758 0.02213887819828814
1759 0.02214324846373476
1760 0.02214849262657788
1761 0.02215366564010237
1762 0.02215856778417025
1763 0.02216354592172965
1764 0.02216853888799811
1765 0.0221737001975397
1766 0.0221787996214596
1767 0.02218392794062939
1768 0.02218893983996727
1769 0.02219398054201463
1770 0.02219897586232059
1771 0.02220409423103971
1772 0.02220916137289606
1773 0.02221431036552516
1774 0.02221941700874365
1775 0.02222471809289899
1776 0.0222300988211332
1777 0.02223559633285659
1778 0.02224094538591508
1779 0.02224640842080007
1780 0.02225181518247444
1781 0.02225726596060555
1782 0.02226259068129864
1783 0.02226810365951199
1784 0.022273634514777
1785 0.02227930161835605
1786 0.0222849401916764
1787 0.02229069601387812
1788 0.02229658971297162
1789 0.02230256142100125
1790 0.02230836900488032
1791 0.0223141627654871
1792 0.02231991165984495
1793 0.0223258227908369
1794 0.02233193992817734
1795 0.02233810343677977
1796 0.02234395870702222
1797 0.02234990640537816
1798 0.02235593682039168
1799 0.02236213163935175
1800 0.02236837726232506
1801 0.02237469833590618
1802 0.02238092608381345
1803 0.02238737128473294
1804 0.02239380975565125
1805 0.02240029131454693
1806 0.02240652014212878
1807 0.02241285550487399
1808 0.02241901742268379
1809 0.02242533383655811
1810 0.02243190050765182
1811 0.02243848166670168
1812 0.02244489290485977
1813 0.02245148146200049
1814 0.02245802524531234
1815 0.02246467842117708
1816 0.02247113645494321
1817 0.02247775258848886
1818 0.02248436372249745
1819 0.02249097483563986
1820 0.02249744226694179
1821 0.02250386920062813
1822 0.02251031845836925
1823 0.02251680351197529
1824 0.02252342214294203
1825 0.02253040714503731
1826 0.02253734319066299
1827 0.02254416307353319
1828 0.02255096368346288
1829 0.02255797114191619
1830 0.02256494789050899
1831 0.02257204617279107
1832 0.0225790385921031
1833 0.02258611796496963
1834 0.02259324636256086
1835 0.02260050380166156
1836 0.02260767412188458
1837 0.02261486621797619
1838 0.02262194856238314
1839 0.02262913279156841
1840 0.02263661735248986
1841 0.02264431497524807
1842 0.02265174184682792
1843 0.02265924957638434
1844 0.02266695522600958
1845 0.02267480558591348
1846 0.02268277014739256
1847 0.02269070260955897
1848 0.02269852448571037
1849 0.02270630922820525
1850 0.02271395876058329
1851 0.02272201972148023
1852 0.02272953724908373
1853 0.02273726069312665
1854 0.02274532732439516
1855 0.02275331655850606
1856 0.02276141630505891
1857 0.02276967494713801
1858 0.02277807669435369
1859 0.02278611405041561
1860 0.02279416605667511
1861 0.02280185537960475
1862 0.02280959741780793
1863 0.02281750859381532
1864 0.02282561925121813
1865 0.02283366213769434
1866 0.02284154153751024
1867 0.0228495125230482
1868 0.02285743828859584
1869 0.02286537236324683
1870 0.02287356633538188
1871 0.02288159569255732
1872 0.02288957098470917
1873 0.02289747006820347
1874 0.02290560082656426
1875 0.02291437497464543
1876 0.02292263855856981
1877 0.02293087792765625
1878 0.02293917112898315
1879 0.02294740643622208
1880 0.02295570688037892
1881 0.02296386343614764
1882 0.02297197100753662
1883 0.02298047456162788
1884 0.02298851938714882
1885 0.02299679876777807
1886 0.0230051554124375
1887 0.02301347841210443
1888 0.023021713237742
1889 0.02302991854577096
1890 0.02303818833194066
1891 0.02304651565122979
1892 0.02305503149118492
1893 0.023063636885517
1894 0.02307211661912923
1895 0.02308061706399992
1896 0.02308892813098433
1897 0.02309714879034772
1898 0.0231053338242357
1899 0.02311362908537135
1900 0.02312209298651948
1901 0.02313047711368322
1902 0.02313870959735232
1903 0.02314720619547582
1904 0.02315581774332114
1905 0.02316449174624822
1906 0.02317306913763486
1907 0.02318165788152355
1908 0.02319010431809576
1909 0.02319860727848789
1910 0.02320704500943829
1911 0.02321550987454806
1912 0.02322409849022297
1913 0.02323266866439312
1914 0.02324125504864067
1915 0.02324994342571891
1916 0.02325862882845175
1917 0.02326701939507214
1918 0.02327524943520971
1919 0.02328353355604243
1920 0.02329211639492344
1921 0.02330085907171726
1922 0.0233096602103523
1923 0.02331844527511324
1924 0.02332735118123129
1925 0.02333611630457074
1926 0.02334477795790231
1927 0.02335328946172281
1928 0.02336175591121841
1929 0.02337008363257243
1930 0.02337845218790532
1931 0.023387084833167
1932 0.02339590631664915
1933 0.02340466190191228
1934 0.02341342634987536
1935 0.02342216029930273
1936 0.02343081707041985
1937 0.02343953706352231
1938 0.02344829338441644
1939 0.0234569199054615
1940 0.02346547258129057
1941 0.02347396956061853
1942 0.02348230345282401
1943 0.02349056587742805
1944 0.02349894464195508
1945 0.02350750475895419
1946 0.02351630981768834
1947 0.023525153264527
1948 0.02353432287057294
1949 0.0235431321420574
1950 0.02355172330413016
1951 0.02356029059750951
1952 0.02356893197296995
1953 0.02357769056751861
1954 0.0235863922815864
1955 0.02359518553042468
1956 0.02360396087674447
1957 0.02361268967184463
1958 0.0236212774641237
1959 0.02362985743025224
1960 0.02363835492415399
1961 0.02364696336139775
1962 0.02365563349313429
1963 0.02366436979843536
1964 0.02367310935715921
1965 0.02368184893609025
1966 0.02369034556597979
1967 0.023698732995378
1968 0.02370719291326377
1969 0.02371583948628867
1970 0.02372452012920577
1971 0.0237332048477884
1972 0.02374173684862314
1973 0.02375029465730174
1974 0.02375889233589332
1975 0.02376750524010502
1976 0.02377614367785276
1977 0.02378462637596251
1978 0.0237928861749825
1979 0.02380108153121997
1980 0.02380947468001344
1981 0.02381813550913976
1982 0.02382639829542127
1983 0.02383449020508645
1984 0.02384267604059053
1985 0.02385093250286592
1986 0.02385928697013412
1987 0.0238674867439597
1988 0.0238755415813794
1989 0.02388348606879616
1990 0.0238914018496815
1991 0.02389934797687117
1992 0.02390747849205385
1993 0.02391561175240099
1994 0.02392370685792788
1995 0.02393187159858938
1996 0.02393987998569275
1997 0.02394761300506921
1998 0.02395543696974073
1999 0.02396351192397849
2000 0.0239717230420477
2001 0.02397979335914224
2002 0.02398765929081649
2003 0.02399546526330295
2004 0.02400323934553749
2005 0.02401108877566099
2006 0.02401897352163982
2007 0.02402669233824953
2008 0.02403426370094187
2009 0.02404180109889654
2010 0.02404955075265474
2011 0.02405724103805839
2012 0.02406518836818054
2013 0.02407309961606727
2014 0.0240809002741311
2015 0.02408847865093028
2016 0.0240959335826156
2017 0.02410313698393147
2018 0.02411039078293812
2019 0.02411768035680193
2020 0.02412521201270637
2021 0.02413288065154133
2022 0.02413997776720539
2023 0.02414722400716212
2024 0.02415494015144426
2025 0.02416271507636479
2026 0.0241702519042027
2027 0.02417763245440497
2028 0.02418484323076577
2029 0.02419185793094448
2030 0.02419911971308744
2031 0.02420663678398538
2032 0.0242140895132404
2033 0.02422154288839867
2034 0.02422868420165495
2035 0.02423578331824317
2036 0.02424277064297192
2037 0.02424985734887617
2038 0.02425687727581886
2039 0.02426384388519437
2040 0.02427088576594065
2041 0.02427822311759519
2042 0.02428570447510084
2043 0.024293211578622
2044 0.02430057903797612
2045 0.02430767190059748
2046 0.02431457836265414
2047 0.02432126380434804
2048 0.02432782006079269
2049 0.0243344252488275
2050 0.02434126503472359
2051 0.02434838673636988
2052 0.02435568431732615
2053 0.02436273771059041
2054 0.02436974884666192
2055 0.0243765150866535
2056 0.02438324316238577
2057 0.02438994701938045
2058 0.02439657353264159
2059 0.02440319662055283
2060 0.0244096794962683
2061 0.02441650462029476
2062 0.02442347338697097
2063 0.02443034864133239
2064 0.02443702953489576
2065 0.02444363357729324
2066 0.0244500996926804
2067 0.02445654342609315
2068 0.02446287396945266
2069 0.02446908624530358
2070 0.02447513902951223
2071 0.02448125069533604
2072 0.02448744386847068
2073 0.02449383834479316
2074 0.02450022836845491
2075 0.02450636300801467
2076 0.02451254355454415
2077 0.02451884144063311
2078 0.02452500775404657
2079 0.02453095408572783
2080 0.02453681067535569
2081 0.02454283014449936
2082 0.02454868754491872
2083 0.02455450982770571
2084 0.02456010656942416
2085 0.02456556551647191
2086 0.02457092792921358
2087 0.02457647647956352
2088 0.02458231099135502
2089 0.02458808328350902
2090 0.02459395115078947
2091 0.02459968782678104
2092 0.02460517825950672
2093 0.02461056756980591
2094 0.0246159629090283
2095 0.02462116828281588
2096 0.02462623794493054
2097 0.02463117311767923
2098 0.02463641740495513
2099 0.02464188187701838
2100 0.02464755174617164
2101 0.02465301224824648
2102 0.02465830382891748
2103 0.02466324054144712
2104 0.02466834445919872
2105 0.02467199111804132
2106 0.02467687612307968
2107 0.02468172124372503
2108 0.02468633482105919
2109 0.02469110630925427
2110 0.02469597964235694
2111 0.02470105386219249
2112 0.02470597832521325
2113 0.02471080612509347
2114 0.02471551088790375
2115 0.02472023535196679
2116 0.02472506311740718
2117 0.0247297347729145
2118 0.02473429732166607
2119 0.02473861785032121
2120 0.02474287691458556
2121 0.02474674601535902
2122 0.02475063732799701
2123 0.02475476193238337
2124 0.02475935018690788
2125 0.02476283676964447
2126 0.02476763993677884
2127 0.0247719445134527
2128 0.02477620987554794
2129 0.02478040158378891
2130 0.02478460526640629
2131 0.02478868949308383
2132 0.02479279975361569
2133 0.02479667791685529
2134 0.02480059748591997
2135 0.02480457487124216
2136 0.02480873744758055
2137 0.02481267889541728
2138 0.02481648441812142
2139 0.02482028967984219
2140 0.02482413858836017
2141 0.02482786385440585
2142 0.02483164455134545
2143 0.02483531665810584
2144 0.02483892643155873
2145 0.02484214855709548
2146 0.02484524597495733
2147 0.02484848901156999
2148 0.02485188746970697
2149 0.02485548167836689
2150 0.02485922137242215
2151 0.02486277828090774
2152 0.02486602949643505
2153 0.02486905185707094
2154 0.0248720959475778
2155 0.02487509562747932
2156 0.02487796088913605
2157 0.02488057751734621
2158 0.02488322057675852
2159 0.0248859527948658
2160 0.02488899206835194
2161 0.02489217064502347
2162 0.0248951323804008
2163 0.02489793480273627
2164 0.02490054951733172
2165 0.02490308906261554
2166 0.02490540322999266
2167 0.02490758895811795
2168 0.02491006911575379
2169 0.02491280922913526
2170 0.02491548656859967
2171 0.02491790436299292
2172 0.02491997644554631
2173 0.02492199362691763
2174 0.02492413833420721
2175 0.02492664495181075
2176 0.0249290353599412
2177 0.0249313291054014
2178 0.02493349132731577
2179 0.02493559761498357
2180 0.02493766800144094
2181 0.02493958461488617
2182 0.0249413362756625
2183 0.02494309096845452
2184 0.02494453288614961
2185 0.02494628801542554
2186 0.02494829381223667
2187 0.02495034811765806
2188 0.02495238883290519
2189 0.02495435414540102
2190 0.02495593841619047
2191 0.02495729838143341
2192 0.0249586805706626
2193 0.02496043032245062
2194 0.02496195722296681
2195 0.02496334839826908
2196 0.02496505768843342
2197 0.02496639526251746
2198 0.0249679171115978
2199 0.02496917115485559
2200 0.02497071473479419
2201 0.02497181826305779
2202 0.02497269289988771
2203 0.02497348304214175
2204 0.02497432346256674
2205 0.02497535769353399
2206 0.02497647062175732
2207 0.02497755476998261
2208 0.02497838153051472
2209 0.02497899601515371
2210 0.02497984670535756
2211 0.02498097355562221
2212 0.02498197554622276
2213 0.02498267667232335
2214 0.0249834547117646
2215 0.024984022539147
2216 0.02498474733231495
2217 0.02498538181966075
2218 0.02498584285390227
2219 0.02498601951123326
2220 0.0249862061419918
2221 0.02498658246385297
2222 0.0249871547142478
2223 0.024987823586439
2224 0.02498838371434474
2225 0.02498897107923628
2226 0.02498936901561869
2227 0.02498954782942039
2228 0.02498980769434367
2229 0.0249899812578534
2230 0.02499018799513761
2231 0.02499022346579605
2232 0.02499014194841963
2233 0.02498970535725112
2234 0.02498936533341653
2235 0.0249891809536367
2236 0.02498933584305405
2237 0.02498968846241848
2238 0.02499011654279511
2239 0.02499031617382949
2240 0.02499028392035463
2241 0.02499011913711129
2242 0.02498977676700144
2243 0.02498934658968553
2244 0.02498877353232529
2245 0.02498800131538873
2246 0.02498741391389925
2247 0.02498681420683179
2248 0.02498610362706337
2249 0.0249855367297879
2250 0.02498491915156443
2251 0.02498447307383784
2252 0.02498422996581968
2253 0.02498387014049427
2254 0.02498310162299965
2255 0.02498223484207448
2256 0.02498136018912606
2257 0.02498044065773648
2258 0.02497953909904847
2259 0.02497871148161068
2260 0.02497800096102968
2261 0.02497725441216383
2262 0.02497620181593652
2263 0.02497509615720629
2264 0.02497396360703236
2265 0.02497285966515408
2266 0.02497153000273663
2267 0.02497023494513618
2268 0.02496906792841618
2269 0.02496814966012762
2270 0.02496710379476733
2271 0.02496590508341465
2272 0.02496442856233629
2273 0.02496266580070349
2274 0.02496108754691203
2275 0.02495959070618579
2276 0.02495823359657106
2277 0.0249568341646219
2278 0.02495524137917348
2279 0.02495340456110737
2280 0.02495175600105646
2281 0.02495029684264806
2282 0.02494907191404698
2283 0.02494752553747703
2284 0.02494570014786378
2285 0.02494364697560822
2286 0.0249415229113051
2287 0.02493955922410788
2288 0.02493767749458585
2289 0.0249356797120609
2290 0.02493369020125145
2291 0.02493180110534197
2292 0.02492957831604139
2293 0.02492725797820801
2294 0.02492518115918572
2295 0.02492316642007298
2296 0.02492094021594795
2297 0.0249186202639517
2298 0.02491629576575967
2299 0.02491438381120845
2300 0.02491256439869057
2301 0.02491049377847279
2302 0.02490820934152597
2303 0.02490584668629578
2304 0.02490340728903256
2305 0.02490088978431473
2306 0.02489850074106961
2307 0.02489594804752448
2308 0.02489324652672425
2309 0.02489038381776266
2310 0.02488766673985424
2311 0.0248852074433487
2312 0.02488278015015159
2313 0.02488038976999442
2314 0.02487789853804212
2315 0.02487539864726911
2316 0.02487274071452392
2317 0.02487001886408892
2318 0.02486737385404659
2319 0.02486428944271945
2320 0.02486117361024302
2321 0.02485799058731596
2322 0.02485542987517441
2323 0.02485265614864112
2324 0.02485006480207878
2325 0.02484747530534249
2326 0.0248444666877318
2327 0.02484151917598139
2328 0.02483840211167476
2329 0.02483541972545863
2330 0.02483243968821075
2331 0.02482938191509607
2332 0.02482595170023152
2333 0.02482237590460745
2334 0.02481886983673443
2335 0.02481538813105945
2336 0.02481230227197928
2337 0.02480946748540031
2338 0.02480665512568789
2339 0.02480351061942345
2340 0.02480040584752037
2341 0.02479686595413969
2342 0.02479313508808796
2343 0.02478938142782932
2344 0.02478557361444824
2345 0.02478160594725911
2346 0.02477771033674546
2347 0.02477406093118529
2348 0.02477100263791
2349 0.02476796633033508
2350 0.02476471202674025
2351 0.02476117129054561
2352 0.0247573783028648
2353 0.02475351520196069
2354 0.02474974770409149
2355 0.02474611846914215
2356 0.02474241213640758
2357 0.0247387847719958
2358 0.02473505721143564
2359 0.02473152786362464
2360 0.02472804641468305
2361 0.02472461378051201
2362 0.0247208241566894
2363 0.02471702537297236
2364 0.02471297512839688
2365 0.02470874499491103
2366 0.0247047194695823
2367 0.02470092748791199
2368 0.02469711531727627
2369 0.02469314913230447
2370 0.02468909984314922
2371 0.024685081172843
2372 0.02468116673420848
2373 0.02467715718348376
2374 0.02467320186732623
2375 0.024669155004709
2376 0.02466493822344229
2377 0.02466062125898175
2378 0.02465616785148861
2379 0.02465184682339151
2380 0.02464774702817173
2381 0.02464350544566655
2382 0.02463932727807392
2383 0.0246351750745377
2384 0.02463099678304251
2385 0.02462673138580897
2386 0.02462230893960376
2387 0.02461781219667881
2388 0.02461317499092399
2389 0.02460869350833934
2390 0.02460437918322731
2391 0.02460005420666431
2392 0.02459568280725175
2393 0.02459112980143959
2394 0.0245864145261752
2395 0.02458152689262687
2396 0.02457682350670722
2397 0.02457237221531371
2398 0.02456783428703109
2399 0.02456323583437202
2400 0.02455851587894361
2401 0.02455394747163349
2402 0.02454953036218008
2403 0.02454515140145245
2404 0.02454074342584279
2405 0.02453615773865859
2406 0.02453147568790048
2407 0.02452646616899728
2408 0.02452115842341431
2409 0.02451579686865154
2410 0.02451065669651912
2411 0.02450583655915316
2412 0.02450148328483585
2413 0.02449689548788082
2414 0.02449206411639849
2415 0.02448714950521206
2416 0.02448249132365064
2417 0.0244779701843841
2418 0.02447323504308371
2419 0.02446833903441066
2420 0.02446306556432288
2421 0.02445788959482952
2422 0.02445263379096497
2423 0.02444751980904608
2424 0.02444271565080074
2425 0.02443809615096023
2426 0.02443343796991573
2427 0.02442876362715262
2428 0.02442388808114957
2429 0.02441870303944104
2430 0.0244132272272027
2431 0.02440809963885599
2432 0.02440317843096898
2433 0.02439817527693239
2434 0.02439306295425751
2435 0.02438794021095209
2436 0.02438284653886524
2437 0.02437757150100432
2438 0.02437227993166102
2439 0.0243671111486365
2440 0.02436203888553699
2441 0.0243570502237488
2442 0.0243521722425045
2443 0.02434710588810622
2444 0.02434150993151281
2445 0.02433596187501258
2446 0.02433042020665069
2447 0.02432486696178166
2448 0.02431948990098554
2449 0.02431445849799585
2450 0.02430964268308924
2451 0.02430489392434785
2452 0.02429999898085438
2453 0.02429475126840498
2454 0.0242893202702754
2455 0.02428372464945753
2456 0.02427807883627909
2457 0.02427233556360285
2458 0.02426655228495787
2459 0.02426121456947299
2460 0.02425603514923765
2461 0.02425068087119905
2462 0.0242453836838845
2463 0.02424013602916737
2464 0.02423499160003354
2465 0.02422958630028469
2466 0.02422426166564747
2467 0.02421875090570478
2468 0.02421326299366889
2469 0.02420802364503534
2470 0.02420277999462055
2471 0.02419725720250545
2472 0.02419133603905172
2473 0.02418558285806543
2474 0.0241800686482679
2475 0.02417503310056662
2476 0.02417002109718522
2477 0.02416478259947205
2478 0.02415946119966548
2479 0.02415397160816967
2480 0.02414832272895679
2481 0.02414258327937276
2482 0.02413676092172258
2483 0.02413108496937028
2484 0.02412524996665253
2485 0.02411939234771274
2486 0.02411352300600912
2487 0.02410813775127866
2488 0.02410322266101549
2489 0.02409833067135739
2490 0.02409308296705833
2491 0.02408757909762396
2492 0.02408191441035345
2493 0.02407613542626302
2494 0.02407029655835916
2495 0.02406449445443357
2496 0.02405868586460904
2497 0.02405302254019539
2498 0.02404725447557695
2499 0.02404161242554842
2500 0.02403592110331979
2501 0.02403014808956573
2502 0.02402453312719308
2503 0.02401902860274629
2504 0.02401337401619755
2505 0.02400759693621347
2506 0.02400152778257629
2507 0.02399556441161073
2508 0.0239897259147949
2509 0.02398408342680207
2510 0.02397870194486946
2511 0.02397340657150935
2512 0.0239680105606528
2513 0.02396240069686675
2514 0.0239564878848287
2515 0.02395029545798054
2516 0.02394416135855192
2517 0.02393824693458356
2518 0.02393243322011206
2519 0.02392650071268995
2520 0.02392050917230075
2521 0.02391446265165398
2522 0.02390863607630107
2523 0.02390294360690316
2524 0.02389713722429607
2525 0.0238910980863134
2526 0.02388516828547964
2527 0.02387965992503153
2528 0.02387433460950189
2529 0.02386890251644839
2530 0.02386315882918045
2531 0.02385701131324574
2532 0.02385068100792008
2533 0.02384422618521408
2534 0.02383796594932072
2535 0.0238321788314329
2536 0.02382661457619692
2537 0.02382099033959371
2538 0.02381530506393421
2539 0.02380950536938119
2540 0.0238036610539282
2541 0.02379773261127207
2542 0.02379176133176393
2543 0.02378571455838565
2544 0.02377945122826696
2545 0.02377320112033659
2546 0.0237671888731383
2547 0.02376157816017156
2548 0.02375622600652857
2549 0.02375075393704942
2550 0.02374471599335859
2551 0.02373845600370316
2552 0.02373241337765859
2553 0.02372665494183698
2554 0.02372096569160619
2555 0.02371523062022272
2556 0.0237093432567276
2557 0.02370346209875221
2558 0.02369765891434957
2559 0.02369192388336863
2560 0.02368597495688385
2561 0.02368012304203773
2562 0.02367412526556355
2563 0.02366847265482339
2564 0.02366273327115844
2565 0.02365684629988988
2566 0.02365054711093045
2567 0.02364427517211081
2568 0.02363819242202271
2569 0.02363223065165977
2570 0.02362633954064904
2571 0.02362037435029129
2572 0.02361450062417619
2573 0.02360873592810135
2574 0.0236028631572741
2575 0.02359666695258816
2576 0.02359064198340862
2577 0.02358472579965777
2578 0.02357883735276913
2579 0.02357295755723899
2580 0.02356705852518017
2581 0.02356105544860762
2582 0.02355479847622118
2583 0.02354853762933363
2584 0.02354238490683992
2585 0.02353620359593253
2586 0.02353018200243163
2587 0.02352409226944874
2588 0.02351850673287352
2589 0.02351299559044757
2590 0.02350711959574609
2591 0.02350099232398547
2592 0.0234949040172253
2593 0.02348885128318376
2594 0.02348272143222336
2595 0.02347659288549872
2596 0.02347043708302095
2597 0.02346434063986709
2598 0.02345840642665528
2599 0.02345262500861084
2600 0.02344670961476196
2601 0.02344058695565316
2602 0.02343456771267778
2603 0.0234287613702302
2604 0.02342309388929436
2605 0.02341747252158662
2606 0.02341142629045791
2607 0.02340513534067742
2608 0.02339875754454959
2609 0.02339246468411975
2610 0.02338616932870551
2611 0.02338007538440975
2612 0.02337429054319785
2613 0.0233683944347715
2614 0.02336260047993213
2615 0.023356764747015
2616 0.02335091612922896
2617 0.02334522034027736
2618 0.02333935550543904
2619 0.02333321360993734
2620 0.02332697326643001
2621 0.02332063493660897
2622 0.02331450286849096
2623 0.02330887754854249
2624 0.02330296645731208
2625 0.02329677884787829
2626 0.02329050986471813
2627 0.02328455368059534
2628 0.02327881352867204
2629 0.02327299680754293
2630 0.02326699012345881
2631 0.02326056745206861
2632 0.02325422785423201
2633 0.02324806760874819
2634 0.02324219486986084
2635 0.02323678008666587
2636 0.02323134532945763
2637 0.02322561935954177
2638 0.02321952156507143
2639 0.02321337112001596
2640 0.02320726340645148
2641 0.02320122604827248
2642 0.0231952560252246
2643 0.02318911079580577
2644 0.02318282624275288
2645 0.02317642819118271
2646 0.02317035036902481
2647 0.02316458191116988
2648 0.02315888530896709
2649 0.02315323581923071
2650 0.02314754590530789
2651 0.02314173559842361
2652 0.02313566520758902
2653 0.02312956344651839
2654 0.02312366431093645
2655 0.02311776859996979
2656 0.02311159637804227
2657 0.02310554382800924
2658 0.02309940912623017
2659 0.02309362223031493
2660 0.02308778761148473
2661 0.02308191967924811
2662 0.02307590345955385
2663 0.02307003897769107
2664 0.02306423717452962
2665 0.02305838560304554
2666 0.02305241542442141
2667 0.02304638668260075
2668 0.02304036581110173
2669 0.02303404712545662
2670 0.02302773073102918
2671 0.02302167477179717
2672 0.02301586905216476
2673 0.02301017619368306
2674 0.02300423422136125
2675 0.02299806708682932
2676 0.02299214039117219
2677 0.02298643277549652
2678 0.02298066419521642
2679 0.02297467010036012
2680 0.0229686004499757
2681 0.02296231342698188
2682 0.02295596532736088
2683 0.02294959711702469
2684 0.0229438865104112
2685 0.02293829862030275
2686 0.02293233392091076
2687 0.02292636315914495
2688 0.02292050604745812
2689 0.02291472694101024
2690 0.02290877257255133
2691 0.02290262482917664
2692 0.02289637806008581
2693 0.02289028515530056
2694 0.0228841978811319
2695 0.02287813735112881
2696 0.02287232434231927
2697 0.0228663934507023
2698 0.02286035934698092
2699 0.02285450780510147
2700 0.02284876666848392
2701 0.02284303063127418
2702 0.02283706052316684
2703 0.02283085541268103
2704 0.02282470129781576
2705 0.02281840678042392
2706 0.02281208522550978
2707 0.0228058871405398
2708 0.02279998775918319
2709 0.02279465539624853
2710 0.02278918763176337
2711 0.02278344589921523
2712 0.02277747075154501
2713 0.0227714120089175
2714 0.02276550510998628
2715 0.02275976796841996
2716 0.02275412581228843
2717 0.02274846018541307
2718 0.02274256723708518
2719 0.02273652452386409
2720 0.02273061435775254
2721 0.0227246772375546
2722 0.02271859952070454
2723 0.02271254029071872
2724 0.02270644166026459
2725 0.02270057979348336
2726 0.02269468492442763
2727 0.02268916595258658
2728 0.0226835493894101
2729 0.02267749513348691
2730 0.02267109970558603
2731 0.02266474245602696
2732 0.02265852884249674
2733 0.02265302983954465
2734 0.02264751720704747
2735 0.02264199893088276
2736 0.02263641495058233
2737 0.02263053434103101
2738 0.02262452040223448
2739 0.02261830289701842
2740 0.02261196764947452
2741 0.02260568000048104
2742 0.02259972547627681
2743 0.02259389646006816
2744 0.02258841807242649
2745 0.02258291782915834
2746 0.02257711200976788
2747 0.02257121196918219
2748 0.02256504598955256
2749 0.02255897047784693
2750 0.02255336364608464
2751 0.0225475958479021
2752 0.02254159565269175
2753 0.02253544100137025
2754 0.0225294237939896
2755 0.02252357534027972
2756 0.02251767557350165
2757 0.02251173351433784
2758 0.02250586731958558
2759 0.02249988101735051
2760 0.02249421669972427
2761 0.02248877891994991
2762 0.02248328296700352
2763 0.02247759714536051
2764 0.02247174706245649
2765 0.0224658663091633
2766 0.02245992518136995
2767 0.02245383212139773
2768 0.02244763437716007
2769 0.0224415691558068
2770 0.02243575573770236
2771 0.02242997660330897
2772 0.02242428388862036
2773 0.02241837195834846
2774 0.02241257393635549
2775 0.02240699645216193
2776 0.0224013400408366
2777 0.02239577730422375
2778 0.02239003453722552
2779 0.02238415360306028
2780 0.02237785033344791
2781 0.02237146238940556
2782 0.02236536742704943
2783 0.02235953319065157
2784 0.02235427387444673
2785 0.02234881518043396
2786 0.0223432142298993
2787 0.0223374387396337
2788 0.02233162009089578
2789 0.02232558958981172
2790 0.02231955604744824
2791 0.02231356481868736
2792 0.02230764248035962
2793 0.02230175380196185
2794 0.02229610394120409
2795 0.02229050867163352
2796 0.02228492608590748
2797 0.02227938727679729
2798 0.0222732336729472
2799 0.02226706445024753
2800 0.02226083176204707
2801 0.02225490991497362
2802 0.02224909672949135
2803 0.02224332154848944
2804 0.02223743573156884
2805 0.02223164840877667
2806 0.02222551488077301
2807 0.02221969442671387
2808 0.02221423902784142
2809 0.02220865009923323
2810 0.02220304615353465
2811 0.02219732903290583
2812 0.02219085392428528
2813 0.02218503603368801
2814 0.02217931829661234
2815 0.02217354517270888
2816 0.02216723685584548
2817 0.02216132864415988
2818 0.02215554149015177
2819 0.0221498209086392
2820 0.02214425507347327
2821 0.02213869281742281
2822 0.02213305169125134
2823 0.02212739847662776
2824 0.02212169012659363
2825 0.02211605365557836
2826 0.02211040142336126
2827 0.02210474960756536
2828 0.02209887418285545
2829 0.02209313980907228
2830 0.02208729488815197
2831 0.02208145724657945
2832 0.02207572714406381
2833 0.02206995530016566
2834 0.02206407825997771
2835 0.02205818413964622
2836 0.02205212543460419
2837 0.02204631246341722
2838 0.0220408252326413
2839 0.02203535012488279
2840 0.0220297685762172
2841 0.02202378505893729
2842 0.02201757016106475
2843 0.02201137223937242
2844 0.02200569854159228
2845 0.02200031867917507
2846 0.02199498708085354
2847 0.02198961614603716
2848 0.02198415298285426
2849 0.02197841867976682
2850 0.02197233014112838
2851 0.02196606096784229
2852 0.0219597891259765
2853 0.02195366899011129
2854 0.02194733738518064
2855 0.02194140040591747
2856 0.02193563333236817
2857 0.02193011309613223
2858 0.02192466330123345
2859 0.02191935478533712
2860 0.02191400330963817
2861 0.02190804872006665
2862 0.02190194998321421
2863 0.02189589583420546
2864 0.0218899796773556
2865 0.02188367483939772
2866 0.02187769099762569
2867 0.0218717547267237
2868 0.0218659288209621
2869 0.02186023314727643
2870 0.02185450221346636
2871 0.02184917675783934
2872 0.02184360783285645
2873 0.02183794548395452
2874 0.02183250034765167
2875 0.02182696815096735
2876 0.02182132451227699
2877 0.02181544138181149
2878 0.02180937769314909
2879 0.02180347787834452
2880 0.02179745582694008
2881 0.02179161187142729
2882 0.02178628661969178
2883 0.02178104545332725
2884 0.02177546778546864
2885 0.02176967313915485
2886 0.02176401618747592
2887 0.02175849057176344
2888 0.02175264534002466
2889 0.02174668480156866
2890 0.02174096325508761
2891 0.02173469668607136
2892 0.02172828646283699
2893 0.02172205986061306
2894 0.02171623597142347
2895 0.02171112943052834
2896 0.02170589266408356
2897 0.02170062064014221
2898 0.02169534292819626
2899 0.021689522000991
2900 0.02168376152870943
2901 0.02167796310557323
2902 0.02167175375266164
2903 0.02166592060097151
2904 0.02166014459085919
2905 0.02165423563078049
2906 0.02164909339995257
2907 0.02164371041118312
2908 0.02163828909731855
2909 0.02163273383389338
2910 0.02162700374765137
2911 0.02162103774079529
2912 0.02161531258121461
2913 0.02160943034998996
2914 0.02160355153245339
2915 0.02159736685489373
2916 0.02159143776517993
2917 0.02158557015231715
2918 0.02158058053613846
2919 0.02157565965137047
2920 0.0215702210824154
2921 0.02156429348824723
2922 0.02155838171403075
2923 0.02155244573708408
2924 0.0215465171356999
2925 0.02154109642472256
2926 0.02153550621009087
2927 0.02153020273352424
2928 0.0215245949296184
2929 0.02151871076007387
2930 0.02151309567414618
2931 0.02150755928059003
2932 0.02150187035753447
2933 0.0214963096321894
2934 0.02149110280584215
2935 0.02148584298961574
2936 0.02147987311247826
2937 0.02147354585261758
2938 0.02146774416058676
2939 0.02146194219632669
2940 0.02145654100268377
2941 0.02145110215405851
2942 0.02144551650225098
2943 0.02144004804207635
2944 0.02143432434545092
2945 0.02142873141235663
2946 0.02142340411187149
2947 0.02141789882148933
2948 0.0214124092948577
2949 0.02140691462751688
2950 0.02140118967179142
2951 0.02139546200411371
2952 0.02138934567295107
2953 0.02138380916579102
2954 0.0213781046187941
2955 0.02137244578773604
2956 0.0213666335452182
2957 0.02136122138919363
2958 0.02135579430968965
2959 0.02135076251809361
2960 0.02134548743791753
2961 0.0213398602038709
2962 0.02133440873525667
2963 0.02132869538411308
2964 0.02132351830699766
2965 0.02131790529069784
2966 0.02131258070472017
2967 0.02130708729896986
2968 0.02130165418589251
2969 0.02129615032343275
2970 0.02129044563943082
2971 0.02128460457186323
2972 0.02127856591173718
2973 0.02127259476825264
2974 0.02126716581583802
2975 0.02126162573286839
2976 0.02125637413505464
2977 0.02125051106053274
2978 0.02124498178260217
2979 0.02123973774331437
2980 0.02123443061149675
2981 0.02122909183844576
2982 0.02122390960681078
2983 0.02121828034022426
2984 0.02121305126622665
2985 0.02120745346580517
2986 0.02120206991694855
2987 0.0211962479595841
2988 0.02119031218606852
2989 0.0211849377525003
2990 0.02117947460435852
2991 0.02117417023425773
2992 0.02116896508165394
2993 0.02116379735685247
2994 0.02115873312919454
2995 0.0211533273143058
2996 0.02114803904071301
2997 0.02114267037823132
2998 0.02113673965737986
2999 0.02113076244736859
3000 0.02112554447742803
