"drag-rfile"
"Iteration" "drag"
("Iteration" "drag")
1 1.786910594327926
2 2.444720988398855
3 2.935805505793773
4 3.232948184374506
5 3.400408584623023
6 3.443772570626653
7 3.386225720171835
8 3.213885515038536
9 2.974844157393741
10 2.788127096041441
11 2.555377929579782
12 2.357446968125937
13 2.206837955115938
14 2.086898767324808
15 1.989248697632631
16 1.902531345178327
17 1.813449987756943
18 1.717608810986764
19 1.612079022093695
20 1.497996040898631
21 1.377877859689747
22 1.254099225565658
23 1.131072794548253
24 1.011837724113765
25 0.8958357035327683
26 0.7856481343966634
27 0.6805266733990967
28 0.5826327169485401
29 0.4922568699622107
30 0.4095651783758286
31 0.3330091396616638
32 0.2632787326427633
33 0.2002427556590479
34 0.1442804837011689
35 0.09305709260677345
36 0.04673620686791834
37 0.005015152269141294
38 -0.03249806484075547
39 -0.06616009904622927
40 -0.09628864167479009
41 -0.1229776096569138
42 -0.146560997107484
43 -0.1672424324723545
44 -0.1850694490497906
45 -0.2002756010261423
46 -0.2134713653714296
47 -0.224525434272712
48 -0.2337464872279522
49 -0.2411280248135223
50 -0.2469928881223467
51 -0.251519772557283
52 -0.2548542254978746
53 -0.2570843476331065
54 -0.25856924310663
55 -0.2592054754846354
56 -0.2591117692478951
57 -0.2583018974072829
58 -0.2569090682494545
59 -0.2550146026141261
60 -0.2526627306425283
61 -0.2496674763017953
62 -0.2461390704450356
63 -0.242429211336699
64 -0.2378378699125527
65 -0.2327261516570877
66 -0.2269174109541538
67 -0.2205519556857844
68 -0.2134272050655961
69 -0.2056596189749355
70 -0.1972635530943083
71 -0.1878640893417047
72 -0.1778559938941892
73 -0.167054452643074
74 -0.1554575766005651
75 -0.1432250293721693
76 -0.1303458796025915
77 -0.1168485646201155
78 -0.1027322381406836
79 -0.08803685139518355
80 -0.07285752799779738
81 -0.057186067469568
82 -0.04106541320484136
83 -0.02461431122409391
84 -0.00792968379531651
85 0.009028402521459106
86 0.0261889215148369
87 0.04385406440263603
88 0.0616970179844673
89 0.07935649024750505
90 0.0970577859686005
91 0.1147001024329317
92 0.1322141020729325
93 0.1494625228938446
94 0.1664779925985071
95 0.1863819431469081
96 0.20243881484763
97 0.218087890338763
98 0.2361138564385703
99 0.2504541576912575
100 0.2642058429875085
101 0.2773142164237878
102 0.2898069436043028
103 0.3015178080599812
104 0.3123049935748754
105 0.3223860417445065
106 0.3317101899594842
107 0.3402791754230591
108 0.348078839994
109 0.3550826438454626
110 0.3612718173655722
111 0.3666351125465017
112 0.3711387094833069
113 0.3748134522348007
114 0.3776455158796156
115 0.3796376859191707
116 0.3808680482017166
117 0.3812203581408465
118 0.3807134660566821
119 0.3793218895421615
120 0.37704910339173
121 0.3738832059454613
122 0.369824223863412
123 0.3649069692772231
124 0.3591603267718921
125 0.3525977429324596
126 0.3452782710462338
127 0.3372051286947017
128 0.3284203429594265
129 0.3189698321621697
130 0.3089129701526652
131 0.2982932569311695
132 0.2871034714331254
133 0.2754754531071155
134 0.2634700459015414
135 0.2511850229352753
136 0.2386426885007007
137 0.2259661841595405
138 0.2131291187995341
139 0.2002217401611993
140 0.187322749435241
141 0.1744650045242196
142 0.1616787199563704
143 0.1490512376711686
144 0.1366178745595647
145 0.1244260839187098
146 0.1125401232707281
147 0.1009724011004835
148 0.0897625881957327
149 0.07894623728685279
150 0.06854341789985449
151 0.05859662233744376
152 0.04913661867659289
153 0.04018790250567193
154 0.03177929698288604
155 0.02392309554912412
156 0.01663734880781007
157 0.009933361314728993
158 0.003816546450243131
159 -0.001684455964727532
160 -0.006560973502827341
161 -0.01080253801739339
162 -0.01441546995157046
163 -0.01739804536533548
164 -0.01975307146096525
165 -0.02148658905114683
166 -0.02260182425342502
167 -0.02311060714664326
168 -0.02301782948576051
169 -0.02233649914263612
170 -0.02107944964471089
171 -0.019271051580551
172 -0.01691786138127407
173 -0.01406691994097331
174 -0.01068483765580462
175 -0.006804308287499803
176 -0.002454866035717274
177 0.002337087328304733
178 0.007551191885090683
179 0.0131650009320624
180 0.01915665061111149
181 0.02549963905881252
182 0.03216839900039929
183 0.03914164874547193
184 0.04637271273806159
185 0.0538676547851495
186 0.0615565703539676
187 0.06944796606918087
188 0.07748885135322139
189 0.08566908457212302
190 0.09395400349244971
191 0.1023171395845072
192 0.1107300815830896
193 0.1191558528443955
194 0.1275767083334341
195 0.1359655781876966
196 0.1442934774029234
197 0.152519990870013
198 0.1606338749728503
199 0.1686099066986986
200 0.1764425235225413
201 0.1840821486105319
202 0.1915079553331471
203 0.1986968937919946
204 0.205627262522261
205 0.2122854217412905
206 0.2186382956141714
207 0.2246680078007347
208 0.2303571694709032
209 0.235688546060118
210 0.2406639594184332
211 0.2452383350849998
212 0.2494161075398188
213 0.2531744415140775
214 0.2565133240895118
215 0.2594082234772022
216 0.261881094653192
217 0.263921319695828
218 0.2655221875552508
219 0.2666805229624124
220 0.2673927285571247
221 0.2676639162792376
222 0.2674967278969233
223 0.2668959851204862
224 0.2658664174629986
225 0.2644189010998715
226 0.2625598667937046
227 0.260299640714235
228 0.2576451147293538
229 0.2546159459627547
230 0.2512274196693826
231 0.2474969294101332
232 0.2434238607918377
233 0.2390420683990344
234 0.2343806273450275
235 0.2294538567670181
236 0.2242863586677281
237 0.2188885148325664
238 0.2132826655149475
239 0.2075215243021273
240 0.2016074390165009
241 0.1955648420107061
242 0.1894157440621371
243 0.1831833656734512
244 0.176894471799423
245 0.1705727891300452
246 0.164246254260291
247 0.1579402830256499
248 0.1516799591529598
249 0.1454892722101654
250 0.1393919125017286
251 0.1334100001080087
252 0.1275676173096721
253 0.1218724608118724
254 0.1163751773891445
255 0.1110799474395008
256 0.1060043184948132
257 0.1011662171365385
258 0.09658214694702173
259 0.09226694614994051
260 0.08823383994791149
261 0.08449555196458712
262 0.08106278474571511
263 0.07794421862725892
264 0.07514761074707436
265 0.07268642901174745
266 0.07055768207239921
267 0.06876471802297293
268 0.0673079067745086
269 0.06618948238281856
270 0.06540981186206304
271 0.06496783650752042
272 0.06486038289839514
273 0.065080868767648
274 0.06562471329681927
275 0.06648536165568528
276 0.06765571576273537
277 0.06912597044595267
278 0.07088792488525898
279 0.07292692777540587
280 0.07523349523302343
281 0.07779460060405341
282 0.08059402358144076
283 0.08362140819516065
284 0.08686130832119793
285 0.09029914679454716
286 0.09391845162517112
287 0.09770418388218802
288 0.1016393787889444
289 0.1057087236957318
290 0.1098944703209098
291 0.11417946490487
292 0.1185469340494942
293 0.1229792885174834
294 0.1274601211852628
295 0.1319782600698709
296 0.1365022883023622
297 0.1410249872699827
298 0.1455391824883893
299 0.1500085865769813
300 0.154428550209436
301 0.1587845779472919
302 0.1630618730178309
303 0.1672466406311167
304 0.1713257511950532
305 0.1752858556537595
306 0.1791151038271401
307 0.1828074108174566
308 0.1863442213541354
309 0.1897121654518628
310 0.1929170930828782
311 0.1959398040456306
312 0.1987802553933989
313 0.2014226144942218
314 0.203857427377695
315 0.2060816971366315
316 0.2080904473911693
317 0.2098802654094959
318 0.211450432014917
319 0.212795121835635
320 0.2139123283362279
321 0.214791736897094
322 0.2154458745184152
323 0.2158785935018026
324 0.2160884217224166
325 0.2160796577818857
326 0.2158545565351238
327 0.2154183545838189
328 0.2147741267785825
329 0.2139305952761297
330 0.2128869759424432
331 0.2116535123876036
332 0.2102389509025161
333 0.208646314093509
334 0.2068870602420831
335 0.2049712473976404
336 0.2029082610570974
337 0.2007073563141959
338 0.1983791824577625
339 0.1959334472681008
340 0.1933822743109298
341 0.1907347715985685
342 0.1880035846224979
343 0.1851970933460873
344 0.182326864021734
345 0.1794041351204196
346 0.1764431504836314
347 0.1734513236145306
348 0.1704403832853293
349 0.1674098459817198
350 0.1643808715639976
351 0.161365245891819
352 0.158371679382438
353 0.1554147654465199
354 0.1525036614481331
355 0.1496475331218058
356 0.1468544700290962
357 0.1441445178045414
358 0.1415140631293347
359 0.1389698836100021
360 0.1365188605924923
361 0.1341711020980912
362 0.1319325433874375
363 0.1298084173430387
364 0.127804353316247
365 0.1259260017267621
366 0.1241754603205514
367 0.1225579583244897
368 0.1210765732399008
369 0.1197331002329201
370 0.1185293668602605
371 0.1174679917009778
372 0.1165429573571511
373 0.1157548248801406
374 0.1151160447440907
375 0.1146214860573856
376 0.1142707846250077
377 0.114062957686901
378 0.1139927794838797
379 0.1140571393128883
380 0.1142586683853673
381 0.1145954209641424
382 0.1150641335182907
383 0.1156608233140394
384 0.1163795383916376
385 0.1172166004743469
386 0.1181673569670538
387 0.1192275648837239
388 0.1203934168865047
389 0.1216597774463838
390 0.1230203379820745
391 0.1244697849437212
392 0.1260044780031716
393 0.1276147256667843
394 0.1293001095914887
395 0.1310507814628232
396 0.132859784471684
397 0.1347212478700062
398 0.1366287301473604
399 0.1385749575703183
400 0.1405532090127068
401 0.1425583473876551
402 0.1445839333914433
403 0.1466229730148922
404 0.1486662641259476
405 0.1507088875278957
406 0.1527436684697495
407 0.1547645290646553
408 0.1567631623477239
409 0.1587326711765006
410 0.1606666273258465
411 0.1625560215332189
412 0.1643984593806638
413 0.1661862226341244
414 0.1679105282984826
415 0.1695690202625076
416 0.1711566615006627
417 0.1726667124215754
418 0.1740955807319834
419 0.1754375162037195
420 0.1766887492932976
421 0.1778447808346182
422 0.1789020687355562
423 0.1798577635707093
424 0.1807081437514719
425 0.1814508421402707
426 0.1820874642206231
427 0.1826127551336617
428 0.1830251948276999
429 0.1833273190392755
430 0.1835141925090639
431 0.1835850209537892
432 0.1835408056259112
433 0.1833825793442712
434 0.1831118077763953
435 0.1827305278213521
436 0.1822409098545945
437 0.1816459144711517
438 0.1809484277668045
439 0.1801521574252454
440 0.1792608342293507
441 0.1782704068463344
442 0.177194247490144
443 0.1760363068369069
444 0.1748040001015131
445 0.1735006383729909
446 0.1721366809677336
447 0.1707114051640271
448 0.1692298147707774
449 0.16769421886215
450 0.1661134733798784
451 0.1644917267059945
452 0.1628366779978874
453 0.1611539102381637
454 0.1594530155714153
455 0.1577362077657114
456 0.1560080499730949
457 0.1542736797267581
458 0.1525396472116617
459 0.1508117600586507
460 0.1490948171049621
461 0.1473911745785091
462 0.1457116111702708
463 0.1440594927800233
464 0.1424390138401358
465 0.1408544088777347
466 0.139312483633208
467 0.1378250488382116
468 0.1363866409056095
469 0.1349927005646962
470 0.1336566950495209
471 0.132381958895671
472 0.1311726547224688
473 0.1300301585598073
474 0.1289571066107489
475 0.1279557766928527
476 0.1270283209559328
477 0.1261771272591635
478 0.1254032199045285
479 0.1247079131280552
480 0.1240916671108945
481 0.1235556165168908
482 0.1230994305278594
483 0.1227224120699012
484 0.1224245841500947
485 0.1222048398169768
486 0.122059937587634
487 0.1219904672357656
488 0.1219956131453192
489 0.1220706842348945
490 0.1222158722491196
491 0.1224281439617192
492 0.1227052448172628
493 0.1230442952332086
494 0.123441753552373
495 0.1238941971515523
496 0.1243980135337489
497 0.1249496239089988
498 0.1255439965172815
499 0.1261798655633524
500 0.1268552010418215
501 0.1275627318108352
502 0.1282986390724704
503 0.129059198208227
504 0.1298403691607754
505 0.13063473875087
506 0.1314408802481283
507 0.1322549348941825
508 0.1330720365876746
509 0.1338887459564852
510 0.1346993572935599
511 0.1355015689044438
512 0.1362889791176665
513 0.1370598204315727
514 0.137812220385934
515 0.13854073740081
516 0.1392420261782836
517 0.1399129358171438
518 0.1405500952830499
519 0.1411503467918439
520 0.1417119340989727
521 0.1422337138475243
522 0.1427127681065143
523 0.1431456343975604
524 0.1435343552926488
525 0.1438750582160634
526 0.1441674514704851
527 0.1444074090513569
528 0.1445968339954451
529 0.1447352519204008
530 0.1448223361416209
531 0.1448625442984401
532 0.1448513213673121
533 0.1447900482032128
534 0.1446746910204539
535 0.1445106884211427
536 0.1442991721779244
537 0.144042466382445
538 0.1437508399020243
539 0.1434152277526494
540 0.1430368277293159
541 0.142616987562653
542 0.1421616861251262
543 0.1416689581724493
544 0.1411374746597622
545 0.1405697115160653
546 0.1399717817623785
547 0.1393457329400595
548 0.13870088619349
549 0.138032615821535
550 0.1373431363151422
551 0.1366377643189169
552 0.135913075147351
553 0.1351742305644706
554 0.1344237904037788
555 0.1336640410198008
556 0.1328946966315814
557 0.1321127732010336
558 0.1313302684531671
559 0.1305482577096774
560 0.1297697169064691
561 0.1289961960905182
562 0.1282298573835072
563 0.1274726569543475
564 0.1267270652540365
565 0.1259939362065397
566 0.1252746940399531
567 0.1245704572209535
568 0.123884647762225
569 0.1232161831231186
570 0.1225664737831423
571 0.1219359562085454
572 0.1213254820247181
573 0.1207352338106846
574 0.1201662615859336
575 0.1196186014301498
576 0.1190925970749024
577 0.1185884781712275
578 0.1181062768612669
579 0.1176463733148513
580 0.1172087969555329
581 0.1167937444139509
582 0.116400752173535
583 0.1160272407095907
584 0.1156754717949404
585 0.1153449951229834
586 0.1150358433012371
587 0.1147478167299249
588 0.1144803091921004
589 0.114232742099199
590 0.1140025051517898
591 0.1137920811223
592 0.1136006514463646
593 0.1134276503183814
594 0.1132724134975291
595 0.1131345167573737
596 0.1130128367360615
597 0.1129089689586575
598 0.1128193859292214
599 0.1127439300299551
600 0.1126821908852495
601 0.1126332399743109
602 0.1125969604806712
603 0.112572630519835
604 0.1125587247894575
605 0.112558214104035
606 0.1125666417248573
607 0.1125833010764342
608 0.1126076469587714
609 0.1126369759915977
610 0.1126731297619251
611 0.112715341943326
612 0.1127630980754066
613 0.1128160147070145
614 0.1128733827991889
615 0.1129339628388325
616 0.1129970196793185
617 0.1130627266912342
618 0.1131256102432414
619 0.1131892512061936
620 0.1132529988708568
621 0.1133191195567574
622 0.1133845946550748
623 0.1134478410932565
624 0.1135083693563342
625 0.1135651991701118
626 0.1136175700376262
627 0.1136642660464637
628 0.1137052540895786
629 0.113739918009115
630 0.1137678025048408
631 0.1137881460986416
632 0.1138006870205505
633 0.1138055978332585
634 0.113801163781272
635 0.1137847490280691
636 0.1137585904382014
637 0.1137223214355316
638 0.113677993110488
639 0.1136230322148262
640 0.1135573605552667
641 0.1134825771108877
642 0.113396708970834
643 0.1132994134151463
644 0.1131904590844605
645 0.1130696004312026
646 0.1129366252812133
647 0.1127918156249526
648 0.112635164844481
649 0.1124666473870003
650 0.1122868040828643
651 0.1120957599844216
652 0.1118937543592915
653 0.1116810772767334
654 0.1114574831982949
655 0.1112235647249616
656 0.1109795670577768
657 0.1107265631068368
658 0.1104646233895062
659 0.1101942956896105
660 0.1099159800886966
661 0.1096301964465683
662 0.1093374307427758
663 0.1090384656901574
664 0.1087338951322541
665 0.1084246142872758
666 0.1081112845037208
667 0.1077947919269328
668 0.1074762703214535
669 0.1071565991623209
670 0.1068365162009214
671 0.1065169117022381
672 0.1061985699573178
673 0.1058823217440186
674 0.105569157324938
675 0.1052606369921566
676 0.1049568088701769
677 0.1046589797178971
678 0.1043676691818763
679 0.1040834395764304
680 0.1038077837005498
681 0.1035413690405156
682 0.1032847512627267
683 0.1030388076189301
684 0.1028040814562197
685 0.1025811408592114
686 0.1023710871833876
687 0.1021743297390464
688 0.1019912482197694
689 0.1018225066953045
690 0.1016683501349438
691 0.1015292764942761
692 0.1014052508396108
693 0.1012966726393493
694 0.1012038511026631
695 0.1011269249053858
696 0.1010659767975011
697 0.1010207226865773
698 0.1009913720614026
699 0.1009777045670624
700 0.100979672533591
701 0.1009967211543998
702 0.101028435811799
703 0.1010743891137633
704 0.1011341855314158
705 0.1012072780397408
706 0.1012929875331454
707 0.1013907528390958
708 0.1015002015898796
709 0.1016204895003614
710 0.1017507639320607
711 0.1018902839553445
712 0.102037998827975
713 0.1021932135399878
714 0.1023546597444662
715 0.1025216275471357
716 0.1026931969267552
717 0.1028685399425868
718 0.1030465539953977
719 0.1032271657375879
720 0.1034085594198742
721 0.1035897652732149
722 0.1037696337694212
723 0.1039474257790932
724 0.1041207607194707
725 0.1042901593501246
726 0.1044548197136655
727 0.1046140470487265
728 0.1047669111516985
729 0.1049126869406216
730 0.1050502875545606
731 0.1051789943961918
732 0.1052983859366128
733 0.1054076235837815
734 0.1055062138038445
735 0.1055937264831351
736 0.1056696794759234
737 0.1057339246165531
738 0.1057854078785561
739 0.1058239570470674
740 0.1058492742451843
741 0.1058593577375373
742 0.1058555413826686
743 0.1058377993497567
744 0.1058048392551491
745 0.1057582533669644
746 0.1056991024190149
747 0.1056264228351524
748 0.1055402442547929
749 0.1054409783395464
750 0.1053289390876916
751 0.1052044896687454
752 0.1050678780138424
753 0.1049193217472545
754 0.1047595278961786
755 0.1045886756596404
756 0.1044077330456603
757 0.1042170225719472
758 0.1040190373404411
759 0.1038123181898699
760 0.103597523240971
761 0.1033753691558564
762 0.1031466137094725
763 0.1029116536310139
764 0.1026713340643537
765 0.1024257666347384
766 0.102176317342246
767 0.101923655106419
768 0.1016687030102119
769 0.1014120553034594
770 0.1011544137311004
771 0.1008962192969846
772 0.1006384614100796
773 0.1003821054992627
774 0.1001273261500255
775 0.09987498226849224
776 0.09962595078890005
777 0.09938066051370589
778 0.09913987984453179
779 0.09890402258013775
780 0.09867374462017368
781 0.09844911057338739
782 0.09823082836402411
783 0.09801940605329369
784 0.09781542269959945
785 0.09761904662651876
786 0.09743089930458376
787 0.09725118058108033
788 0.09708021372155722
789 0.09691799785367609
790 0.09676487035028629
791 0.09662082782853046
792 0.09648625673876703
793 0.09636103035978956
794 0.0962452723362431
795 0.09613890140167319
796 0.09604218302141905
797 0.09595482376194102
798 0.09587695041849739
799 0.09580816414526601
800 0.09574854285133116
801 0.09569769168903274
802 0.09565559967185687
803 0.09562207770258847
804 0.09559683831109833
805 0.09557936070520838
806 0.09556985005655815
807 0.09556782496430724
808 0.09557279502600313
809 0.09558433184696148
810 0.09560225026165337
811 0.09562621599252058
812 0.09565552840552478
813 0.09568991129926634
814 0.09572909696718104
815 0.09577269663893785
816 0.09582012858167625
817 0.0958708254848213
818 0.09592437099626802
819 0.09598034816677858
820 0.09603837567979869
821 0.09609794245540283
822 0.09615847218196406
823 0.09621952740110426
824 0.09628101638028849
825 0.09634255197196806
826 0.09640355112242573
827 0.0964638975542465
828 0.09652281427547546
829 0.09657975362490151
830 0.09663464779455071
831 0.09668695591686163
832 0.09673666049715811
833 0.09678333642051139
834 0.09682655270827036
835 0.09686616660895729
836 0.09690189695180682
837 0.09693346907771085
838 0.09696079589421021
839 0.09698350472487494
840 0.09700146169311176
841 0.09701493101689186
842 0.09702347374705043
843 0.09702693967939864
844 0.0970230498548105
845 0.09701392570584809
846 0.09699968488636865
847 0.09698027138519239
848 0.09695564931826123
849 0.09692598669497932
850 0.09689124958491877
851 0.09685192136825707
852 0.09680739038032993
853 0.09675795988039354
854 0.09670358410179311
855 0.09664436214666959
856 0.09658039228345138
857 0.09651177088873031
858 0.09643809475423959
859 0.0963601980616961
860 0.09627825390897898
861 0.09619235961633028
862 0.09610280357411631
863 0.09600964479818837
864 0.09591328987057572
865 0.09581410706564188
866 0.09571214681219721
867 0.09560773863893532
868 0.09550110796731705
869 0.09539238333414321
870 0.09528187151946012
871 0.09516980845134385
872 0.09505655736404677
873 0.09494235754380299
874 0.09482760238975053
875 0.09471240066142679
876 0.09459708030986759
877 0.0944817858631905
878 0.09436663239580477
879 0.09425181572582614
880 0.09413776750208573
881 0.09402461544457434
882 0.09391259730817721
883 0.09380196743768164
884 0.09369294752929652
885 0.09358560957326824
886 0.0934802837374696
887 0.09337684545115611
888 0.09327556827716604
889 0.09317650713019127
890 0.09307996277403689
891 0.09298592179302893
892 0.09289480516890757
893 0.09280646070166207
894 0.09272102726859871
895 0.09263858884137975
896 0.09255929353559464
897 0.09248308789059649
898 0.09240987994072707
899 0.0923402529591794
900 0.09227377091541694
901 0.09221054985213281
902 0.09215040097411426
903 0.09209356701985888
904 0.09204017610839863
905 0.09198989161183475
906 0.09194276121618965
907 0.09189864128888708
908 0.09185762805879923
909 0.09181955374273312
910 0.09178433991065219
911 0.0917518987023401
912 0.0917221326759305
913 0.09169513662603825
914 0.09167070295876077
915 0.09164878718268868
916 0.09162940612162565
917 0.09161212681090591
918 0.09159681497554652
919 0.09158363951128533
920 0.09157241772022116
921 0.0915628533293614
922 0.0915548114594847
923 0.09154814318958485
924 0.0915427998932148
925 0.09153833179061922
926 0.09153500556671924
927 0.09153248988649239
928 0.09153065412113194
929 0.09152936499469773
930 0.09152848651609366
931 0.09152797247479912
932 0.09152765861545928
933 0.09152755456660254
934 0.09152753138437043
935 0.09152730905657996
936 0.09152665228299346
937 0.09152569624727874
938 0.09152198190472864
939 0.09152075052045029
940 0.09151850912846014
941 0.09151527395703855
942 0.09150901083675597
943 0.09150447151700904
944 0.091498348174138
945 0.0914890269919711
946 0.09148111424985114
947 0.09147120764257002
948 0.0914578215073162
949 0.09144524745550368
950 0.09142888198631359
951 0.09141275505613099
952 0.09139299549885954
953 0.09137364285280952
954 0.09135043851681576
955 0.09132770533356747
956 0.09130102972793379
957 0.09127479937042256
958 0.09124463336151356
959 0.0912147603941465
960 0.0911807059616041
961 0.09114717231807951
962 0.09110938724499532
963 0.0910725450628688
964 0.09103137662408695
965 0.09099114842219865
966 0.09094871169929848
967 0.09090209782830411
968 0.09085709253954133
969 0.090810269800031
970 0.09075965509249453
971 0.09071067576087181
972 0.09065986369248064
973 0.09060764738268212
974 0.0905517789435325
975 0.09049837554046956
976 0.0904437749226516
977 0.09038804233164355
978 0.0903285438376347
979 0.09027219196337785
980 0.09021519580564361
981 0.09015775566254096
982 0.09009987714815271
983 0.09004150183729708
984 0.08998294342255683
985 0.08992104690613564
986 0.08986352381857776
987 0.08980568942167137
988 0.08974763191816146
989 0.08968981931222497
990 0.08963237388424176
991 0.08957558535409171
992 0.08951582323530055
993 0.08946130710298209
994 0.08940705116830175
995 0.08935346397777247
996 0.08930068870872972
997 0.08924458530036356
998 0.08919461474283123
999 0.08914494711295916
1000 0.08909595232424898
1001 0.0890435274363655
1002 0.08899795749558538
1003 0.08895331873628275
1004 0.08890478005572215
1005 0.08886287652569104
1006 0.08882147725655264
1007 0.08877627951306988
1008 0.08873760688214649
1009 0.08869552743879049
1010 0.08866004425304425
1011 0.08862543715328081
1012 0.08858722521382932
1013 0.08855583956878257
1014 0.08852073101626107
1015 0.08849189110670903
1016 0.08845920401398885
1017 0.08843273788201353
1018 0.08840256701976727
1019 0.08837437770846801
1020 0.08835089468589825
1021 0.08832467808416732
1022 0.08830406913908724
1023 0.08828076682440045
1024 0.0882598871693388
1025 0.08824397858002797
1026 0.08822416653080527
1027 0.08820595630147905
1028 0.0881921438515039
1029 0.08817487254222792
1030 0.088158956282445
1031 0.08814752648989611
1032 0.08813269659408447
1033 0.08811948848556196
1034 0.08810719201598756
1035 0.08809837983154963
1036 0.08808641121624558
1037 0.08807535030613421
1038 0.08806735547783212
1039 0.08805583924193063
1040 0.08804523684123933
1041 0.08803515464492671
1042 0.08802690854489251
1043 0.08801670886051841
1044 0.08800710894763943
1045 0.08799922102285383
1046 0.08798971826927067
1047 0.08798176640445193
1048 0.08797187703017029
1049 0.08796212769255114
1050 0.08795331726591399
1051 0.08794286919624365
1052 0.08793352542641796
1053 0.08792227515453578
1054 0.0879120505054572
1055 0.08790017349212571
1056 0.08788908489869761
1057 0.08787703703340542
1058 0.08786346219790148
1059 0.08785089552149625
1060 0.08783753117542052
1061 0.08782220657802183
1062 0.08780791079190749
1063 0.08779283529438729
1064 0.08777594659535377
1065 0.0877603459911146
1066 0.08774370235818052
1067 0.08772527731710515
1068 0.08770788580723452
1069 0.08769024038651083
1070 0.08767057820901737
1071 0.08765262169839351
1072 0.08763235077069169
1073 0.087613503051627
1074 0.0875940068384799
1075 0.08757204223479434
1076 0.08755224233130797
1077 0.08752947659718321
1078 0.08750879304589569
1079 0.08748511187226163
1080 0.08746354702952652
1081 0.08743926759670696
1082 0.08741758529755013
1083 0.08739322708629552
1084 0.08737167166073773
1085 0.0873469631475856
1086 0.08732502584415046
1087 0.08729997073530808
1088 0.08727800618437639
1089 0.08725294138600277
1090 0.08723094155833024
1091 0.08720555555334529
1092 0.08718363582981228
1093 0.0871581333677805
1094 0.08713608995798841
1095 0.08711099501914466
1096 0.08708947899291776
1097 0.08706500332386728
1098 0.0870440760331745
1099 0.08702324923369906
1100 0.08699907512393772
1101 0.08697899755318814
1102 0.08695848693664472
1103 0.08693441593104427
1104 0.08691461969489595
1105 0.08689482926773406
1106 0.08687157568242868
1107 0.08685304872667755
1108 0.08683490538488137
1109 0.0868171763939197
1110 0.08679583837373323
1111 0.08677925031465626
1112 0.08676291682609395
1113 0.08674666512347885
1114 0.08672665214721989
1115 0.08671127793919263
1116 0.08669605410299938
1117 0.08668097350586855
1118 0.08666628942617914
1119 0.08664863288791957
1120 0.08663622164768772
1121 0.0866243287309201
1122 0.08661260504511729
1123 0.08660091532868736
1124 0.08658592374276683
1125 0.08657548942174231
1126 0.08656524897891119
1127 0.08655523411588965
1128 0.08654238088494833
1129 0.08653384378563413
1130 0.08652608781624817
1131 0.08651872858638372
1132 0.08651213430732892
1133 0.08650277646916049
1134 0.08649755373944978
1135 0.08649221831409584
1136 0.08648419447824485
1137 0.08647987352312495
1138 0.08647569768153816
1139 0.08647180133077714
1140 0.0864658532652441
1141 0.08646318752510801
1142 0.08646093520010746
1143 0.08645892096295603
1144 0.08645496213936535
1145 0.08645432500100915
1146 0.08645385822544448
1147 0.08645349325617283
1148 0.08645110147918267
1149 0.08645140360737605
1150 0.08645202977018503
1151 0.08645132032900661
1152 0.08645298232076713
1153 0.08645408329988012
1154 0.08645548803769712
1155 0.08645605742361565
1156 0.08645830110332377
1157 0.08646051309818491
1158 0.0864623758145088
1159 0.08646572530845889
1160 0.08646941011189011
1161 0.08647289712938704
1162 0.08647761985401288
1163 0.08648209721049117
1164 0.0864864693082571
1165 0.08648984367495888
1166 0.08649442252392457
1167 0.08649866069515266
1168 0.08650280207117715
1169 0.08650600079601037
1170 0.08651061405007827
1171 0.08651540236439652
1172 0.08652013446359559
1173 0.08652455346255217
1174 0.08652720676579331
1175 0.08653131040184962
1176 0.08653534517647452
1177 0.08653921833131151
1178 0.08654289865181852
1179 0.08654632185954292
1180 0.08654848935167168
1181 0.08655220485553024
1182 0.08655571599563942
1183 0.08655879068935081
1184 0.086561689256912
1185 0.08656311893244276
1186 0.08656609577989755
1187 0.08656858938120778
1188 0.08657060358819631
1189 0.08657257872735003
1190 0.08657428070491376
1191 0.0865759170230084
1192 0.08657744909173648
1193 0.08657883294325951
1194 0.08657972519052085
1195 0.08658009083287714
1196 0.08658013058141616
1197 0.08658009969328413
1198 0.0865800176225658
1199 0.08657977050401687
1200 0.08657953840906894
1201 0.08657900340169181
1202 0.08657826603470203
1203 0.08657745562285026
1204 0.08657648068175629
1205 0.08657536660050373
1206 0.08657418993645374
1207 0.08657286323521204
1208 0.08657165558142525
1209 0.0865705103827044
1210 0.08656947322549652
1211 0.0865685907472999
1212 0.08656775298968142
1213 0.08656679123334997
1214 0.08656570429664968
1215 0.08656468978522774
1216 0.08656382996003452
1217 0.08656301258685399
1218 0.086562353419478
1219 0.0865618751939517
1220 0.08656182637833242
1221 0.08656201665627923
1222 0.08656256409250686
1223 0.08656329075287009
1224 0.08656421404810261
1225 0.08656526948670544
1226 0.08656646114712795
1227 0.08656800859883419
1228 0.08656978834746677
1229 0.08657176661761516
1230 0.08657421205271339
1231 0.08657696767882409
1232 0.08658008417045958
1233 0.08658360734367229
1234 0.08658739915759095
1235 0.08659165752243626
1236 0.08659628730643892
1237 0.08660111130453017
1238 0.08660640665183142
1239 0.08661196647695385
1240 0.08661787156199211
1241 0.0866242182183371
1242 0.08663104977028184
1243 0.08663813159524482
1244 0.08664559752258419
1245 0.08665342956252459
1246 0.08666167694621034
1247 0.08667037008143685
1248 0.08667949644447094
1249 0.08668893708447609
1250 0.08669870060143782
1251 0.08670878811367312
1252 0.08671925132231952
1253 0.08672977771975142
1254 0.08674050755626636
1255 0.0867513397762123
1256 0.08676221896509762
1257 0.08677356856484604
1258 0.08678531130894407
1259 0.08679742835066223
1260 0.08680985868094303
1261 0.0868223522972795
1262 0.08683490903103824
1263 0.08684749145853037
1264 0.086860101051272
1265 0.08687277143577224
1266 0.08688566593952814
1267 0.08689840966161294
1268 0.08691112230108736
1269 0.08692395922451514
1270 0.08693716578144048
1271 0.0869505280479107
1272 0.08696395462158826
1273 0.08697728045123704
1274 0.08699072376266565
1275 0.08700409678522925
1276 0.08701761244981052
1277 0.08703123369074355
1278 0.08704494116029721
1279 0.08705865312955546
1280 0.0870724214256417
1281 0.08708621398253505
1282 0.08709993210284575
1283 0.08711352568154647
1284 0.08712700762815671
1285 0.08714035664156841
1286 0.08715373152859017
1287 0.08716715777423229
1288 0.08718076221679381
1289 0.08719433331582649
1290 0.08720799481768995
1291 0.08722145521199766
1292 0.08723488531220021
1293 0.08724838417051413
1294 0.08726168906431363
1295 0.08727477648715704
1296 0.0872876552799879
1297 0.08730156791049316
1298 0.08731529534260164
1299 0.08732929864983167
1300 0.08734320027233783
1301 0.08735692120406358
1302 0.08737040545408832
1303 0.08738369325019624
1304 0.08739691532844277
1305 0.08741009770077268
1306 0.0874233277161053
1307 0.08743648206497176
1308 0.08744956354097996
1309 0.08746256326242051
1310 0.0874753189408649
1311 0.08748801518690821
1312 0.08750064966636637
1313 0.08751330319913074
1314 0.08752595925593855
1315 0.08753842410735008
1316 0.08755111412483405
1317 0.08756373075161988
1318 0.08757626103523038
1319 0.08758884552741923
1320 0.0876016984155126
1321 0.08761462986792672
1322 0.08762729420209491
1323 0.08763984347324476
1324 0.08765227743542892
1325 0.0876647101133763
1326 0.08767714911844821
1327 0.08768971062965732
1328 0.0877026381596287
1329 0.08771561891247223
1330 0.08772850394133945
1331 0.08774123454192635
1332 0.08775407934563578
1333 0.08776707691035905
1334 0.08778016020883961
1335 0.08779337715066891
1336 0.0878066539609679
1337 0.0878200416046501
1338 0.08783347093161442
1339 0.08784697429264943
1340 0.08786050470450485
1341 0.08787425500477784
1342 0.08788823321475549
1343 0.08790226597374568
1344 0.08791631129692287
1345 0.08793038522773569
1346 0.08794482056556464
1347 0.08795959312854683
1348 0.08797441352173037
1349 0.08798933276672516
1350 0.08800451283082514
1351 0.08801988041291897
1352 0.08803552140679927
1353 0.08805125898774681
1354 0.08806719327204732
1355 0.08808333485017356
1356 0.08809974967440301
1357 0.08811638423929542
1358 0.08813335475090524
1359 0.08815055818143043
1360 0.08816752489966959
1361 0.08818453951281101
1362 0.08820180539244658
1363 0.08821937519399943
1364 0.08823731119938191
1365 0.08825559328332687
1366 0.08827421323421918
1367 0.08829302076102168
1368 0.08831211178547155
1369 0.08833156092694734
1370 0.08835140294335475
1371 0.08837132655814196
1372 0.0883915052618771
1373 0.08841192101711293
1374 0.08843235525357944
1375 0.08845299804943256
1376 0.08847390929455441
1377 0.08849509314804879
1378 0.08851663641671191
1379 0.08853858590005188
1380 0.08856066132592423
1381 0.08858274513420532
1382 0.08860482316431204
1383 0.08862692880184325
1384 0.08864928156407535
1385 0.08867186368760072
1386 0.0886948574160456
1387 0.08871803849489239
1388 0.0887411081359213
1389 0.08876435999612176
1390 0.0887877424544417
1391 0.0888112079718819
1392 0.08883475603741356
1393 0.08885822185888523
1394 0.08888177109768372
1395 0.08890534880139196
1396 0.08892900345901243
1397 0.08895264896899473
1398 0.08897646136900403
1399 0.08900017327194824
1400 0.08902389414812111
1401 0.08904756607431047
1402 0.0890712500798815
1403 0.08909498185971207
1404 0.08911853297447786
1405 0.08914201138805003
1406 0.08916525828693377
1407 0.0891884321365707
1408 0.08921158455107688
1409 0.08923478718411136
1410 0.08925810486508636
1411 0.08928115570474635
1412 0.08930412729184474
1413 0.08932697345839283
1414 0.08934957273478934
1415 0.08937191705410399
1416 0.0893943437806537
1417 0.08941598340623608
1418 0.08943770686967564
1419 0.08945922743258415
1420 0.08948059135552296
1421 0.08950169755730741
1422 0.08952271967256784
1423 0.08954384714779988
1424 0.08956504363668015
1425 0.0895863234689461
1426 0.08960755528890631
1427 0.08962873761831518
1428 0.08964980730532565
1429 0.08967095676101185
1430 0.08969165056108901
1431 0.08971235632631637
1432 0.08973304423328134
1433 0.08975397096525056
1434 0.08977453997152281
1435 0.08979506167915645
1436 0.08981578829493203
1437 0.08983657631210611
1438 0.08985715487131786
1439 0.08987769673868611
1440 0.08989841777101523
1441 0.08991879380375516
1442 0.08993915033881507
1443 0.08995962816562643
1444 0.08997989481050184
1445 0.09000056352498326
1446 0.09002108312041471
1447 0.09004173630068008
1448 0.09006244738238825
1449 0.09008330193122248
1450 0.09010419642772548
1451 0.09012503973697414
1452 0.09014587090381113
1453 0.09016693162297496
1454 0.09018745229919543
1455 0.09020857786637702
1456 0.09022965042989525
1457 0.0902511817721721
1458 0.09027297707085222
1459 0.09029476202479607
1460 0.09031674131160812
1461 0.09033877765709274
1462 0.09036071080812014
1463 0.09038297443070535
1464 0.09040540258966467
1465 0.09042765623983919
1466 0.09045040062616523
1467 0.09047329982001594
1468 0.09049638827705675
1469 0.09051967331105965
1470 0.0905433143283914
1471 0.09056717824703375
1472 0.09059118153265847
1473 0.09061519677288482
1474 0.09063943910193104
1475 0.09066398263706059
1476 0.09068870736893768
1477 0.09071356993536715
1478 0.0907385527043965
1479 0.09076364268345724
1480 0.09078882233236386
1481 0.09081402432404125
1482 0.0908391378429684
1483 0.09086419422790212
1484 0.09088931815623191
1485 0.09091465977678674
1486 0.09094028982371775
1487 0.09096604810288797
1488 0.09099137625220057
1489 0.09101684941195272
1490 0.09104244254982589
1491 0.09106803846803745
1492 0.09109388194248133
1493 0.09111966040912882
1494 0.0911454487681177
1495 0.09117134243269404
1496 0.09119738275696322
1497 0.0912234472960276
1498 0.09124956021358599
1499 0.09127572635751187
1500 0.09130183675801039
1501 0.09132787819013001
1502 0.09135405290505162
1503 0.09138024059046165
1504 0.09140641066863398
1505 0.09143248755748588
1506 0.09145919637469052
1507 0.09148564761469225
1508 0.09151216784115522
1509 0.09153848574655273
1510 0.09156435851848281
1511 0.09158994522272348
1512 0.09161544957539343
1513 0.09164061376379847
1514 0.0916658247355394
1515 0.09169101082438902
1516 0.09171608888044816
1517 0.09174096321030864
1518 0.09176568701050239
1519 0.09179023381460744
1520 0.09181469166715808
1521 0.0918389553322229
1522 0.09186301378537996
1523 0.09188673899019929
1524 0.09191049485009913
1525 0.0919341091835946
1526 0.09195762810492077
1527 0.09198094108692889
1528 0.0920040724696229
1529 0.09202695019754664
1530 0.09204977143252592
1531 0.09207244091160724
1532 0.09209503430726958
1533 0.09211759038421458
1534 0.09214021704981829
1535 0.09216279259533169
1536 0.09218549751940212
1537 0.09220795321141029
1538 0.09223029874939034
1539 0.09225248831218427
1540 0.09227467622749633
1541 0.09229666682878482
1542 0.09231868621688578
1543 0.09234088144408778
1544 0.09236316808639163
1545 0.09238556996798318
1546 0.09240784042657947
1547 0.09243012035659981
1548 0.09245241174084384
1549 0.09247466783982622
1550 0.09249698383673434
1551 0.09251888526103898
1552 0.09254119031587733
1553 0.09256355449066347
1554 0.09258608463041314
1555 0.0926087167285682
1556 0.09263146948058679
1557 0.09265413785794974
1558 0.0926770148381371
1559 0.09269991760196297
1560 0.09272291707933381
1561 0.09274582776445996
1562 0.09276870915925968
1563 0.09279166656497594
1564 0.09281476925341246
1565 0.09283799616341376
1566 0.09286135138525094
1567 0.0928848261835127
1568 0.09290836625943344
1569 0.09293199962337857
1570 0.09295573543375378
1571 0.09297966304029501
1572 0.09300359890551338
1573 0.09302762532296048
1574 0.0930516622122556
1575 0.09307584289660237
1576 0.0931001619829889
1577 0.09312453482850309
1578 0.09314896833791467
1579 0.09317355039042895
1580 0.09319821636768243
1581 0.09322275438959053
1582 0.09324719182144461
1583 0.09327164553723347
1584 0.09329625186116654
1585 0.0933209901756123
1586 0.09334586581031899
1587 0.09337082475892013
1588 0.09339593930029259
1589 0.09342111614214577
1590 0.09344639817688973
1591 0.09347182001795726
1592 0.09349738558680597
1593 0.09352303891680198
1594 0.09354885384111362
1595 0.09357470745285949
1596 0.09360059215766435
1597 0.09362638499725669
1598 0.0936522920038543
1599 0.09367815888316693
1600 0.09370397642751138
1601 0.09372976636720941
1602 0.09375564963112376
1603 0.09378155859761059
1604 0.09380748755313982
1605 0.0938333538485983
1606 0.0938591279012536
1607 0.09388489616601621
1608 0.09391050301619269
1609 0.09393595431768448
1610 0.09396133276441733
1611 0.09398660209977423
1612 0.09401185778103134
1613 0.09403695656714615
1614 0.09406201058528142
1615 0.0940884917188711
1616 0.09411464449344094
1617 0.09414058275860168
1618 0.09416625550249068
1619 0.09419156813322409
1620 0.09421649694982735
1621 0.09424132399628306
1622 0.09426610828438257
1623 0.09429055919958979
1624 0.09431483888926839
1625 0.09433886324231311
1626 0.09436268833138201
1627 0.09438630299924564
1628 0.09440955758536615
1629 0.09443256894508555
1630 0.09445536032043803
1631 0.09447815772053192
1632 0.09450099809918494
1633 0.09452377021772564
1634 0.0945464762984673
1635 0.09456912623127341
1636 0.09459168923240774
1637 0.09461419176332823
1638 0.09463660235375082
1639 0.09465882039333647
1640 0.09468261240142693
1641 0.09470441635615695
1642 0.09472623475599594
1643 0.09474823009919481
1644 0.09477037793371981
1645 0.09479429281239189
1646 0.09481627396363861
1647 0.09483826100505861
1648 0.09486201077352721
1649 0.09488255613725624
1650 0.09490317519123631
1651 0.09492481937366723
1652 0.09494568045827095
1653 0.0949667578613087
1654 0.09498898007971492
1655 0.09501049445967409
1656 0.09503231089977135
1657 0.09505491669392878
1658 0.09507712511793343
1659 0.09510000199917719
1660 0.09512242365122778
1661 0.09514513069120718
1662 0.0951675566195901
1663 0.09519030997411337
1664 0.09521269085372389
1665 0.09523567844051767
1666 0.09525810037905812
1667 0.09528054839772351
1668 0.09530392230311247
1669 0.09532681346480411
1670 0.09535013179692019
1671 0.09537330238904856
1672 0.09539643945823395
1673 0.09541997905444584
1674 0.09544283537309192
1675 0.09546571353891019
1676 0.09548938788025291
1677 0.09551207230229998
1678 0.09553476482335356
1679 0.09555822880600214
1680 0.09558087924733696
1681 0.09560358053286287
1682 0.09562721594840969
1683 0.0956498720671167
1684 0.09567310248088552
1685 0.0956954149342485
1686 0.09571762354941116
1687 0.0957407417871938
1688 0.09576286281382586
1689 0.09578589834805971
1690 0.09580775568998438
1691 0.09582961541578118
1692 0.09585240699276555
1693 0.09587404022699998
1694 0.09589572921892738
1695 0.09591741965186688
1696 0.09593922085675501
1697 0.09596097313601652
1698 0.09598269464646381
1699 0.09600465025292286
1700 0.09602682785285739
1701 0.09604923489867799
1702 0.09607162352316048
1703 0.09609388354768503
1704 0.09611617068714
1705 0.09613834026548376
1706 0.09616035204030357
1707 0.09618195031815324
1708 0.09620346729817431
1709 0.09622499712062507
1710 0.0962465035468953
1711 0.09626820613075111
1712 0.09628999612986522
1713 0.09631157187633214
1714 0.09633296632995068
1715 0.09635414100283103
1716 0.0963750983238684
1717 0.09639577776335895
1718 0.096416526441817
1719 0.09643730364952939
1720 0.09645982609718858
1721 0.09648087561503012
1722 0.09650159516865862
1723 0.09652360591723459
1724 0.09654340429976988
1725 0.09656468234876484
1726 0.09658404367271133
1727 0.09660505186317479
1728 0.09662431634277396
1729 0.09664508853412715
1730 0.09666409939146965
1731 0.09668481437982555
1732 0.09670542433336321
1733 0.09672385441256659
1734 0.09674398331324095
1735 0.09676403266506992
1736 0.09678194686125796
1737 0.09680174981089136
1738 0.09682162971220056
1739 0.09683950123412424
1740 0.09685909870731063
1741 0.09687886647307177
1742 0.09689682314890505
1743 0.09691652351730185
1744 0.09693623286437614
1745 0.09695586782798706
1746 0.0969732298679566
1747 0.09699236498162459
1748 0.09701151988160686
1749 0.09703079056450277
1750 0.09704852584044656
1751 0.09706797616958633
1752 0.09708736934221424
1753 0.09710520442051532
1754 0.09712454004632823
1755 0.09714378609342028
1756 0.09716118438927834
1757 0.09718030772203681
1758 0.09719927829514244
1759 0.09721675109999396
1760 0.09723598987786332
1761 0.09725545418932151
1762 0.09727484202957883
1763 0.0972920869919526
1764 0.09731121622557391
1765 0.0973303040573027
1766 0.09734906344750442
1767 0.09736773724144267
1768 0.0973838731690562
1769 0.09740241433084836
1770 0.09742077529786383
1771 0.09743928815647986
1772 0.09745546938276679
1773 0.09747453347233302
1774 0.09749351052626691
1775 0.09751227038229918
1776 0.09753087031961548
1777 0.09754920854348097
1778 0.09756418929988921
1779 0.09758189144742792
1780 0.09759949964774824
1781 0.0976170651945409
1782 0.09763465860710126
1783 0.09764979884051678
1784 0.09766760445918848
1785 0.09768548697488662
1786 0.0977031857702526
1787 0.09772074121118685
1788 0.09773608291494489
1789 0.09775386670595447
1790 0.09777161413193718
1791 0.09778944511615173
1792 0.09780718069847251
1793 0.09782266851950512
1794 0.09784053185260282
1795 0.09785843036944146
1796 0.09787600141803647
1797 0.09789123864107728
1798 0.09790862310395568
1799 0.09792600951427825
1800 0.09794348289941818
1801 0.09796107676641357
1802 0.09797599893492524
1803 0.09799347580375775
1804 0.0980106421070077
1805 0.09802763543786344
1806 0.09804451656435392
1807 0.09806106110860537
1808 0.09807460166284412
1809 0.09809087543603332
1810 0.09810696961810718
1811 0.09812328441678411
1812 0.09813944938380992
1813 0.09815505284763328
1814 0.09816766443300069
1815 0.0981831066840904
1816 0.09819824001912277
1817 0.09821351103257103
1818 0.09822862844200495
1819 0.09824371085500598
1820 0.09825861410376648
1821 0.09827346163969661
1822 0.09828541766720818
1823 0.09830050200515425
1824 0.0983153849624252
1825 0.09833007976257652
1826 0.09834456333664988
1827 0.098358981265184
1828 0.09837304167269462
1829 0.09838472922650464
1830 0.09839917760187515
1831 0.09841384943615333
1832 0.09842849197363947
1833 0.09844299722752195
1834 0.09845512769640874
1835 0.09847012500121848
1836 0.09848496375218489
1837 0.09849968839865271
1838 0.09851432268562382
1839 0.09852646456538686
1840 0.09854135202432214
1841 0.09855643497424751
1842 0.09857132402442455
1843 0.09858625527081319
1844 0.09860100491686033
1845 0.09861309555236082
1846 0.0986276691709693
1847 0.09864236390411738
1848 0.09865698113124945
1849 0.09867172795786057
1850 0.09868348832804888
1851 0.09869820835697209
1852 0.09871279336038567
1853 0.09872723938913765
1854 0.09873867398095951
1855 0.09875302514997315
1856 0.09876716445962745
1857 0.09878132096609184
1858 0.09879274619908281
1859 0.09880709553315069
1860 0.09882127457675495
1861 0.0988353931121423
1862 0.09884945942142921
1863 0.09886069776411319
1864 0.09887459578830353
1865 0.09888828137398295
1866 0.09890182155709891
1867 0.09891248455618321
1868 0.09892598545905625
1869 0.09893962814139827
1870 0.09895015282379159
1871 0.09896383284251167
1872 0.09897758020294435
1873 0.09898834203656917
1874 0.099001917971655
1875 0.09901241290762715
1876 0.09902578541602906
1877 0.09903626732414224
1878 0.09904975318740228
1879 0.09906333380753579
1880 0.09907396668020076
1881 0.09908754933499157
1882 0.0990981342867816
1883 0.09911137108238829
1884 0.09912154023239547
1885 0.09913440067620892
1886 0.09914692383588858
1887 0.09915613994406217
1888 0.09916850500011377
1889 0.09917760334754509
1890 0.09918994810061652
1891 0.09920204902538801
1892 0.09921081187642543
1893 0.09922263848080255
1894 0.09923091505399206
1895 0.09924234548420483
1896 0.09925341669377592
1897 0.09926085317472842
1898 0.09927170859438722
1899 0.09927923876341636
1900 0.09929015396768595
1901 0.09929749053501391
1902 0.09930834929006882
1903 0.09931552626716413
1904 0.09932605546003931
1905 0.09933296299475246
1906 0.09934296308025857
1907 0.09934981447598501
1908 0.0993567346391642
1909 0.09936701601316324
1910 0.09937407544255324
1911 0.09938138571675531
1912 0.09939189079919863
1913 0.09939899778451686
1914 0.09940604196355785
1915 0.09941339227029844
1916 0.09942098318773421
1917 0.09943181954946817
1918 0.09943947053034331
1919 0.09944685237145147
1920 0.09945427175252374
1921 0.09946168017118898
1922 0.09946917281657232
1923 0.09947661705147397
1924 0.09948400468509323
1925 0.0994913289429287
1926 0.09949875619712557
1927 0.09950619107091852
1928 0.09951362193032788
1929 0.09952101982805311
1930 0.09952849435544248
1931 0.09953580556746434
1932 0.0995428464463836
1933 0.09954987842617383
1934 0.09955670838346263
1935 0.09956366257370647
1936 0.09957062936326561
1937 0.09957753131359794
1938 0.09958451698340437
1939 0.09959154755587321
1940 0.09959838021900286
1941 0.09960502668121096
1942 0.09961179587586631
1943 0.09961838422834639
1944 0.09962460776274369
1945 0.09963074231476179
1946 0.09963692343364301
1947 0.09964302960996151
1948 0.09964932764092893
1949 0.09965534590125467
1950 0.09966147078154383
1951 0.09966762680514101
1952 0.09967391516161223
1953 0.09968013863393159
1954 0.09968628313547681
1955 0.09969241304438838
1956 0.09969841419894676
1957 0.09970444904596887
1958 0.09971055464109445
1959 0.09971646586108517
1960 0.09972236286408429
1961 0.0997280105619114
1962 0.09973359612241235
1963 0.09973894566273441
1964 0.09974413972642236
1965 0.09974920069357926
1966 0.09975420345313368
1967 0.09975943609742428
1968 0.09976477951897779
1969 0.09977001673144227
1970 0.09977515130542694
1971 0.09978021907555316
1972 0.09978489303019418
1973 0.09978963622076768
1974 0.09979426740583615
1975 0.09979870492508446
1976 0.09980299976141088
1977 0.09980723186634825
1978 0.09981134866373861
1979 0.09981524777646493
1980 0.09981915306271345
1981 0.09982293693628135
1982 0.09982668550349473
1983 0.0998303527193012
1984 0.09983367697378745
1985 0.09983692942240464
1986 0.09984018557451391
1987 0.09984364744629015
1988 0.09984700381237202
1989 0.09985044533425973
1990 0.09985384606209323
1991 0.09985709023192056
1992 0.09985999468503441
1993 0.09986262529207601
1994 0.09986499649474009
1995 0.09986725452486139
1996 0.09986947099478552
1997 0.09987166693591164
1998 0.09987384491522429
1999 0.09987619793210621
2000 0.09987849087615643
2001 0.09988074618962607
2002 0.099883017433267
2003 0.09988511530075583
2004 0.09988698585201621
2005 0.09988873027171025
2006 0.09989042440781817
2007 0.09989203693678055
2008 0.09989361838902963
2009 0.09989499149431372
2010 0.09989617382356157
2011 0.0998970979399663
2012 0.09989794633537416
2013 0.09989876513091286
2014 0.09989947045606944
2015 0.09990018411672778
2016 0.09990084250007018
2017 0.0999014757951341
2018 0.09990212398519807
2019 0.09990271079997677
2020 0.09990310899761795
2021 0.09990355573488702
2022 0.09990378832125361
2023 0.09990372401796926
2024 0.09990366227766699
2025 0.09990355921812566
2026 0.09990323679654876
2027 0.09990231035542377
2028 0.0999015555799929
2029 0.09990077097021967
2030 0.09990012028530994
2031 0.09989921117166753
2032 0.09989839546450545
2033 0.09989763662717291
2034 0.09989672262719453
2035 0.09989580127270553
2036 0.09989482635250185
2037 0.09989403272425218
2038 0.09989379772728808
2039 0.09989342959271699
2040 0.09989323545327723
2041 0.09989293851574124
2042 0.09989242454296179
2043 0.09989173250211619
2044 0.09989094368925429
2045 0.09989006936836004
2046 0.09988926524213843
2047 0.09988836407991694
2048 0.09988731855945404
2049 0.09988663803179887
2050 0.09988583203978478
2051 0.09988487668978163
2052 0.09988376784002083
2053 0.09988233703790155
2054 0.09988068054818183
2055 0.09987899939194538
2056 0.09987727778099305
2057 0.0998756719444634
2058 0.0998738578886286
2059 0.09987197454084187
2060 0.09986985592217966
2061 0.09986752321472879
2062 0.09986484535364731
2063 0.09986198724498784
2064 0.09985909539640893
2065 0.0998561553241973
2066 0.09985336497667717
2067 0.09985040830429243
2068 0.09984734769543401
2069 0.09984421022656348
2070 0.09984100804682258
2071 0.09983758838100058
2072 0.09983407582967335
2073 0.09983058715126295
2074 0.09982688552451711
2075 0.0998228303234123
2076 0.09981868112404466
2077 0.09981443892901427
2078 0.09981022628783608
2079 0.0998062093832538
2080 0.09980194133498342
2081 0.09979765865394259
2082 0.09979340176525581
2083 0.09978902221048702
2084 0.09978449356396153
2085 0.09977973204830778
2086 0.09977496268813847
2087 0.09977013689516108
2088 0.09976528638015203
2089 0.09975933885427007
2090 0.09975342444779718
2091 0.09974746981699559
2092 0.09974141892698617
2093 0.09973512318651992
2094 0.09972863887151277
2095 0.09972204606512224
2096 0.09971536463053167
2097 0.09970885765232508
2098 0.09970251398249815
2099 0.09969602286755694
2100 0.09968957916538866
2101 0.09968309107919503
2102 0.0996768114072935
2103 0.09967058882893824
2104 0.09966424497776198
2105 0.09965802610653467
2106 0.09965179759319214
2107 0.09964544016573755
2108 0.09963904639289332
2109 0.09963265085667357
2110 0.0996261745603306
2111 0.09961980003504013
2112 0.09961337586562888
2113 0.09960708567666587
2114 0.09960074569387901
2115 0.09959425229109832
2116 0.09958764226530836
2117 0.09958073130297404
2118 0.09957377563227435
2119 0.09956649770193031
2120 0.09955909462551217
2121 0.09955178046796417
2122 0.099544235338829
2123 0.0995373236822637
2124 0.09953030953169938
2125 0.09952310030310582
2126 0.09951561449666371
2127 0.09950817039753142
2128 0.09950027403238029
2129 0.09949237036771047
2130 0.09948437138666975
2131 0.09947610683184766
2132 0.09946774080660664
2133 0.09945931498847223
2134 0.09945075217478636
2135 0.09944290132831911
2136 0.09943477420588406
2137 0.09942653568982117
2138 0.09941805074463449
2139 0.09940919481600331
2140 0.09939999130578411
2141 0.09939744896877395
2142 0.09938722955995094
2143 0.09937694932355476
2144 0.09936630354569306
2145 0.09935579423348012
2146 0.09935261136148556
2147 0.09934139040013311
2148 0.09932993986977157
2149 0.09931837344879389
2150 0.09931419369664421
2151 0.09930169107424663
2152 0.09928894656254925
2153 0.09928410844146854
2154 0.09927042381463837
2155 0.0992567475198349
2156 0.09925121480998494
2157 0.09923703648848324
2158 0.0992229797099593
2159 0.09921737160716712
2160 0.09920273735775641
2161 0.09918823188175754
2162 0.0991818652540636
2163 0.09916703840276241
2164 0.09915255765887056
2165 0.09914624523549673
2166 0.09913127171251902
2167 0.09911659446515256
2168 0.09911032646053243
2169 0.09909520771547883
2170 0.09908861692879653
2171 0.09907322259286859
2172 0.09906616042889374
2173 0.09905010934442039
2174 0.09903454556311413
2175 0.0990277032441418
2176 0.0990117759936943
2177 0.09900420174925229
2178 0.09898768379087879
2179 0.09897135756437346
2180 0.09896387864904929
2181 0.09894745272331068
2182 0.09894000497535599
2183 0.09892333683792202
2184 0.09890708910392956
2185 0.09889976498637269
2186 0.09888289041315544
2187 0.09886623695505933
2188 0.09885824243701673
2189 0.09884130572036222
2190 0.09883324918147918
2191 0.09881608093731208
2192 0.0988078102340878
2193 0.09878999729093875
2194 0.09877253966467511
2195 0.09876411646206608
2196 0.09874650522543654
2197 0.09873807248367982
2198 0.0987202760718575
2199 0.09871172505229889
2200 0.09869358756685627
2201 0.09868472256213502
2202 0.09866626692845504
2203 0.0986571803782504
2204 0.09863848284353183
2205 0.0986292501168565
2206 0.09861016223541114
2207 0.09860073558174293
2208 0.09858068596746307
2209 0.09856924355726303
2210 0.09854901904927384
2211 0.09853788554944296
2212 0.09851802755754296
2213 0.09849865655440399
2214 0.09848800445476257
2215 0.09846870224516321
2216 0.09844954657833412
2217 0.0984310901615239
2218 0.09841287180577486
2219 0.09839504680664171
2220 0.09837766725833204
2221 0.0983606013902177
2222 0.09834395568727891
2223 0.09832794069010524
2224 0.09831351965811548
2225 0.09829928367272443
2226 0.09828518662713862
2227 0.09827121304275689
2228 0.09825722660274244
2229 0.09824346362886166
2230 0.09822965305903707
2231 0.0982157077150362
2232 0.09820175192275324
2233 0.09818763726561938
2234 0.09817331014861512
2235 0.09815882317768085
2236 0.09814395961744975
2237 0.09812889077158653
2238 0.09811368814519737
2239 0.09809855990294605
2240 0.09808328089020386
2241 0.0980675893784439
2242 0.09805190700766917
2243 0.09803584376253621
2244 0.0980195671400847
2245 0.0980118194514924
2246 0.09799430519460864
2247 0.0979765148332572
2248 0.09796774539937812
2249 0.09794863563713319
2250 0.09792934688327802
2251 0.09790968215040588
2252 0.09789005705505374
2253 0.09787038858933218
2254 0.09785095611891143
2255 0.09783173553071607
2256 0.09781243383599858
2257 0.09779308949640921
2258 0.09777384680160728
2259 0.09775485735628414
2260 0.09773590997210538
2261 0.09771707416484865
2262 0.09769834604504461
2263 0.09767965933700031
2264 0.09766117256288114
2265 0.09764269496512701
2266 0.09762397115413229
2267 0.09760527004095479
2268 0.09758666037184074
2269 0.09756784430251528
2270 0.09754936978907781
2271 0.09753083285521241
2272 0.09751225815495189
2273 0.09749366868482122
2274 0.09747514281167173
2275 0.09745665652324982
2276 0.09743797651622037
2277 0.0974193599704213
2278 0.09740039770388294
2279 0.09738143458375109
2280 0.09736245063462785
2281 0.09734335412068744
2282 0.0973242599621198
2283 0.09730514497112258
2284 0.09728592611044523
2285 0.09726671426047155
2286 0.09724742530394229
2287 0.09722801943656141
2288 0.09720852867852502
2289 0.09718888815603514
2290 0.09716915434746599
2291 0.0971492811994672
2292 0.09712928565178651
2293 0.09710947055635429
2294 0.09708939143123409
2295 0.09706957198718291
2296 0.0970496152610122
2297 0.09702956656012012
2298 0.0970093564530114
2299 0.09698912716183517
2300 0.09697811799183713
2301 0.09695737052906384
2302 0.09694596393952683
2303 0.09692388835450605
2304 0.09691139939812175
2305 0.09688800065484837
2306 0.09686464201380567
2307 0.09685156437990661
2308 0.09682739928422481
2309 0.09681376609468441
2310 0.0967887136925947
2311 0.0967744970750575
2312 0.09674855494988673
2313 0.09672289350178534
2314 0.09669709008142979
2315 0.09667182759751915
2316 0.09665708411929716
2317 0.09663139957164736
2318 0.09660601708395582
2319 0.09658097275367364
2320 0.09656626289107179
2321 0.09654101112452965
2322 0.09651583384319977
2323 0.09650100204797243
2324 0.09647541454390063
2325 0.09645014349286095
2326 0.09643518276303004
2327 0.09640952346375174
2328 0.09638357909865308
2329 0.0963679241331661
2330 0.09634132895757661
2331 0.09632562330078583
2332 0.09629889812426251
2333 0.09627252684212884
2334 0.09624599838981729
2335 0.09621979921266929
2336 0.09619386418921129
2337 0.09616850181688443
2338 0.09614327395966875
2339 0.09611850019588915
2340 0.09609396072747499
2341 0.09606989447171138
2342 0.09604602919347582
2343 0.09602244771263237
2344 0.09599888779210866
2345 0.09597539101429618
2346 0.09595194471499942
2347 0.09593766967166023
2348 0.09591355023633753
2349 0.09588961083093821
2350 0.09586550160445785
2351 0.09584098671419876
2352 0.09581669274109173
2353 0.09579280780827106
2354 0.09576909051205396
2355 0.09574545730829477
2356 0.09572148613579774
2357 0.0956975285665858
2358 0.09567365138339894
2359 0.09564983541575434
2360 0.09562610162438892
2361 0.09560256589171019
2362 0.09557894223542231
2363 0.09555261037059375
2364 0.09552653196506479
2365 0.09550063766731294
2366 0.09547488215403924
2367 0.09544948166590243
2368 0.09542658474335732
2369 0.09540339033785429
2370 0.09538021011351086
2371 0.09535714609485897
2372 0.09533395474486837
2373 0.09531068655037159
2374 0.09528717939624742
2375 0.09526374828350268
2376 0.09523998773422161
2377 0.09521613215353324
2378 0.09519211590511816
2379 0.09516825620414773
2380 0.09514407728314217
2381 0.09511973696735737
2382 0.09509554540504341
2383 0.09507136574272766
2384 0.09504706617026333
2385 0.09502268543734407
2386 0.09499793712567146
2387 0.09497309486410531
2388 0.09494795891656864
2389 0.09492263375425321
2390 0.09489694228226764
2391 0.09487124876494943
2392 0.09484525311578122
2393 0.09481936144936411
2394 0.09479349134654377
2395 0.09476734698858809
2396 0.09474099150985101
2397 0.09471469033504129
2398 0.09468822241871841
2399 0.09466180888631562
2400 0.0946353546847504
2401 0.09460886230239236
2402 0.0945821315659493
2403 0.09455557612153452
2404 0.09452884217010045
2405 0.09450209721875055
2406 0.09447535612884805
2407 0.09444871684425388
2408 0.09442221345982932
2409 0.09439603245276898
2410 0.09436962415551649
2411 0.09434331897959405
2412 0.09431709213598472
2413 0.09429096753252911
2414 0.09426488581029356
2415 0.09423906678974782
2416 0.09421310161230238
2417 0.09418712994343319
2418 0.09416110746510598
2419 0.09413526187990874
2420 0.0941092681112482
2421 0.09408345165107775
2422 0.0940574379659023
2423 0.0940317864426182
2424 0.09400618707689272
2425 0.09398047547977564
2426 0.0939546357711666
2427 0.09392901545264649
2428 0.09390328225014447
2429 0.09387781903796998
2430 0.09385207943553581
2431 0.09382636475961824
2432 0.09380056153879011
2433 0.09377488085732583
2434 0.09374897581369313
2435 0.09372293841687665
2436 0.09369617424863733
2437 0.0936697258073461
2438 0.09364332417973761
2439 0.0936172798104271
2440 0.09359129030778286
2441 0.09356541118250696
2442 0.09353985136838915
2443 0.0935142883775716
2444 0.09348873846068388
2445 0.09346329194458487
2446 0.09343770996678569
2447 0.09341215403641009
2448 0.09338659673340138
2449 0.09336111138149725
2450 0.09333549429734822
2451 0.09331001348054518
2452 0.09328423544097131
2453 0.09325846467528728
2454 0.09323292404211667
2455 0.09320749590478572
2456 0.09318152814887182
2457 0.09315552317236747
2458 0.09312954678254723
2459 0.09310381563646489
2460 0.0930782189856191
2461 0.09305272656176454
2462 0.09302704355544086
2463 0.09300172030267466
2464 0.09297624099191375
2465 0.09295080429487852
2466 0.09292511014409952
2467 0.09289938459887408
2468 0.09287339093222455
2469 0.09284771379266714
2470 0.09282221531002148
2471 0.09279658031161209
2472 0.09277079948607585
2473 0.09274513405227305
2474 0.09271955011945629
2475 0.09269381647612725
2476 0.09266815595163315
2477 0.0926426266629935
2478 0.09261698620022112
2479 0.09259133889460429
2480 0.09256536729218735
2481 0.09253681873400962
2482 0.09250839512826732
2483 0.0924801794316977
2484 0.09245393213097455
2485 0.09242805051502571
2486 0.09240182876481962
2487 0.09237568695010562
2488 0.0923496781376818
2489 0.09232390737797414
2490 0.09229798150650873
2491 0.0922721693807699
2492 0.09224619769012712
2493 0.09222038771822211
2494 0.09219464806313324
2495 0.09216902446794316
2496 0.09214328347209828
2497 0.09211844108511531
2498 0.0920934233914795
2499 0.0920686341596457
2500 0.0920437590291516
2501 0.0920189010104762
2502 0.09199367493501316
2503 0.09196813652059285
2504 0.09194240118396821
2505 0.0919167584195572
2506 0.09189112665567294
2507 0.09186564840774256
2508 0.09184002378189245
2509 0.09181441866016388
2510 0.09178843986613336
2511 0.09176227574773495
2512 0.09173588304185101
2513 0.09170934080097368
2514 0.09168252378998755
2515 0.09165587751810254
2516 0.09162932715013812
2517 0.09160280994486593
2518 0.09157594701528084
2519 0.09154931491784765
2520 0.09152273231734513
2521 0.09149639587790348
2522 0.09146992292329711
2523 0.09144332327896229
2524 0.09141659480294917
2525 0.09139001089270772
2526 0.0913631662719895
2527 0.09133649666571246
2528 0.09130993349815068
2529 0.09128356518933008
2530 0.0912572331779454
2531 0.0912310543853956
2532 0.09120449639961124
2533 0.09117801795131632
2534 0.09115155009253442
2535 0.09112522805567069
2536 0.09109890221781641
2537 0.09107272334210825
2538 0.09104643351356714
2539 0.09102043090799991
2540 0.09099431135230045
2541 0.090968200731883
2542 0.0909420031040223
2543 0.09091559065660355
2544 0.09088914002362634
2545 0.09086296677881479
2546 0.09083690842518129
2547 0.09081056461752358
2548 0.09078429074162893
2549 0.09075820401696794
2550 0.09073231661647335
2551 0.09070655877023814
2552 0.09068056438598675
2553 0.09065463799856172
2554 0.0906285515700042
2555 0.09060233150990624
2556 0.09057591893363443
2557 0.09054961562680373
2558 0.09052328168169939
2559 0.09049717321772806
2560 0.09047123397672936
2561 0.09044548098403926
2562 0.09041956201833624
2563 0.09039364619881445
2564 0.09036777416889587
2565 0.09034208901705136
2566 0.09031630031604571
2567 0.09029061037042348
2568 0.09026484482679451
2569 0.09023922021432422
2570 0.09021336229579204
2571 0.09018749128806293
2572 0.09016158047445114
2573 0.09013578514139009
2574 0.09010996938771336
2575 0.09008444682409832
2576 0.09005900338618131
2577 0.09003343140516891
2578 0.09000805389364353
2579 0.08998272576204031
2580 0.08995751463441107
2581 0.08993244363421812
2582 0.08990729367503829
2583 0.08988222329100658
2584 0.08985710973379793
2585 0.08983197925860678
2586 0.08980504316311759
2587 0.08978022949553169
2588 0.08975545851850567
2589 0.08973094785441131
2590 0.08970671560376053
2591 0.0896824537241131
2592 0.08965814744966259
2593 0.08963377698623047
2594 0.08960925962119121
2595 0.08958501734455357
2596 0.089561068492262
2597 0.08953739674762873
2598 0.08951381339418577
2599 0.08949023729865908
2600 0.08946658256501916
2601 0.08944075253029914
2602 0.08941509599014595
2603 0.08938961379867438
2604 0.08936447920188298
2605 0.08933953657209673
2606 0.08931503978429649
2607 0.08929053854424988
2608 0.08926631464151784
2609 0.08924233151364251
2610 0.08921874536593012
2611 0.08919522215282082
2612 0.08917187116880988
2613 0.08914851064981008
2614 0.08912531021779389
2615 0.08910223543900567
2616 0.08907917101340948
2617 0.08905618153097293
2618 0.08903331963645624
2619 0.08901048883779443
2620 0.08898803077236119
2621 0.0889656092516222
2622 0.08894306033550303
2623 0.0889203311697765
2624 0.08889750847248557
2625 0.08887476801643247
2626 0.08885226138338485
2627 0.08882977958845609
2628 0.08880703232921912
2629 0.08878423709927009
2630 0.08876134815290118
2631 0.08873874328976902
2632 0.08871584976780936
2633 0.08869277358464404
2634 0.08866962298711448
2635 0.08864624190586828
2636 0.08862296005894906
2637 0.08859970462968944
2638 0.08857606599433734
2639 0.08855231020480109
2640 0.08852843051846544
2641 0.08850463413136889
2642 0.0884807545908346
2643 0.08845696564228144
2644 0.08843276884294832
2645 0.08840853511958033
2646 0.08838424987332329
2647 0.08835987105041354
2648 0.08833545923822071
2649 0.08831118868951353
2650 0.08828682164382244
2651 0.08826266595893433
2652 0.08823863550684107
2653 0.08821411372195354
2654 0.08818968280196414
2655 0.08816539812167999
2656 0.0881410655213873
2657 0.0881170587934885
2658 0.08809317035019419
2659 0.08806957797396628
2660 0.08804613261704698
2661 0.08802279930478893
2662 0.0879994429450655
2663 0.08797614809719571
2664 0.08795281429191422
2665 0.08792965595859789
2666 0.08790686836679806
2667 0.08788450999741279
2668 0.08786233233366175
2669 0.08783992554148364
2670 0.08781768529217
2671 0.08779560475334804
2672 0.08777394196220839
2673 0.08775255870213083
2674 0.08773140477521153
2675 0.08771032288178979
2676 0.08768929849439822
2677 0.08766846361963442
2678 0.08764769382368531
2679 0.08762708689545097
2680 0.08760642452044201
2681 0.08758581045661879
2682 0.08756556689456406
2683 0.08754563320887179
2684 0.08752578230478136
2685 0.08750600480969732
2686 0.0874863898493639
2687 0.0874669018715707
2688 0.08744758213418317
2689 0.08742853228947066
2690 0.08740971827933937
2691 0.08739064848341563
2692 0.08737165736656326
2693 0.08735274732594886
2694 0.0873339853383046
2695 0.08731519886930401
2696 0.08729646489413245
2697 0.08727784359697331
2698 0.08725954989250134
2699 0.08724132531338173
2700 0.08722302612620479
2701 0.08720452843452267
2702 0.08718596051144832
2703 0.08716736037164237
2704 0.08714879211037206
2705 0.08713037010218588
2706 0.08711232006908957
2707 0.08709444671526857
2708 0.08707655800647707
2709 0.08705917606808473
2710 0.08704184276687314
2711 0.08702439830154495
2712 0.08700686287451451
2713 0.08698927721680791
2714 0.08697156947038794
2715 0.08695404737721917
2716 0.08693658164448256
2717 0.08691916393676567
2718 0.08690161375637676
2719 0.08688392398858653
2720 0.08686577355503879
2721 0.08684762483556638
2722 0.08682941969764571
2723 0.08681133902932715
2724 0.08679345992443702
2725 0.08677550729380081
2726 0.08675649138528696
2727 0.08673773940740581
2728 0.08671903351861322
2729 0.08670057056184853
2730 0.08668246196393921
2731 0.08666453534034063
2732 0.08664667624428014
2733 0.08662885945434468
2734 0.08661135955771955
2735 0.0865942800817259
2736 0.08657736000471816
2737 0.08656069474893278
2738 0.08654408451671401
2739 0.08652747396409402
2740 0.08651117358449006
2741 0.08649529949647782
2742 0.08647958393975178
2743 0.08646394060413981
2744 0.08644827474904708
2745 0.08643256514891504
2746 0.08641706071361746
2747 0.08640167185871553
2748 0.08638625945831147
2749 0.08637080270737158
2750 0.08635522013487154
2751 0.08633936263686089
2752 0.08632354419285464
2753 0.08630780273148099
2754 0.08629235411670114
2755 0.08627708206602119
2756 0.08626180205822748
2757 0.08624644693718456
2758 0.08623109304244496
2759 0.08621566415810401
2760 0.08620027436543166
2761 0.08618494281159538
2762 0.08616967727569022
2763 0.08615451251295662
2764 0.08613942006676485
2765 0.08612441404623085
2766 0.08611064089165411
2767 0.08609668002022612
2768 0.08608254451873952
2769 0.08606830688962552
2770 0.08605418632535977
2771 0.08604005186237797
2772 0.08602555464633242
2773 0.08601087845751551
2774 0.08599618719618771
2775 0.08598177800978302
2776 0.08596748665738278
2777 0.08595313252884068
2778 0.08593874537940793
2779 0.08592446491927129
2780 0.08591007681091963
2781 0.08589551840541612
2782 0.08588093962983213
2783 0.08586636767573366
2784 0.08585184920089926
2785 0.08583770049056795
2786 0.08582374526695241
2787 0.08580981231510441
2788 0.08579591247474105
2789 0.08578215109633075
2790 0.08576830306334606
2791 0.08575447602552802
2792 0.08574061280588342
2793 0.08572688389003026
2794 0.0857134499645909
2795 0.08570021603161557
2796 0.08568693621551021
2797 0.08567371546528813
2798 0.08566070395043379
2799 0.08564788914712138
2800 0.08563510868892245
2801 0.08562239326331779
2802 0.08560956888009745
2803 0.0855967323696651
2804 0.08558384685291184
2805 0.08557116330328667
2806 0.08555852337971781
2807 0.08554588471300587
2808 0.08553329566316138
2809 0.08552069158876102
2810 0.08550831161754555
2811 0.08549615078319892
2812 0.08548382358255431
2813 0.08547157268756098
2814 0.08545918133748376
2815 0.08544653429019146
2816 0.08543395389452939
2817 0.08542129810722629
2818 0.08540876056686855
2819 0.08539652102384275
2820 0.08538427004985018
2821 0.08537190102594432
2822 0.08535963360988583
2823 0.08534740318780919
2824 0.08533519673512165
2825 0.08532305195307238
2826 0.0853103705414502
2827 0.08529776474679263
2828 0.08528513298254369
2829 0.08527264182256218
2830 0.08526034004867718
2831 0.08524816418506041
2832 0.08523602190938398
2833 0.08522399935844296
2834 0.08521198347417379
2835 0.08520028109789588
2836 0.08518887430219603
2837 0.08517730547928799
2838 0.08516579240518277
2839 0.08515438149767139
2840 0.08514319481127872
2841 0.08513206403228918
2842 0.08512098977645842
2843 0.08511001126373996
2844 0.08509920144779634
2845 0.08508862392403484
2846 0.08507794807570661
2847 0.08506726844934832
2848 0.08505670994709362
2849 0.08504626388119164
2850 0.08503586625235142
2851 0.08502567167945845
2852 0.08501562924165602
2853 0.08500571014726392
2854 0.0849958955031582
2855 0.08498626510797278
2856 0.08497669759824088
2857 0.08496713670586346
2858 0.08495768959062947
2859 0.08494831884895904
2860 0.08493897495590955
2861 0.08492985967766052
2862 0.08492095972216156
2863 0.0849121460276068
2864 0.08490389310432699
2865 0.08489578610911895
2866 0.08488784812159519
2867 0.08488011141427183
2868 0.08487236533341289
2869 0.08486465858286008
2870 0.08485703940846159
2871 0.08484951442761539
2872 0.08484213847919653
2873 0.08483497080174167
2874 0.08482798454321865
2875 0.0848211670042829
2876 0.08481443267100342
2877 0.08480780962816914
2878 0.08480119269911374
2879 0.08479468498647312
2880 0.08478836247520222
2881 0.08478204594858455
2882 0.08477574602982914
2883 0.08476950753264041
2884 0.08476338526088838
2885 0.08475752571396547
2886 0.08475179424846537
2887 0.08474626227101642
2888 0.08474043540710702
2889 0.0847347338198083
2890 0.08472883190007746
2891 0.08472291631941739
2892 0.08471707615866672
2893 0.08471133690106247
2894 0.08470566068451552
2895 0.08469984183453515
2896 0.08469419202550013
2897 0.08468871094061209
2898 0.08468326883885123
2899 0.0846778165127965
2900 0.08467228464223194
2901 0.08466678316838022
2902 0.08466102459890844
2903 0.08465508607551679
2904 0.08464901877659527
2905 0.0846427475798122
2906 0.08463648839791098
2907 0.08463023675221489
2908 0.08462411405254704
2909 0.08461801994506364
2910 0.08461196752544675
2911 0.08460584307168134
2912 0.08459953905115436
2913 0.08459312092521069
2914 0.08458653854033116
2915 0.08457988359616563
2916 0.0845730488380151
2917 0.08456602751338481
2918 0.08455893365229063
2919 0.08455178052026677
2920 0.08454459070161906
2921 0.08453742831407791
2922 0.08453032117564327
2923 0.08452323071961745
2924 0.08451597719770483
2925 0.08450862812987524
2926 0.08450115070127387
2927 0.08449368643194219
2928 0.08448627132332427
2929 0.08447866899671633
2930 0.08447105664667973
2931 0.084463413795868
2932 0.0844559359537804
2933 0.08444863335211615
2934 0.08444133019868055
2935 0.08443407882017003
2936 0.08442669736434717
2937 0.08441933757631284
2938 0.08441209769982611
2939 0.08440497794954278
2940 0.08439791123874296
2941 0.08439090570969962
2942 0.08438405009862188
2943 0.08437732767181447
2944 0.08437071054853193
2945 0.0843643455046733
2946 0.0843581366122577
2947 0.08435193679057
2948 0.08434589182469722
2949 0.08434012946042765
2950 0.08433446485481426
2951 0.08432889887414694
2952 0.08432353100891227
2953 0.0843183991380629
2954 0.08431348723279941
2955 0.08430863700575519
2956 0.08430392428001092
2957 0.08429946163130127
2958 0.08429524557894007
2959 0.08429129728432042
2960 0.0842873368091149
2961 0.08428351662132266
2962 0.0842800269810271
2963 0.08427678772246856
2964 0.08427371613390101
2965 0.08427071631048379
2966 0.08426776481362658
2967 0.08426483791909371
2968 0.08426209832386317
2969 0.08425961064478957
2970 0.08425719333721563
2971 0.0842550449221337
2972 0.08425313888769404
2973 0.08425142431894069
2974 0.08424965597284397
2975 0.0842479899174761
2976 0.08424641279679937
2977 0.08424480769551972
2978 0.08424341024911816
2979 0.08424205944893613
2980 0.08424058956303988
2981 0.0842389956405588
2982 0.08423746191954919
2983 0.08423633359775296
2984 0.0842354459570879
2985 0.08423463736012149
2986 0.08423402915044377
2987 0.08423319941747794
2988 0.08423219237263172
2989 0.08423151112096555
2990 0.08423091114470731
2991 0.08423019705509489
2992 0.08422930136032501
2993 0.08422833280715419
2994 0.08422722412557629
2995 0.0842263569705015
2996 0.08422544745705007
2997 0.08422457381007983
2998 0.084223595169476
2999 0.08422253127326992
3000 0.08422166165516652
