"lift-rfile"
"Iteration" "lift"
("Iteration" "lift")
1 -2.116591332440526
2 -3.21687786527701
3 -4.022161708987512
4 -4.499578202405598
5 -4.784785949239459
6 -4.869874871296302
7 -4.748635695728005
8 -4.499560714815146
9 -4.219765041359692
10 -3.96729987002903
11 -3.819305389898067
12 -3.670731756030088
13 -3.543855089400702
14 -3.437163991649351
15 -3.34106413980982
16 -3.246513101375751
17 -3.14415350721208
18 -3.027024827820182
19 -2.899133413343579
20 -2.75801610673979
21 -2.605726118299986
22 -2.446845480503226
23 -2.284065089600838
24 -2.120904736961554
25 -1.96180256133037
26 -1.804717479170648
27 -1.650781796392054
28 -1.500392305992108
29 -1.361212840159986
30 -1.227824373657051
31 -1.094617145872444
32 -0.9665733272407857
33 -0.8475067847431643
34 -0.73299668183745
35 -0.6235773458517805
36 -0.5201114067447513
37 -0.4224569242602392
38 -0.3296595795352201
39 -0.2423980253064823
40 -0.1612300400616983
41 -0.0857460776061169
42 -0.01655942298770025
43 0.04615784908610365
44 0.1045689030461416
45 0.1584612881025752
46 0.2074238892927909
47 0.2519643261362013
48 0.2923486744901951
49 0.32895192136564
50 0.3625926912692836
51 0.3942371379182917
52 0.4231586976439825
53 0.4497904114141349
54 0.472868516118489
55 0.4952736973779087
56 0.5150658398321382
57 0.5348311336268826
58 0.5531592237936032
59 0.5704023249822861
60 0.5854344721097783
61 0.5980700196847555
62 0.6079618993871782
63 0.6148316469316335
64 0.6177434931824331
65 0.6200469386266302
66 0.6163822306717969
67 0.6112650086837574
68 0.6001759248728341
69 0.5885895526138459
70 0.570031141444192
71 0.5510431038668558
72 0.5246074842225583
73 0.49830269750943
74 0.4643101686277604
75 0.4310879133175972
76 0.3901550152525933
77 0.3507730053169537
78 0.3083893104593395
79 0.2632087378202653
80 0.2154626884836344
81 0.1653795011161921
82 0.1132061802777425
83 0.05923545529061753
84 0.003701330457190503
85 -0.05310609124016624
86 -0.110888750562033
87 -0.1693789454154794
88 -0.2282117109796434
89 -0.2871328257057113
90 -0.34584194421007
91 -0.4040648811703342
92 -0.4615296990343779
93 -0.5230604844303916
94 -0.5777158917317892
95 -0.630859346981555
96 -0.6862477516757325
97 -0.7348914722570814
98 -0.7815017310369924
99 -0.8256624905047308
100 -0.8673410948776211
101 -0.9089303144114134
102 -0.9450665338708844
103 -0.978432001887785
104 -1.008941574369715
105 -1.036560585350771
106 -1.061221835832951
107 -1.082987892292818
108 -1.1017820360357
109 -1.117619212750578
110 -1.130512268050065
111 -1.140500416607092
112 -1.147630715434008
113 -1.151963186551313
114 -1.153566277661637
115 -1.152514585012572
116 -1.148888780625119
117 -1.142797127802699
118 -1.134323291269052
119 -1.123592577595556
120 -1.110727471014708
121 -1.095847067245635
122 -1.079028066208714
123 -1.060471947268523
124 -1.040285701940432
125 -1.018603303139679
126 -0.9955699845716443
127 -0.9713229467959833
128 -0.9459590154934352
129 -0.9196302618172187
130 -0.8924697228103456
131 -0.864693821951786
132 -0.8363413357039751
133 -0.8074538644684385
134 -0.7782382554771984
135 -0.7488159195174023
136 -0.7192712073352239
137 -0.6897428716348627
138 -0.6604661680455207
139 -0.6314054481258127
140 -0.6026561013303665
141 -0.5743108268144991
142 -0.5464564094690638
143 -0.5191752970674254
144 -0.4925417239022378
145 -0.4666344328287753
146 -0.4414393391357506
147 -0.4171097209559366
148 -0.3937728838839429
149 -0.3714083384317741
150 -0.3500654490735036
151 -0.3298215982496405
152 -0.31064251174516
153 -0.2925955752683276
154 -0.2757177765969987
155 -0.2600245235934259
156 -0.2454976200198096
157 -0.232203912063256
158 -0.2201664905193289
159 -0.2093900231730773
160 -0.1998943535273652
161 -0.1916901938156746
162 -0.1847896133252287
163 -0.1792127746648856
164 -0.1749511279880071
165 -0.172002457855701
166 -0.1703693167678354
167 -0.1700443325335478
168 -0.1710915864650966
169 -0.1734221070384679
170 -0.1770181830975117
171 -0.1818679009602121
172 -0.1880191073710807
173 -0.1954044995928437
174 -0.2040047323597718
175 -0.2137967035527908
176 -0.2247582076516878
177 -0.236859550497687
178 -0.2500415436165364
179 -0.2642881445784182
180 -0.2795555541805824
181 -0.2958233016578803
182 -0.31301345522029
183 -0.331089238657503
184 -0.3499167274521225
185 -0.3695288569507078
186 -0.3898520183600754
187 -0.4108256490746013
188 -0.4324049276956251
189 -0.4544915246310675
190 -0.4770109262387854
191 -0.4999197714399704
192 -0.5231177924704187
193 -0.5465252056309788
194 -0.5700532136800928
195 -0.5936142197981793
196 -0.6171242061737372
197 -0.640495745599624
198 -0.6636196078099688
199 -0.6864370252337341
200 -0.7088615764180989
201 -0.7308172216009597
202 -0.7522031795657046
203 -0.7729510193177905
204 -0.792984211745044
205 -0.8122371743225683
206 -0.8306280965827074
207 -0.8481006380480378
208 -0.8645915771780364
209 -0.8800417254459254
210 -0.8943979595926365
211 -0.9076150843547829
212 -0.9196240442408624
213 -0.9304019184125368
214 -0.9399229016551488
215 -0.9481762987277974
216 -0.9551203755655694
217 -0.960741648030057
218 -0.965027094474751
219 -0.9679781781714342
220 -0.969593365459392
221 -0.9698806040742409
222 -0.9688549793233149
223 -0.9665323578549196
224 -0.9629425693293324
225 -0.9580957651589416
226 -0.9520709127086533
227 -0.9448868141852571
228 -0.9365929880853032
229 -0.9272342483949972
230 -0.9168637500448266
231 -0.9055436993828987
232 -0.8933329343327623
233 -0.8802988079145303
234 -0.8665160942136417
235 -0.8520465569330185
236 -0.8369642181709085
237 -0.8213383485301552
238 -0.8052161136966988
239 -0.7887108087392345
240 -0.7719009880543583
241 -0.7548668393314616
242 -0.7376873829247791
243 -0.7204404986266341
244 -0.703203870746254
245 -0.6860538519240522
246 -0.6690657182981118
247 -0.6522177318456051
248 -0.6356807862314646
249 -0.6195236027139195
250 -0.603814153878906
251 -0.5886148761622074
252 -0.5739910960458259
253 -0.5599903279560685
254 -0.5466643521900378
255 -0.5340497725617763
256 -0.5222008773174242
257 -0.5111543963997037
258 -0.500945763377383
259 -0.4916032424296394
260 -0.4831533212876259
261 -0.4756155345431057
262 -0.4690039195606554
263 -0.4633329216662977
264 -0.4586019842571397
265 -0.4548332152045395
266 -0.4520097637066361
267 -0.4501266243938919
268 -0.4491748305349765
269 -0.449143010095468
270 -0.4500148900237429
271 -0.4517556044506252
272 -0.4543642640401076
273 -0.4578122606863797
274 -0.4620729796368701
275 -0.4671198885006163
276 -0.4729193144948158
277 -0.4794372523058663
278 -0.4866403206012331
279 -0.4944911368605355
280 -0.5029491646551185
281 -0.5119760081971808
282 -0.5215315505956562
283 -0.5315732799871332
284 -0.5420618530353188
285 -0.5529538343184056
286 -0.5642078454357626
287 -0.5757811283199608
288 -0.5876288932499768
289 -0.5997095221755521
290 -0.611981688787732
291 -0.6244039066431418
292 -0.6369303286970502
293 -0.6495240173584346
294 -0.6621422884330258
295 -0.6747443303706775
296 -0.6872940088426929
297 -0.6997498219536219
298 -0.712077394641671
299 -0.7242389118345834
300 -0.7362015219117586
301 -0.7479303746664141
302 -0.759391080122272
303 -0.770551661685273
304 -0.7813814891797026
305 -0.7918522722857676
306 -0.8019352290066016
307 -0.8116058545853555
308 -0.8208365759602117
309 -0.8296062696364488
310 -0.8378930413411917
311 -0.8456779139728073
312 -0.8529410320069277
313 -0.8596680242301429
314 -0.865842594126978
315 -0.8714537060763142
316 -0.876487841171788
317 -0.8809062063291779
318 -0.8847353788127688
319 -0.8879703728813831
320 -0.8906108940890517
321 -0.8926517466884517
322 -0.8940964026983306
323 -0.8949483089765674
324 -0.8952116873768246
325 -0.8948923583303826
326 -0.8939980745806129
327 -0.8925406362888207
328 -0.8905579411288948
329 -0.8880296425708002
330 -0.8849819658774063
331 -0.8814324957766505
332 -0.8774026045778968
333 -0.8729100098166391
334 -0.8679780132383147
335 -0.8626292393049976
336 -0.8568845908356594
337 -0.8507746929672239
338 -0.844325358757134
339 -0.8375653151246384
340 -0.8305292702951814
341 -0.8232437283764341
342 -0.815738739792553
343 -0.8080437928721269
344 -0.8001928477113169
345 -0.7922197183328271
346 -0.7841563212381394
347 -0.775954416451897
348 -0.7677253212103425
349 -0.759504211468751
350 -0.7513268212831524
351 -0.7432257661867643
352 -0.7352342649938976
353 -0.7274128282236761
354 -0.7197645979562476
355 -0.7123208977912232
356 -0.7051075628449592
357 -0.6981566951635703
358 -0.6914956276269709
359 -0.6851493280329349
360 -0.679142015210375
361 -0.6734994216756473
362 -0.6682422648402414
363 -0.6633843608079262
364 -0.6589526560179387
365 -0.6549624133525915
366 -0.6514294403506942
367 -0.6483782355175087
368 -0.6458065467751483
369 -0.643723665639812
370 -0.6421339653769724
371 -0.6410448102844893
372 -0.6404592357561407
373 -0.6403800356786625
374 -0.6408035012990111
375 -0.6417297311958138
376 -0.6431536119648487
377 -0.6450679331649276
378 -0.647465296965984
379 -0.6503329683090919
380 -0.6536609494321767
381 -0.6574332476380238
382 -0.6616352417877796
383 -0.666250340450723
384 -0.6712598922651012
385 -0.6766430245578394
386 -0.6823800577768007
387 -0.6884460363292897
388 -0.6948157107006063
389 -0.7014655541659604
390 -0.7083668176045495
391 -0.7154942555659628
392 -0.7228187118023188
393 -0.7303118801753007
394 -0.7379449988610566
395 -0.7456885247462173
396 -0.7535133849679438
397 -0.7613891261420241
398 -0.7692871600882459
399 -0.7771763829414526
400 -0.785028377893381
401 -0.7928152858998349
402 -0.800509689530837
403 -0.8080834281128877
404 -0.8155099447541204
405 -0.8227659252479246
406 -0.8298269949796758
407 -0.8366712885120409
408 -0.843274925588852
409 -0.849619682105632
410 -0.8556848230818172
411 -0.8614531305175163
412 -0.8669086623540092
413 -0.8720375366872405
414 -0.8768246754500451
415 -0.8812603009569137
416 -0.885335570991187
417 -0.8890410839920113
418 -0.8923701593363963
419 -0.895317581464782
420 -0.8978817926247565
421 -0.9000609898806488
422 -0.9018544809955242
423 -0.9032630610223514
424 -0.9042904592761029
425 -0.9049412205076324
426 -0.9052207621655837
427 -0.9051366520670466
428 -0.9046972018528801
429 -0.9039142852803698
430 -0.9027983331160148
431 -0.9013610672828597
432 -0.8996155421742657
433 -0.8975760544822393
434 -0.8952585548681309
435 -0.8926787662352282
436 -0.8898517448372023
437 -0.886797535707866
438 -0.8835343197681145
439 -0.8800799360544537
440 -0.8764542440419675
441 -0.8726768010010298
442 -0.8687741612588893
443 -0.8647596603809553
444 -0.8606397405772015
445 -0.8564479399180887
446 -0.8522021755076975
447 -0.8479242692265653
448 -0.8436327792995594
449 -0.8393478906706068
450 -0.8350839636020249
451 -0.8308642684063674
452 -0.8267076364899797
453 -0.8226290950017972
454 -0.8186443428418154
455 -0.8147723880423888
456 -0.8110274435416779
457 -0.8074241849926938
458 -0.8039770566372936
459 -0.8006984989848951
460 -0.7976008198384379
461 -0.7946951092315107
462 -0.7919911963649865
463 -0.7894969135611668
464 -0.787221813844975
465 -0.7851728508838438
466 -0.7833584391684745
467 -0.781780242636031
468 -0.7804450051384261
469 -0.7793557063121439
470 -0.7785132696813975
471 -0.77792015222248
472 -0.7775758807930431
473 -0.7774813231245525
474 -0.7776341397975929
475 -0.7780320085742523
476 -0.778672810259643
477 -0.7795541808486403
478 -0.7806700148109608
479 -0.7820159644468693
480 -0.7835865952370181
481 -0.7853751559354186
482 -0.7873745544752554
483 -0.7895744861370507
484 -0.7919679560608581
485 -0.7945463469383166
486 -0.7973011364078151
487 -0.8002239991796
488 -0.8033020679518725
489 -0.8065222937713005
490 -0.809874550299327
491 -0.8133471037695491
492 -0.816929207351736
493 -0.8206085609052867
494 -0.8243723781346022
495 -0.8282101831042144
496 -0.8321077445764363
497 -0.8360515381579459
498 -0.8400307889668702
499 -0.8440327923368078
500 -0.848046087078645
501 -0.8520523301230911
502 -0.8560429716052938
503 -0.8600093209279834
504 -0.8639409927042369
505 -0.8678275637857604
506 -0.8716571632536029
507 -0.8754185619128584
508 -0.8791027107857335
509 -0.882699707961267
510 -0.8862010115344957
511 -0.8895970681389417
512 -0.8928802178447671
513 -0.8960423152541805
514 -0.8990763620361222
515 -0.9019764676401855
516 -0.904733834675694
517 -0.9073454212827929
518 -0.9098042404403475
519 -0.9121036213270397
520 -0.9142422738355014
521 -0.9162177870035102
522 -0.9180280112280679
523 -0.9196696746960932
524 -0.9211450053406322
525 -0.9224500285682385
526 -0.9235843866448454
527 -0.924548359524426
528 -0.9253489257074556
529 -0.9259797490657102
530 -0.9264429383637356
531 -0.9267405546075853
532 -0.9268779582301289
533 -0.9268578451416071
534 -0.926683182739046
535 -0.9263586936860774
536 -0.9258894235392172
537 -0.9252807543537157
538 -0.9245388866396774
539 -0.9236720119730921
540 -0.9226856320176085
541 -0.9215869307732391
542 -0.9203830477405041
543 -0.9190810593804358
544 -0.9176910402138515
545 -0.9162188413098681
546 -0.9146744425987158
547 -0.9130658450442112
548 -0.9114146894978088
549 -0.9097155731276321
550 -0.9079774611920629
551 -0.90620943826645
552 -0.9044200438319784
553 -0.9026191215528943
554 -0.9008255016865111
555 -0.8990364333094674
556 -0.8972607066779222
557 -0.8955059283397328
558 -0.8937795154436999
559 -0.8920909403391286
560 -0.8904466574466856
561 -0.8888558970586834
562 -0.8873252696791364
563 -0.8858621025896641
564 -0.8844729677662955
565 -0.8831647768341043
566 -0.8819421191923815
567 -0.8808129270570727
568 -0.8797818571748067
569 -0.8788538985975806
570 -0.878034248190089
571 -0.8773272775689491
572 -0.8767367175155603
573 -0.8762659695422157
574 -0.8759157362632962
575 -0.8756888511554493
576 -0.8755872778687646
577 -0.8756122051982881
578 -0.8757652124306127
579 -0.8760454233963785
580 -0.8764537277119981
581 -0.876990503265545
582 -0.8776531852524295
583 -0.878438634279417
584 -0.8793450962675362
585 -0.8803719344335934
586 -0.8815152010452406
587 -0.8827698092304099
588 -0.8841327778741557
589 -0.8856015488024575
590 -0.8871693695824996
591 -0.8888317008335112
592 -0.8905826394370126
593 -0.8924172819285716
594 -0.894329236489066
595 -0.8963133661429528
596 -0.8983628159737547
597 -0.9004697505602286
598 -0.9026286336047427
599 -0.9048328717453056
600 -0.9070748912048885
601 -0.9093453148728385
602 -0.9116388867463239
603 -0.9139489412676033
604 -0.9162683163561527
605 -0.9185903200586467
606 -0.9209069127710671
607 -0.9232112981952964
608 -0.9254973376940457
609 -0.9277580915467564
610 -0.9299866235203055
611 -0.9321755990879717
612 -0.9343195104687269
613 -0.936414217042075
614 -0.9384525092872618
615 -0.9404307129418387
616 -0.9423446291322305
617 -0.944187550703813
618 -0.9459547257003619
619 -0.947643465306157
620 -0.9492483732167147
621 -0.9507681187560505
622 -0.9521992528644306
623 -0.9535392870851025
624 -0.9547843954535226
625 -0.9559339696928706
626 -0.9569866204943285
627 -0.9579420995478799
628 -0.9587991755290414
629 -0.9595580470351971
630 -0.9602185245575465
631 -0.9607811899367649
632 -0.9612476080569974
633 -0.9616202746389474
634 -0.9618991120600938
635 -0.9620868216302975
636 -0.9621853424937006
637 -0.9621973726212737
638 -0.9621256549046613
639 -0.9619726079834805
640 -0.961742465736535
641 -0.9614389300410297
642 -0.9610648035476276
643 -0.9606255121438598
644 -0.9601258799183154
645 -0.9595700983350037
646 -0.9589633170104198
647 -0.9583093854427875
648 -0.9576118897209592
649 -0.9568778545858026
650 -0.9561112638684074
651 -0.9553184252143941
652 -0.9545031374360991
653 -0.9536711020947699
654 -0.9528269444466281
655 -0.951976034656528
656 -0.9511229020005173
657 -0.9502715377871449
658 -0.9494266275853661
659 -0.9485942689101111
660 -0.9477779422424233
661 -0.9469819474224315
662 -0.9462098590481678
663 -0.9454661437249273
664 -0.944754958323011
665 -0.9440805146419551
666 -0.943446092169554
667 -0.9428546878036087
668 -0.9423099448347084
669 -0.9418132557251336
670 -0.9413671960483392
671 -0.9409752352842346
672 -0.9406382137648237
673 -0.9403593426367439
674 -0.9401393794114561
675 -0.9399810826445711
676 -0.9398844659004694
677 -0.9398514985982183
678 -0.9398827696144222
679 -0.939978948109246
680 -0.9401395848832679
681 -0.9403646844824011
682 -0.9406544997711737
683 -0.9410084771218118
684 -0.9414252096675767
685 -0.9419038407328019
686 -0.9424438795417495
687 -0.9430435918949497
688 -0.9437016676707023
689 -0.9444179306557349
690 -0.9451885993849627
691 -0.9460133956540062
692 -0.9468892954145918
693 -0.94781441029123
694 -0.9487853443875336
695 -0.9497987345640873
696 -0.9508521743617578
697 -0.9519444376432763
698 -0.9530720127186797
699 -0.9542327991241356
700 -0.9554218966811261
701 -0.9566358981449249
702 -0.957872194005844
703 -0.9591286726785492
704 -0.960400446540464
705 -0.9616859409359088
706 -0.9629809249230069
707 -0.9642821947349448
708 -0.9655873900622687
709 -0.9668913721776108
710 -0.9681908985279853
711 -0.9694821199139406
712 -0.9707624261647454
713 -0.9720297151831723
714 -0.973280080308266
715 -0.9745101568461113
716 -0.9757179568209696
717 -0.9768996726013239
718 -0.9780531689446079
719 -0.9791763660569792
720 -0.9802665767968856
721 -0.9813209799966656
722 -0.9823375768668006
723 -0.983314413686604
724 -0.9842502058651329
725 -0.9851424003004622
726 -0.9859903049964803
727 -0.9867928909148457
728 -0.9875476970393281
729 -0.9882529555740792
730 -0.9889101186171447
731 -0.9895179646800908
732 -0.9900752510307131
733 -0.9905826025684148
734 -0.9910399208313369
735 -0.9914474540842794
736 -0.9918036799806915
737 -0.992109824411778
738 -0.9923660316468399
739 -0.9925739239703839
740 -0.9927329709781476
741 -0.9928457914708253
742 -0.9929124475516745
743 -0.992934704615082
744 -0.9929148275061249
745 -0.9928521650816201
746 -0.9927508106491821
747 -0.9926118316998877
748 -0.992436592017317
749 -0.9922291290315916
750 -0.9919888782927091
751 -0.991720531332234
752 -0.991425742904286
753 -0.9911074734576473
754 -0.9907684593155217
755 -0.990410856636907
756 -0.9900359794401654
757 -0.9896472138043848
758 -0.9892476484144364
759 -0.9888392115457677
760 -0.9884246683226219
761 -0.9880076306110281
762 -0.9875902921940453
763 -0.9871748847728928
764 -0.9867643624614825
765 -0.9863614159181624
766 -0.9859672710664542
767 -0.9855849268543103
768 -0.9852163833390828
769 -0.9848637096758776
770 -0.984529843978708
771 -0.98421732122589
772 -0.9839267244778034
773 -0.9836610876840192
774 -0.9834224942353763
775 -0.9832125496327809
776 -0.9830320439912599
777 -0.9828823181588651
778 -0.9827627439670916
779 -0.9826770428090041
780 -0.982625901964278
781 -0.982609113213462
782 -0.9826292332083869
783 -0.9826860534272824
784 -0.9827809818270551
785 -0.9829130897094649
786 -0.9830823732613563
787 -0.9832898418512674
788 -0.9835345134527314
789 -0.9838153575980556
790 -0.9841318391442361
791 -0.9844841881842942
792 -0.9848717782301971
793 -0.98529368166165
794 -0.9857490247485081
795 -0.9862359902937413
796 -0.9867547770438091
797 -0.9873049849559431
798 -0.9878835582166753
799 -0.9884891752140176
800 -0.9891194300166045
801 -0.9897733042256581
802 -0.9904490324074791
803 -0.9911451787376399
804 -0.9918586672106385
805 -0.9925896576193333
806 -0.9933349690675097
807 -0.9940930890858255
808 -0.9948609377880725
809 -0.9956363675068484
810 -0.996417931931511
811 -0.9971973015289098
812 -0.9979798655574548
813 -0.9987609145601231
814 -0.9995405065530608
815 -1.00031582041227
816 -1.001088956050996
817 -1.001855240032477
818 -1.002691089005517
819 -1.003429134108718
820 -1.004154827765773
821 -1.004866638745395
822 -1.005561530321469
823 -1.006238032494417
824 -1.00689482142043
825 -1.007529929028379
826 -1.008143275932911
827 -1.008797823201861
828 -1.009358602116937
829 -1.009894003762921
830 -1.010402762035533
831 -1.010884086010047
832 -1.011337365392538
833 -1.01181308019812
834 -1.012204141942805
835 -1.012566397113422
836 -1.01290120240555
837 -1.013205816939998
838 -1.013481328184741
839 -1.01372814476944
840 -1.013946648045998
841 -1.014170774442412
842 -1.01432775930421
843 -1.014457502065888
844 -1.014560707410522
845 -1.014637780061729
846 -1.014689658390443
847 -1.01471716114929
848 -1.014719814174548
849 -1.014701644929156
850 -1.014661174971557
851 -1.014600182444887
852 -1.014519759522987
853 -1.014420543929214
854 -1.014303846047559
855 -1.01417180697387
856 -1.014025772003658
857 -1.013867690213067
858 -1.013699360803162
859 -1.013520216872893
860 -1.013332472223784
861 -1.013137338079387
862 -1.012936684510273
863 -1.01273182919389
864 -1.012524492060647
865 -1.012317523634593
866 -1.012112193300916
867 -1.01190904862793
868 -1.011709991870015
869 -1.011516515676783
870 -1.011329535025638
871 -1.011150220613504
872 -1.010979035017379
873 -1.010832705767218
874 -1.01068266915556
875 -1.010545692278277
876 -1.010423074353485
877 -1.010331879742655
878 -1.010236734355095
879 -1.010158756244965
880 -1.010097242954169
881 -1.010074360961922
882 -1.010047153844466
883 -1.010038617228583
884 -1.010049922225141
885 -1.010107202980467
886 -1.010156756587409
887 -1.010254433925194
888 -1.010343766093387
889 -1.010453544830892
890 -1.010614293125401
891 -1.010761673776147
892 -1.010962457517627
893 -1.011147732823435
894 -1.011387813698307
895 -1.011608647421906
896 -1.01188545245653
897 -1.012142179964154
898 -1.012454709177657
899 -1.012743896580153
900 -1.01308715038025
901 -1.013404949507756
902 -1.013777965009349
903 -1.014121776498767
904 -1.01451980560383
905 -1.01488500437899
906 -1.015305028257434
907 -1.015688876576804
908 -1.016126265990245
909 -1.01652593301293
910 -1.016976270919237
911 -1.017386577292571
912 -1.017802679386198
913 -1.018267040941132
914 -1.018686505268764
915 -1.019151695929879
916 -1.019569683970406
917 -1.020031632124036
918 -1.020444451996943
919 -1.02085572014594
920 -1.021307491314376
921 -1.02170721321386
922 -1.022145020528168
923 -1.022530300238149
924 -1.02294944661222
925 -1.023316997456179
926 -1.02371358739613
927 -1.024059113136892
928 -1.024429561226066
929 -1.024750787280257
930 -1.025093935226368
931 -1.025419920388142
932 -1.025699546380832
933 -1.025995874345187
934 -1.026273409443976
935 -1.026533176032561
936 -1.026773922703762
937 -1.026997161804629
938 -1.02720177626556
939 -1.027388950804571
940 -1.027559503198398
941 -1.027712679914928
942 -1.027848980667264
943 -1.027969572058741
944 -1.028072247948596
945 -1.028159475811171
946 -1.028230929935262
947 -1.028286987406032
948 -1.028328503578988
949 -1.028357572669537
950 -1.028373451409049
951 -1.028376272322644
952 -1.028367849515506
953 -1.028348013716851
954 -1.028316506277214
955 -1.028275036670582
956 -1.028224706893833
957 -1.02816686375118
958 -1.028100304544495
959 -1.028026596204649
960 -1.027946880532659
961 -1.027861489894317
962 -1.027771693588984
963 -1.027677343243172
964 -1.027580755965719
965 -1.027481417703038
966 -1.027381776781755
967 -1.027281327688816
968 -1.027180581519183
969 -1.027081162137789
970 -1.026983628177318
971 -1.026888711466325
972 -1.026797673707529
973 -1.026709391054931
974 -1.02662622955997
975 -1.026548172485302
976 -1.026476130198313
977 -1.026410974007371
978 -1.026352450985501
979 -1.026301339659609
980 -1.026258698644309
981 -1.026223627719708
982 -1.026196381174073
983 -1.026178780990626
984 -1.026171012089146
985 -1.026173703357791
986 -1.026186419325523
987 -1.026210327802149
988 -1.026244571483007
989 -1.026289213451818
990 -1.026343642848826
991 -1.026407647887062
992 -1.026481019926703
993 -1.026564560225424
994 -1.026658457183547
995 -1.026762603913977
996 -1.026877171543252
997 -1.02700068044317
998 -1.027133864835292
999 -1.027276578015081
1000 -1.027428820446135
1001 -1.027588397551659
1002 -1.02775599392868
1003 -1.027930520182034
1004 -1.02811175938086
1005 -1.028299760768086
1006 -1.02849452042261
1007 -1.0286956519273
1008 -1.028901913722918
1009 -1.029112821056768
1010 -1.029326846437986
1011 -1.029544638523037
1012 -1.02976515061051
1013 -1.029988039286905
1014 -1.030213491799251
1015 -1.030441323156455
1016 -1.030669910792268
1017 -1.030898393646615
1018 -1.031126197622143
1019 -1.031330750757155
1020 -1.031558836126288
1021 -1.031784231483776
1022 -1.032007538002576
1023 -1.032226865056721
1024 -1.032443811869103
1025 -1.032656769379808
1026 -1.032865583185733
1027 -1.033069558335205
1028 -1.03326665663299
1029 -1.033457518312646
1030 -1.033642716904498
1031 -1.033821446546617
1032 -1.033992676433734
1033 -1.034157647593261
1034 -1.034316082883324
1035 -1.034466742468529
1036 -1.034609918383856
1037 -1.034744122245152
1038 -1.034870754947698
1039 -1.034989242724695
1040 -1.03509948010669
1041 -1.035201908363778
1042 -1.03529742683625
1043 -1.035384686927847
1044 -1.035462718278633
1045 -1.035533687778358
1046 -1.035595925629028
1047 -1.035650760279714
1048 -1.03569761821919
1049 -1.03573660618191
1050 -1.035769728982317
1051 -1.035794468557169
1052 -1.035812313528938
1053 -1.035823673748146
1054 -1.035828711507028
1055 -1.035828045019861
1056 -1.035821594572582
1057 -1.035810730923337
1058 -1.035794305461061
1059 -1.035772219752855
1060 -1.035746022318346
1061 -1.035715687682474
1062 -1.03568174772196
1063 -1.035644531977849
1064 -1.035603753871862
1065 -1.035561235550393
1066 -1.035516506714078
1067 -1.035471162177477
1068 -1.035424770153332
1069 -1.035377869696345
1070 -1.035329409808637
1071 -1.035281376602641
1072 -1.03523253950331
1073 -1.035184597768238
1074 -1.035137045059859
1075 -1.035091038461737
1076 -1.035048125302557
1077 -1.035006787128892
1078 -1.034968394512804
1079 -1.034931510600874
1080 -1.034897670779971
1081 -1.034865763260713
1082 -1.034837501158804
1083 -1.034813333165914
1084 -1.034793163339056
1085 -1.034777975256563
1086 -1.0347668283316
1087 -1.034759829506551
1088 -1.034758075423121
1089 -1.034759631879354
1090 -1.034755683114218
1091 -1.034769746100739
1092 -1.034787555444248
1093 -1.034797900223427
1094 -1.034827000809662
1095 -1.034848665853685
1096 -1.034889937729333
1097 -1.034920782594478
1098 -1.034972869926551
1099 -1.035015228305043
1100 -1.035078198247325
1101 -1.035128601854342
1102 -1.035183966657448
1103 -1.03526193198971
1104 -1.035326039241785
1105 -1.035395294724558
1106 -1.035485066994695
1107 -1.03556008665452
1108 -1.03564015652807
1109 -1.035724171171087
1110 -1.035829281040507
1111 -1.035917372766622
1112 -1.036008647047929
1113 -1.036102684325683
1114 -1.036198903556348
1115 -1.036317230275936
1116 -1.036415857139087
1117 -1.036516042856264
1118 -1.036616840808207
1119 -1.03671838233796
1120 -1.03681986219237
1121 -1.036942873612081
1122 -1.037042496999453
1123 -1.037143373148127
1124 -1.037243226786911
1125 -1.037342948057266
1126 -1.037441194440927
1127 -1.037538073065979
1128 -1.037652423148474
1129 -1.037744228313694
1130 -1.037834339902447
1131 -1.037922308238273
1132 -1.038007709039018
1133 -1.038090075802063
1134 -1.038186127747351
1135 -1.038260382221445
1136 -1.038331769370612
1137 -1.038401047521187
1138 -1.038465829283035
1139 -1.038541693428256
1140 -1.038598584865584
1141 -1.038651984194411
1142 -1.038715856714583
1143 -1.038760605521362
1144 -1.038800645318485
1145 -1.038848758120747
1146 -1.038878713403057
1147 -1.038904626812984
1148 -1.038937802121417
1149 -1.038955349742429
1150 -1.038981123010965
1151 -1.038991479990688
1152 -1.039007677007943
1153 -1.03900955315275
1154 -1.039017632192698
1155 -1.039011993844754
1156 -1.039012748486025
1157 -1.039008686582496
1158 -1.0389934005233
1159 -1.038983470060221
1160 -1.038962098044753
1161 -1.038944226986577
1162 -1.038923030736585
1163 -1.038892395221959
1164 -1.038868613222358
1165 -1.038842186752386
1166 -1.038813154040005
1167 -1.038780794431839
1168 -1.038742119362936
1169 -1.038708394359977
1170 -1.038673148115626
1171 -1.03863257478285
1172 -1.038597837805043
1173 -1.038562085372053
1174 -1.038525052182499
1175 -1.038481879925572
1176 -1.03844615570666
1177 -1.038410403856907
1178 -1.038368521275709
1179 -1.038335846902855
1180 -1.038304542226019
1181 -1.038267140910895
1182 -1.03823835530864
1183 -1.038209906178583
1184 -1.038176854113451
1185 -1.038152357236541
1186 -1.038122648054362
1187 -1.038103689330743
1188 -1.038078192309224
1189 -1.038062957114526
1190 -1.038042666502103
1191 -1.038032551603787
1192 -1.038016126178739
1193 -1.038002946438292
1194 -1.038002488212098
1195 -1.037994911694185
1196 -1.037991456075188
1197 -1.037999104378224
1198 -1.037998470648543
1199 -1.038001562076715
1200 -1.038007582019359
1201 -1.038026797824702
1202 -1.038038251144004
1203 -1.038051947304054
1204 -1.038068812169402
1205 -1.038088196337443
1206 -1.038119774739565
1207 -1.038142243083459
1208 -1.038167161416615
1209 -1.038194049712522
1210 -1.038222855429808
1211 -1.038253643389641
1212 -1.038286640894633
1213 -1.03832108727913
1214 -1.038370727818882
1215 -1.038407272885598
1216 -1.038445548558992
1217 -1.038486066349285
1218 -1.038526579208438
1219 -1.038567704819551
1220 -1.038607664883917
1221 -1.038649121323913
1222 -1.03869297553235
1223 -1.038737432357046
1224 -1.038780849167558
1225 -1.038824018316942
1226 -1.038867504310506
1227 -1.03890968310626
1228 -1.038951284564387
1229 -1.038992636523549
1230 -1.039033267846776
1231 -1.039072559625062
1232 -1.039121653654532
1233 -1.039157987762387
1234 -1.03919302053254
1235 -1.039227219070362
1236 -1.03925999959115
1237 -1.039291686471114
1238 -1.039320770069258
1239 -1.039347546971978
1240 -1.039372318774676
1241 -1.039395201662044
1242 -1.039416485075004
1243 -1.039436080988459
1244 -1.039463305749173
1245 -1.039478357343119
1246 -1.039491223254062
1247 -1.039502316994239
1248 -1.0395119333067
1249 -1.039519000604597
1250 -1.03953103555933
1251 -1.039532958501968
1252 -1.039532725881199
1253 -1.039537067059706
1254 -1.039532023370502
1255 -1.039525270341966
1256 -1.039515813250296
1257 -1.039511398765716
1258 -1.039496284023801
1259 -1.039480965427321
1260 -1.039470347778864
1261 -1.039451417903994
1262 -1.039437673391781
1263 -1.039416337770165
1264 -1.03939865848881
1265 -1.039373809903122
1266 -1.039351127332902
1267 -1.039322593013156
1268 -1.039297492785434
1269 -1.039266391788804
1270 -1.039240661333715
1271 -1.039207883081629
1272 -1.039180100879055
1273 -1.039146708795137
1274 -1.039117732113747
1275 -1.039084752828652
1276 -1.039054769716653
1277 -1.039024064146707
1278 -1.038989369435447
1279 -1.038959298724579
1280 -1.038925157930519
1281 -1.038896306238651
1282 -1.038863290731746
1283 -1.038834496157214
1284 -1.038805431618986
1285 -1.038772787481166
1286 -1.038745846185783
1287 -1.038718440573244
1288 -1.038686790969946
1289 -1.038661811847185
1290 -1.038637865227129
1291 -1.038610232509674
1292 -1.038589078932382
1293 -1.038568612308505
1294 -1.038549504460468
1295 -1.038526955491643
1296 -1.038508868870984
1297 -1.038492302277991
1298 -1.038472601403682
1299 -1.038459668734498
1300 -1.038448106155373
1301 -1.038436940964665
1302 -1.038427125219286
1303 -1.038418019773281
1304 -1.038410063668359
1305 -1.038404009141872
1306 -1.038398859931343
1307 -1.038394881411512
1308 -1.03839225299482
1309 -1.038391825405074
1310 -1.038387146114734
1311 -1.038389601112631
1312 -1.038391668939161
1313 -1.038395139734611
1314 -1.038398911759083
1315 -1.038404228106377
1316 -1.038410235913457
1317 -1.038412275217866
1318 -1.038422118421358
1319 -1.038431206937922
1320 -1.038440837967157
1321 -1.038450738960149
1322 -1.038461763430897
1323 -1.038472677229505
1324 -1.038483459697602
1325 -1.038495323807614
1326 -1.03850734806122
1327 -1.038518734162953
1328 -1.038530431781719
1329 -1.038542121960986
1330 -1.038553744404169
1331 -1.038565803934974
1332 -1.03857699819863
1333 -1.03858773860222
1334 -1.038598950053569
1335 -1.03860908326702
1336 -1.038618816793939
1337 -1.038628274549274
1338 -1.038637480626515
1339 -1.038646534542374
1340 -1.038653788673336
1341 -1.038661023290661
1342 -1.038666892885332
1343 -1.038672244513198
1344 -1.03867698351841
1345 -1.038681050554155
1346 -1.038684680096982
1347 -1.038687348559316
1348 -1.03868870126414
1349 -1.03868837530224
1350 -1.038686923904302
1351 -1.038684841061219
1352 -1.038680790522493
1353 -1.038676142414082
1354 -1.038671586465184
1355 -1.038665918133688
1356 -1.038660950883289
1357 -1.038654081970072
1358 -1.038645056757012
1359 -1.038635589085765
1360 -1.038624841224794
1361 -1.038612829485491
1362 -1.038600571803393
1363 -1.038588114238899
1364 -1.038574727841297
1365 -1.038559776473284
1366 -1.038544034254643
1367 -1.0385282173229
1368 -1.038511515615131
1369 -1.038494876613052
1370 -1.038477413129915
1371 -1.038459552342983
1372 -1.03844072975155
1373 -1.038420858339185
1374 -1.038400682603842
1375 -1.038381054851779
1376 -1.038360829487676
1377 -1.038340257044969
1378 -1.038320265422469
1379 -1.03829981911961
1380 -1.038278587974066
1381 -1.038257360023429
1382 -1.038236432000357
1383 -1.038215664440905
1384 -1.038195450068849
1385 -1.038175718887173
1386 -1.0381566571197
1387 -1.038137072117292
1388 -1.03811773873399
1389 -1.038098434421749
1390 -1.038079745869487
1391 -1.038061851958023
1392 -1.038043682063732
1393 -1.038026499412571
1394 -1.038008242419904
1395 -1.037991088540173
1396 -1.037974788223683
1397 -1.037959480607785
1398 -1.037945400189695
1399 -1.037932246031719
1400 -1.037919690148153
1401 -1.037908015794004
1402 -1.037897274616156
1403 -1.03788654294392
1404 -1.037875873366862
1405 -1.037865544664018
1406 -1.037856062506941
1407 -1.037847418637025
1408 -1.037840300001341
1409 -1.037832771780992
1410 -1.03782646873994
1411 -1.037821004064432
1412 -1.03781654280399
1413 -1.037812817107509
1414 -1.037809622631664
1415 -1.037806925644797
1416 -1.037805691094859
1417 -1.037804347272504
1418 -1.037802746367238
1419 -1.037801671892579
1420 -1.037801504294992
1421 -1.03780189598794
1422 -1.037802810616632
1423 -1.037804702113197
1424 -1.03780599023638
1425 -1.037808652788614
1426 -1.037810803863077
1427 -1.03781310300069
1428 -1.037816826295747
1429 -1.037820725923298
1430 -1.037824898445327
1431 -1.037828935068182
1432 -1.037833499124856
1433 -1.037837841630231
1434 -1.037840505825889
1435 -1.037844232429839
1436 -1.037848406259586
1437 -1.037853079845388
1438 -1.037857533576505
1439 -1.03785989537723
1440 -1.037863635495606
1441 -1.03786861453877
1442 -1.037871217573422
1443 -1.03787410889302
1444 -1.037876554845632
1445 -1.037880327216159
1446 -1.037882683042412
1447 -1.037885080879745
1448 -1.037886681289137
1449 -1.037887548279032
1450 -1.037888763472357
1451 -1.037890066269443
1452 -1.03789072614605
1453 -1.037891258227223
1454 -1.037891409066638
1455 -1.037890239743808
1456 -1.037889732066779
1457 -1.037886978187244
1458 -1.037883326964072
1459 -1.037880158647098
1460 -1.03787648511553
1461 -1.037873324900509
1462 -1.037869783865646
1463 -1.037866357590227
1464 -1.037862568620254
1465 -1.037858571278583
1466 -1.037853968741194
1467 -1.037849075288347
1468 -1.037842532172062
1469 -1.037836237572079
1470 -1.037828888645378
1471 -1.037821162135013
1472 -1.037813198758574
1473 -1.03780528527896
1474 -1.037797818498142
1475 -1.037790739157936
1476 -1.037783412976239
1477 -1.037776676322084
1478 -1.037769832047323
1479 -1.037761885663628
1480 -1.03775335890791
1481 -1.037745083287635
1482 -1.037737057739044
1483 -1.037728684956667
1484 -1.037720635470092
1485 -1.03771167951902
1486 -1.037704916600224
1487 -1.03769693149498
1488 -1.037689590264814
1489 -1.037682447892204
1490 -1.037676303804111
1491 -1.037669635553981
1492 -1.037663835810785
1493 -1.037657411879952
1494 -1.037651949634938
1495 -1.037646615731332
1496 -1.037642033022367
1497 -1.037638404704973
1498 -1.037634985224041
1499 -1.037631652606738
1500 -1.037627554692802
1501 -1.0376261832754
1502 -1.037622668513344
1503 -1.037620164557943
1504 -1.037618437579144
1505 -1.03761714663837
1506 -1.03761700228411
1507 -1.037618387481073
1508 -1.037619836854809
1509 -1.037621159615431
1510 -1.03762287333658
1511 -1.037625167978833
1512 -1.037628490268046
1513 -1.037632214903716
1514 -1.037636138358405
1515 -1.037639914624722
1516 -1.037644425936944
1517 -1.037648237046931
1518 -1.037653218493459
1519 -1.037658830254545
1520 -1.037665443091556
1521 -1.037672219816765
1522 -1.037680530718863
1523 -1.037689063341801
1524 -1.037697488989422
1525 -1.037706044149608
1526 -1.037715081217405
1527 -1.037724629656436
1528 -1.037734231945465
1529 -1.037743874181691
1530 -1.037752492908148
1531 -1.037761170491911
1532 -1.037771576541063
1533 -1.037781913378609
1534 -1.037792525020348
1535 -1.037803824557842
1536 -1.037815309049514
1537 -1.037826888404519
1538 -1.037839459444211
1539 -1.03785131682447
1540 -1.037862917305179
1541 -1.037874808770295
1542 -1.037885877239336
1543 -1.037897586548505
1544 -1.037909372510787
1545 -1.037920581984601
1546 -1.037931843305431
1547 -1.037943977203149
1548 -1.037955435369251
1549 -1.037966608428877
1550 -1.037977941338598
1551 -1.037989615419988
1552 -1.038002099273463
1553 -1.038014459864244
1554 -1.038025598521095
1555 -1.038035819526805
1556 -1.038046189754666
1557 -1.038056599384749
1558 -1.038067828703442
1559 -1.038079549306938
1560 -1.038089511473164
1561 -1.038099198062108
1562 -1.038109783887649
1563 -1.038119895316762
1564 -1.038129622730306
1565 -1.038139464989155
1566 -1.038149802219005
1567 -1.03816052568021
1568 -1.038171495869007
1569 -1.038180807292439
1570 -1.038189606514633
1571 -1.038198441825896
1572 -1.038207745077898
1573 -1.038217097104566
1574 -1.038226638593255
1575 -1.038236601798993
1576 -1.038244934661482
1577 -1.038253186915306
1578 -1.038263235700554
1579 -1.038272346397086
1580 -1.038280241481142
1581 -1.038289004291267
1582 -1.038298469131887
1583 -1.038309114304544
1584 -1.038319262004592
1585 -1.038329013707937
1586 -1.038338626381126
1587 -1.038348313234143
1588 -1.038358480752891
1589 -1.038368859232624
1590 -1.038379617620792
1591 -1.038388502189482
1592 -1.038398014156804
1593 -1.038409290680379
1594 -1.038419752067082
1595 -1.038430392522156
1596 -1.038441743181025
1597 -1.038453938804398
1598 -1.038467133785022
1599 -1.038479509910577
1600 -1.038492394544643
1601 -1.038505176799141
1602 -1.038517268223496
1603 -1.038529890805483
1604 -1.038543275804515
1605 -1.0385580057021
1606 -1.038571768417407
1607 -1.038586182995589
1608 -1.038600975609534
1609 -1.038615832342864
1610 -1.038630365282132
1611 -1.038646301915039
1612 -1.038663806630193
1613 -1.03868090906645
1614 -1.038698673322078
1615 -1.038715813017885
1616 -1.038735042162714
1617 -1.038753267777695
1618 -1.038772166340152
1619 -1.038790463610128
1620 -1.03880989387448
1621 -1.038827217011956
1622 -1.038845795194708
1623 -1.038865696185137
1624 -1.038886375232099
1625 -1.038906426584041
1626 -1.038926292243999
1627 -1.038947923449333
1628 -1.03897001935383
1629 -1.038991389807967
1630 -1.039013343842659
1631 -1.039035631969447
1632 -1.039058622318302
1633 -1.039082377094905
1634 -1.039105434359408
1635 -1.039129529106263
1636 -1.039151733092679
1637 -1.03917396228028
1638 -1.039197761149558
1639 -1.039221169659672
1640 -1.039243109948639
1641 -1.039267416650271
1642 -1.039292650051133
1643 -1.039319619819135
1644 -1.039345445322705
1645 -1.039371114261689
1646 -1.039396913829764
1647 -1.039422616249809
1648 -1.039448717501955
1649 -1.039473178632257
1650 -1.039498431102017
1651 -1.039522881175176
1652 -1.039546723220825
1653 -1.039571419477226
1654 -1.039597043201221
1655 -1.039623647563358
1656 -1.039650403092689
1657 -1.039677227990146
1658 -1.039704357076259
1659 -1.039730451857494
1660 -1.039756612874431
1661 -1.039784553500081
1662 -1.039811306071445
1663 -1.039837552341296
1664 -1.039863334833768
1665 -1.039888934928662
1666 -1.039913023015098
1667 -1.039938641400817
1668 -1.039964168892483
1669 -1.039990096046976
1670 -1.040016252336679
1671 -1.040043219376352
1672 -1.040070131210784
1673 -1.040096755015897
1674 -1.040124564060641
1675 -1.040151831242794
1676 -1.0401789952038
1677 -1.040204909696291
1678 -1.04023015599461
1679 -1.04025590774241
1680 -1.04028249013909
1681 -1.040308905452102
1682 -1.040335564802539
1683 -1.040362321731792
1684 -1.040390042091704
1685 -1.040416972501424
1686 -1.040444154122745
1687 -1.040471154160642
1688 -1.040499230001862
1689 -1.040526188111475
1690 -1.040552975659435
1691 -1.040579858889525
1692 -1.040607268069522
1693 -1.040635301142001
1694 -1.040664921786866
1695 -1.040691925879116
1696 -1.040720250311067
1697 -1.040749300067629
1698 -1.040778926171891
1699 -1.040808538756737
1700 -1.04083803669288
1701 -1.040867564222823
1702 -1.04089752859937
1703 -1.040928007492782
1704 -1.040959319840617
1705 -1.04099011287383
1706 -1.041021427842118
1707 -1.041050188313147
1708 -1.041079232185984
1709 -1.041109356286949
1710 -1.041141794656459
1711 -1.041173591520275
1712 -1.041205760442321
1713 -1.041238438219353
1714 -1.04127102332649
1715 -1.041304044509594
1716 -1.041336820299953
1717 -1.041371083486216
1718 -1.041405857431189
1719 -1.0414404071438
1720 -1.041475229902438
1721 -1.041508771180623
1722 -1.041542822567071
1723 -1.041577837170033
1724 -1.041612323068964
1725 -1.041646151820128
1726 -1.041680548795673
1727 -1.041715574156805
1728 -1.041751421284444
1729 -1.041787554444005
1730 -1.041823909918725
1731 -1.041860811614332
1732 -1.041899229721534
1733 -1.041936875537481
1734 -1.041974070641988
1735 -1.042007744429373
1736 -1.04204325437173
1737 -1.042080029964106
1738 -1.042119035912537
1739 -1.042155226732758
1740 -1.04219321243892
1741 -1.04223360236356
1742 -1.042272518027265
1743 -1.042313883149681
1744 -1.042353467185358
1745 -1.042393905444293
1746 -1.04243362489559
1747 -1.042471852185774
1748 -1.04250887909456
1749 -1.042546041825922
1750 -1.04258537496273
1751 -1.042624594897883
1752 -1.042665210891938
1753 -1.042705070969261
1754 -1.042745860643908
1755 -1.042786646226121
1756 -1.042828164584268
1757 -1.042867463819763
1758 -1.04290733480733
1759 -1.042946693499201
1760 -1.042986655527503
1761 -1.043026958361243
1762 -1.0430657731118
1763 -1.043107271826327
1764 -1.04314852633622
1765 -1.043188634228196
1766 -1.04323052585025
1767 -1.04327104398734
1768 -1.043311361250719
1769 -1.043352593202434
1770 -1.043393183392016
1771 -1.043434126822258
1772 -1.043474646775118
1773 -1.043515686034563
1774 -1.04355508154099
1775 -1.043596567758091
1776 -1.043637583852447
1777 -1.043679254949009
1778 -1.043719735406136
1779 -1.043761627742183
1780 -1.043801481079351
1781 -1.043843475504545
1782 -1.043884079648858
1783 -1.043926007039103
1784 -1.043967041602576
1785 -1.044008942977778
1786 -1.04405079271825
1787 -1.044094377353758
1788 -1.044136389737919
1789 -1.044180069446514
1790 -1.044223706747075
1791 -1.044264315442411
1792 -1.04430536528413
1793 -1.044345340665878
1794 -1.044387947230479
1795 -1.044431261406115
1796 -1.044473768146408
1797 -1.044516463048645
1798 -1.044560453983548
1799 -1.044604542426045
1800 -1.044649620522267
1801 -1.044693257953126
1802 -1.044737547814037
1803 -1.044781943326351
1804 -1.044824749986893
1805 -1.044869856298423
1806 -1.044913145762947
1807 -1.044954410536065
1808 -1.044997513741337
1809 -1.045042475974695
1810 -1.045086871799049
1811 -1.045133355618745
1812 -1.045178655757451
1813 -1.045223997685447
1814 -1.045270304490774
1815 -1.045316260690229
1816 -1.045360608406959
1817 -1.045405725690095
1818 -1.045451743070783
1819 -1.045498144376666
1820 -1.045544562292633
1821 -1.045590566289106
1822 -1.045636321770334
1823 -1.045683215610899
1824 -1.045729598216848
1825 -1.045776085980724
1826 -1.045823642967178
1827 -1.045870879705885
1828 -1.045917226533114
1829 -1.045963844221128
1830 -1.046010871177117
1831 -1.046057953443704
1832 -1.046105116878087
1833 -1.046152760840522
1834 -1.046199741959017
1835 -1.04624562395673
1836 -1.046294143592461
1837 -1.046343105357108
1838 -1.04639100499049
1839 -1.046440239034202
1840 -1.04648942739924
1841 -1.0465385668837
1842 -1.04658765304739
1843 -1.046634576109486
1844 -1.046685488028336
1845 -1.046736173553913
1846 -1.046784427965093
1847 -1.04683435807633
1848 -1.046884846433001
1849 -1.046934939887971
1850 -1.046983063305647
1851 -1.047032976241384
1852 -1.047082293667462
1853 -1.047131582115721
1854 -1.047180846613736
1855 -1.047230093155408
1856 -1.0472801194083
1857 -1.047330981410584
1858 -1.047379946092054
1859 -1.047429942713215
1860 -1.047481909080837
1861 -1.047532853577177
1862 -1.047584675149084
1863 -1.047634089419285
1864 -1.047684621848193
1865 -1.047736548481081
1866 -1.047788105094341
1867 -1.047837869551545
1868 -1.047885712575438
1869 -1.047937606453597
1870 -1.047988519124286
1871 -1.048040520974236
1872 -1.048091830561254
1873 -1.048143643976161
1874 -1.048196410039359
1875 -1.048246553085031
1876 -1.048297018815486
1877 -1.048347807040623
1878 -1.048400466373834
1879 -1.048451038240679
1880 -1.048500331430875
1881 -1.048551391940467
1882 -1.048603395245822
1883 -1.048656089279559
1884 -1.04870857912241
1885 -1.048760841094273
1886 -1.04881202713365
1887 -1.048863783664111
1888 -1.048914576800664
1889 -1.048966728764211
1890 -1.049020513120836
1891 -1.049073185392482
1892 -1.049124663266052
1893 -1.049175098023984
1894 -1.049227433223593
1895 -1.049280634848032
1896 -1.049331544144613
1897 -1.049382218732661
1898 -1.049435897620255
1899 -1.049488724121405
1900 -1.049541208120575
1901 -1.04959143685311
1902 -1.049645363844997
1903 -1.049697599734621
1904 -1.049748336469146
1905 -1.049799470791702
1906 -1.049851604658292
1907 -1.049905885568952
1908 -1.049959420917595
1909 -1.050010491619501
1910 -1.050063801304689
1911 -1.050117576500802
1912 -1.050170799601222
1913 -1.050222028764716
1914 -1.050272131733763
1915 -1.050325952154471
1916 -1.050379344826937
1917 -1.050430193332464
1918 -1.050484324850864
1919 -1.0505383559565
1920 -1.050590157094338
1921 -1.050645126803307
1922 -1.050697995923714
1923 -1.050751794761287
1924 -1.050803939895981
1925 -1.050853727429714
1926 -1.050908055576993
1927 -1.050960483648426
1928 -1.051011749735845
1929 -1.051066795036441
1930 -1.051122838258208
1931 -1.051177265219799
1932 -1.051228404285536
1933 -1.051282910862034
1934 -1.051336623962596
1935 -1.051391883650955
1936 -1.051446007378038
1937 -1.05149804968565
1938 -1.05155358570192
1939 -1.051605854987954
1940 -1.051661792833066
1941 -1.051716542632397
1942 -1.051768508666318
1943 -1.051821701322258
1944 -1.051873609402145
1945 -1.0519316568906
1946 -1.05198634376608
1947 -1.052041264678297
1948 -1.052095456724637
1949 -1.05215030655124
1950 -1.05220578761558
1951 -1.052261650879057
1952 -1.052317667399926
1953 -1.052372980016809
1954 -1.052427753325435
1955 -1.052480300447388
1956 -1.052535550054077
1957 -1.052590758731168
1958 -1.052646045720468
1959 -1.052702316591237
1960 -1.05275538117658
1961 -1.052809251761911
1962 -1.052862256516852
1963 -1.052916927904271
1964 -1.052972304958995
1965 -1.053027507243096
1966 -1.053080828193292
1967 -1.05313799084125
1968 -1.053192933868475
1969 -1.053248994096492
1970 -1.053305210986178
1971 -1.053357074722902
1972 -1.053410377644822
1973 -1.053464255419066
1974 -1.053519879366335
1975 -1.053573616720933
1976 -1.053631552591309
1977 -1.053683191568517
1978 -1.05373901383675
1979 -1.053792603232044
1980 -1.053850414298564
1981 -1.053905514739419
1982 -1.053961901828355
1983 -1.054016495721312
1984 -1.054071060936409
1985 -1.054122272510208
1986 -1.054176466186724
1987 -1.054227548836581
1988 -1.054284182303569
1989 -1.054340733049364
1990 -1.054395294953917
1991 -1.054453598744234
1992 -1.054505498134128
1993 -1.054561348041987
1994 -1.054614974422782
1995 -1.054671491315984
1996 -1.054725055406602
1997 -1.054781390102994
1998 -1.05483447922125
1999 -1.054892398516846
2000 -1.054945942464221
2001 -1.054997733697567
2002 -1.055052154476627
2003 -1.055104307827088
2004 -1.055159872515025
2005 -1.055212312917636
2006 -1.055269501605643
2007 -1.055324824633519
2008 -1.055381663046405
2009 -1.055433726950026
2010 -1.055486648414042
2011 -1.055539927713524
2012 -1.055599100160483
2013 -1.055652525060033
2014 -1.055707808170885
2015 -1.055760152899363
2016 -1.055813547592914
2017 -1.055870073823967
2018 -1.055923965153972
2019 -1.055976547973537
2020 -1.056032294128791
2021 -1.056083948722251
2022 -1.056140334483446
2023 -1.056192744440509
2024 -1.056246119034848
2025 -1.056303851565883
2026 -1.056355929034523
2027 -1.056410184993325
2028 -1.056467866652173
2029 -1.056521148390437
2030 -1.056573193285205
2031 -1.056625904312113
2032 -1.056679667519826
2033 -1.056737434307152
2034 -1.0567908954751
2035 -1.056843720296889
2036 -1.056895926400469
2037 -1.05694743107835
2038 -1.057003882601413
2039 -1.057057157964267
2040 -1.057114576535451
2041 -1.057167431405725
2042 -1.057220562053129
2043 -1.057275373187665
2044 -1.057333713492696
2045 -1.05738694330572
2046 -1.057439663905765
2047 -1.057492186246905
2048 -1.057547350118662
2049 -1.057601080959652
2050 -1.057650827440202
2051 -1.05770592516428
2052 -1.057757474590401
2053 -1.05780949184179
2054 -1.057863203194088
2055 -1.057921304665163
2056 -1.057975117315035
2057 -1.058027365421727
2058 -1.058083495654539
2059 -1.058135404143337
2060 -1.058187786939314
2061 -1.058244914298925
2062 -1.058296835878122
2063 -1.058348468770447
2064 -1.058404562475465
2065 -1.058454905847866
2066 -1.058505676303715
2067 -1.058561764574499
2068 -1.058614737506242
2069 -1.058666296337747
2070 -1.058720454677485
2071 -1.058772142163863
2072 -1.058824366038656
2073 -1.058877787210877
2074 -1.058931900840389
2075 -1.058982239263857
2076 -1.059034833144277
2077 -1.05908508108727
2078 -1.059137229988723
2079 -1.059189692327023
2080 -1.059242564016765
2081 -1.059294295372048
2082 -1.059345082026472
2083 -1.059395209222222
2084 -1.059446683673367
2085 -1.05949609371456
2086 -1.059554452446731
2087 -1.059605394901442
2088 -1.059658244157806
2089 -1.059710711786029
2090 -1.059764151123822
2091 -1.059818384702008
2092 -1.059873528833349
2093 -1.05992561211773
2094 -1.059975329662269
2095 -1.060024070313666
2096 -1.060073199901965
2097 -1.06012361478692
2098 -1.060174853105692
2099 -1.060225951518817
2100 -1.060276750405492
2101 -1.060333590195804
2102 -1.060383923251842
2103 -1.060441454982456
2104 -1.060494609735214
2105 -1.06054698002998
2106 -1.060598739882394
2107 -1.060651161912342
2108 -1.06069987789561
2109 -1.06074799564021
2110 -1.060796727024677
2111 -1.060849986829899
2112 -1.06089914885572
2113 -1.060948920012971
2114 -1.060999326080289
2115 -1.061050811054171
2116 -1.061101092303445
2117 -1.061151127174475
2118 -1.06120170890386
2119 -1.061251497529492
2120 -1.061299672787307
2121 -1.061348088731979
2122 -1.061397186949735
2123 -1.061446215234557
2124 -1.061495411803956
2125 -1.061545554931284
2126 -1.061595701864002
2127 -1.061647586633458
2128 -1.061700271335453
2129 -1.0617499493659
2130 -1.061798398351818
2131 -1.061845119715393
2132 -1.061893545244223
2133 -1.061942331021967
2134 -1.061991704401528
2135 -1.062042560470331
2136 -1.062092751817651
2137 -1.062141698611433
2138 -1.062191293663367
2139 -1.062241155745548
2140 -1.062291719232512
2141 -1.06234022169953
2142 -1.062387112154121
2143 -1.06243501046257
2144 -1.062481699729978
2145 -1.062528687098569
2146 -1.062576328219949
2147 -1.062625459321182
2148 -1.062675326558168
2149 -1.062724345694574
2150 -1.062773750700081
2151 -1.062823830458524
2152 -1.062873462654717
2153 -1.062923916507656
2154 -1.062974226307003
2155 -1.063020185665835
2156 -1.063064700980418
2157 -1.063110005732291
2158 -1.063156071274799
2159 -1.063204828201625
2160 -1.063252467059284
2161 -1.063307373162605
2162 -1.063359155141997
2163 -1.063410795369174
2164 -1.063459090091592
2165 -1.063506634488227
2166 -1.063555790187999
2167 -1.063604204490398
2168 -1.063650791558188
2169 -1.063698090748371
2170 -1.063745273567429
2171 -1.063792338510574
2172 -1.063839514175831
2173 -1.063885175417322
2174 -1.063928895215009
2175 -1.063972945877904
2176 -1.064018313877376
2177 -1.064062990213462
2178 -1.064109127308316
2179 -1.064152338006405
2180 -1.064194670410512
2181 -1.064237963049337
2182 -1.064279028147792
2183 -1.06432026665344
2184 -1.064363056134026
2185 -1.064413697442483
2186 -1.06445969204106
2187 -1.064505447800074
2188 -1.064549313562302
2189 -1.064592411634312
2190 -1.064637533206782
2191 -1.064682661427597
2192 -1.064724644008771
2193 -1.064767250632248
2194 -1.064810071853353
2195 -1.064858066419979
2196 -1.064905877073012
2197 -1.064955028177736
2198 -1.064996898392246
2199 -1.065043618123695
2200 -1.065087675510386
2201 -1.065132822940703
2202 -1.06517688056718
2203 -1.065220969954939
2204 -1.065265779635109
2205 -1.065310289456964
2206 -1.065355671241781
2207 -1.065400145161028
2208 -1.065445041721298
2209 -1.065488875745554
2210 -1.065531168075329
2211 -1.065572961957589
2212 -1.065615580259498
2213 -1.06565900823518
2214 -1.065701219931646
2215 -1.065744032111036
2216 -1.065787053236176
2217 -1.065832404335286
2218 -1.065876810794857
2219 -1.065920413419653
2220 -1.065962123318404
2221 -1.066005550423569
2222 -1.0660434456494
2223 -1.0660856403668
2224 -1.066125104632783
2225 -1.06616529159871
2226 -1.066208748890835
2227 -1.066246948287641
2228 -1.066286990772938
2229 -1.066330855106807
2230 -1.066370477400962
2231 -1.066410764653943
2232 -1.066452417477903
2233 -1.066493534736986
2234 -1.066535794559475
2235 -1.066576977034486
2236 -1.066616162955874
2237 -1.066655415353005
2238 -1.066696041027991
2239 -1.066737272720397
2240 -1.066776680484713
2241 -1.066817327943747
2242 -1.066859473630932
2243 -1.066907380505405
2244 -1.066948678963173
2245 -1.066989540019619
2246 -1.067030177160859
2247 -1.067069676445472
2248 -1.067110182649578
2249 -1.067150138943705
2250 -1.067191253800917
2251 -1.067232344579233
2252 -1.067272171058736
2253 -1.067317085902255
2254 -1.067357645458024
2255 -1.067402932385861
2256 -1.067443359225056
2257 -1.067483612353887
2258 -1.067523473455779
2259 -1.06756201296583
2260 -1.067602508427245
2261 -1.067641841536245
2262 -1.067680424721054
2263 -1.067718413386904
2264 -1.06775682259575
2265 -1.06779454847697
2266 -1.067837028165896
2267 -1.067875258131896
2268 -1.067914621793969
2269 -1.067959270950301
2270 -1.067997912074836
2271 -1.068036890952099
2272 -1.068074729737855
2273 -1.068112153510782
2274 -1.068148631590246
2275 -1.068185309424909
2276 -1.068222952740352
2277 -1.068262108340218
2278 -1.068300322715494
2279 -1.068338777089387
2280 -1.068377402360138
2281 -1.06841514855392
2282 -1.068452369228187
2283 -1.068487963766091
2284 -1.068523504395807
2285 -1.068559704885133
2286 -1.0685960994933
2287 -1.068631419776399
2288 -1.068666660263028
2289 -1.068703016743561
2290 -1.068741095731071
2291 -1.068778680203706
2292 -1.068816684978748
2293 -1.068853101004987
2294 -1.068889248300603
2295 -1.068926241100522
2296 -1.068963829227904
2297 -1.069000511783296
2298 -1.069035810850434
2299 -1.069071367610998
2300 -1.06910628908037
2301 -1.06913965802558
2302 -1.069172118209332
2303 -1.069206480143709
2304 -1.069241948910956
2305 -1.069275969022494
2306 -1.06931122916959
2307 -1.069347224141471
2308 -1.069382937237823
2309 -1.069420300515083
2310 -1.069457718755514
2311 -1.069492594213736
2312 -1.06952730169249
2313 -1.06956263072038
2314 -1.069596975786456
2315 -1.069629088453733
2316 -1.069661149385842
2317 -1.069694529823937
2318 -1.069730827781163
2319 -1.069766292510038
2320 -1.069801537463534
2321 -1.069834826386863
2322 -1.069870901869194
2323 -1.069903632403263
2324 -1.069936423886716
2325 -1.069969396391315
2326 -1.070004929596727
2327 -1.07003749999147
2328 -1.070069309788937
2329 -1.070102410849647
2330 -1.0701360876389
2331 -1.070170873521373
2332 -1.070203244514629
2333 -1.070235209941898
2334 -1.070267138906586
2335 -1.070300111662016
2336 -1.070332539731529
2337 -1.070364564440224
2338 -1.070397228436045
2339 -1.070428815615288
2340 -1.070461475335037
2341 -1.070494140569689
2342 -1.070529039011447
2343 -1.070563254514782
2344 -1.070596084738364
2345 -1.07062843649475
2346 -1.07066105695355
2347 -1.07069315363774
2348 -1.070725833083111
2349 -1.07075749091958
2350 -1.070789155112796
2351 -1.07081850686198
2352 -1.070848668555169
2353 -1.070879382002508
2354 -1.070910924731833
2355 -1.070941416112387
2356 -1.070972278649035
2357 -1.071003696495882
2358 -1.071040698430303
2359 -1.071071873766706
2360 -1.071103183802772
2361 -1.071136196285249
2362 -1.071167087228942
2363 -1.071196493769792
2364 -1.071226422953086
2365 -1.071255832654932
2366 -1.071291054641148
2367 -1.071321101394885
2368 -1.071349796551958
2369 -1.071378231118398
2370 -1.071406909440886
2371 -1.071440238348382
2372 -1.071469165779183
2373 -1.071498697852633
2374 -1.071529397687844
2375 -1.071560938065357
2376 -1.071589628957903
2377 -1.07161752476916
2378 -1.071646975756407
2379 -1.071676988178283
2380 -1.071710520411633
2381 -1.071738533306448
2382 -1.071766254486393
2383 -1.071797227630521
2384 -1.071825328983356
2385 -1.071853151244572
2386 -1.071880885955008
2387 -1.071909301699502
2388 -1.07193921531487
2389 -1.071966591045825
2390 -1.071992582286325
2391 -1.072022749733308
2392 -1.072050571458347
2393 -1.072078312780519
2394 -1.072106601106649
2395 -1.072137018702011
2396 -1.072164501679368
2397 -1.072195253066272
2398 -1.072221596608659
2399 -1.07225354113292
2400 -1.072278182072509
2401 -1.072303603221147
2402 -1.072329763139665
2403 -1.072356771430703
2404 -1.07238482782252
2405 -1.072410877356396
2406 -1.072437127436058
2407 -1.072464000531911
2408 -1.072490563914289
2409 -1.072515905427036
2410 -1.07254132777126
2411 -1.072567951533248
2412 -1.072594639907954
2413 -1.072626397563588
2414 -1.072656502528084
2415 -1.072682799919681
2416 -1.072711682922163
2417 -1.072737887339715
2418 -1.072762742946412
2419 -1.07278836387185
2420 -1.072815887068274
2421 -1.07284112660722
2422 -1.072865860851678
2423 -1.07289066113122
2424 -1.072916986057599
2425 -1.072944617579142
2426 -1.072970009721856
2427 -1.072994196905019
2428 -1.073016867236679
2429 -1.073043656790865
2430 -1.073065993470868
2431 -1.073090525275419
2432 -1.073121351745995
2433 -1.073147585040885
2434 -1.073174320729542
2435 -1.073199472630003
2436 -1.073225686219575
2437 -1.073252130882034
2438 -1.073279656604823
2439 -1.073303417487747
2440 -1.073329558818878
2441 -1.073354433728236
2442 -1.073380553187506
2443 -1.073403818638139
2444 -1.07342651722582
2445 -1.073450836113049
2446 -1.07347625594279
2447 -1.073500723349349
2448 -1.073523520919011
2449 -1.073546205932594
2450 -1.073571395745882
2451 -1.073595205996469
2452 -1.073619028763754
2453 -1.07364424008791
2454 -1.073669733012727
2455 -1.07369468420524
2456 -1.073721632516973
2457 -1.073743822591008
2458 -1.073766788302041
2459 -1.073792251900725
2460 -1.073816218707048
2461 -1.07384130671416
2462 -1.073866616103151
2463 -1.073889050429195
2464 -1.073911781666118
2465 -1.073936039306459
2466 -1.073957857789698
2467 -1.073980007903187
2468 -1.074002546540805
2469 -1.074026781099923
2470 -1.074048455760859
2471 -1.074070517829841
2472 -1.074094537927846
2473 -1.074116808734264
2474 -1.074138523788792
2475 -1.074163408760077
2476 -1.07418812211317
2477 -1.074216319885183
2478 -1.074240202191676
2479 -1.074263850697035
2480 -1.074286508163321
2481 -1.074308066466132
2482 -1.074328609360429
2483 -1.074349222552339
2484 -1.07437010926397
2485 -1.07439182384894
2486 -1.074412932616661
2487 -1.074434498821971
2488 -1.074455023979835
2489 -1.074477286635062
2490 -1.074499473648517
2491 -1.074523414278835
2492 -1.074546169668484
2493 -1.074567764339106
2494 -1.074589958819423
2495 -1.074611877004027
2496 -1.074635312036863
2497 -1.074658059176092
2498 -1.074682863253367
2499 -1.074702354457182
2500 -1.074720089957534
2501 -1.074738455070542
2502 -1.074759608835679
2503 -1.074779901289784
2504 -1.074801622592992
2505 -1.074824667634388
2506 -1.074846380778531
2507 -1.074867962266644
2508 -1.074889807684857
2509 -1.074910770151213
2510 -1.074934916010788
2511 -1.074954626648672
2512 -1.074973597854371
2513 -1.074993597755426
2514 -1.075014267229907
2515 -1.075033181010092
2516 -1.075054067229178
2517 -1.075073898973791
2518 -1.075094042611585
2519 -1.075112932766362
2520 -1.075133534592037
2521 -1.075153843749194
2522 -1.07517440621375
2523 -1.075195156004623
2524 -1.075215101605832
2525 -1.075235905925964
2526 -1.07525721173665
2527 -1.075277296580557
2528 -1.075296753149182
2529 -1.075315653141015
2530 -1.075335913293972
2531 -1.075353965273582
2532 -1.075372361182912
2533 -1.075392670900497
2534 -1.075414983909716
2535 -1.075435940327993
2536 -1.075456840983054
2537 -1.075475003555594
2538 -1.07549155282438
2539 -1.075509289998439
2540 -1.075528646482761
2541 -1.075547892043039
2542 -1.07556829620343
2543 -1.075588350567582
2544 -1.075607011577704
2545 -1.075627254448658
2546 -1.075646462138989
2547 -1.075665223268505
2548 -1.075683187676479
2549 -1.075701878682759
2550 -1.075720388445006
2551 -1.075740446496733
2552 -1.075760205587456
2553 -1.075779441479381
2554 -1.075796413069202
2555 -1.075814185772198
2556 -1.075831416243094
2557 -1.075851490114851
2558 -1.075870064700196
2559 -1.075889559167345
2560 -1.075909072396721
2561 -1.075928080685681
2562 -1.075947085711849
2563 -1.075965559681348
2564 -1.075985177256929
2565 -1.076002105540018
2566 -1.076018736763374
2567 -1.076035008793408
2568 -1.076054429338334
2569 -1.076072204103989
2570 -1.076090845242327
2571 -1.076110397926691
2572 -1.076127236983069
2573 -1.076144330228133
2574 -1.076161916257401
2575 -1.076179390452183
2576 -1.076197453471464
2577 -1.076215311921349
2578 -1.076232017441333
2579 -1.07625097324554
2580 -1.076270164325048
2581 -1.076290024743849
2582 -1.076309891103094
2583 -1.076328975552937
2584 -1.076344785034052
2585 -1.076358944214941
2586 -1.076374760911668
2587 -1.07639135629897
2588 -1.076406858753792
2589 -1.076423960096073
2590 -1.076440729890334
2591 -1.076457963056232
2592 -1.076477215599312
2593 -1.076497645585648
2594 -1.076515147128377
2595 -1.076530428911395
2596 -1.076547414306948
2597 -1.076564514191364
2598 -1.07658057212654
2599 -1.076595850643213
2600 -1.076612198864572
2601 -1.076629487033254
2602 -1.07664979761192
2603 -1.07666451886503
2604 -1.076681280885584
2605 -1.076698709059349
2606 -1.076713912274708
2607 -1.07672854588592
2608 -1.076745562047088
2609 -1.076761915296553
2610 -1.076779351231494
2611 -1.076795962576956
2612 -1.076812288681341
2613 -1.076829030937499
2614 -1.076844971556157
2615 -1.076860342307429
2616 -1.07687448541974
2617 -1.076890229039217
2618 -1.076906379696362
2619 -1.076923592504688
2620 -1.076939635890837
2621 -1.076958852978487
2622 -1.076976994065866
2623 -1.076991640358809
2624 -1.077006882756335
2625 -1.077022932097612
2626 -1.077036397581212
2627 -1.077051375266435
2628 -1.077067065302731
2629 -1.077083825652177
2630 -1.077100259875303
2631 -1.077116952866801
2632 -1.07713241898164
2633 -1.077148386797052
2634 -1.077162004688646
2635 -1.077176152378254
2636 -1.077191037285454
2637 -1.077206103171283
2638 -1.077223572181755
2639 -1.077240256152269
2640 -1.077257455755256
2641 -1.077273104125941
2642 -1.07728910329799
2643 -1.077304763577831
2644 -1.077320516679641
2645 -1.077334938311804
2646 -1.077348850978735
2647 -1.077362851579292
2648 -1.077377184629989
2649 -1.077392308268871
2650 -1.077405796843991
2651 -1.077419053379464
2652 -1.077435098788727
2653 -1.077451951872849
2654 -1.077469161707243
2655 -1.077486246574093
2656 -1.07750195336603
2657 -1.077517204880303
2658 -1.077532313246687
2659 -1.077548246801658
2660 -1.077562338285071
2661 -1.077573773161286
2662 -1.077585227861681
2663 -1.077598555093184
2664 -1.077613001017446
2665 -1.077628971343234
2666 -1.077645774362932
2667 -1.077663418072934
2668 -1.077679543422662
2669 -1.077695489832937
2670 -1.07771207175905
2671 -1.077726165341153
2672 -1.077738799153246
2673 -1.077750146206649
2674 -1.07776275318309
2675 -1.07777625638951
2676 -1.077790449158948
2677 -1.077805973651936
2678 -1.077822556453502
2679 -1.077835555579214
2680 -1.077848395210394
2681 -1.077862384637046
2682 -1.077878261489605
2683 -1.077892492835372
2684 -1.07790824292155
2685 -1.077921823241994
2686 -1.07793746032595
2687 -1.077950697024285
2688 -1.077964435473346
2689 -1.077977014550973
2690 -1.077988339574506
2691 -1.078001964738439
2692 -1.078017919154838
2693 -1.078033892418304
2694 -1.078050617808179
2695 -1.078064986644323
2696 -1.07807780913379
2697 -1.078090158670472
2698 -1.078103181885046
2699 -1.078115772330738
2700 -1.078129488976346
2701 -1.078144728044971
2702 -1.078159152865153
2703 -1.078172025389936
2704 -1.078185088224731
2705 -1.078197021785875
2706 -1.078211333123756
2707 -1.078224966631912
2708 -1.078239080163851
2709 -1.078254511143063
2710 -1.078267272297807
2711 -1.07828071173314
2712 -1.078293168300102
2713 -1.078308422214524
2714 -1.07832266009889
2715 -1.078335203749177
2716 -1.078348634113408
2717 -1.078361665551743
2718 -1.078374042104305
2719 -1.078387877974914
2720 -1.078400688066551
2721 -1.078413286076678
2722 -1.078426784057633
2723 -1.078438894048154
2724 -1.078452184161782
2725 -1.07846594784004
2726 -1.078480655800541
2727 -1.078493831292108
2728 -1.078506303046021
2729 -1.078518207407901
2730 -1.078531815161578
2731 -1.078546061106173
2732 -1.078559305068468
2733 -1.078572600943669
2734 -1.078587024972214
2735 -1.078597934141214
2736 -1.078609475626393
2737 -1.078620795139403
2738 -1.078634816630982
2739 -1.078647351647482
2740 -1.078662191745011
2741 -1.078673402501379
2742 -1.078685836876712
2743 -1.078701270814384
2744 -1.078714795766006
2745 -1.078726037295707
2746 -1.07873760476878
2747 -1.078749832500965
2748 -1.078763052437987
2749 -1.078774704992242
2750 -1.07878731712722
2751 -1.078800857506256
2752 -1.078814188650146
2753 -1.078829304529857
2754 -1.078841457505412
2755 -1.078853147154689
2756 -1.078866355921481
2757 -1.078880667121381
2758 -1.078893100539701
2759 -1.078906069811675
2760 -1.078919969056363
2761 -1.078929636393133
2762 -1.078939993195029
2763 -1.078949821672701
2764 -1.078960298816906
2765 -1.078972805115789
2766 -1.078987141740001
2767 -1.079001573084379
2768 -1.079014701719624
2769 -1.079026939161064
2770 -1.079039469510319
2771 -1.079053630041126
2772 -1.079068267228173
2773 -1.079080279319635
2774 -1.079092155834665
2775 -1.07910245883129
2776 -1.079114872681055
2777 -1.079125096482822
2778 -1.079135217762234
2779 -1.079147268612019
2780 -1.079159235304577
2781 -1.079172668483944
2782 -1.07918493316886
2783 -1.079196593292805
2784 -1.079209356831959
2785 -1.07922029232957
2786 -1.079232550920639
2787 -1.079245123127538
2788 -1.0792579004231
2789 -1.079269881296174
2790 -1.079282350510371
2791 -1.079293505180837
2792 -1.079305140997806
2793 -1.079316674572543
2794 -1.079329253385144
2795 -1.079343724995635
2796 -1.079357436950579
2797 -1.079367723883227
2798 -1.079376894596193
2799 -1.079387891897293
2800 -1.079399785696265
2801 -1.079412098630772
2802 -1.079424443084808
2803 -1.07943407636523
2804 -1.079443329302869
2805 -1.079452752484963
2806 -1.079464177377807
2807 -1.079478094989969
2808 -1.079491808231597
2809 -1.079504327337549
2810 -1.079516167497971
2811 -1.079528777584293
2812 -1.079538888137551
2813 -1.079549053327657
2814 -1.079561209746056
2815 -1.079572986800276
2816 -1.079583836176436
2817 -1.079596605853466
2818 -1.079606806967834
2819 -1.07961872732644
2820 -1.079632106157652
2821 -1.079642232241285
2822 -1.079653341421597
2823 -1.079663078512612
2824 -1.079674516886274
2825 -1.07968559945006
2826 -1.079696672312572
2827 -1.079708505800677
2828 -1.079719747575972
2829 -1.079730425673977
2830 -1.079742883944694
2831 -1.079755002838523
2832 -1.079768564936684
2833 -1.079779141051349
2834 -1.079790258708248
2835 -1.079801156725436
2836 -1.079811163397718
2837 -1.079819888606991
2838 -1.079831232400546
2839 -1.079842220924741
2840 -1.079854354750046
2841 -1.079866957247706
2842 -1.079878199686603
2843 -1.079888342687231
2844 -1.079899480368566
2845 -1.079908722071027
2846 -1.07992002707514
2847 -1.079932198784399
2848 -1.079943953984311
2849 -1.079954407370289
2850 -1.079965788315451
2851 -1.079974475517999
2852 -1.079985015535054
2853 -1.079998180743195
2854 -1.080008222359772
2855 -1.08001923235103
2856 -1.080029999878408
2857 -1.080040600370848
2858 -1.080051352735779
2859 -1.080065201106837
2860 -1.080077651568478
2861 -1.080087465879553
2862 -1.080096181270865
2863 -1.080105710750659
2864 -1.080115679370985
2865 -1.080125722670662
2866 -1.080135185277745
2867 -1.080145316242326
2868 -1.080156419333201
2869 -1.080170161001254
2870 -1.080180245421573
2871 -1.080191205129792
2872 -1.080202828603072
2873 -1.080214973112198
2874 -1.080226441887678
2875 -1.08023625127993
2876 -1.08024762316488
2877 -1.080259314740606
2878 -1.080268467957271
2879 -1.080278244713581
2880 -1.080287189918972
2881 -1.080295684474512
2882 -1.080305843529104
2883 -1.08031695461275
2884 -1.08032723586494
2885 -1.080339015369421
2886 -1.080349763557647
2887 -1.080358574853827
2888 -1.080368356812677
2889 -1.080379282271965
2890 -1.080391930894199
2891 -1.080402757719257
2892 -1.080414862364315
2893 -1.080424280216204
2894 -1.080435141416458
2895 -1.08044786764263
2896 -1.080460111179879
2897 -1.080469627685253
2898 -1.080476860749668
2899 -1.080483313467167
2900 -1.080491401688694
2901 -1.080502498599276
2902 -1.080513250702968
2903 -1.080524415656683
2904 -1.080535924063223
2905 -1.080545638057546
2906 -1.080556524480579
2907 -1.080566391412394
2908 -1.080575740059889
2909 -1.080585854013208
2910 -1.080595386445237
2911 -1.080604812119335
2912 -1.080615274341908
2913 -1.080627500922071
2914 -1.080639188319586
2915 -1.080649454840279
2916 -1.080656723319063
2917 -1.080665710212295
2918 -1.080676029833456
2919 -1.080686022371855
2920 -1.080696751418
2921 -1.080707430004089
2922 -1.080717326076407
2923 -1.080726873570362
2924 -1.08073626779651
2925 -1.080745981672809
2926 -1.080755292014638
2927 -1.08076439047748
2928 -1.080774979089135
2929 -1.080786785957111
2930 -1.080796425632965
2931 -1.080807015159321
2932 -1.080817589357921
2933 -1.080827409839363
2934 -1.080834711457763
2935 -1.080842016343816
2936 -1.080849954169752
2937 -1.080861331119185
2938 -1.080870752333229
2939 -1.080881207731476
2940 -1.080892680370854
2941 -1.080903631283735
2942 -1.0809141392859
2943 -1.080923859376295
2944 -1.080934137544902
2945 -1.080944940160513
2946 -1.080953247634701
2947 -1.080961295158062
2948 -1.080969746900482
2949 -1.080978593497819
2950 -1.080986954668453
2951 -1.080996631697638
2952 -1.081008594415199
2953 -1.081017196142635
2954 -1.081027294340309
2955 -1.081036453097052
2956 -1.08104676515093
2957 -1.081056701914238
2958 -1.081065134015933
2959 -1.081074328753924
2960 -1.081083050734874
2961 -1.081093858605732
2962 -1.08110432107339
2963 -1.081114219568085
2964 -1.081121133001608
2965 -1.081129661986525
2966 -1.081139231485998
2967 -1.081150244521362
2968 -1.081160255870333
2969 -1.081170181258899
2970 -1.081179306907774
2971 -1.081188672888462
2972 -1.081197522974685
2973 -1.081207478267215
2974 -1.081216919278711
2975 -1.081223962030407
2976 -1.081231940645555
2977 -1.081240493069379
2978 -1.08125171117218
2979 -1.081262422406023
2980 -1.081271372067876
2981 -1.081280284482171
2982 -1.081287912116249
2983 -1.0812957510197
2984 -1.081304151830346
2985 -1.081311951898799
2986 -1.081321945123731
2987 -1.081333450222296
2988 -1.081344188186449
2989 -1.081354707500452
2990 -1.081365472315152
2991 -1.081377626370065
2992 -1.081386588219961
2993 -1.081392989112273
2994 -1.081398039614755
2995 -1.081405329334526
2996 -1.081413341479896
2997 -1.081421393589023
2998 -1.081431116595631
2999 -1.081439574309578
3000 -1.081448727086717
