"lift-rfile"
"Iteration" "lift"
("Iteration" "lift")
1 -2.519741013937713
2 -3.82806733682575
3 -4.732974362677955
4 -5.321793404610451
5 -5.69233484915455
6 -5.830646720971231
7 -5.722364395603968
8 -5.435058477658806
9 -5.092829122192292
10 -4.865094136075662
11 -4.60797370120718
12 -4.393095159026493
13 -4.172649483354618
14 -4.055351017162917
15 -3.951095775681686
16 -3.842701354937075
17 -3.730747403533374
18 -3.599070703360176
19 -3.444472716937687
20 -3.276149388362935
21 -3.090648484872476
22 -2.903958291776362
23 -2.716920673754726
24 -2.531028472824116
25 -2.351631860168652
26 -2.171485662714036
27 -1.994397472343753
28 -1.826691799442308
29 -1.661843705060598
30 -1.503327516525427
31 -1.348073076921402
32 -1.197937153579939
33 -1.054236446340869
34 -0.9145279423799968
35 -0.7812646240129297
36 -0.6557517305710318
37 -0.5356466640971853
38 -0.423673505764092
39 -0.3189575008752018
40 -0.2209725057434543
41 -0.1310393583099717
42 -0.04872453004659483
43 0.02759389517667644
44 0.09705918637733622
45 0.1589506218985988
46 0.2157502595509164
47 0.2684789947277557
48 0.3157431134610472
49 0.359457856831688
50 0.399251722819427
51 0.4359417835342616
52 0.4699947687347708
53 0.5016917834689173
54 0.5311332083927013
55 0.5588910421716774
56 0.5846242499419104
57 0.608189094671846
58 0.6297754100125582
59 0.6498218577999698
60 0.6674952370855048
61 0.6821948345781274
62 0.6930300847192457
63 0.7005709997324159
64 0.7044306468422396
65 0.704340201781604
66 0.7003625070451581
67 0.6925860100451952
68 0.6808247086278108
69 0.6648077811616691
70 0.6446197191036464
71 0.6201058466502595
72 0.5941925660081855
73 0.5609688401404366
74 0.5238523627868609
75 0.4829557224095764
76 0.442234357980145
77 0.3936000772998077
78 0.3417678772954249
79 0.2917838788890784
80 0.2338876458910899
81 0.1785000049983579
82 0.1154195935262038
83 0.05580660920412834
84 -0.01124153322750798
85 -0.07383351427350728
86 -0.1434867651224736
87 -0.2133935012902203
88 -0.2833587374997354
89 -0.3530240393879866
90 -0.4220820354108234
91 -0.4900074632467796
92 -0.5565816122553777
93 -0.6169059555357432
94 -0.6804794686212609
95 -0.7418081376897983
96 -0.8007338601060212
97 -0.8570150328804435
98 -0.9071743356292111
99 -0.9580026832391664
100 -1.00286991632522
101 -1.047549987054041
102 -1.086649565810813
103 -1.124822384261332
104 -1.157879379182562
105 -1.187908962920489
106 -1.214776841467892
107 -1.239225736290558
108 -1.259624617560515
109 -1.276840633520427
110 -1.29090908756568
111 -1.301867361076722
112 -1.309767810089705
113 -1.314665000642781
114 -1.31663580514265
115 -1.315753041281008
116 -1.312117808987064
117 -1.305806569659469
118 -1.296944995850857
119 -1.285661724355411
120 -1.272102145360873
121 -1.256349143063001
122 -1.238548356541356
123 -1.218823887568817
124 -1.197405193302019
125 -1.174334663723992
126 -1.149751245292021
127 -1.123788106076104
128 -1.096652580402268
129 -1.068431016275631
130 -1.039224384571185
131 -1.009189052932405
132 -0.978458210725207
133 -0.9471660408119316
134 -0.9154488156116005
135 -0.8834400087723278
136 -0.8512593034465398
137 -0.819032315601909
138 -0.786888880502454
139 -0.7549339616562363
140 -0.723283059694147
141 -0.6920396191132763
142 -0.6613025691710784
143 -0.6311982258706205
144 -0.6017727855034037
145 -0.5731191299611462
146 -0.5453174485856126
147 -0.5184374702450308
148 -0.4925506442668068
149 -0.4677133783219603
150 -0.4439526382918104
151 -0.4213567927851843
152 -0.3999653571069278
153 -0.3798043088984708
154 -0.3609199834904074
155 -0.3433305841005134
156 -0.3270636748221669
157 -0.3121387317106972
158 -0.2985744229445627
159 -0.2863777314225132
160 -0.2755653185650374
161 -0.266145188183512
162 -0.2581308434376878
163 -0.2509826472993569
164 -0.2458016975556258
165 -0.2420198848814076
166 -0.2396257490657581
167 -0.2382552797767817
168 -0.2386607337403808
169 -0.2404407177075863
170 -0.2436030734971321
171 -0.2481183991980788
172 -0.2539669088432895
173 -0.2611363357003349
174 -0.2695773156697896
175 -0.2793166576378024
176 -0.2903055865802112
177 -0.3024949470493891
178 -0.3158803416119663
179 -0.3304310135684759
180 -0.3461312390917656
181 -0.3629231331412606
182 -0.3807198680921654
183 -0.3995088513110678
184 -0.4192514474623415
185 -0.4398411879656924
186 -0.4612840477217111
187 -0.4835372747589127
188 -0.5065113548662394
189 -0.5301358083583304
190 -0.5544207001184098
191 -0.5792120748003227
192 -0.6044479917447455
193 -0.630002949463649
194 -0.655794467846256
195 -0.6817185190237821
196 -0.7076791178345457
197 -0.7336036392324596
198 -0.7594054727361707
199 -0.7849911486344601
200 -0.8102535085527566
201 -0.8351039906896276
202 -0.8594671237987686
203 -0.883250543242005
204 -0.9063658855723329
205 -0.9287269217726468
206 -0.9502737768210021
207 -0.9709116681288953
208 -0.9905506441921863
209 -1.009129119708925
210 -1.026569163077832
211 -1.042804414373543
212 -1.057780328567925
213 -1.071438029495463
214 -1.083744592597752
215 -1.094662129159731
216 -1.104136126925197
217 -1.112140462117385
218 -1.118651344265924
219 -1.123652630817278
220 -1.127134509335833
221 -1.12909912538988
222 -1.129556762935195
223 -1.128517581977791
224 -1.126004338667333
225 -1.122039568301458
226 -1.116660155822492
227 -1.109920446414333
228 -1.101878113772458
229 -1.09256742385365
230 -1.082050432850564
231 -1.070383834846457
232 -1.05763129003261
233 -1.043862498622705
234 -1.029152217064896
235 -1.013582462569868
236 -0.9972309969433103
237 -0.980183075424326
238 -0.9624641545098557
239 -0.9442263081838004
240 -0.9255626728920132
241 -0.906566500876602
242 -0.8873550191116701
243 -0.8680050361843508
244 -0.8486036621463172
245 -0.8292417003509105
246 -0.8100144513958445
247 -0.7910030920538728
248 -0.7722989160516168
249 -0.7539842946916938
250 -0.7362123845237216
251 -0.7189814504639152
252 -0.7023582647841687
253 -0.6864149670750102
254 -0.671218338501522
255 -0.6568214227865639
256 -0.6432769023530452
257 -0.63063467569514
258 -0.6189356758666398
259 -0.6082151749048577
260 -0.5985062633396584
261 -0.5898005607788144
262 -0.5821563278622068
263 -0.5755954521393898
264 -0.5701151422392123
265 -0.5657257431540125
266 -0.5624266781948221
267 -0.5602151033939126
268 -0.5590905375793949
269 -0.5590211890069773
270 -0.5599893549977287
271 -0.5619704698834956
272 -0.5649335646679665
273 -0.5688453074320551
274 -0.5736664651989991
275 -0.5793573286186164
276 -0.5858788337509964
277 -0.5931805652782344
278 -0.6012179647659668
279 -0.6099429429820954
280 -0.6193132866285102
281 -0.629271597489521
282 -0.6397663108507222
283 -0.6507373294543642
284 -0.6621413115248517
285 -0.673928367266037
286 -0.686047051261005
287 -0.6984460010657769
288 -0.7110767843316199
289 -0.7238901117664985
290 -0.7368372593684779
291 -0.7498712629922867
292 -0.7629468939962824
293 -0.7759730511859587
294 -0.7889593766002557
295 -0.8018651676453257
296 -0.8146492104711395
297 -0.82728268702935
298 -0.8397277863538756
299 -0.8519488024632511
300 -0.8639131851364993
301 -0.8756672922292614
302 -0.8871014856271401
303 -0.8981873069219694
304 -0.9088976936266164
305 -0.9192112532349548
306 -0.9291042677612096
307 -0.938555769209402
308 -0.9475478174041162
309 -0.9560653596435008
310 -0.9640892510173681
311 -0.9716116201177548
312 -0.9786231800599989
313 -0.9851129173235002
314 -0.9910746300851099
315 -0.9965038730936433
316 -1.001396501318326
317 -1.00575166998401
318 -1.009566826685128
319 -1.01284182596174
320 -1.015596490216472
321 -1.017808259569742
322 -1.019492904826266
323 -1.020670666002033
324 -1.021336206271285
325 -1.021494801404635
326 -1.021156010680342
327 -1.020329490009009
328 -1.019024078867508
329 -1.017248075682379
330 -1.014988572236354
331 -1.012284587549043
332 -1.009153125042044
333 -1.005610550384622
334 -1.001669533188134
335 -0.9973488965380039
336 -0.9926659499814132
337 -0.9876442716968467
338 -0.9823017865312665
339 -0.9766622632685893
340 -0.9707448966781236
341 -0.964571990576929
342 -0.9581669900797969
343 -0.9515528256299403
344 -0.9447535267653061
345 -0.9377912992756425
346 -0.9306944084971892
347 -0.9234904468413354
348 -0.9162073797936979
349 -0.908869495614188
350 -0.9015050829872581
351 -0.8941422289676706
352 -0.8867974710468631
353 -0.8795082025052454
354 -0.8723036555303799
355 -0.8652103274246618
356 -0.8582561320343403
357 -0.8514672301027515
358 -0.8448705872415682
359 -0.8384937352954043
360 -0.8323592364510396
361 -0.8264953651628901
362 -0.8209527835662636
363 -0.8157221231536754
364 -0.8107773799406961
365 -0.8062023939825492
366 -0.8019970987626127
367 -0.7981909072514855
368 -0.794803821245359
369 -0.7918606366690878
370 -0.7893607023466575
371 -0.7873162104054493
372 -0.7857381350914109
373 -0.7846325964022107
374 -0.7840051093960173
375 -0.783860922514991
376 -0.7842012598406295
377 -0.7850274362217299
378 -0.7863380335766834
379 -0.7881279280979608
380 -0.7903933201607459
381 -0.7931230796413952
382 -0.7963128034458543
383 -0.7999424914265315
384 -0.8040014206380137
385 -0.8084732866903104
386 -0.8133390036509866
387 -0.818582071449855
388 -0.8241883866505213
389 -0.8301374367922119
390 -0.8364001790894848
391 -0.8429530367559898
392 -0.8497719147216971
393 -0.8568289185143267
394 -0.8640978387336167
395 -0.871550763455195
396 -0.8791656184819005
397 -0.8869061696928143
398 -0.8947436202692958
399 -0.9026456039781252
400 -0.9105849873456682
401 -0.918531863900374
402 -0.9264552704491856
403 -0.934326281465011
404 -0.9421175864126792
405 -0.9497769032041262
406 -0.9573022136688731
407 -0.9646924322951193
408 -0.9718949354110947
409 -0.9788840725252019
410 -0.9856376469347014
411 -0.9921331076477902
412 -0.9983514714206878
413 -1.004276009531317
414 -1.009883464204952
415 -1.015159094600976
416 -1.020092100561606
417 -1.024665547598484
418 -1.028869080380679
419 -1.0326931405261
420 -1.036130897920039
421 -1.039175349181305
422 -1.041821176947358
423 -1.044069114646348
424 -1.045918045590369
425 -1.047368954185137
426 -1.048424370549148
427 -1.049073442807472
428 -1.049340466794623
429 -1.049232369550219
430 -1.048766255304416
431 -1.047942828033438
432 -1.046773655111842
433 -1.045277780888583
434 -1.043462657917344
435 -1.041338808086379
436 -1.038925361610989
437 -1.036237907807167
438 -1.03329459033253
439 -1.030105784245214
440 -1.026697704703303
441 -1.023095556392841
442 -1.019312453692717
443 -1.015369905597773
444 -1.011287062657049
445 -1.007089044432868
446 -1.002788561874457
447 -0.9984106895457089
448 -0.9939897083182568
449 -0.9895333783571786
450 -0.9850605522029731
451 -0.9805920073196964
452 -0.9761474628591215
453 -0.9717264834978182
454 -0.9673775048649966
455 -0.9631038191296919
456 -0.9589238318138137
457 -0.9548544095024969
458 -0.9509125352052669
459 -0.9471013214598206
460 -0.9434472677179124
461 -0.9399637535505029
462 -0.9366640577594483
463 -0.9335595651259356
464 -0.930660474069911
465 -0.9279723035859894
466 -0.925509220263228
467 -0.9232781950468173
468 -0.9212878114769811
469 -0.9195436219605168
470 -0.9180516556984183
471 -0.9168161951109451
472 -0.9158400605201982
473 -0.9151261115108963
474 -0.9146749480819918
475 -0.9144850679046156
476 -0.9145566347383735
477 -0.9148887781438622
478 -0.9154776417864006
479 -0.9163194809051608
480 -0.9174129896226674
481 -0.9187507772748639
482 -0.9203279917004681
483 -0.9221371537384659
484 -0.9241707554549825
485 -0.9264213576033409
486 -0.9288780812213289
487 -0.9315314787405448
488 -0.9343716505824981
489 -0.9373890512544154
490 -0.9405707556799032
491 -0.9439062539712662
492 -0.9473829302247251
493 -0.9509868107306095
494 -0.9547076933889467
495 -0.9585309502534875
496 -0.9624447501619785
497 -0.9664343903499801
498 -0.9704874936882288
499 -0.9745895029372634
500 -0.9787258178665105
501 -0.9828848533698271
502 -0.9870535804678942
503 -0.9912186714203376
504 -0.9953676060314972
505 -0.9994863043563759
506 -1.003569839874175
507 -1.007598361980861
508 -1.01156096075788
509 -1.015447007026003
510 -1.019244587140547
511 -1.022937011297787
512 -1.026523183701115
513 -1.029995039602617
514 -1.033344187506534
515 -1.036562240085275
516 -1.039643489277422
517 -1.042579759351439
518 -1.04536612767541
519 -1.047991142924869
520 -1.050455236754379
521 -1.052756438917195
522 -1.054892990731617
523 -1.056862180670769
524 -1.058660628459019
525 -1.060287242000821
526 -1.061742092158706
527 -1.063025907109142
528 -1.064139620694385
529 -1.065082417487086
530 -1.065859425763823
531 -1.066472279102332
532 -1.066922628652496
533 -1.067214906314208
534 -1.06735510561583
535 -1.067325712094029
536 -1.067153316389321
537 -1.066844508857665
538 -1.066404881552642
539 -1.065844126937876
540 -1.065167668696569
541 -1.064381890752244
542 -1.063495190963592
543 -1.062515206570952
544 -1.061450458996853
545 -1.060307553316369
546 -1.059095654492613
547 -1.057821307844034
548 -1.056494046513898
549 -1.055121893340707
550 -1.05371256105489
551 -1.052274949911395
552 -1.050815098221627
553 -1.04934178290391
554 -1.047862643906019
555 -1.046399999248996
556 -1.044941802683598
557 -1.043496399395543
558 -1.042072035450905
559 -1.040677196522228
560 -1.039316267705579
561 -1.037996672421151
562 -1.036724446889088
563 -1.035505629127662
564 -1.03434408137144
565 -1.033247277046569
566 -1.032220544068818
567 -1.031268336689776
568 -1.030394267466446
569 -1.029602133363811
570 -1.028894954213362
571 -1.028277417598106
572 -1.027752014193494
573 -1.027321803622623
574 -1.02698932188231
575 -1.026755991430883
576 -1.026624015911424
577 -1.026595141500154
578 -1.026670469497347
579 -1.026847415867854
580 -1.027129641932734
581 -1.027517617438673
582 -1.028009400538248
583 -1.028604127614361
584 -1.029301464146161
585 -1.030099880897038
586 -1.031019002874365
587 -1.032035448806336
588 -1.033147475611908
589 -1.034351674839457
590 -1.03564438642978
591 -1.037021484630896
592 -1.038480063714457
593 -1.040014888949799
594 -1.041622466456806
595 -1.043299198816203
596 -1.045041009719146
597 -1.046840560855765
598 -1.048695135607372
599 -1.050599275068586
600 -1.052547919719748
601 -1.054537120542746
602 -1.056558120595776
603 -1.058606348088539
604 -1.060665431814429
605 -1.062743422921573
606 -1.064832691582112
607 -1.066928653043608
608 -1.069012622630048
609 -1.071094069158075
610 -1.073166772226851
611 -1.075227014438876
612 -1.077268598264458
613 -1.079288377687332
614 -1.0812798098297
615 -1.083238475112321
616 -1.085158725555505
617 -1.087036905851572
618 -1.088868527040285
619 -1.090650086380043
620 -1.092375280947979
621 -1.094041710712829
622 -1.095644914475983
623 -1.097183524903562
624 -1.098652427593047
625 -1.100050379968599
626 -1.101381416541438
627 -1.102634889597169
628 -1.103808418168487
629 -1.104900364258445
630 -1.10591109443825
631 -1.10683777969783
632 -1.1076814646447
633 -1.108441758384456
634 -1.109116622360033
635 -1.109707612787526
636 -1.110217433194483
637 -1.110646072522863
638 -1.111006926429868
639 -1.11128762232959
640 -1.111491010410196
641 -1.111620146845296
642 -1.111674860849609
643 -1.111658560587635
644 -1.111573488389072
645 -1.111421756999357
646 -1.11120800814663
647 -1.11093681077278
648 -1.110609404189697
649 -1.110230027389174
650 -1.109801215120381
651 -1.109329672080428
652 -1.108819676900355
653 -1.108275914185343
654 -1.107700180379537
655 -1.107098468709654
656 -1.106475256547745
657 -1.105834986032473
658 -1.105181482746838
659 -1.104520144989228
660 -1.103854460854087
661 -1.10319018078791
662 -1.102530566829135
663 -1.101880052764859
664 -1.10124210500216
665 -1.100622990891572
666 -1.100025221343858
667 -1.099450410146134
668 -1.098903867823298
669 -1.098388818754389
670 -1.097908061127015
671 -1.097464908159383
672 -1.0970623115768
673 -1.096702840932512
674 -1.096389226755215
675 -1.096124269973261
676 -1.095910174209274
677 -1.095747636631665
678 -1.095638944427963
679 -1.095586841228911
680 -1.095592712252788
681 -1.095656044599877
682 -1.095778902428495
683 -1.09596115120637
684 -1.096203422885586
685 -1.096505290067195
686 -1.096865183077296
687 -1.097283972902962
688 -1.097763199731383
689 -1.09830181749844
690 -1.098897642055322
691 -1.09954861869539
692 -1.100255230207817
693 -1.101016525505045
694 -1.101831181745187
695 -1.102695923064305
696 -1.103609982246882
697 -1.104575806111937
698 -1.10558518031237
699 -1.106636668932477
700 -1.107728241825903
701 -1.108857060612085
702 -1.110019940011409
703 -1.111214572905208
704 -1.112437028990185
705 -1.113685523825983
706 -1.114956669411893
707 -1.116246131845394
708 -1.117551960598343
709 -1.118871258758129
710 -1.120199265543711
711 -1.121534446192565
712 -1.122873845908974
713 -1.124213446290776
714 -1.125549974695852
715 -1.126880932109484
716 -1.128202974442133
717 -1.129512411594837
718 -1.130807425612456
719 -1.132084476838325
720 -1.133341527184016
721 -1.134575281801781
722 -1.135781437762396
723 -1.136958042737626
724 -1.138104521484791
725 -1.139217975934247
726 -1.140295582485782
727 -1.141336327165186
728 -1.142336479242135
729 -1.14329586379523
730 -1.144212292633749
731 -1.145083733461951
732 -1.145910237576026
733 -1.146689833751397
734 -1.147420938901816
735 -1.148103567633884
736 -1.148738114487337
737 -1.149322858062105
738 -1.149858441351769
739 -1.150344202733328
740 -1.150779062660755
741 -1.151164102536078
742 -1.151501917433866
743 -1.151792218757791
744 -1.152034829281043
745 -1.152231825067924
746 -1.152383590940588
747 -1.152491682463324
748 -1.152557077305214
749 -1.152582025804279
750 -1.152568820547963
751 -1.152518963981487
752 -1.152434476449499
753 -1.152316707545439
754 -1.152169849542129
755 -1.151994033277338
756 -1.151792151643874
757 -1.151567354747241
758 -1.151321557301206
759 -1.151055892311525
760 -1.150774330274436
761 -1.150480062645008
762 -1.150174752871716
763 -1.149862478767563
764 -1.149544942864697
765 -1.14922483493624
766 -1.148905271979763
767 -1.148587400122028
768 -1.148273267793123
769 -1.147966428102626
770 -1.147669180799383
771 -1.147382801433736
772 -1.147111233975609
773 -1.146856390958879
774 -1.146620893748619
775 -1.146405454658246
776 -1.146215204419492
777 -1.146048977256614
778 -1.145909167486663
779 -1.145795159565017
780 -1.145709861463314
781 -1.145654037866662
782 -1.145629205637172
783 -1.145635731923368
784 -1.145675247643917
785 -1.145747298701396
786 -1.145852665540324
787 -1.14599204470427
788 -1.146164660273313
789 -1.14637131380059
790 -1.146612923267459
791 -1.14688603941982
792 -1.147192984227661
793 -1.147532901695278
794 -1.147905824549694
795 -1.148309195104591
796 -1.148744017858063
797 -1.149208761266535
798 -1.149702532300967
799 -1.150224104661742
800 -1.150765182208009
801 -1.151331247258202
802 -1.151921805312675
803 -1.152533560635737
804 -1.153166631067391
805 -1.153820893205598
806 -1.154492256257823
807 -1.155180595092836
808 -1.155884051145919
809 -1.156599616074149
810 -1.15732652913954
811 -1.158063205097967
812 -1.158806385446816
813 -1.159555065689323
814 -1.160307886238341
815 -1.161061387828899
816 -1.161818726265171
817 -1.162575166918413
818 -1.163328017782796
819 -1.164076257948694
820 -1.164817084539104
821 -1.165548891249342
822 -1.166270570571111
823 -1.166979606785643
824 -1.167675021959204
825 -1.168355361828992
826 -1.169019508726792
827 -1.169666136928583
828 -1.170295917025773
829 -1.170907965360936
830 -1.171499123978813
831 -1.172069032797158
832 -1.172616616112876
833 -1.173142529133799
834 -1.173645710436585
835 -1.174124756939158
836 -1.174580527290713
837 -1.175012003306042
838 -1.175420230561473
839 -1.175802599541937
840 -1.176161249095836
841 -1.176496345474478
842 -1.176808231728776
843 -1.177095974751722
844 -1.17736024185158
845 -1.177601562585466
846 -1.177819933170994
847 -1.178015712050581
848 -1.178190615483284
849 -1.178344342381252
850 -1.178477753599383
851 -1.178591493777978
852 -1.17868610090051
853 -1.178764483156009
854 -1.178826619308961
855 -1.17887273775425
856 -1.178903823014009
857 -1.178921365969868
858 -1.178925352287211
859 -1.178917984709337
860 -1.178900838771395
861 -1.178874465344061
862 -1.178840221133515
863 -1.178799965312428
864 -1.178753120557792
865 -1.178701381195944
866 -1.178645578478545
867 -1.178586953237451
868 -1.178526217782819
869 -1.178464500389789
870 -1.178403115545508
871 -1.178344270599758
872 -1.178310562052789
873 -1.178254973873293
874 -1.178204284102865
875 -1.178159200806397
876 -1.178121577421127
877 -1.178090324847885
878 -1.178066690376064
879 -1.178076206404341
880 -1.178067651661789
881 -1.178069115685383
882 -1.17808107685846
883 -1.178104815051708
884 -1.1781421720213
885 -1.178192327114277
886 -1.178255762463906
887 -1.178332774462876
888 -1.178423784717049
889 -1.178529715525514
890 -1.178648682410375
891 -1.178781450729908
892 -1.178929887906153
893 -1.179093766454917
894 -1.179271345785152
895 -1.179462288856572
896 -1.179668215504576
897 -1.179887692069774
898 -1.180121736250944
899 -1.180369434270941
900 -1.180630711189658
901 -1.180905560104484
902 -1.181192973084008
903 -1.181491671414031
904 -1.181801385999465
905 -1.182121771754894
906 -1.182452818169277
907 -1.182792887603848
908 -1.18314149408899
909 -1.183498940499154
910 -1.18386314651832
911 -1.1842338143735
912 -1.184612320902539
913 -1.184996063084489
914 -1.185384339580074
915 -1.185776754609024
916 -1.186172854787804
917 -1.186571351785869
918 -1.186971802486843
919 -1.187372492338031
920 -1.187772414661052
921 -1.188170348789764
922 -1.188566673675561
923 -1.188961566485414
924 -1.189352561571831
925 -1.189788022656013
926 -1.190166904886376
927 -1.190539825191379
928 -1.190950271210844
929 -1.191305900365923
930 -1.191655617368962
931 -1.191996709562748
932 -1.192367742943066
933 -1.192689093034971
934 -1.193001709026524
935 -1.19333907903273
936 -1.193628982085596
937 -1.193941411682419
938 -1.194207676784647
939 -1.19449355538855
940 -1.194736002111848
941 -1.194996123174693
942 -1.195214145726194
943 -1.195447985006687
944 -1.195641768005598
945 -1.195851073109227
946 -1.196021820322663
947 -1.196205541973532
948 -1.196373594175483
949 -1.196506941372447
950 -1.196651212335493
951 -1.196762173228933
952 -1.196883240795388
953 -1.196991679219343
954 -1.197070053201041
955 -1.197159377313239
956 -1.197218744228571
957 -1.197288349276763
958 -1.197330516045779
959 -1.197382003523915
960 -1.197406320177791
961 -1.197441497553798
962 -1.197451995536939
963 -1.197473857344397
964 -1.19747255278586
965 -1.197483393780824
966 -1.197472191000791
967 -1.197473897845622
968 -1.197454981731432
969 -1.197432416738175
970 -1.197423783525138
971 -1.197396000655477
972 -1.197383430185374
973 -1.197354219577344
974 -1.197325849631705
975 -1.197314283024354
976 -1.19728588122446
977 -1.197276763344105
978 -1.197251110863072
979 -1.197228509947512
980 -1.197226815827786
981 -1.197208664578677
982 -1.197212442136782
983 -1.197201026590137
984 -1.197213024475071
985 -1.19721151554644
986 -1.19723517912075
987 -1.197245807145593
988 -1.197281881240099
989 -1.197302751538889
990 -1.197350111330465
991 -1.197383024103826
992 -1.197443971488497
993 -1.197509093240002
994 -1.197561359458347
995 -1.197642628434134
996 -1.197729749875164
997 -1.197822462304901
998 -1.197921662796615
999 -1.198026927350915
1000 -1.19813830670975
1001 -1.198256152134588
1002 -1.198380116589527
1003 -1.198509936161344
1004 -1.198645850692536
1005 -1.198787510798419
1006 -1.198935767887332
1007 -1.199090772392292
1008 -1.199252111312148
1009 -1.199419636583085
1010 -1.199591585677772
1011 -1.1997679952387
1012 -1.199949088834057
1013 -1.200135057199773
1014 -1.200325408978072
1015 -1.20052058633019
1016 -1.200718998846363
1017 -1.200920892694538
1018 -1.201125823800417
1019 -1.201333743885602
1020 -1.201542423729946
1021 -1.201751775659429
1022 -1.201961682038972
1023 -1.202171966164086
1024 -1.202382699570058
1025 -1.202592916353183
1026 -1.202802389625862
1027 -1.203011865222982
1028 -1.20321939332386
1029 -1.203425252778818
1030 -1.203628779299033
1031 -1.203829728316844
1032 -1.204028446969556
1033 -1.204222569737357
1034 -1.204412848092894
1035 -1.204599250160333
1036 -1.204780823599012
1037 -1.204957896988467
1038 -1.205131192752892
1039 -1.205300397612705
1040 -1.205465617615608
1041 -1.20562554195236
1042 -1.205779690347432
1043 -1.205927391974911
1044 -1.206069692299012
1045 -1.206188596864811
1046 -1.206321816386523
1047 -1.20644810079907
1048 -1.206568030723007
1049 -1.206665755424666
1050 -1.206777656830624
1051 -1.206882614633487
1052 -1.206981489011305
1053 -1.207074024190148
1054 -1.207144683964037
1055 -1.207228087874155
1056 -1.207303892772533
1057 -1.207373041166907
1058 -1.207422490789546
1059 -1.207482311702901
1060 -1.207523030294467
1061 -1.207574170321603
1062 -1.207619983692528
1063 -1.207661190159964
1064 -1.207684612007526
1065 -1.207717349856596
1066 -1.207745166115458
1067 -1.207756354594177
1068 -1.207779648223497
1069 -1.207798787275462
1070 -1.207801725089932
1071 -1.207816755697717
1072 -1.207815963903293
1073 -1.207827788600099
1074 -1.207823727573417
1075 -1.207832652065719
1076 -1.207838339904856
1077 -1.207830505552206
1078 -1.207835724123741
1079 -1.207826053026452
1080 -1.207830575425659
1081 -1.207821199368819
1082 -1.207826853720913
1083 -1.207818727380718
1084 -1.207827660569109
1085 -1.207822622793713
1086 -1.207832447467663
1087 -1.207829066972729
1088 -1.207841950373075
1089 -1.207841583118993
1090 -1.20784348277624
1091 -1.207863113408415
1092 -1.207868912023489
1093 -1.207877826066401
1094 -1.207905777219767
1095 -1.207918983455258
1096 -1.207952147488669
1097 -1.207971363682781
1098 -1.20799334521193
1099 -1.208034457009806
1100 -1.208061165235062
1101 -1.2080915246042
1102 -1.208140964741404
1103 -1.208174842468325
1104 -1.208229024519392
1105 -1.208268323761895
1106 -1.208327246620771
1107 -1.208371409334418
1108 -1.208419613001524
1109 -1.208487888361579
1110 -1.208540921469162
1111 -1.208597014294941
1112 -1.208672795019185
1113 -1.208731888529427
1114 -1.208794070102433
1115 -1.208874569266167
1116 -1.208937833598643
1117 -1.209003915318671
1118 -1.209089509043397
1119 -1.209158549128185
1120 -1.209230541745071
1121 -1.209304826499777
1122 -1.209397071823961
1123 -1.209471073977803
1124 -1.209547051526192
1125 -1.209640387719724
1126 -1.209715111088116
1127 -1.209791014130905
1128 -1.209867494159233
1129 -1.209960251155933
1130 -1.210035091538613
1131 -1.21010968997472
1132 -1.210199383882242
1133 -1.210271731375928
1134 -1.210358896213063
1135 -1.210428110411361
1136 -1.21049554372426
1137 -1.210576688112163
1138 -1.210641071567973
1139 -1.210719495557795
1140 -1.210780638193089
1141 -1.210854107592187
1142 -1.210911359316857
1143 -1.210980625605636
1144 -1.211033669602535
1145 -1.211098336969232
1146 -1.211146115578478
1147 -1.211203892963636
1148 -1.211246130322963
1149 -1.211298210882308
1150 -1.211346778782681
1151 -1.211382247288444
1152 -1.211425976822896
1153 -1.211466321926647
1154 -1.211494320475833
1155 -1.211530686011615
1156 -1.211553752434103
1157 -1.211585497217364
1158 -1.211612857460625
1159 -1.211628252413028
1160 -1.211650784080726
1161 -1.211671068414084
1162 -1.211687284148955
1163 -1.211700485738755
1164 -1.211702774689407
1165 -1.211713670796587
1166 -1.211721284158491
1167 -1.21171880540631
1168 -1.211723780480292
1169 -1.211726353247446
1170 -1.211727526202999
1171 -1.211726273329929
1172 -1.211722401272042
1173 -1.211709780718503
1174 -1.211704191957506
1175 -1.211697189711457
1176 -1.211680594428072
1177 -1.211671754699701
1178 -1.2116611209398
1179 -1.211643636171694
1180 -1.211634557019867
1181 -1.211624320972011
1182 -1.211605906991401
1183 -1.21159701831947
1184 -1.211578340462698
1185 -1.211568519063811
1186 -1.211549569784505
1187 -1.211540145717196
1188 -1.2115227474332
1189 -1.211514529837036
1190 -1.211495996239121
1191 -1.211488780330729
1192 -1.211471956416766
1193 -1.211455826932642
1194 -1.211449657630973
1195 -1.211435502157216
1196 -1.211422179989367
1197 -1.211420052258087
1198 -1.211408775053359
1199 -1.211399761236787
1200 -1.211392430922502
1201 -1.211385947870655
1202 -1.211381629612018
1203 -1.211387367612817
1204 -1.211381991091653
1205 -1.211378307747082
1206 -1.211376782551966
1207 -1.211377202806022
1208 -1.211379227164565
1209 -1.211392248195753
1210 -1.211394228939501
1211 -1.211397611707103
1212 -1.211402666834999
1213 -1.211409268794507
1214 -1.211417056505218
1215 -1.211425615720156
1216 -1.211435988818077
1217 -1.211447033575173
1218 -1.211459486892593
1219 -1.211472998175598
1220 -1.211487409666554
1221 -1.211503447398788
1222 -1.211519229300144
1223 -1.211533718819585
1224 -1.211549720074164
1225 -1.211566053140117
1226 -1.211582099511857
1227 -1.211599057867305
1228 -1.211617205897724
1229 -1.211635593289959
1230 -1.211654760765092
1231 -1.211673202432364
1232 -1.211690651016336
1233 -1.211708207115599
1234 -1.211725742048589
1235 -1.21174306797297
1236 -1.211760437222776
1237 -1.21177713895598
1238 -1.211793385291858
1239 -1.211809546726185
1240 -1.211824169082804
1241 -1.211836685122648
1242 -1.211849028064692
1243 -1.211860220051701
1244 -1.211869967584518
1245 -1.211879687911063
1246 -1.211888515516537
1247 -1.211895100139296
1248 -1.211901879753381
1249 -1.211907847363038
1250 -1.2119121633435
1251 -1.211915858158541
1252 -1.211917435002791
1253 -1.211916690386822
1254 -1.211915282515555
1255 -1.211911513288622
1256 -1.211907193377937
1257 -1.211902600548339
1258 -1.211895849031376
1259 -1.211886174838666
1260 -1.211875725037015
1261 -1.211863337625874
1262 -1.211849977939631
1263 -1.211834680096794
1264 -1.211817464775958
1265 -1.211799268826232
1266 -1.211779538228496
1267 -1.21175938453557
1268 -1.211736953005633
1269 -1.211713966172062
1270 -1.211689912333358
1271 -1.211665124512341
1272 -1.211638005914729
1273 -1.211609522997078
1274 -1.211579098667404
1275 -1.211548223368246
1276 -1.211516305097614
1277 -1.211483843224426
1278 -1.211451113075712
1279 -1.211416476209852
1280 -1.211387250567278
1281 -1.211350908451345
1282 -1.211313430111164
1283 -1.211275795112834
1284 -1.211237553222301
1285 -1.211198236262456
1286 -1.211164874441898
1287 -1.21112327527859
1288 -1.211081955604789
1289 -1.211040382069016
1290 -1.210998539777868
1291 -1.21096218816982
1292 -1.210920348657417
1293 -1.210877383959546
1294 -1.210835411059113
1295 -1.210798892738304
1296 -1.210757060211672
1297 -1.210715830733542
1298 -1.210675884655494
1299 -1.210641386800913
1300 -1.210601059406525
1301 -1.210564981183724
1302 -1.210524722599608
1303 -1.210488257090041
1304 -1.210446921940964
1305 -1.210408108405063
1306 -1.210373048822636
1307 -1.210332551639077
1308 -1.210293827148499
1309 -1.210261752151045
1310 -1.210224693535251
1311 -1.210194798317124
1312 -1.210159712786292
1313 -1.210130743418845
1314 -1.210095908003958
1315 -1.210065552039676
1316 -1.210030630428534
1317 -1.210001555089384
1318 -1.209968720322223
1319 -1.209939540795062
1320 -1.209905729487146
1321 -1.209877878904805
1322 -1.209845416842399
1323 -1.20981862543141
1324 -1.209787107968534
1325 -1.209761357800661
1326 -1.209730492857823
1327 -1.20970550547636
1328 -1.209676138000267
1329 -1.209651341388396
1330 -1.209625441535681
1331 -1.209595899626233
1332 -1.209571304043047
1333 -1.209546174823345
1334 -1.209516821493156
1335 -1.209491734712834
1336 -1.20946694228754
1337 -1.209437345113699
1338 -1.209412362218458
1339 -1.209387508160937
1340 -1.209362040115433
1341 -1.209335909585783
1342 -1.209308934435771
1343 -1.209282580727592
1344 -1.209256249572069
1345 -1.209229494829368
1346 -1.209202814593958
1347 -1.209174906619609
1348 -1.209146888753843
1349 -1.20911796586223
1350 -1.209088877764672
1351 -1.209060549038239
1352 -1.209031976634914
1353 -1.209003210523223
1354 -1.208974466327281
1355 -1.208944305798601
1356 -1.208914515350684
1357 -1.208884034656954
1358 -1.208852824461218
1359 -1.208822263468206
1360 -1.208791427528259
1361 -1.208760216540304
1362 -1.208728869327843
1363 -1.208695840942152
1364 -1.208662259138037
1365 -1.208627446498504
1366 -1.208591699060602
1367 -1.208555909454318
1368 -1.208520171946942
1369 -1.208483860480632
1370 -1.208447464434152
1371 -1.208409683986621
1372 -1.208371848259857
1373 -1.208333228034525
1374 -1.208294868543148
1375 -1.208255418565663
1376 -1.208215015258086
1377 -1.208174367850482
1378 -1.208133070977538
1379 -1.208091109216866
1380 -1.20804853719047
1381 -1.208004275704159
1382 -1.207959399184519
1383 -1.207913990862904
1384 -1.207869537965831
1385 -1.207824118613411
1386 -1.207777997860957
1387 -1.207730992776106
1388 -1.207684423909362
1389 -1.207638229299493
1390 -1.207591798426599
1391 -1.207544830682697
1392 -1.2074980824928
1393 -1.207448989991715
1394 -1.207399950289572
1395 -1.207349893136212
1396 -1.207299192696438
1397 -1.207248480151903
1398 -1.207198121693655
1399 -1.207148306150345
1400 -1.207097408911574
1401 -1.207046685899865
1402 -1.206997003637122
1403 -1.206946602449578
1404 -1.206895416691784
1405 -1.206844244816579
1406 -1.206793475386218
1407 -1.206742683723712
1408 -1.206691448946125
1409 -1.206640040301358
1410 -1.206588486015413
1411 -1.206536382517564
1412 -1.206483939491012
1413 -1.206432048254514
1414 -1.206379970304407
1415 -1.206328321837949
1416 -1.206277396774114
1417 -1.206225884679337
1418 -1.206174799576304
1419 -1.206123571898927
1420 -1.206072960384444
1421 -1.206022655412097
1422 -1.205972663169895
1423 -1.205922497627487
1424 -1.205872268610476
1425 -1.205821680307665
1426 -1.205771834856681
1427 -1.205722464897531
1428 -1.205673368312865
1429 -1.205624403405655
1430 -1.205574921077429
1431 -1.205526160800865
1432 -1.205477442575629
1433 -1.205428713759216
1434 -1.205380206297733
1435 -1.205332081767397
1436 -1.205283149839596
1437 -1.205235695329338
1438 -1.205189154628096
1439 -1.205143016101606
1440 -1.2050961816649
1441 -1.20505012498822
1442 -1.205003495048969
1443 -1.204955962687245
1444 -1.204908267864262
1445 -1.204861154934328
1446 -1.204814409740834
1447 -1.20476835188216
1448 -1.204722269195401
1449 -1.204675365963752
1450 -1.20462880212629
1451 -1.204582842458687
1452 -1.204537164961228
1453 -1.204491056765171
1454 -1.204445452136083
1455 -1.204398698329474
1456 -1.204352068776323
1457 -1.204305282830756
1458 -1.20425904025629
1459 -1.204212156023593
1460 -1.204165927756424
1461 -1.204118297571836
1462 -1.204070503842084
1463 -1.204022706053559
1464 -1.203974953138779
1465 -1.203927165741653
1466 -1.203879551306281
1467 -1.203831701724974
1468 -1.203783354233651
1469 -1.20373510853636
1470 -1.203686508037089
1471 -1.203638032527918
1472 -1.20358930054297
1473 -1.203540412534107
1474 -1.203491439200236
1475 -1.203441923961967
1476 -1.2033913230028
1477 -1.203339910716551
1478 -1.203288637123813
1479 -1.203236980696708
1480 -1.203185498498464
1481 -1.203133998836123
1482 -1.203082698399723
1483 -1.203031650600648
1484 -1.202980849963868
1485 -1.202929060783946
1486 -1.202877109082251
1487 -1.202824532246638
1488 -1.202771843857103
1489 -1.202719256721241
1490 -1.202666062562149
1491 -1.202612410033132
1492 -1.202558240318832
1493 -1.202503517965286
1494 -1.202448956091861
1495 -1.202394395410196
1496 -1.202340163996021
1497 -1.202285298718333
1498 -1.202230856426136
1499 -1.202176028977825
1500 -1.202122337845427
1501 -1.202066935180397
1502 -1.202011644299118
1503 -1.201956348082256
1504 -1.201900932489537
1505 -1.201845612447105
1506 -1.201790394709242
1507 -1.201734758665244
1508 -1.201678870340852
1509 -1.20162328769854
1510 -1.2015670068297
1511 -1.201511244839201
1512 -1.201455597603564
1513 -1.201399518506805
1514 -1.201344434003447
1515 -1.201288108622215
1516 -1.201233800844436
1517 -1.201178210113707
1518 -1.201122786328872
1519 -1.2010670063491
1520 -1.201012714743137
1521 -1.200957925678615
1522 -1.200902640329553
1523 -1.200847816707899
1524 -1.200793403947759
1525 -1.200738628881135
1526 -1.20068405082888
1527 -1.200629134796117
1528 -1.200575404999021
1529 -1.20052186613419
1530 -1.200469779104881
1531 -1.200416576984562
1532 -1.200363738039461
1533 -1.200310498183225
1534 -1.200258183750177
1535 -1.200205412333536
1536 -1.200153601818742
1537 -1.200101669961649
1538 -1.200049663426866
1539 -1.199997583216511
1540 -1.199946206931669
1541 -1.199894972742022
1542 -1.199844540902347
1543 -1.199793269067897
1544 -1.199743241234178
1545 -1.199693441960399
1546 -1.199644587612022
1547 -1.19959513700756
1548 -1.199546058794763
1549 -1.199496587333347
1550 -1.199448114655457
1551 -1.199399104841186
1552 -1.199351206015957
1553 -1.199302252431176
1554 -1.199253515275163
1555 -1.199203786355443
1556 -1.199155422788668
1557 -1.199106693229317
1558 -1.199058727596466
1559 -1.199010249217146
1560 -1.198963055563098
1561 -1.198915256038067
1562 -1.198868319817495
1563 -1.198820444305407
1564 -1.198773119110229
1565 -1.198725155904224
1566 -1.198678196152626
1567 -1.198630136873573
1568 -1.198582959305281
1569 -1.198534264531595
1570 -1.198486758705206
1571 -1.198437401073002
1572 -1.198389151614898
1573 -1.198340488621923
1574 -1.198292906797669
1575 -1.198244538246512
1576 -1.198196735573288
1577 -1.19814894046494
1578 -1.198102186252773
1579 -1.198053800407108
1580 -1.198005918037352
1581 -1.197957259327805
1582 -1.19790897264097
1583 -1.197859864429749
1584 -1.197812053978031
1585 -1.197762287590999
1586 -1.197713438094515
1587 -1.197663693561049
1588 -1.197614833671798
1589 -1.197565542564556
1590 -1.197517087291747
1591 -1.19746788127209
1592 -1.197419593390164
1593 -1.197370713448181
1594 -1.197322694260393
1595 -1.19727324798781
1596 -1.19722467785459
1597 -1.197175626318739
1598 -1.197127096025001
1599 -1.197077864304895
1600 -1.197029853109541
1601 -1.196979861601721
1602 -1.196930659079086
1603 -1.196881135451111
1604 -1.196832721650517
1605 -1.19678372440782
1606 -1.196735234588206
1607 -1.196685926872695
1608 -1.196638088268619
1609 -1.196589684425877
1610 -1.196541712785177
1611 -1.196492392314558
1612 -1.196444503923497
1613 -1.196395869126653
1614 -1.196347794345129
1615 -1.196299922600365
1616 -1.196250853074474
1617 -1.19620127893554
1618 -1.196153482226681
1619 -1.196104253109158
1620 -1.19605578754175
1621 -1.196007076461107
1622 -1.195958540974465
1623 -1.195909476459875
1624 -1.195861871065167
1625 -1.19581410480628
1626 -1.195766313934743
1627 -1.195717911862284
1628 -1.195670876787059
1629 -1.195622986192398
1630 -1.195575971326828
1631 -1.195528201197768
1632 -1.195480062873711
1633 -1.195432097773164
1634 -1.195384940634148
1635 -1.195337094512444
1636 -1.195290364168698
1637 -1.19524369430139
1638 -1.195196389124099
1639 -1.195150811095457
1640 -1.195105660759118
1641 -1.195061227346068
1642 -1.195015984446155
1643 -1.194970219430861
1644 -1.194925981473529
1645 -1.194881387828661
1646 -1.194837461273699
1647 -1.194793886328435
1648 -1.194748924283829
1649 -1.194705784556378
1650 -1.194661947927397
1651 -1.194618792008899
1652 -1.194575916988524
1653 -1.194533641778911
1654 -1.194492651892952
1655 -1.194451220955366
1656 -1.194411899741374
1657 -1.194371574053729
1658 -1.194330505377134
1659 -1.194290207124664
1660 -1.194249268697552
1661 -1.194209835877988
1662 -1.194169673557503
1663 -1.194129362721841
1664 -1.194088829946317
1665 -1.194049924097921
1666 -1.194010726818055
1667 -1.193972398064757
1668 -1.193933587325032
1669 -1.193895631764415
1670 -1.19385661119452
1671 -1.193819116937089
1672 -1.193781302791773
1673 -1.193742937304095
1674 -1.193705779987907
1675 -1.193668856322621
1676 -1.193632604274671
1677 -1.193595923104521
1678 -1.193558900733887
1679 -1.193521938873056
1680 -1.193485488115972
1681 -1.19344901872022
1682 -1.193411731671308
1683 -1.193375972549259
1684 -1.193339675152384
1685 -1.193304455602106
1686 -1.193268995903612
1687 -1.193234035674045
1688 -1.193199387757864
1689 -1.193163951900861
1690 -1.193130070460676
1691 -1.193094899910696
1692 -1.19306085522345
1693 -1.193025832060123
1694 -1.19299071152009
1695 -1.192957013973765
1696 -1.19292155907859
1697 -1.192886428924798
1698 -1.19285251904532
1699 -1.192817872599479
1700 -1.192784578036382
1701 -1.192752202592678
1702 -1.192719952664549
1703 -1.192687355623841
1704 -1.19265400475078
1705 -1.192621114523009
1706 -1.192588460236886
1707 -1.192555923664238
1708 -1.192522786004741
1709 -1.192489574606301
1710 -1.192455996874051
1711 -1.192423874795246
1712 -1.192390943844455
1713 -1.192357952274831
1714 -1.192325958474374
1715 -1.192294068390978
1716 -1.192262791663076
1717 -1.192231477216877
1718 -1.192199834320831
1719 -1.192168636009516
1720 -1.192137402049853
1721 -1.192106329856448
1722 -1.192075520162983
1723 -1.192043936094501
1724 -1.192012505141491
1725 -1.191981647202928
1726 -1.191950710569615
1727 -1.191919272466456
1728 -1.191888975341958
1729 -1.19185852749004
1730 -1.191828471540258
1731 -1.191799240007474
1732 -1.191770368237339
1733 -1.191741064310746
1734 -1.191711972568064
1735 -1.191683353526667
1736 -1.191654267187227
1737 -1.19162664439243
1738 -1.191596423718102
1739 -1.191567335637411
1740 -1.191540059226003
1741 -1.191512217051362
1742 -1.191484431516201
1743 -1.191456977709127
1744 -1.191429758441867
1745 -1.191402430062022
1746 -1.191375587003584
1747 -1.191348492530776
1748 -1.191322276710821
1749 -1.191295784792811
1750 -1.191270106494493
1751 -1.191244973431198
1752 -1.19122120117521
1753 -1.191195370758021
1754 -1.191169306036074
1755 -1.191143695668332
1756 -1.191119972299172
1757 -1.191095436616395
1758 -1.191071104348672
1759 -1.191046583345448
1760 -1.191022243361517
1761 -1.190998685208191
1762 -1.190976010303521
1763 -1.190953857133382
1764 -1.190932330663848
1765 -1.190910003096637
1766 -1.190888484366826
1767 -1.190867260536134
1768 -1.190844598216922
1769 -1.190821817610431
1770 -1.190800491799514
1771 -1.190779911999242
1772 -1.19075833341318
1773 -1.190737201780108
1774 -1.19071740012768
1775 -1.190697802441581
1776 -1.190678680646334
1777 -1.190658115538521
1778 -1.190639483650452
1779 -1.190620202072358
1780 -1.190601741401598
1781 -1.190583358340981
1782 -1.190564774845732
1783 -1.19054611359544
1784 -1.190526937846052
1785 -1.190509367278187
1786 -1.190492093185773
1787 -1.190475132935434
1788 -1.190457561917139
1789 -1.190439842788335
1790 -1.190422851712234
1791 -1.190406514554626
1792 -1.190390370091116
1793 -1.190374281756755
1794 -1.190358205424484
1795 -1.190342330247544
1796 -1.190327206025723
1797 -1.190312585303196
1798 -1.190296859014142
1799 -1.190281679191315
1800 -1.19026750208417
1801 -1.190253227317038
1802 -1.190238417171128
1803 -1.190223824202792
1804 -1.190210117611366
1805 -1.190196958409767
1806 -1.190184788506393
1807 -1.190171550579185
1808 -1.190158197055591
1809 -1.190145068643229
1810 -1.190132331506365
1811 -1.190120432919744
1812 -1.190108960468639
1813 -1.190097865516977
1814 -1.190085948204772
1815 -1.190074139625183
1816 -1.190063728055608
1817 -1.190053161904431
1818 -1.190043126833706
1819 -1.190033259370681
1820 -1.190023311563819
1821 -1.190013953257977
1822 -1.19000414854078
1823 -1.189994514984458
1824 -1.189985674180591
1825 -1.189977095444676
1826 -1.189968627688546
1827 -1.189960800651153
1828 -1.189952840933782
1829 -1.189943992394316
1830 -1.189935112639494
1831 -1.189927218451847
1832 -1.18991963448894
1833 -1.189910884253076
1834 -1.189902961824152
1835 -1.189896383043709
1836 -1.189889978036177
1837 -1.18988364726287
1838 -1.189877545266195
1839 -1.189872046708742
1840 -1.189867101022984
1841 -1.189861569448794
1842 -1.189855289736288
1843 -1.189848113764438
1844 -1.189841093942456
1845 -1.189834113964879
1846 -1.189828283410855
1847 -1.189822665909713
1848 -1.189817826801803
1849 -1.189813585538216
1850 -1.189808392532985
1851 -1.18980430800805
1852 -1.189801088829401
1853 -1.189796699733535
1854 -1.189792085694627
1855 -1.189787686537423
1856 -1.189783709312144
1857 -1.189780172951292
1858 -1.189777325794908
1859 -1.189774165407734
1860 -1.189770795977679
1861 -1.189767981215739
1862 -1.189766099318836
1863 -1.189764145801884
1864 -1.189762740012144
1865 -1.189761181606221
1866 -1.189759370469615
1867 -1.189758005189913
1868 -1.189756977604849
1869 -1.189756229551424
1870 -1.189755916323914
1871 -1.189756312639815
1872 -1.189757203599122
1873 -1.189758343483083
1874 -1.189760119145873
1875 -1.189760222762335
1876 -1.189760884540109
1877 -1.189762395244517
1878 -1.189764477404659
1879 -1.18976613003224
1880 -1.189768491370951
1881 -1.189771900195074
1882 -1.189776222152496
1883 -1.189779625331224
1884 -1.189783400426306
1885 -1.189787641253766
1886 -1.189792546300315
1887 -1.189797400476149
1888 -1.189801081704597
1889 -1.189805420174006
1890 -1.189810566657066
1891 -1.189817593136531
1892 -1.18982421678598
1893 -1.189832034858882
1894 -1.189838602306559
1895 -1.189844943799897
1896 -1.189851581207025
1897 -1.189859104878472
1898 -1.189867063387202
1899 -1.189874382706375
1900 -1.189882264273483
1901 -1.189889944929738
1902 -1.189899108243847
1903 -1.189908091100546
1904 -1.189916825531553
1905 -1.189925301585662
1906 -1.189933857580108
1907 -1.189943273966229
1908 -1.189954532993285
1909 -1.189964282019394
1910 -1.189974231065027
1911 -1.189984687788894
1912 -1.189995010611159
1913 -1.190005655489933
1914 -1.190017295395964
1915 -1.190029060254791
1916 -1.190040630887852
1917 -1.190051907887349
1918 -1.190064123715485
1919 -1.190077105037201
1920 -1.190089932211542
1921 -1.190101277417424
1922 -1.190112460843843
1923 -1.190125488560792
1924 -1.190137049671442
1925 -1.190149415205432
1926 -1.190162405001723
1927 -1.190176671926905
1928 -1.19019084336349
1929 -1.190204895168568
1930 -1.190219302986255
1931 -1.190234035576877
1932 -1.190249093794628
1933 -1.190263667181382
1934 -1.190277859018712
1935 -1.190292050740867
1936 -1.190306806339012
1937 -1.190321832939816
1938 -1.190336989492084
1939 -1.190352193233595
1940 -1.190369581070631
1941 -1.190385050504525
1942 -1.190400671817435
1943 -1.190416901772371
1944 -1.190433507493507
1945 -1.190452024224832
1946 -1.190470341293574
1947 -1.190487111893098
1948 -1.190505087923898
1949 -1.19052172326241
1950 -1.19053902641512
1951 -1.190556431368117
1952 -1.190574430396535
1953 -1.190593410931358
1954 -1.190612411856689
1955 -1.190632165036036
1956 -1.190650982192034
1957 -1.190669897301503
1958 -1.190689130773151
1959 -1.190708233973443
1960 -1.190728007664662
1961 -1.190746968888558
1962 -1.190767246474475
1963 -1.190788055211571
1964 -1.190810312864786
1965 -1.190830822746094
1966 -1.19085084603835
1967 -1.190871524598349
1968 -1.190892749013626
1969 -1.190914191705479
1970 -1.19093602456954
1971 -1.190958440573325
1972 -1.190980920430565
1973 -1.191004510838276
1974 -1.191026537336175
1975 -1.191049270733442
1976 -1.191070703037297
1977 -1.191092574945756
1978 -1.191114972977566
1979 -1.191139455395138
1980 -1.191163068335605
1981 -1.191187450949036
1982 -1.191212664208416
1983 -1.191236820934632
1984 -1.191261134004231
1985 -1.191285610249081
1986 -1.191310427265349
1987 -1.191335105029288
1988 -1.191360609376678
1989 -1.191386653687725
1990 -1.191412685535269
1991 -1.191440179921608
1992 -1.191465753287408
1993 -1.1914913874985
1994 -1.19151750061779
1995 -1.191544946833575
1996 -1.19157203540449
1997 -1.191599037610257
1998 -1.191625498103846
1999 -1.191652605182342
2000 -1.191680909459983
2001 -1.191711366144372
2002 -1.191740100723997
2003 -1.191768930933372
2004 -1.191798332099028
2005 -1.191829617187618
2006 -1.19186072467873
2007 -1.191889555969946
2008 -1.191918500621419
2009 -1.191947948864185
2010 -1.191978158445034
2011 -1.192008762155944
2012 -1.19203881331422
2013 -1.19207001532942
2014 -1.192101512318022
2015 -1.192134871090426
2016 -1.192166082841237
2017 -1.192197880706372
2018 -1.192229831200767
2019 -1.192262967967817
2020 -1.192296107451021
2021 -1.192329494373761
2022 -1.192362594269586
2023 -1.192395666482546
2024 -1.192428816483888
2025 -1.192463139312692
2026 -1.192498641471075
2027 -1.192534010377967
2028 -1.192569683338382
2029 -1.192604581783619
2030 -1.192639887256287
2031 -1.192674329277919
2032 -1.1927083032397
2033 -1.192744121355749
2034 -1.192780084751741
2035 -1.192816001077678
2036 -1.192852185983496
2037 -1.192888261687527
2038 -1.19292520649975
2039 -1.192963398772307
2040 -1.192999321086018
2041 -1.193035130670465
2042 -1.193070773935243
2043 -1.193108216926992
2044 -1.193145868105253
2045 -1.193182356774961
2046 -1.193220240737772
2047 -1.193256000414519
2048 -1.193293565579196
2049 -1.193333189666245
2050 -1.193372161655887
2051 -1.193410664362857
2052 -1.193449528426824
2053 -1.193489566326826
2054 -1.193528355737294
2055 -1.1935684467125
2056 -1.193606311716853
2057 -1.19364301354295
2058 -1.19368229427463
2059 -1.19372111561844
2060 -1.193759842759695
2061 -1.193800165020993
2062 -1.193841304893161
2063 -1.193880811008583
2064 -1.193920929919192
2065 -1.193959121735054
2066 -1.193999499148656
2067 -1.194040897270073
2068 -1.194083150463021
2069 -1.194121622243629
2070 -1.194162802910832
2071 -1.194202905872781
2072 -1.194243986222433
2073 -1.194285803015029
2074 -1.194328170722232
2075 -1.194367840247441
2076 -1.194409707415136
2077 -1.194452107353682
2078 -1.194491153952325
2079 -1.194533507785923
2080 -1.194573807370404
2081 -1.194617824513746
2082 -1.194659866916269
2083 -1.194703679982845
2084 -1.194746799565965
2085 -1.194788171936723
2086 -1.194830635969418
2087 -1.19487172174214
2088 -1.194915083764147
2089 -1.19496006497312
2090 -1.195003711201693
2091 -1.195048257609965
2092 -1.195090290763296
2093 -1.195134245466497
2094 -1.195178623376705
2095 -1.195223995380697
2096 -1.195267106324058
2097 -1.195312286894295
2098 -1.195359077752658
2099 -1.195405653667374
2100 -1.195450879992613
2101 -1.19549606201005
2102 -1.195542146916038
2103 -1.195588243728148
2104 -1.195631519959797
2105 -1.195676464449236
2106 -1.195723518495852
2107 -1.195768900684389
2108 -1.195813861467215
2109 -1.195857301258375
2110 -1.195904781984509
2111 -1.19595185886644
2112 -1.19600056558264
2113 -1.196047492856627
2114 -1.196095890960899
2115 -1.196142822499506
2116 -1.196190816811359
2117 -1.196238017569399
2118 -1.196284629396682
2119 -1.19633338788591
2120 -1.19638194829431
2121 -1.196431865934166
2122 -1.196477594153833
2123 -1.19652688241361
2124 -1.196574601903175
2125 -1.196621169017798
2126 -1.196670147143544
2127 -1.196720548474634
2128 -1.196771931700873
2129 -1.196820694934072
2130 -1.196871903560007
2131 -1.196919757228667
2132 -1.196968680928235
2133 -1.19701824680593
2134 -1.197068143388123
2135 -1.197117931643879
2136 -1.197169599415165
2137 -1.197222809461172
2138 -1.197273530687488
2139 -1.197323939230638
2140 -1.197375836264865
2141 -1.197425696734829
2142 -1.197475900132205
2143 -1.19752776379712
2144 -1.197578793902231
2145 -1.197630188854857
2146 -1.197681319547139
2147 -1.197732352071099
2148 -1.197784614017516
2149 -1.197835396420258
2150 -1.197887574172624
2151 -1.197939443624035
2152 -1.197991446587994
2153 -1.198042872658716
2154 -1.198096402877318
2155 -1.198149738302734
2156 -1.198202556528322
2157 -1.19825428131571
2158 -1.198307409711191
2159 -1.198357519557761
2160 -1.198407159864619
2161 -1.198457632160094
2162 -1.198509911858827
2163 -1.198563865189842
2164 -1.198615846141732
2165 -1.198668713873283
2166 -1.198721540185813
2167 -1.198774323787245
2168 -1.19882898412134
2169 -1.198883001388442
2170 -1.198936328622749
2171 -1.198988296285234
2172 -1.199041914504531
2173 -1.199093542644598
2174 -1.199146902605805
2175 -1.199201330552925
2176 -1.199255308562726
2177 -1.199309867661322
2178 -1.199363628142284
2179 -1.199416592955463
2180 -1.199469954900216
2181 -1.199523451133393
2182 -1.19957801868349
2183 -1.199633879600256
2184 -1.199688492954412
2185 -1.199743004836775
2186 -1.199799036319962
2187 -1.199853413262994
2188 -1.199907349031222
2189 -1.1999611325028
2190 -1.20001585557274
2191 -1.200070874791524
2192 -1.200126033207117
2193 -1.200181883062789
2194 -1.200237783752477
2195 -1.200292374274396
2196 -1.200347158834868
2197 -1.20039974990733
2198 -1.200452957041279
2199 -1.200509260730499
2200 -1.200566775864544
2201 -1.200622872353859
2202 -1.200678878011044
2203 -1.200735024711311
2204 -1.200791843864666
2205 -1.200848240531547
2206 -1.200904822840837
2207 -1.200960578094495
2208 -1.201014912758194
2209 -1.201070611609962
2210 -1.201126038945242
2211 -1.201180526107291
2212 -1.201234598124262
2213 -1.201289394056881
2214 -1.201347395070008
2215 -1.201405234010562
2216 -1.201462872622993
2217 -1.201519071884382
2218 -1.20157542418647
2219 -1.201633852277973
2220 -1.201688493807903
2221 -1.201743729463483
2222 -1.201799156686766
2223 -1.201855934620986
2224 -1.20191242710304
2225 -1.201968680577629
2226 -1.202025685951435
2227 -1.202082591728183
2228 -1.202141569023556
2229 -1.202199269506793
2230 -1.202257683153748
2231 -1.202313387259187
2232 -1.202368594265058
2233 -1.202425011793987
2234 -1.202482895928647
2235 -1.202540988725902
2236 -1.202597962827805
2237 -1.20265576846962
2238 -1.202713936114523
2239 -1.202770774329715
2240 -1.20282814175745
2241 -1.202883985649332
2242 -1.202940169891698
2243 -1.20299711630772
2244 -1.203057079273586
2245 -1.203114148667444
2246 -1.203170974893695
2247 -1.203229335863383
2248 -1.203287690876645
2249 -1.20334710686379
2250 -1.203406118297379
2251 -1.203464386308086
2252 -1.203521125598845
2253 -1.203578941108059
2254 -1.203637220816104
2255 -1.203695632440214
2256 -1.203753691998886
2257 -1.203810067039756
2258 -1.203868115532767
2259 -1.203927093336788
2260 -1.203985148855101
2261 -1.204042461143634
2262 -1.204101571817202
2263 -1.204160801930342
2264 -1.204220343243511
2265 -1.204279094122872
2266 -1.204336691131138
2267 -1.204395902885111
2268 -1.204453637408468
2269 -1.204509434286891
2270 -1.20456626498887
2271 -1.204625776048089
2272 -1.204685346493363
2273 -1.204746066929415
2274 -1.204805607902529
2275 -1.204863549805406
2276 -1.204920998371851
2277 -1.204980382715644
2278 -1.205040094852427
2279 -1.205099367732751
2280 -1.205158131874691
2281 -1.205215977129232
2282 -1.205274701841612
2283 -1.205333285857257
2284 -1.205391781841334
2285 -1.205449959868015
2286 -1.205507284947635
2287 -1.205564680044798
2288 -1.205623600115658
2289 -1.205681380905074
2290 -1.205739607398743
2291 -1.2057988858019
2292 -1.205858074773713
2293 -1.205916318769134
2294 -1.205974156626342
2295 -1.206032416472024
2296 -1.206092107420665
2297 -1.206150130939553
2298 -1.206209182131199
2299 -1.206268642701337
2300 -1.206326933836181
2301 -1.206383691532246
2302 -1.206441556377278
2303 -1.206500024386206
2304 -1.206558525804011
2305 -1.206617483857609
2306 -1.206675135580749
2307 -1.206733801502911
2308 -1.206791015505113
2309 -1.206848689920568
2310 -1.206907801462745
2311 -1.206965566798244
2312 -1.207022190543225
2313 -1.207080474975392
2314 -1.207139353712507
2315 -1.207197906783102
2316 -1.20725651102077
2317 -1.207314048511378
2318 -1.207372269338572
2319 -1.207428686392941
2320 -1.207487295351558
2321 -1.207545133279488
2322 -1.207602973911258
2323 -1.207662090886401
2324 -1.207720881861222
2325 -1.207779874858427
2326 -1.207838956716718
2327 -1.207897268546854
2328 -1.207955348736657
2329 -1.208013656275951
2330 -1.208070703072562
2331 -1.208126587136019
2332 -1.208182025453869
2333 -1.208238297032713
2334 -1.20829668818248
2335 -1.208355887452304
2336 -1.208415317092804
2337 -1.208475215142187
2338 -1.208535603456142
2339 -1.208594286674451
2340 -1.208652295509012
2341 -1.208710240572448
2342 -1.208767725892954
2343 -1.20882377997616
2344 -1.208880452592072
2345 -1.208937825725726
2346 -1.208995340561022
2347 -1.209052787224415
2348 -1.209111278937044
2349 -1.209169752140444
2350 -1.209228489200434
2351 -1.209287415960249
2352 -1.209345664837572
2353 -1.20940246688268
2354 -1.209459544939652
2355 -1.209516302832475
2356 -1.209573527751352
2357 -1.209631613763301
2358 -1.209690195995669
2359 -1.209748199789952
2360 -1.209806072291971
2361 -1.209864689427732
2362 -1.209921272185754
2363 -1.209976983813035
2364 -1.210033619738
2365 -1.210091973779831
2366 -1.210150009112115
2367 -1.210207874172359
2368 -1.210265426326023
2369 -1.210323124674842
2370 -1.210381018273111
2371 -1.21043974611533
2372 -1.210496735161406
2373 -1.210553177689878
2374 -1.21060909312821
2375 -1.210666357490439
2376 -1.210723054892848
2377 -1.210780113849368
2378 -1.210839464026667
2379 -1.210895099162181
2380 -1.210951132461847
2381 -1.211007989936813
2382 -1.211067584844524
2383 -1.211124733884999
2384 -1.21118170501342
2385 -1.211239695718696
2386 -1.21129804231156
2387 -1.211355407046014
2388 -1.211412142653287
2389 -1.21147018391112
2390 -1.211527556763786
2391 -1.211583180595617
2392 -1.211639133542657
2393 -1.211694076123674
2394 -1.21175184205851
2395 -1.211808280116185
2396 -1.211862278608158
2397 -1.211920437504609
2398 -1.211978653492085
2399 -1.212035890735594
2400 -1.212093282725088
2401 -1.21215149208348
2402 -1.21220889967047
2403 -1.212266278083656
2404 -1.212321392018868
2405 -1.212375426001926
2406 -1.212431520777031
2407 -1.212487979611418
2408 -1.212545356832146
2409 -1.212602676175153
2410 -1.212659766608143
2411 -1.21271763117793
2412 -1.212771518290974
2413 -1.21282725105394
2414 -1.212883376747364
2415 -1.212939961438529
2416 -1.212996610237165
2417 -1.213053525885238
2418 -1.21310950365617
2419 -1.21316299290681
2420 -1.213219671739283
2421 -1.213276584876166
2422 -1.213332307198879
2423 -1.213387821301241
2424 -1.213444331759998
2425 -1.213501385115814
2426 -1.213556880016878
2427 -1.213612852631756
2428 -1.213668478747716
2429 -1.213722664733547
2430 -1.213777468774085
2431 -1.213832384571522
2432 -1.213887120877737
2433 -1.213943517010892
2434 -1.213999411868075
2435 -1.214056535710459
2436 -1.214112891998576
2437 -1.214169957905024
2438 -1.21422417977657
2439 -1.214276994198684
2440 -1.214330354372167
2441 -1.214386591124117
2442 -1.214440030808562
2443 -1.214494184646267
2444 -1.214548278498959
2445 -1.214602728238209
2446 -1.214659411460085
2447 -1.21471581024587
2448 -1.214771771588152
2449 -1.214825927396291
2450 -1.214881154383702
2451 -1.214935646712298
2452 -1.214989788518434
2453 -1.215045094355192
2454 -1.215099350791173
2455 -1.215152852416781
2456 -1.215207148271319
2457 -1.215261661466914
2458 -1.215315358316464
2459 -1.215368664210601
2460 -1.215422442546406
2461 -1.215477025467399
2462 -1.215531310106347
2463 -1.21558642724683
2464 -1.215641767622207
2465 -1.215696834521175
2466 -1.21575237663035
2467 -1.215806304913126
2468 -1.215858428710306
2469 -1.215911771792363
2470 -1.21596522474467
2471 -1.216019962113751
2472 -1.216073571809394
2473 -1.216126652667933
2474 -1.216180533276665
2475 -1.216236278988582
2476 -1.216288832299141
2477 -1.21634194435332
2478 -1.216395365546808
2479 -1.216450704581298
2480 -1.216505407948833
2481 -1.216557744515162
2482 -1.216610232306377
2483 -1.216663478094864
2484 -1.216718514200002
2485 -1.216770869287618
2486 -1.216823249505639
2487 -1.216875815587128
2488 -1.216928975132988
2489 -1.216980284331125
2490 -1.217034462140522
2491 -1.217088125223445
2492 -1.217142932456845
2493 -1.217192062865689
2494 -1.217243704615953
2495 -1.217296830624679
2496 -1.217350258005878
2497 -1.217404877926301
2498 -1.217459349210567
2499 -1.217511054348858
2500 -1.217564079330696
2501 -1.217617358127786
2502 -1.217666897797458
2503 -1.217720025252074
2504 -1.217773577428401
2505 -1.217824287136766
2506 -1.217877227216411
2507 -1.217931464607643
2508 -1.217980279654284
2509 -1.218034461378956
2510 -1.2180874864189
2511 -1.218140026256291
2512 -1.218192908296699
2513 -1.218244281157753
2514 -1.21829918475437
2515 -1.218351911968514
2516 -1.218402459556968
2517 -1.21845353299271
2518 -1.218506928768972
2519 -1.218557556200138
2520 -1.218608161506887
2521 -1.218660517924114
2522 -1.218711043440131
2523 -1.218767154980649
2524 -1.21881779047711
2525 -1.218871768142628
2526 -1.21892550969325
2527 -1.218976273515293
2528 -1.2190285017871
2529 -1.219078805507227
2530 -1.219133253102736
2531 -1.219184016285025
2532 -1.21923677909848
2533 -1.219285429946622
2534 -1.21933881218776
2535 -1.219388900094842
2536 -1.219442840539356
2537 -1.219491740892669
2538 -1.219542864187675
2539 -1.21959154599479
2540 -1.219641911471359
2541 -1.219695383951876
2542 -1.219745927269893
2543 -1.219800827442122
2544 -1.219851510145479
2545 -1.219904674161336
2546 -1.219954096000925
2547 -1.220005309098186
2548 -1.220053452547043
2549 -1.220102795123695
2550 -1.22015452807196
2551 -1.220204154551275
2552 -1.220257002710389
2553 -1.220305800518996
2554 -1.220359337470917
2555 -1.220409763743713
2556 -1.220458943745978
2557 -1.220510500319148
2558 -1.220558752487025
2559 -1.220609488023551
2560 -1.22065733195083
2561 -1.220706610679565
2562 -1.220760170634927
2563 -1.220807816247106
2564 -1.220859447867516
2565 -1.220907338513725
2566 -1.220959107316184
2567 -1.221007435773577
2568 -1.221055959263554
2569 -1.221108804622992
2570 -1.221158156488843
2571 -1.221208870416167
2572 -1.2212567995332
2573 -1.221304859023434
2574 -1.22135324571988
2575 -1.221403750212424
2576 -1.221451306817568
2577 -1.221502459198286
2578 -1.221550310818945
2579 -1.221598667453041
2580 -1.221650881737989
2581 -1.221699335327335
2582 -1.221751573512145
2583 -1.221797288454747
2584 -1.221842262399408
2585 -1.221891690246075
2586 -1.221941231174926
2587 -1.221989927287537
2588 -1.22203707404138
2589 -1.222088181101233
2590 -1.222136434401796
2591 -1.222184585662121
2592 -1.222233775740823
2593 -1.222281993573051
2594 -1.22232976161709
2595 -1.222376541910556
2596 -1.222423477495901
2597 -1.222470498324676
2598 -1.222521386474235
2599 -1.222569382505421
2600 -1.222616105754967
2601 -1.222663145330748
2602 -1.222717008524062
2603 -1.222763565802841
2604 -1.222811971386361
2605 -1.222863634273766
2606 -1.222913804621767
2607 -1.222960587964001
2608 -1.2230070120399
2609 -1.223053181030949
2610 -1.223103690556877
2611 -1.223151313168682
2612 -1.223200968955163
2613 -1.223246760118464
2614 -1.223292305682368
2615 -1.223338910202767
2616 -1.223385971678431
2617 -1.223436601849179
2618 -1.22348297909665
2619 -1.223530825619783
2620 -1.22358278451846
2621 -1.223628146518731
2622 -1.223674308868591
2623 -1.223724323185633
2624 -1.223771518507729
2625 -1.223820693388621
2626 -1.223869465806081
2627 -1.223912886411505
2628 -1.223959239575943
2629 -1.224006682671709
2630 -1.224051669895342
2631 -1.224101049533144
2632 -1.224146158327972
2633 -1.224192972549081
2634 -1.22424004087913
2635 -1.224289162194221
2636 -1.224334090871115
2637 -1.224382804223201
2638 -1.224429264614024
2639 -1.224475162227449
2640 -1.224518992632953
2641 -1.22456944157428
2642 -1.2246145619026
2643 -1.22466467658858
2644 -1.224711523277477
2645 -1.224758627812975
2646 -1.224802356962744
2647 -1.224847781641063
2648 -1.224892797897083
2649 -1.224939658921389
2650 -1.224983590917982
2651 -1.225028638862751
2652 -1.225074344518385
2653 -1.225126198122241
2654 -1.225170257111347
2655 -1.225217061608787
2656 -1.225259717048549
2657 -1.225304550968284
2658 -1.225352140253865
2659 -1.225396383303187
2660 -1.225444263817759
2661 -1.225488438215052
2662 -1.225533255347913
2663 -1.225578538476578
2664 -1.225629539200605
2665 -1.225673967718354
2666 -1.225719624749043
2667 -1.22576746092649
2668 -1.225810370890222
2669 -1.225853989530514
2670 -1.225898810356834
2671 -1.225943144776836
2672 -1.225987993293072
2673 -1.226031099391467
2674 -1.22607571637937
2675 -1.226120070269959
2676 -1.226159539715786
2677 -1.226200306927975
2678 -1.226243879965336
2679 -1.226289549298062
2680 -1.226341661391301
2681 -1.226388012626158
2682 -1.226434324768859
2683 -1.226481788895912
2684 -1.226528422197302
2685 -1.226573089889364
2686 -1.226614910679854
2687 -1.226657335246447
2688 -1.226701111212829
2689 -1.226744272256223
2690 -1.226789440389063
2691 -1.226837826170383
2692 -1.226881991195424
2693 -1.226924339275271
2694 -1.226971976067066
2695 -1.227018297993392
2696 -1.227060555124386
2697 -1.227108070723445
2698 -1.227152291266057
2699 -1.227198815941796
2700 -1.227242452593803
2701 -1.227287816574111
2702 -1.227329879201212
2703 -1.227375433723453
2704 -1.227417784464357
2705 -1.227459043061723
2706 -1.227503901087852
2707 -1.227546000993733
2708 -1.227588682740474
2709 -1.227629836546517
2710 -1.227671047242292
2711 -1.227713449387288
2712 -1.227758259356914
2713 -1.227801928590835
2714 -1.227844745837661
2715 -1.227886915057192
2716 -1.227930919324266
2717 -1.227973603918235
2718 -1.228016660227076
2719 -1.228061064632306
2720 -1.228104724008574
2721 -1.228148730625401
2722 -1.228192024311364
2723 -1.228234656358417
2724 -1.228280387189516
2725 -1.228322275783813
2726 -1.22836681557514
2727 -1.228411175630798
2728 -1.228453374930842
2729 -1.22849921348381
2730 -1.228543919967873
2731 -1.228588351654331
2732 -1.228630973115267
2733 -1.228671520921497
2734 -1.228715967720668
2735 -1.228758341713709
2736 -1.228802792172132
2737 -1.228843260918309
2738 -1.228883937024356
2739 -1.228925065361848
2740 -1.228966530687436
2741 -1.22900598029071
2742 -1.229049030007162
2743 -1.229087889529986
2744 -1.229131249258581
2745 -1.22917218499313
2746 -1.22921724541729
2747 -1.229259544467338
2748 -1.229304538473313
2749 -1.229345208308397
2750 -1.229387843563619
2751 -1.229425305362752
2752 -1.229464189988464
2753 -1.229503999080684
2754 -1.229544806191284
2755 -1.229586860919828
2756 -1.229627573211894
2757 -1.229668512535439
2758 -1.229709412729946
2759 -1.229750553073559
2760 -1.229790061797815
2761 -1.229830685210434
2762 -1.229870818062372
2763 -1.229911008621774
2764 -1.229950443600676
2765 -1.229991000555429
2766 -1.230031918929617
2767 -1.230074497852143
2768 -1.23011685389092
2769 -1.230159657827055
2770 -1.23020258455889
2771 -1.230244892380237
2772 -1.230287133196003
2773 -1.230328482737404
2774 -1.230370105294876
2775 -1.230410997362721
2776 -1.230449877545439
2777 -1.23048646885775
2778 -1.230524101495517
2779 -1.230563436445255
2780 -1.230604511457444
2781 -1.230645350418939
2782 -1.230692315028147
2783 -1.230733648269813
2784 -1.230776050835696
2785 -1.230817797973832
2786 -1.230859236802496
2787 -1.230902065532182
2788 -1.230942258315158
2789 -1.230981071963362
2790 -1.23101876827264
2791 -1.23105732950804
2792 -1.231095896078136
2793 -1.23113541702685
2794 -1.231175726721768
2795 -1.231215455166989
2796 -1.231255776126113
2797 -1.231295607232046
2798 -1.231335770521147
2799 -1.231374987102744
2800 -1.231416366570003
2801 -1.231457015886775
2802 -1.231497102303481
2803 -1.231535857642489
2804 -1.231575306151295
2805 -1.231613682015448
2806 -1.231650518803102
2807 -1.231688511928367
2808 -1.231727846024719
2809 -1.231768383188111
2810 -1.231808078218436
2811 -1.231848726494507
2812 -1.231889023336735
2813 -1.231930430087916
2814 -1.231969558857169
2815 -1.232006903331251
2816 -1.232044689424025
2817 -1.232082530955525
2818 -1.232120926640333
2819 -1.232158826975879
2820 -1.232197927208641
2821 -1.232237522629646
2822 -1.23227615608999
2823 -1.232314731006794
2824 -1.232353906386188
2825 -1.232394263205207
2826 -1.23243424029707
2827 -1.232472420675416
2828 -1.232509549562987
2829 -1.232545929648556
2830 -1.232583657497897
2831 -1.232622956858606
2832 -1.232661980075829
2833 -1.232699328112705
2834 -1.232735410785742
2835 -1.232773684196082
2836 -1.232810999004492
2837 -1.232848970689342
2838 -1.232886117767756
2839 -1.232923583638843
2840 -1.232960918665627
2841 -1.232997419160511
2842 -1.233035202958316
2843 -1.233073029545374
2844 -1.233111567049033
2845 -1.233150166020824
2846 -1.233188182851789
2847 -1.233225678210541
2848 -1.233263765176734
2849 -1.233303087810801
2850 -1.233340377139093
2851 -1.233376851081976
2852 -1.233412920166367
2853 -1.233446953445901
2854 -1.233481557685205
2855 -1.233518025227612
2856 -1.233555545921289
2857 -1.233594216916882
2858 -1.233631287217387
2859 -1.23366691690371
2860 -1.233702804669353
2861 -1.233738391804837
2862 -1.233775619763231
2863 -1.233813845358216
2864 -1.233851816272735
2865 -1.233890298273339
2866 -1.233926900909221
2867 -1.233963053491581
2868 -1.233998471150282
2869 -1.234033258261306
2870 -1.2340688216219
2871 -1.234104565921049
2872 -1.234139594470909
2873 -1.234175415148813
2874 -1.234210935280418
2875 -1.234247549019366
2876 -1.234284892910775
2877 -1.234320482939524
2878 -1.234355163861217
2879 -1.234388470974028
2880 -1.234424008979552
2881 -1.23446081931197
2882 -1.234497851645643
2883 -1.234534680214382
2884 -1.234570658560225
2885 -1.234606628024832
2886 -1.234642489255814
2887 -1.234677581998758
2888 -1.234712785867984
2889 -1.234747147495028
2890 -1.234783305178281
2891 -1.234817270513756
2892 -1.234851561431756
2893 -1.234885221351083
2894 -1.234920945664906
2895 -1.234955922300927
2896 -1.234990173957322
2897 -1.235025123393145
2898 -1.235061484441659
2899 -1.235095922429665
2900 -1.235130895794808
2901 -1.235167611127548
2902 -1.235202976470174
2903 -1.235237143792934
2904 -1.235271278752425
2905 -1.23530405046688
2906 -1.2353370979988
2907 -1.235371983945025
2908 -1.235409020326773
2909 -1.23544489119931
2910 -1.235478226295021
2911 -1.235512707392355
2912 -1.235546680711763
2913 -1.235580666441371
2914 -1.235615199352278
2915 -1.235650188896811
2916 -1.235681822612726
2917 -1.235713595865944
2918 -1.235747617091298
2919 -1.235782024315689
2920 -1.235817751120897
2921 -1.235850868872075
2922 -1.235884085341985
2923 -1.235917459181062
2924 -1.23595198563852
2925 -1.235987922598983
2926 -1.236023484781254
2927 -1.236058272817786
2928 -1.236091802127309
2929 -1.236123885087837
2930 -1.236155657069524
2931 -1.23618627961433
2932 -1.236219250582832
2933 -1.236251457465552
2934 -1.236285648104248
2935 -1.236320109041684
2936 -1.236353942289613
2937 -1.236388675554486
2938 -1.23642317252605
2939 -1.236457583812637
2940 -1.236487940409693
2941 -1.236517235654108
2942 -1.236548198285111
2943 -1.23658034639925
2944 -1.236613777154757
2945 -1.236646490360825
2946 -1.236680332866391
2947 -1.236713851346439
2948 -1.236747741016551
2949 -1.236779525017125
2950 -1.236811246694038
2951 -1.236843144184735
2952 -1.236876548678009
2953 -1.236907640907809
2954 -1.236938734728171
2955 -1.236970221652394
2956 -1.237001675875849
2957 -1.237034923472322
2958 -1.237067108032278
2959 -1.237100147855517
2960 -1.23713340403951
2961 -1.237164249135739
2962 -1.237194811288674
2963 -1.237226312676684
2964 -1.23725846965579
2965 -1.237290378184341
2966 -1.237321156401396
2967 -1.237352581644317
2968 -1.23738181806106
2969 -1.237411473680981
2970 -1.237442179197809
2971 -1.237472578501353
2972 -1.237504384532685
2973 -1.237537394435965
2974 -1.237570728588491
2975 -1.237603038335154
2976 -1.23763561477555
2977 -1.23766806437865
2978 -1.237696185034466
2979 -1.237724955846136
2980 -1.237753921698235
2981 -1.237784144607893
2982 -1.23781558572204
2983 -1.237847709807685
2984 -1.237879345425132
2985 -1.237908444856222
2986 -1.237937673283911
2987 -1.237967939571151
2988 -1.237999822257991
2989 -1.238031933378709
2990 -1.238061512186472
2991 -1.238090618284254
2992 -1.238121180937233
2993 -1.238151481958051
2994 -1.238180837725039
2995 -1.238210539826392
2996 -1.238241544179042
2997 -1.238270921347567
2998 -1.238301178071849
2999 -1.238331561449536
3000 -1.238362342947007
