"lift-rfile"
"Iteration" "lift"
("Iteration" "lift")
1 -2.717128237080574
2 -4.127366939387837
3 -5.107223767109445
4 -5.749942084966951
5 -6.150782804728703
6 -6.262329031874654
7 -6.191370396218479
8 -5.913562113265998
9 -5.547779243073352
10 -5.200270795041505
11 -4.992427892144804
12 -4.781304918619627
13 -4.603426775587627
14 -4.455947378997636
15 -4.32767149255771
16 -4.209582354483488
17 -4.085364060041858
18 -3.946445685966303
19 -3.785738180094628
20 -3.607308091729003
21 -3.410822166848872
22 -3.203603019572384
23 -2.988891740138757
24 -2.770243359522541
25 -2.555755390133364
26 -2.345828358843176
27 -2.142154834872036
28 -1.944217501517132
29 -1.75922148204054
30 -1.577301278318707
31 -1.404244081408333
32 -1.242006263563674
33 -1.087279294944161
34 -0.9393825527718488
35 -0.7977104349342543
36 -0.6630965225614357
37 -0.5375374639481427
38 -0.4204037805714383
39 -0.3106069186326408
40 -0.2102106459961266
41 -0.1183668009192295
42 -0.03470354860913931
43 0.04214422018725206
44 0.110125928111872
45 0.1733010363027607
46 0.2307276893569271
47 0.2848090379414576
48 0.3336000942897064
49 0.378358356733031
50 0.4195240547172598
51 0.4576016431471315
52 0.4932708363940426
53 0.5265968138178557
54 0.5572386720303599
55 0.5863696390354585
56 0.6139603537820431
57 0.6400849080049359
58 0.6641314693552838
59 0.6864786909309742
60 0.7064341867239822
61 0.7233681235653067
62 0.7374802281335265
63 0.7481043780795046
64 0.7549471874478009
65 0.7579042124651431
66 0.757082990831262
67 0.7521177571776107
68 0.7445162815736882
69 0.730527961946089
70 0.7143357738487868
71 0.6935852656293342
72 0.6678211425132818
73 0.637274639397817
74 0.602835000510922
75 0.5596971564116994
76 0.5167654972561284
77 0.4697306968407746
78 0.4189475353723278
79 0.3641771028386299
80 0.3059136246863126
81 0.244406038803365
82 0.1799827467735652
83 0.1129589330647133
84 0.04369229675673569
85 -0.02718788766639682
86 -0.09958765643591287
87 -0.1731585931026735
88 -0.2477330808626192
89 -0.3225853996246892
90 -0.397406408777749
91 -0.4717658968945289
92 -0.545214510974244
93 -0.6174628841663808
94 -0.6881636560951019
95 -0.7569922722647265
96 -0.8236365890003422
97 -0.8937453718600141
98 -0.9546437247301206
99 -1.012602922335296
100 -1.067355830732386
101 -1.122526337789259
102 -1.169986803029495
103 -1.213906666396674
104 -1.254066194146689
105 -1.290416563920366
106 -1.322984698492881
107 -1.351729057039188
108 -1.376636398170553
109 -1.397719140851099
110 -1.41503987946186
111 -1.428650332149213
112 -1.438589921552993
113 -1.444976317411833
114 -1.447891895877011
115 -1.447482276711296
116 -1.443828902020854
117 -1.437064549104033
118 -1.427326339913938
119 -1.41475949260054
120 -1.399464893942968
121 -1.381627609781792
122 -1.361411945402754
123 -1.338971484868641
124 -1.314483159087803
125 -1.288073913171926
126 -1.259916041462901
127 -1.230180631742944
128 -1.199011946621891
129 -1.166569860577276
130 -1.133016222557454
131 -1.098532424041251
132 -1.063257851456235
133 -1.02734677544052
134 -0.9909555302101676
135 -0.9542210040153785
136 -0.9173061128441469
137 -0.8803992267987509
138 -0.8435715181953116
139 -0.807001955556207
140 -0.7708178536617394
141 -0.7351546550603229
142 -0.7001339874260132
143 -0.6658685694592897
144 -0.6325030151726578
145 -0.6001120444089233
146 -0.5687956365493214
147 -0.5386328181173608
148 -0.5096897166080273
149 -0.4820372270074335
150 -0.4557463801015436
151 -0.430858561792544
152 -0.4074220540151807
153 -0.3854818277191179
154 -0.3650690402096249
155 -0.3462070186657288
156 -0.3289207730232601
157 -0.3132212482346745
158 -0.2990855074038709
159 -0.2865567398242214
160 -0.2756378583400916
161 -0.2663240754775493
162 -0.2586090256791794
163 -0.2524828160468823
164 -0.2479304299949116
165 -0.244945069304902
166 -0.2435199626099801
167 -0.2435989819853442
168 -0.2451470989206688
169 -0.2481547359155859
170 -0.2526039090647441
171 -0.2584573578632966
172 -0.2656857097960758
173 -0.2742535977366734
174 -0.2841197474465216
175 -0.2952668363277681
176 -0.307644703172816
177 -0.3212341009758769
178 -0.3359981578358087
179 -0.3518737482820977
180 -0.3688350558243191
181 -0.3868558216491748
182 -0.4058934814817784
183 -0.4258817056655859
184 -0.4467907887715419
185 -0.4685635738241789
186 -0.491141955543738
187 -0.5144670522403919
188 -0.5384748667310665
189 -0.5630814566816184
190 -0.5882482051853177
191 -0.6138917439444722
192 -0.6399174614178452
193 -0.6662598200374407
194 -0.6928477477856888
195 -0.7195923457945594
196 -0.7464459612673202
197 -0.7733508640690877
198 -0.8001345655940821
199 -0.8266908401865788
200 -0.8529507737204525
201 -0.878821471862998
202 -0.9042133965096627
203 -0.9290250924835354
204 -0.9532086189860251
205 -0.9766501827372983
206 -0.9992673112311135
207 -1.020981553917317
208 -1.041714938761382
209 -1.061389686967161
210 -1.079950119105453
211 -1.097321527736357
212 -1.113442498958422
213 -1.128258081486586
214 -1.141711626893777
215 -1.153766737605168
216 -1.164380268154715
217 -1.173525965578866
218 -1.181149434861209
219 -1.187269183412041
220 -1.191872296881639
221 -1.194942316525121
222 -1.196496356265672
223 -1.196541031607153
224 -1.195103654726318
225 -1.192185971696153
226 -1.187835516001898
227 -1.182059347398439
228 -1.174897939018905
229 -1.166394609342254
230 -1.156597103465391
231 -1.145574137726056
232 -1.133374858005133
233 -1.120064099977414
234 -1.105711580369988
235 -1.090394319323265
236 -1.074187055375919
237 -1.057172725508808
238 -1.039433619083394
239 -1.021057516954216
240 -1.002130802899197
241 -0.9827533839806245
242 -0.9630070336845529
243 -0.9429864790129459
244 -0.9227815325814807
245 -0.902486232927927
246 -0.882176658060876
247 -0.861961237258141
248 -0.8419269286450798
249 -0.8221622626265999
250 -0.802736897279815
251 -0.7837492510108404
252 -0.7652789082433683
253 -0.7474147742040994
254 -0.7302097517446859
255 -0.7137322672843867
256 -0.6980454129141156
257 -0.6832016048673748
258 -0.6692608664893646
259 -0.6562596856709585
260 -0.6442596183150366
261 -0.6332961115313237
262 -0.6234010171215366
263 -0.6146020878769842
264 -0.6069227026715955
265 -0.6003807342544073
266 -0.5949823034131581
267 -0.5907366691991067
268 -0.587634310735408
269 -0.5856769753317299
270 -0.5848601245334772
271 -0.5851680074771246
272 -0.5865836086459008
273 -0.5890898883076987
274 -0.5926529540746888
275 -0.5972420833774221
276 -0.6028244818936182
277 -0.6093633430366316
278 -0.6168171683961276
279 -0.625142447008091
280 -0.6342925218293537
281 -0.644226067079627
282 -0.654886486592115
283 -0.6662251782969367
284 -0.6781861011276348
285 -0.6907139696360799
286 -0.7037543361612771
287 -0.7172519239776839
288 -0.7311509208115576
289 -0.7453809415289733
290 -0.7598906656853023
291 -0.7746198231394604
292 -0.7895262284371757
293 -0.804556249807215
294 -0.8196563422946009
295 -0.8347769652907566
296 -0.8498641347206133
297 -0.8648679225477841
298 -0.8797402282362409
299 -0.8944296002959218
300 -0.908889867290391
301 -0.9230892893062805
302 -0.9369808044930272
303 -0.9505234421605651
304 -0.9636730790919272
305 -0.9764004249365337
306 -0.9886877736157943
307 -1.000483934217377
308 -1.011762459518571
309 -1.022494927440286
310 -1.032657028515809
311 -1.042222947114785
312 -1.051179422180146
313 -1.059509594325364
314 -1.067198608730083
315 -1.074234895022381
316 -1.08060564219351
317 -1.086324062976018
318 -1.091360198747838
319 -1.095716847315145
320 -1.099393941565785
321 -1.102392485847405
322 -1.104716672731019
323 -1.106374882698225
324 -1.107373156946616
325 -1.107723005231071
326 -1.107436461055721
327 -1.106528873095951
328 -1.105016501810345
329 -1.102937993599733
330 -1.100289874881739
331 -1.097094407631399
332 -1.093372617420691
333 -1.089149386578334
334 -1.084446280044379
335 -1.07928865319057
336 -1.073703026255695
337 -1.067716981011151
338 -1.061358491379032
339 -1.054656783081111
340 -1.047651633219287
341 -1.040387442367116
342 -1.032868394783129
343 -1.025126775047284
344 -1.017184934147325
345 -1.009091477908541
346 -1.000858334041537
347 -0.9925305358238182
348 -0.9841422587796598
349 -0.975725959964415
350 -0.9673116412431257
351 -0.9589287777999986
352 -0.9506115560280206
353 -0.9423852508024798
354 -0.9342840177384463
355 -0.926335993547551
356 -0.9185702343587308
357 -0.9109768811952821
358 -0.9036208220524377
359 -0.8965439838745535
360 -0.8897514467642566
361 -0.8832654396287917
362 -0.8771083160767527
363 -0.8712916303922607
364 -0.8658425566526838
365 -0.8607786967757235
366 -0.8561179679709244
367 -0.8518765782030181
368 -0.8480672787211431
369 -0.8446996185007571
370 -0.8417878731914025
371 -0.8393427528560129
372 -0.8373723110357979
373 -0.8358968373297272
374 -0.834906473750617
375 -0.8344040660227255
376 -0.8343883045172142
377 -0.8348594583614789
378 -0.8358147642761831
379 -0.8372489124401066
380 -0.8391568817869277
381 -0.8415316567903233
382 -0.8443644746090824
383 -0.8476323923199277
384 -0.8513355824286467
385 -0.8554612414708552
386 -0.8599942922376616
387 -0.8649202152930534
388 -0.8702202510922288
389 -0.8758782033313437
390 -0.8818725394900945
391 -0.8881816765031336
392 -0.8947842731426442
393 -0.9016569114662789
394 -0.9087753289712263
395 -0.9161144808512501
396 -0.9236495626984957
397 -0.9313550774119364
398 -0.9392053178444865
399 -0.9471706881974866
400 -0.9552244112219582
401 -0.9633279037633941
402 -0.9714648080350778
403 -0.9796099912028641
404 -0.9877332095795989
405 -0.9958092276170472
406 -1.00381127965285
407 -1.011713330273795
408 -1.019488819912671
409 -1.027120384041163
410 -1.034607586099851
411 -1.041892421137182
412 -1.048952839000516
413 -1.055764530597867
414 -1.062306255065863
415 -1.068534342611936
416 -1.074458090997865
417 -1.080059368876729
418 -1.085324217320937
419 -1.090237751841364
420 -1.094789233136323
421 -1.098967045238357
422 -1.102763504933886
423 -1.106170983067693
424 -1.109186321008121
425 -1.111802558979484
426 -1.114015168270936
427 -1.115824484728925
428 -1.117229990198296
429 -1.118235902710723
430 -1.118836675092097
431 -1.119043516789873
432 -1.118862910241163
433 -1.118303373409308
434 -1.117367718891715
435 -1.116074127848562
436 -1.114435315534256
437 -1.112465475538689
438 -1.110178937923795
439 -1.107592298754647
440 -1.104743905525853
441 -1.101632303065122
442 -1.098275183821225
443 -1.0946914463337
444 -1.090899164197225
445 -1.086932827167395
446 -1.082801560318133
447 -1.078525259211283
448 -1.074123145002484
449 -1.069595139988109
450 -1.064983789678376
451 -1.060312999858646
452 -1.055605519070762
453 -1.050881428183005
454 -1.046163586161518
455 -1.041485942756766
456 -1.036854481346138
457 -1.032289291940999
458 -1.027810497748669
459 -1.023436464614154
460 -1.019183961424861
461 -1.015070456061243
462 -1.011113580473053
463 -1.00732814025184
464 -1.003728039565085
465 -1.00032737002304
466 -0.997137331487532
467 -0.9941697638500376
468 -0.9914350962037971
469 -0.9889435410618955
470 -0.9867024601344868
471 -0.984709373851546
472 -0.982980440301215
473 -0.9815217387007748
474 -0.9803357909383473
475 -0.9794184996002531
476 -0.9787793124498132
477 -0.9784173613484709
478 -0.9783311267614725
479 -0.9785192173641882
480 -0.9789779559750248
481 -0.9797047578471115
482 -0.9806948572813005
483 -0.9819334605495133
484 -0.9834211525218666
485 -0.9851493894465447
486 -0.9871113610438448
487 -0.9892983959070765
488 -0.9917011258040459
489 -0.9943102205450052
490 -0.9971143439100376
491 -1.000101240681454
492 -1.003261068800706
493 -1.006582063159536
494 -1.010037835192479
495 -1.01363088140013
496 -1.017350149753087
497 -1.021179996633543
498 -1.025107461436296
499 -1.029119733074165
500 -1.033203677783388
501 -1.037345844852159
502 -1.041533371303819
503 -1.045752447613207
504 -1.049990380653405
505 -1.054229311970002
506 -1.058463445644651
507 -1.062679093247184
508 -1.066863292672507
509 -1.071005262715354
510 -1.075143642086338
511 -1.079190650317847
512 -1.083157956123515
513 -1.087036278306227
514 -1.090798005527654
515 -1.094452785736957
516 -1.097989263586519
517 -1.101401113501952
518 -1.104677300792834
519 -1.1078142576768
520 -1.110804675913855
521 -1.113641946214233
522 -1.11632213936153
523 -1.118841350585069
524 -1.121196542416481
525 -1.123384132683878
526 -1.125400406343813
527 -1.127244575518606
528 -1.128915593104388
529 -1.130412032833062
530 -1.131736501740726
531 -1.132888419135008
532 -1.133868702754435
533 -1.134679587827927
534 -1.135323773511489
535 -1.135804453920833
536 -1.136118233976439
537 -1.13627364838012
538 -1.136276972243009
539 -1.136133475167172
540 -1.13584761925578
541 -1.135426155198129
542 -1.134875241239535
543 -1.134200827558818
544 -1.13341137602617
545 -1.132513484261612
546 -1.131516724383825
547 -1.130427783370629
548 -1.129254372988801
549 -1.128003048237985
550 -1.126682099340212
551 -1.125300064163811
552 -1.123866619913613
553 -1.122390308407238
554 -1.120880008183413
555 -1.119345627035509
556 -1.117793056930567
557 -1.116231320032725
558 -1.114688125456315
559 -1.113151233182915
560 -1.111628243264724
561 -1.110126012293298
562 -1.108650426251104
563 -1.107209396943537
564 -1.105811348979462
565 -1.10446342505662
566 -1.103169215175982
567 -1.101936328104253
568 -1.100752409423546
569 -1.099650603874677
570 -1.098627607951824
571 -1.097687982848372
572 -1.096832825750677
573 -1.09606982119767
574 -1.095401790437629
575 -1.094831779031406
576 -1.094362541019036
577 -1.093996461968882
578 -1.093735256628843
579 -1.093580466244219
580 -1.093533728237756
581 -1.09359520867681
582 -1.093763767509391
583 -1.094040396953864
584 -1.094424766358456
585 -1.094916234695421
586 -1.09551274979053
587 -1.09621380077922
588 -1.097016126499801
589 -1.09791708278259
590 -1.098915130261949
591 -1.10000725238797
592 -1.101189918014305
593 -1.102460315474132
594 -1.103816299308623
595 -1.105252275500154
596 -1.106765447931094
597 -1.108351707819548
598 -1.11000605532712
599 -1.11172589309969
600 -1.113505258751417
601 -1.115338553964687
602 -1.117221647519316
603 -1.119149478746831
604 -1.121117634223498
605 -1.123114726353682
606 -1.125141454453995
607 -1.127192821657909
608 -1.129266083380156
609 -1.131353632575469
610 -1.133451909922803
611 -1.135557052900273
612 -1.137662800447201
613 -1.139764846283053
614 -1.14185782888373
615 -1.143935594574476
616 -1.145994585260536
617 -1.148031193653087
618 -1.150040869693746
619 -1.152018693177643
620 -1.153960755095206
621 -1.155864395341431
622 -1.157725143764067
623 -1.159538257547136
624 -1.161301288116138
625 -1.163010831525277
626 -1.164668154769608
627 -1.1662658779145
628 -1.167801909203093
629 -1.169272563133429
630 -1.170677267937354
631 -1.172010311510522
632 -1.173271851548264
633 -1.174460915840015
634 -1.175576375862864
635 -1.17661658710132
636 -1.177580838035312
637 -1.178469133253994
638 -1.179280369995433
639 -1.180014110829402
640 -1.180670657230989
641 -1.18125132776381
642 -1.181757060216662
643 -1.182187958579797
644 -1.182545125617307
645 -1.182828795322026
646 -1.183042909802408
647 -1.18319005621665
648 -1.183271246699884
649 -1.18328808127472
650 -1.183243175144215
651 -1.183139761834751
652 -1.182983185617316
653 -1.182774284218764
654 -1.182514844730709
655 -1.182208797784273
656 -1.181859367724111
657 -1.181469840191512
658 -1.181045726530718
659 -1.180589670783248
660 -1.180106902546287
661 -1.179601806215706
662 -1.179076520065476
663 -1.178534946644781
664 -1.177980883905688
665 -1.177419171067557
666 -1.176852306137244
667 -1.17628442835967
668 -1.17572089249136
669 -1.175165695623682
670 -1.174623165647339
671 -1.174095698069799
672 -1.173587862896262
673 -1.173101640519795
674 -1.172641376357087
675 -1.172210427035374
676 -1.171810358419611
677 -1.17144502661717
678 -1.171116525783038
679 -1.17082962158625
680 -1.170586216790123
681 -1.170388555665501
682 -1.170238474064437
683 -1.170136035567227
684 -1.1700844184003
685 -1.170086095091959
686 -1.170143101642887
687 -1.170257864323149
688 -1.170428997038405
689 -1.170657182895558
690 -1.170942727820437
691 -1.171285733152497
692 -1.171685935294102
693 -1.172144191181174
694 -1.172659321469983
695 -1.173230130517568
696 -1.173854981072012
697 -1.174534811374882
698 -1.175267172701976
699 -1.176052141766484
700 -1.176888193335742
701 -1.177771926581894
702 -1.178702383568741
703 -1.1796767638711
704 -1.180693577508841
705 -1.181749459712086
706 -1.182842323829322
707 -1.183969603198818
708 -1.185129645090054
709 -1.186318410850884
710 -1.187532880517333
711 -1.1887718994272
712 -1.190031250667869
713 -1.19130846969875
714 -1.192600343538945
715 -1.193902866601524
716 -1.195213714392977
717 -1.196529796062128
718 -1.197848307053952
719 -1.199163980302786
720 -1.200474190776949
721 -1.201777491712406
722 -1.203068281607853
723 -1.204344628044181
724 -1.205605428091968
725 -1.206847535772704
726 -1.208067782147729
727 -1.209263550340432
728 -1.210431742698112
729 -1.211570905503473
730 -1.212677010968854
731 -1.213749258231879
732 -1.214786179214152
733 -1.215784083623911
734 -1.216742130458825
735 -1.217657386279458
736 -1.218529692102217
737 -1.219358792195306
738 -1.220144457219674
739 -1.220885215569478
740 -1.221580012695855
741 -1.22222821550753
742 -1.222827456287394
743 -1.223378793905537
744 -1.22388309674317
745 -1.224339232278404
746 -1.224747510865635
747 -1.225110589320239
748 -1.225427161627352
749 -1.225698388552876
750 -1.22592651262619
751 -1.226113406177526
752 -1.226259628415125
753 -1.226366865895485
754 -1.226435074566081
755 -1.226466694238165
756 -1.22646339784413
757 -1.226427274130273
758 -1.226360859868708
759 -1.226265681264275
760 -1.226144715875648
761 -1.225998777455569
762 -1.225831203696581
763 -1.225644900767326
764 -1.225442340797427
765 -1.225224934408106
766 -1.224995191651948
767 -1.224756761064674
768 -1.224510741152241
769 -1.224260071210917
770 -1.224006596846922
771 -1.223754250686928
772 -1.223503516690115
773 -1.22325880288151
774 -1.223022073206714
775 -1.222800778518723
776 -1.222591351968842
777 -1.22239587938569
778 -1.222216737634393
779 -1.222054391147722
780 -1.221910642944061
781 -1.22178683291359
782 -1.221684668562375
783 -1.221606672058435
784 -1.221553481259567
785 -1.221526978694618
786 -1.221526168851206
787 -1.221552918689196
788 -1.221607515581223
789 -1.221691958292936
790 -1.221807009943758
791 -1.221952955130986
792 -1.222128966635511
793 -1.222335728967923
794 -1.222574288219006
795 -1.222843420252054
796 -1.223143474271788
797 -1.223473950497527
798 -1.223833993309881
799 -1.224224171337971
800 -1.224642495010355
801 -1.225088011142594
802 -1.225559827046363
803 -1.226058088903857
804 -1.226582040151369
805 -1.227129404529662
806 -1.227699958914502
807 -1.22829257830513
808 -1.228904524157626
809 -1.229613528059395
810 -1.230254306851652
811 -1.230910263305818
812 -1.231579666197831
813 -1.232261728464978
814 -1.232954800316649
815 -1.23373059089812
816 -1.234425808933778
817 -1.235129428925158
818 -1.235838817062343
819 -1.236551656298192
820 -1.237266819706972
821 -1.237982958054629
822 -1.238697625110482
823 -1.239486913332743
824 -1.24018903594077
825 -1.24088598364661
826 -1.241575881231338
827 -1.242258234389442
828 -1.242932144541627
829 -1.243595613562028
830 -1.244247650799069
831 -1.244886929299693
832 -1.245513334918298
833 -1.246125351338568
834 -1.246720818594401
835 -1.247300738685783
836 -1.247862567259918
837 -1.248405586834354
838 -1.248932812477569
839 -1.249439413835118
840 -1.249927513708475
841 -1.250395463956617
842 -1.25084301031849
843 -1.251269176662381
844 -1.251673904760696
845 -1.252055506603047
846 -1.25241368986811
847 -1.25275164246104
848 -1.253067938957078
849 -1.253362801197385
850 -1.253636755784885
851 -1.25389082388275
852 -1.254125533431167
853 -1.254341292410164
854 -1.254539165392641
855 -1.254719255954391
856 -1.254881821150455
857 -1.255027193541128
858 -1.255155520692719
859 -1.255268187619403
860 -1.255366003764963
861 -1.255449828750965
862 -1.255520005687885
863 -1.25557987422866
864 -1.255630316711815
865 -1.255670825329365
866 -1.255703482260736
867 -1.255727560375989
868 -1.255744146766411
869 -1.255754964089169
870 -1.255759989176933
871 -1.25576048462237
872 -1.255757219585682
873 -1.255752644766473
874 -1.255747153312217
875 -1.255741025281104
876 -1.255735764479991
877 -1.255731685955801
878 -1.255729757324311
879 -1.25572938682169
880 -1.255733086023412
881 -1.255741568671499
882 -1.25575636606138
883 -1.255775856650934
884 -1.255833024784233
885 -1.25586314418106
886 -1.255901486372855
887 -1.255948272457071
888 -1.256004907914056
889 -1.256070367678816
890 -1.2561452996713
891 -1.256229632320748
892 -1.256362184233851
893 -1.256465378799347
894 -1.256579477685686
895 -1.256741620553113
896 -1.256875170350489
897 -1.257019351093698
898 -1.257212926582592
899 -1.257377155900711
900 -1.257591218714712
901 -1.257774718517769
902 -1.258006537915197
903 -1.258209008331495
904 -1.258459701097244
905 -1.258680323503435
906 -1.258950830385901
907 -1.259191594745458
908 -1.259480388193617
909 -1.259737156000521
910 -1.260042924093577
911 -1.260316508104813
912 -1.260599401079908
913 -1.260932651703296
914 -1.261228178184215
915 -1.261573995182388
916 -1.261881030851696
917 -1.262237620042187
918 -1.262555869033883
919 -1.262921805478813
920 -1.26324781776856
921 -1.263579290323055
922 -1.263957517199899
923 -1.264291844918736
924 -1.264671711162824
925 -1.265008219978155
926 -1.265388701178246
927 -1.265725362468538
928 -1.266103615534984
929 -1.266439352612672
930 -1.266813167822607
931 -1.267144135144181
932 -1.267511250113922
933 -1.267871496906252
934 -1.268190806777577
935 -1.268541931247086
936 -1.268884006616097
937 -1.269187062079579
938 -1.269517245034111
939 -1.269839554237462
940 -1.270154504409563
941 -1.270460493745238
942 -1.270756341082498
943 -1.271042508761025
944 -1.27131948495329
945 -1.271587735465963
946 -1.271846220594831
947 -1.272095791124817
948 -1.272336358699215
949 -1.272567366980649
950 -1.272788716220175
951 -1.273002065277066
952 -1.273206375582948
953 -1.273401256113997
954 -1.273587895065502
955 -1.273764290445293
956 -1.273931189459003
957 -1.274089053671829
958 -1.27423759358046
959 -1.274378344027662
960 -1.274509847711958
961 -1.27463337447737
962 -1.27475021913072
963 -1.274860112273524
964 -1.274960955324457
965 -1.27505455533884
966 -1.275141493466251
967 -1.275220092114753
968 -1.275276816276376
969 -1.275344997022703
970 -1.27540747893492
971 -1.275448472295942
972 -1.275503651480604
973 -1.275554199697061
974 -1.275600961252312
975 -1.275628563672143
976 -1.275670905595398
977 -1.275707944427349
978 -1.275741647921703
979 -1.275757654343086
980 -1.275787630251897
981 -1.275815872834651
982 -1.275829911760079
983 -1.275859822191271
984 -1.275888409388961
985 -1.275902783428074
986 -1.275934739942807
987 -1.275965820173768
988 -1.275997062369634
989 -1.276015284144062
990 -1.276052836088772
991 -1.276091700670719
992 -1.276132568944897
993 -1.276176398387617
994 -1.276210000263194
995 -1.276262762985621
996 -1.276318397064079
997 -1.276377953580942
998 -1.276441220952898
999 -1.276508508639142
1000 -1.276580057484944
1001 -1.276656431738521
1002 -1.276737711610972
1003 -1.276823353868581
1004 -1.276914024191636
1005 -1.277009967666037
1006 -1.277112256082911
1007 -1.277218337617216
1008 -1.277329013528121
1009 -1.277444969507495
1010 -1.277566160385693
1011 -1.277692791719791
1012 -1.277824246218813
1013 -1.277960568653364
1014 -1.278102227926295
1015 -1.278248538727724
1016 -1.27839909018899
1017 -1.278553367548825
1018 -1.278711905139009
1019 -1.27887306950992
1020 -1.279037245218095
1021 -1.279205033783664
1022 -1.279377508142533
1023 -1.279552201462649
1024 -1.279729252272909
1025 -1.279908401783826
1026 -1.280089575353728
1027 -1.280271989714931
1028 -1.280455552882673
1029 -1.280639686577985
1030 -1.280824864954556
1031 -1.281009930419584
1032 -1.281195542330599
1033 -1.281380971250858
1034 -1.281565167609318
1035 -1.281747859289114
1036 -1.281931179235964
1037 -1.282113705603634
1038 -1.282293569767046
1039 -1.282471964536958
1040 -1.282647111306966
1041 -1.282820166912609
1042 -1.282991263429084
1043 -1.28315854427469
1044 -1.283322511475953
1045 -1.283482359062121
1046 -1.283638925328957
1047 -1.283792296933587
1048 -1.283941317870481
1049 -1.284086450388103
1050 -1.284227490395971
1051 -1.284363733503694
1052 -1.284496049532454
1053 -1.284622453491789
1054 -1.284744309639046
1055 -1.284861679245615
1056 -1.284974415864737
1057 -1.285081881128863
1058 -1.285184511898001
1059 -1.285282415769373
1060 -1.285376050439233
1061 -1.285465148501679
1062 -1.285549685496818
1063 -1.285629214803862
1064 -1.285703426904303
1065 -1.285773653769585
1066 -1.285838746110535
1067 -1.285900651298211
1068 -1.285957163361337
1069 -1.28600938430302
1070 -1.286058295527992
1071 -1.286104676943903
1072 -1.286147875435263
1073 -1.286187293241404
1074 -1.286223551779744
1075 -1.28625649549859
1076 -1.286286449350339
1077 -1.28631445706022
1078 -1.286339087052948
1079 -1.286361858216801
1080 -1.286383115371234
1081 -1.286403510140977
1082 -1.286422445615443
1083 -1.286440191160696
1084 -1.286456569244912
1085 -1.286472214007824
1086 -1.286487012861752
1087 -1.28650202913894
1088 -1.286515752720618
1089 -1.286528422861602
1090 -1.286541312694874
1091 -1.286555720796534
1092 -1.28657089430615
1093 -1.28657732620059
1094 -1.286596630749071
1095 -1.286616316486838
1096 -1.28663630708556
1097 -1.286646423857829
1098 -1.28667221641436
1099 -1.286697855314161
1100 -1.286723728151615
1101 -1.286739933418651
1102 -1.286771462280069
1103 -1.286804565914408
1104 -1.286827546990979
1105 -1.28686696500866
1106 -1.286894560668338
1107 -1.286938754254413
1108 -1.286983538162152
1109 -1.287016018716114
1110 -1.287064630245504
1111 -1.287101146020429
1112 -1.287155977846025
1113 -1.287198230765195
1114 -1.287258874042248
1115 -1.287319794275994
1116 -1.28736853197122
1117 -1.287433837421422
1118 -1.287486392294046
1119 -1.287554708467799
1120 -1.287607201042563
1121 -1.287676268570412
1122 -1.287732766066496
1123 -1.28780780221275
1124 -1.287868241761699
1125 -1.287946243944885
1126 -1.28800875879775
1127 -1.288088676963341
1128 -1.288154260098416
1129 -1.288235375886955
1130 -1.288301183497203
1131 -1.288382226541157
1132 -1.288448240358355
1133 -1.288515696475765
1134 -1.288599219643883
1135 -1.288666689789671
1136 -1.288750147505186
1137 -1.288818030526697
1138 -1.288901132304231
1139 -1.28896738613178
1140 -1.289047021413994
1141 -1.289111641239259
1142 -1.289175747737213
1143 -1.289253019741983
1144 -1.28931435910512
1145 -1.289388089917495
1146 -1.289446955205963
1147 -1.289518082756103
1148 -1.289574174014602
1149 -1.289641609720793
1150 -1.289693753877356
1151 -1.289757124409475
1152 -1.289806463061499
1153 -1.289865101090053
1154 -1.289908969888153
1155 -1.289963573775152
1156 -1.290003478501443
1157 -1.290053384878795
1158 -1.290089117474515
1159 -1.29013431605851
1160 -1.290165962185048
1161 -1.290206095405008
1162 -1.290233689128945
1163 -1.290270102669109
1164 -1.290293297458973
1165 -1.290325531880434
1166 -1.290344422985554
1167 -1.290371797192813
1168 -1.290386477371555
1169 -1.290409319361373
1170 -1.290419736595371
1171 -1.290438791172281
1172 -1.290445747668659
1173 -1.290460364234576
1174 -1.290462591401357
1175 -1.290473324635512
1176 -1.290472623243902
1177 -1.290479547783705
1178 -1.290476192251861
1179 -1.290480919455129
1180 -1.290474065782617
1181 -1.290475644528864
1182 -1.290467185924764
1183 -1.290465729944695
1184 -1.290453116088727
1185 -1.29044923230739
1186 -1.2904356179525
1187 -1.290421929365895
1188 -1.29041738918432
1189 -1.290403399526515
1190 -1.290397114714767
1191 -1.290380750383541
1192 -1.290373816700175
1193 -1.290357562344294
1194 -1.290341933327956
1195 -1.29033428319876
1196 -1.290317339874977
1197 -1.290300396777757
1198 -1.290284830747411
1199 -1.290279820851356
1200 -1.290265269831497
1201 -1.290252054704783
1202 -1.290239564305521
1203 -1.290236858677268
1204 -1.290224138797619
1205 -1.290212779873909
1206 -1.290202955411682
1207 -1.290194101933301
1208 -1.290194373180021
1209 -1.290184890583602
1210 -1.290176822123719
1211 -1.290170592545387
1212 -1.290166199213409
1213 -1.290162855464125
1214 -1.290160934739436
1215 -1.290160120751637
1216 -1.290160224055622
1217 -1.290160750054105
1218 -1.290162589823296
1219 -1.290164104788742
1220 -1.290166045049568
1221 -1.290170024094737
1222 -1.290175154598845
1223 -1.290180663144064
1224 -1.290187045582843
1225 -1.290194485914727
1226 -1.290203123531521
1227 -1.290211824379018
1228 -1.29022134788319
1229 -1.290230267474601
1230 -1.290238996090415
1231 -1.290248283243322
1232 -1.290257708641877
1233 -1.290268053235003
1234 -1.290277795515506
1235 -1.290288780659125
1236 -1.290300101572991
1237 -1.290311980854317
1238 -1.290324532185466
1239 -1.290335276899266
1240 -1.290345420221275
1241 -1.290355154529634
1242 -1.290364127556765
1243 -1.290372662807273
1244 -1.290380532043102
1245 -1.290388390450701
1246 -1.290396255149733
1247 -1.290404379415462
1248 -1.290411617341579
1249 -1.290417782311226
1250 -1.290423254252372
1251 -1.290428377945393
1252 -1.290432140285048
1253 -1.290434767764486
1254 -1.290435329073039
1255 -1.290434032398718
1256 -1.29043166974575
1257 -1.290429622742396
1258 -1.290426387181022
1259 -1.290422095532948
1260 -1.290416392707489
1261 -1.290409025384705
1262 -1.290400545073394
1263 -1.290391066606994
1264 -1.29037925473472
1265 -1.290365609915022
1266 -1.290350089500016
1267 -1.290333819053248
1268 -1.29031636039215
1269 -1.290297787622094
1270 -1.290278109789562
1271 -1.29025840096115
1272 -1.290236221529587
1273 -1.290212865581953
1274 -1.290188104042682
1275 -1.290162886709274
1276 -1.290135459191024
1277 -1.290105648814292
1278 -1.290074003809955
1279 -1.290042257572116
1280 -1.290009368799515
1281 -1.289977033109503
1282 -1.289943835428797
1283 -1.289909521839471
1284 -1.289874282420588
1285 -1.28983784642837
1286 -1.289800243954225
1287 -1.289761682937561
1288 -1.28972274391939
1289 -1.289683628231577
1290 -1.28964397676736
1291 -1.289603517835166
1292 -1.289562420392816
1293 -1.289520996454959
1294 -1.28948003822209
1295 -1.289438008746463
1296 -1.289396942959845
1297 -1.289355522146695
1298 -1.2893139518328
1299 -1.289271801978807
1300 -1.289230099674863
1301 -1.289189090459254
1302 -1.28914774379053
1303 -1.289106964090136
1304 -1.289066505494201
1305 -1.289025552068989
1306 -1.288989512983022
1307 -1.28894875276628
1308 -1.288907131672968
1309 -1.28886573867599
1310 -1.288824872942266
1311 -1.288784292494631
1312 -1.288744698308051
1313 -1.288711376578994
1314 -1.288672668296891
1315 -1.288634212174344
1316 -1.288596115310919
1317 -1.288558770001195
1318 -1.288527319563216
1319 -1.288489646267623
1320 -1.288451768507654
1321 -1.288414542271213
1322 -1.28837758700196
1323 -1.288342528265975
1324 -1.288312426787258
1325 -1.288277325308053
1326 -1.288243410044064
1327 -1.288210323015637
1328 -1.288177228087089
1329 -1.288148399887436
1330 -1.288114374655226
1331 -1.288079991063456
1332 -1.288050766220447
1333 -1.288017534693617
1334 -1.28798535049214
1335 -1.287952495422941
1336 -1.287920215552663
1337 -1.287891302918075
1338 -1.287857356144826
1339 -1.287825139149413
1340 -1.287796834212362
1341 -1.287762731443671
1342 -1.287733866202123
1343 -1.287700071973949
1344 -1.287666627024867
1345 -1.287637015118921
1346 -1.287603185476984
1347 -1.287573187359473
1348 -1.287538276874091
1349 -1.28750687303152
1350 -1.287471576002835
1351 -1.287439163882145
1352 -1.287401996218137
1353 -1.28736696969208
1354 -1.28732777364536
1355 -1.287294032569783
1356 -1.287258586324499
1357 -1.287219550220083
1358 -1.287183436966634
1359 -1.287146789927491
1360 -1.28710750397584
1361 -1.287070839117712
1362 -1.287029306395143
1363 -1.286990329315491
1364 -1.28694813179994
1365 -1.286908996805781
1366 -1.286868028421394
1367 -1.286824594088533
1368 -1.286783786957996
1369 -1.286740976174433
1370 -1.286697185661035
1371 -1.286650592285063
1372 -1.286605710588413
1373 -1.286560695469533
1374 -1.286513037019489
1375 -1.286466828318817
1376 -1.286419932198107
1377 -1.286372738084492
1378 -1.28632493150099
1379 -1.286276374956023
1380 -1.28622804794508
1381 -1.286178870773145
1382 -1.286128604321391
1383 -1.286077280623164
1384 -1.286025257407992
1385 -1.285973268244638
1386 -1.285920899029171
1387 -1.285868280510206
1388 -1.285815862624334
1389 -1.285763180574351
1390 -1.285709518601243
1391 -1.285655821488795
1392 -1.285602453716015
1393 -1.285548809641034
1394 -1.285494451643661
1395 -1.285440110981032
1396 -1.285385190181058
1397 -1.285329489181196
1398 -1.285273549044204
1399 -1.285217573012971
1400 -1.285161372777231
1401 -1.285106047200234
1402 -1.285050222378024
1403 -1.284994304746017
1404 -1.284938526673757
1405 -1.284883291182166
1406 -1.284827106964914
1407 -1.284769860473303
1408 -1.284712697339289
1409 -1.284654639529224
1410 -1.284595877822799
1411 -1.284538213948101
1412 -1.284479775835014
1413 -1.284421874766381
1414 -1.284364039319202
1415 -1.284305846524723
1416 -1.284247258674173
1417 -1.2841888337132
1418 -1.284130350134525
1419 -1.284071554384751
1420 -1.284013384606866
1421 -1.283954826224707
1422 -1.2838957225853
1423 -1.283836901061504
1424 -1.283778338430216
1425 -1.283719205823668
1426 -1.283660296709922
1427 -1.283601767155268
1428 -1.283542822535269
1429 -1.283484023278625
1430 -1.283426069949768
1431 -1.283368187066905
1432 -1.283311043459168
1433 -1.283254570620859
1434 -1.28319782644295
1435 -1.283141458407188
1436 -1.283084579796205
1437 -1.283028393908084
1438 -1.282971881454801
1439 -1.282914732710531
1440 -1.282857496757519
1441 -1.282800457322054
1442 -1.282743576896252
1443 -1.282688747446154
1444 -1.282633261995068
1445 -1.28257799397814
1446 -1.282522693089975
1447 -1.282467626909937
1448 -1.282412612414731
1449 -1.282357383592659
1450 -1.282301677263469
1451 -1.282246384337841
1452 -1.282191396301022
1453 -1.282137904760032
1454 -1.28208357148606
1455 -1.282029151726056
1456 -1.281974523325483
1457 -1.281919687039919
1458 -1.28186486275147
1459 -1.281809948971903
1460 -1.281754555847752
1461 -1.281698433739363
1462 -1.281642588598916
1463 -1.28158642548724
1464 -1.281529876658418
1465 -1.281473388442373
1466 -1.281416786738889
1467 -1.281359753164913
1468 -1.281302614953082
1469 -1.281245391871374
1470 -1.281188130706724
1471 -1.281130436514966
1472 -1.281071532973392
1473 -1.281011988691374
1474 -1.280952458794584
1475 -1.280893128787359
1476 -1.280833216890571
1477 -1.280773248830591
1478 -1.280712482031964
1479 -1.280651233236769
1480 -1.280589609678584
1481 -1.280526602036991
1482 -1.280463524879823
1483 -1.28040035340525
1484 -1.280335870895826
1485 -1.280270708951337
1486 -1.280205908189235
1487 -1.280140876333727
1488 -1.280075638511725
1489 -1.280010235614127
1490 -1.279944908695512
1491 -1.279878769782895
1492 -1.279812104558624
1493 -1.279744431662387
1494 -1.27967652836356
1495 -1.279608322411995
1496 -1.279540028508555
1497 -1.279471608137089
1498 -1.279401728845786
1499 -1.27933220921593
1500 -1.279262590831585
1501 -1.279193220952296
1502 -1.279123496488193
1503 -1.27905399641718
1504 -1.27898304957808
1505 -1.278912068943565
1506 -1.278840851797932
1507 -1.27877030659376
1508 -1.278699283433878
1509 -1.278628720922384
1510 -1.278558271126172
1511 -1.278488164146845
1512 -1.278418979315129
1513 -1.278348752154685
1514 -1.278277854399471
1515 -1.278206939920751
1516 -1.278136699999606
1517 -1.278066624534264
1518 -1.277995971360177
1519 -1.277925851921692
1520 -1.277855566189055
1521 -1.277785446620209
1522 -1.277715850436822
1523 -1.277646687546034
1524 -1.277577764762452
1525 -1.277509737595958
1526 -1.277441781390184
1527 -1.277374470681933
1528 -1.27730696770747
1529 -1.277239961433705
1530 -1.277173495127211
1531 -1.277106453187479
1532 -1.277039682049895
1533 -1.27697339603492
1534 -1.276906871268354
1535 -1.276840433727688
1536 -1.276775086212498
1537 -1.276709298035651
1538 -1.276644406598219
1539 -1.276579311891565
1540 -1.276515617581516
1541 -1.276452668722922
1542 -1.276389140688723
1543 -1.276325750427423
1544 -1.276262401805035
1545 -1.276200027640929
1546 -1.276137098656235
1547 -1.276074439462583
1548 -1.276011172291359
1549 -1.275948850361334
1550 -1.275886941468088
1551 -1.275825068680357
1552 -1.275763758896898
1553 -1.275701689026042
1554 -1.275639667121223
1555 -1.275577255855749
1556 -1.275515766078023
1557 -1.275453800259766
1558 -1.275391871057395
1559 -1.275330655950359
1560 -1.275270043846765
1561 -1.275209396238506
1562 -1.27514779174032
1563 -1.275086618592791
1564 -1.275024609329876
1565 -1.274962264890371
1566 -1.274900105239726
1567 -1.274838934367665
1568 -1.274777644850721
1569 -1.274715479417139
1570 -1.274652759805059
1571 -1.274589588857781
1572 -1.274526632419923
1573 -1.274463982203568
1574 -1.274401723684077
1575 -1.274338824666008
1576 -1.274276220293934
1577 -1.274213181073564
1578 -1.27415035021669
1579 -1.274086384068423
1580 -1.274022323835178
1581 -1.27395875549943
1582 -1.273894614237238
1583 -1.273829575449006
1584 -1.273765603051769
1585 -1.273699957072408
1586 -1.273633712309101
1587 -1.273568253833892
1588 -1.273503417979929
1589 -1.273438390163466
1590 -1.273372744362733
1591 -1.273307118354239
1592 -1.273240765218863
1593 -1.273175140361092
1594 -1.273108225236036
1595 -1.273041446099584
1596 -1.27297340958125
1597 -1.272905963675685
1598 -1.272838686944952
1599 -1.272771590225507
1600 -1.272703969115582
1601 -1.272637276797602
1602 -1.272568547903704
1603 -1.272499962297387
1604 -1.272432252460904
1605 -1.272363877367233
1606 -1.272295570534632
1607 -1.272227276452712
1608 -1.272159245036882
1609 -1.272091084668597
1610 -1.272022846528556
1611 -1.271955055269867
1612 -1.271887627130157
1613 -1.27181967929226
1614 -1.271751670511901
1615 -1.271683940351895
1616 -1.271616431110159
1617 -1.271547513948725
1618 -1.271478872169623
1619 -1.271411289416473
1620 -1.27134374592926
1621 -1.271276471596988
1622 -1.271210436024788
1623 -1.27114394021523
1624 -1.271078278242417
1625 -1.271011529565412
1626 -1.270945228347645
1627 -1.27087852837005
1628 -1.270811939694326
1629 -1.270746961595861
1630 -1.270680646870686
1631 -1.270615143470649
1632 -1.270549413217347
1633 -1.27048448556155
1634 -1.27041834056229
1635 -1.270352117716878
1636 -1.270286831642518
1637 -1.270221874817726
1638 -1.270158225383711
1639 -1.270094680404154
1640 -1.270029853662321
1641 -1.26996707224921
1642 -1.269902739952512
1643 -1.269838539707317
1644 -1.269774384316309
1645 -1.269710778862329
1646 -1.269646986215215
1647 -1.269582544418602
1648 -1.269518811923809
1649 -1.269454196469385
1650 -1.269390597929507
1651 -1.269326379730346
1652 -1.269263113711747
1653 -1.269199872379212
1654 -1.269137427501533
1655 -1.26907443614182
1656 -1.269012643759268
1657 -1.268951351957847
1658 -1.268889718305573
1659 -1.268826996332305
1660 -1.268765371167049
1661 -1.268703424906358
1662 -1.268643258046811
1663 -1.268581188448999
1664 -1.268519869608021
1665 -1.268458393099524
1666 -1.268397337787844
1667 -1.268336102016927
1668 -1.268276622176752
1669 -1.268216589392159
1670 -1.268157464068127
1671 -1.268098720763795
1672 -1.268040017045034
1673 -1.267981966877011
1674 -1.267923481937911
1675 -1.267864187644845
1676 -1.267806567067803
1677 -1.267747158774807
1678 -1.267689075161917
1679 -1.267630945881265
1680 -1.267572877823127
1681 -1.267513986112694
1682 -1.267456806730495
1683 -1.267397829243767
1684 -1.267339858777876
1685 -1.267281489564838
1686 -1.267225598691203
1687 -1.267167878397899
1688 -1.267111624181399
1689 -1.267054011115669
1690 -1.266997221817556
1691 -1.2669400171409
1692 -1.266882753652436
1693 -1.26682631251716
1694 -1.266768910068194
1695 -1.266710125991944
1696 -1.266652497243776
1697 -1.266594295753466
1698 -1.266537728560226
1699 -1.266479741413106
1700 -1.266422373786018
1701 -1.266365160267068
1702 -1.266309187542558
1703 -1.266251797787463
1704 -1.26619617811329
1705 -1.266138749468149
1706 -1.266081778530632
1707 -1.266023857045054
1708 -1.265967551139473
1709 -1.265909751675076
1710 -1.265853588811027
1711 -1.265794696538351
1712 -1.265736935139069
1713 -1.265678814589375
1714 -1.26562174460237
1715 -1.265563143150649
1716 -1.265505900091863
1717 -1.265447551378484
1718 -1.265390602002281
1719 -1.265332301780375
1720 -1.265275928427846
1721 -1.265218149297988
1722 -1.265161507812595
1723 -1.265102299148599
1724 -1.265045234556782
1725 -1.264986590708366
1726 -1.264928868440428
1727 -1.264869449640281
1728 -1.264811479874292
1729 -1.264753468521958
1730 -1.26469649234618
1731 -1.264638465083921
1732 -1.264580891653387
1733 -1.264523406891149
1734 -1.264467109494945
1735 -1.264410340134825
1736 -1.264354170058136
1737 -1.264296042186014
1738 -1.264238999019877
1739 -1.264182435278912
1740 -1.264126411537695
1741 -1.264069377268927
1742 -1.264014269983012
1743 -1.263957347786186
1744 -1.26390172795931
1745 -1.26384692710779
1746 -1.263790825017904
1747 -1.263734628476134
1748 -1.263680383075705
1749 -1.263624609030503
1750 -1.263569940526176
1751 -1.263514985067852
1752 -1.263461637215206
1753 -1.263407556535549
1754 -1.263355499895902
1755 -1.263302625921727
1756 -1.26324999941473
1757 -1.263197158339932
1758 -1.263145072219769
1759 -1.263092391743946
1760 -1.263041904171921
1761 -1.262990571375253
1762 -1.262939186552955
1763 -1.262886853883087
1764 -1.262836289371072
1765 -1.262785000548228
1766 -1.262735258734502
1767 -1.262684730035698
1768 -1.262636257517113
1769 -1.262587263490467
1770 -1.262539259526062
1771 -1.262491133644643
1772 -1.262443339914311
1773 -1.262394058263415
1774 -1.262346727337441
1775 -1.262299285663713
1776 -1.262251291288087
1777 -1.262202841525868
1778 -1.262155788239764
1779 -1.262109246150764
1780 -1.262063235582202
1781 -1.262017649899007
1782 -1.261973572045445
1783 -1.261927851365877
1784 -1.261883846642179
1785 -1.261838177250043
1786 -1.261794045590101
1787 -1.261748768747623
1788 -1.261705823608978
1789 -1.26166104569513
1790 -1.261617359031344
1791 -1.261573140949062
1792 -1.261530108972127
1793 -1.261487107869035
1794 -1.261443905415138
1795 -1.261400270516944
1796 -1.261356424779064
1797 -1.261313638962141
1798 -1.261270201458124
1799 -1.261225923425678
1800 -1.261183211294199
1801 -1.261140215390967
1802 -1.261097927353881
1803 -1.261055136195151
1804 -1.261012950186185
1805 -1.260969768286801
1806 -1.260928151367937
1807 -1.260885043784083
1808 -1.260842543820389
1809 -1.26079996587474
1810 -1.260757353314414
1811 -1.260712973629716
1812 -1.260669696642151
1813 -1.260626957247421
1814 -1.260584685831459
1815 -1.260541649907529
1816 -1.260499578571531
1817 -1.260457779530525
1818 -1.260415754855684
1819 -1.260373618104981
1820 -1.260331729680416
1821 -1.260288792729549
1822 -1.260246435315782
1823 -1.260203511523843
1824 -1.260161259965585
1825 -1.260118979706565
1826 -1.260077852633485
1827 -1.260035393973111
1828 -1.259993943958785
1829 -1.259952486275786
1830 -1.25991168719019
1831 -1.259870489254386
1832 -1.259828553273536
1833 -1.259785995919101
1834 -1.25974463651541
1835 -1.259703674414693
1836 -1.259663828535587
1837 -1.259622360788516
1838 -1.259582155712013
1839 -1.259541547879276
1840 -1.259502024134329
1841 -1.25946176264536
1842 -1.259422367741229
1843 -1.259380681064948
1844 -1.259340548565523
1845 -1.259300732771466
1846 -1.259261607593923
1847 -1.259221715994646
1848 -1.25918305345285
1849 -1.259143864953298
1850 -1.259106058221938
1851 -1.259067576650101
1852 -1.259029732892355
1853 -1.258990367094405
1854 -1.258952284806909
1855 -1.258913715633574
1856 -1.25887630562712
1857 -1.258839096757153
1858 -1.258801689299641
1859 -1.258764439297397
1860 -1.258728809144734
1861 -1.258691899021847
1862 -1.25865526835505
1863 -1.258618722910603
1864 -1.258583479762464
1865 -1.25854778411131
1866 -1.25851300284173
1867 -1.258476752766651
1868 -1.25844209908636
1869 -1.258406615388657
1870 -1.258372319307349
1871 -1.258337991265478
1872 -1.25830466688488
1873 -1.258269266103561
1874 -1.258235193850138
1875 -1.258202188520325
1876 -1.258169199478615
1877 -1.25813576044902
1878 -1.258103659055541
1879 -1.258070776633925
1880 -1.258039769525273
1881 -1.258008122773526
1882 -1.257976727657006
1883 -1.257944958639879
1884 -1.257914517281372
1885 -1.257883362819808
1886 -1.257853011513666
1887 -1.257821934511629
1888 -1.257791304003288
1889 -1.257760347714464
1890 -1.257731642332339
1891 -1.257701036584929
1892 -1.257671419226714
1893 -1.257642045132716
1894 -1.257613449067884
1895 -1.257584272463442
1896 -1.25755660064578
1897 -1.257528495116109
1898 -1.257500336519267
1899 -1.257473383589513
1900 -1.257444914799208
1901 -1.257417668262784
1902 -1.257390284674866
1903 -1.257361139249023
1904 -1.257333532794254
1905 -1.257307082533484
1906 -1.257280605627685
1907 -1.257253099701707
1908 -1.25722584940066
1909 -1.257199737462497
1910 -1.257174027824365
1911 -1.257147906353095
1912 -1.257121772339569
1913 -1.257096337844215
1914 -1.257071469946475
1915 -1.257045993001769
1916 -1.257020871502178
1917 -1.256995293858622
1918 -1.256968785886709
1919 -1.256942709190554
1920 -1.256918099276973
1921 -1.256893071602463
1922 -1.256867285172893
1923 -1.256842236877703
1924 -1.256817311713399
1925 -1.256792580678044
1926 -1.256768197540068
1927 -1.256743875223647
1928 -1.256720389348268
1929 -1.256696510384883
1930 -1.256672521046744
1931 -1.256648751628755
1932 -1.256624351634388
1933 -1.25659960666927
1934 -1.256575531197352
1935 -1.256552743439274
1936 -1.25652950473431
1937 -1.256505485363286
1938 -1.256481244201043
1939 -1.256457327934163
1940 -1.256434532644792
1941 -1.256411954174554
1942 -1.256389463241975
1943 -1.256367125715063
1944 -1.256345027257278
1945 -1.256322522082605
1946 -1.256300176539949
1947 -1.256277933391499
1948 -1.256255411570572
1949 -1.256233678466652
1950 -1.256212227631992
1951 -1.256190717851441
1952 -1.256170050920517
1953 -1.256148102301174
1954 -1.256126371150092
1955 -1.256105900310447
1956 -1.256086122774486
1957 -1.256065695096521
1958 -1.256045627832422
1959 -1.256025452907369
1960 -1.256004926080994
1961 -1.255985023009334
1962 -1.255965717787198
1963 -1.255945252507916
1964 -1.255924683517416
1965 -1.255905256341434
1966 -1.255886402020281
1967 -1.255867643710175
1968 -1.255849057749281
1969 -1.255830708810341
1970 -1.255813284823656
1971 -1.255796185769985
1972 -1.25577735251478
1973 -1.255758823664179
1974 -1.255741682716589
1975 -1.255723805169484
1976 -1.255705894196397
1977 -1.255688532936022
1978 -1.255671408638428
1979 -1.255654102642966
1980 -1.255637810579769
1981 -1.255619895721193
1982 -1.255602451568097
1983 -1.255585550273521
1984 -1.255570122431792
1985 -1.255554109749862
1986 -1.255538032575583
1987 -1.255522422913565
1988 -1.255507186069271
1989 -1.255491482774617
1990 -1.255475904069366
1991 -1.255460673297638
1992 -1.255445229723894
1993 -1.255430460421032
1994 -1.255415382055937
1995 -1.255400612926329
1996 -1.255385791025059
1997 -1.255371810416511
1998 -1.25535818316812
1999 -1.255344260481287
2000 -1.255331015636691
2001 -1.255318299558032
2002 -1.255305632238764
2003 -1.255292753773647
2004 -1.255279392190423
2005 -1.255266310187706
2006 -1.255252870240879
2007 -1.255239486147503
2008 -1.255227082205324
2009 -1.255214436147041
2010 -1.255202726280748
2011 -1.255191356722149
2012 -1.255180247796217
2013 -1.25516916992573
2014 -1.255158047032658
2015 -1.255147686868837
2016 -1.255137528615532
2017 -1.255127083713028
2018 -1.255114633172461
2019 -1.255102681511081
2020 -1.255091235312785
2021 -1.255081569386229
2022 -1.255070767854824
2023 -1.255060701358358
2024 -1.255051950082297
2025 -1.255043260585031
2026 -1.255035495608964
2027 -1.255026335707345
2028 -1.255017088569701
2029 -1.255007248004749
2030 -1.254999362391229
2031 -1.254991041163547
2032 -1.254980762149744
2033 -1.254971029922225
2034 -1.254962363263702
2035 -1.254955947923947
2036 -1.254948079658028
2037 -1.254941021451223
2038 -1.254934782933358
2039 -1.254927616064228
2040 -1.254920251045036
2041 -1.254912455762811
2042 -1.25490518322043
2043 -1.254898100490516
2044 -1.254890131560667
2045 -1.254882226833342
2046 -1.254874442347118
2047 -1.254867573064414
2048 -1.254861379046353
2049 -1.254856540896404
2050 -1.254851151653624
2051 -1.254846026650396
2052 -1.254841418261394
2053 -1.254836334470101
2054 -1.254830670951446
2055 -1.254825624152862
2056 -1.254818320887917
2057 -1.254812184922313
2058 -1.254806525851615
2059 -1.254802561351353
2060 -1.254798333308276
2061 -1.254794248673172
2062 -1.254789544209252
2063 -1.254785288534977
2064 -1.254780730608539
2065 -1.254777492175745
2066 -1.254774365271872
2067 -1.254770056588297
2068 -1.254764496046772
2069 -1.254759599049021
2070 -1.254755388338114
2071 -1.254752604823554
2072 -1.2547499868076
2073 -1.254747350691502
2074 -1.254745067677523
2075 -1.254742491218879
2076 -1.254741360024748
2077 -1.25473729901395
2078 -1.254733466423068
2079 -1.254730812806644
2080 -1.254727282108719
2081 -1.254724960925763
2082 -1.254721535303297
2083 -1.254719051154266
2084 -1.254717068360157
2085 -1.254715517209435
2086 -1.254715446670317
2087 -1.254713804500936
2088 -1.254712150718502
2089 -1.254710461513095
2090 -1.254709348423618
2091 -1.254709403529833
2092 -1.254707595563589
2093 -1.254706175215686
2094 -1.254705290284361
2095 -1.254705220591328
2096 -1.254704630108028
2097 -1.254703038114229
2098 -1.25470106542995
2099 -1.254699721072404
2100 -1.254700072299898
2101 -1.254698695020932
2102 -1.254699346626193
2103 -1.2546995996874
2104 -1.254700716535381
2105 -1.254700248112763
2106 -1.254700078632602
2107 -1.254697622131882
2108 -1.254700936832564
2109 -1.254701824719593
2110 -1.254702116605641
2111 -1.254702523700801
2112 -1.254703267545778
2113 -1.254704724265159
2114 -1.254707223718853
2115 -1.254709939366546
2116 -1.25471273257735
2117 -1.254715009087114
2118 -1.25471560246506
2119 -1.254716325273333
2120 -1.25471757657486
2121 -1.254720160403868
2122 -1.254723981497867
2123 -1.254726819630902
2124 -1.254729661016878
2125 -1.254732397006162
2126 -1.254733581071796
2127 -1.254737469325984
2128 -1.254740506950057
2129 -1.254743611745621
2130 -1.254746249319153
2131 -1.254749193809174
2132 -1.254752988225948
2133 -1.254756736217052
2134 -1.254760731812119
2135 -1.254765095342447
2136 -1.254770468385186
2137 -1.254775698169876
2138 -1.254779258473884
2139 -1.254784705191277
2140 -1.254789053715029
2141 -1.2547940660421
2142 -1.254795683454235
2143 -1.254800087183615
2144 -1.254806109875487
2145 -1.254813620138042
2146 -1.254818369066882
2147 -1.254825507520359
2148 -1.254832606973298
2149 -1.254839445208969
2150 -1.254845898543723
2151 -1.254851908016247
2152 -1.254858517625631
2153 -1.254866195570662
2154 -1.254871716617695
2155 -1.254877643299802
2156 -1.25488447378543
2157 -1.254892639079406
2158 -1.254900892231879
2159 -1.25490904985172
2160 -1.254916965598488
2161 -1.254925244126226
2162 -1.254933741057992
2163 -1.254940743304655
2164 -1.254947764680264
2165 -1.254955435439757
2166 -1.254962657511127
2167 -1.254970557298811
2168 -1.254979248800265
2169 -1.254988908421983
2170 -1.254998162431483
2171 -1.2550069260593
2172 -1.255016597618821
2173 -1.255026006344988
2174 -1.255035586989547
2175 -1.255044417238773
2176 -1.255053495236827
2177 -1.255062528637112
2178 -1.255071318058694
2179 -1.255080088840166
2180 -1.255089924258583
2181 -1.255100238219326
2182 -1.255110476877104
2183 -1.255121946171292
2184 -1.255132643598013
2185 -1.255143621360906
2186 -1.255154230636534
2187 -1.255166412248649
2188 -1.255177818832849
2189 -1.25518669869451
2190 -1.255195973687558
2191 -1.255205925952494
2192 -1.255217662874121
2193 -1.255231566333337
2194 -1.255243600489459
2195 -1.255256585946794
2196 -1.25526841123898
2197 -1.255280274251359
2198 -1.255291263585451
2199 -1.255301834312503
2200 -1.25531254269764
2201 -1.255325500402128
2202 -1.255337402499959
2203 -1.255348430755135
2204 -1.255360992596689
2205 -1.255373932850256
2206 -1.255387650371581
2207 -1.255402507146632
2208 -1.255415727390414
2209 -1.255427249583311
2210 -1.255439207531133
2211 -1.255453551150799
2212 -1.255467514970662
2213 -1.255479620840607
2214 -1.255493087620004
2215 -1.255504572376272
2216 -1.255517831470675
2217 -1.255531776918893
2218 -1.255546236015039
2219 -1.255560200643363
2220 -1.255574109320572
2221 -1.255588841825633
2222 -1.255601487313886
2223 -1.255614379461039
2224 -1.255628632741332
2225 -1.25564412188119
2226 -1.255659065517194
2227 -1.255672496690523
2228 -1.255686816037474
2229 -1.255701376566107
2230 -1.255716439978367
2231 -1.255733153711953
2232 -1.255748889809213
2233 -1.255764133407997
2234 -1.25577963726775
2235 -1.255795072595997
2236 -1.255809090454777
2237 -1.255823973478116
2238 -1.255838965121068
2239 -1.255853835029919
2240 -1.255870141334425
2241 -1.25588689686558
2242 -1.255905338610504
2243 -1.255921767664724
2244 -1.255938944439089
2245 -1.255954905029952
2246 -1.255970508133242
2247 -1.255986545411395
2248 -1.25600327052217
2249 -1.256020542387511
2250 -1.25603863937069
2251 -1.256055788309895
2252 -1.256072086600102
2253 -1.25608923373692
2254 -1.256107919276642
2255 -1.25612725883875
2256 -1.256146323226728
2257 -1.256165298441207
2258 -1.256184518944924
2259 -1.256204185366481
2260 -1.256223781420894
2261 -1.256243233014448
2262 -1.256262717980366
2263 -1.256282341931223
2264 -1.25629965582214
2265 -1.256317643958505
2266 -1.256336385910364
2267 -1.256357371737825
2268 -1.256378511578566
2269 -1.256400137833718
2270 -1.256422488919451
2271 -1.256443983479676
2272 -1.256465918272234
2273 -1.256486822793911
2274 -1.256507508984
2275 -1.256527986573098
2276 -1.256548446381334
2277 -1.256568773537055
2278 -1.256589850790333
2279 -1.256612209325574
2280 -1.256636119445741
2281 -1.25665896990435
2282 -1.256682404254745
2283 -1.256704981011001
2284 -1.25672645835413
2285 -1.256748920754462
2286 -1.256770742161036
2287 -1.256795041557524
2288 -1.256816884447033
2289 -1.256839346243883
2290 -1.256861649230904
2291 -1.256885074456343
2292 -1.256910780450227
2293 -1.25693623234445
2294 -1.256961648077956
2295 -1.256986546671742
2296 -1.257009685704823
2297 -1.257032953887376
2298 -1.257056610398303
2299 -1.257081061796324
2300 -1.257106238614026
2301 -1.257131631117395
2302 -1.257157301374877
2303 -1.257182336590549
2304 -1.257208882601293
2305 -1.257231245841512
2306 -1.257254306013171
2307 -1.257279046683473
2308 -1.257305167686799
2309 -1.25733163561512
2310 -1.257357921414308
2311 -1.257383941379206
2312 -1.257410262129115
2313 -1.257437834919668
2314 -1.25746393159653
2315 -1.257490719295466
2316 -1.257517206372319
2317 -1.257544350606743
2318 -1.257570909625655
2319 -1.257598011294255
2320 -1.257626016995441
2321 -1.257653224461039
2322 -1.257678557056655
2323 -1.257704651769126
2324 -1.257730855859628
2325 -1.257759662733998
2326 -1.257786935850259
2327 -1.257814847794388
2328 -1.257842794058578
2329 -1.257872664596658
2330 -1.257900736530212
2331 -1.257927725977789
2332 -1.257955616978569
2333 -1.257984588762928
2334 -1.258013802544024
2335 -1.258042308415907
2336 -1.258071970191542
2337 -1.258100725793193
2338 -1.25812895248286
2339 -1.258157006777188
2340 -1.258186142724723
2341 -1.258217105197438
2342 -1.258247877340748
2343 -1.258278250694485
2344 -1.258308657362226
2345 -1.25834042589136
2346 -1.258370106018055
2347 -1.258399189190388
2348 -1.258427026864541
2349 -1.25845650069852
2350 -1.258485659028383
2351 -1.258516128598021
2352 -1.258547380299295
2353 -1.258579753966026
2354 -1.258612369358882
2355 -1.258644239550515
2356 -1.258674723793232
2357 -1.258704932488439
2358 -1.258737049868205
2359 -1.258769540225935
2360 -1.258802319977605
2361 -1.258834994597422
2362 -1.258865508107022
2363 -1.258897660315111
2364 -1.258932074681788
2365 -1.258962908519288
2366 -1.258992859848164
2367 -1.259024543990519
2368 -1.259057777080909
2369 -1.259091485601859
2370 -1.259124322572191
2371 -1.259157126220903
2372 -1.259191325784485
2373 -1.259225308150062
2374 -1.259258782913473
2375 -1.259293382833226
2376 -1.259328082636593
2377 -1.25936314009019
2378 -1.259397385758558
2379 -1.259431499613299
2380 -1.259465814798932
2381 -1.259499153637962
2382 -1.259532222242111
2383 -1.259567036261208
2384 -1.259602164855338
2385 -1.259638935051089
2386 -1.259673920433239
2387 -1.259708770064255
2388 -1.259744145100958
2389 -1.259780499607869
2390 -1.259816801635168
2391 -1.259852900857088
2392 -1.259889068736094
2393 -1.259925641319243
2394 -1.259964222962736
2395 -1.260000312137099
2396 -1.260036881409242
2397 -1.260073546005554
2398 -1.260109183735105
2399 -1.260145135652173
2400 -1.260182579613514
2401 -1.260221055945909
2402 -1.260259098727573
2403 -1.260297857383677
2404 -1.260337124300967
2405 -1.26037679223906
2406 -1.260416507664182
2407 -1.260453820148857
2408 -1.260490881955939
2409 -1.260529372413829
2410 -1.260567854582534
2411 -1.260606316890281
2412 -1.260644448127863
2413 -1.260684296096468
2414 -1.260724456453789
2415 -1.260765289080125
2416 -1.260805631653616
2417 -1.260845524368792
2418 -1.260885393397095
2419 -1.260925719395472
2420 -1.260967173611826
2421 -1.261008701051277
2422 -1.261048938015011
2423 -1.261089047265259
2424 -1.261130520760075
2425 -1.261171311924074
2426 -1.261211850102784
2427 -1.261251722741544
2428 -1.261293683799146
2429 -1.261336219608091
2430 -1.261378713752128
2431 -1.261419954263913
2432 -1.261461635079654
2433 -1.261503534797268
2434 -1.261544521802241
2435 -1.261586262222036
2436 -1.261630764868599
2437 -1.261674588521221
2438 -1.261717648200077
2439 -1.261761067323725
2440 -1.261803650466175
2441 -1.261847194340254
2442 -1.261891063209983
2443 -1.261934739076466
2444 -1.261978244760418
2445 -1.262021534185395
2446 -1.262063217497963
2447 -1.262103755391338
2448 -1.26214618974415
2449 -1.262190136691593
2450 -1.262235431596128
2451 -1.262280633652108
2452 -1.26232640185271
2453 -1.262372664356854
2454 -1.262418186406337
2455 -1.262461483536027
2456 -1.262505428979328
2457 -1.262550681610739
2458 -1.262595104308003
2459 -1.262639141938599
2460 -1.262683814287188
2461 -1.262729373426284
2462 -1.262775282266913
2463 -1.262821634814455
2464 -1.26286635394478
2465 -1.262911221977978
2466 -1.26295686744079
2467 -1.263003822650922
2468 -1.263051162537594
2469 -1.263097838355632
2470 -1.26314186597251
2471 -1.263186788363067
2472 -1.263233381450776
2473 -1.263278561809906
2474 -1.263325359314755
2475 -1.263371881175642
2476 -1.263418681508952
2477 -1.263467082908793
2478 -1.26351537580679
2479 -1.263563473711783
2480 -1.26361136646978
2481 -1.263659558197552
2482 -1.263705850563686
2483 -1.263752043949534
2484 -1.263798482563154
2485 -1.263846672241815
2486 -1.263895627971993
2487 -1.263943950652998
2488 -1.263990833785268
2489 -1.264039068924115
2490 -1.26408806425089
2491 -1.264135826629706
2492 -1.264184335456008
2493 -1.264233466565245
2494 -1.264282546499144
2495 -1.264331065080614
2496 -1.264380197069039
2497 -1.264431266641729
2498 -1.26448172985319
2499 -1.264530920804211
2500 -1.264580020204957
2501 -1.26462894070028
2502 -1.264677552294034
2503 -1.26472765471076
2504 -1.264779186697342
2505 -1.264829577558621
2506 -1.264881338005603
2507 -1.264930132809509
2508 -1.264978448062583
2509 -1.265027662524729
2510 -1.265077793963308
2511 -1.265130071523565
2512 -1.265182412691521
2513 -1.265233256929815
2514 -1.265284766772811
2515 -1.265336238294713
2516 -1.265387726486743
2517 -1.265439231488158
2518 -1.265491091506289
2519 -1.265542658619701
2520 -1.265594521793439
2521 -1.265645278233088
2522 -1.2656969606772
2523 -1.265748092316059
2524 -1.265800903525364
2525 -1.265853815386632
2526 -1.265907038493761
2527 -1.265959272185469
2528 -1.266012786026365
2529 -1.266066796545007
2530 -1.266120318539591
2531 -1.266173116626969
2532 -1.266226277376888
2533 -1.266278870745295
2534 -1.266330163511407
2535 -1.266383041078169
2536 -1.26643637404487
2537 -1.26649064649593
2538 -1.266544381063149
2539 -1.266600678484859
2540 -1.266655048261657
2541 -1.26670950695402
2542 -1.266763477821135
2543 -1.266819145738081
2544 -1.266875528690898
2545 -1.266928028061467
2546 -1.266981031356795
2547 -1.26703496998601
2548 -1.267088741321899
2549 -1.267143811465152
2550 -1.267198681582668
2551 -1.267254352590509
2552 -1.26731018001213
2553 -1.267367488026601
2554 -1.267422385311483
2555 -1.267476852677753
2556 -1.267531866132459
2557 -1.267587592627882
2558 -1.267644066083876
2559 -1.267701593554348
2560 -1.26775748986853
2561 -1.26781329339484
2562 -1.26786877802183
2563 -1.267924040013986
2564 -1.26797989731685
2565 -1.268036842952014
2566 -1.268094427191064
2567 -1.268151834205031
2568 -1.268210343019101
2569 -1.268267579455962
2570 -1.26832488864337
2571 -1.268382859760278
2572 -1.268437260132384
2573 -1.268492538200579
2574 -1.268547911562659
2575 -1.268605623779065
2576 -1.268661935135419
2577 -1.268719013147178
2578 -1.26877754354258
2579 -1.268835251434363
2580 -1.268893974900537
2581 -1.268952738983344
2582 -1.269010484672889
2583 -1.269067707550349
2584 -1.269124445848494
2585 -1.269181394189623
2586 -1.269238829466643
2587 -1.269297227352661
2588 -1.269356606380846
2589 -1.269415987840386
2590 -1.269475906240495
2591 -1.269533153964808
2592 -1.26959085238314
2593 -1.269648874607696
2594 -1.269708354903526
2595 -1.269766590523512
2596 -1.26982438123135
2597 -1.269882243294542
2598 -1.269941063653048
2599 -1.27000000500262
2600 -1.270057812458197
2601 -1.270117416628732
2602 -1.270177176761193
2603 -1.270238216550439
2604 -1.270297866150999
2605 -1.270358112104507
2606 -1.27041829312193
2607 -1.270478679570279
2608 -1.270538346779787
2609 -1.270598189209955
2610 -1.270656153661038
2611 -1.270713561431624
2612 -1.270772482167409
2613 -1.270832461658313
2614 -1.27089364861481
2615 -1.270953820440979
2616 -1.271014150867987
2617 -1.271074641131794
2618 -1.271135250296934
2619 -1.271197050268764
2620 -1.271259389051274
2621 -1.271321261289639
2622 -1.271381394764865
2623 -1.271440398133028
2624 -1.271500956499386
2625 -1.271560309753893
2626 -1.271622219086585
2627 -1.271682465846428
2628 -1.271743802707486
2629 -1.271804910652959
2630 -1.271866434767023
2631 -1.271926909387733
2632 -1.271988000437804
2633 -1.272050038814471
2634 -1.272112879066011
2635 -1.272173884272708
2636 -1.272235778249766
2637 -1.272297469897591
2638 -1.272358174070023
2639 -1.272419955596152
2640 -1.272481866096509
2641 -1.272543050326417
2642 -1.272605233610395
2643 -1.272667801347707
2644 -1.272730874221534
2645 -1.272794086934884
2646 -1.272855862002036
2647 -1.272917804803384
2648 -1.272980350984765
2649 -1.27304283945205
2650 -1.27310362564916
2651 -1.273166173273308
2652 -1.273229180362675
2653 -1.273291860836548
2654 -1.273355199016688
2655 -1.273418945348833
2656 -1.273482462355731
2657 -1.273546448403589
2658 -1.273608175471966
2659 -1.273669855171613
2660 -1.273733191917403
2661 -1.273795687412287
2662 -1.273858966386218
2663 -1.273922628702586
2664 -1.27398477219412
2665 -1.274050193396032
2666 -1.274114144502349
2667 -1.274176668341075
2668 -1.274237183406072
2669 -1.27430041325708
2670 -1.274364013195786
2671 -1.274429105538244
2672 -1.274493613403956
2673 -1.274558670025277
2674 -1.274622387223681
2675 -1.274685211589236
2676 -1.274748715473742
2677 -1.274812669644656
2678 -1.274878064954868
2679 -1.274942379207049
2680 -1.275007396740828
2681 -1.275072147376112
2682 -1.275136253497696
2683 -1.275201502308905
2684 -1.275267511540074
2685 -1.275331187712626
2686 -1.275393961321275
2687 -1.275456235761092
2688 -1.275518786564579
2689 -1.275582021187693
2690 -1.275648072254333
2691 -1.275714929027338
2692 -1.275779374341436
2693 -1.275843671893219
2694 -1.275909630579526
2695 -1.275974131387248
2696 -1.276038472684787
2697 -1.276102246593191
2698 -1.276166487336343
2699 -1.276232144946991
2700 -1.276297602412813
2701 -1.27636156489328
2702 -1.27642526997334
2703 -1.276489006402751
2704 -1.276553471288367
2705 -1.276617183878475
2706 -1.276681169041453
2707 -1.276742797682622
2708 -1.276809273248027
2709 -1.276875442306715
2710 -1.276940881852093
2711 -1.27700626042762
2712 -1.277071411851894
2713 -1.27713521031237
2714 -1.277198761538104
2715 -1.277264118568439
2716 -1.277328658151844
2717 -1.277394695391093
2718 -1.277460391963873
2719 -1.277525175894102
2720 -1.277590655700755
2721 -1.277654559484972
2722 -1.277716741585806
2723 -1.277779608869763
2724 -1.277845542713631
2725 -1.277911286867891
2726 -1.277976197786085
2727 -1.27804287011609
2728 -1.278107252578727
2729 -1.278171859460627
2730 -1.278238983864466
2731 -1.278303805491138
2732 -1.278367274713425
2733 -1.278431195993584
2734 -1.278496703026957
2735 -1.278563356092826
2736 -1.278629455739445
2737 -1.278695629165177
2738 -1.278761478733589
2739 -1.278825482061038
2740 -1.278889399890129
2741 -1.278948892633123
2742 -1.27901385475765
2743 -1.279080857697223
2744 -1.279148112482002
2745 -1.279214359086616
2746 -1.279280708938396
2747 -1.279346999020545
2748 -1.279413014782289
2749 -1.279475480879432
2750 -1.279539780566684
2751 -1.279605167129161
2752 -1.27967155332484
2753 -1.279734569832226
2754 -1.27980117730749
2755 -1.279865721680712
2756 -1.279929974688805
2757 -1.279996659818393
2758 -1.280062066451974
2759 -1.280128413194928
2760 -1.280190343419297
2761 -1.280256760467735
2762 -1.280321001599348
2763 -1.280388633899554
2764 -1.280453506727307
2765 -1.280522263726084
2766 -1.28058903204067
2767 -1.280657308360457
2768 -1.280720660068113
2769 -1.280788279003631
2770 -1.280851538700818
2771 -1.280919866824498
2772 -1.280984895674604
2773 -1.281054152176127
2774 -1.281118302011807
2775 -1.281182772536003
2776 -1.281250607576844
2777 -1.28131518740255
2778 -1.281377647586058
2779 -1.281442949480748
2780 -1.281505922762541
2781 -1.281570035933931
2782 -1.281640144494517
2783 -1.281706656407576
2784 -1.281778130433165
2785 -1.281842961083713
2786 -1.281907281952848
2787 -1.281974712109014
2788 -1.282039887745177
2789 -1.282108415317719
2790 -1.282176238901454
2791 -1.282239425855455
2792 -1.282306571144893
2793 -1.28237074919916
2794 -1.282439872438002
2795 -1.282504425222183
2796 -1.282569986148049
2797 -1.282636111882896
2798 -1.282703611204043
2799 -1.282767237268639
2800 -1.282833852955595
2801 -1.282896770885229
2802 -1.282964751020232
2803 -1.28302954945061
2804 -1.283095811496187
2805 -1.283161865883741
2806 -1.283224903692225
2807 -1.283292467610385
2808 -1.283355196380027
2809 -1.283423859774497
2810 -1.283490285182445
2811 -1.283559581662816
2812 -1.283624247495342
2813 -1.283689266883932
2814 -1.283752797439934
2815 -1.283819270890599
2816 -1.283882564069602
2817 -1.283944480702031
2818 -1.284006185138172
2819 -1.284073502376653
2820 -1.284137025394563
2821 -1.284201520335071
2822 -1.284269224315856
2823 -1.284331633114151
2824 -1.284395507595572
2825 -1.284459362972402
2826 -1.284527958642188
2827 -1.284592466031758
2828 -1.284657510878769
2829 -1.284721533311354
2830 -1.284787966873909
2831 -1.284849306910474
2832 -1.28491099339395
2833 -1.284973011748584
2834 -1.285043340560851
2835 -1.285108128094934
2836 -1.285173938595552
2837 -1.285238618108865
2838 -1.285303014616308
2839 -1.285366849327695
2840 -1.285428657068547
2841 -1.285495114648631
2842 -1.285560022892947
2843 -1.285626931303787
2844 -1.285689201949064
2845 -1.285754745618142
2846 -1.28581674809733
2847 -1.285885728800742
2848 -1.285952577685546
2849 -1.286015804212315
2850 -1.286083325572902
2851 -1.286151428913239
2852 -1.286214011470543
2853 -1.286279829472744
2854 -1.286342697328937
2855 -1.286408359386944
2856 -1.286469190004824
2857 -1.286532376524213
2858 -1.286593678869354
2859 -1.286658339203774
2860 -1.286721296380448
2861 -1.286786547432646
2862 -1.286849104432004
2863 -1.286916030230969
2864 -1.286976962188095
2865 -1.287044198267013
2866 -1.287105427554269
2867 -1.28717031589885
2868 -1.287233205680201
2869 -1.287297255673033
2870 -1.287362149877425
2871 -1.287424547436447
2872 -1.287485889272179
2873 -1.287552034338551
2874 -1.28761322938789
2875 -1.28767422536004
2876 -1.287740064358845
2877 -1.287801088429352
2878 -1.287863218128468
2879 -1.28792993394086
2880 -1.287992165530487
2881 -1.288060091975834
2882 -1.288119321463545
2883 -1.288177818418305
2884 -1.288241152845659
2885 -1.288302605756154
2886 -1.288369691553218
2887 -1.288431009167495
2888 -1.288498973249108
2889 -1.288561212502159
2890 -1.288625896769677
2891 -1.288688085967526
2892 -1.288754592375971
2893 -1.288817708399382
2894 -1.2888786886639
2895 -1.288938751523595
2896 -1.289001860086847
2897 -1.289063441810963
2898 -1.28912333344715
2899 -1.289183659039371
2900 -1.28925135923097
2901 -1.289316416133546
2902 -1.289376322272498
2903 -1.289437693956075
2904 -1.289500802457247
2905 -1.28956953986679
2906 -1.289633705140318
2907 -1.289695012842163
2908 -1.289756047869425
2909 -1.289815981393871
2910 -1.289874979305075
2911 -1.28993514473236
2912 -1.290001358006328
2913 -1.290063344033883
2914 -1.290124229330285
2915 -1.290189030908948
2916 -1.29024898426168
2917 -1.290309661166396
2918 -1.29037117964089
2919 -1.290432645567187
2920 -1.290498354794368
2921 -1.290559620597383
2922 -1.290621504293372
2923 -1.29068422357144
2924 -1.29074572115971
2925 -1.290807276095985
2926 -1.290867875530513
2927 -1.290928965739983
2928 -1.290988655533901
2929 -1.291048025511438
2930 -1.291109488077259
2931 -1.291169776004516
2932 -1.291231230308767
2933 -1.291291951984658
2934 -1.291350196404778
2935 -1.291409266046729
2936 -1.291470672848371
2937 -1.291532301446937
2938 -1.291598924803888
2939 -1.291660438135296
2940 -1.291721882543384
2941 -1.291784147839757
2942 -1.291845994844873
2943 -1.29190714902454
2944 -1.291966848078196
2945 -1.292028094736779
2946 -1.292085933941679
2947 -1.292144209561863
2948 -1.292201131664785
2949 -1.292258623380495
2950 -1.292316947754356
2951 -1.292377728313578
2952 -1.292438824053163
2953 -1.292500706693222
2954 -1.292561396345599
2955 -1.292620938986506
2956 -1.292681424897758
2957 -1.292744076157547
2958 -1.292803818418991
2959 -1.292862340714508
2960 -1.29292070586852
2961 -1.292979712184288
2962 -1.293039122685828
2963 -1.293098926164594
2964 -1.293158871722462
2965 -1.293218294261117
2966 -1.293275925162448
2967 -1.293333917720636
2968 -1.293391734229691
2969 -1.293450316408209
2970 -1.293510220381703
2971 -1.293568776953776
2972 -1.293628661002875
2973 -1.293686657625246
2974 -1.29374408836422
2975 -1.29380411046641
2976 -1.293862861560817
2977 -1.293920164244391
2978 -1.293978462113106
2979 -1.294036744450312
2980 -1.294095171177239
2981 -1.294152487129224
2982 -1.294211367021258
2983 -1.294270693541997
2984 -1.294328739860317
2985 -1.294385786412251
2986 -1.294442515335899
2987 -1.294498529129391
2988 -1.294555087036629
2989 -1.294613435202659
2990 -1.294672255865353
2991 -1.294731133832021
2992 -1.294793855629345
2993 -1.294851689082808
2994 -1.294908369951141
2995 -1.294963652572063
2996 -1.295018034114781
2997 -1.295073519253196
2998 -1.295129680149229
2999 -1.295186536448423
3000 -1.29524407311504
