"lift-rfile"
"Iteration" "lift"
("Iteration" "lift")
1 -2.319435961624456
2 -3.524015259172931
3 -4.351714558481999
4 -4.893185851558593
5 -5.229204241891055
6 -5.346977285981212
7 -5.238468999844142
8 -4.974669931904661
9 -4.666826757469299
10 -4.382487846503267
11 -4.210750516139644
12 -4.037719860661478
13 -3.890494494717688
14 -3.770871172802112
15 -3.661985488487903
16 -3.558392251913132
17 -3.448969767353256
18 -3.32862901887129
19 -3.192358259468172
20 -3.035806359795949
21 -2.870560119150563
22 -2.695854116426777
23 -2.519726516093406
24 -2.339602342533516
25 -2.162311522129838
26 -1.991288320453936
27 -1.823012725452766
28 -1.657712422883025
29 -1.507752200739496
30 -1.362182586695892
31 -1.22045929156021
32 -1.083636695457639
33 -0.9497790477060173
34 -0.8212958774892816
35 -0.6976133610446383
36 -0.5817086519761487
37 -0.4735313185796788
38 -0.3706337617729592
39 -0.27370921373147
40 -0.1849487148322954
41 -0.1019375867493356
42 -0.02589015800084965
43 0.04340959571352423
44 0.1056023867045594
45 0.1630861501980748
46 0.215818458594908
47 0.2643947955899267
48 0.3089501305080235
49 0.3499786252513457
50 0.3885709242443092
51 0.4232827258633276
52 0.4555371947032028
53 0.4859994500669593
54 0.5141560409483733
55 0.5410321358819086
56 0.5648241879311849
57 0.5869058261078262
58 0.607691431588158
59 0.6271742074698419
60 0.6444240504477899
61 0.6584341861791543
62 0.6693701013573415
63 0.6769902506104812
64 0.6810208278815236
65 0.6810597804942644
66 0.6795313358865025
67 0.6723311987280723
68 0.6637323836385772
69 0.6480285023966558
70 0.631021532468842
71 0.6064383486008939
72 0.5811537662226484
73 0.5481865762690668
74 0.5154291535197906
75 0.4750861374144476
76 0.4359509338029488
77 0.3933782870723959
78 0.3426682964535928
79 0.2941757502610124
80 0.2428715864588286
81 0.1889336383293969
82 0.1328530864934054
83 0.07472834687748448
84 0.01481106586637123
85 -0.04656439976840514
86 -0.1091109921318967
87 -0.1724818144790032
88 -0.2363835277033685
89 -0.3004916334678706
90 -0.3644976403691963
91 -0.4279177727021031
92 -0.4906351219682085
93 -0.5582269932490439
94 -0.6181594742835145
95 -0.6765335212104606
96 -0.7378534928870757
97 -0.7918579859064389
98 -0.8435726574240785
99 -0.8927660171198606
100 -0.9424721439774495
101 -0.9858266679097887
102 -1.026224753284671
103 -1.063597166811676
104 -1.097774904293125
105 -1.128611116925421
106 -1.156143121803287
107 -1.180376590299021
108 -1.20127119883588
109 -1.218891459128004
110 -1.233260301156759
111 -1.244407645371595
112 -1.252413466543177
113 -1.257297759804514
114 -1.259150362908759
115 -1.258060773236027
116 -1.254131596339158
117 -1.247482849003692
118 -1.238221893160725
119 -1.22635603834907
120 -1.212142851541553
121 -1.195712962876436
122 -1.177222977514815
123 -1.156926832739958
124 -1.134845881155717
125 -1.111198054611781
126 -1.086069473207431
127 -1.059611747416891
128 -1.031977755915521
129 -1.003320944866641
130 -0.9737901206074746
131 -0.9434695198457818
132 -0.9125368293862023
133 -0.8811284040397095
134 -0.8493905526831197
135 -0.8174469365457296
136 -0.7854104983217501
137 -0.7533992427850218
138 -0.7215330447160832
139 -0.6899202972341957
140 -0.6586602064033938
141 -0.6278533950667306
142 -0.5976016382387632
143 -0.5679794890186538
144 -0.5390872485169971
145 -0.5110057222789318
146 -0.4838004206716144
147 -0.4575353647188388
148 -0.4322838028043397
149 -0.4080904127512037
150 -0.3850109314477676
151 -0.3630935099720986
152 -0.34241015487845
153 -0.322957613402353
154 -0.304767752013484
155 -0.2878632040033588
156 -0.2722747136319735
157 -0.2580063765230705
158 -0.2450859537833894
159 -0.2335194936619439
160 -0.223323391459221
161 -0.2145022103359472
162 -0.2070657533135202
163 -0.2010194195060623
164 -0.1963697170105838
165 -0.193114424295663
166 -0.1912540983185005
167 -0.1907541867621637
168 -0.1916332800033091
169 -0.1938928577727261
170 -0.1975225017028005
171 -0.2025083394481683
172 -0.2088361327728471
173 -0.2164909463757039
174 -0.2254501161679604
175 -0.2356747077422695
176 -0.2471521772886853
177 -0.2598643171610104
178 -0.2737592790433066
179 -0.2888915816241423
180 -0.305123245881829
181 -0.3224091861387374
182 -0.3406982732039741
183 -0.3599372747968423
184 -0.3800660257156114
185 -0.401024869559905
186 -0.4227298721012943
187 -0.4451256150607545
188 -0.4681432963397023
189 -0.4917032804784483
190 -0.5157308283368433
191 -0.5401359522413913
192 -0.5648309404030451
193 -0.5897503930724226
194 -0.6148121076041803
195 -0.6399027241620849
196 -0.6649597836707054
197 -0.6899295213763347
198 -0.7146834780742524
199 -0.7391405153279388
200 -0.763199342021809
201 -0.7867896357324524
202 -0.8098199772057593
203 -0.832203726146073
204 -0.8538437299085104
205 -0.8746798203958084
206 -0.894636586673711
207 -0.9136416279359475
208 -0.9316534725707002
209 -0.9485782677208435
210 -0.9643697616183387
211 -0.9789519600185994
212 -0.9922843060106991
213 -1.004326796214886
214 -1.015037485464891
215 -1.02438389503397
216 -1.032344384413823
217 -1.03891026517312
218 -1.044053981615266
219 -1.047764947202517
220 -1.050050081861226
221 -1.050915992009608
222 -1.050372718639824
223 -1.048442736793619
224 -1.045145497396104
225 -1.040519953407799
226 -1.034612090552229
227 -1.027452543366269
228 -1.019080477590969
229 -1.009552100442757
230 -0.99892453599093
231 -0.9872571061537762
232 -0.9746168362425788
233 -0.9610707727636962
234 -0.9466857883707731
235 -0.9315344803679552
236 -0.9156950552908471
237 -0.8992570664009916
238 -0.8822852046138168
239 -0.8648620550243112
240 -0.8470018539718155
241 -0.8288623944384984
242 -0.8105265104506696
243 -0.7920804186630845
244 -0.7736081577981372
245 -0.7551922432710571
246 -0.7369137967394129
247 -0.7188513901090577
248 -0.7010847532124331
249 -0.6836763455497925
250 -0.66670849834687
251 -0.6502384002674324
252 -0.634342246812171
253 -0.6190832794115009
254 -0.6045470637675973
255 -0.5907625993246948
256 -0.5777680559162812
257 -0.565603613819064
258 -0.5543094475353295
259 -0.5439217924011036
260 -0.5344657231925446
261 -0.5259536555889542
262 -0.5184256328654316
263 -0.5119021989086419
264 -0.5063913119832006
265 -0.5019012463343677
266 -0.498431301842542
267 -0.495978947576716
268 -0.4945347996482851
269 -0.4940905525113828
270 -0.4946296893123591
271 -0.4961356153203941
272 -0.4985777569288887
273 -0.501944191489653
274 -0.5061993799311015
275 -0.5113208193172666
276 -0.5172645345774987
277 -0.5239874862495199
278 -0.5314520146234846
279 -0.5396261919947163
280 -0.5484650740925652
281 -0.5579348525262495
282 -0.5679817763565969
283 -0.5785631482168706
284 -0.5896302422276861
285 -0.6011404712350837
286 -0.6130458626667336
287 -0.6253015638104856
288 -0.6378598025625281
289 -0.6506735720142695
290 -0.6636924285188275
291 -0.676879003721566
292 -0.690187501187885
293 -0.7035735198193182
294 -0.7169922646355975
295 -0.7304087700682879
296 -0.7437727281910428
297 -0.7570446216044621
298 -0.7701788230556568
299 -0.7831412381891071
300 -0.7958946425916341
301 -0.8084067305837341
302 -0.8206370483310336
303 -0.832550736415733
304 -0.8441171491061267
305 -0.8553049097187002
306 -0.8660849042096845
307 -0.8764289490583268
308 -0.8863136107961801
309 -0.8957144934888771
310 -0.9046076610072645
311 -0.912974822360356
312 -0.920795840787386
313 -0.9280537020702255
314 -0.9347365741359307
315 -0.9408304415891993
316 -0.9463268555185037
317 -0.951215320032246
318 -0.9554870796381061
319 -0.9591389209540022
320 -0.9621673847774714
321 -0.964572703567228
322 -0.9663549423925214
323 -0.9675193127667875
324 -0.9680699212253406
325 -0.9680056153126032
326 -0.9673458050592606
327 -0.9661001755220937
328 -0.9642805177686051
329 -0.9619007451846953
330 -0.9589771475629842
331 -0.9555266463085242
332 -0.9515675925404875
333 -0.9471223846930522
334 -0.9422125566445204
335 -0.9368634048245496
336 -0.9310995072811967
337 -0.9249465579235754
338 -0.9184322689447858
339 -0.9115861501252945
340 -0.9044271788129575
341 -0.8969938332068036
342 -0.8893208929921731
343 -0.881435952354277
344 -0.8733752205210127
345 -0.8651714507933004
346 -0.8568664941067192
347 -0.8484862495089101
348 -0.8400635697777197
349 -0.8316328514691787
350 -0.8232276321907066
351 -0.8148821622573639
352 -0.8066291197918021
353 -0.7984907750450181
354 -0.7905015654064445
355 -0.7826997377671753
356 -0.7751118851126447
357 -0.7677722043077804
358 -0.7607350285521703
359 -0.7539992662853788
360 -0.7475919225747525
361 -0.7415364643543306
362 -0.7358484725553933
363 -0.7305568485179932
364 -0.7256823935763489
365 -0.7212525554058107
366 -0.7172716829976104
367 -0.7137538539771202
368 -0.7107143026951441
369 -0.7081462660813154
370 -0.7060792378478026
371 -0.7045201409275771
372 -0.7034725239722517
373 -0.7029417772155792
374 -0.7029289427317437
375 -0.703431663119767
376 -0.7044472591936402
377 -0.7059703618062403
378 -0.7080016548936625
379 -0.7105250118903688
380 -0.7135281315899266
381 -0.7169988227080328
382 -0.7209219060434707
383 -0.7252823772373407
384 -0.7300634464032759
385 -0.7352449057580489
386 -0.7408059689681069
387 -0.7467235688151013
388 -0.752975988274444
389 -0.759537477107159
390 -0.7663838660508024
391 -0.7734880039977913
392 -0.7808019847211667
393 -0.7883175571464463
394 -0.7960084416664723
395 -0.8038521141180071
396 -0.8118144021704696
397 -0.8198652730039261
398 -0.827976416674754
399 -0.8361173297888241
400 -0.8442612285501744
401 -0.8523787142601895
402 -0.860441621120175
403 -0.8684196395916435
404 -0.8762608260053028
405 -0.8839663339762388
406 -0.8915092419259895
407 -0.8988652023078694
408 -0.9060120616548987
409 -0.9129277077712551
410 -0.91959081751451
411 -0.9259802342076473
412 -0.9320814193127713
413 -0.93787369189444
414 -0.943342013212617
415 -0.9484692242544431
416 -0.9532420265834325
417 -0.9576494042897857
418 -0.9616817770222443
419 -0.9653312239767801
420 -0.9685900616062331
421 -0.97145353076117
422 -0.9739400199984325
423 -0.9760245614819439
424 -0.9777061275217316
425 -0.9789870281871144
426 -0.9798696549146964
427 -0.9803621820867896
428 -0.9804692566802922
429 -0.9801910948830154
430 -0.979543218250696
431 -0.9785376800582666
432 -0.977184786379511
433 -0.9754970946201144
434 -0.9734888417809335
435 -0.9711756616480879
436 -0.9685739427810698
437 -0.9656987915710745
438 -0.9625612649343199
439 -0.9591874405413183
440 -0.9555976615872268
441 -0.9518041564051605
442 -0.9478370366470306
443 -0.943714342013673
444 -0.9394601179532709
445 -0.9350937582218322
446 -0.9306367623871321
447 -0.9261535674354418
448 -0.9216255459703447
449 -0.9170724573716487
450 -0.9125134364832711
451 -0.9079730127044288
452 -0.903468135356438
453 -0.8990178785399122
454 -0.8946406491572116
455 -0.8903550508324245
456 -0.8861873613662514
457 -0.8821455125123527
458 -0.8782466951138288
459 -0.8745058011925894
460 -0.8709356377555438
461 -0.8675513672389438
462 -0.8643638328826545
463 -0.8613869485949988
464 -0.8586311346059938
465 -0.8561069408196038
466 -0.8538221331890925
467 -0.8517841302552579
468 -0.850001203006522
469 -0.8484779721495986
470 -0.8472194548030081
471 -0.8462292229047903
472 -0.8455099329610125
473 -0.8450635932090669
474 -0.8448898749301615
475 -0.8449871298326663
476 -0.8453525371437057
477 -0.845984302654991
478 -0.8468775659781946
479 -0.8480276870930169
480 -0.8494287392399627
481 -0.8510746687911198
482 -0.8529574773227507
483 -0.8550909648341881
484 -0.8574475978056972
485 -0.8600156426258171
486 -0.862784231390945
487 -0.865743270034373
488 -0.868879241547864
489 -0.8721781715915257
490 -0.8756282278082086
491 -0.8792164629387976
492 -0.8829174215554357
493 -0.8867307953818696
494 -0.8906434911169222
495 -0.8946404098632357
496 -0.8987084541855521
497 -0.9028351047205063
498 -0.9070053379309578
499 -0.911205907847542
500 -0.9154243140814141
501 -0.9196468202434858
502 -0.9238624150230559
503 -0.9280571123927012
504 -0.9322196788544477
505 -0.9363376318621136
506 -0.9404003520419136
507 -0.9443968290367308
508 -0.9483143482688101
509 -0.9521445475375652
510 -0.9558796560507602
511 -0.9595113430885806
512 -0.963028007324782
513 -0.9664234776331138
514 -0.969689834570347
515 -0.9728202330333049
516 -0.9758100931257308
517 -0.9786511951438029
518 -0.9813396817717497
519 -0.9838713145219092
520 -0.9862417799542869
521 -0.9884483976142424
522 -0.9904890878641246
523 -0.9923617167468098
524 -0.9940624775097415
525 -0.9955930048464956
526 -0.9969537282272514
527 -0.9981498674696143
528 -0.9991752308168459
529 -1.00003311108812
530 -1.000724445940957
531 -1.001251607761785
532 -1.001617226181008
533 -1.001824809941585
534 -1.001880277802551
535 -1.001783551620452
536 -1.00154047092771
537 -1.001157263729527
538 -1.000639321879195
539 -0.9999927171810867
540 -0.9992225123320037
541 -0.9983348989611875
542 -0.9973359406309502
543 -0.9962345320188034
544 -0.9950370043065179
545 -0.993749465390313
546 -0.9923810752342246
547 -0.9909408709968159
548 -0.9894356789164251
549 -0.9878725298588896
550 -0.986261573611191
551 -0.9846100695143113
552 -0.9829271619309495
553 -0.9812159240803622
554 -0.9794902549763576
555 -0.9777603833413205
556 -0.9760316379646701
557 -0.97431551040246
558 -0.9726196790629305
559 -0.970952347661672
560 -0.9693205097107281
561 -0.9677330046508338
562 -0.9661966074402426
563 -0.9647174197240108
564 -0.9633043575284845
565 -0.9619628590438455
566 -0.9606992539438476
567 -0.9595172257513065
568 -0.9584246625886705
569 -0.9574270195098265
570 -0.9565297478981392
571 -0.9557364189441769
572 -0.955050289217075
573 -0.9544810841953109
574 -0.954025627700782
575 -0.9536871908202602
576 -0.9534676649788075
577 -0.9533671303767087
578 -0.953389888190627
579 -0.9535356028600532
580 -0.9538038414788685
581 -0.9541953180311587
582 -0.954710729501444
583 -0.9553494248735163
584 -0.9561083554741932
585 -0.9569864299343328
586 -0.9579812815961794
587 -0.9591016065477478
588 -0.9603331142590698
589 -0.9616719635972663
590 -0.9631144105666151
591 -0.9646564663108298
592 -0.9662932021080972
593 -0.9680198572363589
594 -0.9698307164295713
595 -0.9717209701146525
596 -0.9736708400742933
597 -0.9757006290687311
598 -0.9777912734135523
599 -0.9799387127456252
600 -0.9821355699521908
601 -0.9843746748621726
602 -0.9866506135556595
603 -0.9889565327984895
604 -0.991283366497507
605 -0.9936254598530305
606 -0.9959758182840585
607 -0.9983276682550635
608 -1.00067351756557
609 -1.003007988590164
610 -1.005324024323031
611 -1.007615023380263
612 -1.009873216433839
613 -1.012093758700978
614 -1.014271075139095
615 -1.016399808603927
616 -1.018472285742633
617 -1.020485116328697
618 -1.022434083181225
619 -1.024313708683173
620 -1.026118799771856
621 -1.027846657483814
622 -1.029493576510615
623 -1.031056580184144
624 -1.032531637289973
625 -1.033916911270125
626 -1.03521042757547
627 -1.036410651836522
628 -1.037514954289468
629 -1.038523440562933
630 -1.03943422584605
631 -1.040246972216269
632 -1.040962751920837
633 -1.041581946371218
634 -1.04210492559303
635 -1.042532332498517
636 -1.04286620304713
637 -1.043108048801613
638 -1.043261114843526
639 -1.04332660874427
640 -1.043303913072013
641 -1.04319996980013
642 -1.043019452568267
643 -1.042764304130047
644 -1.042439682177224
645 -1.042047346299367
646 -1.041592117360366
647 -1.041079258835147
648 -1.040513261977531
649 -1.039899718713205
650 -1.039241658824963
651 -1.038540116939947
652 -1.037804575934606
653 -1.037040510264873
654 -1.03625244500486
655 -1.035441876222787
656 -1.034617071777043
657 -1.033784379964319
658 -1.032946402810355
659 -1.032106804699889
660 -1.03127269515386
661 -1.03045055141629
662 -1.029643379454655
663 -1.028855823487641
664 -1.028091170366984
665 -1.027354423505941
666 -1.026648475426827
667 -1.025977400376835
668 -1.025344565591604
669 -1.024754341253738
670 -1.024207445146864
671 -1.023709650986803
672 -1.023263036595231
673 -1.022871999266078
674 -1.022536827821595
675 -1.022260781943623
676 -1.022045990347984
677 -1.021893035187544
678 -1.021803341917017
679 -1.021777756349288
680 -1.021817702632862
681 -1.021923055127995
682 -1.022094600325776
683 -1.022333861727943
684 -1.022640242255223
685 -1.023013745391641
686 -1.023454279954366
687 -1.023961398314721
688 -1.024532194204047
689 -1.02516613796922
690 -1.025862500978816
691 -1.026618236920292
692 -1.027433190424514
693 -1.0283043517768
694 -1.029230222978125
695 -1.030208686565074
696 -1.03123683103146
697 -1.032312406050986
698 -1.033432072607535
699 -1.034593082438982
700 -1.035792162170806
701 -1.03702656264985
702 -1.038292099222713
703 -1.039587008026661
704 -1.040904781242519
705 -1.042243942314141
706 -1.043601783156812
707 -1.044974510374351
708 -1.046359936706075
709 -1.047752935036157
710 -1.049149948792612
711 -1.050547305048427
712 -1.051941439983232
713 -1.053327795388755
714 -1.054704807463391
715 -1.056068243731145
716 -1.057413546806725
717 -1.05873997612993
718 -1.060044180456105
719 -1.061322360489931
720 -1.062572277155331
721 -1.063789795873694
722 -1.064973314280388
723 -1.066119962302942
724 -1.067227567292857
725 -1.068293570914322
726 -1.069316514922172
727 -1.070295352321138
728 -1.07122666299237
729 -1.072110139812273
730 -1.072943942053491
731 -1.073727918419885
732 -1.074459124141961
733 -1.075137943363565
734 -1.075764118440345
735 -1.07633795527337
736 -1.076857169121217
737 -1.077323539796435
738 -1.077736863999028
739 -1.078097331578243
740 -1.078404790907976
741 -1.078660866650248
742 -1.078866496473321
743 -1.079022561181888
744 -1.079130253307721
745 -1.07919075457495
746 -1.079205986250639
747 -1.079177457497204
748 -1.07910758858987
749 -1.07899814714228
750 -1.07885096463978
751 -1.078667686511818
752 -1.078451411415023
753 -1.078205660253987
754 -1.077930611955239
755 -1.077630198081713
756 -1.077307515858513
757 -1.076963203773593
758 -1.076601826094473
759 -1.076225772254015
760 -1.07583784665149
761 -1.075439564742414
762 -1.075034173643405
763 -1.074625598263419
764 -1.074215626716624
765 -1.073807894757487
766 -1.073404162696044
767 -1.073007609849422
768 -1.072619674844345
769 -1.072241193527351
770 -1.071877821028772
771 -1.07153230063063
772 -1.071205791604293
773 -1.070899522821695
774 -1.070616369911609
775 -1.070359250284936
776 -1.070128413456946
777 -1.069925948528929
778 -1.069753550237214
779 -1.06961252420031
780 -1.069503685603885
781 -1.069429267255557
782 -1.06938971100495
783 -1.069386073031972
784 -1.069419040199813
785 -1.069488887950958
786 -1.069596142253987
787 -1.069741175263625
788 -1.069923711768452
789 -1.07014291370447
790 -1.070398097931486
791 -1.07069073972304
792 -1.071019529647502
793 -1.071384129780292
794 -1.071783271410135
795 -1.07221721831849
796 -1.07268577191498
797 -1.073187962619076
798 -1.073719005400294
799 -1.074280173068385
800 -1.074869649924865
801 -1.075487275414861
802 -1.076129189137695
803 -1.076797073228576
804 -1.077486681638292
805 -1.078196238440035
806 -1.078923307375503
807 -1.079751013884514
808 -1.08050126919783
809 -1.081265539478301
810 -1.082039270403526
811 -1.082820715050771
812 -1.08360779218684
813 -1.084399612704316
814 -1.085193848906557
815 -1.085989363140023
816 -1.086782994492668
817 -1.087574318051433
818 -1.088359349890741
819 -1.08913890906871
820 -1.089909370282151
821 -1.090671124533458
822 -1.091497255503408
823 -1.092225262576051
824 -1.092938276604004
825 -1.093634030525245
826 -1.094309774185842
827 -1.094966689775067
828 -1.095601883079675
829 -1.096212920856264
830 -1.096800181240983
831 -1.097364227314202
832 -1.097904486627854
833 -1.098419532147587
834 -1.098906658425037
835 -1.09936816485307
836 -1.099802860987528
837 -1.100210282042172
838 -1.100588378573082
839 -1.100938468672504
840 -1.101260050029358
841 -1.101553530655105
842 -1.10181791657718
843 -1.102055675094942
844 -1.102266130503592
845 -1.102451430961753
846 -1.102609847141651
847 -1.102743096842337
848 -1.102851542636908
849 -1.102936321463475
850 -1.102995565803338
851 -1.103033126264823
852 -1.103048622086261
853 -1.103045498084877
854 -1.103020316927508
855 -1.102978538258443
856 -1.102920118049961
857 -1.102846873155985
858 -1.102759624351586
859 -1.102659905277646
860 -1.102547053338353
861 -1.102424380277545
862 -1.102292818886673
863 -1.102153990421104
864 -1.102009570239465
865 -1.101861867049403
866 -1.101711140584204
867 -1.101559365969042
868 -1.101406546909418
869 -1.101255832885283
870 -1.101107321970522
871 -1.100962802475938
872 -1.100822308353084
873 -1.100688035086079
874 -1.100561066613146
875 -1.100443236593685
876 -1.100335284681107
877 -1.100239429720788
878 -1.100177212767444
879 -1.100103523192465
880 -1.100043235873976
881 -1.099997326919394
882 -1.099965908078452
883 -1.099952013510187
884 -1.099980515137372
885 -1.099996475391663
886 -1.100029538229623
887 -1.100081651264601
888 -1.100183889965429
889 -1.100270146872831
890 -1.100375442486148
891 -1.100534047515773
892 -1.100673237903412
893 -1.100866754149182
894 -1.101041419595521
895 -1.101270116107243
896 -1.101477246069493
897 -1.101739844370364
898 -1.101978804501329
899 -1.102273979302118
900 -1.102545664031583
901 -1.102873562763116
902 -1.103212294965401
903 -1.103524726051508
904 -1.103891104006703
905 -1.104227149336144
906 -1.104618659229144
907 -1.104976163442253
908 -1.105388789576945
909 -1.105764968018436
910 -1.106194293306655
911 -1.10658447763625
912 -1.107028167729644
913 -1.10743056862968
914 -1.107883404888868
915 -1.108292153326157
916 -1.108705443816144
917 -1.109167619987572
918 -1.109580799384976
919 -1.11004078480006
920 -1.110450911231582
921 -1.110861006550342
922 -1.111313103729331
923 -1.111713308283251
924 -1.11210919079705
925 -1.112543216315322
926 -1.112924277334334
927 -1.113340775714437
928 -1.113705012884682
929 -1.114060245214446
930 -1.114446026075036
931 -1.114779154473969
932 -1.115138966919605
933 -1.115447801257524
934 -1.115779133548696
935 -1.116061649635171
936 -1.116363983243913
937 -1.116618295571576
938 -1.116888237496033
939 -1.117139915072154
940 -1.117373708812137
941 -1.117567951931927
942 -1.117771266851161
943 -1.117956632793308
944 -1.118124557695309
945 -1.118275728536759
946 -1.118411001806376
947 -1.118529880666159
948 -1.118632713683042
949 -1.118720371259594
950 -1.118793429986761
951 -1.118852819908944
952 -1.118899069262529
953 -1.118932323043877
954 -1.118953801720085
955 -1.118963560440908
956 -1.118962334813377
957 -1.118951188868843
958 -1.118930963324265
959 -1.118901735842742
960 -1.118863796199069
961 -1.11881834779371
962 -1.118766485289527
963 -1.118707656011613
964 -1.118643684243131
965 -1.118568224121641
966 -1.118499790380515
967 -1.118429521915567
968 -1.118357055837429
969 -1.118284079400672
970 -1.118209404257893
971 -1.118134297379848
972 -1.118058817373488
973 -1.117974326247287
974 -1.117904369330648
975 -1.117835108985435
976 -1.117769743273284
977 -1.117709535211027
978 -1.117653936941183
979 -1.117604667274967
980 -1.117560604348884
981 -1.117522625325691
982 -1.1174902431177
983 -1.117452447233644
984 -1.117437929532139
985 -1.117431457106603
986 -1.117433271993231
987 -1.117443749585499
988 -1.117462371382871
989 -1.1174898575827
990 -1.117526383181077
991 -1.117572818617646
992 -1.117628484428546
993 -1.11769343935305
994 -1.117768867550348
995 -1.11785316256708
996 -1.117946155029325
997 -1.118048337987954
998 -1.118159850083455
999 -1.118280307028595
1000 -1.118409176654938
1001 -1.118547950393584
1002 -1.118693852759418
1003 -1.118847600232839
1004 -1.119009635860208
1005 -1.119179213483741
1006 -1.119355666793652
1007 -1.119538374029998
1008 -1.119727859074067
1009 -1.119922356298326
1010 -1.120122528744249
1011 -1.120327403898532
1012 -1.120536409257435
1013 -1.120749000861665
1014 -1.120965004661153
1015 -1.121184088424247
1016 -1.121404922161246
1017 -1.121627491181187
1018 -1.121852256821949
1019 -1.122076861602256
1020 -1.12230154837708
1021 -1.122525998625202
1022 -1.122750108766374
1023 -1.122973456850539
1024 -1.123194097506008
1025 -1.123411409110224
1026 -1.123626195728232
1027 -1.123838301583113
1028 -1.12404726180193
1029 -1.124253073597429
1030 -1.124454230395735
1031 -1.124650208234956
1032 -1.124841330063394
1033 -1.125026754063399
1034 -1.125206472019969
1035 -1.12537899024558
1036 -1.125545198721264
1037 -1.125705518648699
1038 -1.125858952461717
1039 -1.126006233588333
1040 -1.126146994697655
1041 -1.126280119989492
1042 -1.126406051545604
1043 -1.126523554547531
1044 -1.126633466700849
1045 -1.126736474162891
1046 -1.126832016476147
1047 -1.12692000487651
1048 -1.127000297485483
1049 -1.127072474196667
1050 -1.127138435066036
1051 -1.12719679666786
1052 -1.127248861913326
1053 -1.127293073535507
1054 -1.127331775260659
1055 -1.127363655016257
1056 -1.127389576258413
1057 -1.127409833217998
1058 -1.12742429629428
1059 -1.127432918162961
1060 -1.127436041484936
1061 -1.127434445146182
1062 -1.127427264505724
1063 -1.127415821527415
1064 -1.127400761801267
1065 -1.127383277443537
1066 -1.12736341550183
1067 -1.127340207608155
1068 -1.127314765287849
1069 -1.127285942486395
1070 -1.127255493236716
1071 -1.127223070449079
1072 -1.127189710438179
1073 -1.127155353716321
1074 -1.127119967356624
1075 -1.127084277721958
1076 -1.127048972946393
1077 -1.127014916963075
1078 -1.126982295678567
1079 -1.126950786387267
1080 -1.126921026123294
1081 -1.126893209483882
1082 -1.126867240360959
1083 -1.126842457705182
1084 -1.126819448418791
1085 -1.126798873696078
1086 -1.126781276969573
1087 -1.126767324660762
1088 -1.12675772369599
1089 -1.126749983045623
1090 -1.126746584849883
1091 -1.126746506818727
1092 -1.126750131959906
1093 -1.12675746646724
1094 -1.126757423082688
1095 -1.126774382408466
1096 -1.126795277879863
1097 -1.126808256507144
1098 -1.126840012601994
1099 -1.126874144301497
1100 -1.126899035748513
1101 -1.12694348860349
1102 -1.126977239436261
1103 -1.127031315263437
1104 -1.127073015515003
1105 -1.127134420031975
1106 -1.127183697225253
1107 -1.12723759849307
1108 -1.127311537734009
1109 -1.127370954307281
1110 -1.127433893068327
1111 -1.127517929610197
1112 -1.127585499287179
1113 -1.127656639936345
1114 -1.127747194749259
1115 -1.127821205447491
1116 -1.127897073352571
1117 -1.127975955374516
1118 -1.128074778576687
1119 -1.128155855703982
1120 -1.128238662197805
1121 -1.128323029385511
1122 -1.12840902227475
1123 -1.12851285688934
1124 -1.128596289094207
1125 -1.128679996125839
1126 -1.128763708040313
1127 -1.128846522140004
1128 -1.128947297876347
1129 -1.129027438714318
1130 -1.129106808438652
1131 -1.129184908439067
1132 -1.129278869694048
1133 -1.129352403994725
1134 -1.129424072912615
1135 -1.129494025587735
1136 -1.129577510744963
1137 -1.129641724010207
1138 -1.129704101961451
1139 -1.129763954698523
1140 -1.129837408773444
1141 -1.129890149171739
1142 -1.12994022985961
1143 -1.130002064939184
1144 -1.130044527790838
1145 -1.130083588354371
1146 -1.130133595184748
1147 -1.130165574012082
1148 -1.130194523275172
1149 -1.130232573565051
1150 -1.130253795852436
1151 -1.130284114639085
1152 -1.130297217958967
1153 -1.130308798800355
1154 -1.130329082309403
1155 -1.130333877091733
1156 -1.130346789677937
1157 -1.130345171706875
1158 -1.130350760032755
1159 -1.130341987271504
1160 -1.130341512407579
1161 -1.130326958280046
1162 -1.130319637559118
1163 -1.130308326176102
1164 -1.130285426917661
1165 -1.13026942661999
1166 -1.130250471687636
1167 -1.13022261101709
1168 -1.130200345288144
1169 -1.130175422441824
1170 -1.13014129525693
1171 -1.130113978798662
1172 -1.130084792914977
1173 -1.130046501030485
1174 -1.130016354542955
1175 -1.129984579188525
1176 -1.129945232014735
1177 -1.129913260621207
1178 -1.129873899986207
1179 -1.129844205340408
1180 -1.129806882845779
1181 -1.129777911377474
1182 -1.129740495614429
1183 -1.129711790267879
1184 -1.129676155756493
1185 -1.129649257443955
1186 -1.129613749089989
1187 -1.129587561721704
1188 -1.129554181835337
1189 -1.129531870948404
1190 -1.129502475882799
1191 -1.129475969462023
1192 -1.129460721347581
1193 -1.129436714406021
1194 -1.129415500627295
1195 -1.129405664533524
1196 -1.129387220254721
1197 -1.129369894393394
1198 -1.129355081037696
1199 -1.12935274538659
1200 -1.129340992702403
1201 -1.12933211535164
1202 -1.129326385844887
1203 -1.129322291352187
1204 -1.129321069410114
1205 -1.129321366614524
1206 -1.129334908002126
1207 -1.129337442041636
1208 -1.129342943001208
1209 -1.129350496047027
1210 -1.129359851565632
1211 -1.129370658970674
1212 -1.129383407160175
1213 -1.12939751989594
1214 -1.129413028635255
1215 -1.129430002550965
1216 -1.12944760713593
1217 -1.129465226081636
1218 -1.129484364596302
1219 -1.129504967292261
1220 -1.129526844453262
1221 -1.129549710680148
1222 -1.129574211602573
1223 -1.129598040480506
1224 -1.129622638297504
1225 -1.129647043072143
1226 -1.129671065570393
1227 -1.129693872966062
1228 -1.12971702386287
1229 -1.129739885483422
1230 -1.129762252875411
1231 -1.129783043770181
1232 -1.129804363170331
1233 -1.129823479966821
1234 -1.129842358347258
1235 -1.129860041832625
1236 -1.129878016026484
1237 -1.129894374190632
1238 -1.129910024563186
1239 -1.129923433539238
1240 -1.129936935298336
1241 -1.1299474778863
1242 -1.129957647875415
1243 -1.129964558812697
1244 -1.129970759385183
1245 -1.129973724338641
1246 -1.12997582022277
1247 -1.129975617654248
1248 -1.12997484864024
1249 -1.129970420919998
1250 -1.129965141897442
1251 -1.129958691738692
1252 -1.129950298279656
1253 -1.129939877680204
1254 -1.129927221586502
1255 -1.129920266617223
1256 -1.129903018848406
1257 -1.12988305773639
1258 -1.129861077591274
1259 -1.129838144370841
1260 -1.129813121253459
1261 -1.12978694598954
1262 -1.12975856434107
1263 -1.129735442204983
1264 -1.129703966819026
1265 -1.129670384870081
1266 -1.129634833779752
1267 -1.129599449976277
1268 -1.129562141376531
1269 -1.129530054915529
1270 -1.129490923713897
1271 -1.129451207013207
1272 -1.129410497889769
1273 -1.129368981762277
1274 -1.129330651227171
1275 -1.129286502093713
1276 -1.129241149196826
1277 -1.129199789734997
1278 -1.129151781918241
1279 -1.129104585185865
1280 -1.129062025740717
1281 -1.129013573511385
1282 -1.128965695967359
1283 -1.128923028264556
1284 -1.12887557460987
1285 -1.128828322697848
1286 -1.128784754989894
1287 -1.128737247347727
1288 -1.128691003097753
1289 -1.128649294657161
1290 -1.128602247792995
1291 -1.128556928944851
1292 -1.128515903307609
1293 -1.128470980836816
1294 -1.128431337753638
1295 -1.128388266306786
1296 -1.128346600895613
1297 -1.128309709339832
1298 -1.128267847819529
1299 -1.128232298656994
1300 -1.128191806571457
1301 -1.128157278369023
1302 -1.128119497423887
1303 -1.12808280601388
1304 -1.128052839678275
1305 -1.12801782533868
1306 -1.127989869467892
1307 -1.127956917183209
1308 -1.127930746259217
1309 -1.127900567460345
1310 -1.127875561371617
1311 -1.127846827791566
1312 -1.127825071048522
1313 -1.127797063436216
1314 -1.127775313411018
1315 -1.127754566091686
1316 -1.127730097619219
1317 -1.127711641512801
1318 -1.127693030414483
1319 -1.127670918388717
1320 -1.127653239034415
1321 -1.127636686369002
1322 -1.127615422732969
1323 -1.127600290133144
1324 -1.127585286370059
1325 -1.127569503990529
1326 -1.12755517774101
1327 -1.127540340839504
1328 -1.127525695370877
1329 -1.127510365927381
1330 -1.127495145549464
1331 -1.127480586993865
1332 -1.127465246664401
1333 -1.127450079035244
1334 -1.12743533103564
1335 -1.127420652853326
1336 -1.127406105952141
1337 -1.127391133085644
1338 -1.127376155867416
1339 -1.127359502131583
1340 -1.127342788887635
1341 -1.127325523791682
1342 -1.127308603259105
1343 -1.127290248498537
1344 -1.12727211700384
1345 -1.127252387995037
1346 -1.127233100006406
1347 -1.12721208390342
1348 -1.12719110079913
1349 -1.127170191230894
1350 -1.127147280759997
1351 -1.127124358670524
1352 -1.127100049677781
1353 -1.127075277685431
1354 -1.127049931925181
1355 -1.127023483744318
1356 -1.126997095303975
1357 -1.126969420282149
1358 -1.126940491065624
1359 -1.126909735142008
1360 -1.126879066868606
1361 -1.126846100573605
1362 -1.126812470022182
1363 -1.12677809516741
1364 -1.126743655174791
1365 -1.126708551490386
1366 -1.126673108130662
1367 -1.126638116564876
1368 -1.126601068648725
1369 -1.126562946900468
1370 -1.126525478869512
1371 -1.126485773798408
1372 -1.126445247934858
1373 -1.126404195593358
1374 -1.126362686009093
1375 -1.126320548464667
1376 -1.126277750381273
1377 -1.126235026158926
1378 -1.126191571597106
1379 -1.126148370753318
1380 -1.126103994666495
1381 -1.126059564073603
1382 -1.126015240400208
1383 -1.125970662703001
1384 -1.125925742572151
1385 -1.125880847397393
1386 -1.125836063470604
1387 -1.125791354995356
1388 -1.125747167909313
1389 -1.12570248190157
1390 -1.125658633220234
1391 -1.125613192819287
1392 -1.125567261927738
1393 -1.125520602698687
1394 -1.125475447367705
1395 -1.125431275832211
1396 -1.125386502189628
1397 -1.12534291628633
1398 -1.125299539596969
1399 -1.125256560928099
1400 -1.125214113622005
1401 -1.125171910386104
1402 -1.125130267998697
1403 -1.125089623094214
1404 -1.125047944004349
1405 -1.125007271546765
1406 -1.124968200470105
1407 -1.124929117691524
1408 -1.124888113759464
1409 -1.124848614633276
1410 -1.124810543763468
1411 -1.124772295306022
1412 -1.124734133483278
1413 -1.124697149041891
1414 -1.124660636372236
1415 -1.1246259668721
1416 -1.124591052500935
1417 -1.124556530647416
1418 -1.12452231665557
1419 -1.124488720134775
1420 -1.124455768680491
1421 -1.12442277113047
1422 -1.124389237500121
1423 -1.124356729587029
1424 -1.124323352818217
1425 -1.12429156337992
1426 -1.124260329735495
1427 -1.124229861599274
1428 -1.12419977488368
1429 -1.124170240528083
1430 -1.12414146812686
1431 -1.124111511701404
1432 -1.124081283353395
1433 -1.124050879947595
1434 -1.124021073934149
1435 -1.123991703174782
1436 -1.123963208425328
1437 -1.123934588295485
1438 -1.123905967848086
1439 -1.123878105190649
1440 -1.12384889122618
1441 -1.123818950770595
1442 -1.123789418198019
1443 -1.123761030676023
1444 -1.123731448412528
1445 -1.123702591835464
1446 -1.123673314942131
1447 -1.123644206220537
1448 -1.123614791186404
1449 -1.123586014002406
1450 -1.123556262157846
1451 -1.123526394329827
1452 -1.123496003024092
1453 -1.12346537135523
1454 -1.123434164641236
1455 -1.123402617933581
1456 -1.123370922923887
1457 -1.123338715047849
1458 -1.123306373110705
1459 -1.12327429667166
1460 -1.123242507987008
1461 -1.123209398877682
1462 -1.123177188666442
1463 -1.123143870468819
1464 -1.123110083543882
1465 -1.123075976380249
1466 -1.123041313784962
1467 -1.123006597103152
1468 -1.122971696591578
1469 -1.122937018652391
1470 -1.122901397304994
1471 -1.122864530361327
1472 -1.122828331973165
1473 -1.122791948479131
1474 -1.122754955029903
1475 -1.122719064436464
1476 -1.122683092690403
1477 -1.12264663675747
1478 -1.122610096441976
1479 -1.122572134758649
1480 -1.122534275453063
1481 -1.122495783658299
1482 -1.122457323462245
1483 -1.122419248353732
1484 -1.122382002209274
1485 -1.122342780327507
1486 -1.122304551945394
1487 -1.122267250746118
1488 -1.122229702733281
1489 -1.122191885876883
1490 -1.122154108050177
1491 -1.122116899165754
1492 -1.122079930114352
1493 -1.122043535474885
1494 -1.122006887660989
1495 -1.121970228250226
1496 -1.121931985451314
1497 -1.121893452660312
1498 -1.121855355248516
1499 -1.121817427433166
1500 -1.121780190354009
1501 -1.121744006266042
1502 -1.121708918206463
1503 -1.121673745822649
1504 -1.12163916219016
1505 -1.121605305549924
1506 -1.121570377977887
1507 -1.121535925068093
1508 -1.121502090076944
1509 -1.121468653998158
1510 -1.121435859888393
1511 -1.121402323957412
1512 -1.121368679662716
1513 -1.121336547298939
1514 -1.121304030518247
1515 -1.121272514245586
1516 -1.121241390523413
1517 -1.121209501073331
1518 -1.121178051347067
1519 -1.121148128759775
1520 -1.121117850406601
1521 -1.121088986694754
1522 -1.121060585841162
1523 -1.121032485614747
1524 -1.121004572695791
1525 -1.120977697189795
1526 -1.120949682993437
1527 -1.120922009590091
1528 -1.12089446762575
1529 -1.120867257516598
1530 -1.120840880725478
1531 -1.120815497472013
1532 -1.120789178452643
1533 -1.120763137951631
1534 -1.120737917433441
1535 -1.120712602613975
1536 -1.120687502939537
1537 -1.12066266238663
1538 -1.120638134448274
1539 -1.120614306492102
1540 -1.1205915253371
1541 -1.120568709452086
1542 -1.120545086075022
1543 -1.12052128915626
1544 -1.12049759059972
1545 -1.120475126251682
1546 -1.120451364908701
1547 -1.120428269601036
1548 -1.120404549823408
1549 -1.120381487085599
1550 -1.120358700206883
1551 -1.12033585905119
1552 -1.120313353447176
1553 -1.120291493365365
1554 -1.120269181866398
1555 -1.120246880932768
1556 -1.120225268858677
1557 -1.120202636967732
1558 -1.120179402785055
1559 -1.120156857979764
1560 -1.120134750444505
1561 -1.120113162639268
1562 -1.120091833775741
1563 -1.120069205272771
1564 -1.12004656180166
1565 -1.12002398856244
1566 -1.120001925616581
1567 -1.119978149583551
1568 -1.1199545822596
1569 -1.119930945949431
1570 -1.119908153804386
1571 -1.119886046918335
1572 -1.119864715684305
1573 -1.119842098269253
1574 -1.119820334013455
1575 -1.119797407138009
1576 -1.11977380962113
1577 -1.11975031563122
1578 -1.119727325516097
1579 -1.119703388846014
1580 -1.119680338358472
1581 -1.119657506542526
1582 -1.119633876553349
1583 -1.11961062698623
1584 -1.119588194718657
1585 -1.119565883117206
1586 -1.11954362224403
1587 -1.119521319795714
1588 -1.119497763632186
1589 -1.119474549718025
1590 -1.119452116137873
1591 -1.119429683698497
1592 -1.119408672175456
1593 -1.119387251791475
1594 -1.119363635918684
1595 -1.119340779131183
1596 -1.119319180118058
1597 -1.119297427511813
1598 -1.119276277254844
1599 -1.119254280462048
1600 -1.119232502943178
1601 -1.119211300200381
1602 -1.119191373399586
1603 -1.119171217012189
1604 -1.119151320393544
1605 -1.119131120234769
1606 -1.119111440900785
1607 -1.119092279869535
1608 -1.119073757686869
1609 -1.119056251825269
1610 -1.119036708687117
1611 -1.119017836017341
1612 -1.119000228129832
1613 -1.118983439364393
1614 -1.118967513642004
1615 -1.118950315326614
1616 -1.118933894130553
1617 -1.118917711731186
1618 -1.118902652345302
1619 -1.118888121649694
1620 -1.118874320169264
1621 -1.118860253082131
1622 -1.118846446284846
1623 -1.118832234462906
1624 -1.118819837464214
1625 -1.118807061036458
1626 -1.118793029510213
1627 -1.118780206413574
1628 -1.118768103483389
1629 -1.118756502576135
1630 -1.118745639349952
1631 -1.118735392524135
1632 -1.118724827961095
1633 -1.118715024239458
1634 -1.118705469587082
1635 -1.118695620070452
1636 -1.118686519891348
1637 -1.118677783848639
1638 -1.118669669774075
1639 -1.118660669985348
1640 -1.118651617943512
1641 -1.118642421385695
1642 -1.118633652725647
1643 -1.118625725110597
1644 -1.118618729963874
1645 -1.118611519931029
1646 -1.118604367531687
1647 -1.118597749417187
1648 -1.118591278482284
1649 -1.118583835582153
1650 -1.118577135110906
1651 -1.118571764034001
1652 -1.118566102804286
1653 -1.118560051344854
1654 -1.118553974499783
1655 -1.118547782549439
1656 -1.118542109245069
1657 -1.118536778514927
1658 -1.118532455229331
1659 -1.118526449788039
1660 -1.118521601272111
1661 -1.118518055759973
1662 -1.118512961693066
1663 -1.118508400563924
1664 -1.118504128175912
1665 -1.11850007788004
1666 -1.118497270813211
1667 -1.118493373077241
1668 -1.118489293997884
1669 -1.118485532072455
1670 -1.11848205936489
1671 -1.118478725845268
1672 -1.11847544256383
1673 -1.118473685870907
1674 -1.118468984909178
1675 -1.118465231444197
1676 -1.11846286266674
1677 -1.118460094630261
1678 -1.118456927048199
1679 -1.118454070530314
1680 -1.118451440328504
1681 -1.11844985030516
1682 -1.118448257044001
1683 -1.118446562282979
1684 -1.118445222299419
1685 -1.118444568229675
1686 -1.118444130367499
1687 -1.118442994417059
1688 -1.118443125559615
1689 -1.118441665786056
1690 -1.118440364267209
1691 -1.118440166827188
1692 -1.118439411531736
1693 -1.118438531189624
1694 -1.118438626677991
1695 -1.118438653264975
1696 -1.118440410911564
1697 -1.118441658449403
1698 -1.118443296197603
1699 -1.118445222897519
1700 -1.118446981584035
1701 -1.118448846121174
1702 -1.118451385472507
1703 -1.118454467481497
1704 -1.1184555697373
1705 -1.118458669476543
1706 -1.118462296807404
1707 -1.118466277397704
1708 -1.118470956082901
1709 -1.118474490041341
1710 -1.118478494500706
1711 -1.118482750151781
1712 -1.118488225807915
1713 -1.118492913727802
1714 -1.11849832706028
1715 -1.118503860792473
1716 -1.118510627284729
1717 -1.118517505199956
1718 -1.118525038089439
1719 -1.118531999254924
1720 -1.118538749768283
1721 -1.11854675652382
1722 -1.118554804557709
1723 -1.118563118282319
1724 -1.118572534385583
1725 -1.118580851283563
1726 -1.11858950881863
1727 -1.118599213420966
1728 -1.118609430659815
1729 -1.118619358022098
1730 -1.118630146961706
1731 -1.11864217907186
1732 -1.11865447629787
1733 -1.118666210841657
1734 -1.118677941862972
1735 -1.118688457355883
1736 -1.118700362709492
1737 -1.118712993796801
1738 -1.118726558290277
1739 -1.11874004524883
1740 -1.118753188521807
1741 -1.118765065882092
1742 -1.118777844240749
1743 -1.118792513597964
1744 -1.11880731376631
1745 -1.118822101961957
1746 -1.118838001798987
1747 -1.11885399234276
1748 -1.118869498365512
1749 -1.118885986535149
1750 -1.118901114715737
1751 -1.118915597797425
1752 -1.118931610673912
1753 -1.118948575667426
1754 -1.118965698009653
1755 -1.118982546000777
1756 -1.118999574042736
1757 -1.119018118311892
1758 -1.119036289979569
1759 -1.119054010755344
1760 -1.119071938016815
1761 -1.119090256023384
1762 -1.119109208467223
1763 -1.119127627124437
1764 -1.119147371476471
1765 -1.119166370344051
1766 -1.119185154114896
1767 -1.119205793942029
1768 -1.11922572997612
1769 -1.119246176828072
1770 -1.119265984453176
1771 -1.119287140069355
1772 -1.11930711847141
1773 -1.119327389670487
1774 -1.119348602958072
1775 -1.11936950442023
1776 -1.119390526586031
1777 -1.119412450600949
1778 -1.119432130753998
1779 -1.119453764494275
1780 -1.119475823658125
1781 -1.119497478360529
1782 -1.119519523678388
1783 -1.119542254747191
1784 -1.119565271544103
1785 -1.119588214771359
1786 -1.119610316226855
1787 -1.119632914014338
1788 -1.119656285429344
1789 -1.119680522703246
1790 -1.119704034496853
1791 -1.119727160728483
1792 -1.119750287480737
1793 -1.119775591112192
1794 -1.11980055872437
1795 -1.119826518182689
1796 -1.119850964081743
1797 -1.119875906960824
1798 -1.119899742130884
1799 -1.119925404907303
1800 -1.119950697891264
1801 -1.11997471232532
1802 -1.119999240320119
1803 -1.120024233729173
1804 -1.120051970309739
1805 -1.120079462052834
1806 -1.120107443136579
1807 -1.120135900287064
1808 -1.120163450527172
1809 -1.120191746203168
1810 -1.120218623999475
1811 -1.120246274242851
1812 -1.120274872733184
1813 -1.120303290874691
1814 -1.120331095929302
1815 -1.120360159577938
1816 -1.120389824440419
1817 -1.120420164155647
1818 -1.120449081573647
1819 -1.120478598038129
1820 -1.120508967340979
1821 -1.120540343106829
1822 -1.120572862525318
1823 -1.120604018202983
1824 -1.120635962550983
1825 -1.120667126046464
1826 -1.120699741087083
1827 -1.120730832162829
1828 -1.120761871608868
1829 -1.12079405010233
1830 -1.120827477444629
1831 -1.120861064900085
1832 -1.120894400598455
1833 -1.120927483699344
1834 -1.120961415263546
1835 -1.120995282761175
1836 -1.121029458704412
1837 -1.121064347674154
1838 -1.121100862882173
1839 -1.121136289214475
1840 -1.121173506481295
1841 -1.121207974528432
1842 -1.121244420302579
1843 -1.121279934040569
1844 -1.121315709527867
1845 -1.121351064773287
1846 -1.121387016224568
1847 -1.121423722271125
1848 -1.121461437931808
1849 -1.121499769326791
1850 -1.121538199637589
1851 -1.121577022615501
1852 -1.121614835262528
1853 -1.121652051518523
1854 -1.121690166712714
1855 -1.121729620628895
1856 -1.121768213581501
1857 -1.121806502204781
1858 -1.121845226553166
1859 -1.121883608913588
1860 -1.121922039682838
1861 -1.12196188214692
1862 -1.122002996444997
1863 -1.122043720352038
1864 -1.12208484196313
1865 -1.12212768006689
1866 -1.122168799220874
1867 -1.122208940618352
1868 -1.122249263900432
1869 -1.122291205817545
1870 -1.122333700386185
1871 -1.12237280356179
1872 -1.122412925020314
1873 -1.12245335165369
1874 -1.122496226828463
1875 -1.122537933886215
1876 -1.122580175508711
1877 -1.122622953092873
1878 -1.12266511412264
1879 -1.122707673188258
1880 -1.122751139358527
1881 -1.122793703881285
1882 -1.122836702593952
1883 -1.122879912410818
1884 -1.122922550129505
1885 -1.122964564259651
1886 -1.123008561507385
1887 -1.123052225208379
1888 -1.123095828973024
1889 -1.123140675682289
1890 -1.123185001168632
1891 -1.123229631292894
1892 -1.123275348110928
1893 -1.123320870011708
1894 -1.123365748786408
1895 -1.123409594174588
1896 -1.123452929821494
1897 -1.123497169175639
1898 -1.123541603543605
1899 -1.123585893797948
1900 -1.123630848537473
1901 -1.123675514315072
1902 -1.123721832280632
1903 -1.12376814920188
1904 -1.123814443040013
1905 -1.12386090232091
1906 -1.123907421851719
1907 -1.12395367757024
1908 -1.124000051292542
1909 -1.124047222192805
1910 -1.124094363209965
1911 -1.124142156114925
1912 -1.124190618619598
1913 -1.124239435856796
1914 -1.124286616862148
1915 -1.124333965599689
1916 -1.124380846752001
1917 -1.12442906735263
1918 -1.124477273719883
1919 -1.124525123496067
1920 -1.124572058718098
1921 -1.124619650738113
1922 -1.124667868792412
1923 -1.124716645404814
1924 -1.124767964877985
1925 -1.124819899256925
1926 -1.124869235223547
1927 -1.124918582770156
1928 -1.124967581192523
1929 -1.125016408144421
1930 -1.125065958552144
1931 -1.125116710797404
1932 -1.125167537166068
1933 -1.12521806482226
1934 -1.125268651373458
1935 -1.125320193995713
1936 -1.12537193183696
1937 -1.12542386930786
1938 -1.125476227738349
1939 -1.125528606858847
1940 -1.12558042319687
1941 -1.12563071661845
1942 -1.125682093443113
1943 -1.125733906141118
1944 -1.125785372934571
1945 -1.125837228604493
1946 -1.125890057521464
1947 -1.125943671941139
1948 -1.125997728682881
1949 -1.126051143235505
1950 -1.126104931327275
1951 -1.126158662226539
1952 -1.126212839666087
1953 -1.12626681637049
1954 -1.126319257227719
1955 -1.126373276378276
1956 -1.126425415965214
1957 -1.126477263005127
1958 -1.12653047488392
1959 -1.126586623301712
1960 -1.126642833354584
1961 -1.126696384539086
1962 -1.126750258738501
1963 -1.126805430190853
1964 -1.126860452325651
1965 -1.126914484966682
1966 -1.126969659803235
1967 -1.127025491425336
1968 -1.127080416401152
1969 -1.127135598963583
1970 -1.127189763741924
1971 -1.127245201626416
1972 -1.1273002589632
1973 -1.12735669537094
1974 -1.127412555441373
1975 -1.127467860413471
1976 -1.127524581818126
1977 -1.12757962155249
1978 -1.127634964114556
1979 -1.127690646787904
1980 -1.12774551893007
1981 -1.127801065326476
1982 -1.127857074393764
1983 -1.127911871595188
1984 -1.127967814710394
1985 -1.128024654505535
1986 -1.128080575630975
1987 -1.128138875795226
1988 -1.128196008139209
1989 -1.12825314088952
1990 -1.12831088243505
1991 -1.12836736705998
1992 -1.128423484263466
1993 -1.128479748967795
1994 -1.128537266884067
1995 -1.128594403918496
1996 -1.12865330143933
1997 -1.128710579498494
1998 -1.128768016481584
1999 -1.128825195157554
2000 -1.128883187635242
2001 -1.128939521431261
2002 -1.128994967254049
2003 -1.129052276046894
2004 -1.129109164082498
2005 -1.129167301710838
2006 -1.129225240642328
2007 -1.12928321706898
2008 -1.129341461758954
2009 -1.129398789345286
2010 -1.129457761555238
2011 -1.12951595642847
2012 -1.129575359000796
2013 -1.129632830514944
2014 -1.12968862497129
2015 -1.129748816835409
2016 -1.129809885889319
2017 -1.129870547973085
2018 -1.129926374581013
2019 -1.129985314567248
2020 -1.130043019988561
2021 -1.130100646753389
2022 -1.130160031562292
2023 -1.130219240141638
2024 -1.130277809893071
2025 -1.130338754362766
2026 -1.130397633553304
2027 -1.130457614598498
2028 -1.130518151499123
2029 -1.130578813121756
2030 -1.130636072465212
2031 -1.13069505282293
2032 -1.130753345718905
2033 -1.130811391421572
2034 -1.130873271433832
2035 -1.130934821486777
2036 -1.130992782020929
2037 -1.131053690384872
2038 -1.131112588405599
2039 -1.131173898829213
2040 -1.131233606802738
2041 -1.131295889797394
2042 -1.131355552743042
2043 -1.131415083918631
2044 -1.131472759493443
2045 -1.131532630759133
2046 -1.131590314642615
2047 -1.131652017531454
2048 -1.13171428016168
2049 -1.131774106306527
2050 -1.131836133857957
2051 -1.131894516556185
2052 -1.131956029985375
2053 -1.132015293639365
2054 -1.132076699383771
2055 -1.132137453293173
2056 -1.132196575956073
2057 -1.132260250895085
2058 -1.13232008306258
2059 -1.132382479938455
2060 -1.1324422618993
2061 -1.132503390566402
2062 -1.132562662038569
2063 -1.132623909528337
2064 -1.132682993793036
2065 -1.132744542224207
2066 -1.132803232105718
2067 -1.132866657899068
2068 -1.132925593134865
2069 -1.132989440730898
2070 -1.133048986556099
2071 -1.133111346632022
2072 -1.133170998503677
2073 -1.133233670482824
2074 -1.133292614629538
2075 -1.133355555640907
2076 -1.133416395529429
2077 -1.133478837375106
2078 -1.13353873149748
2079 -1.133601547586296
2080 -1.133660390385356
2081 -1.133717741966706
2082 -1.133777732450122
2083 -1.133841168493091
2084 -1.133900057544137
2085 -1.133963850114357
2086 -1.134027008813543
2087 -1.134087018197041
2088 -1.13414986090841
2089 -1.134208837438037
2090 -1.13427152426391
2091 -1.134329016609982
2092 -1.134391222638557
2093 -1.134450958450741
2094 -1.134513417388271
2095 -1.134575489316626
2096 -1.134637646936597
2097 -1.134696343695299
2098 -1.134758879273694
2099 -1.134816946054643
2100 -1.134880576007132
2101 -1.134940886115454
2102 -1.135003372490759
2103 -1.135061330822766
2104 -1.135119425397423
2105 -1.13517904935293
2106 -1.135242798957996
2107 -1.135302298814327
2108 -1.135359833813824
2109 -1.135417931154143
2110 -1.13548019661099
2111 -1.135539496497801
2112 -1.13559906320068
2113 -1.135659343075063
2114 -1.135723752522411
2115 -1.135785989425095
2116 -1.135846208796498
2117 -1.135906924809441
2118 -1.135965978996153
2119 -1.136024193580038
2120 -1.136086931020147
2121 -1.136146714302387
2122 -1.136207323266801
2123 -1.136265423339148
2124 -1.136325296898032
2125 -1.136386109791919
2126 -1.136451001698008
2127 -1.136511673113061
2128 -1.136570552619802
2129 -1.136630852775127
2130 -1.136694033271576
2131 -1.136755864782565
2132 -1.136816400709869
2133 -1.136875131254092
2134 -1.136938214234677
2135 -1.136996748105918
2136 -1.137055959866475
2137 -1.137115862610705
2138 -1.137180826489858
2139 -1.137241459059284
2140 -1.137300685237643
2141 -1.137360021641084
2142 -1.137420371878624
2143 -1.137481410548129
2144 -1.1375424634689
2145 -1.137600265862263
2146 -1.137658391855339
2147 -1.137720448669213
2148 -1.137779792270007
2149 -1.137844786347229
2150 -1.13790843583701
2151 -1.137971629883619
2152 -1.138032410021829
2153 -1.138093225559109
2154 -1.138152934979519
2155 -1.138212909129517
2156 -1.138272291701538
2157 -1.138333547271453
2158 -1.138394319269942
2159 -1.138454965807743
2160 -1.138514944076599
2161 -1.13857504795593
2162 -1.138635485875698
2163 -1.13869554920097
2164 -1.138754277220696
2165 -1.138810242865535
2166 -1.138867702748853
2167 -1.138926823911879
2168 -1.13898546267679
2169 -1.139045242380997
2170 -1.139104357047707
2171 -1.139163290779069
2172 -1.139222386449061
2173 -1.139280371872364
2174 -1.139338937882254
2175 -1.139397287269847
2176 -1.13945703329784
2177 -1.139514615887032
2178 -1.139570556765602
2179 -1.139628995055988
2180 -1.139684543647981
2181 -1.139739953477518
2182 -1.139799308141295
2183 -1.139852262639217
2184 -1.139909156660756
2185 -1.139962508182912
2186 -1.140022287591112
2187 -1.140078569645583
2188 -1.140139619815171
2189 -1.140199311027426
2190 -1.140258952633997
2191 -1.140318891054674
2192 -1.140376814459058
2193 -1.140434064825906
2194 -1.140491595621811
2195 -1.140550452462063
2196 -1.140607191783637
2197 -1.140664376649297
2198 -1.140721982695682
2199 -1.140780356800013
2200 -1.140838414521922
2201 -1.140895068380247
2202 -1.140950133545055
2203 -1.141006929316151
2204 -1.141062341739201
2205 -1.141120291914483
2206 -1.141177944680571
2207 -1.141236545829036
2208 -1.141295531150548
2209 -1.141352393373492
2210 -1.141410044701724
2211 -1.141467694690478
2212 -1.141527006958872
2213 -1.141582918937627
2214 -1.141637653630728
2215 -1.141691246359405
2216 -1.141746879781066
2217 -1.141802822780366
2218 -1.141859770543782
2219 -1.141917084225953
2220 -1.141974102693984
2221 -1.142031963602207
2222 -1.142087634501694
2223 -1.14214392878102
2224 -1.142196606906318
2225 -1.142253131213734
2226 -1.142308971024624
2227 -1.142363829581738
2228 -1.142416139632461
2229 -1.142472491837259
2230 -1.142524747792135
2231 -1.142580342334357
2232 -1.14263575147481
2233 -1.142688332893817
2234 -1.142747652326702
2235 -1.142801498108478
2236 -1.142855846142818
2237 -1.142911573857379
2238 -1.142970114611133
2239 -1.143026453663515
2240 -1.143079496734151
2241 -1.143135213165864
2242 -1.143186727923975
2243 -1.143238745590761
2244 -1.143293462254974
2245 -1.143351189102638
2246 -1.143404383329027
2247 -1.143457718457464
2248 -1.143512899121926
2249 -1.14357169470536
2250 -1.143626746002757
2251 -1.143684482279566
2252 -1.143737762751601
2253 -1.143793133386217
2254 -1.143845223529596
2255 -1.143898542935074
2256 -1.143952563152149
2257 -1.14400729082289
2258 -1.144062376134687
2259 -1.144120213306626
2260 -1.144173046322828
2261 -1.144226309276778
2262 -1.144281351424947
2263 -1.144333331076472
2264 -1.144384232292171
2265 -1.14443896315701
2266 -1.144494618634178
2267 -1.144550001820124
2268 -1.144604564972625
2269 -1.144654708827408
2270 -1.144710243423673
2271 -1.144762886352419
2272 -1.144820190649137
2273 -1.144872846847393
2274 -1.144929822729895
2275 -1.144983474687347
2276 -1.145036258519586
2277 -1.145086261140091
2278 -1.145135719760092
2279 -1.145184411960214
2280 -1.145230270439218
2281 -1.14528410938294
2282 -1.145332158028243
2283 -1.145387998630458
2284 -1.1454437823358
2285 -1.145497790201973
2286 -1.145548357268413
2287 -1.14559873545649
2288 -1.145650236266891
2289 -1.145700195675979
2290 -1.145751438801176
2291 -1.145799579608177
2292 -1.145847474594976
2293 -1.145896655047585
2294 -1.145948886903609
2295 -1.145998058649527
2296 -1.14604563231477
2297 -1.146098276203354
2298 -1.146145233961953
2299 -1.146199001756922
2300 -1.146247667204502
2301 -1.146296376572523
2302 -1.146344843773651
2303 -1.146397789251032
2304 -1.146447417344351
2305 -1.146496426167267
2306 -1.146549549489672
2307 -1.146597801968412
2308 -1.146644145685337
2309 -1.146690496487912
2310 -1.146739092572947
2311 -1.146786781461864
2312 -1.146839971890645
2313 -1.146889147636932
2314 -1.146938487394032
2315 -1.146984794182123
2316 -1.147031848091795
2317 -1.147083950617662
2318 -1.147132287510459
2319 -1.147181327515009
2320 -1.147232479653347
2321 -1.14728188996225
2322 -1.147331463491884
2323 -1.147378230845717
2324 -1.147424757482785
2325 -1.147471244107718
2326 -1.147516995733649
2327 -1.147562297565442
2328 -1.147610378752838
2329 -1.14765745550814
2330 -1.147706642801594
2331 -1.147757395938607
2332 -1.147808350876682
2333 -1.147863630990909
2334 -1.147913314589374
2335 -1.147960602660508
2336 -1.148007842565067
2337 -1.14805426929624
2338 -1.14810175244538
2339 -1.148146419272855
2340 -1.148192377060305
2341 -1.148239856324349
2342 -1.148287491136232
2343 -1.14833800907689
2344 -1.148382964351125
2345 -1.14843432641729
2346 -1.148482096793434
2347 -1.148528694372712
2348 -1.148575976111493
2349 -1.148623175165881
2350 -1.148669035831554
2351 -1.148714226839676
2352 -1.148760096018116
2353 -1.148806387184922
2354 -1.148857109262179
2355 -1.148901788757699
2356 -1.148946701844146
2357 -1.148992079679769
2358 -1.149038496750779
2359 -1.149084075878217
2360 -1.149129106552721
2361 -1.149173381094183
2362 -1.14921846750888
2363 -1.149265980180277
2364 -1.149309778708886
2365 -1.149354015565478
2366 -1.1493985010621
2367 -1.149444748026133
2368 -1.149491123292853
2369 -1.149536212130391
2370 -1.1495818728531
2371 -1.149626812153603
2372 -1.14966932714648
2373 -1.149711801808881
2374 -1.149753033958866
2375 -1.14979757691246
2376 -1.149840876214707
2377 -1.149885281594127
2378 -1.149930688609165
2379 -1.149979082252622
2380 -1.150021657281719
2381 -1.150065061903746
2382 -1.150109375135735
2383 -1.150153126827013
2384 -1.150195573112079
2385 -1.150238925153479
2386 -1.150281638387693
2387 -1.150324617703386
2388 -1.150366033150269
2389 -1.150406709554334
2390 -1.150452510284028
2391 -1.15049548499061
2392 -1.150539321868791
2393 -1.150583175916635
2394 -1.150625936567506
2395 -1.150667269996505
2396 -1.150708822463275
2397 -1.150749547833125
2398 -1.150794723799997
2399 -1.150835440556818
2400 -1.15087855430713
2401 -1.150921910709427
2402 -1.150964204171616
2403 -1.151006320770984
2404 -1.151046631715951
2405 -1.151087410415787
2406 -1.151132129292712
2407 -1.151172774277896
2408 -1.151214006604613
2409 -1.15125624822705
2410 -1.15129525190321
2411 -1.151334941887245
2412 -1.151373748879225
2413 -1.15141587068371
2414 -1.151462093971267
2415 -1.151503481787287
2416 -1.151543887147271
2417 -1.15158440987587
2418 -1.15162831630409
2419 -1.151669431966025
2420 -1.15170836088097
2421 -1.151748851093692
2422 -1.15178818386177
2423 -1.151828421303195
2424 -1.151865957116581
2425 -1.151904504335526
2426 -1.151944163166865
2427 -1.151988898257575
2428 -1.152027639365488
2429 -1.152071473477785
2430 -1.15211147605118
2431 -1.152152750811545
2432 -1.152192685189005
2433 -1.152233434215227
2434 -1.152272453103663
2435 -1.15231130335757
2436 -1.15235161004599
2437 -1.15238803725021
2438 -1.152427552472717
2439 -1.152465136022273
2440 -1.152505739804527
2441 -1.152545882743488
2442 -1.152585671804806
2443 -1.152625746533112
2444 -1.152664362993301
2445 -1.152701912107711
2446 -1.152739575782952
2447 -1.152778628369728
2448 -1.152818257609064
2449 -1.152857352582597
2450 -1.152897865463959
2451 -1.152934768674487
2452 -1.152971796412765
2453 -1.153011458620021
2454 -1.153048674789378
2455 -1.153087418253103
2456 -1.153128112949701
2457 -1.153165955301671
2458 -1.153204772212207
2459 -1.153247242774179
2460 -1.153285374660344
2461 -1.153323155970109
2462 -1.153361341395488
2463 -1.153397566066629
2464 -1.153437459675717
2465 -1.153473443002313
2466 -1.153510700989715
2467 -1.153545997341237
2468 -1.15358232514832
2469 -1.153617903347522
2470 -1.1536581307197
2471 -1.153695744753708
2472 -1.15373189970372
2473 -1.153770169237997
2474 -1.153805343094819
2475 -1.153846028693262
2476 -1.153882710542596
2477 -1.153920317515812
2478 -1.153956441873219
2479 -1.153992241399331
2480 -1.154029194996248
2481 -1.154064123107031
2482 -1.154099088422047
2483 -1.154138071654873
2484 -1.154173840830557
2485 -1.154209170690691
2486 -1.154247904979241
2487 -1.154283128264592
2488 -1.154318853349761
2489 -1.154358051232332
2490 -1.154392574225233
2491 -1.154430645036272
2492 -1.154465168105523
2493 -1.15450027177764
2494 -1.154536166879644
2495 -1.154571076081682
2496 -1.154605997823708
2497 -1.154641248888651
2498 -1.154674512591006
2499 -1.154707691208405
2500 -1.154742266550822
2501 -1.154776781708499
2502 -1.15481133437997
2503 -1.154848338113126
2504 -1.154881202494106
2505 -1.15491483994428
2506 -1.154954249215657
2507 -1.154990827324342
2508 -1.155026404287764
2509 -1.155060467964515
2510 -1.155097280054206
2511 -1.155129651923211
2512 -1.155161991652925
2513 -1.155194190500994
2514 -1.155229196559907
2515 -1.155263204938055
2516 -1.155295152731715
2517 -1.155327900527905
2518 -1.155361646186654
2519 -1.15539590780452
2520 -1.155430946624413
2521 -1.155466879974462
2522 -1.155501637034265
2523 -1.155535236282225
2524 -1.155568558081755
2525 -1.155601579396793
2526 -1.155636718111328
2527 -1.1556700665841
2528 -1.155703032816299
2529 -1.155736974431506
2530 -1.155769504965021
2531 -1.155801594170825
2532 -1.155834951287227
2533 -1.155869604654039
2534 -1.155904035978075
2535 -1.155938127311485
2536 -1.15597301865877
2537 -1.156007271243993
2538 -1.156040156439752
2539 -1.156073150794429
2540 -1.156104354174668
2541 -1.156135158305717
2542 -1.156167431068153
2543 -1.156200450476035
2544 -1.156235255702187
2545 -1.1562695996964
2546 -1.156304085537238
2547 -1.15633802145793
2548 -1.156371593663024
2549 -1.156402931686833
2550 -1.156432723199316
2551 -1.156464085333633
2552 -1.156496738710441
2553 -1.156530833008753
2554 -1.156563156886212
2555 -1.156594039544393
2556 -1.15662669494222
2557 -1.156659654146518
2558 -1.156691561370258
2559 -1.156723522946135
2560 -1.156756321623633
2561 -1.156788478121818
2562 -1.156823127288548
2563 -1.156854512148042
2564 -1.156885819525822
2565 -1.156916841497123
2566 -1.156947892247287
2567 -1.156978490959191
2568 -1.157009154281005
2569 -1.157040780780077
2570 -1.157072959089579
2571 -1.157106012962463
2572 -1.157138672847768
2573 -1.15717067390993
2574 -1.157203818922583
2575 -1.157233345274367
2576 -1.157262544494417
2577 -1.157290940801548
2578 -1.15732103927913
2579 -1.157352789945174
2580 -1.157385497655193
2581 -1.157416634965612
2582 -1.157448027831778
2583 -1.157480526792813
2584 -1.157510796737425
2585 -1.157540486063259
2586 -1.157568888959282
2587 -1.157598783199748
2588 -1.157627524885492
2589 -1.157657881470604
2590 -1.157690232728613
2591 -1.157720471713993
2592 -1.157751646685672
2593 -1.157783080113463
2594 -1.157814467973023
2595 -1.157845944239617
2596 -1.157875083928564
2597 -1.15790389863736
2598 -1.157934266740579
2599 -1.157964390398654
2600 -1.157992147368263
2601 -1.158020996968033
2602 -1.158049695111629
2603 -1.158079510641508
2604 -1.158108865338536
2605 -1.158138584526203
2606 -1.158167946993442
2607 -1.158198937830544
2608 -1.158230149888194
2609 -1.158259807842293
2610 -1.158290101261112
2611 -1.158320969029713
2612 -1.158350091986743
2613 -1.158379804145725
2614 -1.158406639402354
2615 -1.158432537761991
2616 -1.158460058702176
2617 -1.158488313903612
2618 -1.158517246184863
2619 -1.158548092503424
2620 -1.158577884952752
2621 -1.158608323229495
2622 -1.158639020308117
2623 -1.158666727239234
2624 -1.158694932494121
2625 -1.158721579161112
2626 -1.158749878850023
2627 -1.158779103282152
2628 -1.158807768593764
2629 -1.158837871509439
2630 -1.158867768992308
2631 -1.158896497159998
2632 -1.15892496256321
2633 -1.158952085028938
2634 -1.15897963332649
2635 -1.15900752866059
2636 -1.159036298773191
2637 -1.159064060252601
2638 -1.159091078697477
2639 -1.159119624842714
2640 -1.159148485883649
2641 -1.159179686060121
2642 -1.159208919472187
2643 -1.159236566724708
2644 -1.159263902305737
2645 -1.159293074023918
2646 -1.159320844519209
2647 -1.159347833141375
2648 -1.159374893844875
2649 -1.159401156694212
2650 -1.159428966028583
2651 -1.159455923454874
2652 -1.1594833011918
2653 -1.159511304345775
2654 -1.159539384684168
2655 -1.159568273834942
2656 -1.159596957719485
2657 -1.159624905518527
2658 -1.159654867191476
2659 -1.15968309665524
2660 -1.159710227203108
2661 -1.159736484664568
2662 -1.159762761569661
2663 -1.159788470291143
2664 -1.159815220764677
2665 -1.159842730041985
2666 -1.159871750475973
2667 -1.159900375775192
2668 -1.159928513365039
2669 -1.159957234491745
2670 -1.159983413961575
2671 -1.160009452684645
2672 -1.160035364390877
2673 -1.160062676969196
2674 -1.160089176396263
2675 -1.16011639942351
2676 -1.160143636797947
2677 -1.160169436273218
2678 -1.160195881206323
2679 -1.160223013125356
2680 -1.16024885431979
2681 -1.1602746004902
2682 -1.160303545226172
2683 -1.160330723267047
2684 -1.160358244472217
2685 -1.160386019039555
2686 -1.160413308494371
2687 -1.160440789019506
2688 -1.160466135926422
2689 -1.160491035591907
2690 -1.160515456542334
2691 -1.16054039223218
2692 -1.160566888552628
2693 -1.160593547722632
2694 -1.160619948686411
2695 -1.160646182405956
2696 -1.160671012152005
2697 -1.160697172750407
2698 -1.160723524906737
2699 -1.160751666158562
2700 -1.160778966839192
2701 -1.160804516038179
2702 -1.160830517002207
2703 -1.160856269253586
2704 -1.160882379998269
2705 -1.160907451741694
2706 -1.160932344567649
2707 -1.16095740170483
2708 -1.160981431712502
2709 -1.161007216200253
2710 -1.161033816582609
2711 -1.161060250099043
2712 -1.161086994995074
2713 -1.161112827558035
2714 -1.161137451017038
2715 -1.161161499712402
2716 -1.161185788629854
2717 -1.161212245287909
2718 -1.161237693916923
2719 -1.161263357129098
2720 -1.161288574629289
2721 -1.161314894100277
2722 -1.161341319158105
2723 -1.161366035706241
2724 -1.161390587109616
2725 -1.161413039982231
2726 -1.161436898790137
2727 -1.161462701764697
2728 -1.161489455844537
2729 -1.161515388264848
2730 -1.16154152541179
2731 -1.161568226409824
2732 -1.161591565957605
2733 -1.161615222363185
2734 -1.16163708237332
2735 -1.16166135780994
2736 -1.161688654957129
2737 -1.161713209258197
2738 -1.161738350962288
2739 -1.161763684022769
2740 -1.16178990070295
2741 -1.161816329413958
2742 -1.161839430426469
2743 -1.161861511944855
2744 -1.161884766911645
2745 -1.161909896507423
2746 -1.16193509916166
2747 -1.161960660045847
2748 -1.161984813726074
2749 -1.162007474362811
2750 -1.162031338506798
2751 -1.16205513067598
2752 -1.162078046924385
2753 -1.162102050773173
2754 -1.162128759892482
2755 -1.162154224300964
2756 -1.162180173076066
2757 -1.162206317537226
2758 -1.162230281596904
2759 -1.16225428180977
2760 -1.162276696838069
2761 -1.162299388183732
2762 -1.162321151637462
2763 -1.16234428826179
2764 -1.162368414034576
2765 -1.162393537298377
2766 -1.162417517484057
2767 -1.162442213520215
2768 -1.1624658244255
2769 -1.162490093038022
2770 -1.162515063156079
2771 -1.162539151892069
2772 -1.162563240997925
2773 -1.162588304229846
2774 -1.162612570641573
2775 -1.162636662062382
2776 -1.162659617996322
2777 -1.162682478706022
2778 -1.162703945073829
2779 -1.162727622102964
2780 -1.162749620466353
2781 -1.162770204224633
2782 -1.162791917768606
2783 -1.162815969630313
2784 -1.162841567466305
2785 -1.162866856938252
2786 -1.162892551416489
2787 -1.162917699019503
2788 -1.162942748152523
2789 -1.162966443268672
2790 -1.162988247457757
2791 -1.163008059309356
2792 -1.163028757393603
2793 -1.163051616876321
2794 -1.163073653806142
2795 -1.163097768076683
2796 -1.163121798179348
2797 -1.163146424948235
2798 -1.163171435618538
2799 -1.163196373977347
2800 -1.163217150955173
2801 -1.163236885367274
2802 -1.16325706354425
2803 -1.163279167673947
2804 -1.163303074057786
2805 -1.16332709461448
2806 -1.163350875833723
2807 -1.163374429937254
2808 -1.163398038568043
2809 -1.163422664509007
2810 -1.163445998641679
2811 -1.163466412170509
2812 -1.163487495634852
2813 -1.163508968636544
2814 -1.163531413523982
2815 -1.163552543312994
2816 -1.163576085875298
2817 -1.163599452761224
2818 -1.16362301732967
2819 -1.163645293741786
2820 -1.163667421187765
2821 -1.163691064177192
2822 -1.163714064327059
2823 -1.163735288774771
2824 -1.16375623349279
2825 -1.163776666520993
2826 -1.163796688915527
2827 -1.163816734091882
2828 -1.163838469607005
2829 -1.163863217408052
2830 -1.163885788884793
2831 -1.163908600881814
2832 -1.163931902732297
2833 -1.163957304928671
2834 -1.163980197353183
2835 -1.164002413592919
2836 -1.16402484201992
2837 -1.164047841547768
2838 -1.16406716384551
2839 -1.164086242020239
2840 -1.164107119288081
2841 -1.164128022220394
2842 -1.164150275012284
2843 -1.164171553711051
2844 -1.164192731879834
2845 -1.164214258948946
2846 -1.164237235330532
2847 -1.164258572150388
2848 -1.164278800648116
2849 -1.164299762724681
2850 -1.164322342946742
2851 -1.164343964023875
2852 -1.164366149222102
2853 -1.164388612220374
2854 -1.164410881924427
2855 -1.164433476314843
2856 -1.16445358832978
2857 -1.164473188185408
2858 -1.164494313003849
2859 -1.164515284299064
2860 -1.164539041970101
2861 -1.164559957737138
2862 -1.164580894348549
2863 -1.164600142096681
2864 -1.164619502573145
2865 -1.164640906077123
2866 -1.164662119522341
2867 -1.164684905113398
2868 -1.164706396385862
2869 -1.164727555481006
2870 -1.16475102891625
2871 -1.164773327273525
2872 -1.164794680348503
2873 -1.164814817236464
2874 -1.164833501656065
2875 -1.164852503641142
2876 -1.164872344920802
2877 -1.164891576735962
2878 -1.164912019590856
2879 -1.164932698832408
2880 -1.164955146518934
2881 -1.164978523477775
2882 -1.165000289543336
2883 -1.165022145661989
2884 -1.165042236148665
2885 -1.165062845069541
2886 -1.165081911127392
2887 -1.165101644281488
2888 -1.16512230274042
2889 -1.165142022078394
2890 -1.165161490796095
2891 -1.165182318505435
2892 -1.165202547697783
2893 -1.165223550137977
2894 -1.165245683701068
2895 -1.165267060187179
2896 -1.165288208513455
2897 -1.165308772544923
2898 -1.165328075363744
2899 -1.165347629989085
2900 -1.165366149801491
2901 -1.165385597176516
2902 -1.165405837927102
2903 -1.16542489354641
2904 -1.165443585110659
2905 -1.165464141803405
2906 -1.165485121557816
2907 -1.165506340256128
2908 -1.165527423655508
2909 -1.165547460338405
2910 -1.165569319045167
2911 -1.165589604748502
2912 -1.165611058605905
2913 -1.165631114837748
2914 -1.165649863672087
2915 -1.165667755361384
2916 -1.165687243313189
2917 -1.165707736116592
2918 -1.165727969603961
2919 -1.165748139774594
2920 -1.165768488266131
2921 -1.165788008912714
2922 -1.165806066043179
2923 -1.165821858759813
2924 -1.165839206512439
2925 -1.165856882541048
2926 -1.16587738778578
2927 -1.165899019827332
2928 -1.165921582636448
2929 -1.165945470047662
2930 -1.165967612509327
2931 -1.165988473189896
2932 -1.166008517045576
2933 -1.166026211985717
2934 -1.166040243133485
2935 -1.166055852352113
2936 -1.166074299361193
2937 -1.166093186124188
2938 -1.166112285661115
2939 -1.166131199461399
2940 -1.166150915458735
2941 -1.166171782854102
2942 -1.166192541207157
2943 -1.166212693212051
2944 -1.166232499013305
2945 -1.166251992683576
2946 -1.166272465477319
2947 -1.166291309866489
2948 -1.16630881550453
2949 -1.166326228988974
2950 -1.166345110716687
2951 -1.166363857779999
2952 -1.16638239746109
2953 -1.166401055343989
2954 -1.166419577165572
2955 -1.166438624975912
2956 -1.166456460486214
2957 -1.1664764047461
2958 -1.166496416350666
2959 -1.166516867412346
2960 -1.166534033721736
2961 -1.166550494761045
2962 -1.166566450310162
2963 -1.16658381656629
2964 -1.16660397302243
2965 -1.166624132676753
2966 -1.166643972073311
2967 -1.166663708307479
2968 -1.166683125117034
2969 -1.166703740071324
2970 -1.166722760936541
2971 -1.166740259215983
2972 -1.166759153851531
2973 -1.166776270890104
2974 -1.166791887256125
2975 -1.16680763052763
2976 -1.166824428149178
2977 -1.166841550302403
2978 -1.166859080019086
2979 -1.166878873425997
2980 -1.166898290706217
2981 -1.166917998463973
2982 -1.16693639984533
2983 -1.166955684556669
2984 -1.166975244453977
2985 -1.166993499029494
2986 -1.167011604642897
2987 -1.167029721101146
2988 -1.167047846102004
2989 -1.167064124308415
2990 -1.167081194279246
2991 -1.167098044835235
2992 -1.16711643917302
2993 -1.167135130800066
2994 -1.16715313293166
2995 -1.167170539957946
2996 -1.167189671854155
2997 -1.167205997945259
2998 -1.167222375268198
2999 -1.167239632414602
3000 -1.167257607072284
