"lift-rfile"
"Iteration" "lift"
("Iteration" "lift")
1 2.717016076015515
2 4.125138833816104
3 5.095649271602537
4 5.72455038177292
5 6.123766409454614
6 6.270443812246702
7 6.155947813632538
8 5.870011447081788
9 5.520085571107653
10 5.188850730000962
11 4.999913018370862
12 4.71947988305037
13 4.580506264333716
14 4.45471194074058
15 4.334800749088243
16 4.21027908130755
17 4.071935576063561
18 3.915612608221855
19 3.737387555624559
20 3.545615386912187
21 3.343521125691627
22 3.135372037552589
23 2.925466441217635
24 2.71603199525093
25 2.5107551934216
26 2.31016392605301
27 2.116246569061617
28 1.929825789146872
29 1.75147066707895
30 1.579973017269377
31 1.41684912107231
32 1.25880972141682
33 1.107249380683993
34 0.9624758935093023
35 0.8259600775251538
36 0.6971842650684582
37 0.5756045268002035
38 0.4610237792878987
39 0.3535847021926173
40 0.253224358705052
41 0.1598508363642874
42 0.07316503271734615
43 -0.006780212733386836
44 -0.0808274295570153
45 -0.148940444972024
46 -0.2116272199318079
47 -0.2688236204853818
48 -0.3213924485300028
49 -0.3695907167675376
50 -0.4138677313900801
51 -0.4550018787529328
52 -0.4929347436916355
53 -0.5278136498083852
54 -0.5600870519558288
55 -0.5898425844015102
56 -0.6171459325179264
57 -0.6422838460741136
58 -0.6647893999451066
59 -0.684659649373539
60 -0.7018020080017103
61 -0.7164791674633733
62 -0.7281434067743637
63 -0.7367446906127033
64 -0.7419361330290519
65 -0.7439308823733495
66 -0.7422884155716939
67 -0.7366782686385176
68 -0.7268840896804619
69 -0.7131844405534458
70 -0.6956772113319969
71 -0.6739923874169516
72 -0.6481260829727268
73 -0.6184185953244786
74 -0.5854596634049529
75 -0.5474592806125048
76 -0.506808666204173
77 -0.4624011060893095
78 -0.4141694317942589
79 -0.3627045273837031
80 -0.304703174692434
81 -0.2475691029728256
82 -0.1874832570584345
83 -0.1252080099776948
84 -0.06046699964319987
85 0.006057486138775105
86 0.07398900138376641
87 0.1430569907826451
88 0.212664320067423
89 0.2829015900639616
90 0.3523948666443064
91 0.4222159614905186
92 0.4915510520152492
93 0.5599788316699791
94 0.6280222612191752
95 0.6947927007256833
96 0.760008985065798
97 0.8321028922934124
98 0.8921675445246934
99 0.9487538430576825
100 1.002766393605859
101 1.054010667734842
102 1.102219021649122
103 1.14733123352704
104 1.189087384340743
105 1.227536367448953
106 1.262590253665415
107 1.294199266242022
108 1.32250746346805
109 1.347405903932457
110 1.368790457053655
111 1.386877184204014
112 1.401632890649496
113 1.413150543826064
114 1.421444355358
115 1.426552192697983
116 1.428581752691924
117 1.427615906832559
118 1.423742681239693
119 1.417271704176973
120 1.407994384806244
121 1.395909450214628
122 1.381111171836597
123 1.363703163108158
124 1.343773676876291
125 1.321470782307223
126 1.296885857486808
127 1.270136184950292
128 1.241359548413854
129 1.210698365989419
130 1.178261682712743
131 1.144399984235152
132 1.109317892427643
133 1.07318425155705
134 1.036443192440076
135 0.9990797794635654
136 0.9613312338870914
137 0.9233628985487441
138 0.885383425886939
139 0.8476836672071775
140 0.8102899736619005
141 0.7732692921025546
142 0.7368700809833119
143 0.7012207226702765
144 0.6664094948584858
145 0.6325523552567344
146 0.5997412930491747
147 0.5680964372541345
148 0.5376441729352601
149 0.5084673209920063
150 0.4805882255449395
151 0.4540635991093213
152 0.4289342994356201
153 0.4051773434427496
154 0.3828900247762663
155 0.3621004560369694
156 0.3428226603323388
157 0.3250914662624346
158 0.3089082247851807
159 0.2942838676488401
160 0.2812265350092505
161 0.2697868944517298
162 0.2599118971684323
163 0.2515526689847644
164 0.2447688477580343
165 0.2395451079093519
166 0.235876082873785
167 0.2337465838480746
168 0.2331261673678351
169 0.234036088554403
170 0.2364937263973877
171 0.2404586750773688
172 0.2459094268001861
173 0.2529015904206713
174 0.2612932631703728
175 0.2711115906644941
176 0.2823167088443652
177 0.2949104903216103
178 0.3088393646656006
179 0.324068578442932
180 0.3404831700785663
181 0.3581173732708028
182 0.3769183315604155
183 0.3967989587745111
184 0.4177461359437423
185 0.4397263609438897
186 0.4625870078503159
187 0.4863315708124977
188 0.5109632562519417
189 0.5363584313467706
190 0.5624021456389549
191 0.5890085666683096
192 0.6160904627550307
193 0.6434384396650129
194 0.6710738247410435
195 0.6989105046105134
196 0.7268592556581875
197 0.7548348638453731
198 0.7827403957501654
199 0.810453283419215
200 0.8379152255789415
201 0.8649881753774789
202 0.8915757745438102
203 0.9175828119840374
204 0.9428519108728305
205 0.9673639188820662
206 0.9910284046569267
207 1.013763662242047
208 1.035487035754048
209 1.056121586020898
210 1.075587303334125
211 1.093878826850976
212 1.110846384255678
213 1.126466701517261
214 1.140647817176204
215 1.153408277832562
216 1.164684879767041
217 1.174445721980881
218 1.182663861018791
219 1.189330043363753
220 1.194422740866011
221 1.197929032398406
222 1.199855997179844
223 1.200203749746721
224 1.198995114255187
225 1.196249759986405
226 1.192008970611858
227 1.186296104107042
228 1.179154223220382
229 1.170633522140081
230 1.160790615406958
231 1.14967932573119
232 1.137345678211971
233 1.123837107723585
234 1.109270565484498
235 1.093720195081208
236 1.077273900415813
237 1.060013819072375
238 1.042064990377069
239 1.023483453665499
240 1.004353845808955
241 0.9847717715818317
242 0.9648267348489954
243 0.9446134265051872
244 0.9242112999994226
245 0.903724006986797
246 0.88325382696845
247 0.8628801920215773
248 0.8426973897532345
249 0.8227942859425903
250 0.8032712247453814
251 0.7841888106121495
252 0.7656284407328721
253 0.7476697871089427
254 0.7303707213634099
255 0.7138064381762597
256 0.6980291836668254
257 0.6830963394183711
258 0.6690592868103578
259 0.6559511832526194
260 0.6438382347518206
261 0.6327401160772052
262 0.6226698898811475
263 0.6136711366392722
264 0.6057658982369741
265 0.598957275873281
266 0.5932714511602837
267 0.5887070087795344
268 0.5852679767278645
269 0.5829498234470329
270 0.5817273612882983
271 0.5816031025324977
272 0.5825566893903051
273 0.5845666245413199
274 0.58760366683094
275 0.591644292384608
276 0.5966543708660199
277 0.6025993593271748
278 0.6094404926173677
279 0.6171379857744598
280 0.6256477958344522
281 0.6349250338256587
282 0.6449227097235645
283 0.6555950687492469
284 0.666891574926468
285 0.678762257285085
286 0.6911551962143386
287 0.7040182883045637
288 0.717304651617977
289 0.7309551328786684
290 0.7449151111625874
291 0.7591606684701452
292 0.77361771755446
293 0.7882371135066542
294 0.8029688119737864
295 0.8177444021445883
296 0.832536983330112
297 0.8473099426370701
298 0.8620011276135075
299 0.8765644130323179
300 0.8909581159213036
301 0.9051372814353893
302 0.9190826369721619
303 0.9327245180071951
304 0.9460328427775014
305 0.9589720240911461
306 0.9715050517756844
307 0.9835733451463674
308 0.9951776741367198
309 1.006290180564647
310 1.016881704136614
311 1.02693296877384
312 1.036427971596888
313 1.045331741110688
314 1.053628664844536
315 1.06129931116897
316 1.068331292126478
317 1.074721933253096
318 1.080443109732638
319 1.085497071113014
320 1.089885923598406
321 1.093600685362026
322 1.096641633037191
323 1.099017709624341
324 1.100716822386005
325 1.1017485369492
326 1.102097627202875
327 1.101809516310157
328 1.10088916927485
329 1.099348676097502
330 1.097206200004286
331 1.09447349078706
332 1.091173751666075
333 1.087328473833275
334 1.082959088183229
335 1.078091279994528
336 1.072747954002373
337 1.066956542281219
338 1.060762058457965
339 1.054176467798937
340 1.04722528194481
341 1.039918599065984
342 1.032310209120058
343 1.024433237410903
344 1.016318525789567
345 1.007999851337758
346 0.9994904188274228
347 0.9908464013847519
348 0.9821012309833668
349 0.9733112653371832
350 0.9644905595216197
351 0.9556739258782812
352 0.9468921781301445
353 0.9381963043466705
354 0.9296002500032664
355 0.9211240984255613
356 0.9128073071391706
357 0.9046841067856501
358 0.8967833580795713
359 0.8891350561548644
360 0.8817655861184999
361 0.8747035244930228
362 0.8679715531335511
363 0.8615902237667903
364 0.8555861088892858
365 0.8499865689264928
366 0.8448044002744168
367 0.8400545198198827
368 0.8357612324458462
369 0.8319128030453897
370 0.8285437985977383
371 0.8256643848018795
372 0.8232768002845686
373 0.8213928764432297
374 0.8200211464286227
375 0.819165343402094
376 0.8188296165704706
377 0.8190140264111663
378 0.819715112005741
379 0.820930621626389
380 0.8226549212141748
381 0.8248772623605581
382 0.8275959862745969
383 0.8307901111527083
384 0.834440937726072
385 0.8385397758185182
386 0.8430727380242864
387 0.8480218112665454
388 0.8533726491747272
389 0.8591021085044929
390 0.8651873911752326
391 0.8716056052485134
392 0.8783331569917262
393 0.885345048589168
394 0.8926153686428128
395 0.9001182537559763
396 0.9078258883743414
397 0.9157107606666087
398 0.9237674768894425
399 0.9319428872820871
400 0.9402067363894359
401 0.9485290249032373
402 0.9568831356549978
403 0.9652403629878535
404 0.9735730622199028
405 0.9818518024821387
406 0.99004757679866
407 0.9981336318249295
408 1.006084661979271
409 1.013873941797588
410 1.021476217598609
411 1.028868174018216
412 1.036023967136047
413 1.042924308198991
414 1.049548218405043
415 1.055872278699488
416 1.061881880627057
417 1.067561067725572
418 1.072893958871117
419 1.077867602277101
420 1.082469960290779
421 1.086688893206102
422 1.090518362043621
423 1.093950571078548
424 1.096977911168436
425 1.099599855195883
426 1.101812281771331
427 1.103614562845781
428 1.105017236758859
429 1.106013475367029
430 1.106607714056673
431 1.106805288495259
432 1.106613417312756
433 1.106040194951809
434 1.105093772697009
435 1.103787135865739
436 1.102133188319686
437 1.100146778017793
438 1.097840745738524
439 1.095232219375498
440 1.092348019703782
441 1.089203540900296
442 1.085809917189378
443 1.082186694855906
444 1.07835269786498
445 1.074329011554817
446 1.070136707147471
447 1.065793378991876
448 1.061323993797578
449 1.056751497470882
450 1.052096372815282
451 1.047381622653522
452 1.042630235378807
453 1.037862585180037
454 1.033099188687511
455 1.028365083847388
456 1.023677643173432
457 1.019055903667686
458 1.014521918784761
459 1.010090863417565
460 1.005784144817792
461 1.001618931036021
462 0.9976114517782418
463 0.9937761781056461
464 0.9901302283768383
465 0.9866814357712719
466 0.9834489900090142
467 0.9804435591227912
468 0.9776768029986991
469 0.9751577857845479
470 0.9728962924797253
471 0.9708984997415069
472 0.9691699008646206
473 0.9677160188106252
474 0.9665422758098052
475 0.9656497524232945
476 0.9650396064144541
477 0.964715154120412
478 0.964674485348251
479 0.9649144464874431
480 0.9654294740612789
481 0.9662167902008813
482 0.9672714214075663
483 0.9685877743320011
484 0.9701581625418753
485 0.971975495872807
486 0.974031439898369
487 0.9763157749169443
488 0.9788177283095624
489 0.9815280221372312
490 0.9844344761718722
491 0.9875239505670698
492 0.9907879641118422
493 0.9942110320431375
494 0.9977803856656683
495 1.001481341472896
496 1.005300162659998
497 1.009224168564186
498 1.013239757417013
499 1.017331643029434
500 1.021485732600942
501 1.025689213543517
502 1.02992878523695
503 1.034189610655889
504 1.038459831955526
505 1.042725681940495
506 1.046974320054594
507 1.051195179543945
508 1.055375305406025
509 1.059502314525059
510 1.063565940109247
511 1.067562590461372
512 1.071474223610436
513 1.075291857694993
514 1.079006916602538
515 1.082608355207016
516 1.086091568353972
517 1.089448794087198
518 1.092672204411511
519 1.09575582165686
520 1.098694778888459
521 1.101484205194321
522 1.104120712723999
523 1.106600553775293
524 1.108918842764557
525 1.111075076977245
526 1.113067561050233
527 1.114895512479544
528 1.116556505629681
529 1.118051144879773
530 1.119380855833498
531 1.120546347612213
532 1.121547238491565
533 1.122395016547385
534 1.123083727299555
535 1.123616756392025
536 1.123996380956106
537 1.124229146230109
538 1.124318049650144
539 1.124268063812331
540 1.124083813807466
541 1.123769509945956
542 1.123331896581244
543 1.12277805205756
544 1.122113521998456
545 1.121345668377449
546 1.120481084887769
547 1.119527090658647
548 1.118489050385159
549 1.117376008477456
550 1.116193120585894
551 1.114952043498958
552 1.113660873091415
553 1.112325350775106
554 1.110952034740882
555 1.10954878312512
556 1.10812808495047
557 1.106691602934389
558 1.105247976424744
559 1.103800171777227
560 1.102359885568113
561 1.100936252268754
562 1.09953447540491
563 1.098159372290767
564 1.096819393040567
565 1.095519868164334
566 1.094267583191134
567 1.093068135760392
568 1.091927516850084
569 1.090850232597201
570 1.089841054890038
571 1.088908495173424
572 1.088054325115817
573 1.087282610687587
574 1.086595125422687
575 1.085997206358897
576 1.085489026976503
577 1.085074664707447
578 1.08475783991306
579 1.084541738604459
580 1.084429384666015
581 1.084419835555808
582 1.084515510799351
583 1.08471567958476
584 1.085021833723185
585 1.08542992229182
586 1.085942123598911
587 1.086557731107758
588 1.087278434075696
589 1.088100311495541
590 1.089021949224508
591 1.090041707220018
592 1.091158262044207
593 1.092369573577187
594 1.093672897738455
595 1.095062627735567
596 1.096536554521098
597 1.098089452029974
598 1.099718985115596
599 1.101419484910044
600 1.103187064156863
601 1.105017201947985
602 1.106907000777577
603 1.108851466803575
604 1.11084392138924
605 1.112879311904861
606 1.114952698008209
607 1.117059072864776
608 1.119193162045335
609 1.121348927995301
610 1.12352001158261
611 1.125701795415731
612 1.127887920523002
613 1.130074300827144
614 1.132254195953229
615 1.134422112129304
616 1.136573291861631
617 1.138702440502468
618 1.140803743977318
619 1.142873363316685
620 1.144907924972402
621 1.146900882084344
622 1.148848896885463
623 1.150748187116211
624 1.152595375984219
625 1.154384477235542
626 1.156112406219913
627 1.157774255161
628 1.159367920136568
629 1.160892127752439
630 1.162343746471531
631 1.163718410800385
632 1.16501525247863
633 1.166233563359926
634 1.16737155556561
635 1.168420502680259
636 1.169387848517741
637 1.170274386915959
638 1.171078740659821
639 1.171800787617671
640 1.172440152254324
641 1.172998531258421
642 1.173477014900036
643 1.173876598339917
644 1.17419852360469
645 1.174444420210733
646 1.174617668766005
647 1.174717320168709
648 1.174747014712728
649 1.174711818013553
650 1.174612877787544
651 1.174453782259999
652 1.174240497697981
653 1.173974219143168
654 1.173657810754589
655 1.173295319581964
656 1.172889711037553
657 1.172443909388146
658 1.17196296826362
659 1.171450714496175
660 1.170910239361375
661 1.170346452896874
662 1.169764472491429
663 1.169170834894871
664 1.168566815826118
665 1.167955633852658
666 1.167341484571772
667 1.166727173973712
668 1.166116283929096
669 1.165511285099545
670 1.164917928292755
671 1.164339402430105
672 1.163780114588449
673 1.163243716158031
674 1.162732870257018
675 1.162251599198638
676 1.161803426358355
677 1.161391932921439
678 1.161019522019661
679 1.160688578439288
680 1.160401398674039
681 1.160160827573844
682 1.159967889945964
683 1.159824135363565
684 1.15973332522357
685 1.159697325887331
686 1.159717164062017
687 1.159794060554089
688 1.159930099182851
689 1.160125632839158
690 1.160382616892857
691 1.160701209449865
692 1.161080088599337
693 1.161520344899039
694 1.162020534182963
695 1.162578954474406
696 1.163196972427705
697 1.163874020672087
698 1.164609641892373
699 1.165401827348524
700 1.166249214287321
701 1.167150759054122
702 1.168103988166566
703 1.169106868588375
704 1.170155130099116
705 1.171247251420395
706 1.172382843929222
707 1.173557787016617
708 1.174767501146559
709 1.176009176559511
710 1.177280661410661
711 1.178579329908694
712 1.179902672617429
713 1.181245861385912
714 1.182607152129691
715 1.183982293992414
716 1.185366874642348
717 1.186755681665465
718 1.188147224961137
719 1.189537510364467
720 1.190922948865635
721 1.192298279190104
722 1.193661666646468
723 1.195009875955861
724 1.19634027648605
725 1.197649046380282
726 1.198934215591907
727 1.200191756284825
728 1.20141928825089
729 1.202613241711856
730 1.203771292387465
731 1.204890815586661
732 1.205970544136682
733 1.207007639467017
734 1.208000798887852
735 1.208947133060334
736 1.209847074930913
737 1.210699008309421
738 1.211502050342322
739 1.21225471600598
740 1.212957642799102
741 1.213607880481764
742 1.214206931642901
743 1.214753910559709
744 1.215250076298341
745 1.215694684756853
746 1.216089382486776
747 1.216433726305507
748 1.216729212728894
749 1.216977795090421
750 1.217180301991475
751 1.217336358550445
752 1.217448935140346
753 1.217519793983074
754 1.217550810323001
755 1.217544248953194
756 1.217500084536464
757 1.217422914911366
758 1.217314884208026
759 1.217177139671087
760 1.217012732660602
761 1.216822546702292
762 1.216609735238929
763 1.21637722336558
764 1.216127999236059
765 1.215864486970904
766 1.215589605418475
767 1.215304973478171
768 1.215014956149207
769 1.214719905612833
770 1.214423547358658
771 1.214128500573821
772 1.213837619382537
773 1.213553791055071
774 1.213277679164899
775 1.213011947718914
776 1.212760519752424
777 1.212525397602427
778 1.212307941157244
779 1.212109208523379
780 1.211930994971235
781 1.211774949008214
782 1.211643385524752
783 1.211537767825959
784 1.21145975199791
785 1.211409857367145
786 1.211390328218765
787 1.211402021170293
788 1.211444229844942
789 1.211517604444276
790 1.21162457516699
791 1.211765980761578
792 1.211940215410993
793 1.212143581930143
794 1.212382146271072
795 1.21265311887824
796 1.212957662383952
797 1.21329483119557
798 1.213665001519542
799 1.214066591455431
800 1.214499301821195
801 1.21496180118599
802 1.215520581753647
803 1.216033809143938
804 1.216573448141914
805 1.217140031299808
806 1.217802956744043
807 1.218407984867879
808 1.219035114245442
809 1.219757113100084
810 1.220415668132168
811 1.221091919600903
812 1.221782580068037
813 1.222487272755708
814 1.223204446872941
815 1.223932574850834
816 1.224753258440487
817 1.225488734131973
818 1.226231168184988
819 1.226978412705076
820 1.227727186824232
821 1.228476372409811
822 1.229225347524182
823 1.229971784392308
824 1.230715190457469
825 1.231452877223594
826 1.232182025397987
827 1.232900771417304
828 1.233607977344395
829 1.234303251160685
830 1.2349861385541
831 1.235653243318646
832 1.236303732294197
833 1.236938470764746
834 1.237556739875775
835 1.238156291226533
836 1.238736442797054
837 1.239295741357449
838 1.239834035833276
839 1.240349402829774
840 1.240843209605113
841 1.241314294629273
842 1.241762578184593
843 1.2421871272799
844 1.242588866392528
845 1.242968502129022
846 1.243326394709694
847 1.243660750191363
848 1.243973018592455
849 1.244261951690481
850 1.244528905134718
851 1.244774114660202
852 1.244998401224529
853 1.245201497165604
854 1.24538417617818
855 1.245548386618666
856 1.245693070823043
857 1.245819895468051
858 1.245929577001417
859 1.24602329991895
860 1.246100179009059
861 1.246161790715967
862 1.246209085911071
863 1.246244812939511
864 1.246267280896373
865 1.246278424817261
866 1.24627870500774
867 1.246270053812995
868 1.246255213783218
869 1.246232462409258
870 1.246204136575704
871 1.24616999055417
872 1.246131826931387
873 1.246091595327567
874 1.246049528325555
875 1.246005196487548
876 1.24596153886975
877 1.245925552951404
878 1.245891595720754
879 1.24586106100721
880 1.245834895997786
881 1.245813709467296
882 1.24579711576805
883 1.245785876727002
884 1.245776817849406
885 1.245776679466019
886 1.245785176368203
887 1.245803072984463
888 1.24583177805842
889 1.245870946018993
890 1.245941856982576
891 1.246002768330549
892 1.246075558106571
893 1.246159682891322
894 1.246277598936985
895 1.246383723295284
896 1.246526020179433
897 1.246654731123859
898 1.246822149155497
899 1.246976448674202
900 1.247169383384285
901 1.247348260147306
902 1.247567728134514
903 1.247772064560617
904 1.248016306014158
905 1.248242992860925
906 1.248511864964363
907 1.248790999756491
908 1.249048985359727
909 1.249350173346951
910 1.249660242045622
911 1.249947050080066
912 1.250277773612836
913 1.250582760626295
914 1.250932029453212
915 1.251252024268279
916 1.251615839978746
917 1.251949317266436
918 1.252328278986851
919 1.252673250724725
920 1.253062367841366
921 1.253415698598135
922 1.25381363601522
923 1.254172477825832
924 1.254575971966682
925 1.254938385988173
926 1.255343893634043
927 1.255705793923267
928 1.256108913658306
929 1.256469244066407
930 1.256869066182805
931 1.257261763763398
932 1.257613354315437
933 1.258000280850628
934 1.258379985619059
935 1.258717968936016
936 1.25908667118825
937 1.259445701395047
938 1.259795638647522
939 1.260135729401255
940 1.260466377640598
941 1.260787377055757
942 1.261097579371052
943 1.261397722558799
944 1.261687217671439
945 1.261965920304101
946 1.262235313123822
947 1.262493215067954
948 1.262740341402765
949 1.262976695313301
950 1.263201471340283
951 1.263415318450422
952 1.263618377805805
953 1.263810837215122
954 1.26399288160069
955 1.264163753717434
956 1.264324548238503
957 1.264474942281034
958 1.264614964801463
959 1.26474435825136
960 1.264863678795609
961 1.264973554690604
962 1.265073097910319
963 1.265163197420786
964 1.265245309189703
965 1.265319336866546
966 1.265384471764097
967 1.26544225117676
968 1.265493663334292
969 1.265538209355625
970 1.265576781800085
971 1.265609568671232
972 1.265636518024703
973 1.265658945420061
974 1.265664592290979
975 1.265680172513498
976 1.265693133605129
977 1.265704471772286
978 1.265712715887588
979 1.265718888259758
980 1.265723992157539
981 1.265728338376861
982 1.265725042495714
983 1.265733477023551
984 1.265741296762224
985 1.265749275030817
986 1.265758470429175
987 1.265768396567497
988 1.265780827813802
989 1.265796057388621
990 1.265814136412423
991 1.265834691677289
992 1.265858831751019
993 1.265885403002654
994 1.265916937904202
995 1.265951602044882
996 1.265991719161615
997 1.266036343759824
998 1.266086470246496
999 1.266142106123927
1000 1.266204014409871
1001 1.266270756486152
1002 1.266343926877461
1003 1.266422822146108
1004 1.266508415101389
1005 1.266598811065424
1006 1.266695964539313
1007 1.26679805825131
1008 1.266906196190823
1009 1.267020470156158
1010 1.267141015277068
1011 1.267267391791915
1012 1.267400047483118
1013 1.267537837739291
1014 1.267681165762477
1015 1.267828056712512
1016 1.267979737209238
1017 1.268135475821432
1018 1.268296027549923
1019 1.268460452405313
1020 1.268628857135181
1021 1.268801268706776
1022 1.268977673480982
1023 1.269156882277261
1024 1.269339216560355
1025 1.269523286430384
1026 1.269709195055684
1027 1.269895930437377
1028 1.270084546022987
1029 1.270272297868951
1030 1.270460677450112
1031 1.270649622059665
1032 1.270840383300266
1033 1.271029859482202
1034 1.271218314422569
1035 1.271405325045862
1036 1.271591579617438
1037 1.271774601753424
1038 1.271955892606167
1039 1.27213443945191
1040 1.272310530245213
1041 1.27248376490663
1042 1.272654161689786
1043 1.272820858102288
1044 1.272984183409611
1045 1.273142794461317
1046 1.2732969328507
1047 1.273446294126681
1048 1.273591964528524
1049 1.273732443513624
1050 1.273867949297558
1051 1.27399889004658
1052 1.274125934573581
1053 1.274247703965461
1054 1.27436407818105
1055 1.27447568289252
1056 1.274581993933699
1057 1.274682361520315
1058 1.274777654022161
1059 1.274866525258209
1060 1.274950094421558
1061 1.275027341233355
1062 1.27510048023676
1063 1.275168434587102
1064 1.275232768764339
1065 1.275291078630168
1066 1.27534526623676
1067 1.275394903267941
1068 1.275440480172285
1069 1.275481730443266
1070 1.275518882167835
1071 1.275551082494053
1072 1.27558036392294
1073 1.275605855029976
1074 1.275628354775113
1075 1.275647675126141
1076 1.275664258505368
1077 1.275677877461761
1078 1.275689447998663
1079 1.275699180051371
1080 1.275706718557308
1081 1.27571215714487
1082 1.27571627858132
1083 1.275719195349025
1084 1.275722060527482
1085 1.275723730715752
1086 1.275725089699078
1087 1.275725676331303
1088 1.275726632412741
1089 1.275727042259392
1090 1.27572748263138
1091 1.275727880358698
1092 1.275729012014922
1093 1.275730376470652
1094 1.275733785484347
1095 1.275738760299344
1096 1.275745873007703
1097 1.275754079903064
1098 1.275759302819432
1099 1.27577249309909
1100 1.275787725107716
1101 1.275804210629781
1102 1.275816591078521
1103 1.275838235133728
1104 1.275861772705873
1105 1.275879644313687
1106 1.275909494577945
1107 1.275941502172702
1108 1.275969103941337
1109 1.276006881114344
1110 1.276046682178692
1111 1.276080354603172
1112 1.276124717224789
1113 1.276162604611053
1114 1.276210784944021
1115 1.276252752622621
1116 1.276305815365545
1117 1.276353103447838
1118 1.276412114309562
1119 1.276462682403729
1120 1.276525587161816
1121 1.276580336523801
1122 1.27664654626516
1123 1.276703336631069
1124 1.276772546441044
1125 1.276832181033665
1126 1.276904383195709
1127 1.276966513264384
1128 1.277040728106215
1129 1.277105508671509
1130 1.277171323957229
1131 1.27724866393241
1132 1.277313756361866
1133 1.277390035368737
1134 1.277456223360667
1135 1.277532282219438
1136 1.277597766682221
1137 1.277673424889461
1138 1.277738118453231
1139 1.277803328944359
1140 1.277878028320574
1141 1.277939597769072
1142 1.278011777630402
1143 1.278070823322968
1144 1.27814004758154
1145 1.278195940655623
1146 1.278261487305495
1147 1.278313689123031
1148 1.278375797364762
1149 1.278425191321937
1150 1.278484651886253
1151 1.278530943268506
1152 1.278585236146251
1153 1.278626464031186
1154 1.278676425696735
1155 1.278712189444738
1156 1.278756104830639
1157 1.278787689674055
1158 1.27882630434917
1159 1.278852443409432
1160 1.278886768235505
1161 1.278909545414651
1162 1.278938984654543
1163 1.278964398192561
1164 1.278978998708393
1165 1.278999121965331
1166 1.279008518055151
1167 1.279021316740846
1168 1.279025380970461
1169 1.279033253980882
1170 1.279039228695712
1171 1.27903638838103
1172 1.279038258926553
1173 1.279037219886525
1174 1.279028318980019
1175 1.279022943676369
1176 1.279009781924253
1177 1.279000529501214
1178 1.27898464405175
1179 1.278971922236963
1180 1.27895742978237
1181 1.278936810886783
1182 1.278920399005467
1183 1.278897617582401
1184 1.278879499293506
1185 1.278854169211541
1186 1.278833003348501
1187 1.278806582923122
1188 1.278783949798858
1189 1.278756995971168
1190 1.278733742067503
1191 1.278706337770531
1192 1.278682503117654
1193 1.278654925708783
1194 1.278631351904292
1195 1.278603394472832
1196 1.278579492980056
1197 1.278551735417308
1198 1.278524875601015
1199 1.278502950929587
1200 1.278476560386338
1201 1.278454533457548
1202 1.278430024051678
1203 1.278406221761278
1204 1.278386887341234
1205 1.278365100406073
1206 1.278344485707385
1207 1.27832779822982
1208 1.278309266492279
1209 1.278290967835176
1210 1.278277754580369
1211 1.278261189238748
1212 1.278245525581423
1213 1.27823060067809
1214 1.27822032952595
1215 1.278207099702844
1216 1.278196081029243
1217 1.278185958604277
1218 1.278181398419848
1219 1.278173636935574
1220 1.278167257093011
1221 1.278161467182551
1222 1.278156846724504
1223 1.278156109631277
1224 1.27815101745219
1225 1.278146964283143
1226 1.278144059295306
1227 1.278142341684255
1228 1.278141873806732
1229 1.27814669461472
1230 1.278147033889858
1231 1.278147772110704
1232 1.278149080136161
1233 1.278149591086052
1234 1.278151480207363
1235 1.278153267717883
1236 1.27815580847794
1237 1.278162777053624
1238 1.278164309799381
1239 1.278165686036855
1240 1.27816726043616
1241 1.278168009730919
1242 1.278169288891276
1243 1.278169107305264
1244 1.278169546647883
1245 1.278169328893733
1246 1.278168909022501
1247 1.278172943216709
1248 1.278170472895192
1249 1.278166747107886
1250 1.278163841426897
1251 1.278158419071524
1252 1.278152920064486
1253 1.278145304737333
1254 1.278137310221103
1255 1.278128818202163
1256 1.278123560961492
1257 1.278112195352664
1258 1.278099779162079
1259 1.278086149836716
1260 1.278071656743166
1261 1.27805594036373
1262 1.278038560971249
1263 1.27802303254112
1264 1.278002915370045
1265 1.277980801123557
1266 1.277957697437134
1267 1.277934206756664
1268 1.277913221039679
1269 1.27788669910468
1270 1.277858501338933
1271 1.277829512780836
1272 1.277799285536991
1273 1.277770939627276
1274 1.277737210813183
1275 1.277702541158582
1276 1.2776665314843
1277 1.277629827863963
1278 1.277592274028938
1279 1.277555460384978
1280 1.277515514222437
1281 1.27747481076875
1282 1.27743345065703
1283 1.277391373506105
1284 1.277349382836003
1285 1.277303610078025
1286 1.277257584072564
1287 1.277211870234212
1288 1.277166048348339
1289 1.277119126661227
1290 1.277072539142513
1291 1.277024562493079
1292 1.276975433871782
1293 1.276925701186922
1294 1.276876155336681
1295 1.276824993066721
1296 1.276773868069383
1297 1.276722602457258
1298 1.276672715678071
1299 1.276621497680748
1300 1.276569808007513
1301 1.276518998116425
1302 1.276466836889931
1303 1.276414436243313
1304 1.276362691809521
1305 1.276310836384953
1306 1.276258613535336
1307 1.276207418104167
1308 1.276155293081711
1309 1.2761050263707
1310 1.276055622573961
1311 1.276004680507997
1312 1.275954709674795
1313 1.275906379966991
1314 1.275857423733152
1315 1.275808501987837
1316 1.275759121065626
1317 1.275710646364672
1318 1.27566175207515
1319 1.275613958052465
1320 1.275565918920541
1321 1.275519783376621
1322 1.275472913499886
1323 1.275427983663018
1324 1.275383447202983
1325 1.275338222146528
1326 1.275292628169592
1327 1.275246604015402
1328 1.275202560186026
1329 1.275157124480753
1330 1.275114803126308
1331 1.275070497641028
1332 1.275028784816822
1333 1.274986417143857
1334 1.274944585115931
1335 1.274902170000976
1336 1.274859320575161
1337 1.274816086205624
1338 1.274773537339802
1339 1.274730806007502
1340 1.274686048918422
1341 1.274643457786871
1342 1.274599709175623
1343 1.274558027948856
1344 1.274516280827896
1345 1.274472966503683
1346 1.27443152991641
1347 1.274388793342795
1348 1.274345435017843
1349 1.274302533199622
1350 1.274257977107903
1351 1.274214103595375
1352 1.274169978142258
1353 1.274125302018487
1354 1.274080603439957
1355 1.274034735468336
1356 1.273988464891364
1357 1.273942192361341
1358 1.273895638756146
1359 1.27384879486406
1360 1.273802340930944
1361 1.273754889566822
1362 1.27370764517595
1363 1.273659118017992
1364 1.273610954190732
1365 1.2735616534409
1366 1.273511598811662
1367 1.27346135098441
1368 1.273411397110499
1369 1.27335975334091
1370 1.273307636566156
1371 1.273255697504231
1372 1.273202920383825
1373 1.273149610258839
1374 1.273095872907691
1375 1.27304168280812
1376 1.272987643102691
1377 1.27293254220619
1378 1.272876956571116
1379 1.272821233931652
1380 1.272764916786551
1381 1.272707168736948
1382 1.272650040141854
1383 1.272592309609925
1384 1.272535396611668
1385 1.272477053489135
1386 1.272417791657859
1387 1.272358084287256
1388 1.272297942367382
1389 1.272237255286208
1390 1.272176415444709
1391 1.272115647907844
1392 1.272054030048033
1393 1.271991961561017
1394 1.271929913811668
1395 1.271868528148567
1396 1.271806028967741
1397 1.27174282714076
1398 1.271679879695475
1399 1.271615866362013
1400 1.271551741776998
1401 1.2714881107949
1402 1.271423879945693
1403 1.27135968912323
1404 1.271295884326807
1405 1.271231231102474
1406 1.27116710288388
1407 1.27110137804791
1408 1.27103631717819
1409 1.270971167913318
1410 1.270906878649912
1411 1.270842609481625
1412 1.270778860343305
1413 1.270713891164144
1414 1.270648872887048
1415 1.270583689398521
1416 1.270518611655659
1417 1.270454170029793
1418 1.270390555332788
1419 1.270326473402504
1420 1.270262489861578
1421 1.270199021520042
1422 1.270136086464117
1423 1.270073704860997
1424 1.270011308860413
1425 1.269948977747128
1426 1.269886091125826
1427 1.269823286152041
1428 1.269760735959596
1429 1.269698513118692
1430 1.269635873175229
1431 1.269573031684069
1432 1.269510719098597
1433 1.269449161035542
1434 1.269388415450548
1435 1.269327685037732
1436 1.269267218543119
1437 1.269206499232447
1438 1.269146148949784
1439 1.26908614463037
1440 1.269026228581204
1441 1.268965945442194
1442 1.268906095520064
1443 1.26884569211768
1444 1.268785009995935
1445 1.268724149101854
1446 1.268663332305114
1447 1.268603068298462
1448 1.268543346537238
1449 1.268483059076531
1450 1.268422614884067
1451 1.268362296374391
1452 1.268301809483449
1453 1.268241066980817
1454 1.268180427645051
1455 1.268119269173736
1456 1.268058296406918
1457 1.267997999034518
1458 1.267937604784311
1459 1.267876576411759
1460 1.267815177870502
1461 1.267754311097081
1462 1.267692486733731
1463 1.267630920734879
1464 1.267569493474417
1465 1.267508120845697
1466 1.267446532891016
1467 1.267382916305483
1468 1.267320282269781
1469 1.267257967134937
1470 1.267195223368595
1471 1.267131653435793
1472 1.267068404605711
1473 1.267003887594479
1474 1.266939244215574
1475 1.266874490052782
1476 1.266809965978574
1477 1.266745153357566
1478 1.26668026675792
1479 1.266615375532921
1480 1.266551356940965
1481 1.266486530225724
1482 1.266421017360252
1483 1.266354625046107
1484 1.266288488524677
1485 1.266222679986595
1486 1.266156761002128
1487 1.266089052687723
1488 1.266020460468028
1489 1.265952707040305
1490 1.265885207736735
1491 1.26581700714058
1492 1.265749389627862
1493 1.265682244766553
1494 1.265614888058331
1495 1.26554745400282
1496 1.265480165423908
1497 1.265412142671119
1498 1.265344487635702
1499 1.265276122482569
1500 1.265207451907682
1501 1.265138989575934
1502 1.265070412844446
1503 1.265001391939309
1504 1.264931615702391
1505 1.26486167655249
1506 1.264792118284947
1507 1.264723264786534
1508 1.264654637658414
1509 1.264586749652538
1510 1.264518734139083
1511 1.264451543451887
1512 1.264383496147928
1513 1.264315236860728
1514 1.264246571581752
1515 1.264178039194431
1516 1.264110156047768
1517 1.264041127677702
1518 1.263972282935249
1519 1.263904404924579
1520 1.263835452353029
1521 1.263766803625691
1522 1.263699519630836
1523 1.263633050896538
1524 1.263566591565832
1525 1.263500442946043
1526 1.26343425669895
1527 1.263369321959052
1528 1.263304668748309
1529 1.263239095312067
1530 1.263174200673394
1531 1.263109449329148
1532 1.263043793753139
1533 1.262978459093707
1534 1.262913565917784
1535 1.26284925211532
1536 1.262785506193534
1537 1.262721429357077
1538 1.262657446395946
1539 1.262594315126801
1540 1.262531921187048
1541 1.262470246805223
1542 1.262408614543162
1543 1.262346837317972
1544 1.262285198422428
1545 1.262223521613381
1546 1.26216194160838
1547 1.262099998675086
1548 1.262038497990904
1549 1.261976946015348
1550 1.26191659576999
1551 1.261854764893117
1552 1.261793830625466
1553 1.261732796846865
1554 1.261672270447599
1555 1.261611527832928
1556 1.261551602267595
1557 1.261491328619258
1558 1.261431366001711
1559 1.261371190669312
1560 1.261311739089545
1561 1.261251913347066
1562 1.261192630474632
1563 1.261133138585249
1564 1.26107382008149
1565 1.261014784903045
1566 1.260955016337311
1567 1.260896135556551
1568 1.260835766911879
1569 1.260775434815852
1570 1.260715401484693
1571 1.26065596354764
1572 1.260597095034598
1573 1.260538139795082
1574 1.260478452381583
1575 1.260419274045662
1576 1.260360369904943
1577 1.26030073251278
1578 1.260242146154589
1579 1.260183340678437
1580 1.260125043920356
1581 1.2600668908864
1582 1.260008615844001
1583 1.259948935537722
1584 1.259889459041467
1585 1.259829595427458
1586 1.259770046273718
1587 1.25971081581816
1588 1.259651923358528
1589 1.259593344994521
1590 1.259535051683798
1591 1.259477063075381
1592 1.2594195749396
1593 1.259360891645094
1594 1.259302081163697
1595 1.259243775262208
1596 1.259185260560902
1597 1.259126783210324
1598 1.259068597626763
1599 1.259009418890589
1600 1.258949418008535
1601 1.258890015742785
1602 1.258830278272279
1603 1.258771576973166
1604 1.258712798996823
1605 1.258654629103793
1606 1.25859604782004
1607 1.258538592208362
1608 1.258480996196084
1609 1.25842330854134
1610 1.258367380601375
1611 1.258309552526891
1612 1.258250955063483
1613 1.258192854375979
1614 1.258136533193023
1615 1.258078515373247
1616 1.25802083829543
1617 1.257962130893184
1618 1.257905360610009
1619 1.257848232886354
1620 1.257790091434338
1621 1.257735458236364
1622 1.257678010486627
1623 1.257621690868564
1624 1.257568124157018
1625 1.257511502598249
1626 1.257454008891897
1627 1.257400445585627
1628 1.257343611654356
1629 1.257287561135454
1630 1.257233262387596
1631 1.257178099524669
1632 1.25712188562082
1633 1.257066953049623
1634 1.257011268959422
1635 1.25695688881319
1636 1.256902451669377
1637 1.256849037066578
1638 1.256795286178147
1639 1.256743247655096
1640 1.256691060104231
1641 1.256639276897952
1642 1.25658708886327
1643 1.256536213476724
1644 1.256485124531405
1645 1.25643574280089
1646 1.256385254935184
1647 1.256335563317647
1648 1.256285311789927
1649 1.256236245776595
1650 1.256186906294398
1651 1.256138429873408
1652 1.2560897756021
1653 1.256042953573935
1654 1.255995422836955
1655 1.255948987186795
1656 1.255902592258584
1657 1.255856650488212
1658 1.255810629362265
1659 1.255765381837427
1660 1.255719719907152
1661 1.255675196860923
1662 1.255629624229204
1663 1.255584905485108
1664 1.255539585796222
1665 1.255495471542233
1666 1.255450897990766
1667 1.255407268750953
1668 1.25536316313679
1669 1.25532019817628
1670 1.255276835244439
1671 1.255234637332403
1672 1.255192547835804
1673 1.255149762268389
1674 1.255106323659252
1675 1.255063888428422
1676 1.255021124543573
1677 1.254980273584685
1678 1.254936492154973
1679 1.254894401497708
1680 1.254851941255444
1681 1.254810773504357
1682 1.254768629602128
1683 1.254727142668082
1684 1.254684875011071
1685 1.254644220150848
1686 1.254602615913566
1687 1.254562651960891
1688 1.254522581831601
1689 1.254481564472399
1690 1.254439356443964
1691 1.254399331539023
1692 1.254357317663841
1693 1.254317401756612
1694 1.254276993419021
1695 1.254235972973539
1696 1.25419587965639
1697 1.254157136380859
1698 1.254116224821125
1699 1.254076208854554
1700 1.254035725518695
1701 1.25399776871232
1702 1.25395797618859
1703 1.253919849929172
1704 1.253882498655596
1705 1.253843844441096
1706 1.253804575811321
1707 1.253766628310213
1708 1.253729560404585
1709 1.253691321554766
1710 1.253652175928769
1711 1.253613977163284
1712 1.253577427014246
1713 1.25354014818294
1714 1.253502646228139
1715 1.253466141977851
1716 1.253430014218239
1717 1.253395214901543
1718 1.253359787588148
1719 1.253326322231933
1720 1.253292087077104
1721 1.253259008408626
1722 1.253224621692591
1723 1.253191064666326
1724 1.253158010257581
1725 1.253125976744741
1726 1.253092821694311
1727 1.253061008580664
1728 1.253030064716284
1729 1.252999283185903
1730 1.252968771184329
1731 1.252938978488842
1732 1.252907447462829
1733 1.25287690905875
1734 1.252846469414169
1735 1.252817142862439
1736 1.252789040132159
1737 1.252760870540334
1738 1.252732435427569
1739 1.252705050682773
1740 1.252677454209493
1741 1.25265054772866
1742 1.252623658048691
1743 1.252597032702596
1744 1.252569349101607
1745 1.252545112154185
1746 1.25251929741224
1747 1.252493574830819
1748 1.252468266009164
1749 1.25244394084588
1750 1.252419716601385
1751 1.252396338769877
1752 1.25237203343452
1753 1.252349531888768
1754 1.252326351559561
1755 1.252305598527255
1756 1.252283981968915
1757 1.252263341860125
1758 1.252242498800893
1759 1.252221515861755
1760 1.252199464267748
1761 1.252179177200426
1762 1.252157638296964
1763 1.252137195175114
1764 1.252116523338564
1765 1.252097135673448
1766 1.252077363433174
1767 1.252059611042941
1768 1.25204101053853
1769 1.25202217050975
1770 1.25200305064514
1771 1.251985482245409
1772 1.251966831118807
1773 1.251949080498973
1774 1.251930026001166
1775 1.251912510602212
1776 1.251895144719603
1777 1.251879243795872
1778 1.251863260900398
1779 1.251847867966937
1780 1.251831480077031
1781 1.25181678686419
1782 1.251801093393681
1783 1.251786001764259
1784 1.251770477986792
1785 1.251757758562542
1786 1.251744114155986
1787 1.251731012531112
1788 1.251717304878724
1789 1.251704538746186
1790 1.251691369648668
1791 1.251679612241022
1792 1.251667360846877
1793 1.251654780194353
1794 1.251642297187272
1795 1.251631847967786
1796 1.251620933107285
1797 1.251610414363114
1798 1.251599442900104
1799 1.251589213471817
1800 1.251578887092205
1801 1.251570717930209
1802 1.251561141225516
1803 1.251552776167517
1804 1.251543527671183
1805 1.251535436997983
1806 1.25152681542475
1807 1.251519419660656
1808 1.251512180981236
1809 1.251504741695545
1810 1.251497017537411
1811 1.251491742141037
1812 1.251484509822712
1813 1.251478229661932
1814 1.251471632346812
1815 1.251466856496456
1816 1.251461010161265
1817 1.251456780329059
1818 1.251452033170502
1819 1.251448087704281
1820 1.25144369298154
1821 1.25144063158762
1822 1.251437172667668
1823 1.251435004040709
1824 1.251431046165707
1825 1.251428705626811
1826 1.251427146250856
1827 1.251425494965702
1828 1.251423345788923
1829 1.251422953054971
1830 1.2514226383892
1831 1.251424615885665
1832 1.251426105853242
1833 1.25142744235486
1834 1.251428182387923
1835 1.251430171854571
1836 1.251432139891117
1837 1.25143548360852
1838 1.251438662494024
1839 1.251441069649831
1840 1.251443390934115
1841 1.251448897979041
1842 1.25145304373045
1843 1.251458297790717
1844 1.251464145251124
1845 1.251471068814476
1846 1.251478490998044
1847 1.251486744422443
1848 1.25149403403681
1849 1.251501972870892
1850 1.251509747300546
1851 1.251519072732952
1852 1.251527188604423
1853 1.251536903902826
1854 1.251545351590384
1855 1.251554714768517
1856 1.251565152980805
1857 1.251576784232479
1858 1.251587544425244
1859 1.251598462174324
1860 1.251610752748389
1861 1.251621850572192
1862 1.251633935078325
1863 1.251645468845228
1864 1.251658119084284
1865 1.251670860021984
1866 1.251683350043094
1867 1.251696987894816
1868 1.251711156820019
1869 1.251723397280017
1870 1.251737185545517
1871 1.25175178272284
1872 1.251766934620189
1873 1.2517808098271
1874 1.251795328857199
1875 1.251811258202854
1876 1.251827089659322
1877 1.25184359528959
1878 1.251860431434733
1879 1.25187751891894
1880 1.251895374305901
1881 1.25191359867312
1882 1.251931989660107
1883 1.251951036775485
1884 1.25196892289506
1885 1.25198658652339
1886 1.252005709668072
1887 1.252025189948733
1888 1.252043736651124
1889 1.252062531484319
1890 1.252081746085821
1891 1.252101946168591
1892 1.252122892230293
1893 1.252144105672462
1894 1.252165554273561
1895 1.252187847866748
1896 1.252210511834994
1897 1.252233178836588
1898 1.252255427393248
1899 1.252277214372602
1900 1.252300016656963
1901 1.252324029958098
1902 1.252347471680751
1903 1.252370602831116
1904 1.252393925496016
1905 1.252417965891265
1906 1.252442663726427
1907 1.252468470882551
1908 1.252494052756379
1909 1.25252029668596
1910 1.25254687646764
1911 1.252574074325425
1912 1.252602277597598
1913 1.252630120615933
1914 1.252657253055189
1915 1.252684532393608
1916 1.252713238053396
1917 1.252741576034107
1918 1.252770886517862
1919 1.252798587524352
1920 1.252826809481418
1921 1.252855981930086
1922 1.25288713401249
1923 1.252917963182866
1924 1.252949738371056
1925 1.252981054615273
1926 1.253012969061338
1927 1.253045226861866
1928 1.253078429671353
1929 1.253110626522686
1930 1.253142244495609
1931 1.253175012639668
1932 1.253208834319934
1933 1.253243149804216
1934 1.253277949799443
1935 1.25331401188743
1936 1.253348560505174
1937 1.253383040182992
1938 1.253418451534692
1939 1.253454474584906
1940 1.253490796140939
1941 1.253527203653208
1942 1.253563465794251
1943 1.253599991245201
1944 1.253637913707304
1945 1.253674217766913
1946 1.253710753489697
1947 1.253748101012389
1948 1.253788185057913
1949 1.253828100655593
1950 1.253867964999121
1951 1.253908139930111
1952 1.253948546573514
1953 1.253988955982698
1954 1.254029301005313
1955 1.254070201140651
1956 1.254111212086245
1957 1.25415248220413
1958 1.254194039196482
1959 1.254235681349867
1960 1.254276964764775
1961 1.254318681972139
1962 1.254361353141531
1963 1.254404028497476
1964 1.254447150383841
1965 1.254490789043939
1966 1.25453404015754
1967 1.254577166924722
1968 1.254620688328735
1969 1.25466489123969
1970 1.25470938185994
1971 1.254754440040337
1972 1.254798979433895
1973 1.254843354388742
1974 1.254887580843139
1975 1.254932556447304
1976 1.2549788693558
1977 1.255025353176781
1978 1.255071721552845
1979 1.25511743857499
1980 1.255163563824349
1981 1.25521043541854
1982 1.255256522593341
1983 1.25530415678382
1984 1.255350141993882
1985 1.255396227792678
1986 1.255443245876825
1987 1.255491534513179
1988 1.255539050469426
1989 1.255586531300501
1990 1.255634425575666
1991 1.255682522569342
1992 1.25573111609393
1993 1.255779313710493
1994 1.25582764459311
1995 1.255876743567356
1996 1.255926939320481
1997 1.255976751437749
1998 1.25602759243962
1999 1.256077682468126
2000 1.256128178061147
2001 1.256179155802212
2002 1.256231429311944
2003 1.256282605354574
2004 1.256333016428437
2005 1.256383777956611
2006 1.256436280676853
2007 1.256489449977122
2008 1.256541056418075
2009 1.256592755758434
2010 1.256646395208891
2011 1.256699266645314
2012 1.256752507522868
2013 1.256806601749333
2014 1.256861713680111
2015 1.256916032050933
2016 1.256970409708604
2017 1.257024606788432
2018 1.257078425680056
2019 1.257132057422935
2020 1.257186441113661
2021 1.257243117018091
2022 1.257300113904027
2023 1.257354823326791
2024 1.257409593867545
2025 1.257465088044512
2026 1.257521963958294
2027 1.257578858380064
2028 1.257637153335101
2029 1.257694568651655
2030 1.25775196597581
2031 1.257809390171151
2032 1.257866789977422
2033 1.257925273058608
2034 1.257983850829394
2035 1.258042722423717
2036 1.258101035858049
2037 1.258159733781549
2038 1.25821777221603
2039 1.25827723295499
2040 1.258335099145719
2041 1.2583934902325
2042 1.258452803987923
2043 1.258513168941539
2044 1.258573998567113
2045 1.258635307677473
2046 1.258696794969373
2047 1.258758334726508
2048 1.258819050653312
2049 1.258880017814205
2050 1.258939524868984
2051 1.258999157385737
2052 1.259060061471849
2053 1.259120983178269
2054 1.259182685432219
2055 1.259244363403578
2056 1.259306623551328
2057 1.259368851563695
2058 1.259431575161481
2059 1.25949605414142
2060 1.259557291461722
2061 1.259618638030862
2062 1.259680954296424
2063 1.259744146388239
2064 1.259807493723037
2065 1.259871541213326
2066 1.259934780671252
2067 1.259998044868349
2068 1.260061258820677
2069 1.260125445876863
2070 1.260188626327497
2071 1.260251432632941
2072 1.260313570662224
2073 1.260376229895015
2074 1.260440035781956
2075 1.260503720290504
2076 1.260568533985741
2077 1.260633677141581
2078 1.26069860548033
2079 1.260763777753785
2080 1.260828237341926
2081 1.260892602207596
2082 1.260956842026878
2083 1.261021676616049
2084 1.261086770421949
2085 1.261151247915357
2086 1.261216551268894
2087 1.26128036360442
2088 1.261344986658026
2089 1.261409367756611
2090 1.261474446014298
2091 1.261540224377238
2092 1.26160600534262
2093 1.261672690970652
2094 1.261739776521659
2095 1.261806950613751
2096 1.261874788948982
2097 1.26194037003857
2098 1.262005991187188
2099 1.2620715823072
2100 1.262138694105793
2101 1.262204365484372
2102 1.262272083335255
2103 1.26233835435293
2104 1.262404709224057
2105 1.262467347050813
2106 1.262534817523892
2107 1.262602896095454
2108 1.262672210107766
2109 1.262739658510395
2110 1.262806369713186
2111 1.26287373973981
2112 1.26294351099671
2113 1.263012540475805
2114 1.263079390949721
2115 1.263146183789223
2116 1.263214247500132
2117 1.263282625287725
2118 1.263352150676433
2119 1.263420549583454
2120 1.263489679567743
2121 1.263559155283898
2122 1.263627648699132
2123 1.263693839610018
2124 1.263760684603769
2125 1.263824042924559
2126 1.263894201363836
2127 1.263964023540717
2128 1.264033626858971
2129 1.264103468843357
2130 1.264173474298697
2131 1.264243524654347
2132 1.264314178082832
2133 1.264384874494129
2134 1.264453674548584
2135 1.264521843585982
2136 1.264591249203054
2137 1.264661634768009
2138 1.264731745899572
2139 1.264800682999237
2140 1.264869605814136
2141 1.264938611105688
2142 1.26500808647774
2143 1.265078287116875
2144 1.265149207197962
2145 1.265219323921847
2146 1.265288019143731
2147 1.265356701236376
2148 1.265424300242958
2149 1.265493808140036
2150 1.265562950890267
2151 1.265633530413805
2152 1.265704173348103
2153 1.265773729569739
2154 1.265843112077614
2155 1.265912465692805
2156 1.265982133044987
2157 1.266052820995902
2158 1.266122829012854
2159 1.266190549455888
2160 1.266258230428382
2161 1.266327346851082
2162 1.266397198586795
2163 1.26646746780473
2164 1.266537052210781
2165 1.266607108022947
2166 1.26667699461073
2167 1.266747719899463
2168 1.266816221290411
2169 1.266885031767891
2170 1.266953809751903
2171 1.267024372833783
2172 1.267093242110176
2173 1.267162557104214
2174 1.267229938912347
2175 1.267298999917654
2176 1.267368578004954
2177 1.267438542029373
2178 1.267508773372592
2179 1.267579618964182
2180 1.26765024367481
2181 1.267721074206499
2182 1.267790810451364
2183 1.26786152395952
2184 1.267929612595276
2185 1.267997734528849
2186 1.268066240835373
2187 1.26813577929334
2188 1.268205632393124
2189 1.268275839394065
2190 1.268345709123808
2191 1.268416681937228
2192 1.268484810969206
2193 1.26855403083511
2194 1.268623035470464
2195 1.268693025181755
2196 1.268765215791043
2197 1.26883400355431
2198 1.268904795345225
2199 1.268974089942007
2200 1.269045898937411
2201 1.269115047013356
2202 1.269183956770567
2203 1.26925275224472
2204 1.269320796871212
2205 1.26938874794721
2206 1.269456846314472
2207 1.269527350226496
2208 1.26959762585387
2209 1.269666482044983
2210 1.269734583890686
2211 1.269803665557494
2212 1.269873117864652
2213 1.269942609887023
2214 1.270013205516459
2215 1.270082379300494
2216 1.270152387081281
2217 1.270221514948581
2218 1.270290570659732
2219 1.270359865929596
2220 1.270427919223131
2221 1.270495950873875
2222 1.270564471808229
2223 1.270633177620719
2224 1.270701920197972
2225 1.270771447835629
2226 1.2708422116778
2227 1.270911752141496
2228 1.270981358950686
2229 1.271049784638755
2230 1.271118403376777
2231 1.271187124137472
2232 1.271256446092815
2233 1.271324166295043
2234 1.271392681327094
2235 1.271460239195634
2236 1.271527445286238
2237 1.27159483646223
2238 1.271663605852538
2239 1.271733746921598
2240 1.27180284768551
2241 1.271872073151408
2242 1.271940269640395
2243 1.272008270682919
2244 1.272077161517085
2245 1.27214519932701
2246 1.27221268655126
2247 1.272280141914831
2248 1.272347061425593
2249 1.272414786004093
2250 1.272482078372857
2251 1.272547425851734
2252 1.272613664327248
2253 1.272682213132041
2254 1.272750304164839
2255 1.272819622336951
2256 1.272887506858633
2257 1.272955030320348
2258 1.273022201855165
2259 1.273088041910662
2260 1.273154983003965
2261 1.273222822442834
2262 1.273288514131736
2263 1.273355818352598
2264 1.273423163299488
2265 1.273489856290662
2266 1.273555656290917
2267 1.273621802678774
2268 1.273687712561845
2269 1.273753981817393
2270 1.273819619080655
2271 1.273887704555086
2272 1.273953928893356
2273 1.274018668152353
2274 1.274084140638994
2275 1.274148267595984
2276 1.274214166329904
2277 1.274280555071712
2278 1.274346624073561
2279 1.274412279552355
2280 1.274477550708146
2281 1.274542112826593
2282 1.274607855032573
2283 1.274674091455263
2284 1.274739746368274
2285 1.274805691626389
2286 1.274870201464867
2287 1.274934828237763
2288 1.274999552200759
2289 1.275063401683146
2290 1.275126672798402
2291 1.275191436475739
2292 1.275256047495168
2293 1.275320586288721
2294 1.275384863646442
2295 1.275449222079013
2296 1.275513122435272
2297 1.275579016132102
2298 1.275641865532825
2299 1.275704562727379
2300 1.275769044265108
2301 1.275833387332795
2302 1.275897854103498
2303 1.275962440187518
2304 1.276025870324861
2305 1.276089620162262
2306 1.276152659779173
2307 1.276215271309269
2308 1.276278492567903
2309 1.276340902412867
2310 1.27640318008849
2311 1.276464884161923
2312 1.276527320271771
2313 1.276590707405756
2314 1.276654002095141
2315 1.276716900526688
2316 1.276779891815964
2317 1.276843033155471
2318 1.276909036830493
2319 1.276971658463662
2320 1.277036903125336
2321 1.277096685937155
2322 1.27715776877642
2323 1.277216553075357
2324 1.277277126782471
2325 1.277340641337742
2326 1.277402562442341
2327 1.277466108366869
2328 1.277527146804458
2329 1.277588822750752
2330 1.277649494366438
2331 1.277711822980875
2332 1.277771850244787
2333 1.277833839787109
2334 1.277895195000003
2335 1.277956200590033
2336 1.278015548118994
2337 1.278073302611128
2338 1.27813362107297
2339 1.278193256906813
2340 1.278256096257134
2341 1.278316422980456
2342 1.278376581365447
2343 1.278437054800133
2344 1.27849696481274
2345 1.278556468760325
2346 1.278616853831247
2347 1.278674048727915
2348 1.278731717821669
2349 1.278791252297995
2350 1.278850369861817
2351 1.278910040032641
2352 1.278970078313233
2353 1.279029397143821
2354 1.279087860067432
2355 1.279147499835327
2356 1.279206106843915
2357 1.2792655929822
2358 1.279324242404933
2359 1.279383034669979
2360 1.279441611559948
2361 1.279500988322018
2362 1.279560281079053
2363 1.279619213082183
2364 1.279678313778216
2365 1.279736318388724
2366 1.279793244819737
2367 1.279849811500113
2368 1.279906901763219
2369 1.279964062227546
2370 1.280022313249809
2371 1.280080607306967
2372 1.280138028151683
2373 1.28019447921062
2374 1.2802516490986
2375 1.280310134516735
2376 1.280368104135393
2377 1.280426121822775
2378 1.280482798595574
2379 1.280537531282967
2380 1.280593151226556
2381 1.280649150985946
2382 1.28070496475541
2383 1.280761617623814
2384 1.280817787069693
2385 1.280874489252216
2386 1.280930327538305
2387 1.280987437477143
2388 1.281041907757169
2389 1.281096087092899
2390 1.281152043269597
2391 1.281207122653413
2392 1.281263199967037
2393 1.28131848146177
2394 1.28137474561981
2395 1.281429118371435
2396 1.281484296645249
2397 1.281538437702221
2398 1.281593690207434
2399 1.28164783191392
2400 1.281702951825776
2401 1.281757392149155
2402 1.281810991285401
2403 1.281864483848196
2404 1.281918767906568
2405 1.281973573519161
2406 1.282028441192578
2407 1.282083472667721
2408 1.282137796237023
2409 1.282190808064091
2410 1.282242741114336
2411 1.282294330636217
2412 1.282347476098805
2413 1.282402089703469
2414 1.282456641442876
2415 1.282509021367379
2416 1.282561350635704
2417 1.282614322029449
2418 1.282667136296541
2419 1.282720325944096
2420 1.282773500323518
2421 1.282827143517309
2422 1.282879430698572
2423 1.282931005931798
2424 1.282982650041188
2425 1.283034661401304
2426 1.283086696051985
2427 1.283138892602143
2428 1.283191167777066
2429 1.283243972164162
2430 1.283294999773038
2431 1.283345673520812
2432 1.283396361944173
2433 1.283447915552867
2434 1.283500286810446
2435 1.283551493116364
2436 1.283602994316584
2437 1.283653732014503
2438 1.283704227951719
2439 1.283755000425424
2440 1.28380445734975
2441 1.283854152089806
2442 1.283905128174117
2443 1.283957291364815
2444 1.284007678465247
2445 1.284058175009321
2446 1.284109717607825
2447 1.28415917765434
2448 1.284208020329846
2449 1.284256005713291
2450 1.284304043206663
2451 1.284353014474959
2452 1.284404601937209
2453 1.284455858263641
2454 1.284506721668315
2455 1.284557018379492
2456 1.284606886626994
2457 1.284657959216025
2458 1.28470447522456
2459 1.284750749105774
2460 1.284798224141372
2461 1.284847035188462
2462 1.284894933903799
2463 1.284943489075976
2464 1.284992912521242
2465 1.285042019291551
2466 1.285092778769344
2467 1.285142854811589
2468 1.285190945629324
2469 1.285239807060113
2470 1.285288631126125
2471 1.285337608576701
2472 1.285384656151357
2473 1.285432467892214
2474 1.285478506203998
2475 1.285525055951619
2476 1.28557221056349
2477 1.285620248351635
2478 1.285669454977393
2479 1.285717961359055
2480 1.285766337316719
2481 1.285814965057102
2482 1.28586176849519
2483 1.285908992405202
2484 1.285955873226456
2485 1.286002871054139
2486 1.286048956375893
2487 1.286092960514958
2488 1.28613835299236
2489 1.28618564080034
2490 1.286234316794237
2491 1.286281856342572
2492 1.286330500318142
2493 1.286377278941335
2494 1.286424975417854
2495 1.28647026187814
2496 1.28651528812081
2497 1.286561102740809
2498 1.286606997418185
2499 1.286652317058356
2500 1.286697983726607
2501 1.286743218684757
2502 1.286787961969836
2503 1.286833306694996
2504 1.286879131716745
2505 1.286925234597288
2506 1.28697132668802
2507 1.287014388652441
2508 1.287058468566324
2509 1.28710258403394
2510 1.287146782235044
2511 1.287191049580392
2512 1.287236365689794
2513 1.287283013487513
2514 1.287329892997632
2515 1.28737537640604
2516 1.287418519186084
2517 1.287462018628808
2518 1.287505763184609
2519 1.287548785870196
2520 1.287593094346752
2521 1.28763701482202
2522 1.28767974436627
2523 1.287722247860445
2524 1.287765367233926
2525 1.28781016280887
2526 1.287853221093435
2527 1.287895991052949
2528 1.287939512701111
2529 1.287983983649458
2530 1.288028206172423
2531 1.288071873406123
2532 1.288115468276825
2533 1.288159818629727
2534 1.288200373651506
2535 1.288240760569495
2536 1.288282128102834
2537 1.28832512551308
2538 1.288368175575637
2539 1.28841147827033
2540 1.288455444038455
2541 1.288498956398365
2542 1.288542338455907
2543 1.288585351828302
2544 1.288628074252069
2545 1.288670543317676
2546 1.288710437003807
2547 1.288749921034424
2548 1.288791628614711
2549 1.28883435380934
2550 1.288878036081653
2551 1.288921048708504
2552 1.288962172467591
2553 1.289003158908233
2554 1.289044796725476
2555 1.289086677441145
2556 1.289128711937948
2557 1.289171749453236
2558 1.289213613021753
2559 1.289255459353561
2560 1.289297276230451
2561 1.289339301172423
2562 1.289379644643819
2563 1.289420418375593
2564 1.289460757093556
2565 1.289502931959295
2566 1.289543683977791
2567 1.289583148927717
2568 1.289623052174502
2569 1.289664164702824
2570 1.289705150697243
2571 1.289745979857302
2572 1.289786496469605
2573 1.289827653576238
2574 1.289870524566184
2575 1.289911514150135
2576 1.289950209463503
2577 1.289988932759817
2578 1.290028828155664
2579 1.290068652600585
2580 1.290109008630752
2581 1.29014981588598
2582 1.29019000345463
2583 1.290229348816319
2584 1.29026841967721
2585 1.290306526873645
2586 1.2903472331779
2587 1.290385629766998
2588 1.290424553297325
2589 1.290465381610029
2590 1.290505902148448
2591 1.290545416691209
2592 1.2905846127288
2593 1.290624434230508
2594 1.290663598637518
2595 1.290703881458479
2596 1.290742164271675
2597 1.290779557114183
2598 1.29081770612877
2599 1.290856758866487
2600 1.290896721586841
2601 1.290936673612072
2602 1.290975167187357
2603 1.29101313546347
2604 1.291052006076168
2605 1.29109138958475
2606 1.291130462504954
2607 1.291169290301417
2608 1.29120634600811
2609 1.291243074056881
2610 1.291281535020456
2611 1.291318263722278
2612 1.291357184099773
2613 1.291395445157585
2614 1.291434576249664
2615 1.291472662693792
2616 1.291510316775973
2617 1.291548800573839
2618 1.291587778162652
2619 1.291626534976649
2620 1.291665084206408
2621 1.291703104245209
2622 1.291739214541139
2623 1.291776160995348
2624 1.291813729420048
2625 1.291852344173069
2626 1.291888844764134
2627 1.291924766251901
2628 1.291962088088503
2629 1.291999617148983
2630 1.292038779628379
2631 1.29207673122989
2632 1.292113814522885
2633 1.292150239759728
2634 1.292185473445445
2635 1.292222182037598
2636 1.292259848338274
2637 1.292298082099386
2638 1.292335908449962
2639 1.292373556453984
2640 1.292410977050299
2641 1.292447208706108
2642 1.292483845703316
2643 1.292520281407502
2644 1.292557755843716
2645 1.29259343575937
2646 1.29262843088585
2647 1.292664501934906
2648 1.292700331603284
2649 1.292737728119499
2650 1.292775034898163
2651 1.292814636427292
2652 1.2928509630303
2653 1.292886974233367
2654 1.292923494310064
2655 1.292960834444268
2656 1.292996021720198
2657 1.293032642783692
2658 1.293067167138569
2659 1.293101991657466
2660 1.293137326411993
2661 1.293174395820262
2662 1.293210327452602
2663 1.293245709296588
2664 1.293281536662223
2665 1.293318844168667
2666 1.293355917436647
2667 1.2933917152923
2668 1.29342838513699
2669 1.293464926481104
2670 1.293499819967886
2671 1.293533636337837
2672 1.293567853850158
2673 1.293603889800198
2674 1.29364069882485
2675 1.293675200859095
2676 1.293709858070231
2677 1.293745450744552
2678 1.293781971108797
2679 1.293817484861826
2680 1.293853290631859
2681 1.293889160106329
2682 1.293926778708679
2683 1.293959310150035
2684 1.293992078084708
2685 1.294027060275871
2686 1.29406221180647
2687 1.294096017983012
2688 1.294130310645986
2689 1.29416608325814
2690 1.294202387143405
2691 1.294237543684699
2692 1.294272403314078
2693 1.294307348970697
2694 1.294341517640045
2695 1.294376602739374
2696 1.294410608511174
2697 1.294445535654581
2698 1.294479331133382
2699 1.294512680573851
2700 1.294546748927857
2701 1.294582761633786
2702 1.294617822612368
2703 1.29464845150593
2704 1.294683388692344
2705 1.294717941601737
2706 1.294752592842432
2707 1.294786075108932
2708 1.294818127995348
2709 1.294851733107823
2710 1.294887004248693
2711 1.294922609519941
2712 1.294958341948331
2713 1.29499225376952
2714 1.295026644361257
2715 1.295060551436193
2716 1.295095540782065
2717 1.295131731523759
2718 1.295166473777744
2719 1.295200983163436
2720 1.295233989013405
2721 1.295266450392067
2722 1.295299159360259
2723 1.29533217308292
2724 1.295364390143297
2725 1.295398567472699
2726 1.295430452658667
2727 1.29546346144492
2728 1.295497228685785
2729 1.295533692392359
2730 1.295568804857728
2731 1.295603130476158
2732 1.295634000291339
2733 1.295665743412741
2734 1.29569900091945
2735 1.295732043976756
2736 1.295765495050893
2737 1.295800076436293
2738 1.295834886995572
2739 1.29586867165287
2740 1.295901910578737
2741 1.29593408164957
2742 1.295966083338554
2743 1.29599748755543
2744 1.296029182124551
2745 1.296062521930376
2746 1.296096199497367
2747 1.296129993324768
2748 1.296165376905406
2749 1.29619746864978
2750 1.296229709124183
2751 1.296262373421854
2752 1.296294808422455
2753 1.296326438809599
2754 1.296359107442308
2755 1.296392227314726
2756 1.296424590224941
2757 1.296457273789909
2758 1.296492305260224
2759 1.296525915142638
2760 1.29655796027957
2761 1.296589861779941
2762 1.296621963275016
2763 1.296655264983873
2764 1.296688236774128
2765 1.296720833952412
2766 1.296753748263004
2767 1.296786086130894
2768 1.296819634797655
2769 1.296850984691035
2770 1.296881022028869
2771 1.296910828706065
2772 1.296944177251459
2773 1.296976854288157
2774 1.297007866848646
2775 1.29703946885883
2776 1.297072555855516
2777 1.297106793661154
2778 1.297140414194546
2779 1.297174467481166
2780 1.297208545806417
2781 1.297240505871892
2782 1.297271638247452
2783 1.297300769916259
2784 1.297332031286681
2785 1.297363374957767
2786 1.297394108519635
2787 1.297425272711876
2788 1.29745795006314
2789 1.29749108447199
2790 1.29752287392038
2791 1.297554411248123
2792 1.297586736144145
2793 1.297618409739382
2794 1.297650735077812
2795 1.297682206868737
2796 1.297713662468627
2797 1.297748013684207
2798 1.297779013067293
2799 1.297811552981092
2800 1.297840554659012
2801 1.297870392416522
2802 1.297901215828675
2803 1.297931338134906
2804 1.297961947054575
2805 1.297993937980038
2806 1.298023619665386
2807 1.29805458021485
2808 1.298085935958737
2809 1.298116990180914
2810 1.298150705220701
2811 1.298185083969714
2812 1.298211312919945
2813 1.298242877082785
2814 1.298275521865284
2815 1.298307436667444
2816 1.298335783425266
2817 1.298366360872844
2818 1.298398308935356
2819 1.29842875929031
2820 1.29845882747536
2821 1.298490214440938
2822 1.298521366594549
2823 1.298553690058033
2824 1.298585132025301
2825 1.298617757827024
2826 1.298649451254242
2827 1.298681688712887
2828 1.298711396203199
2829 1.298742306098514
2830 1.298772597314376
2831 1.29880306739261
2832 1.298832456323891
2833 1.298860074809106
2834 1.298890840677981
2835 1.298922935564267
2836 1.298954183795448
2837 1.298983400314804
2838 1.299012915704752
2839 1.29904399514598
2840 1.299076276819945
2841 1.299107207380158
2842 1.299138995634455
2843 1.299167649171126
2844 1.29919693858161
2845 1.299226974237022
2846 1.29925685006153
2847 1.299287433864403
2848 1.299318660252903
2849 1.29934968746071
2850 1.299379381043612
2851 1.299408894330793
2852 1.299439526637576
2853 1.299468623772985
2854 1.299494302372259
2855 1.299524490777981
2856 1.299552907334595
2857 1.299584182635115
2858 1.299613499142567
2859 1.299643072540048
2860 1.299673776466154
2861 1.299702299002234
2862 1.299733503861991
2863 1.29976435309323
2864 1.299794762640953
2865 1.299819525647489
2866 1.299848878744203
2867 1.299878993109073
2868 1.299909724832235
2869 1.299939008229999
2870 1.299964462565087
2871 1.299996051554511
2872 1.30002811432507
2873 1.300058462490747
2874 1.300088345949882
2875 1.300118229013035
2876 1.300146495022893
2877 1.300177493351491
2878 1.300206943935599
2879 1.300236942094136
2880 1.300266544682075
2881 1.300294001292782
2882 1.300321885931345
2883 1.300350231912882
2884 1.30037768829784
2885 1.30040939998986
2886 1.300438710782047
2887 1.300469283108251
2888 1.300496463611728
2889 1.300521924356216
2890 1.300553264769069
2891 1.300582232395291
2892 1.300613961436706
2893 1.300641674284714
2894 1.300665832128739
2895 1.300695126897312
2896 1.300724181717082
2897 1.300753492387027
2898 1.300783500374724
2899 1.300809672256452
2900 1.300840803476077
2901 1.300871420757624
2902 1.300898075463891
2903 1.300928632369652
2904 1.300959611729022
2905 1.300984221222968
2906 1.301013703325176
2907 1.301039820076686
2908 1.301070945596586
2909 1.301101027470677
2910 1.301130147200681
2911 1.301154666718733
2912 1.301185058202843
2913 1.301211107068202
2914 1.301241709021481
2915 1.30126900935904
2916 1.301298199573972
2917 1.301321943628935
2918 1.301350800649735
2919 1.301381810484559
2920 1.301408727737581
2921 1.301436421250251
2922 1.301467203274526
2923 1.301495586156706
2924 1.301520539988808
2925 1.301548788244346
2926 1.301573753146569
2927 1.301605468178256
2928 1.3016362695155
2929 1.301662319339229
2930 1.301691288448406
2931 1.301721558652376
2932 1.301746337181174
2933 1.301770577224217
2934 1.301799955018474
2935 1.301829776788925
2936 1.301856743108619
2937 1.301882149120539
2938 1.301911353647599
2939 1.301937327585811
2940 1.301967277143864
2941 1.301995391046237
2942 1.302021068959365
2943 1.302050127092571
2944 1.302075767846096
2945 1.302105563628561
2946 1.302134766719128
2947 1.30215935870083
2948 1.302184392470235
2949 1.302210340457806
2950 1.302237154196647
2951 1.302267990631471
2952 1.302295300213322
2953 1.30232486760069
2954 1.30235004707862
2955 1.302377921158872
2956 1.302402077884361
2957 1.30243059237885
2958 1.302453845516425
2959 1.302482878353202
2960 1.302512747974043
2961 1.302537972806521
2962 1.302569439371266
2963 1.302593855988945
2964 1.302622565444309
2965 1.302647861423293
2966 1.302677132430453
2967 1.302702494840118
2968 1.302730357910562
2969 1.302754945809071
2970 1.302779815279562
2971 1.302808963804961
2972 1.302834201551584
2973 1.302857588003031
2974 1.302884995290041
2975 1.302910207242458
2976 1.302938522169137
2977 1.302963067789957
2978 1.302992824280696
2979 1.303020998707872
2980 1.303044661411305
2981 1.303070007097531
2982 1.303099525369139
2983 1.303124468696376
2984 1.303155159756474
2985 1.303179905044456
2986 1.303208155715403
2987 1.303231224564115
2988 1.303253959733495
2989 1.303281707662575
2990 1.303310204086857
2991 1.30333710866603
2992 1.303360337306829
2993 1.30338360852853
2994 1.303411691770374
2995 1.303436675290568
2996 1.303466224710133
2997 1.303494842702098
2998 1.303518976670221
2999 1.303543544638676
3000 1.303570667861422
