"lift-rfile"
"Iteration" "lift"
("Iteration" "lift")
1 -0.0005021737271826742
2 -0.0006647700256152378
3 -0.001633526405603825
4 -0.006185518821971069
5 -0.01462660665852627
6 -0.01543327446980461
7 -0.005732496283274582
8 -0.0005274942382987744
9 0.00777725694973996
10 0.01244090556038924
11 0.01610765226992937
12 0.0131176868046899
13 0.01507011228227669
14 0.01455981305344164
15 0.01525027732550455
16 0.01484886371656926
17 0.01302802098469586
18 0.01107912273294658
19 0.00849048883198527
20 0.005731249223897131
21 0.002830837181384739
22 -4.019601088007971e-05
23 -0.002770656215192657
24 -0.004705500729689282
25 -0.006095334566186368
26 -0.007122969968245047
27 -0.007788133145924566
28 -0.008008752873768888
29 -0.007536435560365315
30 -0.007348174026288971
31 -0.006848522136121271
32 -0.006177120990759992
33 -0.00574764538848298
34 -0.00534942238938848
35 -0.004922881123543093
36 -0.00425596016346454
37 -0.003882967332708958
38 -0.003545535078559503
39 -0.003276078093267087
40 -0.003088162888730538
41 -0.002902759030275794
42 -0.00284330668415103
43 -0.002988610390290921
44 -0.003310910700284578
45 -0.003539222335296792
46 -0.003592028956526552
47 -0.00385875822157283
48 -0.003771450781780576
49 -0.00352534325489302
50 -0.003315858633347533
51 -0.00314040100330278
52 -0.002720858591129693
53 -0.002109968164102607
54 -0.001472332630495345
55 -0.0009915447098405345
56 -0.0004988365499750536
57 -0.0001566173229336852
58 -3.862902600479019e-05
59 5.33657580343518e-06
60 0.0002966450502502324
61 0.0004079221304611444
62 0.0002566220319607785
63 7.484865200626792e-05
64 -9.417034469370957e-05
65 -0.0002555935032750323
66 -0.0005978749636871457
67 -0.0005298385859550621
68 -0.0007451916141345986
69 -0.0007514700047256966
70 -0.0008202445269001085
71 -0.0007727898810687864
72 -0.0007710069753921122
73 -0.0008030775186613425
74 -0.000979067317549649
75 -0.001134519450356964
76 -0.001348356823550046
77 -0.001471805340097652
78 -0.001518471684484341
79 -0.001540619028281682
80 -0.001470384162905458
81 -0.00132597872044278
82 -0.0010567214345862
83 -0.000753050550337535
84 -0.0004154288163233265
85 -5.383724726449698e-05
86 0.0003479016909916445
87 0.0007432296957669488
88 0.001153774285223185
89 0.001538340448323362
90 0.001889164711824578
91 0.002224892285279256
92 0.002516258394156645
93 0.002760542531287864
94 0.00271132942375862
95 0.00267530574216484
96 0.002641469414994555
97 0.002467480338353706
98 0.002459915069500634
99 0.002427284445550566
100 0.002233761347224934
101 0.002236465884435447
102 0.00221799794714289
103 0.002143013918115485
104 0.002085425364728348
105 0.001983812356622027
106 0.001829402460741552
107 0.001642550488362196
108 0.001436469626903895
109 0.001223423990184366
110 0.0009834812551873452
111 0.0007280656652760429
112 0.0004679684817729205
113 0.0002042051131001077
114 -4.034689801909896e-05
115 -0.0002657719988552389
116 -0.0004703420650918314
117 -0.0006518284818598935
118 -0.0008080051243887498
119 -0.0009265543193515827
120 -0.001031102534549017
121 -0.001105311199112126
122 -0.00114874270993512
123 -0.001161563399085969
124 -0.001144754289825078
125 -0.001106932041322437
126 -0.001046761769727003
127 -0.0009710678924220795
128 -0.0008791040799061818
129 -0.0007715876832929078
130 -0.0006582912894172136
131 -0.0005564725591743846
132 -0.0004447687752229666
133 -0.0003346852449320898
134 -0.0002416690163612533
135 -0.0001511916166876361
136 -6.310336926219905e-05
137 2.112261517567726e-05
138 9.539017516364148e-05
139 0.0001613145871604747
140 0.0002188436356816822
141 0.000264165773270439
142 0.0002967150382294514
143 0.0003205201670000735
144 0.0003397706974581838
145 0.0003521283982665298
146 0.0003522192610429147
147 0.0003453362473878835
148 0.0003342780788693484
149 0.0003236589064590692
150 0.0003043522525506244
151 0.0002701714271833639
152 0.0002346709709002951
153 0.0001927502976512946
154 0.0001440321839401777
155 8.630752219109923e-05
156 2.247422526674083e-05
157 -4.796137661759202e-05
158 -0.0001232366437245318
159 -0.0002023607227663965
160 -0.0002823125888266883
161 -0.0003640915963616272
162 -0.0004491158973382061
163 -0.0005347186200847644
164 -0.0006196940944618309
165 -0.0007040285599308589
166 -0.0007841935974982681
167 -0.000854538242643617
168 -0.0009201453137821184
169 -0.0009785300301417914
170 -0.001032667760858125
171 -0.001078015433087405
172 -0.001114001685850984
173 -0.001143459916821973
174 -0.001163429331139072
175 -0.001173151250381862
176 -0.001173132935128354
177 -0.001162224694474627
178 -0.001139726979967255
179 -0.001106471055627502
180 -0.00106134677986593
181 -0.001006283662465127
182 -0.0009317693875892343
183 -0.0008641856942190867
184 -0.0007873991281219458
185 -0.0006885384019116412
186 -0.0005949183208490294
187 -0.0004941037053619235
188 -0.000385459157033463
189 -0.0002702491200842292
190 -0.0001499941537740974
191 -2.561574173515644e-05
192 0.0001018844290351052
193 0.0002272290200706855
194 0.0003493017733463044
195 0.0004678484532056786
196 0.0005811259097859779
197 0.000691800150238791
198 0.0007963055634772161
199 0.0008928328985224716
200 0.0009736744028272105
201 0.001054693538722978
202 0.001123896888435446
203 0.00118367216107078
204 0.001229103392233125
205 0.001264544491752692
206 0.001286765475465135
207 0.001298449309842953
208 0.001298755863113102
209 0.001287891056197685
210 0.001265368749735579
211 0.001232363968712997
212 0.001164392563496728
213 0.001113289251793244
214 0.001028331024533649
215 0.0009603017464878364
216 0.0008654080001982612
217 0.0007917569223279709
218 0.000695565341752127
219 0.0006174611639091365
220 0.0005205241650751477
221 0.0004409627981071201
222 0.0003447290354762656
223 0.0002671843832100895
224 0.0001891284099338133
225 9.96627846165535e-05
226 2.625573380683096e-05
227 -5.619523445914693e-05
228 -0.0001233392397382701
229 -0.0001888062340440066
230 -0.0002561978589915785
231 -0.0003091661257924924
232 -0.0003586403697931139
233 -0.0004100768766117307
234 -0.0004491157010736446
235 -0.0004845894044346852
236 -0.0005190854399470435
237 -0.0005465892799936962
238 -0.00057233793566519
239 -0.0005916688670470872
240 -0.0006065203832291235
241 -0.0006157240944238005
242 -0.0006199027315093954
243 -0.0006192861496138209
244 -0.0006172940696180637
245 -0.0006102471205624773
246 -0.0005998415531813824
247 -0.000585059925222087
248 -0.0005669578611559761
249 -0.0005452637102683213
250 -0.000521411274220161
251 -0.0004954430432572365
252 -0.0004684297043838858
253 -0.0004357115692277748
254 -0.0004062878099632315
255 -0.0003714786253750831
256 -0.000338363369780143
257 -0.0003029062323159286
258 -0.0002687718408777994
259 -0.0002353059905615857
260 -0.0002034190918954947
261 -0.0001733831749758497
262 -0.0001443406159308484
263 -0.0001183899890381202
264 -8.60011216108326e-05
265 -6.443532721660553e-05
266 -4.386119832888334e-05
267 -2.727132405722968e-05
268 -1.309345870755594e-05
269 -3.119409948221041e-06
270 5.237726074672165e-06
271 1.175936103891794e-05
272 1.081158546750052e-05
273 1.372316557802971e-05
274 1.011522439831148e-05
275 4.500016966258749e-06
276 -2.222003500967373e-06
277 -1.016703887762308e-05
278 -2.101350976032791e-05
279 -3.061677489818389e-05
280 -4.188152814307519e-05
281 -5.348057527879926e-05
282 -6.674423516564788e-05
283 -8.267545033230967e-05
284 -9.789889199669668e-05
285 -0.0001128141384517427
286 -0.0001290122251985864
287 -0.0001469014578061977
288 -0.0001649507360861299
289 -0.0001850223293019091
290 -0.0002047939761692175
291 -0.0002242564451448587
292 -0.0002428385017817785
293 -0.0002619389933582755
294 -0.0002839904505679089
295 -0.0003016500306597147
296 -0.0003192649736451717
297 -0.0003366051272246501
298 -0.0003520232203030047
299 -0.0003680668750149074
300 -0.0003825391770761684
301 -0.0003944427898993572
302 -0.0004063854910342627
303 -0.0004187507320954862
304 -0.0004298258842328259
305 -0.0004405829930095029
306 -0.0004482180568142208
307 -0.0004534191504393566
308 -0.0004582290491170715
309 -0.0004617046549555537
310 -0.0004633556626534739
311 -0.0004631838094834048
312 -0.0004616323575089958
313 -0.0004570005314802762
314 -0.0004501407512200948
315 -0.0004414071029715506
316 -0.0004317085789427755
317 -0.0004203421331071787
318 -0.0004035565385496394
319 -0.0003852409374730218
320 -0.0003645413945677143
321 -0.0003427823938369609
322 -0.0003181867527359655
323 -0.0002928780794392917
324 -0.0002642899933026651
325 -0.000232318445229782
326 -0.0001991340542478517
327 -0.0001649597247422633
328 -0.000128154286593104
329 -9.281339659990402e-05
330 -5.442869587966143e-05
331 -1.337663637065264e-05
332 2.76335060863905e-05
333 7.099816851120938e-05
334 0.0001143452284912235
335 0.0001588735442296752
336 0.0002034038852032908
337 0.0002481975141985032
338 0.0002901115591369561
339 0.0003308458941130441
340 0.0003726151357954533
341 0.0004118473287130432
342 0.0004489669059192891
343 0.0004865323427705679
344 0.0005219986751451833
345 0.0005552783797859556
346 0.0005863586448484448
347 0.0006137300997824491
348 0.0006364060905943472
349 0.0006565708773949197
350 0.00067354088165671
351 0.0006864783981699253
352 0.0006932102484511341
353 0.0006956556962979272
354 0.0006946459994357081
355 0.0006890580638130264
356 0.0006795178793584377
357 0.0006660095928348604
358 0.0006494120901582551
359 0.0006259462805467237
360 0.0005984463241308772
361 0.0005661783348319902
362 0.000531938444958917
363 0.0004916530736279464
364 0.0004459426966865523
365 0.0003972641219656895
366 0.0003446219708533937
367 0.000288753853376387
368 0.0002287589417950855
369 0.000167326500800156
370 0.0001047159076103347
371 3.914423063756939e-05
372 -2.790862399407748e-05
373 -9.340528918029342e-05
374 -0.0001590597965572112
375 -0.0002270217292514874
376 -0.0002929354150503553
377 -0.0003587359419061345
378 -0.0004243105673379296
379 -0.0004877067603503319
380 -0.0005498938178235464
381 -0.0006099873815713383
382 -0.0006668459093655523
383 -0.0007228090643937596
384 -0.0007736552353250264
385 -0.0008216960974762495
386 -0.0008653086477268197
387 -0.0009029174099056477
388 -0.0009375470140419336
389 -0.0009659820187933713
390 -0.0009928223437794931
391 -0.001010795619568352
392 -0.00102597199568877
393 -0.001033848477741466
394 -0.001036187816148763
395 -0.001034547859234357
396 -0.001027588827404899
397 -0.001012130651133083
398 -0.0009938651047721346
399 -0.0009710344267792521
400 -0.0009421654267844165
401 -0.000913775091522473
402 -0.0008765136981315998
403 -0.000833927183138804
404 -0.0007873375671108602
405 -0.0007380786117975307
406 -0.0006857437444586124
407 -0.0006314963205835119
408 -0.0005722241399072233
409 -0.0005088730101606407
410 -0.0004442225406966394
411 -0.0003774751802224879
412 -0.0003098270520020237
413 -0.0002436162960269587
414 -0.0001762905732008318
415 -0.0001080124414729163
416 -3.875136816815045e-05
417 2.790210013653394e-05
418 9.629083293728454e-05
419 0.0001622497143317593
420 0.0002272060507928284
421 0.0002897276101666016
422 0.0003504328927749936
423 0.0004086505357011093
424 0.0004632588768718882
425 0.0005153325993424274
426 0.0005624770600232129
427 0.0006063155273655078
428 0.0006477429516985642
429 0.0006865732536758885
430 0.0007192076132415204
431 0.0007491840688955423
432 0.0007732806944210521
433 0.0007946940160276019
434 0.0008125403284426603
435 0.0008250927830471008
436 0.0008322668913669948
437 0.0008345581514288507
438 0.0008330950474736547
439 0.0008269130500495082
440 0.0008162866031946782
441 0.0008019239525386215
442 0.0007824405597222638
443 0.0007589161313273675
444 0.0007324669337433129
445 0.0007033351439278018
446 0.0006710401817207344
447 0.0006344349824519097
448 0.0005930070318468862
449 0.0005505864996813935
450 0.0005039745032636283
451 0.0004556495792590414
452 0.0004056173145350645
453 0.0003518336389193292
454 0.0002944946587548989
455 0.0002370474157451698
456 0.0001783478678363168
457 0.0001194361022233153
458 5.975798205353961e-05
459 -5.539943863841869e-07
460 -6.064411885713839e-05
461 -0.0001210192426357099
462 -0.0001800599621103696
463 -0.0002376489359050528
464 -0.0002937513060488271
465 -0.000348574866876735
466 -0.0004022934777507661
467 -0.0004532440936239001
468 -0.0005021138435605684
469 -0.0005509973202263928
470 -0.0005949366880101273
471 -0.0006373357332365556
472 -0.0006744477399667316
473 -0.0007076722633273256
474 -0.0007383496714784217
475 -0.0007651249105860845
476 -0.0007874212709986906
477 -0.0008065810134331333
478 -0.0008204576599470948
479 -0.0008291058490030853
480 -0.0008339508929849832
481 -0.0008341095923968221
482 -0.0008292940212274419
483 -0.000822175288406326
484 -0.0008106561476421866
485 -0.0007925860169682943
486 -0.0007725600583668636
487 -0.0007489289571919181
488 -0.0007210251631087978
489 -0.0006905409511131819
490 -0.0006551997893272917
491 -0.0006150732880258615
492 -0.0005723796692413954
493 -0.0005268715756010008
494 -0.0004795472993152304
495 -0.0004306710309334654
496 -0.0003785389372518152
497 -0.0003246519897024688
498 -0.0002695701030444118
499 -0.0002137900811639965
500 -0.000157256938322378
501 -0.0001002428083936693
502 -4.394659514636116e-05
503 1.336429026154277e-05
504 6.89015091980859e-05
505 0.0001241997926136294
506 0.0001782937218889231
507 0.0002296817046599687
508 0.0002812248138009075
509 0.000332249281869799
510 0.0003793933492214553
511 0.0004244175203725782
512 0.0004661248423492275
513 0.0005057985259998111
514 0.000541660295428684
515 0.0005743953113005986
516 0.0006030391472006092
517 0.000628966395678207
518 0.0006499540681212428
519 0.0006667612657158185
520 0.0006807209958064443
521 0.0006902892956659125
522 0.0006972007902280366
523 0.0007004095220833952
524 0.0006995443576850721
525 0.0006947797858426339
526 0.0006863778367171415
527 0.0006732809209788885
528 0.0006579987537486541
529 0.0006401098927256063
530 0.0006166683492527386
531 0.0005918483070640197
532 0.0005642703008049553
533 0.0005341767790018401
534 0.0005003580448951425
535 0.0004649306130948925
536 0.0004284063624342159
537 0.0003899836333546964
538 0.0003504341991465149
539 0.000309343913267049
540 0.0002666302283208578
541 0.0002228522720784569
542 0.0001766431197298165
543 0.0001322430916057269
544 8.738230150491051e-05
545 4.170328030845791e-05
546 -4.734923363097125e-06
547 -4.952673566051781e-05
548 -9.362567793268843e-05
549 -0.0001362230168832627
550 -0.0001776880904044823
551 -0.0002176270689409105
552 -0.0002574867346256209
553 -0.0002959457467242351
554 -0.0003310507647996244
555 -0.0003639090408005166
556 -0.0003943967193247834
557 -0.0004223171764935529
558 -0.0004473494921389169
559 -0.0004710253912512024
560 -0.0004929313003780511
561 -0.0005119698510374648
562 -0.0005282071203187583
563 -0.0005435537732023462
564 -0.0005530879774416249
565 -0.0005626735091186759
566 -0.000566563716826795
567 -0.0005706704055932594
568 -0.0005704322590771416
569 -0.0005673484641046258
570 -0.0005628843997933257
571 -0.000555279813783716
572 -0.0005451721646877822
573 -0.0005335816197122278
574 -0.0005195870120546149
575 -0.0005042817091089295
576 -0.0004866613833842535
577 -0.0004664738652655268
578 -0.0004444187148561687
579 -0.000420073983492394
580 -0.0003950288859512838
581 -0.0003690875859917728
582 -0.0003390733140673266
583 -0.0003086674101240866
584 -0.0002778623538209697
585 -0.0002447778980699352
586 -0.0002106905200196705
587 -0.000175688663492423
588 -0.0001415124266545399
589 -0.0001065000867547249
590 -7.007580139825113e-05
591 -3.612560473122769e-05
592 -9.975391702735114e-07
593 3.423737327054747e-05
594 6.741099334533906e-05
595 0.0001014038288945242
596 0.0001369570301770672
597 0.0001689040549661539
598 0.000200178736602982
599 0.0002316008455226066
600 0.000260901874022696
601 0.0002892819341269682
602 0.0003159873106395731
603 0.0003416237956003036
604 0.0003654203464917149
605 0.0003876312296585156
606 0.0004073022951972469
607 0.0004249735715757326
608 0.0004396867466340643
609 0.0004540669478382784
610 0.0004662205564110023
611 0.0004764172439634412
612 0.0004837633804378841
613 0.0004892197749273892
614 0.0004921104748113747
615 0.000490627173485759
616 0.0004877037126253287
617 0.0004819173403071403
618 0.0004748483456871405
619 0.000466394299007861
620 0.0004552199983709913
621 0.0004416072745447799
622 0.0004263970852145893
623 0.0004097148823482943
624 0.000391007338356125
625 0.0003688539426546557
626 0.000344408475293186
627 0.000321009664007758
628 0.0002956165399982079
629 0.0002688780338292335
630 0.0002408036060280443
631 0.0002106520332286674
632 0.0001807825414696896
633 0.0001497357642569392
634 0.0001184610318751035
635 8.761716901507721e-05
636 5.706671087838179e-05
637 2.538653806793279e-05
638 -6.252089270836646e-06
639 -3.689608218876906e-05
640 -6.821139921619835e-05
641 -9.690809930959797e-05
642 -0.0001264653806416167
643 -0.0001558861464048229
644 -0.000182784914944845
645 -0.0002084912443558105
646 -0.0002340103119155337
647 -0.0002585445388008227
648 -0.0002789846843525005
649 -0.0003008046536811293
650 -0.0003196530720355892
651 -0.0003369458154694958
652 -0.0003524411810721451
653 -0.0003664364510534448
654 -0.000378649727366913
655 -0.0003887150227569772
656 -0.0003967690340771752
657 -0.0004011549382713559
658 -0.000405389597181286
659 -0.0004067747865111509
660 -0.000405316627729126
661 -0.0004040183249803627
662 -0.0003989903371173535
663 -0.0003921042433542808
664 -0.0003834642369691198
665 -0.0003724065283853701
666 -0.0003605748258001001
667 -0.0003471251537355978
668 -0.0003313071019958595
669 -0.0003135777939604908
670 -0.0002944304864315072
671 -0.0002725172199560522
672 -0.0002503043323476212
673 -0.0002273471579924149
674 -0.0002029832819030996
675 -0.0001778340013982995
676 -0.0001514637085581753
677 -0.0001255250743949129
678 -9.937539238235608e-05
679 -7.059721881897541e-05
680 -4.283830732258816e-05
681 -1.585896574247374e-05
682 1.352439424157555e-05
683 4.254955896238825e-05
684 7.160495246565897e-05
685 9.973620072290982e-05
686 0.0001290478959446462
687 0.0001539729166001879
688 0.0001788609074399622
689 0.000203311351753787
690 0.00022753001393867
691 0.0002485531989173617
692 0.0002698513995277985
693 0.0002891222261427048
694 0.0003079640020817477
695 0.0003238198354813014
696 0.0003409230400415441
697 0.0003534070925493767
698 0.0003634156705864174
699 0.0003729293873257817
700 0.0003815138675391572
701 0.0003882118008761126
702 0.0003933980311653697
703 0.0003976310966271327
704 0.0003985105925275702
705 0.0003976712742867084
706 0.0003945982468816508
707 0.0003888210775145967
708 0.0003819009696638232
709 0.0003738604353042528
710 0.0003642575015303269
711 0.0003528313219398154
712 0.0003399845500085433
713 0.0003248562689670781
714 0.000310594535138439
715 0.0002943014299006764
716 0.0002769268162922274
717 0.0002591702309484603
718 0.000239689565470414
719 0.0002181182943024025
720 0.0001965548329760919
721 0.0001731129162940891
722 0.0001503289674503732
723 0.0001273632899735567
724 0.0001043936482431654
725 7.945703518816192e-05
726 5.406607746927752e-05
727 3.096591023671766e-05
728 7.493323418761631e-06
729 -1.716432653497831e-05
730 -4.124040271735032e-05
731 -6.394866219906179e-05
732 -8.396026554271115e-05
733 -0.0001053106417732411
734 -0.0001253448132421741
735 -0.000144449098205282
736 -0.0001623702134689442
737 -0.0001791235979554554
738 -0.0001948091774299802
739 -0.0002100668272109677
740 -0.000224763355700016
741 -0.0002375378059530301
742 -0.0002490765878298585
743 -0.0002593043060392803
744 -0.0002677936877875564
745 -0.0002753863604107938
746 -0.0002807421230044737
747 -0.0002845490528956212
748 -0.0002868981845800959
749 -0.0002870620507242878
750 -0.000286245328206467
751 -0.0002844661423413112
752 -0.0002807645558126719
753 -0.0002760941515738383
754 -0.0002691960083601268
755 -0.00026249601481746
756 -0.0002536366877501405
757 -0.0002427927861461552
758 -0.0002308820409868217
759 -0.0002181370621813528
760 -0.0002035618961398206
761 -0.0001904847217400663
762 -0.0001742414438478021
763 -0.0001581032052470057
764 -0.0001423494477604
765 -0.0001239564430854937
766 -0.0001044209148692129
767 -8.515865342459551e-05
768 -6.538844717028396e-05
769 -4.532857657420214e-05
770 -2.518579930318494e-05
771 -5.667971877054904e-06
772 1.229448244597133e-05
773 3.158161360498146e-05
774 5.237416005548507e-05
775 7.068838612806904e-05
776 8.896623300087019e-05
777 0.0001072490920706805
778 0.0001251993636680944
779 0.0001416359343378422
780 0.0001580569806988818
781 0.0001751495086161377
782 0.0001917953960801572
783 0.0002077185878617538
784 0.0002204604598153603
785 0.0002317420998658196
786 0.0002433154291340231
787 0.0002532968827766099
788 0.0002612487488740299
789 0.0002683181634880629
790 0.0002747372332105819
791 0.0002799185157117837
792 0.0002845068427247952
793 0.0002885171737346025
794 0.0002901068599454722
795 0.0002904476175352221
796 0.0002897162393831036
797 0.0002873263855290532
798 0.0002850156519201455
799 0.0002817214551024497
800 0.0002752604372572878
801 0.0002694314079182103
802 0.0002625151178528493
803 0.0002550380679691794
804 0.0002474962692815582
805 0.0002397046057112652
806 0.0002280400332912049
807 0.0002152441107872475
808 0.0002041452996762724
809 0.0001906878118630543
810 0.000177949443310996
811 0.0001642204223294018
812 0.0001488802823302182
813 0.0001336886391938639
814 0.0001190842900953259
815 0.0001046678138256352
816 9.050885103545696e-05
817 7.799149392152848e-05
818 6.317296600533685e-05
819 4.778472509949433e-05
820 3.220611907674528e-05
821 1.916837124882461e-05
822 6.14079235556987e-06
823 -9.246400961857994e-06
824 -2.239759480812281e-05
825 -3.626705598655672e-05
826 -4.792216749523058e-05
827 -5.963127758207725e-05
828 -7.044587374221007e-05
829 -8.191112784137142e-05
830 -9.202925428230789e-05
831 -0.0001023562687487926
832 -0.0001096555487986433
833 -0.0001150748246888282
834 -0.0001214178629341964
835 -0.0001271699630197217
836 -0.0001320120922079054
837 -0.0001375711314919992
838 -0.0001415941255654657
839 -0.0001439318801164726
840 -0.0001466173825736875
841 -0.0001472415742295828
842 -0.0001477502628868622
843 -0.000147532490451874
844 -0.0001462543817409433
845 -0.0001431275281297323
846 -0.000140706841680423
847 -0.0001362335274558658
848 -0.0001312891667956787
849 -0.0001260229686401817
850 -0.0001188606631664933
851 -0.0001115581013055367
852 -0.0001038108274717996
853 -9.610397304293489e-05
854 -8.840569471629307e-05
855 -8.162602095758836e-05
856 -7.350514200024843e-05
857 -6.439989544611836e-05
858 -5.52695304277169e-05
859 -4.598341410818771e-05
860 -3.442112315692362e-05
861 -2.465074459906175e-05
862 -1.364036214396983e-05
863 -2.234456595305836e-06
864 8.483047754031776e-06
865 2.023191323860767e-05
866 3.162692196707786e-05
867 4.194277464956835e-05
868 5.218529338382459e-05
869 6.256729559255591e-05
870 7.208522407141789e-05
871 8.127182611623791e-05
872 9.01495059992921e-05
873 9.927880035242673e-05
874 0.0001087251006047468
875 0.0001180762545853183
876 0.000126017217875365
877 0.000134579578881296
878 0.0001418705386183159
879 0.00014785119383191
880 0.0001544324112320057
881 0.0001577078202271261
882 0.0001629999473600544
883 0.0001677773202164429
884 0.0001729330326509648
885 0.0001775436275042768
886 0.0001802837523165502
887 0.0001824872496843776
888 0.0001853365005569318
889 0.0001878280792697724
890 0.0001893999869559292
891 0.0001888059586395609
892 0.000189041497453631
893 0.0001881312008322539
894 0.0001854788311206148
895 0.0001829825707916914
896 0.0001808960061639603
897 0.0001766191175236849
898 0.0001724102637815516
899 0.0001687181490517841
900 0.0001645495789328108
901 0.0001596421809584749
902 0.0001556244813671091
903 0.0001504687458527765
904 0.0001442766297251198
905 0.0001385029610315225
906 0.0001328585113714055
907 0.0001259195796324016
908 0.0001196307598923311
909 0.0001136991822227629
910 0.0001059419124947859
911 9.837018901333699e-05
912 9.121232650905121e-05
913 8.40604944624592e-05
914 7.655537759036563e-05
915 6.920057396800129e-05
916 6.236503517703299e-05
917 5.526676818640445e-05
918 4.820294722570573e-05
919 4.135224666532463e-05
920 3.444662889385179e-05
921 2.825117815438912e-05
922 2.119618121092527e-05
923 1.466823922762495e-05
924 8.219131772162198e-06
925 2.274527770708307e-06
926 -4.057352170714473e-06
927 -1.042502294219191e-05
928 -1.612409974350388e-05
929 -2.07440044694106e-05
930 -2.644784613215758e-05
931 -3.119609633094563e-05
932 -3.418507677379599e-05
933 -3.767939737471785e-05
934 -3.928283123556409e-05
935 -4.051648039516819e-05
936 -4.305963733588246e-05
937 -4.516757215765078e-05
938 -4.708347184664351e-05
939 -4.885033046460922e-05
940 -4.985740983864069e-05
941 -5.05093398912132e-05
942 -5.059747881942289e-05
943 -5.054408984939147e-05
944 -4.966176799521782e-05
945 -4.813417099755305e-05
946 -4.633455442031113e-05
947 -4.478150730800525e-05
948 -4.2260812327242e-05
949 -4.032772191412805e-05
950 -3.829204739872205e-05
951 -3.570658560969561e-05
952 -3.286081623885598e-05
953 -3.057759863692546e-05
954 -2.709233713083001e-05
955 -2.368883227042171e-05
956 -1.981762074962347e-05
957 -1.640731103530898e-05
958 -1.339379436908449e-05
959 -7.95141251934101e-06
960 -3.156648032030509e-06
961 2.351224965405959e-06
962 7.548133655781532e-06
963 1.207830919467902e-05
964 1.696384308177176e-05
965 2.190307495832678e-05
966 2.57614352599682e-05
967 3.085665937648975e-05
968 3.629018014750588e-05
969 4.117220438759063e-05
970 4.588071099829492e-05
971 5.134371065277288e-05
972 5.816585648266871e-05
973 6.238838850036054e-05
974 6.65197398519477e-05
975 7.187634847786901e-05
976 7.561722377897e-05
977 7.904179793730634e-05
978 8.302327319480083e-05
979 8.828371221432287e-05
980 9.214703083766146e-05
981 9.663530095066933e-05
982 0.0001019894100758567
983 0.0001060926319326298
984 0.0001089370802925888
985 0.0001122847316581259
986 0.0001148817229497733
987 0.0001168007285104746
988 0.0001187449805308214
989 0.0001202074372741942
990 0.0001216366243456968
991 0.0001233744880136421
992 0.000124218021820658
993 0.000125493910016437
994 0.0001269191608406801
995 0.0001273746080628962
996 0.000126808598360663
997 0.0001275647674884339
998 0.0001282919462349603
999 0.0001295038423952019
1000 0.0001297332990491937
1001 0.0001292409917137379
1002 0.0001288695821882847
1003 0.0001275805006282611
1004 0.0001259222209010649
1005 0.0001236407562796191
1006 0.0001214468156730849
1007 0.0001190556342561508
1008 0.000116393406866293
1009 0.0001129331570873977
1010 0.0001112693984147728
1011 0.0001079242666633696
1012 0.0001052650417958784
1013 0.0001019781980777092
1014 9.915600891802547e-05
1015 9.610976056982982e-05
1016 9.23652258841691e-05
1017 8.936281907089442e-05
1018 8.614325530609978e-05
1019 8.241685245564555e-05
1020 7.841709140835737e-05
1021 7.451964928284201e-05
1022 7.044139977434613e-05
1023 6.578998641935221e-05
1024 6.244925775494935e-05
1025 5.825247674016596e-05
1026 5.371626875614151e-05
1027 5.067389700886247e-05
1028 4.737102883968343e-05
1029 4.357440776521368e-05
1030 4.074139452107084e-05
1031 3.727000295334829e-05
1032 3.235086605888393e-05
1033 2.892499734633536e-05
1034 2.591195453740819e-05
1035 2.283461798535066e-05
1036 2.149383337708192e-05
1037 1.964526533593525e-05
1038 1.661309176892714e-05
1039 1.402886231020563e-05
1040 1.088410503503418e-05
1041 8.423620779464165e-06
1042 6.542364319455913e-06
1043 4.11386050708914e-06
1044 3.135312398557224e-06
1045 1.733016187325929e-06
1046 8.35024330374472e-07
1047 -1.158469721621317e-07
1048 -2.497817414730126e-07
1049 -1.067504500802731e-06
1050 -6.277689566162548e-07
1051 -1.756944997443133e-06
1052 -1.706699566284971e-06
1053 -1.069984784597221e-06
1054 -6.039244457179551e-07
1055 -1.1478144763433e-06
1056 7.268474705670325e-07
1057 2.891564037702401e-06
1058 4.869249384493676e-06
1059 7.018171610679282e-06
1060 8.273410504381298e-06
1061 1.011339300765791e-05
1062 1.202833323165176e-05
1063 1.486282057556329e-05
1064 1.746766828746336e-05
1065 1.908161611092321e-05
1066 2.002100448226169e-05
1067 2.1376149826594e-05
1068 2.371541301854286e-05
1069 2.647997840350109e-05
1070 2.874034717564286e-05
1071 3.143928973206571e-05
1072 3.413222042491705e-05
1073 3.767504556807059e-05
1074 4.001090112019345e-05
1075 4.209454879906947e-05
1076 4.656113312233236e-05
1077 5.16798563828605e-05
1078 5.354526285706893e-05
1079 5.577824035891151e-05
1080 5.826664372628414e-05
1081 6.103483833284896e-05
1082 6.394424973701003e-05
1083 6.697447866510332e-05
1084 7.032930344723637e-05
1085 7.45815455277866e-05
1086 7.720702466523751e-05
1087 7.930689537151906e-05
1088 8.199121053453411e-05
1089 8.503148124469898e-05
1090 8.587848820305195e-05
1091 8.747618349069399e-05
1092 8.902341745437445e-05
1093 9.204195005012719e-05
1094 9.488485226434046e-05
1095 9.771119207232707e-05
1096 9.951821953832169e-05
1097 0.0001005441851894181
1098 9.998669869236053e-05
1099 0.0001019316250447935
1100 0.0001038325805494019
1101 0.0001039906598829761
1102 0.0001052056724097513
1103 0.0001053575703576589
1104 0.0001053272890295019
1105 0.0001060271834429445
1106 0.0001054813398211329
1107 0.0001047413358483113
1108 0.0001043024378067323
1109 0.000104134257978916
1110 0.0001042835925449246
1111 0.0001041399845365205
1112 0.0001041452173253185
1113 0.000102923182985028
1114 0.0001009483551162627
1115 9.927202824185397e-05
1116 9.81833552233094e-05
1117 9.685123167366106e-05
1118 9.463789787739878e-05
1119 9.260882359746682e-05
1120 9.010342222907016e-05
1121 8.849211564247866e-05
1122 8.580229463751276e-05
1123 8.462129805056489e-05
1124 8.206583686833052e-05
1125 7.993123420978657e-05
1126 7.770788564923767e-05
1127 7.492499700931875e-05
1128 7.260242680113317e-05
1129 7.031815560104553e-05
1130 6.831642671156546e-05
1131 6.518572877679008e-05
1132 6.136891892220147e-05
1133 5.860902660512137e-05
1134 5.541456144737559e-05
1135 5.244533111960335e-05
1136 5.006341191675367e-05
1137 4.745767619331236e-05
1138 4.528344196738323e-05
1139 4.275640597624501e-05
1140 3.93942578165086e-05
1141 3.667392552816556e-05
1142 3.408693698324462e-05
1143 3.198358586240723e-05
1144 3.16268502285351e-05
1145 3.027208073427827e-05
1146 2.857285691524895e-05
1147 2.684574871176175e-05
1148 2.482476637879529e-05
1149 2.31463241813644e-05
1150 2.257929317283364e-05
1151 2.071844250445187e-05
1152 1.955013640903873e-05
1153 1.836194867924619e-05
1154 1.753782096713914e-05
1155 1.65132610223671e-05
1156 1.526565307738995e-05
1157 1.486476486181092e-05
1158 1.623069359635989e-05
1159 1.635508335164509e-05
1160 1.650750533439642e-05
1161 1.75859603575081e-05
1162 1.812824991014826e-05
1163 1.816962927394604e-05
1164 1.817131360238523e-05
1165 1.913636958969987e-05
1166 2.062844276297278e-05
1167 2.144168174299092e-05
1168 2.29990161197865e-05
1169 2.310915167771744e-05
1170 2.385408885990202e-05
1171 2.47090037478057e-05
1172 2.602780238867187e-05
1173 2.783735157097338e-05
1174 2.940573874544949e-05
1175 3.147298028113405e-05
1176 3.466110322036848e-05
1177 3.684192336139533e-05
1178 3.928822369302024e-05
1179 4.243374839721336e-05
1180 4.459994186531569e-05
1181 4.516462669661292e-05
1182 4.775616797084374e-05
1183 5.042182632318458e-05
1184 5.344923814786969e-05
1185 5.648585515279233e-05
1186 5.843650220546779e-05
1187 6.068248012924375e-05
1188 6.276864542127553e-05
1189 6.418774507285017e-05
1190 6.715895472414414e-05
1191 6.872580620813407e-05
1192 7.137264504882504e-05
1193 7.363964120550467e-05
1194 7.480825707020306e-05
1195 7.654913837950749e-05
1196 7.837191504747658e-05
1197 7.933144533476236e-05
1198 8.101804810938978e-05
1199 8.276665150896585e-05
1200 8.411480363241527e-05
1201 8.465730337704771e-05
1202 8.552786191268337e-05
1203 8.559727730579499e-05
1204 8.696609486340329e-05
1205 8.798931928593485e-05
1206 8.912963256417198e-05
1207 8.911031530884923e-05
1208 9.046981631471563e-05
1209 9.152754759118022e-05
1210 9.123033988012939e-05
1211 9.104590464422174e-05
1212 9.100657989375501e-05
1213 9.056146015013486e-05
1214 8.994874424138548e-05
1215 9.001855076343085e-05
1216 9.005654227201721e-05
1217 9.029011232639835e-05
1218 8.953989957610969e-05
1219 8.825153536793649e-05
1220 8.686781227892986e-05
1221 8.563404030335434e-05
1222 8.44864958925446e-05
1223 8.362272028218086e-05
1224 8.264561611987463e-05
1225 8.133972898283081e-05
1226 7.928663976153978e-05
1227 7.842335921976107e-05
1228 7.62263338044534e-05
1229 7.342625001382349e-05
1230 7.138672479244687e-05
1231 7.034001377977675e-05
1232 6.917243063404803e-05
1233 6.770314954746957e-05
1234 6.655145468907142e-05
1235 6.449937781392912e-05
1236 6.225637359921197e-05
1237 6.066164961590482e-05
1238 5.930712299434621e-05
1239 5.865240679391088e-05
1240 5.737709445109797e-05
1241 5.583826106628634e-05
1242 5.428950050290583e-05
1243 5.291077117747174e-05
1244 5.102015380475989e-05
1245 4.803484771889131e-05
1246 4.4848819161684e-05
1247 4.285120267611428e-05
1248 4.136232806763273e-05
1249 4.05352827386204e-05
1250 4.073184426415955e-05
1251 3.939115342497561e-05
1252 3.776970917582279e-05
1253 3.51512237829445e-05
1254 3.404648444116655e-05
1255 3.209993220741207e-05
1256 3.157632443117429e-05
1257 3.067826983567952e-05
1258 3.18781738345938e-05
1259 3.076122298187658e-05
1260 3.167050228265845e-05
1261 3.112904149978224e-05
1262 3.070127336538303e-05
1263 2.973481945847423e-05
1264 2.936493660026749e-05
1265 2.903304004558035e-05
1266 2.877359226810044e-05
1267 2.876736201022659e-05
1268 2.856457940667543e-05
1269 2.819532475985733e-05
1270 2.910346278448061e-05
1271 2.996356607295251e-05
1272 3.095563929290929e-05
1273 3.183525155102472e-05
1274 3.23158223589568e-05
1275 3.39126143868893e-05
1276 3.466576663805492e-05
1277 3.57594584181942e-05
1278 3.635919570054775e-05
1279 3.71155688438946e-05
1280 3.675535997556228e-05
1281 3.862750002252501e-05
1282 3.963442399597681e-05
1283 3.950916092643216e-05
1284 4.101681121032529e-05
1285 4.15642940859035e-05
1286 4.144791398707788e-05
1287 4.274339741159928e-05
1288 4.451482046333327e-05
1289 4.643409420151196e-05
1290 4.84529115557461e-05
1291 5.001307673921207e-05
1292 5.164860536952093e-05
1293 5.39466074675375e-05
1294 5.481017127142472e-05
1295 5.64627041282209e-05
1296 5.751401626772969e-05
1297 5.851916201544404e-05
1298 5.769699187983344e-05
1299 5.764469722497846e-05
1300 5.827046810804147e-05
1301 5.891573543849668e-05
1302 5.914285265478388e-05
1303 6.03955987279684e-05
1304 6.272328253442342e-05
1305 6.446939718255691e-05
1306 6.622882837423129e-05
1307 6.824681576913589e-05
1308 6.909528159149353e-05
1309 6.933319658157149e-05
1310 6.936724027645561e-05
1311 6.871308567537233e-05
1312 6.986797870550938e-05
1313 6.961154162622233e-05
1314 6.95784619012023e-05
1315 6.971795182552311e-05
1316 6.993350940108045e-05
1317 7.012772805687954e-05
1318 6.971734577367415e-05
1319 6.897678504331358e-05
1320 6.776074505100515e-05
1321 6.767504946144128e-05
1322 6.823859742374342e-05
1323 6.778512039544607e-05
1324 6.954775489855399e-05
1325 7.056014843414917e-05
1326 7.088497076995454e-05
1327 7.057734650525381e-05
1328 7.024330157838081e-05
1329 6.95426612100115e-05
1330 6.849293802285819e-05
1331 6.706534254532866e-05
1332 6.756965836934754e-05
1333 6.553547018110983e-05
1334 6.401221598403331e-05
1335 6.155196558059517e-05
1336 6.133213330942253e-05
1337 6.102853489421821e-05
1338 5.928263437594432e-05
1339 5.904904075327957e-05
1340 5.820637132668e-05
1341 5.756999215479426e-05
1342 5.766660444704645e-05
1343 5.705937577254509e-05
1344 5.558729347724761e-05
1345 5.395694409740833e-05
1346 5.304378210608796e-05
1347 5.183805143892677e-05
1348 4.982475020845661e-05
1349 4.803985355634239e-05
1350 4.75768097838183e-05
1351 4.709369798015497e-05
1352 4.676761356111078e-05
1353 4.617129398913109e-05
1354 4.507475667759333e-05
1355 4.43859339892657e-05
1356 4.379107067759887e-05
1357 4.416779445508168e-05
1358 4.340811284527778e-05
1359 4.350179744209242e-05
1360 4.231259974285847e-05
1361 4.117343670420806e-05
1362 4.028362472219881e-05
1363 3.957083877276143e-05
1364 3.808160823120284e-05
1365 3.57295734860592e-05
1366 3.51250896749401e-05
1367 3.378260929868405e-05
1368 3.408297120529498e-05
1369 3.347320169745895e-05
1370 3.350817018902457e-05
1371 3.322849031787923e-05
1372 3.437258027865727e-05
1373 3.513538759187079e-05
1374 3.577713753471182e-05
1375 3.679320528717007e-05
1376 3.649966660174565e-05
1377 3.532822236119261e-05
1378 3.461431746230926e-05
1379 3.433691756851878e-05
1380 3.398921376634666e-05
1381 3.345770602807758e-05
1382 3.437802803025675e-05
1383 3.54584653579865e-05
1384 3.756482855278945e-05
1385 3.741580516880216e-05
1386 3.67116134363264e-05
1387 3.606238772794407e-05
1388 3.682011348177833e-05
1389 3.602220085118676e-05
1390 3.664882649954861e-05
1391 3.729806738145956e-05
1392 3.858755585460793e-05
1393 3.981119248594368e-05
1394 4.01218808089073e-05
1395 4.065872889568621e-05
1396 4.198516491730071e-05
1397 4.291072713435657e-05
1398 4.272546442147716e-05
1399 4.304678093219017e-05
1400 4.484324163986132e-05
1401 4.484613138440356e-05
1402 4.430689235874903e-05
1403 4.418934967167433e-05
1404 4.380040772071549e-05
1405 4.455880798728248e-05
1406 4.578789605857321e-05
1407 4.663205019871228e-05
1408 4.685234218142859e-05
1409 4.685935184621187e-05
1410 4.717507930241488e-05
1411 4.783289264602825e-05
1412 4.96506606784847e-05
1413 4.86493359583755e-05
1414 4.965895583054031e-05
1415 5.031313804755974e-05
1416 5.072907276335125e-05
1417 5.100587724797131e-05
1418 5.098458610898421e-05
1419 5.193805058656073e-05
1420 5.288378876481453e-05
1421 5.260760250241176e-05
1422 5.285035596259446e-05
1423 5.408571298734028e-05
1424 5.474906339482159e-05
1425 5.490404921885886e-05
1426 5.50958375472354e-05
1427 5.39354973771237e-05
1428 5.420583274275195e-05
1429 5.351999800148489e-05
1430 5.218198290719312e-05
1431 5.089735016067435e-05
1432 5.155446055436839e-05
1433 5.214302688869211e-05
1434 5.276530862542508e-05
1435 5.342072438883458e-05
1436 5.370224651345277e-05
1437 5.322762799090168e-05
1438 5.304790652413658e-05
1439 5.299407945353154e-05
1440 5.219631643833785e-05
1441 5.272133371244648e-05
1442 5.277408871335375e-05
1443 5.247137725400602e-05
1444 5.212514563998534e-05
1445 5.043615150070814e-05
1446 4.994280104980107e-05
1447 5.046504115159416e-05
1448 4.945549964778718e-05
1449 4.842293501308897e-05
1450 4.709225653966986e-05
1451 4.85041441936289e-05
1452 4.894358441965064e-05
1453 4.854466940692503e-05
1454 4.654189979224589e-05
1455 4.556964506470019e-05
1456 4.482385735068436e-05
1457 4.543455301233251e-05
1458 4.498454686071529e-05
1459 4.441165323826214e-05
1460 4.253379897237679e-05
1461 4.198660506720358e-05
1462 4.208998866317849e-05
1463 4.141269992976132e-05
1464 3.989619513194024e-05
1465 4.035219647973727e-05
1466 3.973951518230961e-05
1467 3.9164737264991e-05
1468 3.880588214666672e-05
1469 3.875612268728355e-05
1470 3.929358255612932e-05
1471 3.783226928351445e-05
1472 3.751194582191739e-05
1473 3.751658748006729e-05
1474 3.731487262509634e-05
1475 3.770834433273754e-05
1476 3.780378943499355e-05
1477 3.678524648083386e-05
1478 3.606815291415371e-05
1479 3.601038632846807e-05
1480 3.527940713967028e-05
1481 3.486752428584123e-05
1482 3.37530097529658e-05
1483 3.289965776788122e-05
1484 3.138850600393076e-05
1485 3.265550884030684e-05
1486 3.272455280893471e-05
1487 3.21848138951955e-05
1488 3.288706243685196e-05
1489 3.365367049806018e-05
1490 3.367892478474989e-05
1491 3.318611335775458e-05
1492 3.262506187723557e-05
1493 3.221030403709825e-05
1494 3.157780353394077e-05
1495 3.216388590962379e-05
1496 3.197056391822309e-05
1497 3.259638520039899e-05
1498 3.19129406055579e-05
1499 3.151064228989334e-05
1500 3.166512085850948e-05
1501 3.184746560702052e-05
1502 3.247758757617621e-05
1503 3.13444288468052e-05
1504 3.008658092832189e-05
1505 3.033078297543688e-05
1506 3.157073166898946e-05
1507 3.324077362054292e-05
1508 3.344447507202094e-05
1509 3.451027558089007e-05
1510 3.518887201080774e-05
1511 3.51085079647656e-05
1512 3.600238780978982e-05
1513 3.52108254633941e-05
1514 3.47043270975749e-05
1515 3.423234424852637e-05
1516 3.358732610527277e-05
1517 3.37818257199008e-05
1518 3.413599272228715e-05
1519 3.472442677291221e-05
1520 3.508989604120233e-05
1521 3.435159505225074e-05
1522 3.415157066723937e-05
1523 3.457760880500944e-05
1524 3.605617701080478e-05
1525 3.784410876087587e-05
1526 3.808089306978138e-05
1527 3.874049229426276e-05
1528 3.769364939518814e-05
1529 3.809603242689898e-05
1530 3.717919173712621e-05
1531 3.824824617550625e-05
1532 3.811702248449657e-05
1533 3.832450190435701e-05
1534 3.837821865739572e-05
1535 3.666345433694494e-05
1536 3.82502193706248e-05
1537 3.804732661835557e-05
1538 3.790370444131397e-05
1539 3.937027384887362e-05
1540 4.026284123161402e-05
1541 4.097229003424063e-05
1542 4.212499637483491e-05
1543 4.257932722780707e-05
1544 4.219120791895753e-05
1545 4.116123544977428e-05
1546 3.963175570236402e-05
1547 3.969633550944275e-05
1548 3.88370988005846e-05
1549 3.842115248078102e-05
1550 3.827292032678664e-05
1551 3.85953046253958e-05
1552 3.87756696693805e-05
1553 3.82797187654936e-05
1554 3.696556417541776e-05
1555 3.655279045313678e-05
1556 3.677492701531108e-05
1557 3.786435243823599e-05
1558 3.899076754672524e-05
1559 3.991413470471969e-05
1560 3.916702007141818e-05
1561 3.936964364032083e-05
1562 3.906067189306463e-05
1563 3.834016035459348e-05
1564 3.716540221802726e-05
1565 3.775114810551961e-05
1566 3.668164005113482e-05
1567 3.646342899562593e-05
1568 3.478311857520781e-05
1569 3.434465610390274e-05
1570 3.45468630829337e-05
1571 3.534830512354724e-05
1572 3.601348813741081e-05
1573 3.640899114371042e-05
1574 3.511174850383087e-05
1575 3.518194128519411e-05
1576 3.449316850800547e-05
1577 3.397901427047102e-05
1578 3.455158795524675e-05
1579 3.405020750475105e-05
1580 3.351194447553881e-05
1581 3.36397950596975e-05
1582 3.363638586576911e-05
1583 3.249925905171139e-05
1584 3.24520018946169e-05
1585 3.115855924542794e-05
1586 3.059131586067815e-05
1587 3.001352475307795e-05
1588 3.027630558134641e-05
1589 3.04843678240014e-05
1590 3.138881685798662e-05
1591 3.164877430302567e-05
1592 3.152304676424535e-05
1593 3.057610605417424e-05
1594 3.14987620548065e-05
1595 3.084538532706152e-05
1596 3.109516963258961e-05
1597 3.067346624765251e-05
1598 2.894100257502338e-05
1599 2.823843905730398e-05
1600 2.6403080613037e-05
1601 2.529443338437211e-05
1602 2.482715990282757e-05
1603 2.532617288552855e-05
1604 2.696223198174215e-05
1605 2.671538679847459e-05
1606 2.631783341355909e-05
1607 2.721574999203621e-05
1608 2.780272096443705e-05
1609 2.781147496882444e-05
1610 2.796622339498819e-05
1611 2.738256967881229e-05
1612 2.789148137184917e-05
1613 2.722956902557137e-05
1614 2.649536176813247e-05
1615 2.636831576003485e-05
1616 2.721404387201603e-05
1617 2.652502509161089e-05
1618 2.653870480410816e-05
1619 2.796389649981673e-05
1620 2.756452201981957e-05
1621 2.737153828165638e-05
1622 2.657241686067042e-05
1623 2.657154581871541e-05
1624 2.632613847957605e-05
1625 2.630628335718543e-05
1626 2.57531840231392e-05
1627 2.650318548058931e-05
1628 2.669797897487497e-05
1629 2.797302276134457e-05
1630 2.829911168525396e-05
1631 2.792764459392325e-05
1632 2.82664339889147e-05
1633 2.723258231519432e-05
1634 2.700660886398207e-05
1635 2.568622739894973e-05
1636 2.655155768440795e-05
1637 2.607871374949763e-05
1638 2.568034497378627e-05
1639 2.669946530981377e-05
1640 2.811017762336506e-05
1641 2.925679534138143e-05
1642 2.917119137798766e-05
1643 2.873422558395895e-05
1644 2.870570272782863e-05
1645 2.985429019260283e-05
1646 2.968857254450001e-05
1647 2.841302973436173e-05
1648 2.65862424137364e-05
1649 2.663741915415621e-05
1650 2.622396405164955e-05
1651 2.578333646099439e-05
1652 2.587699444954433e-05
1653 2.618833514455697e-05
1654 2.549463334495686e-05
1655 2.674046431628268e-05
1656 2.785663182497165e-05
1657 2.90509921502708e-05
1658 2.745175798491382e-05
1659 2.800790841351385e-05
1660 2.920891788032098e-05
1661 2.878734232055525e-05
1662 2.985292809995214e-05
1663 2.952593138355833e-05
1664 2.836347363601356e-05
1665 2.742573101376993e-05
1666 2.709229285883709e-05
1667 2.677446590033861e-05
1668 2.710562710071703e-05
1669 2.531821495562054e-05
1670 2.488355750669771e-05
1671 2.527067016340156e-05
1672 2.646060671242706e-05
1673 2.709734079717152e-05
1674 2.648585256137448e-05
1675 2.699155688249322e-05
1676 2.76403479093985e-05
1677 2.77920201925136e-05
1678 2.986186892730124e-05
1679 3.112353655988802e-05
1680 2.891108180389705e-05
1681 2.674790222670559e-05
1682 2.455099431822052e-05
1683 2.445710222107617e-05
1684 2.40623327892816e-05
1685 2.462849417475996e-05
1686 2.342024477135452e-05
1687 2.311837454945026e-05
1688 2.301068848330564e-05
1689 2.475228111967597e-05
1690 2.431233158596247e-05
1691 2.499975891785991e-05
1692 2.595007589014454e-05
1693 2.472724527384035e-05
1694 2.499373490805142e-05
1695 2.657944095269237e-05
1696 2.674417535909903e-05
1697 2.58459830318856e-05
1698 2.424221917004991e-05
1699 2.354511716753843e-05
1700 2.257549195536457e-05
1701 2.26053577716124e-05
1702 2.340097013183629e-05
1703 2.311085726249906e-05
1704 2.289653116516368e-05
1705 2.247231188478169e-05
1706 2.244127114915953e-05
1707 2.234685866236144e-05
1708 2.219697962987463e-05
1709 2.241931058737456e-05
1710 2.27414555625203e-05
1711 2.253406805872707e-05
1712 2.354445922784629e-05
1713 2.400611285560118e-05
1714 2.456201112556296e-05
1715 2.447046947073644e-05
1716 2.393738691545733e-05
1717 2.345914863567628e-05
1718 2.264627363210618e-05
1719 2.11757728922071e-05
1720 2.027976086674787e-05
1721 1.931217725725211e-05
1722 1.951457910635846e-05
1723 2.128741037443479e-05
1724 1.975393034073027e-05
1725 1.878489790751547e-05
1726 1.903703301080886e-05
1727 1.984448224716184e-05
1728 1.97705072994862e-05
1729 2.071993797405522e-05
1730 1.995645119301744e-05
1731 2.007310222888588e-05
1732 1.958391420919376e-05
1733 2.002034689994181e-05
1734 2.006393308183121e-05
1735 1.964758277521347e-05
1736 2.048757996687539e-05
1737 2.172500397051013e-05
1738 2.271865627805051e-05
1739 2.245942897259377e-05
1740 2.091974449194717e-05
1741 2.027645945826823e-05
1742 1.887644457417963e-05
1743 1.970387837600075e-05
1744 2.068956700530779e-05
1745 2.040655339889159e-05
1746 2.057269107492555e-05
1747 2.113456644208333e-05
1748 2.314367541141244e-05
1749 2.005837916953287e-05
1750 1.962162686019741e-05
1751 2.023418110982569e-05
1752 1.911785560239013e-05
1753 1.877045287765096e-05
1754 1.911800747162856e-05
1755 1.864539058255888e-05
1756 1.83236725853187e-05
1757 1.832570642461373e-05
1758 1.762518240886084e-05
1759 1.826893110941662e-05
1760 1.89613751430102e-05
1761 1.998725599308376e-05
1762 1.997296968661955e-05
1763 2.046352145340416e-05
1764 2.036570082340773e-05
1765 2.059349895622064e-05
1766 1.990681633625315e-05
1767 1.872043036822333e-05
1768 1.951474167844344e-05
1769 1.94098303250691e-05
1770 1.919425665179124e-05
1771 1.826361447380033e-05
1772 1.855595327020132e-05
1773 1.915799916816724e-05
1774 1.964739079626755e-05
1775 2.050590822782801e-05
1776 2.035144267453426e-05
1777 2.080577139132852e-05
1778 2.100303420297068e-05
1779 2.076141555156371e-05
1780 1.993183332038287e-05
1781 1.792020398645952e-05
1782 1.688113531052036e-05
1783 1.670195305804456e-05
1784 1.55095664673086e-05
1785 1.577351120285273e-05
1786 1.61160444528236e-05
1787 1.733299974428747e-05
1788 1.732172281406668e-05
1789 1.697735233857193e-05
1790 1.744549367958346e-05
1791 1.774983631075945e-05
1792 1.807407717576807e-05
1793 1.766766339846104e-05
1794 1.75997881114112e-05
1795 1.755251765815091e-05
1796 1.640932964718083e-05
1797 1.637975083008745e-05
1798 1.700366557915503e-05
1799 1.713546229234758e-05
1800 1.826407517825858e-05
1801 1.806144010889129e-05
1802 1.864265522190681e-05
1803 1.999614760204569e-05
1804 1.975626967456658e-05
1805 1.857225385829483e-05
1806 1.826474689763485e-05
1807 1.742728640243674e-05
1808 1.676818169262408e-05
1809 1.637485735177994e-05
1810 1.550374977732581e-05
1811 1.531282599169086e-05
1812 1.550602639974431e-05
1813 1.45306233802315e-05
1814 1.496748273239715e-05
1815 1.575562062571765e-05
1816 1.514805461942605e-05
1817 1.495342734597976e-05
1818 1.610340834649617e-05
1819 1.621467605465406e-05
1820 1.638433114738814e-05
1821 1.582255804113025e-05
1822 1.361402963465573e-05
1823 1.381276867486605e-05
1824 1.478451124465302e-05
1825 1.533753261159212e-05
1826 1.64616485273554e-05
1827 1.635073427326736e-05
1828 1.562050567700178e-05
1829 1.505916327760408e-05
1830 1.513988794291229e-05
1831 1.462888109553783e-05
1832 1.2966440945804e-05
1833 1.319272728648286e-05
1834 1.37199959285253e-05
1835 1.538588535405661e-05
1836 1.618333582678338e-05
1837 1.473497268003738e-05
1838 1.473795406753829e-05
1839 1.546442444831238e-05
1840 1.557906926467156e-05
1841 1.507540976169014e-05
1842 1.456559518110847e-05
1843 1.384972027226793e-05
1844 1.473728065486767e-05
1845 1.455606109135328e-05
1846 1.455917371528033e-05
1847 1.323439396966571e-05
1848 1.192271762465867e-05
1849 1.196963599858812e-05
1850 1.25540739807029e-05
1851 1.323053033217303e-05
1852 1.324273726154003e-05
1853 1.391143633810983e-05
1854 1.362270241284782e-05
1855 1.41777568168657e-05
1856 1.404677675304244e-05
1857 1.391972428932468e-05
1858 1.41363319427477e-05
1859 1.395745652009368e-05
1860 1.514182740937512e-05
1861 1.439019667104015e-05
1862 1.370394372637955e-05
1863 1.196187854371846e-05
1864 1.115458763051313e-05
1865 1.085126413837475e-05
1866 1.15822155606738e-05
1867 1.242578212068277e-05
1868 1.219405387500179e-05
1869 1.099543044968729e-05
1870 1.19521999272527e-05
1871 1.234022979686788e-05
1872 1.261778531918494e-05
1873 1.216336158596048e-05
1874 1.192083497115346e-05
1875 1.159057714764823e-05
1876 1.280093102348266e-05
1877 1.285352164965312e-05
1878 1.298355229571383e-05
1879 1.337385619792143e-05
1880 1.144465263460163e-05
1881 1.173341674741152e-05
1882 1.209313594089216e-05
1883 1.358081097598278e-05
1884 1.42890545800094e-05
1885 1.418739663038885e-05
1886 1.20709841884405e-05
1887 1.003775723637937e-05
1888 8.823432946914602e-06
1889 9.553560902503316e-06
1890 1.029583374605182e-05
1891 1.096421036163085e-05
1892 1.072203532766564e-05
1893 1.145579425147955e-05
1894 1.146628134769061e-05
1895 1.170883350477642e-05
1896 1.284921412522876e-05
1897 1.138126032707094e-05
1898 9.758720902852544e-06
1899 9.65442359304922e-06
1900 1.050274482738766e-05
1901 1.11453056015519e-05
1902 1.123818638459983e-05
1903 1.07320118690534e-05
1904 1.048075978799096e-05
1905 1.060628992824971e-05
1906 1.063550516971803e-05
1907 1.087263453694036e-05
1908 1.152918662772601e-05
1909 1.151868378614081e-05
1910 1.029701774591099e-05
1911 1.053212885175434e-05
1912 1.040643755068529e-05
1913 1.039993672967995e-05
1914 8.579087569141915e-06
1915 7.281755756292811e-06
1916 7.478858636719084e-06
1917 9.009789391041442e-06
1918 9.878502172766816e-06
1919 1.017071731704652e-05
1920 1.026246984503266e-05
1921 9.534595257464763e-06
1922 1.053394278399233e-05
1923 1.138666146340478e-05
1924 1.078482365586409e-05
1925 1.048314135327661e-05
1926 9.030948475488684e-06
1927 8.077072084427265e-06
1928 7.606668625691516e-06
1929 7.500436066674687e-06
1930 7.448316383895206e-06
1931 8.200531106573687e-06
1932 7.159696363680916e-06
1933 7.634367426584331e-06
1934 8.376120494705985e-06
1935 8.891371387695476e-06
1936 9.11464738356156e-06
1937 8.935760448181171e-06
1938 8.072490580947222e-06
1939 8.363397581672467e-06
1940 8.673422022355809e-06
1941 8.639812339793607e-06
1942 8.530722573649396e-06
1943 9.217861247352449e-06
1944 8.979923684329319e-06
1945 8.084113975769284e-06
1946 8.800370618531221e-06
1947 8.6912410437334e-06
1948 8.52066641064142e-06
1949 8.011158333805182e-06
1950 7.653614559523886e-06
1951 8.067711235064029e-06
1952 8.007067965712266e-06
1953 6.730982045085824e-06
1954 6.926096052494529e-06
1955 7.343254003777031e-06
1956 8.134988064906661e-06
1957 7.309732552740523e-06
1958 7.122989182493216e-06
1959 7.106011103529151e-06
1960 6.943116418335209e-06
1961 6.757263820335202e-06
1962 6.743804333806757e-06
1963 6.683698439913231e-06
1964 6.427356165399043e-06
1965 6.982005643048064e-06
1966 6.527381160215287e-06
1967 7.321515461844167e-06
1968 8.748535844246368e-06
1969 8.746167122618953e-06
1970 7.801462322224358e-06
1971 6.200828595342655e-06
1972 5.7160472364448e-06
1973 6.930774025098419e-06
1974 5.904954665688114e-06
1975 6.426684398865039e-06
1976 6.61622406355286e-06
1977 5.765813811656484e-06
1978 7.112492212456569e-06
1979 5.954124335442444e-06
1980 5.713552385934512e-06
1981 4.836595353890222e-06
1982 4.962825183304839e-06
1983 4.688476517022344e-06
1984 4.914319274175936e-06
1985 5.310775986883452e-06
1986 5.597211617270063e-06
1987 5.713845631725103e-06
1988 5.535569608185534e-06
1989 6.505578620025058e-06
1990 5.232101628403007e-06
1991 4.9418159567097e-06
1992 4.531936600785921e-06
1993 4.650040137037469e-06
1994 3.482170043945846e-06
1995 4.199704288051084e-06
1996 3.784032706353883e-06
1997 3.883007209934592e-06
1998 3.469397073381167e-06
1999 4.625055544607683e-06
2000 5.113604264533161e-06
2001 5.035629410676748e-06
2002 7.024319840498043e-06
2003 6.904418551105533e-06
2004 5.631225373975573e-06
2005 5.071803575128756e-06
2006 4.379071405996824e-06
2007 3.716624287489229e-06
2008 3.747090779496717e-06
2009 3.17600315024216e-06
2010 2.244640518505172e-06
2011 2.920754202801841e-06
2012 3.97401612159734e-06
2013 4.103949020641435e-06
2014 3.526239647100081e-06
2015 3.210661619695724e-06
2016 3.892548147613849e-06
2017 3.104994247690578e-06
2018 3.533134272305249e-06
2019 3.445808167200596e-06
2020 2.687836749022575e-06
2021 7.266986028848925e-07
2022 1.244059690394323e-06
2023 1.644761918733768e-06
2024 2.167172128582655e-06
2025 3.356795827314904e-06
2026 3.65476412555856e-06
2027 3.517212165781799e-06
2028 3.851964226674025e-06
2029 3.966624903467947e-06
2030 4.029650713981859e-06
2031 5.335795292186291e-06
2032 3.24939781921738e-06
2033 2.539382145587952e-06
2034 2.192532467041481e-06
2035 2.111268900331839e-06
2036 1.910009912639803e-06
2037 6.668373390728563e-07
2038 1.256164260660685e-06
2039 6.13585065606715e-07
2040 7.242222729265006e-07
2041 1.267628715826959e-06
2042 1.12927012618578e-06
2043 3.028567882389205e-08
2044 9.716350309272313e-07
2045 1.980760762619808e-06
2046 1.613850541854119e-06
2047 1.686520697774944e-06
2048 1.315468728829783e-06
2049 2.205980028257885e-06
2050 2.595079611323473e-06
2051 2.65787792641203e-06
2052 2.022932302702003e-06
2053 1.262851542407818e-06
2054 -6.580246448284075e-07
2055 -6.831401203398964e-07
2056 -6.781466613143827e-07
2057 -2.83584563460754e-07
2058 1.289588659036412e-07
2059 7.860097790019133e-08
2060 1.563923635173892e-06
2061 7.47485354411366e-07
2062 7.839009188357137e-07
2063 -2.026223611939921e-07
2064 -3.932057106478882e-07
2065 1.457387910381188e-08
2066 6.208602826106048e-07
2067 -9.120743822739834e-09
2068 7.038707135209117e-07
2069 1.298907800497463e-06
2070 5.536827997258797e-07
2071 -3.059201707167809e-07
2072 -8.76379388367255e-07
2073 7.029722821508644e-07
2074 7.23926092484439e-07
2075 7.221557389884995e-07
2076 -3.922011409637637e-07
2077 -8.500436203927184e-07
2078 -1.473532061707938e-06
2079 -1.905913972483849e-06
2080 -1.531732328185536e-06
2081 -1.44359377442185e-06
2082 -1.852506156038053e-06
2083 -2.472917845353127e-06
2084 -8.16099137231085e-07
2085 5.765629889840366e-07
2086 1.527911361104835e-06
2087 1.808083538275625e-06
2088 -3.598143011965388e-07
2089 -2.717491984360438e-06
2090 -2.534872551459349e-06
2091 -1.288344282299256e-06
2092 -1.244610357634082e-06
2093 -1.984453503848743e-06
2094 -9.373385834953683e-07
2095 -8.257400419052014e-07
2096 -1.144188728583293e-06
2097 -1.067698989909167e-06
2098 -1.638394702449769e-06
2099 -1.295424989237713e-06
2100 -1.293435959704924e-06
2101 -1.027510899098477e-06
2102 -1.261854327941005e-06
2103 -1.865452901662936e-06
2104 -3.284300083671909e-06
2105 -4.884256194428101e-06
2106 -4.699786379777831e-06
2107 -3.781612771313829e-06
2108 -2.834666991375748e-06
2109 -3.375294572551555e-06
2110 -3.351884323487022e-06
2111 -2.552217834057749e-06
2112 -3.106674456118785e-06
2113 -2.488049172609015e-06
2114 -2.869099934587139e-06
2115 -2.773354969913955e-06
2116 -3.580516825822743e-06
2117 -2.845514448465526e-06
2118 -2.95326326705483e-06
2119 -2.775277603879504e-06
2120 -2.353299475097248e-06
2121 -2.372286149600658e-06
2122 -2.324572155267757e-06
2123 -1.453073932261479e-06
2124 -2.072096316236512e-06
2125 -1.945647661505668e-06
2126 -3.829356114513986e-06
2127 -4.21860334767952e-06
2128 -4.478944688054211e-06
2129 -5.119348833222018e-06
2130 -5.187647869672268e-06
2131 -4.904207709520661e-06
2132 -5.450175553445508e-06
2133 -4.673518589845991e-06
2134 -2.50465501624709e-06
2135 -2.323114004225376e-06
2136 -2.585611571062589e-06
2137 -4.019877909679109e-06
2138 -4.338594758222269e-06
2139 -6.365310643751097e-06
2140 -6.211384025542886e-06
2141 -5.611165368313771e-06
2142 -4.864037501545217e-06
2143 -4.676660881979814e-06
2144 -5.101049638689237e-06
2145 -4.309788411644467e-06
2146 -4.074639257275408e-06
2147 -4.008434580574425e-06
2148 -4.582637244575184e-06
2149 -4.719152465710679e-06
2150 -4.252090788254484e-06
2151 -3.860503551527184e-06
2152 -4.004497499517573e-06
2153 -4.219834013027509e-06
2154 -5.703512578784892e-06
2155 -5.215428606728524e-06
2156 -4.6771144991252e-06
2157 -4.617860835026724e-06
2158 -5.920520336047343e-06
2159 -6.005467863735131e-06
2160 -6.296509248407232e-06
2161 -6.45718320208707e-06
2162 -6.13269412928216e-06
2163 -5.923753851817347e-06
2164 -6.635094094259525e-06
2165 -7.497996996570691e-06
2166 -5.902597969533925e-06
2167 -5.494061378003427e-06
2168 -4.333609074164292e-06
2169 -3.989194436176693e-06
2170 -5.470509133953787e-06
2171 -6.255231209732976e-06
2172 -7.698127886464698e-06
2173 -8.289896401576818e-06
2174 -8.034471880452286e-06
2175 -8.978356632876657e-06
2176 -8.029575242005887e-06
2177 -7.243857875496266e-06
2178 -6.244078162681456e-06
2179 -5.072400096658658e-06
2180 -5.245903165917573e-06
2181 -5.34095081247473e-06
2182 -5.142908775068742e-06
2183 -4.696022636351264e-06
2184 -6.020316794510429e-06
2185 -6.904521656496114e-06
2186 -7.725488829061623e-06
2187 -8.573389321223432e-06
2188 -8.931726842715774e-06
2189 -8.518122507419845e-06
2190 -6.959795390439632e-06
2191 -6.755436608256613e-06
2192 -6.743728470191485e-06
2193 -6.890501168267794e-06
2194 -7.460451223656269e-06
2195 -8.072111452179069e-06
2196 -7.656671309798492e-06
2197 -7.821350984461533e-06
2198 -8.445710196904471e-06
2199 -7.86060690337681e-06
2200 -6.993354461982096e-06
2201 -7.018242558732843e-06
2202 -7.693880134600616e-06
2203 -8.336613990395975e-06
2204 -8.519811694888497e-06
2205 -8.636522525559417e-06
2206 -8.446605919288695e-06
2207 -7.810239221534139e-06
2208 -8.199671348578323e-06
2209 -8.417441985904941e-06
2210 -8.154331729989629e-06
2211 -8.176621817230105e-06
2212 -7.567044925450677e-06
2213 -8.010313859123654e-06
2214 -9.293915086753457e-06
2215 -8.866861953874253e-06
2216 -8.307564759321601e-06
2217 -7.376375903642866e-06
2218 -8.931064588357755e-06
2219 -9.963113656858415e-06
2220 -1.019915882482767e-05
2221 -9.665406447103975e-06
2222 -9.728117209731166e-06
2223 -8.773447337580915e-06
2224 -9.01148538526471e-06
2225 -8.384364541779675e-06
2226 -8.918975108603856e-06
2227 -9.245141485376436e-06
2228 -9.823137230015251e-06
2229 -1.0017407621384e-05
2230 -1.04364726562336e-05
2231 -1.133958641360493e-05
2232 -1.131428547019496e-05
2233 -9.64295597852823e-06
2234 -8.167906871641928e-06
2235 -8.881327958596165e-06
2236 -9.569439711520217e-06
2237 -9.628276951422882e-06
2238 -9.499665335548179e-06
2239 -8.916683384551792e-06
2240 -8.449105312304828e-06
2241 -8.519904810074029e-06
2242 -9.694921619070559e-06
2243 -1.005972943871208e-05
2244 -1.025522389687402e-05
2245 -1.017328476420646e-05
2246 -1.076003175270482e-05
2247 -1.05608598767279e-05
2248 -9.693040668341165e-06
2249 -9.83289031443392e-06
2250 -9.778375720906576e-06
2251 -1.048735840791139e-05
2252 -1.208588584549009e-05
2253 -1.095442880512957e-05
2254 -1.038352536837585e-05
2255 -1.092027771385698e-05
2256 -1.09341731378695e-05
2257 -1.105108580662637e-05
2258 -1.104603239835054e-05
2259 -1.028928609106587e-05
2260 -1.082304781090541e-05
2261 -1.058844650999531e-05
2262 -1.052189125117718e-05
2263 -9.733831243480356e-06
2264 -9.416943736349931e-06
2265 -1.001539846544103e-05
2266 -1.143370251005021e-05
2267 -1.206447038308788e-05
2268 -1.028785796720654e-05
2269 -1.048654052745063e-05
2270 -1.030615451067589e-05
2271 -1.086373691641808e-05
2272 -1.055482866778958e-05
2273 -1.066963878019026e-05
2274 -1.152540834702604e-05
2275 -1.199683389691671e-05
2276 -1.249442667808047e-05
2277 -1.35535312857086e-05
2278 -1.337580905351105e-05
2279 -1.237590794786912e-05
2280 -1.215322485208227e-05
2281 -1.169167181738312e-05
2282 -1.120471476293372e-05
2283 -1.093275214138751e-05
2284 -1.217743569774335e-05
2285 -1.23543929544762e-05
2286 -1.180186785841281e-05
2287 -1.166306088424623e-05
2288 -1.178347060151607e-05
2289 -1.221285292072714e-05
2290 -1.162849860596031e-05
2291 -1.238324427788225e-05
2292 -1.303608523720355e-05
2293 -1.241243665076949e-05
2294 -1.38174321706497e-05
2295 -1.33038265695424e-05
2296 -1.27109747637568e-05
2297 -1.323195957309693e-05
2298 -1.245162010563284e-05
2299 -1.129769659325589e-05
2300 -1.108136302054681e-05
2301 -1.165594058697704e-05
2302 -1.199795727569708e-05
2303 -1.093863155202005e-05
2304 -1.166334162464537e-05
2305 -1.272641452904529e-05
2306 -1.330136119575637e-05
2307 -1.412066460671692e-05
2308 -1.371239248267207e-05
2309 -1.319820648673441e-05
2310 -1.305366297320603e-05
2311 -1.281296164973536e-05
2312 -1.335533459062666e-05
2313 -1.392238680271026e-05
2314 -1.448953559177812e-05
2315 -1.456415369742217e-05
2316 -1.404877348047925e-05
2317 -1.321621031476844e-05
2318 -1.318740465680771e-05
2319 -1.320947581140621e-05
2320 -1.278949599100351e-05
2321 -1.304923533324136e-05
2322 -1.322313199832206e-05
2323 -1.33568906339372e-05
2324 -1.309430360918789e-05
2325 -1.367627135396034e-05
2326 -1.284572412742171e-05
2327 -1.298170404843162e-05
2328 -1.307873856360634e-05
2329 -1.490713914606354e-05
2330 -1.508072191054866e-05
2331 -1.501139428640339e-05
2332 -1.42239606624209e-05
2333 -1.37618082358075e-05
2334 -1.465883070542226e-05
2335 -1.397161899995652e-05
2336 -1.363855946924323e-05
2337 -1.409147662017675e-05
2338 -1.469273026376104e-05
2339 -1.445442961009259e-05
2340 -1.412543488427007e-05
2341 -1.482791167526976e-05
2342 -1.517519467573885e-05
2343 -1.495475073021717e-05
2344 -1.44706569404726e-05
2345 -1.408898722638374e-05
2346 -1.397967126252531e-05
2347 -1.437115824817069e-05
2348 -1.443652257872018e-05
2349 -1.341619848840987e-05
2350 -1.367076454033904e-05
2351 -1.467822942404784e-05
2352 -1.366018933953254e-05
2353 -1.348324502112985e-05
2354 -1.405881618089702e-05
2355 -1.412656834286589e-05
2356 -1.375577167904601e-05
2357 -1.406135326100313e-05
2358 -1.472596792358135e-05
2359 -1.533124843591796e-05
2360 -1.505316842649917e-05
2361 -1.558262296431589e-05
2362 -1.658112889292665e-05
2363 -1.7287445769924e-05
2364 -1.586293719778041e-05
2365 -1.561164994021625e-05
2366 -1.490678901043003e-05
2367 -1.462478927058085e-05
2368 -1.447380444269906e-05
2369 -1.470701625651756e-05
2370 -1.512719948742991e-05
2371 -1.522961236702542e-05
2372 -1.530717823049956e-05
2373 -1.591533450908285e-05
2374 -1.603636274131867e-05
2375 -1.605788343295634e-05
2376 -1.608928973584282e-05
2377 -1.47767272165216e-05
2378 -1.466866654999944e-05
2379 -1.525232532438654e-05
2380 -1.575993255912337e-05
2381 -1.560698541690715e-05
2382 -1.467271825726455e-05
2383 -1.361863679654451e-05
2384 -1.327904783708011e-05
2385 -1.369832413525459e-05
2386 -1.411158017734817e-05
2387 -1.369347454939682e-05
2388 -1.404493456989628e-05
2389 -1.459598738463336e-05
2390 -1.495857042018928e-05
2391 -1.55474771278527e-05
2392 -1.680418353520855e-05
2393 -1.819909317407856e-05
2394 -1.777914504749114e-05
2395 -1.616570615086104e-05
2396 -1.690120682470247e-05
2397 -1.665833374393969e-05
2398 -1.597257040925769e-05
2399 -1.602058111289085e-05
2400 -1.482356088352978e-05
2401 -1.474641248011772e-05
2402 -1.494622043737226e-05
2403 -1.519109745970802e-05
2404 -1.615380691366443e-05
2405 -1.639012118137817e-05
2406 -1.540770300479154e-05
2407 -1.655423489183575e-05
2408 -1.603942330306505e-05
2409 -1.638781200404333e-05
2410 -1.620311393363381e-05
2411 -1.541325847229725e-05
2412 -1.479767930500953e-05
2413 -1.523186357862222e-05
2414 -1.502667049531829e-05
2415 -1.625152448792315e-05
2416 -1.581475255041704e-05
2417 -1.502851168633404e-05
2418 -1.497859938105176e-05
2419 -1.523456888952825e-05
2420 -1.486914596810031e-05
2421 -1.588882822392437e-05
2422 -1.762833597155196e-05
2423 -1.862209795249034e-05
2424 -1.86020386400794e-05
2425 -1.714266215680776e-05
2426 -1.542734500720395e-05
2427 -1.564488105266734e-05
2428 -1.596190283456536e-05
2429 -1.621158722032763e-05
2430 -1.614587514022647e-05
2431 -1.590211038708456e-05
2432 -1.626615821411999e-05
2433 -1.670682081870208e-05
2434 -1.595185138194907e-05
2435 -1.54203145969003e-05
2436 -1.585831637447612e-05
2437 -1.624412175093652e-05
2438 -1.718990116872311e-05
2439 -1.773190750088761e-05
2440 -1.728917901452021e-05
2441 -1.632678471770108e-05
2442 -1.45058237174675e-05
2443 -1.432934292254361e-05
2444 -1.492400116376974e-05
2445 -1.577481736546131e-05
2446 -1.640565816108241e-05
2447 -1.770608870728423e-05
2448 -1.705458175334958e-05
2449 -1.711004406460829e-05
2450 -1.66570828352674e-05
2451 -1.614196787120216e-05
2452 -1.648685573646965e-05
2453 -1.692640171876717e-05
2454 -1.740632999233225e-05
2455 -1.788417618608773e-05
2456 -1.698467136326282e-05
2457 -1.723780625338329e-05
2458 -1.60072423917385e-05
2459 -1.526495808782546e-05
2460 -1.59681284882683e-05
2461 -1.508852320158531e-05
2462 -1.600400356086702e-05
2463 -1.651292149672608e-05
2464 -1.671493350188473e-05
2465 -1.571726345911595e-05
2466 -1.497096513246136e-05
2467 -1.49858727679575e-05
2468 -1.541177473506199e-05
2469 -1.659884876831031e-05
2470 -1.714423294897775e-05
2471 -1.775174116376188e-05
2472 -1.739170877352295e-05
2473 -1.715589952899039e-05
2474 -1.59877752114806e-05
2475 -1.507637991634707e-05
2476 -1.492496528441027e-05
2477 -1.427338970947652e-05
2478 -1.586429667647365e-05
2479 -1.730849639413551e-05
2480 -1.794896907910413e-05
2481 -1.756551732124745e-05
2482 -1.754754097836972e-05
2483 -1.709591660783302e-05
2484 -1.714857391697273e-05
2485 -1.745746612034948e-05
2486 -1.688667863752788e-05
2487 -1.592246930202826e-05
2488 -1.669546805662531e-05
2489 -1.633597840046809e-05
2490 -1.522897368533528e-05
2491 -1.524536066426989e-05
2492 -1.496883299747315e-05
2493 -1.523193891519717e-05
2494 -1.654721929173581e-05
2495 -1.691331031247949e-05
2496 -1.689617195964847e-05
2497 -1.667928488638561e-05
2498 -1.740183690740485e-05
2499 -1.705215744304791e-05
2500 -1.578603267641331e-05
2501 -1.453853403270505e-05
2502 -1.48935181654839e-05
2503 -1.582283107482117e-05
2504 -1.611863899290721e-05
2505 -1.612328919434293e-05
2506 -1.643163616513322e-05
2507 -1.700893764218791e-05
2508 -1.641091427186018e-05
2509 -1.520079625027637e-05
2510 -1.460791671139098e-05
2511 -1.610388193364344e-05
2512 -1.719308877099737e-05
2513 -1.832422536257325e-05
2514 -1.753422675956641e-05
2515 -1.734209887247072e-05
2516 -1.581883680743003e-05
2517 -1.586258229080304e-05
2518 -1.617777944428206e-05
2519 -1.605316401051681e-05
2520 -1.621108952545213e-05
2521 -1.579811854173852e-05
2522 -1.550291893572237e-05
2523 -1.541976738907108e-05
2524 -1.625235853985301e-05
2525 -1.498065159461345e-05
2526 -1.567363114647727e-05
2527 -1.518708970684288e-05
2528 -1.46447493733367e-05
2529 -1.507865098644962e-05
2530 -1.554565217649408e-05
2531 -1.54701690486536e-05
2532 -1.554575649504692e-05
2533 -1.559079606233797e-05
2534 -1.655890096172625e-05
2535 -1.672044387104992e-05
2536 -1.639263242688452e-05
2537 -1.632629531353411e-05
2538 -1.552663024015589e-05
2539 -1.571582797629662e-05
2540 -1.554114748972894e-05
2541 -1.582271749741815e-05
2542 -1.529755152051907e-05
2543 -1.453784587502459e-05
2544 -1.365092618133091e-05
2545 -1.485025912859999e-05
2546 -1.556645016271942e-05
2547 -1.649351753097318e-05
2548 -1.637210222683068e-05
2549 -1.637343800186231e-05
2550 -1.709606759604511e-05
2551 -1.615430495821297e-05
2552 -1.587082432039519e-05
2553 -1.538076673272149e-05
2554 -1.560846433268232e-05
2555 -1.585514236981362e-05
2556 -1.557895961861293e-05
2557 -1.519807654738414e-05
2558 -1.508011753809268e-05
2559 -1.450460805487509e-05
2560 -1.404077386512513e-05
2561 -1.361935892430124e-05
2562 -1.449374495742001e-05
2563 -1.374622985987702e-05
2564 -1.511770105986909e-05
2565 -1.53181014835869e-05
2566 -1.543280365584149e-05
2567 -1.550653232330683e-05
2568 -1.582245393348621e-05
2569 -1.56580485436378e-05
2570 -1.569759669610972e-05
2571 -1.617235672920085e-05
2572 -1.55099000682194e-05
2573 -1.559473701004435e-05
2574 -1.569846849593916e-05
2575 -1.576792108078845e-05
2576 -1.456370834111518e-05
2577 -1.397923171749195e-05
2578 -1.515208219615043e-05
2579 -1.453883581600704e-05
2580 -1.547587057052403e-05
2581 -1.495357745476949e-05
2582 -1.48377220383421e-05
2583 -1.477810661499355e-05
2584 -1.475472824046218e-05
2585 -1.443916475443034e-05
2586 -1.298683318954286e-05
2587 -1.269543336630264e-05
2588 -1.434510164432199e-05
2589 -1.390323491343491e-05
2590 -1.436607683853418e-05
2591 -1.477162283493482e-05
2592 -1.479048560067618e-05
2593 -1.402034061771346e-05
2594 -1.291603212754822e-05
2595 -1.376873991519801e-05
2596 -1.38946636434011e-05
2597 -1.514950189267844e-05
2598 -1.520429031715835e-05
2599 -1.582220268125323e-05
2600 -1.525018904753722e-05
2601 -1.474579291477813e-05
2602 -1.490736689684645e-05
2603 -1.488443897065994e-05
2604 -1.333381876079872e-05
2605 -1.279664421688285e-05
2606 -1.360750117825231e-05
2607 -1.380907992807235e-05
2608 -1.36411244026782e-05
2609 -1.348757753758808e-05
2610 -1.317817888920469e-05
2611 -1.301059551494409e-05
2612 -1.330437687798411e-05
2613 -1.36949205472872e-05
2614 -1.319157469496178e-05
2615 -1.361247436123182e-05
2616 -1.410228393284126e-05
2617 -1.305005280845923e-05
2618 -1.2648137286785e-05
2619 -1.249802662153859e-05
2620 -1.146490892984739e-05
2621 -1.201987967022434e-05
2622 -1.259234475125938e-05
2623 -1.373926256676874e-05
2624 -1.320167817197552e-05
2625 -1.337777606472786e-05
2626 -1.330789271602275e-05
2627 -1.356180056794764e-05
2628 -1.246159509142114e-05
2629 -1.306390032501987e-05
2630 -1.33380708147818e-05
2631 -1.355200725380629e-05
2632 -1.358555699143116e-05
2633 -1.224814705666269e-05
2634 -1.212966732219533e-05
2635 -1.239307209544928e-05
2636 -1.227833072588076e-05
2637 -1.190107616044471e-05
2638 -1.223121609690692e-05
2639 -1.24320485697874e-05
2640 -1.213799544100441e-05
2641 -1.276502109828425e-05
2642 -1.19512452328135e-05
2643 -1.1990973328742e-05
2644 -1.09643042288451e-05
2645 -1.144291175854283e-05
2646 -1.176934781036293e-05
2647 -1.268639135779837e-05
2648 -1.244621330480965e-05
2649 -1.235404355447492e-05
2650 -1.107432653306119e-05
2651 -1.067510227064094e-05
2652 -1.095270853896364e-05
2653 -1.150647330554292e-05
2654 -1.202797138756766e-05
2655 -1.191496591722324e-05
2656 -1.187239445123921e-05
2657 -1.247292044144858e-05
2658 -1.215896568661239e-05
2659 -1.141756457520433e-05
2660 -1.175557117459459e-05
2661 -1.20841731109107e-05
2662 -1.198549866226338e-05
2663 -1.124321438176881e-05
2664 -1.069741301379138e-05
2665 -1.030468051630815e-05
2666 -9.732638987487865e-06
2667 -8.590097625335239e-06
2668 -8.39230233044937e-06
2669 -9.648664537167559e-06
2670 -1.054806742623825e-05
2671 -1.190290451535887e-05
2672 -1.174263591631716e-05
2673 -1.266227459699717e-05
2674 -1.252114549208795e-05
2675 -1.124877432580231e-05
2676 -1.098205085086562e-05
2677 -9.366661420852711e-06
2678 -8.915750081939955e-06
2679 -9.468786242044679e-06
2680 -9.825010955950741e-06
2681 -9.898881433976279e-06
2682 -1.091619758533838e-05
2683 -1.054859550224718e-05
2684 -1.018350321100629e-05
2685 -1.025181577966055e-05
2686 -9.799730761197856e-06
2687 -1.022233167252552e-05
2688 -1.020175973234682e-05
2689 -8.993333012309946e-06
2690 -9.328068041202343e-06
2691 -9.477533188739812e-06
2692 -9.32861275116841e-06
2693 -9.099223355662833e-06
2694 -8.663847254469497e-06
2695 -9.631313209859383e-06
2696 -9.534551740672941e-06
2697 -9.564410817712572e-06
2698 -9.297204313422879e-06
2699 -9.337078098323809e-06
2700 -9.101776176758806e-06
2701 -8.727172689580144e-06
2702 -8.511080597257504e-06
2703 -8.785792976931257e-06
2704 -8.674022131901791e-06
2705 -8.854798342760652e-06
2706 -9.09339530836391e-06
2707 -7.493952317626717e-06
2708 -7.548355050606456e-06
2709 -8.043815045163975e-06
2710 -8.733875579398611e-06
2711 -8.678568363709164e-06
2712 -8.496882537147125e-06
2713 -7.991667861544595e-06
2714 -8.08559333243189e-06
2715 -7.527625891940368e-06
2716 -8.065646000262953e-06
2717 -8.849413907288775e-06
2718 -8.286404816838744e-06
2719 -9.300068475978296e-06
2720 -9.760698454911424e-06
2721 -9.005108859729151e-06
2722 -8.363863011849559e-06
2723 -7.421343057140797e-06
2724 -6.36999352104511e-06
2725 -6.306072450848882e-06
2726 -5.288555447935047e-06
2727 -5.742815085519515e-06
2728 -7.052889335882792e-06
2729 -7.103237137797353e-06
2730 -8.184984546006415e-06
2731 -8.674690459342646e-06
2732 -8.507470721053346e-06
2733 -7.570520477769045e-06
2734 -5.724696050199765e-06
2735 -6.648190168878318e-06
2736 -7.421714956516901e-06
2737 -6.833632345902033e-06
2738 -6.073061331532228e-06
2739 -6.449581411923208e-06
2740 -6.219726671145859e-06
2741 -6.433826234068605e-06
2742 -5.524224297744589e-06
2743 -5.42220006889547e-06
2744 -6.013423093675383e-06
2745 -6.693889113299282e-06
2746 -7.029543282475143e-06
2747 -6.986839629852564e-06
2748 -7.157496796261136e-06
2749 -7.458750318897171e-06
2750 -6.162248592165261e-06
2751 -5.0519592364978e-06
2752 -5.722012360315555e-06
2753 -5.706943031158735e-06
2754 -6.250848647684505e-06
2755 -5.605433438719074e-06
2756 -5.666016416133814e-06
2757 -5.196450245710517e-06
2758 -6.200882975025053e-06
2759 -6.236877419975201e-06
2760 -5.143297488371318e-06
2761 -3.936494300074144e-06
2762 -3.325825096912307e-06
2763 -3.681694748822851e-06
2764 -4.178589034566731e-06
2765 -4.70540755754866e-06
2766 -4.138033140865526e-06
2767 -3.554152300145818e-06
2768 -4.213730099400902e-06
2769 -3.970780535591855e-06
2770 -4.688270933228823e-06
2771 -5.054849263950837e-06
2772 -4.368317081237606e-06
2773 -3.318948295693231e-06
2774 -3.574945001531918e-06
2775 -3.152085133401724e-06
2776 -4.339101386513187e-06
2777 -4.93124709906479e-06
2778 -4.049718907339446e-06
2779 -4.025980396989036e-06
2780 -4.446467870142683e-06
2781 -4.157492339488786e-06
2782 -3.585566483757213e-06
2783 -3.898090096709989e-06
2784 -3.602832884395466e-06
2785 -2.725569347750274e-06
2786 -3.18584023336053e-06
2787 -2.89323301136044e-06
2788 -2.390263824800388e-06
2789 -2.074909062811312e-06
2790 -1.959228201168665e-06
2791 -2.073179626585786e-06
2792 -2.684730945002989e-06
2793 -1.871740729727239e-06
2794 -1.735824061183769e-06
2795 -1.324704464609517e-06
2796 -1.381550558334707e-06
2797 -9.691430618511019e-07
2798 -9.942925516737473e-07
2799 -7.88040402053525e-07
2800 -1.222455182271897e-06
2801 -2.0848504574962e-06
2802 -2.734711560214375e-06
2803 -3.196283353285863e-06
2804 -2.673196508499002e-06
2805 -2.407028125538327e-06
2806 -5.44264429682473e-07
2807 -8.000371154038163e-08
2808 9.588405648095545e-08
2809 -7.423701942333753e-07
2810 -1.243359510626864e-06
2811 -1.82409641318306e-06
2812 -2.282044191354354e-06
2813 -1.609040361902192e-06
2814 -2.307963772276274e-06
2815 -1.828875542739478e-06
2816 -9.396540238628484e-07
2817 -1.504388283386709e-06
2818 -1.106559606305944e-06
2819 -5.406653962297191e-07
2820 2.201433015585347e-06
2821 1.601068627287587e-06
2822 3.461418914121526e-07
2823 4.42663519112929e-07
2824 5.111617744875738e-07
2825 2.547565893381841e-07
2826 6.951984567372982e-07
2827 1.002702720708822e-06
2828 6.981930673326825e-07
2829 -7.687600465752102e-08
2830 4.293728179779581e-08
2831 -8.112341813719393e-07
2832 -1.009381676388026e-06
2833 -7.410206709917542e-07
2834 -6.547734930260242e-07
2835 -6.681537134530024e-07
2836 -8.571449506976725e-07
2837 4.14145840210964e-07
2838 1.186374658120936e-06
2839 1.516786368916461e-06
2840 2.125563218051303e-06
2841 1.822686754448346e-06
2842 1.178900631748534e-06
2843 1.522180662744195e-06
2844 2.738970791726686e-06
2845 2.405250273177538e-06
2846 2.023602160078248e-06
2847 6.287307830665866e-07
2848 -5.161520387276877e-07
2849 4.650706799164935e-07
2850 1.802608309254712e-06
2851 2.08917237276615e-06
2852 2.041387868736366e-06
2853 2.634485201135187e-06
2854 2.503196124510953e-06
2855 2.523138070039803e-06
2856 1.642653729968318e-06
2857 2.744754839784798e-06
2858 2.747090565073769e-06
2859 2.064852825840895e-06
2860 3.246756135295084e-06
2861 3.015169838867248e-06
2862 2.236866286708087e-06
2863 2.523939389507826e-06
2864 2.247748688895164e-06
2865 2.273363558529152e-06
2866 2.798086147306383e-06
2867 3.195472673202484e-06
2868 3.348433192925364e-06
2869 2.733693153494044e-06
2870 2.825086397601556e-06
2871 4.201357331731856e-06
2872 5.608861631192783e-06
2873 6.246977006421922e-06
2874 6.125584266598621e-06
2875 5.293788412852786e-06
2876 4.228444462125241e-06
2877 5.235773390853635e-06
2878 5.020451519982388e-06
2879 4.738631628561411e-06
2880 4.129501998539692e-06
2881 3.864758821860618e-06
2882 4.409856902079672e-06
2883 4.889203289054311e-06
2884 4.902761786127397e-06
2885 4.877936536849708e-06
2886 4.590590604673616e-06
2887 5.018276417199714e-06
2888 4.748397659472844e-06
2889 4.688871610342979e-06
2890 4.349184529736761e-06
2891 4.227433896457442e-06
2892 4.447803905450822e-06
2893 4.119868569311955e-06
2894 6.703959271355756e-06
2895 7.306433602629866e-06
2896 6.926254880689807e-06
2897 6.833008335081065e-06
2898 5.366770054415263e-06
2899 4.802310698103337e-06
2900 5.355305882159785e-06
2901 6.349402446016333e-06
2902 7.285714496332923e-06
2903 6.141892949248699e-06
2904 7.061140454122372e-06
2905 7.306431960841879e-06
2906 7.207086474948056e-06
2907 7.302212621248848e-06
2908 7.069253818187219e-06
2909 7.115090722487616e-06
2910 7.102580067440152e-06
2911 7.178857255878556e-06
2912 7.114642626968231e-06
2913 5.757081205512476e-06
2914 5.802023064603816e-06
2915 6.369468834583403e-06
2916 7.507706201193437e-06
2917 7.759451991429046e-06
2918 7.928373832383846e-06
2919 8.398952767315962e-06
2920 7.716169600663514e-06
2921 7.224773327152924e-06
2922 7.154822257010237e-06
2923 7.129710733160528e-06
2924 8.641607768125707e-06
2925 8.767904878339972e-06
2926 9.351308106003026e-06
2927 9.357577474859705e-06
2928 7.204949617805461e-06
2929 7.527471581691842e-06
2930 8.423559993671897e-06
2931 7.203586209122333e-06
2932 6.839632575698298e-06
2933 6.519768129542485e-06
2934 7.432947685926945e-06
2935 8.115104564606329e-06
2936 8.354816410865781e-06
2937 8.682189920097789e-06
2938 9.687408715258422e-06
2939 1.015581032554047e-05
2940 1.022354963911037e-05
2941 1.001170677925514e-05
2942 9.96569407531973e-06
2943 1.054983646448593e-05
2944 9.658572165876872e-06
2945 9.182929085639259e-06
2946 9.112652603992492e-06
2947 8.807279137162277e-06
2948 8.280215754726177e-06
2949 8.701141891031373e-06
2950 9.107329824824092e-06
2951 9.961452632719275e-06
2952 1.179161788678851e-05
2953 1.163374256490493e-05
2954 1.13308366583331e-05
2955 1.094020953850786e-05
2956 1.111492145818659e-05
2957 1.06765441408211e-05
2958 9.493994930550346e-06
2959 9.17560088486485e-06
2960 9.079627939109314e-06
2961 9.052484421603746e-06
2962 9.619749335448054e-06
2963 9.563611326132733e-06
2964 9.940853526082199e-06
2965 1.164799101414772e-05
2966 1.149637055489382e-05
2967 1.228540794628318e-05
2968 1.360971326728181e-05
2969 1.357446825869723e-05
2970 1.440968380108948e-05
2971 1.353878860730994e-05
2972 1.31113946329355e-05
2973 1.374292540792309e-05
2974 1.301896542923401e-05
2975 1.260721246724736e-05
2976 1.218718663960374e-05
2977 1.119758965136898e-05
2978 1.058696181320875e-05
2979 1.098279414528309e-05
2980 1.135136466157767e-05
2981 1.14957651189114e-05
2982 1.196238068945767e-05
2983 1.232461008085134e-05
2984 1.218005196492696e-05
2985 1.235749721718979e-05
2986 1.368924289550278e-05
2987 1.368268413353237e-05
2988 1.351976995693592e-05
2989 1.319913057170119e-05
2990 1.433706649876527e-05
2991 1.343669119396124e-05
2992 1.440423435591047e-05
2993 1.487940648013894e-05
2994 1.442048366546875e-05
2995 1.318700653006455e-05
2996 1.341408429107822e-05
2997 1.375310576595451e-05
2998 1.439192491107021e-05
2999 1.322558968247361e-05
3000 1.376686499713053e-05
