"lift-rfile"
"Iteration" "lift"
("Iteration" "lift")
1 3.288561099397889
2 4.918836296155944
3 6.140282225152053
4 6.945726564858707
5 7.453873758505313
6 7.647510568333248
7 7.603942279176503
8 7.291640930061432
9 6.846966915483009
10 6.537674995186195
11 6.154572085741033
12 5.828936226672321
13 5.589042864728413
14 5.398677866484755
15 5.239740191032864
16 5.095786703945686
17 4.938050403965779
18 4.755681954778132
19 4.548219263280312
20 4.316313507704627
21 4.069483143784221
22 3.813491675658679
23 3.557114107432635
24 3.304738251508872
25 3.055712239582752
26 2.812826333989455
27 2.574200998411863
28 2.344352767697347
29 2.124283600931992
30 1.914944728120124
31 1.713708385271141
32 1.522311776462865
33 1.341309861791795
34 1.172383773524949
35 1.0106701382354
36 0.8579279250134492
37 0.7139463368424542
38 0.5787655892506564
39 0.451975480551987
40 0.3331698887024228
41 0.2226122084385623
42 0.1197569023765487
43 0.02401763108119659
44 -0.06419294312494465
45 -0.1453353614689727
46 -0.2208927296176088
47 -0.2905433381868517
48 -0.3548474019996349
49 -0.4138668106291565
50 -0.4682862857038282
51 -0.5185020203589087
52 -0.5648934313214823
53 -0.6075153677746004
54 -0.6471489936363594
55 -0.6835773744060736
56 -0.7169803069559834
57 -0.7471805953768997
58 -0.7745073151388658
59 -0.7989901660086419
60 -0.8206206787445659
61 -0.8388369290052955
62 -0.8536411615891244
63 -0.8657525831353535
64 -0.8733661272387332
65 -0.8770999447072005
66 -0.8762417796252947
67 -0.8713352634982892
68 -0.8616972207208417
69 -0.8475412052657939
70 -0.8286366148678361
71 -0.8044360756789336
72 -0.7755914407849536
73 -0.7417483490404843
74 -0.702828057952154
75 -0.6594364551410507
76 -0.61159624000349
77 -0.5594460364699018
78 -0.5029648546645009
79 -0.4425406687172372
80 -0.3785278803393289
81 -0.3110507122958904
82 -0.2403817028097565
83 -0.1669268171591348
84 -0.09121708860535777
85 -0.01337730424959647
86 0.06622483518356005
87 0.1480411718026566
88 0.2312820124425297
89 0.3143989416998376
90 0.3978855815361135
91 0.4813357435616182
92 0.5643249533618733
93 0.6461898551841696
94 0.7268753903851787
95 0.8162523045735509
96 0.892729687736714
97 0.9670024682715231
98 1.047474129321295
99 1.115423502122848
100 1.18021622692067
101 1.241594880028987
102 1.299480067725219
103 1.353430332968599
104 1.403004778997564
105 1.448735555844294
106 1.490421371972125
107 1.528038781154105
108 1.561558651684395
109 1.590943690448893
110 1.616189517639801
111 1.63731318922684
112 1.654293867826291
113 1.66728881050912
114 1.676351353127273
115 1.681593313526789
116 1.683317070779417
117 1.681351752393791
118 1.675892677041684
119 1.666957276846064
120 1.65467693806669
121 1.639149768044543
122 1.62045255556741
123 1.598842473606322
124 1.574466953163126
125 1.547470865534864
126 1.518098335516198
127 1.486457921505169
128 1.452776531836447
129 1.417215906595623
130 1.379986060748517
131 1.341276531182509
132 1.301133627410164
133 1.259943859697812
134 1.217907839003567
135 1.175303158857886
136 1.132242039398532
137 1.089097295683162
138 1.045770590293093
139 1.002552012463321
140 0.9596520091660161
141 0.917186123959842
142 0.8752812084761953
143 0.8341241619693045
144 0.793825368541753
145 0.7545167008849997
146 0.7163618503538584
147 0.6793968193560919
148 0.6437304513101896
149 0.6094570607569637
150 0.5766318887705714
151 0.5453550426709426
152 0.5157066448081989
153 0.4877364079529906
154 0.4615132085410103
155 0.4370614825249361
156 0.4144220997468558
157 0.3936201622592144
158 0.3746591593156609
159 0.3576028424791597
160 0.3424716805534549
161 0.3292828949009828
162 0.3180101714590067
163 0.3086537994247849
164 0.3012024184366003
165 0.2956360783818007
166 0.2919410328644894
167 0.2900861725087525
168 0.2900569564530012
169 0.2918195585571637
170 0.2953373269328878
171 0.3005507543651464
172 0.3074504758815849
173 0.3159230775011146
174 0.3260535057382769
175 0.337763641667808
176 0.3509867898610006
177 0.3656637985452375
178 0.3817511683287156
179 0.3991974321521891
180 0.417953499455002
181 0.437957230254322
182 0.4591478175879704
183 0.4814773269719347
184 0.5048396413230932
185 0.5292605723059322
186 0.5545443773604987
187 0.5807109379331772
188 0.6076247747025788
189 0.6352568834034428
190 0.6635075905323306
191 0.6922975015596806
192 0.7215468212607151
193 0.7511420702435019
194 0.7810146519658693
195 0.8110802636789599
196 0.841244987220666
197 0.8713802322109501
198 0.9014324961446408
199 0.9313079626757829
200 0.9609618798325057
201 0.9902366553026799
202 1.019048691959219
203 1.047303896654394
204 1.074913645300818
205 1.10179706840012
206 1.127848088475746
207 1.152982085184089
208 1.177121873903154
209 1.200188266386156
210 1.222145564503888
211 1.242851389831106
212 1.262279314745423
213 1.280337664261681
214 1.296995044796303
215 1.312157805713378
216 1.325861281398049
217 1.338038109417127
218 1.3486552441211
219 1.357679682354243
220 1.365087405348647
221 1.370871742706001
222 1.375024529243566
223 1.377547679784072
224 1.378444807364301
225 1.377745150360671
226 1.375455293824861
227 1.371596452115316
228 1.36619664386762
229 1.35930193677886
230 1.350958367869626
231 1.341221230835328
232 1.330104111416025
233 1.317711152751664
234 1.304125297497344
235 1.289408396632302
236 1.273638841104068
237 1.256863965532883
238 1.23915380610217
239 1.22066858917933
240 1.201455293843275
241 1.181604776817647
242 1.161204133223427
243 1.140342310644034
244 1.119116882255555
245 1.097626676994613
246 1.075964942174146
247 1.054225426897586
248 1.032502447712267
249 1.01088794931698
250 0.9894711369058838
251 0.9683403181675604
252 0.9475808747286557
253 0.9272432800139685
254 0.9074891876980537
255 0.8883434337105604
256 0.8698777300244971
257 0.8521645822378406
258 0.8352708114753459
259 0.8192525353726371
260 0.8041676147516681
261 0.7900669393394779
262 0.7769969981670958
263 0.7649959338794423
264 0.7541016458368985
265 0.7443611561150427
266 0.7357789765263421
267 0.7283751496712057
268 0.7221626512228511
269 0.7171538228945332
270 0.7133521415865617
271 0.7107620017720838
272 0.7093780139536964
273 0.7091872271606071
274 0.710178778626067
275 0.7123357446170467
276 0.7156385009620196
277 0.7200574759128132
278 0.7255657744499537
279 0.7321195460073339
280 0.7396897533156198
281 0.7482349493410313
282 0.7577044184564681
283 0.7680597994891469
284 0.779252652513916
285 0.7912342980375194
286 0.803948901637035
287 0.8173444877806918
288 0.8313631701237561
289 0.8459488010093119
290 0.8610416633006863
291 0.8765801822843392
292 0.8925065488660195
293 0.9087572892815706
294 0.9252738884334745
295 0.9420097323442671
296 0.9588660266507304
297 0.9758077762446368
298 0.9927978176368085
299 1.009727251987084
300 1.026565433557268
301 1.043258029537618
302 1.059749287216666
303 1.075986999340452
304 1.091922019484396
305 1.107502291717539
306 1.122684629943841
307 1.137438524628682
308 1.151705334618123
309 1.165436530189112
310 1.178631387206933
311 1.191230145716658
312 1.203219592390884
313 1.214551234603513
314 1.22519467794832
315 1.235132943099426
316 1.244344047270213
317 1.252813745262022
318 1.260530969021076
319 1.267480783064292
320 1.273655340077676
321 1.279024430743738
322 1.283616619881443
323 1.287441591570311
324 1.290493874187556
325 1.292784515520848
326 1.294317326153359
327 1.295113201277348
328 1.295183893045433
329 1.29455004035132
330 1.293216808888043
331 1.291220079057836
332 1.288581674509908
333 1.285316085345646
334 1.281455886263646
335 1.277032661052968
336 1.272075624044341
337 1.266615770846758
338 1.260687481728342
339 1.254322465685998
340 1.247559755008745
341 1.240428222032351
342 1.232970276405883
343 1.225212088980379
344 1.217191766890678
345 1.208945856484865
346 1.200517563518519
347 1.191934399967902
348 1.183233592219795
349 1.174422563842718
350 1.165566104187552
351 1.156693082660929
352 1.147840576682835
353 1.139051033218361
354 1.130355951244271
355 1.121785191461344
356 1.113365870622606
357 1.105157292098732
358 1.097157093628753
359 1.089387940438038
360 1.081873867328373
361 1.074645500951868
362 1.067724637654893
363 1.061131047968965
364 1.054883923771357
365 1.049001616454148
366 1.043494480064741
367 1.03838142956528
368 1.033673771821845
369 1.029382045938472
370 1.025512875026044
371 1.022074142443197
372 1.019056863495007
373 1.016465090757491
374 1.014334302411056
375 1.012656881034003
376 1.011433265259585
377 1.010663084964304
378 1.010336760781904
379 1.010447042860958
380 1.011001866738798
381 1.01199929106124
382 1.013430208809906
383 1.015289182030609
384 1.01756093542442
385 1.020237846560345
386 1.023310944341735
387 1.02676757997478
388 1.030595639979727
389 1.034785524378298
390 1.039320669787521
391 1.044187088105909
392 1.049374850001367
393 1.054858546785083
394 1.060635392993775
395 1.06667658417595
396 1.072967753984195
397 1.079492760535252
398 1.08623233642811
399 1.093165978775123
400 1.100272248616353
401 1.107536564771243
402 1.114937837820759
403 1.122454570803152
404 1.130058896735195
405 1.13773627127961
406 1.145464708601728
407 1.153224297750926
408 1.160990460015809
409 1.16873923279305
410 1.176448919562012
411 1.184092510307572
412 1.191657032358103
413 1.199116496110823
414 1.206431493212934
415 1.213602327951553
416 1.220611060653874
417 1.227435763615129
418 1.2340615074156
419 1.240467769372896
420 1.24663746767379
421 1.25255318011586
422 1.25819961974669
423 1.263563244470464
424 1.26862800169606
425 1.273383024731774
426 1.27782467161726
427 1.281934774719846
428 1.285703800196861
429 1.289132849268924
430 1.292205302217909
431 1.294912255382397
432 1.297251896061823
433 1.299222826079299
434 1.300823491777896
435 1.302054577946394
436 1.302918359357654
437 1.303417602339382
438 1.303558146494591
439 1.303346008850729
440 1.302790197354088
441 1.301879318561815
442 1.300644196593149
443 1.29909388214622
444 1.297243489343031
445 1.29510403654726
446 1.292701323992245
447 1.290034733343233
448 1.287118124937666
449 1.283962886127621
450 1.280590703396143
451 1.277015247745684
452 1.273259371307927
453 1.269339404149088
454 1.265292271409164
455 1.26111727459575
456 1.256830533335553
457 1.252449416920406
458 1.247995392633442
459 1.243486751693979
460 1.238941248300498
461 1.234370817024304
462 1.229810269541662
463 1.22527469566734
464 1.220779278174849
465 1.216340750393409
466 1.211982583641335
467 1.20774078742896
468 1.203609214688419
469 1.199582126137521
470 1.195697585363026
471 1.191971262220216
472 1.188420914962762
473 1.185056352141613
474 1.181890493130171
475 1.178934288993978
476 1.176197566809916
477 1.17369193766213
478 1.171424345827539
479 1.16940314955651
480 1.167633398858452
481 1.166120785289441
482 1.164868878135597
483 1.163880104216185
484 1.163158153695092
485 1.162703438855438
486 1.162509589462095
487 1.162579884552151
488 1.162913465837539
489 1.163501621623005
490 1.164344846432393
491 1.165436111843722
492 1.166767746279822
493 1.168332940791424
494 1.170123842458766
495 1.172131585314069
496 1.174347406099259
497 1.176759465523734
498 1.179352959866865
499 1.182124135388081
500 1.185064786857245
501 1.188154578497687
502 1.191381676014524
503 1.194732554912629
504 1.198194499694667
505 1.201746655315582
506 1.205383072791908
507 1.209091794094241
508 1.212855580299612
509 1.216660926617798
510 1.220490076785951
511 1.224331954473274
512 1.228168078874095
513 1.231990803610695
514 1.235789761051382
515 1.239547099231293
516 1.243252132056903
517 1.246893286051602
518 1.250459517132559
519 1.253938116324415
520 1.257320149704596
521 1.260595686951974
522 1.263756794665249
523 1.266791324615637
524 1.269701436933783
525 1.272472597508516
526 1.275100126668265
527 1.277573870008612
528 1.279894363858624
529 1.282058344837603
530 1.284062775162475
531 1.285911686462931
532 1.287595437089903
533 1.289115328153068
534 1.290461095925702
535 1.291640940075921
536 1.292658137209414
537 1.29351450904503
538 1.294229262309009
539 1.294787215041472
540 1.295190453550564
541 1.295442930137846
542 1.295557290423017
543 1.295528281791835
544 1.295353306901199
545 1.295041247929416
546 1.294604612542209
547 1.29404892616925
548 1.293391032525006
549 1.292626810675476
550 1.291763609091858
551 1.29081531736557
552 1.289778820420005
553 1.28866463056206
554 1.287479249757244
555 1.286230345871477
556 1.284920336708934
557 1.283548673456855
558 1.282139238446054
559 1.28069448812419
560 1.279224141447821
561 1.277734978130163
562 1.276234478770221
563 1.274731504779741
564 1.273233153091888
565 1.271742060375731
566 1.270264474598631
567 1.26880546511979
568 1.267375439365718
569 1.265974254467459
570 1.264606586482073
571 1.263276472049533
572 1.261988066765069
573 1.26074466706628
574 1.259552596552952
575 1.258413060818791
576 1.257328387746001
577 1.256300431493126
578 1.255332307968362
579 1.254425799041202
580 1.253583279078613
581 1.252804930176431
582 1.252092940202426
583 1.251441893614603
584 1.250859284849226
585 1.250346252838496
586 1.249902835905343
587 1.24952960448215
588 1.249225369497126
589 1.248989867902816
590 1.248817867854842
591 1.248715017115039
592 1.248678383036481
593 1.248709476817487
594 1.248806305018271
595 1.248968654436547
596 1.249194332006395
597 1.249484606706967
598 1.249834155810053
599 1.25024128786018
600 1.250704829098339
601 1.251222209992388
602 1.251792789412453
603 1.252413561325953
604 1.253081831957184
605 1.253804642091225
606 1.254570753354607
607 1.255378223415394
608 1.256224598259695
609 1.257103178908863
610 1.258018134108432
611 1.258965681616865
612 1.259944148724154
613 1.260950470066583
614 1.261983307748076
615 1.263039448106167
616 1.264116456402413
617 1.265213864261278
618 1.26631682213058
619 1.267432683196412
620 1.268558488489905
621 1.269699836805797
622 1.270847295467111
623 1.271994728712746
624 1.273141095801605
625 1.274282989774408
626 1.275417820419372
627 1.276541386316699
628 1.277652822839313
629 1.278747756932964
630 1.279824443344759
631 1.280879364245541
632 1.281910290919772
633 1.282916469528645
634 1.283893353646522
635 1.284833500496466
636 1.285742804456756
637 1.286618008679907
638 1.287463298300415
639 1.288270306342684
640 1.28903824628887
641 1.289770083605283
642 1.29046011501328
643 1.291106561671468
644 1.291709005276946
645 1.292267124784487
646 1.292779478925632
647 1.29324569502423
648 1.293665628431835
649 1.294037934597335
650 1.294363617576127
651 1.294642934019548
652 1.294875821377475
653 1.295065073387151
654 1.295210039300374
655 1.295312627830573
656 1.295373445821183
657 1.295393914362284
658 1.29537516638092
659 1.295318704851018
660 1.295225674249625
661 1.295098222296906
662 1.294938005497988
663 1.294747740919312
664 1.294529573061241
665 1.294286320233581
666 1.294020430631559
667 1.293735019658471
668 1.293432825283492
669 1.293116120157996
670 1.292787882873095
671 1.292451318604249
672 1.292109660285235
673 1.291765898958543
674 1.291423151219416
675 1.291084065859461
676 1.290750204930243
677 1.290426395476975
678 1.290114878956653
679 1.289817562486119
680 1.289538488563874
681 1.289280277455604
682 1.289045474572548
683 1.288836411025354
684 1.288655105906293
685 1.288503411387214
686 1.288384768238473
687 1.288300687537952
688 1.288251889431739
689 1.288241218011113
690 1.288270868172506
691 1.288342121443478
692 1.288454668569776
693 1.288610134799994
694 1.288809781870022
695 1.28905434218336
696 1.28934425512397
697 1.289679060828805
698 1.290058987737102
699 1.290484709779062
700 1.29095595709788
701 1.291471951600189
702 1.29203275782037
703 1.292636404495779
704 1.29328252226382
705 1.293969995305487
706 1.294696942198248
707 1.2954623647169
708 1.296265299031853
709 1.297103360442125
710 1.297974569028833
711 1.298877043969483
712 1.299808286177578
713 1.300767221510279
714 1.301749824676436
715 1.302754086750127
716 1.303777380394547
717 1.304818083328295
718 1.305873171648893
719 1.306941248856115
720 1.308017833258408
721 1.309099599803869
722 1.310184356418181
723 1.311269592327866
724 1.312349323506899
725 1.31342503722194
726 1.314493105033638
727 1.315551095187116
728 1.316596848885079
729 1.317627830654885
730 1.318641167608838
731 1.319634760072977
732 1.32060646982686
733 1.321553351560042
734 1.32247388230384
735 1.323367255803966
736 1.324232282402936
737 1.32506751376436
738 1.325869210676033
739 1.326637128215441
740 1.327370041228265
741 1.328064622429475
742 1.32872142061456
743 1.3293402699273
744 1.32991797701846
745 1.330457326396424
746 1.330959933593485
747 1.331423891074339
748 1.331849447797208
749 1.332236100740122
750 1.332584676454835
751 1.332896125672282
752 1.333170557575039
753 1.333408546898278
754 1.333611633343987
755 1.3337797833421
756 1.333914962107546
757 1.334018040382242
758 1.334094930787489
759 1.33414252724403
760 1.334161464697817
761 1.334153953209498
762 1.334121771302201
763 1.334065547345137
764 1.333987288072284
765 1.33388733220596
766 1.33376855791181
767 1.333632336280406
768 1.333481540228855
769 1.333317660401973
770 1.333142619391141
771 1.332957519666882
772 1.332763941055261
773 1.332565079490054
774 1.332360710641816
775 1.332153722389667
776 1.331945953631977
777 1.331738503764987
778 1.331533414165314
779 1.331331371088069
780 1.331134458139391
781 1.330942998718296
782 1.330759680473666
783 1.330585355243572
784 1.330421412340459
785 1.330268181353891
786 1.330127747385584
787 1.330001382545105
788 1.32988993114222
789 1.329793569810207
790 1.329712828714969
791 1.329648433850447
792 1.329601770931178
793 1.329573687559917
794 1.329564349585495
795 1.329572963457897
796 1.329600948710096
797 1.329648264830371
798 1.329716014768038
799 1.329803142221585
800 1.329910531948598
801 1.330037491815584
802 1.330184038917045
803 1.330350804155181
804 1.330537630363781
805 1.330743072339593
806 1.330968015975139
807 1.331211868137698
808 1.331473793519955
809 1.331752905519668
810 1.33204951965578
811 1.332363858589081
812 1.332693934327542
813 1.333038644018373
814 1.333398025827161
815 1.333772001356204
816 1.334159648273641
817 1.334559514145228
818 1.334970343058144
819 1.335391593808438
820 1.335823102696367
821 1.336263637992317
822 1.336712030816789
823 1.337167271558491
824 1.337629410952724
825 1.338097041441038
826 1.338569003964806
827 1.339045689416327
828 1.339525264876438
829 1.340005950745202
830 1.340488051033611
831 1.34096998356195
832 1.341449808619222
833 1.341928695492277
834 1.342405484639028
835 1.342878940596871
836 1.343348680047356
837 1.343813678059583
838 1.344273947745447
839 1.344728296511846
840 1.345176509801002
841 1.345618649498185
842 1.346053013799891
843 1.346478831289461
844 1.346891036738304
845 1.347293650558834
846 1.347687327091763
847 1.348070508352598
848 1.348443105823442
849 1.34880503895876
850 1.349156483846944
851 1.349498636369727
852 1.349828093419079
853 1.350145882073033
854 1.350451190063152
855 1.350743978844676
856 1.3510238758546
857 1.351290986175168
858 1.351544360827449
859 1.351784536639962
860 1.352011904016904
861 1.352226123179899
862 1.352428501604471
863 1.352617679705611
864 1.352793993942903
865 1.352958536583703
866 1.353111036574496
867 1.353251999063177
868 1.353381820565485
869 1.353499680951552
870 1.353606766653061
871 1.353702936741133
872 1.353789020147306
873 1.353865707436811
874 1.353933322510851
875 1.35399153044782
876 1.354041338938709
877 1.354083010475916
878 1.354117090964869
879 1.354143840722334
880 1.354163684395465
881 1.354177315662133
882 1.354185309602061
883 1.354187994539294
884 1.354186153123991
885 1.354179875775899
886 1.35417027805988
887 1.354157280462772
888 1.354141345722549
889 1.354122396708353
890 1.354102113847299
891 1.354080139717934
892 1.354057534133085
893 1.35403417396607
894 1.354011289177033
895 1.353988898997279
896 1.353967239674172
897 1.353946750043171
898 1.353927898808492
899 1.353912801319696
900 1.353900042481519
901 1.353890362504872
902 1.353882904268626
903 1.353878886142602
904 1.353879346288125
905 1.353884053891171
906 1.353894123095304
907 1.353907987471769
908 1.35392678010457
909 1.353951208585809
910 1.35398147074149
911 1.354017551017085
912 1.354059047104092
913 1.35410652513374
914 1.354159632405308
915 1.354219176021227
916 1.354285470790156
917 1.354358324826148
918 1.354437375488457
919 1.354522969840048
920 1.354615460495208
921 1.35471452694828
922 1.354820050615792
923 1.35493205749162
924 1.35504982239319
925 1.355172526113067
926 1.355301707564842
927 1.355436945260078
928 1.355578190759723
929 1.355724979722388
930 1.355877384195886
931 1.356034702074241
932 1.356196479213794
933 1.356363943304704
934 1.356536902861777
935 1.356713633462614
936 1.356893162656652
937 1.357076681223958
938 1.357284307201895
939 1.357471918646763
940 1.357662439280229
941 1.357855067140362
942 1.358069474804232
943 1.358263256615522
944 1.358458196159669
945 1.358673312113219
946 1.358868565984198
947 1.359063650694989
948 1.359276704384482
949 1.359469994975899
950 1.359680282774921
951 1.359869619487171
952 1.360074919344571
953 1.360259887937682
954 1.360460018908241
955 1.360639421318643
956 1.360832566411962
957 1.361004831668849
958 1.36118953253318
959 1.361354163502833
960 1.36152999299494
961 1.361686739933599
962 1.361852813723721
963 1.361999551243696
964 1.362154695261813
965 1.36229015322923
966 1.362420815174871
967 1.362559312283455
968 1.362676881539739
969 1.362789149639525
970 1.362909245445881
971 1.363009419319095
972 1.363104412076341
973 1.363192917516654
974 1.363287184645592
975 1.363361561984481
976 1.36342969001074
977 1.36349112239569
978 1.363557401281461
979 1.363604052248832
980 1.363644560377436
981 1.363678881988295
982 1.363707676517991
983 1.363731095707102
984 1.363748291450462
985 1.363768357912083
986 1.363772793384185
987 1.363771357289494
988 1.363764022371258
989 1.363752445808725
990 1.363735158408052
991 1.363712710416842
992 1.363692349447387
993 1.363660625912486
994 1.363625991346646
995 1.363587500244349
996 1.363545171628827
997 1.363504297161351
998 1.363456878602821
999 1.363405966950078
1000 1.363352319556521
1001 1.363298423497578
1002 1.363239416222359
1003 1.363180043233157
1004 1.36312196469191
1005 1.363060865769787
1006 1.362999464964467
1007 1.362940084448842
1008 1.36287761054283
1009 1.362816543917609
1010 1.362754795864675
1011 1.36269514268319
1012 1.362638658911892
1013 1.362582013834512
1014 1.362528816402042
1015 1.362476559148379
1016 1.362427644989692
1017 1.362379979916467
1018 1.362336620177605
1019 1.362296027315451
1020 1.362255311494742
1021 1.362220412742647
1022 1.362185816609342
1023 1.362158525095261
1024 1.362138104476907
1025 1.362119049259942
1026 1.362106149810629
1027 1.362097349846968
1028 1.362089597666562
1029 1.362090397423652
1030 1.36209462918571
1031 1.362100076495852
1032 1.362113969628628
1033 1.362130084136122
1034 1.362148956329189
1035 1.362168076506417
1036 1.362198303492469
1037 1.362232168460584
1038 1.362264400266722
1039 1.362305071580259
1040 1.362349570709752
1041 1.362397881581905
1042 1.362442628438389
1043 1.362497874118005
1044 1.362555007898525
1045 1.362606440002742
1046 1.362669267724057
1047 1.36272682723321
1048 1.362796187168942
1049 1.36286761660684
1050 1.362931157616155
1051 1.363005927364305
1052 1.363072533589928
1053 1.363149974319939
1054 1.363218302084372
1055 1.363296169185981
1056 1.363364726962379
1057 1.363433283191291
1058 1.363510685002261
1059 1.363577341313627
1060 1.363644418607349
1061 1.363721042682193
1062 1.363786015194954
1063 1.363849936165057
1064 1.363920268940516
1065 1.363980431430911
1066 1.364037736141248
1067 1.364100436345759
1068 1.364153127716345
1069 1.364205681281359
1070 1.364259876503948
1071 1.364304105336628
1072 1.364350932657486
1073 1.364389235384574
1074 1.364424418196818
1075 1.364460269839723
1076 1.36448764350538
1077 1.3645144828423
1078 1.364533928098694
1079 1.364552493719975
1080 1.364563431832151
1081 1.364574002972435
1082 1.364576525725194
1083 1.364576850382537
1084 1.364571701631202
1085 1.36456410958347
1086 1.364550951046669
1087 1.364534008128212
1088 1.364512922162013
1089 1.364489029766485
1090 1.364461406564469
1091 1.364430131158632
1092 1.36439495680158
1093 1.36435554337331
1094 1.364312103549535
1095 1.364264296573431
1096 1.364213292699438
1097 1.36415901196316
1098 1.364103594201025
1099 1.36404526312639
1100 1.363982678423391
1101 1.363919819336231
1102 1.363854514834057
1103 1.363785259662632
1104 1.363715567688629
1105 1.363643719665403
1106 1.363568456742332
1107 1.363491982622794
1108 1.363414797458648
1109 1.363337282250221
1110 1.363256633995059
1111 1.363178131987087
1112 1.363099403979834
1113 1.363020545622071
1114 1.362938047525731
1115 1.36285881235803
1116 1.362779942826792
1117 1.362701347932227
1118 1.362624324631879
1119 1.362543763816677
1120 1.362466717076921
1121 1.362391428652973
1122 1.362317856490114
1123 1.362246665756538
1124 1.362173839196753
1125 1.362105834574542
1126 1.362039876804604
1127 1.361975677217696
1128 1.361911142111262
1129 1.361851130530564
1130 1.361794571878687
1131 1.361740374197652
1132 1.361688131015
1133 1.361635222564928
1134 1.361588034489117
1135 1.361544594135629
1136 1.3615012644437
1137 1.36146262841475
1138 1.361427093505201
1139 1.361394429262236
1140 1.361362904772153
1141 1.361334743859732
1142 1.361309704629231
1143 1.36128757429054
1144 1.361267524294012
1145 1.361249412479397
1146 1.361233601978702
1147 1.361220583401628
1148 1.361210441992721
1149 1.361201731930234
1150 1.361195551974703
1151 1.361191966938192
1152 1.361190371130731
1153 1.361188709087396
1154 1.361188977567169
1155 1.361192411891568
1156 1.361195927393386
1157 1.36120092611839
1158 1.361208073095285
1159 1.361213602565904
1160 1.361220669736283
1161 1.361232628965992
1162 1.361243292592832
1163 1.361253784638354
1164 1.361263546581155
1165 1.361274336361504
1166 1.361283423858773
1167 1.361291665237083
1168 1.36129953265807
1169 1.361307326294182
1170 1.361313036915214
1171 1.36131667193542
1172 1.361319039207329
1173 1.361321076212571
1174 1.361321710151374
1175 1.361319577980067
1176 1.361316013461143
1177 1.361310851955582
1178 1.361304156964016
1179 1.361294775599118
1180 1.361282036177109
1181 1.361267813669306
1182 1.361251674904427
1183 1.361233634720886
1184 1.361212255183009
1185 1.361185136262225
1186 1.361157146515745
1187 1.361127469336995
1188 1.361095381150803
1189 1.361061578787754
1190 1.361024216692079
1191 1.360984050990212
1192 1.360939939287672
1193 1.360894034057017
1194 1.360846068041747
1195 1.360794796536824
1196 1.360740700021935
1197 1.360684272988078
1198 1.360625737818387
1199 1.360563341644836
1200 1.360498568430679
1201 1.360432620558609
1202 1.360364852420317
1203 1.360295017926312
1204 1.360223131161543
1205 1.360149167637133
1206 1.360072817228375
1207 1.359994873984131
1208 1.359916886454909
1209 1.3598378041747
1210 1.359757445261906
1211 1.359675843774145
1212 1.3595933423251
1213 1.359510064902866
1214 1.359425521094313
1215 1.359340687843924
1216 1.359255932791482
1217 1.359170516463356
1218 1.35908503728772
1219 1.358999668297782
1220 1.358914874083706
1221 1.358830303630796
1222 1.358746603484433
1223 1.358663417149211
1224 1.358581470273798
1225 1.358499817645899
1226 1.35841829633834
1227 1.358338389642004
1228 1.358258944766275
1229 1.358180140968598
1230 1.358102946331682
1231 1.358026668403257
1232 1.357951487102846
1233 1.35787775187729
1234 1.35780521421738
1235 1.357735183555515
1236 1.357666416020098
1237 1.357598543964518
1238 1.357532499972424
1239 1.35746761370884
1240 1.357403878765564
1241 1.357341835499324
1242 1.357281410304043
1243 1.357222240000691
1244 1.35716451282683
1245 1.3571084861884
1246 1.357054077551404
1247 1.357000806218483
1248 1.356949398202496
1249 1.356899139876449
1250 1.356849977461233
1251 1.356801897685933
1252 1.356754783402152
1253 1.356708090309617
1254 1.356662278997639
1255 1.356617297815058
1256 1.35657215151193
1257 1.356528662165287
1258 1.356485443445479
1259 1.356443194776827
1260 1.356402048537172
1261 1.356361294706118
1262 1.356320408898786
1263 1.356278972712194
1264 1.35623704429903
1265 1.356194752863912
1266 1.356152747498416
1267 1.356110064661383
1268 1.356066768786081
1269 1.356022851722489
1270 1.355979066351211
1271 1.35593529685141
1272 1.355891789605161
1273 1.3558472575187
1274 1.355801984244761
1275 1.355755369207945
1276 1.355708813198407
1277 1.355661761646544
1278 1.355613703507016
1279 1.355564664361582
1280 1.355514831620779
1281 1.355463826973836
1282 1.355411330744346
1283 1.355357565617143
1284 1.355303453560675
1285 1.355247862719237
1286 1.355191059751135
1287 1.355132775493621
1288 1.355073512539589
1289 1.355013102853406
1290 1.354952588576979
1291 1.354890736439123
1292 1.354826553021752
1293 1.354761522504177
1294 1.35469524307101
1295 1.354628936482571
1296 1.35456061780258
1297 1.354493867496815
1298 1.354424540598667
1299 1.354354620934584
1300 1.354283549797707
1301 1.354212165810013
1302 1.354139635216021
1303 1.354065704968735
1304 1.353990319850998
1305 1.353913897788549
1306 1.353836687014011
1307 1.35375918345847
1308 1.353680704213598
1309 1.353601063497101
1310 1.353520418671568
1311 1.353439402437218
1312 1.353358105878816
1313 1.353275439628246
1314 1.35319228032872
1315 1.353107353197574
1316 1.353023558173625
1317 1.35293976415823
1318 1.352855586822381
1319 1.352770386464286
1320 1.352685321384135
1321 1.352600249970467
1322 1.352515151432699
1323 1.352429350163031
1324 1.352343472188106
1325 1.352257501432048
1326 1.352170812849957
1327 1.352082902499092
1328 1.351996413082792
1329 1.351911010803937
1330 1.351825120360973
1331 1.351739205757018
1332 1.351653031866987
1333 1.351567295123061
1334 1.35148195571336
1335 1.351396259642417
1336 1.351311095550277
1337 1.351226246034122
1338 1.351141476024732
1339 1.351056797648712
1340 1.350971549703143
1341 1.350886622411744
1342 1.350802296902039
1343 1.350718988049678
1344 1.350635324094618
1345 1.350551263842685
1346 1.350467609222599
1347 1.350385267855341
1348 1.350303519017101
1349 1.350221808130704
1350 1.350140304882332
1351 1.350058819734249
1352 1.349977725528454
1353 1.349897257048379
1354 1.349818024369485
1355 1.349738927103366
1356 1.349660293267933
1357 1.349582310890961
1358 1.349504299131481
1359 1.349426705375498
1360 1.349348108618729
1361 1.349270275907313
1362 1.349192586703289
1363 1.349115107974488
1364 1.349038161035485
1365 1.348962122228102
1366 1.348887939662948
1367 1.348813811697988
1368 1.34873921138402
1369 1.34866518552647
1370 1.348592905045946
1371 1.348520676309536
1372 1.348448550508468
1373 1.348376581162521
1374 1.34830447820796
1375 1.34823317724845
1376 1.348162274442112
1377 1.348091122341806
1378 1.348019636061199
1379 1.347948813245415
1380 1.347878868263275
1381 1.347808849217613
1382 1.347738599272899
1383 1.347668323598168
1384 1.3475982586105
1385 1.347527097772432
1386 1.347456631988448
1387 1.347386747231968
1388 1.347316476282872
1389 1.347245914028369
1390 1.347175050137153
1391 1.34710378010099
1392 1.347033094266491
1393 1.346961851684533
1394 1.346889774190162
1395 1.346817011760862
1396 1.346744301821374
1397 1.346671553510809
1398 1.346598629470958
1399 1.346525112597333
1400 1.346451662918652
1401 1.346376568859363
1402 1.346300849712556
1403 1.346225401633564
1404 1.346149313831145
1405 1.34607377869467
1406 1.345997840125117
1407 1.345919484888466
1408 1.345840619660486
1409 1.345761437798594
1410 1.345682855625896
1411 1.345602485911556
1412 1.345522052819008
1413 1.345441235737202
1414 1.345360090323615
1415 1.345277941123186
1416 1.345195871803129
1417 1.345110996524062
1418 1.345026295807613
1419 1.344940457366526
1420 1.344854330938911
1421 1.344767440048851
1422 1.344680728699192
1423 1.344584521887641
1424 1.344497966528974
1425 1.344410298562457
1426 1.344321904034769
1427 1.34423349296913
1428 1.344145320115002
1429 1.344049037441382
1430 1.34396128804615
1431 1.343872746979596
1432 1.343783736973073
1433 1.343686436154171
1434 1.343598507600731
1435 1.34350912415879
1436 1.343419460417467
1437 1.343320981741829
1438 1.343231836581625
1439 1.343142716459012
1440 1.343043982955352
1441 1.342953832104201
1442 1.342864405606236
1443 1.342766014458184
1444 1.342676737614258
1445 1.342578363021513
1446 1.342488532986011
1447 1.342390080839917
1448 1.342300939574667
1449 1.342202929298299
1450 1.342114681868512
1451 1.342016273275563
1452 1.341927343800222
1453 1.341830720472133
1454 1.341741873534471
1455 1.341645495325717
1456 1.341557974854676
1457 1.341461585714078
1458 1.341365821867595
1459 1.34127861237024
1460 1.341183486354911
1461 1.341088925853361
1462 1.341002637344336
1463 1.34090814569496
1464 1.340814274856629
1465 1.340727785247281
1466 1.340633861903664
1467 1.340541289822338
1468 1.340449502665491
1469 1.340357516599819
1470 1.340265763349835
1471 1.340174757344506
1472 1.340085465858235
1473 1.339996072774858
1474 1.339906846294742
1475 1.339818538300432
1476 1.339730231905435
1477 1.339642957313816
1478 1.339554544191663
1479 1.339465316274873
1480 1.339376300749177
1481 1.339288277582199
1482 1.339200449456332
1483 1.339112267294096
1484 1.339024190789972
1485 1.338935323940332
1486 1.338846571128767
1487 1.338758654183995
1488 1.338669468080091
1489 1.338580429636265
1490 1.33849082545532
1491 1.33839999955349
1492 1.338310205328591
1493 1.338220562965859
1494 1.33813108402687
1495 1.338041547195098
1496 1.337951555110525
1497 1.337861247123625
1498 1.33777143096113
1499 1.337681838522212
1500 1.337591604207996
1501 1.337500333217077
1502 1.337408358246802
1503 1.337316351193814
1504 1.337224902282542
1505 1.3371332979978
1506 1.337043120930278
1507 1.336951900350166
1508 1.336859961361726
1509 1.33676734274345
1510 1.336674535375691
1511 1.336580928550066
1512 1.336487299175635
1513 1.336392326903238
1514 1.336296424976314
1515 1.33619995819527
1516 1.33610382979323
1517 1.336006829791075
1518 1.335909380344249
1519 1.335811086020859
1520 1.335712307791969
1521 1.335613670021359
1522 1.335515311840764
1523 1.33541533961286
1524 1.335315279874239
1525 1.33521400836927
1526 1.335112219389794
1527 1.335010433843301
1528 1.334908582077793
1529 1.334806150655241
1530 1.334703329411354
1531 1.334599866515869
1532 1.334496687511897
1533 1.334393086184234
1534 1.334289074081816
1535 1.334183997125364
1536 1.334079653846351
1537 1.333974843652521
1538 1.333870198726911
1539 1.333764902846496
1540 1.33365991918031
1541 1.333554544632222
1542 1.333449107703421
1543 1.333343828531318
1544 1.333238353287737
1545 1.333132758876411
1546 1.333026615957794
1547 1.332920245758423
1548 1.332813852160212
1549 1.332707772149779
1550 1.332602638303093
1551 1.332495502322259
1552 1.332389043636872
1553 1.332282291981425
1554 1.332176037988598
1555 1.332069871988119
1556 1.331964288928774
1557 1.331857405344592
1558 1.331750847002307
1559 1.331644361223404
1560 1.331538017394041
1561 1.331431725572251
1562 1.331325091585931
1563 1.33121859261641
1564 1.331112101017637
1565 1.331005355966223
1566 1.330898531103577
1567 1.330791819039922
1568 1.33068494036686
1569 1.330577988408347
1570 1.330471174009014
1571 1.330364821477324
1572 1.330258117403054
1573 1.330151905005983
1574 1.330045336272564
1575 1.329938711553959
1576 1.329832190541678
1577 1.329725397067496
1578 1.329618608823189
1579 1.329512083733212
1580 1.32940549406256
1581 1.329298225793919
1582 1.329190476134896
1583 1.32908265808025
1584 1.328974985570556
1585 1.328867400568552
1586 1.328760051756198
1587 1.32865286552109
1588 1.328545802849903
1589 1.328438885083256
1590 1.328332009354505
1591 1.328225053987203
1592 1.32811816739492
1593 1.328011427968455
1594 1.32790508324627
1595 1.327798516142725
1596 1.327692124218044
1597 1.327585139753916
1598 1.327478354562912
1599 1.327371564383634
1600 1.327264597145451
1601 1.327157104519563
1602 1.327049459990435
1603 1.326941794545127
1604 1.326834232179057
1605 1.326726443189025
1606 1.326618042967903
1607 1.326509639042892
1608 1.326400400868681
1609 1.326290910216574
1610 1.326181434585874
1611 1.32607194955524
1612 1.32596256045704
1613 1.325852473950057
1614 1.325742316248388
1615 1.325635271406736
1616 1.32552758365565
1617 1.325419580248683
1618 1.325310667577867
1619 1.325201015667797
1620 1.325090028099772
1621 1.324978317054565
1622 1.324866578120719
1623 1.324754129322973
1624 1.324640996837557
1625 1.324526874303676
1626 1.324412465875308
1627 1.324298110212683
1628 1.324183066145648
1629 1.324067682021537
1630 1.323952027545453
1631 1.323836562346192
1632 1.323720733347111
1633 1.323604601893214
1634 1.323488290253632
1635 1.323371957424517
1636 1.323255361632211
1637 1.323138859525841
1638 1.323022228365944
1639 1.322905881089735
1640 1.322802907451968
1641 1.322682736153806
1642 1.322563226538084
1643 1.322444295796452
1644 1.322325812307884
1645 1.322221857541178
1646 1.322101348751695
1647 1.321981724486231
1648 1.321877390920711
1649 1.321753451545602
1650 1.321631093992407
1651 1.321521671707436
1652 1.321398135903498
1653 1.321275766988082
1654 1.321166779815091
1655 1.321043926807556
1656 1.320922552676302
1657 1.320813571152034
1658 1.320690998737991
1659 1.320582280264042
1660 1.320460515188628
1661 1.320352134022424
1662 1.32023007560397
1663 1.320120949859997
1664 1.319998307278508
1665 1.319889023406077
1666 1.319766685294682
1667 1.319644040142016
1668 1.319534658579747
1669 1.319412263454965
1670 1.31930242254287
1671 1.319179979695912
1672 1.319058865739352
1673 1.318950856630488
1674 1.318828670320225
1675 1.31870769189523
1676 1.318599312177644
1677 1.318476350594776
1678 1.318354612398748
1679 1.318245677714532
1680 1.318122634205647
1681 1.317999947638405
1682 1.3178907536365
1683 1.317766602344518
1684 1.317656694022879
1685 1.317532313666198
1686 1.317408751608575
1687 1.317298016370153
1688 1.317171519888421
1689 1.317058673934701
1690 1.316931008358255
1691 1.316805046338293
1692 1.316693023422587
1693 1.316565168937369
1694 1.3164386662489
1695 1.31631250268124
1696 1.316186992414915
1697 1.316062278928194
1698 1.315937209041768
1699 1.315812871939774
1700 1.315689341532336
1701 1.315567354131584
1702 1.315446112234661
1703 1.315324079875013
1704 1.31520262682852
1705 1.315080697768768
1706 1.314958921303666
1707 1.314835583212688
1708 1.314711637187386
1709 1.314587830124544
1710 1.314463068440358
1711 1.314338361757493
1712 1.314214013380155
1713 1.314089698077789
1714 1.313965721170837
1715 1.313841668157145
1716 1.313718405851726
1717 1.313593042604244
1718 1.313467179893658
1719 1.313341279654785
1720 1.313229685666266
1721 1.313102067225965
1722 1.312974154253446
1723 1.31286043433804
1724 1.312729486747966
1725 1.312613960054429
1726 1.312480812102929
1727 1.312363091220011
1728 1.31222779700152
1729 1.312109051344023
1730 1.311972650181462
1731 1.311853854854884
1732 1.311733410501942
1733 1.311595681825199
1734 1.311473813728685
1735 1.311350976648413
1736 1.311210980696371
1737 1.311088089406415
1738 1.31096461596034
1739 1.310822683685093
1740 1.310699185060467
1741 1.31057526808182
1742 1.310434010095018
1743 1.310310151509377
1744 1.310184860900936
1745 1.310058971491245
1746 1.309914276033766
1747 1.3097884419488
1748 1.309661530426955
1749 1.309534292789526
1750 1.309390372057284
1751 1.309265073296294
1752 1.309138716846513
1753 1.308997058555448
1754 1.308872632141873
1755 1.308747387375777
1756 1.308603980129389
1757 1.30847854369682
1758 1.308351935171825
1759 1.308209354164839
1760 1.30808373433499
1761 1.307958351742607
1762 1.307831872656449
1763 1.307687735230535
1764 1.307562002164874
1765 1.30743568536855
1766 1.307308319775521
1767 1.307180331663137
1768 1.307032455513808
1769 1.306905376732498
1770 1.306776415375296
1771 1.306647527193596
1772 1.306499604364312
1773 1.306373135683784
1774 1.306245522456074
1775 1.306117373152435
1776 1.305989438102341
1777 1.30585967693085
1778 1.305707213496662
1779 1.305576581919778
1780 1.30544486681988
1781 1.305312609059062
1782 1.305179593499085
1783 1.305027435398594
1784 1.304895641300327
1785 1.30476399801706
1786 1.304631796465201
1787 1.30449971217921
1788 1.304348321708565
1789 1.304217616809559
1790 1.304085547903821
1791 1.303953127749393
1792 1.303819846358905
1793 1.303668465218374
1794 1.303536237162218
1795 1.303403809495058
1796 1.303270449379593
1797 1.30311919596038
1798 1.302988088521073
1799 1.302856332877723
1800 1.302723377529946
1801 1.302589482823883
1802 1.302435432393589
1803 1.302302341590783
1804 1.302168033661748
1805 1.302033449120338
1806 1.301897929129262
1807 1.301761771342782
1808 1.301605525285557
1809 1.301471631198764
1810 1.301335892316382
1811 1.301200230674547
1812 1.301062706913971
1813 1.300923314931083
1814 1.300763260212188
1815 1.300625605737062
1816 1.300485911914864
1817 1.300346687384606
1818 1.30020721901679
1819 1.300068210009652
1820 1.299928261787586
1821 1.299787987778843
1822 1.299626946216223
1823 1.299488999588561
1824 1.299349409394943
1825 1.299208980544681
1826 1.299067138965476
1827 1.298925626073237
1828 1.298782145862486
1829 1.298619914107259
1830 1.298479197014974
1831 1.298339133735415
1832 1.298199427557106
1833 1.298058723877916
1834 1.297898440934266
1835 1.297760253888425
1836 1.297620625809363
1837 1.297480803276002
1838 1.297340681015858
1839 1.297182109194542
1840 1.29704398039355
1841 1.296905842504448
1842 1.296766214885155
1843 1.296627131891252
1844 1.296487286433848
1845 1.296327672796396
1846 1.29618881968816
1847 1.296049324563044
1848 1.295909061935321
1849 1.295769330584165
1850 1.295608939146696
1851 1.29547073310478
1852 1.295331459581491
1853 1.2951920924252
1854 1.295032130651155
1855 1.294894470701367
1856 1.294755423693914
1857 1.294616061759164
1858 1.294455749133055
1859 1.294317255568774
1860 1.294177014967682
1861 1.294035516776215
1862 1.293893371742959
1863 1.293732841086606
1864 1.293593100512431
1865 1.293452876550998
1866 1.293311507220508
1867 1.293149977192528
1868 1.293010158086174
1869 1.292869735060501
1870 1.292708157327792
1871 1.292567276279387
1872 1.292425416544695
1873 1.292264004792884
1874 1.292123232885662
1875 1.291963240942637
1876 1.291824294963303
1877 1.291665568564608
1878 1.291527073400566
1879 1.29138792534188
1880 1.29122825578714
1881 1.291088514570436
1882 1.290928593983359
1883 1.290787807174868
1884 1.290627839990078
1885 1.290487587774627
1886 1.290346280532486
1887 1.290183325489973
1888 1.290041352714163
1889 1.289877079000406
1890 1.289734326024229
1891 1.28958964930171
1892 1.289423796780483
1893 1.289278669918722
1894 1.289112194693899
1895 1.288966606143417
1896 1.288819566748007
1897 1.288651320266561
1898 1.288504632124828
1899 1.288337231489957
1900 1.288190672206248
1901 1.288022564802465
1902 1.287876236013734
1903 1.287708635563425
1904 1.287561681584714
1905 1.287392658339974
1906 1.287244554714614
1907 1.287075678617561
1908 1.286908325977618
1909 1.286761900263044
1910 1.286594893074181
1911 1.286429482542115
1912 1.286283777285926
1913 1.286118641171062
1914 1.285953586611562
1915 1.285789506449137
1916 1.285626934253008
1917 1.285483236407973
1918 1.285320162728222
1919 1.285157345539038
1920 1.284995691913255
1921 1.284834742972735
1922 1.284674866140858
1923 1.284514664444069
1924 1.284354725761768
1925 1.284195207252723
1926 1.284035549166575
1927 1.283876329356335
1928 1.283717541976336
1929 1.283558845539004
1930 1.283400271137845
1931 1.283241905893035
1932 1.283083189239259
1933 1.282924604402444
1934 1.282765301092691
1935 1.282606323133986
1936 1.282447342172882
1937 1.282287934221464
1938 1.282129128201003
1939 1.281970599248607
1940 1.281811860560873
1941 1.281652086669657
1942 1.281492850028906
1943 1.281334057397075
1944 1.281174138608494
1945 1.281013896126842
1946 1.280854443818709
1947 1.280694200090688
1948 1.280533523739126
1949 1.280372797373222
1950 1.280211455144052
1951 1.280048960230121
1952 1.279887498484442
1953 1.279726292600177
1954 1.279565188469301
1955 1.279404403238084
1956 1.279243593062628
1957 1.279082630500828
1958 1.278921975338035
1959 1.278759605128295
1960 1.278597296794812
1961 1.278434330180054
1962 1.278272044675609
1963 1.278108827777244
1964 1.277944565977636
1965 1.277780042679863
1966 1.277614328751618
1967 1.277449127425881
1968 1.277283643555514
1969 1.277118355166633
1970 1.276953298195092
1971 1.276788907388863
1972 1.276622337590436
1973 1.276455701479005
1974 1.276289565452884
1975 1.276122374448461
1976 1.275954835961726
1977 1.275787318715756
1978 1.275620870521632
1979 1.275452116742176
1980 1.275282910202322
1981 1.275112599883725
1982 1.274942691990917
1983 1.274773059084527
1984 1.27460267882808
1985 1.274431549102943
1986 1.274259863403437
1987 1.274088667401994
1988 1.273917255806132
1989 1.273746283079677
1990 1.273575394853925
1991 1.273404648153217
1992 1.273233570160408
1993 1.27306149518753
1994 1.272888156219033
1995 1.272714215491521
1996 1.272540988339223
1997 1.272366690733873
1998 1.272191688140929
1999 1.272017058703927
2000 1.27184196198627
2001 1.271666952821392
2002 1.2714927106345
2003 1.271318488817967
2004 1.271143954130326
2005 1.27096877590247
2006 1.270793718155728
2007 1.270618513846958
2008 1.270443420299743
2009 1.270267849110314
2010 1.27009194164111
2011 1.269915224525739
2012 1.269738183436024
2013 1.269561467051686
2014 1.269383141294481
2015 1.269205220004118
2016 1.269027217909307
2017 1.268849424126518
2018 1.268671975735326
2019 1.268494590367293
2020 1.268316763802515
2021 1.268139185122746
2022 1.267961186944383
2023 1.267782269431656
2024 1.267603443809805
2025 1.267425063681042
2026 1.267245661722903
2027 1.26706491344121
2028 1.266884316174458
2029 1.266703974063823
2030 1.266524008418481
2031 1.26634259078335
2032 1.266161241225605
2033 1.265980431117637
2034 1.265799317052511
2035 1.265618439395672
2036 1.265437262550502
2037 1.265256633447305
2038 1.265077158241039
2039 1.264898063403829
2040 1.264718230553832
2041 1.26453814087096
2042 1.264357901662109
2043 1.264177327195185
2044 1.263996353682688
2045 1.263815456768697
2046 1.263634364814362
2047 1.263452813381933
2048 1.263270160364376
2049 1.263088107178906
2050 1.262906096913854
2051 1.262723731642576
2052 1.26254100901077
2053 1.262358218737443
2054 1.262175004949096
2055 1.26199210887438
2056 1.261808170102012
2057 1.261624011995876
2058 1.261438866433037
2059 1.261254116100571
2060 1.261068721415338
2061 1.260882936603271
2062 1.260695914351921
2063 1.260507168980033
2064 1.260317934270717
2065 1.260128227387276
2066 1.259939620397949
2067 1.259750357890295
2068 1.259561089146805
2069 1.259371457037825
2070 1.259181815193817
2071 1.258991870082249
2072 1.258801383932429
2073 1.258610807901857
2074 1.258420211029178
2075 1.25822838714854
2076 1.258036631416965
2077 1.257844645984892
2078 1.257651948981897
2079 1.257459050358864
2080 1.257265208877671
2081 1.257071401054742
2082 1.256877864700818
2083 1.256684732527436
2084 1.256491395544415
2085 1.256297176742665
2086 1.256103370195559
2087 1.255909879935507
2088 1.255715825835995
2089 1.255518389837076
2090 1.255320597464085
2091 1.255122747274313
2092 1.254925773864838
2093 1.254728342552444
2094 1.254529741441617
2095 1.254330680039224
2096 1.254131060857639
2097 1.253931661454624
2098 1.25373304235595
2099 1.253533878916898
2100 1.253335029629211
2101 1.253136097908874
2102 1.252937829144286
2103 1.252740129944538
2104 1.252541297550248
2105 1.252342733420639
2106 1.252144313481217
2107 1.251945772729428
2108 1.251747063278951
2109 1.251548410339174
2110 1.251348593348498
2111 1.251149203646072
2112 1.250949300088957
2113 1.250749805345126
2114 1.250550125298565
2115 1.250350669572978
2116 1.250151135093896
2117 1.249950604547284
2118 1.249750248554323
2119 1.249549132724557
2120 1.249346379925123
2121 1.249143439376581
2122 1.24893972784606
2123 1.248737758919816
2124 1.248536602271373
2125 1.248335318546124
2126 1.248132981843654
2127 1.247930920206951
2128 1.247726345887023
2129 1.247521486072042
2130 1.247316458710481
2131 1.247110647956006
2132 1.246904017304151
2133 1.246697151647051
2134 1.246490392654102
2135 1.246286691665931
2136 1.246081521079584
2137 1.245875287936471
2138 1.245668541158482
2139 1.245460612660433
2140 1.245251760096934
2141 1.245068985144149
2142 1.244855207587957
2143 1.244641733213093
2144 1.24442690059475
2145 1.244212266820022
2146 1.244024772538856
2147 1.24380678556813
2148 1.243588831519893
2149 1.243370790493169
2150 1.243181255349021
2151 1.242960585180331
2152 1.242739158532858
2153 1.24254732649713
2154 1.242321276342957
2155 1.242096138763493
2156 1.241901876203448
2157 1.241673622109471
2158 1.241445581121859
2159 1.241249028400748
2160 1.241019142143879
2161 1.240790741653759
2162 1.240592498620018
2163 1.240362072580437
2164 1.240133836786401
2165 1.239936534690311
2166 1.239705783077195
2167 1.239477409330736
2168 1.23927963984365
2169 1.239047075264135
2170 1.238846827845769
2171 1.238613036022475
2172 1.238412896237617
2173 1.238176590032207
2174 1.237942960628353
2175 1.237741556047633
2176 1.237506787085731
2177 1.23730452790864
2178 1.237069964565674
2179 1.2368362110628
2180 1.236634339408691
2181 1.236398230335173
2182 1.236195584818379
2183 1.235957739561818
2184 1.235722813446456
2185 1.235521582067318
2186 1.235284732772684
2187 1.235049703030861
2188 1.234847929771765
2189 1.234611530902074
2190 1.234407764897031
2191 1.234169487343636
2192 1.233964833349868
2193 1.233724604426818
2194 1.233486245114067
2195 1.233280142731399
2196 1.23304022150849
2197 1.23283407336318
2198 1.232593691483277
2199 1.232388537085253
2200 1.232147293235351
2201 1.231940161295893
2202 1.231697301981658
2203 1.231489250143551
2204 1.231245861773374
2205 1.231037626103624
2206 1.23079204275237
2207 1.230581511431667
2208 1.230333353416657
2209 1.230118627345983
2210 1.229869576951245
2211 1.229654120265186
2212 1.229405842489
2213 1.229159832917476
2214 1.228946523954013
2215 1.228701765689277
2216 1.228456976583106
2217 1.228214309823646
2218 1.227972347992731
2219 1.2277323870952
2220 1.227494162422381
2221 1.227257421790067
2222 1.227021339712276
2223 1.226785454772145
2224 1.226553639122821
2225 1.226322644944474
2226 1.226092166841581
2227 1.225862184884481
2228 1.225631394577624
2229 1.225401022096099
2230 1.225170586473026
2231 1.224939829688132
2232 1.224708505790549
2233 1.224476582867353
2234 1.224244288951676
2235 1.224011940949288
2236 1.223778885293749
2237 1.223544655557216
2238 1.223308844503166
2239 1.223073513499011
2240 1.222838196579056
2241 1.222600206634885
2242 1.222362682629838
2243 1.222124327662979
2244 1.221885889855287
2245 1.221677296405352
2246 1.221433654201975
2247 1.221189747643127
2248 1.22097763653645
2249 1.22072805151249
2250 1.220479455353434
2251 1.220229797044956
2252 1.219980339349112
2253 1.219729795079395
2254 1.219479699755032
2255 1.219231181678726
2256 1.218982148077951
2257 1.218733046344305
2258 1.218484399812358
2259 1.218236680406532
2260 1.217989260481104
2261 1.217742128271659
2262 1.21749439096574
2263 1.217245896285265
2264 1.216998143998059
2265 1.216751057416068
2266 1.216502898306278
2267 1.21625464725092
2268 1.216006221567209
2269 1.215755947912146
2270 1.215507480202676
2271 1.215258775930229
2272 1.21500956460083
2273 1.214759510098664
2274 1.21451012768106
2275 1.214261141075424
2276 1.214011293751583
2277 1.213762291934725
2278 1.213511600847252
2279 1.213261246112138
2280 1.213010941938383
2281 1.212760551108317
2282 1.21250963344913
2283 1.212258836631632
2284 1.212005802801342
2285 1.211753266397932
2286 1.21150126673186
2287 1.211248845258235
2288 1.210995553674925
2289 1.210742407965257
2290 1.210488297810747
2291 1.2102342549343
2292 1.209979790970106
2293 1.209726115897307
2294 1.209469959228606
2295 1.209214341258551
2296 1.208957806375686
2297 1.208702070883252
2298 1.208445882327716
2299 1.208188777401545
2300 1.207963083646857
2301 1.207702115141548
2302 1.207474685707106
2303 1.207209394869132
2304 1.20697850295919
2305 1.206707663394043
2306 1.206437468733761
2307 1.206203815656572
2308 1.205930250154828
2309 1.205694603159213
2310 1.205417633873817
2311 1.205180315159395
2312 1.204901829855807
2313 1.204626377198229
2314 1.204350293144683
2315 1.204076611719331
2316 1.203836720680038
2317 1.203558978906744
2318 1.203283120793104
2319 1.20300879947153
2320 1.202768972004345
2321 1.202493051243854
2322 1.202217518993795
2323 1.20197770233182
2324 1.201699182934289
2325 1.201422357122515
2326 1.201180362532595
2327 1.200900985731764
2328 1.200621345730903
2329 1.200378619610691
2330 1.200095567472905
2331 1.19985009260221
2332 1.199564720019993
2333 1.199283111840406
2334 1.199000511160111
2335 1.198719710363928
2336 1.198439555878037
2337 1.198161923484771
2338 1.19788394816161
2339 1.197608711228362
2340 1.197333088578233
2341 1.197058689674993
2342 1.19678431308198
2343 1.19651138309387
2344 1.196238598965657
2345 1.195966368376372
2346 1.195693022788328
2347 1.195451695432901
2348 1.19517324645551
2349 1.194896783347564
2350 1.194619977986334
2351 1.194343668284115
2352 1.194065924194488
2353 1.193789239784588
2354 1.193512785297528
2355 1.193237689492855
2356 1.192962339735276
2357 1.192686848059578
2358 1.192411010521569
2359 1.19213562079576
2360 1.191859914093407
2361 1.191585522567062
2362 1.191309392729578
2363 1.191025959402646
2364 1.190742966224701
2365 1.190460577086064
2366 1.190177535501065
2367 1.189896208200285
2368 1.189620872050908
2369 1.189344809558823
2370 1.189068453781993
2371 1.188792241159831
2372 1.18851467378831
2373 1.188236931998518
2374 1.187958088140589
2375 1.187680106585142
2376 1.18740074173774
2377 1.187120921776475
2378 1.186839798272144
2379 1.186559919846832
2380 1.186279419014243
2381 1.185997396799899
2382 1.185713981614238
2383 1.18543088294029
2384 1.185146970183896
2385 1.184863437322629
2386 1.184578825369735
2387 1.184294302540947
2388 1.184008392294933
2389 1.183722805994878
2390 1.183436089448812
2391 1.183149335595809
2392 1.182859926239935
2393 1.182570338284952
2394 1.182280551045825
2395 1.181990983079253
2396 1.181700037675082
2397 1.181409740202357
2398 1.181118415574501
2399 1.180827684362958
2400 1.1805365747499
2401 1.180245820306964
2402 1.179953691545407
2403 1.179662378777406
2404 1.179370180086126
2405 1.179078755886447
2406 1.178787592154919
2407 1.178495694312181
2408 1.178203139273416
2409 1.177912752788839
2410 1.1776219716373
2411 1.177330837973907
2412 1.177039287805778
2413 1.176748664247756
2414 1.176457954217409
2415 1.176169114698124
2416 1.175879165512688
2417 1.175589444843326
2418 1.17529937528962
2419 1.175010760657181
2420 1.174721205667172
2421 1.174432756129325
2422 1.174141772311168
2423 1.173851648695445
2424 1.173561713602196
2425 1.173273198503545
2426 1.172983191819665
2427 1.172693429381341
2428 1.17240289859801
2429 1.172114107709311
2430 1.171824326979791
2431 1.171534465486713
2432 1.171243373575468
2433 1.170952865900802
2434 1.170661424217899
2435 1.170370655701449
2436 1.170078040924308
2437 1.169785679344054
2438 1.169491874740001
2439 1.169199337632882
2440 1.168906476772108
2441 1.168614765526818
2442 1.168322953073618
2443 1.168030741522198
2444 1.16773733875939
2445 1.167444641745041
2446 1.167151512173346
2447 1.166858858761093
2448 1.166565381229428
2449 1.166272341519065
2450 1.165978430693848
2451 1.165685830293971
2452 1.165392317188391
2453 1.165097629336162
2454 1.164802201945349
2455 1.164508386237907
2456 1.164213275974734
2457 1.163917648263323
2458 1.163621408131111
2459 1.163326185817253
2460 1.163030640503229
2461 1.162736682454961
2462 1.162440871738358
2463 1.162146322584938
2464 1.161851016228586
2465 1.161556363487379
2466 1.161260506363344
2467 1.160965932484177
2468 1.160668559864654
2469 1.160371660912878
2470 1.160074702648376
2471 1.159777856936351
2472 1.159480362722647
2473 1.159183327620701
2474 1.158886156714546
2475 1.158588826152892
2476 1.15829137746815
2477 1.157994834852806
2478 1.157697100508024
2479 1.157399967473736
2480 1.157101638811142
2481 1.156797718542445
2482 1.156494256252564
2483 1.156189947535426
2484 1.155888752946439
2485 1.1555896807407
2486 1.15529058751848
2487 1.154991287776872
2488 1.154691444834503
2489 1.154392683684601
2490 1.15409301640821
2491 1.153795466057308
2492 1.153496242719377
2493 1.153197661745625
2494 1.152898534948308
2495 1.15260033209602
2496 1.152301599810621
2497 1.152005295117473
2498 1.151707574656999
2499 1.151410382556827
2500 1.151112302101111
2501 1.150815479035378
2502 1.150517907115038
2503 1.150220864254453
2504 1.149921478863439
2505 1.149621916475945
2506 1.149321806692139
2507 1.149023019456239
2508 1.148723758577283
2509 1.148425629641599
2510 1.148125790967127
2511 1.147826462146557
2512 1.147526086821944
2513 1.147226322486229
2514 1.146924316753295
2515 1.146622397501408
2516 1.146320321368329
2517 1.146019623975282
2518 1.145716656092922
2519 1.145414462521695
2520 1.145111793859134
2521 1.144810323533885
2522 1.144508882914973
2523 1.144206803264619
2524 1.143903458678201
2525 1.143601541696052
2526 1.143298641332934
2527 1.142996712184792
2528 1.142694273729197
2529 1.142391765168709
2530 1.14208858134034
2531 1.141787571520706
2532 1.141485013839118
2533 1.141182493976334
2534 1.140879408046381
2535 1.140577265865293
2536 1.140275167794462
2537 1.139974394200021
2538 1.139671706418755
2539 1.139370255655832
2540 1.13906793630491
2541 1.138766382736852
2542 1.13846493901331
2543 1.138163240958305
2544 1.137859781688927
2545 1.137557166789827
2546 1.137255916440835
2547 1.13695372373901
2548 1.136650751472302
2549 1.13634823974713
2550 1.136045704504169
2551 1.13574389478129
2552 1.135441249685051
2553 1.135139125086651
2554 1.134836557712003
2555 1.134533973551994
2556 1.134230482344633
2557 1.13392781403697
2558 1.13362387425498
2559 1.133320170774191
2560 1.133016086134951
2561 1.132713673179381
2562 1.132411103986995
2563 1.132107792547623
2564 1.13180377491683
2565 1.131500782291438
2566 1.131197288781253
2567 1.13089499032009
2568 1.130591652774763
2569 1.130289258498718
2570 1.129985805567357
2571 1.129683099375558
2572 1.129380344875292
2573 1.129078046989426
2574 1.128773853355734
2575 1.128470455570921
2576 1.128168358354541
2577 1.1278660948361
2578 1.127563600911662
2579 1.127261565571044
2580 1.126959860221221
2581 1.126659094378557
2582 1.126357548717032
2583 1.126056784426152
2584 1.125756217697677
2585 1.125455294555076
2586 1.125150491990234
2587 1.124850928485948
2588 1.124550645414693
2589 1.12425076277224
2590 1.123952150474284
2591 1.123654066317084
2592 1.123356371061307
2593 1.123059149860993
2594 1.122760445234378
2595 1.122462423747534
2596 1.122165340177153
2597 1.121869302288402
2598 1.121573091170917
2599 1.121277207500285
2600 1.120981715570482
2601 1.120681412671961
2602 1.120381681044424
2603 1.120082402641012
2604 1.119783608177166
2605 1.119485036198159
2606 1.119188498643601
2607 1.11889203348205
2608 1.118596411458394
2609 1.118300404183934
2610 1.118005305899983
2611 1.117710448243149
2612 1.117417364240419
2613 1.117123400639103
2614 1.116829760886315
2615 1.116536642222114
2616 1.116243754311768
2617 1.115951470399478
2618 1.115660311091477
2619 1.115367060152949
2620 1.115074322488042
2621 1.114781540659009
2622 1.114489179512602
2623 1.114196888950989
2624 1.113905030530834
2625 1.113612153591049
2626 1.113319530974784
2627 1.113026433192467
2628 1.11273324314908
2629 1.112439548784355
2630 1.112145595317652
2631 1.111852570298444
2632 1.111559063611775
2633 1.111265200367225
2634 1.110970902262754
2635 1.110675171509497
2636 1.110379333666838
2637 1.110084030368145
2638 1.109787946838005
2639 1.109491801275065
2640 1.109194250417455
2641 1.10889689316699
2642 1.108599439316148
2643 1.108303416810307
2644 1.108005541563834
2645 1.107707319155676
2646 1.107409514722069
2647 1.107112185581467
2648 1.106814972300305
2649 1.106519006130757
2650 1.106220956288419
2651 1.105923455206966
2652 1.105627134754469
2653 1.105330213049674
2654 1.105033857759613
2655 1.104739129871634
2656 1.104442876707635
2657 1.104147225317431
2658 1.103852482992621
2659 1.103559514541952
2660 1.103266858575172
2661 1.102974971154548
2662 1.102683563623724
2663 1.102393579665201
2664 1.102103420587474
2665 1.101813248149005
2666 1.101523361524108
2667 1.101234827620355
2668 1.100947597425896
2669 1.100660384521672
2670 1.100374724204374
2671 1.100088108600946
2672 1.099802870284932
2673 1.09951862547598
2674 1.099236692968276
2675 1.098954517800522
2676 1.098672631792894
2677 1.098391484274476
2678 1.098110845644197
2679 1.097831621764609
2680 1.097553095683539
2681 1.097273330140188
2682 1.09699413523518
2683 1.096715600322008
2684 1.096438131185233
2685 1.096161353435163
2686 1.095885497840897
2687 1.095610384251299
2688 1.095334737975853
2689 1.095059571785069
2690 1.094786229967999
2691 1.09451183845493
2692 1.094237629689549
2693 1.093964098700642
2694 1.093691471828948
2695 1.093419055184046
2696 1.093147313816306
2697 1.092874242845879
2698 1.092601696884214
2699 1.09232995871285
2700 1.092058685035349
2701 1.091787394820529
2702 1.091516533098413
2703 1.091246128168422
2704 1.090976463946874
2705 1.090705796037457
2706 1.090435978103433
2707 1.090167291048382
2708 1.089898597941813
2709 1.08963027716435
2710 1.089362046555008
2711 1.089093880695128
2712 1.088826420036271
2713 1.088560270822137
2714 1.088292488301001
2715 1.08802532811219
2716 1.08775887891846
2717 1.087493221467759
2718 1.087227415751812
2719 1.086961775602326
2720 1.086695247456822
2721 1.08642916753687
2722 1.086163016151677
2723 1.085897195061608
2724 1.085632204682688
2725 1.085367258308417
2726 1.085101273554753
2727 1.084836312231534
2728 1.084570568099959
2729 1.084304749187199
2730 1.084040370183425
2731 1.083776583310027
2732 1.083513456422771
2733 1.083250575492659
2734 1.082988548346646
2735 1.082727591068803
2736 1.082466683149573
2737 1.082206605707417
2738 1.081947132374011
2739 1.081688528910083
2740 1.081428970205721
2741 1.081169868827147
2742 1.080911914486461
2743 1.080655839639323
2744 1.080399338705578
2745 1.080143071850376
2746 1.079887963848478
2747 1.079633242411462
2748 1.079378842938197
2749 1.079124750404199
2750 1.078871154094257
2751 1.078617466074481
2752 1.078364330843991
2753 1.078110916398627
2754 1.077858116047751
2755 1.07760591515649
2756 1.077355083174065
2757 1.077103673925487
2758 1.076853178627383
2759 1.07660210014632
2760 1.076351092458242
2761 1.076100780966151
2762 1.075851359291801
2763 1.075602123738951
2764 1.075353359632882
2765 1.075105066424359
2766 1.074858651946888
2767 1.074612515070801
2768 1.074366399989871
2769 1.074119699126302
2770 1.073873768201688
2771 1.073629004436226
2772 1.073383541559354
2773 1.073138697953082
2774 1.072893160324851
2775 1.072648359826877
2776 1.072404406526213
2777 1.072161605579499
2778 1.071918430964684
2779 1.071675835952515
2780 1.071433575273721
2781 1.071191658065606
2782 1.070950454716505
2783 1.070710241492783
2784 1.070468985044383
2785 1.070228740464603
2786 1.069989341853142
2787 1.069750376155044
2788 1.069512036880056
2789 1.069274600383405
2790 1.069037129757593
2791 1.068800469385058
2792 1.068564110667066
2793 1.068327525829979
2794 1.068091318831836
2795 1.067856863619104
2796 1.067622441487387
2797 1.067388368980836
2798 1.067154367809412
2799 1.066921389789611
2800 1.066688375491923
2801 1.066455229701397
2802 1.066222749834303
2803 1.065991145116065
2804 1.06575975512834
2805 1.06552980694323
2806 1.065300014343799
2807 1.065070166548633
2808 1.064840679329723
2809 1.064610666689001
2810 1.06438145081605
2811 1.064153932639567
2812 1.063925456415745
2813 1.06369754471447
2814 1.063469819593972
2815 1.063242394891458
2816 1.063015995349538
2817 1.062788998708357
2818 1.062561551489503
2819 1.062335301854395
2820 1.062109845470484
2821 1.061884195325035
2822 1.061659117910451
2823 1.061434605057111
2824 1.061211017326945
2825 1.060986636235209
2826 1.060761269847011
2827 1.060537289541295
2828 1.060312923531315
2829 1.060088361421722
2830 1.059864455338633
2831 1.059641470865343
2832 1.059419363660219
2833 1.059198799141027
2834 1.058976775083625
2835 1.058755435061884
2836 1.058535593347196
2837 1.058315909641438
2838 1.058096851667812
2839 1.05787858093414
2840 1.057661350303276
2841 1.057444277855328
2842 1.057227481349366
2843 1.057010909475714
2844 1.056795182441701
2845 1.056580955585923
2846 1.056366850594853
2847 1.056152613972156
2848 1.055938698909444
2849 1.055725795192554
2850 1.055513912919744
2851 1.05530321448718
2852 1.055093186195779
2853 1.054884183380023
2854 1.054675914722361
2855 1.054468539317569
2856 1.054261852031021
2857 1.054055832620577
2858 1.053850593359023
2859 1.053645428916568
2860 1.053439949009102
2861 1.053235472186304
2862 1.053032677686102
2863 1.052830312584626
2864 1.052629827209084
2865 1.052430262000577
2866 1.05223187224814
2867 1.052034322676803
2868 1.051837459099302
2869 1.051641268285867
2870 1.051445731082372
2871 1.051251021182677
2872 1.051056234140007
2873 1.050861571954835
2874 1.050668149959287
2875 1.050476082398665
2876 1.05028472985302
2877 1.050094210349539
2878 1.049904319948388
2879 1.049715331253459
2880 1.049527302411414
2881 1.049339784326577
2882 1.049153181221207
2883 1.048967120918126
2884 1.048780829625673
2885 1.048594830062793
2886 1.048409432050257
2887 1.048225620530205
2888 1.048041336410606
2889 1.047858224589481
2890 1.047674724778026
2891 1.047491436338419
2892 1.047308664378876
2893 1.047126707583249
2894 1.04694520054533
2895 1.046763001949608
2896 1.046580774350503
2897 1.04639923218429
2898 1.046218423427966
2899 1.046038274893325
2900 1.045857903570954
2901 1.045677991130591
2902 1.045497978785409
2903 1.0453179458519
2904 1.045137900474928
2905 1.044957724110186
2906 1.044777839798209
2907 1.04459721595759
2908 1.044416524192183
2909 1.044236220069925
2910 1.044057073075396
2911 1.043878131511121
2912 1.043698804809002
2913 1.043519707432271
2914 1.043340739628297
2915 1.043161876201044
2916 1.042983125733672
2917 1.04280444078056
2918 1.042625786336964
2919 1.042447183739141
2920 1.042267868258651
2921 1.042088803699026
2922 1.041910579447522
2923 1.041733186421804
2924 1.041555327298897
2925 1.041377903318943
2926 1.041200994400503
2927 1.04102449882092
2928 1.040848709018745
2929 1.04067288588351
2930 1.040497235301719
2931 1.040320710698378
2932 1.040144366599362
2933 1.039969154825457
2934 1.039794833674598
2935 1.0396217818114
2936 1.039448784007754
2937 1.039276402674848
2938 1.039104617369532
2939 1.038933749514667
2940 1.038763371125837
2941 1.038593339103927
2942 1.03842409499399
2943 1.038255591054671
2944 1.038086540342175
2945 1.037918441616291
2946 1.037751683915954
2947 1.037585977543234
2948 1.037420862265859
2949 1.037257045364795
2950 1.037094303380868
2951 1.036932503623549
2952 1.036771344849182
2953 1.036610981449248
2954 1.036451929316181
2955 1.036294693893624
2956 1.036136182792436
2957 1.035977739328095
2958 1.035820456091852
2959 1.035665669448398
2960 1.035511996926734
2961 1.035358444567244
2962 1.035205818772164
2963 1.035054189320501
2964 1.034903704286501
2965 1.034755280720106
2966 1.034606785658869
2967 1.034458295068356
2968 1.034310476337894
2969 1.034163657505596
2970 1.034017149267598
2971 1.033871848358429
2972 1.033728140454529
2973 1.033585720534714
2974 1.033442829983578
2975 1.033300224642683
2976 1.033158397684155
2977 1.033017382943949
2978 1.032877688256344
2979 1.032738992662745
2980 1.032600659554818
2981 1.032462797750629
2982 1.032323959504583
2983 1.032185947508215
2984 1.032048591137523
2985 1.031911762308177
2986 1.031776389075409
2987 1.03164204285057
2988 1.031506543989117
2989 1.031372162417372
2990 1.031237923966026
2991 1.031104222849277
2992 1.030971043556926
2993 1.030838719581303
2994 1.030705284088054
2995 1.030572905213705
2996 1.030441180648781
2997 1.030310180432108
2998 1.03017939436433
2999 1.030048585305448
3000 1.029918553325691
