"lift-rfile"
"Iteration" "lift"
("Iteration" "lift")
1 3.649982541036362
2 5.460668023996292
3 6.828337419597189
4 7.73628649503044
5 8.318701583150478
6 8.572965452671093
7 8.559709698674705
8 8.213810636459479
9 7.698361358992503
10 7.329295887273964
11 6.860703162086915
12 6.460104404686422
13 6.16162496536733
14 5.949614728571789
15 5.902193103112854
16 5.792741716945298
17 5.60604490225125
18 5.366293852112257
19 5.093572223402844
20 4.800652314228223
21 4.501219076582622
22 4.203954873062973
23 3.915470476562646
24 3.63322689821598
25 3.359129948935695
26 3.096162657476988
27 2.840592807518926
28 2.595402079280259
29 2.360040944066163
30 2.134730024399771
31 1.919949984321692
32 1.714424242396318
33 1.518026421606156
34 1.330394830754363
35 1.154269467658428
36 0.9879022425665113
37 0.8292020409154933
38 0.6807477916183654
39 0.5415032510539616
40 0.4112099667707788
41 0.2897960406663194
42 0.1731678381366526
43 0.06517106787551934
44 -0.03344527938051845
45 -0.1250467834331131
46 -0.2051206816859451
47 -0.2798856051241224
48 -0.3486877616039993
49 -0.412096613438208
50 -0.4704241152918806
51 -0.5242363221328955
52 -0.5739565912745062
53 -0.6201029581938541
54 -0.6630311391760109
55 -0.7025610746338661
56 -0.7390830414905328
57 -0.7727318690706302
58 -0.8031365333315386
59 -0.8303344493017886
60 -0.8544434551487017
61 -0.8752576321916701
62 -0.8935220865289304
63 -0.9080271935409902
64 -0.9182193044157249
65 -0.9242228897454518
66 -0.9258006775944919
67 -0.9219208958052247
68 -0.9134062096025025
69 -0.8998813432883539
70 -0.8814794221763531
71 -0.8576526386705397
72 -0.8281166164439725
73 -0.7935258475845817
74 -0.7538857458982288
75 -0.7090263065062233
76 -0.6590089700069155
77 -0.6039223625874789
78 -0.5441046477267604
79 -0.4795310086312157
80 -0.4145018014840942
81 -0.3405374303430083
82 -0.2683348424937035
83 -0.1928973670262537
84 -0.1147168153553954
85 -0.03393072123442421
86 0.04904852158352576
87 0.1338936133985016
88 0.2199714460462014
89 0.3070458615159885
90 0.3948366209213509
91 0.4836895169449939
92 0.5724230458324112
93 0.6606068623986431
94 0.7478224282639941
95 0.8330428502549465
96 0.9164929651834025
97 0.9980339876695503
98 1.077031424002199
99 1.152880413600073
100 1.225584258707119
101 1.294865538484827
102 1.360528545296681
103 1.422405244127497
104 1.487975641671447
105 1.541224435542626
106 1.596158559846155
107 1.640388916466756
108 1.685134435568589
109 1.720748306391676
110 1.75180488821494
111 1.780260661466712
112 1.802186720896326
113 1.819571688367965
114 1.832600203107162
115 1.841219097704698
116 1.845718330727459
117 1.846188247029156
118 1.8427477991381
119 1.835682650287376
120 1.824775812019041
121 1.810294442198611
122 1.792181960348105
123 1.770798887547503
124 1.746321703747955
125 1.71903150796321
126 1.688962608445551
127 1.656524282543208
128 1.621679505606506
129 1.584620785248236
130 1.545536874797209
131 1.504616176677692
132 1.4620386786145
133 1.417837220612953
134 1.372434512443082
135 1.326039401165871
136 1.278835941136479
137 1.231016507166344
138 1.18277179350176
139 1.134279733708754
140 1.085747051151333
141 1.037377368211598
142 0.9893414588380777
143 0.9418843442365299
144 0.8951095699340163
145 0.8493565037733311
146 0.804590717186791
147 0.7610027004419562
148 0.7187378574712939
149 0.6779379479669195
150 0.6386986325489837
151 0.6011955128563643
152 0.5655430166550023
153 0.5318430128332529
154 0.500194837178327
155 0.4707020121034385
156 0.4434082154767134
157 0.4183682133100516
158 0.3956290544697129
159 0.3752242128051868
160 0.3571884043410057
161 0.3415316527095639
162 0.3282557729974198
163 0.3173585314726752
164 0.3088252737043777
165 0.3026309236950838
166 0.2987466692476289
167 0.297137245966634
168 0.2977534622165592
169 0.3005518711496992
170 0.305463153181231
171 0.3124291068267289
172 0.3213654243934137
173 0.3322310049959888
174 0.3449327244473721
175 0.3594167667553073
176 0.3755975590900041
177 0.3934140831705437
178 0.4128590024597039
179 0.4337819470381688
180 0.456099175049925
181 0.4797324717657232
182 0.5045462557034536
183 0.530529630498807
184 0.5575613409818083
185 0.5856680557891725
186 0.6146741629394819
187 0.6444964141259163
188 0.6750593976266934
189 0.7061919668598974
190 0.737891005391196
191 0.770057738037212
192 0.8026046003819198
193 0.8354383389498145
194 0.8684421380003413
195 0.901592981836734
196 0.9347613539042242
197 0.9678228379704171
198 1.000674746672385
199 1.033229688253194
200 1.065388442093539
201 1.097075837704989
202 1.128107998423827
203 1.158451762851105
204 1.188018657872801
205 1.216717328370202
206 1.244461350005302
207 1.271164604449897
208 1.296741875752446
209 1.321091032002098
210 1.344188520884124
211 1.365910790791767
212 1.38616451517164
213 1.404944690076
214 1.422178128681264
215 1.437845690056568
216 1.451896102855567
217 1.464280655913213
218 1.474961221343026
219 1.48391309138906
220 1.491104567048552
221 1.496539470123083
222 1.500217309240971
223 1.502139952320143
224 1.502309767746614
225 1.500743590482168
226 1.497467198555908
227 1.492509361501552
228 1.485920544322932
229 1.477741397933727
230 1.468020994399587
231 1.45682904813469
232 1.444203388902262
233 1.430228000372929
234 1.414974714999178
235 1.398525912362151
236 1.38096257461766
237 1.362379602720294
238 1.342870548974578
239 1.322525200608626
240 1.301440331472797
241 1.279723072454633
242 1.257463169417876
243 1.234760765513147
244 1.211712998959032
245 1.18842817157167
246 1.165006565567591
247 1.141558590413982
248 1.118172314989753
249 1.094921756771947
250 1.071929385801078
251 1.049282550958281
252 1.027085949841727
253 1.005415191606207
254 0.9843573679052722
255 0.9639797085300923
256 0.9443567179222462
257 0.9255664451739893
258 0.9076741252946174
259 0.8907429629222964
260 0.8748284008258348
261 0.8599825792253344
262 0.846253782054321
263 0.8336810519431174
264 0.8222988337374966
265 0.8121393246371192
266 0.8032247217507061
267 0.7955657282008478
268 0.7891882557518536
269 0.7840945317324941
270 0.780292793364711
271 0.7777796021860804
272 0.7765517065621135
273 0.7766010771720709
274 0.7778930766424067
275 0.7804191684745454
276 0.784149143610684
277 0.7890526934577175
278 0.7950883547186475
279 0.8022189910893179
280 0.8104016728354023
281 0.8195976897316063
282 0.8297570574033785
283 0.8408276483391303
284 0.8527549762790008
285 0.8654735304380172
286 0.8789366901636633
287 0.8930892389446999
288 0.9078723700010642
289 0.9232241004333046
290 0.9390856965657236
291 0.9553969148086288
292 0.9721045634035306
293 0.9891382763233378
294 1.006436072753231
295 1.023983534564106
296 1.041674563099403
297 1.05944994520419
298 1.077253586575102
299 1.095031139724815
300 1.112724696323498
301 1.130280766437456
302 1.147650322205255
303 1.164782675683616
304 1.181633163508453
305 1.198141061585106
306 1.214269894843072
307 1.229989476734043
308 1.245261216349026
309 1.260049610162952
310 1.274320369382812
311 1.288050166790235
312 1.301198608716105
313 1.313738900940539
314 1.325643462554288
315 1.336895675918615
316 1.347476956067021
317 1.357373581279124
318 1.366573386535104
319 1.375053186464669
320 1.382822005723107
321 1.389869570894179
322 1.396199406885543
323 1.401806477078915
324 1.406692950276016
325 1.410860628582144
326 1.414313324910506
327 1.417058696800949
328 1.419107282987514
329 1.42049078302194
330 1.42119515936279
331 1.421231260472314
332 1.420618248852371
333 1.419368604398736
334 1.417480027248563
335 1.414992037089449
336 1.411929020361623
337 1.408310339916767
338 1.404158210882498
339 1.399516685702098
340 1.394398864957851
341 1.388829768680044
342 1.382841207605852
343 1.376456874422414
344 1.369723472827152
345 1.36261375057992
346 1.355206493965408
347 1.347525332406958
348 1.339601337349886
349 1.331470483661531
350 1.323155381665755
351 1.31468468612997
352 1.306084650823776
353 1.297405676336735
354 1.288712399682566
355 1.279991097888591
356 1.27125605018691
357 1.262522399710184
358 1.253834489199623
359 1.245218322364114
360 1.236698332884741
361 1.228304646062857
362 1.220061941829109
363 1.212000939437015
364 1.204140092510686
365 1.196502601291372
366 1.189111036114734
367 1.181979760145263
368 1.175147273252647
369 1.168634309005662
370 1.162458328812682
371 1.156638522174606
372 1.151190179797149
373 1.146110579614493
374 1.141437066949246
375 1.137180408504021
376 1.133355953461938
377 1.129974529933527
378 1.12704270344534
379 1.12457594415529
380 1.122579355688342
381 1.121063340188394
382 1.120027155008014
383 1.119471311976398
384 1.119407542640388
385 1.119833024512848
386 1.120718910884385
387 1.12209686659786
388 1.123965904236152
389 1.126303661629023
390 1.129106526646562
391 1.132364214760156
392 1.136070282115444
393 1.140218773606257
394 1.144792213217354
395 1.149774963617336
396 1.155150914949656
397 1.160899782288123
398 1.167022559275789
399 1.173475316060399
400 1.180239848694759
401 1.187298521855485
402 1.194626356193876
403 1.202199006249076
404 1.209985845278446
405 1.217978087833745
406 1.226136664703294
407 1.23443176234449
408 1.242839716495448
409 1.251334556861927
410 1.259892838483562
411 1.268488303775819
412 1.277091980393388
413 1.285678557071909
414 1.29422164408691
415 1.302695490640516
416 1.311081539184361
417 1.319337154569283
418 1.327449107309111
419 1.335370395974816
420 1.343079162605623
421 1.350578261963741
422 1.3578899373097
423 1.364947068181703
424 1.37173454427558
425 1.378228433030228
426 1.384419913028628
427 1.390297559300368
428 1.395844334230589
429 1.401049611482413
430 1.405902285160098
431 1.410393886730261
432 1.414517930864466
433 1.418269527233145
434 1.421640902233597
435 1.424624795520482
436 1.427225482412757
437 1.429440753892596
438 1.431286144651658
439 1.432739946485133
440 1.433818496936829
441 1.434525641756714
442 1.434868060746167
443 1.434854095636703
444 1.434489450881397
445 1.433783776318639
446 1.432753049774526
447 1.431404599481812
448 1.429755744530838
449 1.427822328122412
450 1.425620469178911
451 1.423166594238664
452 1.420477506110866
453 1.417571833109363
454 1.414467875649543
455 1.411175267919249
456 1.407723085342914
457 1.404133718634714
458 1.400426170350277
459 1.396618030855587
460 1.392725487195064
461 1.388773449979897
462 1.384781494009553
463 1.380770428563303
464 1.37676362969551
465 1.372776928446427
466 1.368829117825429
467 1.364938024543032
468 1.361115250733324
469 1.357384276416322
470 1.353762042390107
471 1.350264474236201
472 1.346906272722399
473 1.34370213636238
474 1.340665835576015
475 1.337809528636293
476 1.335145246736005
477 1.332684043469008
478 1.330434532265724
479 1.328409407603368
480 1.326610279427773
481 1.325037511206085
482 1.32370532595785
483 1.322614910819422
484 1.321781770638934
485 1.321195827118785
486 1.32085721189068
487 1.320750987691455
488 1.32088945291926
489 1.321274704256368
490 1.321903850466897
491 1.322772617176067
492 1.323876035412849
493 1.325207464583707
494 1.326765054702015
495 1.328536332871838
496 1.330515428266828
497 1.332691712177436
498 1.33505746837202
499 1.337602002399897
500 1.34032731327729
501 1.34320842534345
502 1.346235101928376
503 1.349397078867646
504 1.352682671285435
505 1.356083584433862
506 1.359583951864787
507 1.363173669067961
508 1.366840158442311
509 1.370571608532981
510 1.374357378524467
511 1.378185022974364
512 1.382043502504306
513 1.385922106355116
514 1.389810859037929
515 1.393697222112575
516 1.397569967793718
517 1.401421804153494
518 1.405233366294997
519 1.409001034465981
520 1.412715828289496
521 1.416365807210134
522 1.419947190419563
523 1.423451034701355
524 1.426871092207245
525 1.430199159106414
526 1.433427766227631
527 1.436552439268005
528 1.439566447304165
529 1.442474473128102
530 1.445258583804383
531 1.447918911557582
532 1.450451617862231
533 1.452852246079969
534 1.455119227185126
535 1.45724751700624
536 1.459240904607843
537 1.461094821586286
538 1.462805217606131
539 1.464375638891446
540 1.465806353846651
541 1.46709705517968
542 1.46824919061309
543 1.469263930094536
544 1.470141683261714
545 1.470884376007411
546 1.471495681914255
547 1.471978692700145
548 1.472334952584502
549 1.47256709574502
550 1.472678547815918
551 1.472673073241373
552 1.472555240432893
553 1.47233171749557
554 1.472003679442212
555 1.47157609802793
556 1.471053613471728
557 1.470441065962109
558 1.469734076127233
559 1.468948593369857
560 1.468090334045923
561 1.467163545461112
562 1.46617631297497
563 1.465132152406985
564 1.464036693516857
565 1.462895703661765
566 1.461714451959219
567 1.46049668465314
568 1.459250047104363
569 1.457974703339465
570 1.456683296266049
571 1.455380341965132
572 1.454071827209332
573 1.452772012560438
574 1.451475107819003
575 1.450188544880625
576 1.448917891474836
577 1.447661044521579
578 1.446430412513896
579 1.445230735360247
580 1.444067090992372
581 1.442943046807021
582 1.441864174454619
583 1.440833145637119
584 1.439853780382668
585 1.438929428651132
586 1.438064463499572
587 1.43726169412878
588 1.436525143651457
589 1.435857732794794
590 1.435261346713789
591 1.434738727254552
592 1.434287041590214
593 1.43391166428413
594 1.433615230201514
595 1.433398407559496
596 1.433264885157715
597 1.433213445246408
598 1.433250241998862
599 1.433369461611916
600 1.433572387036433
601 1.433859649831584
602 1.434231432496156
603 1.434686232641034
604 1.435224109130695
605 1.435843829069919
606 1.436544888949896
607 1.4373235638873
608 1.438180584055608
609 1.439118839266195
610 1.440132177863238
611 1.441218868865865
612 1.442376665018303
613 1.443599800449208
614 1.444887151945571
615 1.446237338206377
616 1.447648079928546
617 1.449114723991844
618 1.450633293274042
619 1.452202088360164
620 1.453815342184658
621 1.455472113441588
622 1.457167722491839
623 1.458900012081362
624 1.460662871936136
625 1.46245121507338
626 1.464261614178306
627 1.466089585774616
628 1.467930220752324
629 1.469779025105328
630 1.471632468870848
631 1.473484928791641
632 1.475333512153654
633 1.477173156817166
634 1.479002863626399
635 1.480814697894827
636 1.482604225680184
637 1.484370023308206
638 1.486105539663088
639 1.487806712479676
640 1.489469429452489
641 1.491088038255214
642 1.492660582483019
643 1.494183034851868
644 1.495652335646819
645 1.497065600097846
646 1.498419550287683
647 1.49971177846129
648 1.500938339657168
649 1.502098397915787
650 1.503188067524199
651 1.504205309861591
652 1.505143935909528
653 1.506005692656091
654 1.506790361554543
655 1.507496819428299
656 1.508123698371555
657 1.508670506679802
658 1.509136555422413
659 1.509520789773161
660 1.509823722817595
661 1.510046247444423
662 1.510188330377987
663 1.510260521164345
664 1.510253193626373
665 1.51016768854134
666 1.510004558890311
667 1.509766584514353
668 1.50945472319639
669 1.509071379373225
670 1.508618720332575
671 1.508099040062026
672 1.507515266593432
673 1.506870790531178
674 1.506165680018572
675 1.505405968715273
676 1.504594847021363
677 1.503735471426043
678 1.502831857468525
679 1.501887686909751
680 1.500905895072906
681 1.499894802450605
682 1.498856520284369
683 1.497791459353069
684 1.496704501601279
685 1.495600290564036
686 1.494482469290121
687 1.493354193534751
688 1.492221343935383
689 1.491086220195029
690 1.489953308703912
691 1.488825332374969
692 1.48770734856413
693 1.48660330121177
694 1.485516280282913
695 1.484450549027296
696 1.483409003292548
697 1.482395785244397
698 1.481412935283411
699 1.480464974497031
700 1.479553183152699
701 1.478680391305098
702 1.47784912298467
703 1.477062021198143
704 1.476321188032906
705 1.475627833433073
706 1.474983106464296
707 1.474388601091693
708 1.473848471467888
709 1.473361217944578
710 1.472927864966961
711 1.472548823138166
712 1.472223987154873
713 1.471953529119006
714 1.471737209235786
715 1.471575754135376
716 1.47146837120389
717 1.471412091030212
718 1.471409288852749
719 1.471458388581298
720 1.471558022488602
721 1.47170771194401
722 1.471906421486104
723 1.472152503701648
724 1.472443932065118
725 1.472779345861853
726 1.473157137276218
727 1.473575501969472
728 1.474032130914821
729 1.474525574083186
730 1.475052975367468
731 1.475613206842402
732 1.476203119867697
733 1.476821263226576
734 1.477464373447168
735 1.478130747791151
736 1.478817357141014
737 1.479521612900915
738 1.480240692446394
739 1.480973831154379
740 1.481716929860793
741 1.482467457936712
742 1.483222479581086
743 1.483981513563542
744 1.484740460534696
745 1.485498426651295
746 1.486253463955727
747 1.487002357864992
748 1.487742464462758
749 1.488472527085126
750 1.489188706047991
751 1.489890674078976
752 1.490575928516102
753 1.491242878218092
754 1.491885076925252
755 1.492506416738055
756 1.493110629023843
757 1.493690667765921
758 1.494244325402254
759 1.494771805461223
760 1.495269543423898
761 1.495738076945769
762 1.496176069113108
763 1.496583295307987
764 1.496958656630056
765 1.49730190296233
766 1.49760887904341
767 1.497882760294903
768 1.498122134841043
769 1.498328376179129
770 1.498501741985939
771 1.498641443217371
772 1.498747190954653
773 1.498819895506471
774 1.498859067291529
775 1.498865670766614
776 1.498839103952902
777 1.498780269418458
778 1.49869124155293
779 1.498570299647412
780 1.498417673764967
781 1.498235661396668
782 1.498022644566165
783 1.497782131932369
784 1.49751437329447
785 1.49722084597537
786 1.496903043561707
787 1.49656274702552
788 1.496200850600489
789 1.495819293321924
790 1.495416291786478
791 1.494995265773872
792 1.494558767228064
793 1.494107442237697
794 1.49364235953751
795 1.493164084310934
796 1.492674707842943
797 1.492176894541228
798 1.491671600406733
799 1.491161179213019
800 1.49064593358784
801 1.490126661339854
802 1.489604363378063
803 1.489081153106561
804 1.488557647447898
805 1.488035153829705
806 1.48751487382954
807 1.486997405053814
808 1.486485378369641
809 1.485981034343849
810 1.485486697436885
811 1.485000428205943
812 1.484523504741813
813 1.484057769992752
814 1.483603555911935
815 1.483161907687819
816 1.482733767927454
817 1.482319180243066
818 1.481919066955298
819 1.481536373431421
820 1.481169782860069
821 1.480820645038979
822 1.480489293957165
823 1.48017646628681
824 1.479883946031446
825 1.479609949328791
826 1.479354794542738
827 1.479119761407457
828 1.478902562429661
829 1.478705294273859
830 1.478528035745715
831 1.478371327422655
832 1.478235190159344
833 1.478118967657878
834 1.478021090877831
835 1.47794271179586
836 1.477883250748075
837 1.477843172636058
838 1.477820860777856
839 1.477816386430695
840 1.477830057662208
841 1.477861195492897
842 1.477909852207724
843 1.477975824790462
844 1.478057978106296
845 1.478155559508436
846 1.478268027835835
847 1.478394725904372
848 1.478535207795215
849 1.478686599559957
850 1.478849916930084
851 1.479024665252286
852 1.479210122766564
853 1.479406156344288
854 1.479611644086131
855 1.479824216335456
856 1.480043692539018
857 1.480271781038678
858 1.480505231991194
859 1.480741943795767
860 1.480982089985281
861 1.481225050241763
862 1.4814709230551
863 1.481719401434774
864 1.481967814097657
865 1.482215302451161
866 1.482461763809079
867 1.482706377561667
868 1.482946728238236
869 1.483182771858565
870 1.483415655797105
871 1.483644342709394
872 1.483868842140832
873 1.484088522606831
874 1.484301269852883
875 1.48451027875103
876 1.484711508354156
877 1.484904708887787
878 1.485088419996417
879 1.485262253553188
880 1.485426289151166
881 1.485580824350913
882 1.485725472782928
883 1.485861002673765
884 1.485988313095585
885 1.486104972754568
886 1.486210081045167
887 1.486303637750324
888 1.486384696544603
889 1.486453845184169
890 1.486511348899282
891 1.486558098372663
892 1.486593649764356
893 1.486618330528231
894 1.486631040366574
895 1.486632571842484
896 1.486622135848628
897 1.486600403782147
898 1.486567965120949
899 1.486526333547298
900 1.486475178352971
901 1.486415867936272
902 1.486348151088952
903 1.486270502922322
904 1.486185604863982
905 1.486093112406016
906 1.485993225425838
907 1.485887315108378
908 1.485776576412532
909 1.485661919422143
910 1.485543542240085
911 1.48542124535739
912 1.485296065069719
913 1.485168664854481
914 1.485038940461136
915 1.484907464481543
916 1.484773336506054
917 1.484639343478948
918 1.484506522200345
919 1.484375103048494
920 1.484244980189301
921 1.484117284953249
922 1.4839957942698
923 1.483877066968401
924 1.483762124272013
925 1.483652357305162
926 1.483548104614725
927 1.483449523285702
928 1.483356639735034
929 1.483270348181857
930 1.483189439629343
931 1.483114830122433
932 1.483046930447939
933 1.482986498170721
934 1.482933923014245
935 1.482890252812426
936 1.482854076067228
937 1.482825822900655
938 1.482805726565553
939 1.482794477824871
940 1.48279078154639
941 1.482796115001864
942 1.482810255600405
943 1.482833506645596
944 1.482865152744683
945 1.482904887502921
946 1.48295307292202
947 1.483010388453364
948 1.483075566144765
949 1.483148846110428
950 1.4832305138902
951 1.483321116368902
952 1.483419168719693
953 1.483524871432559
954 1.483637830728622
955 1.483757606597266
956 1.483883648158264
957 1.484015823084899
958 1.484153901337809
959 1.484297896224302
960 1.484447311041885
961 1.484602024551216
962 1.484762480248182
963 1.484922656184836
964 1.485086805654744
965 1.4852538958691
966 1.4854243322695
967 1.485597683008642
968 1.485773241628181
969 1.485951538072634
970 1.486131406671563
971 1.486312682251618
972 1.486494733530253
973 1.486677323898602
974 1.486859865529974
975 1.487047304451801
976 1.487233680798721
977 1.487418703656867
978 1.487602100265473
979 1.487784327090965
980 1.487963609322809
981 1.488138835750992
982 1.488309740651514
983 1.488476174591054
984 1.488638104079607
985 1.488792218895882
986 1.488941796277243
987 1.48908378081688
988 1.489224218527647
989 1.489359773065827
990 1.489490753787606
991 1.489616597793031
992 1.489737468601838
993 1.489852451223183
994 1.489961565951517
995 1.49006514767939
996 1.490163440168899
997 1.490256275459032
998 1.490343533688953
999 1.490425971301938
1000 1.49050312290413
1001 1.490574989979633
1002 1.490641852149528
1003 1.49070388778465
1004 1.490761236337191
1005 1.490815611958425
1006 1.490865428780513
1007 1.4909114598304
1008 1.490952732805666
1009 1.490990009770916
1010 1.491023488450787
1011 1.491054023262103
1012 1.491081542361926
1013 1.491106271214634
1014 1.491128415986195
1015 1.491148909515428
1016 1.491165790639876
1017 1.491181360310532
1018 1.491198409290996
1019 1.491215611401023
1020 1.491241784777009
1021 1.491267778551601
1022 1.491294503688809
1023 1.491322669098611
1024 1.491351683870367
1025 1.491382404138175
1026 1.491415310717142
1027 1.491449910830762
1028 1.491487619674195
1029 1.491527685158641
1030 1.491569989493956
1031 1.49161590724057
1032 1.491666420500672
1033 1.491723800743798
1034 1.4917856311261
1035 1.491843755293401
1036 1.491907081810165
1037 1.491975975303405
1038 1.492048157949949
1039 1.492127240402447
1040 1.49221357007653
1041 1.492307140827083
1042 1.492408185951132
1043 1.492518101983913
1044 1.492632324355523
1045 1.492755823469816
1046 1.492897114606864
1047 1.49305224216125
1048 1.493218932704619
1049 1.493394198103657
1050 1.493578071939377
1051 1.49377523553062
1052 1.493980757037119
1053 1.494194935168707
1054 1.494417114538099
1055 1.494647754854528
1056 1.494886902880457
1057 1.495134746788679
1058 1.495381123634378
1059 1.495635568088243
1060 1.495899263075661
1061 1.496172361875929
1062 1.496339811914971
1063 1.496646085097853
1064 1.496956689970397
1065 1.497172276807103
1066 1.497499840150546
1067 1.497844804192032
1068 1.498106170885822
1069 1.498477870585482
1070 1.498770752031843
1071 1.499164842619156
1072 1.499481666584342
1073 1.499819702805698
1074 1.500249057613735
1075 1.5006017898933
1076 1.50096679766644
1077 1.501343076979539
1078 1.501802054052061
1079 1.50218020355226
1080 1.502567948513077
1081 1.502963040155291
1082 1.503366493554672
1083 1.503851531769141
1084 1.504245889456564
1085 1.504646596611651
1086 1.505046797405798
1087 1.505524306729163
1088 1.505915643538022
1089 1.506311974455296
1090 1.506784557384715
1091 1.507171737465716
1092 1.507555264363107
1093 1.507944916547024
1094 1.508402644445156
1095 1.50878734676685
1096 1.509191151639919
1097 1.50965922588561
1098 1.510054291461143
1099 1.510455852709896
1100 1.510919571487417
1101 1.51131454123738
1102 1.511772644723804
1103 1.51216334216374
1104 1.512617497105067
1105 1.51300461172856
1106 1.513455331444017
1107 1.513840612502185
1108 1.514288256013845
1109 1.514672552757178
1110 1.515119326632039
1111 1.515500758408874
1112 1.5159601463405
1113 1.516413914087018
1114 1.516795618323819
1115 1.517249344461146
1116 1.517696112698172
1117 1.518136334000899
1118 1.51850643039487
1119 1.518951284958332
1120 1.519389434044211
1121 1.519822021102412
1122 1.520248891987771
1123 1.520599006897722
1124 1.521029909023762
1125 1.52145636140601
1126 1.521879023260564
1127 1.522298144731066
1128 1.522714182068495
1129 1.523126734283516
1130 1.523536152740767
1131 1.523879669014339
1132 1.524302433650213
1133 1.524724993878057
1134 1.525145824031972
1135 1.525566675685812
1136 1.525987841063728
1137 1.526408624663007
1138 1.52682943057057
1139 1.527249931537002
1140 1.527638110474441
1141 1.528054598977411
1142 1.52844654171462
1143 1.528849699940859
1144 1.529256512154558
1145 1.529667369848037
1146 1.530082548776206
1147 1.530492837295398
1148 1.530907432743706
1149 1.531327247587729
1150 1.531751372222054
1151 1.532180021306395
1152 1.532612881066878
1153 1.533049516049009
1154 1.533489778148649
1155 1.533933369127912
1156 1.53439100717496
1157 1.53485197965083
1158 1.535316310659028
1159 1.535783119066562
1160 1.536250841393085
1161 1.536719985427899
1162 1.537189322515414
1163 1.537658386360378
1164 1.538129333406488
1165 1.538599710929607
1166 1.539069060688245
1167 1.539538200200817
1168 1.540006164510073
1169 1.540473941521887
1170 1.540942427257255
1171 1.541408693238867
1172 1.541871767819402
1173 1.542332439338041
1174 1.542790963932052
1175 1.543246439879288
1176 1.543698285893497
1177 1.544146560285925
1178 1.544591006095614
1179 1.545031747755263
1180 1.545466352709761
1181 1.545892174849949
1182 1.546312275134167
1183 1.546725751716042
1184 1.547132643301217
1185 1.547534192513754
1186 1.547929730598147
1187 1.548318697556355
1188 1.548701218040461
1189 1.549076599843949
1190 1.54944287172542
1191 1.5497999053249
1192 1.550147160088247
1193 1.550504334472099
1194 1.550850647224088
1195 1.551186408114083
1196 1.551511356511893
1197 1.551824856247394
1198 1.552127652808491
1199 1.552420215456264
1200 1.552702443240782
1201 1.552975613352763
1202 1.55323829036671
1203 1.553490992069882
1204 1.553732937895686
1205 1.553964005879187
1206 1.554184513682204
1207 1.554394857767949
1208 1.554595811957279
1209 1.554787494306498
1210 1.554970170352824
1211 1.555144150470805
1212 1.555310439319327
1213 1.555468409196911
1214 1.555617070915421
1215 1.555757621635556
1216 1.555889253196495
1217 1.556011538092289
1218 1.556124566429056
1219 1.556228590261245
1220 1.55632251060175
1221 1.556407816318863
1222 1.556474161498115
1223 1.556531198741584
1224 1.556573486522024
1225 1.556609082203001
1226 1.556636336860324
1227 1.556650427870515
1228 1.556656106525896
1229 1.556668617750105
1230 1.556674989409454
1231 1.556672469172318
1232 1.556660424403306
1233 1.556639822719256
1234 1.556610365901495
1235 1.55657187205981
1236 1.556523972945584
1237 1.556466389058768
1238 1.556399935666603
1239 1.556324287625659
1240 1.556240435552387
1241 1.556148440291993
1242 1.55604809282422
1243 1.555944691822342
1244 1.555817010140977
1245 1.555664701660454
1246 1.555506788051105
1247 1.555343211361277
1248 1.555173537447801
1249 1.554997267878846
1250 1.554814708973692
1251 1.554626349182317
1252 1.554431353261129
1253 1.554229895156926
1254 1.554021805095049
1255 1.55380750972427
1256 1.553588762575386
1257 1.553359355581067
1258 1.553138599134843
1259 1.552911496552915
1260 1.552679052596487
1261 1.552441097457534
1262 1.552197485249746
1263 1.551948377586458
1264 1.551696543328396
1265 1.55143964483286
1266 1.551178155433604
1267 1.550912402178594
1268 1.550643302901256
1269 1.550370573425235
1270 1.550095509890576
1271 1.549817973742333
1272 1.549530420984936
1273 1.549242161224105
1274 1.548952614824995
1275 1.548662806048758
1276 1.548372623749867
1277 1.548082843323226
1278 1.54781564512474
1279 1.547532076396916
1280 1.547249080228921
1281 1.54696539825097
1282 1.546682812326298
1283 1.546401295594323
1284 1.546121627910216
1285 1.545844423196404
1286 1.545563289747574
1287 1.545284892282013
1288 1.545017953979615
1289 1.544754211918967
1290 1.544493031734347
1291 1.54423464014731
1292 1.543979124602543
1293 1.543726683971587
1294 1.543477620150121
1295 1.543232410491828
1296 1.542991445287687
1297 1.542754594750407
1298 1.542521428428055
1299 1.54229179250407
1300 1.542064806432028
1301 1.541830649590593
1302 1.541599182303618
1303 1.541371130316944
1304 1.541145928041882
1305 1.540922764481108
1306 1.540711805874324
1307 1.540501932242047
1308 1.540292189885173
1309 1.540083599111897
1310 1.539875863479788
1311 1.539668308327769
1312 1.53946085485694
1313 1.539252398535619
1314 1.539044327835271
1315 1.538836172666797
1316 1.538628634311563
1317 1.538421654397867
1318 1.538216037522273
1319 1.53801219529619
1320 1.537809652393043
1321 1.537609060618476
1322 1.537410342080537
1323 1.537213301043704
1324 1.53701836243549
1325 1.536811732884424
1326 1.536607090906106
1327 1.536404639025705
1328 1.536205637851517
1329 1.536008839528469
1330 1.535814369975334
1331 1.535622448515016
1332 1.535433002788243
1333 1.535245686254493
1334 1.53506044409297
1335 1.534877438963281
1336 1.534695690853132
1337 1.534516234530086
1338 1.534338690447761
1339 1.534162998731817
1340 1.533988826481796
1341 1.533815433080195
1342 1.533643534460552
1343 1.533472777403725
1344 1.533301278139279
1345 1.533166437236101
1346 1.53302906555131
1347 1.532889269772818
1348 1.532747336643182
1349 1.532602418547944
1350 1.53245439923415
1351 1.532277826842124
1352 1.532103638277994
1353 1.531930843107304
1354 1.531759725337521
1355 1.531589808468968
1356 1.531421504471081
1357 1.531251959958983
1358 1.53108459157992
1359 1.530912927763507
1360 1.530744453072736
1361 1.530577915343157
1362 1.530413187520951
1363 1.530250765741275
1364 1.53008969557478
1365 1.5299299169226
1366 1.529770985381355
1367 1.529612875346434
1368 1.529454480674591
1369 1.529295663393943
1370 1.529135125090175
1371 1.528971972560468
1372 1.528805786234007
1373 1.528648057327387
1374 1.528486880398771
1375 1.528322831691883
1376 1.528154433384967
1377 1.527981620147376
1378 1.527804764751562
1379 1.527623993453586
1380 1.527439786856764
1381 1.527252037059061
1382 1.527061127151782
1383 1.526865989200364
1384 1.52666731707561
1385 1.526465172702589
1386 1.526259615461477
1387 1.526051083584318
1388 1.525830074679026
1389 1.52560612655896
1390 1.525379904644136
1391 1.525151340325548
1392 1.524922448562549
1393 1.524689812167182
1394 1.524454633812165
1395 1.524218471096987
1396 1.523978717522782
1397 1.523736061231631
1398 1.523490468992162
1399 1.523241354794829
1400 1.522988892454611
1401 1.522733152216085
1402 1.522473674912524
1403 1.522210799995957
1404 1.521944483507816
1405 1.521671811973734
1406 1.521398489810335
1407 1.521121144418928
1408 1.520840504010013
1409 1.520556436519726
1410 1.520268596381331
1411 1.519976474132139
1412 1.519680764455676
1413 1.519382024515402
1414 1.519080120840647
1415 1.518774388586205
1416 1.518464392597222
1417 1.518150779362481
1418 1.517832595616732
1419 1.517509653228669
1420 1.517181465999148
1421 1.516847772234584
1422 1.516509015440265
1423 1.51617932340457
1424 1.515843573861474
1425 1.515502650284101
1426 1.515155226906825
1427 1.514801915357273
1428 1.514441931634468
1429 1.514075630606881
1430 1.513702637383992
1431 1.513324487131277
1432 1.512940149796541
1433 1.512549615954058
1434 1.51215319661014
1435 1.511750933436982
1436 1.511342910238617
1437 1.510929943511755
1438 1.510511469960248
1439 1.510087593658919
1440 1.509657597933509
1441 1.509220200703003
1442 1.508776390774085
1443 1.508327787614483
1444 1.507872913122356
1445 1.507412697102292
1446 1.506947066830443
1447 1.506479093892029
1448 1.506004492771132
1449 1.505523187278549
1450 1.50503726557897
1451 1.504544753502879
1452 1.504044286653551
1453 1.503538514936103
1454 1.503028329174231
1455 1.502513334385117
1456 1.501994132414396
1457 1.501470741101629
1458 1.500943603203755
1459 1.500412113210942
1460 1.499877536679698
1461 1.499337873849533
1462 1.498795538342456
1463 1.498249639249466
1464 1.497698544715123
1465 1.497144389305822
1466 1.496586521383733
1467 1.496024792266252
1468 1.495460487608677
1469 1.494892465342709
1470 1.494320818647085
1471 1.493746122677907
1472 1.493168975712676
1473 1.492588132893252
1474 1.492003270835862
1475 1.491412043910213
1476 1.490816352208497
1477 1.490204919654546
1478 1.489590740345978
1479 1.488973823386196
1480 1.48835336725912
1481 1.48772850027627
1482 1.487100666325034
1483 1.486468168516768
1484 1.485831789030057
1485 1.485191524751153
1486 1.484547164553716
1487 1.483898721241977
1488 1.483260995395126
1489 1.482617421820649
1490 1.481968449323132
1491 1.481314170798037
1492 1.480654572435487
1493 1.479989871763785
1494 1.479320347527894
1495 1.478647066272106
1496 1.477968880873572
1497 1.477286110382523
1498 1.476597955094013
1499 1.47590496253449
1500 1.475207514239941
1501 1.474505927782008
1502 1.47379914735103
1503 1.473069659239738
1504 1.472336564820396
1505 1.471600802966875
1506 1.470861141867277
1507 1.470118024392269
1508 1.469371581873298
1509 1.468621206518165
1510 1.467866068013781
1511 1.46710060122007
1512 1.466349805242345
1513 1.465594109853862
1514 1.464833011700776
1515 1.4640667984994
1516 1.463295604952319
1517 1.462518999688548
1518 1.46173725075039
1519 1.460950030821534
1520 1.460157310642965
1521 1.45935971640668
1522 1.458537200350061
1523 1.457707154239599
1524 1.456873997299713
1525 1.456037589819565
1526 1.455198884612306
1527 1.454357420252658
1528 1.453513035877438
1529 1.452665998197457
1530 1.451816424360133
1531 1.450984276121146
1532 1.450148192366722
1533 1.44930819268529
1534 1.448463866962103
1535 1.447615783924807
1536 1.446765688494788
1537 1.445911295179932
1538 1.445050312340703
1539 1.444185320817946
1540 1.443315999054953
1541 1.442443010802586
1542 1.441567100049179
1543 1.440687754886458
1544 1.439805088748937
1545 1.438918058792323
1546 1.438028000318945
1547 1.437134552021425
1548 1.436238138122825
1549 1.435339037903401
1550 1.434436782762534
1551 1.433531877657148
1552 1.432623545790649
1553 1.431689548680272
1554 1.430753010684163
1555 1.429813731434622
1556 1.428874651200309
1557 1.427932673231501
1558 1.426987696722593
1559 1.42603962393859
1560 1.425088457289344
1561 1.424133125495496
1562 1.423174360351805
1563 1.422211973615053
1564 1.421245214077136
1565 1.420274580174386
1566 1.419300360008162
1567 1.418321690941046
1568 1.417338821797284
1569 1.41634801251617
1570 1.415353668579517
1571 1.414355297446143
1572 1.413353327067096
1573 1.412347529435612
1574 1.411337824706467
1575 1.41032388103659
1576 1.409306141290495
1577 1.408284571681534
1578 1.407258498680015
1579 1.406228812441505
1580 1.405194704120538
1581 1.40415757963349
1582 1.403116573930982
1583 1.402070728859455
1584 1.401020277944708
1585 1.399965666071712
1586 1.398905705911682
1587 1.39784381572139
1588 1.39677367846428
1589 1.39569814841569
1590 1.394618496427507
1591 1.39353421275371
1592 1.392444266455505
1593 1.391349680568188
1594 1.390250051935152
1595 1.389145938445545
1596 1.388036870531052
1597 1.386923000241894
1598 1.385806624766112
1599 1.384684914934244
1600 1.383559047638152
1601 1.382428784725846
1602 1.381293373943305
1603 1.380152580133964
1604 1.379007182392838
1605 1.377857081578364
1606 1.376701605350063
1607 1.375541463563577
1608 1.374376814994886
1609 1.37320534701493
1610 1.372029577894401
1611 1.370847363270185
1612 1.369661876093594
1613 1.368472640248275
1614 1.367279826329326
1615 1.366082777912991
1616 1.364882125092796
1617 1.363676731204076
1618 1.362467093407656
1619 1.361252950763865
1620 1.36003399539719
1621 1.358809045494363
1622 1.357579336078248
1623 1.35634500340365
1624 1.355105006972999
1625 1.353863646413276
1626 1.352615889729388
1627 1.351360331203855
1628 1.350097167109051
1629 1.34882639797389
1630 1.347548758196897
1631 1.346262724648552
1632 1.344969575561707
1633 1.343669410593619
1634 1.342362006208454
1635 1.341047964222081
1636 1.33972720446954
1637 1.33839958476521
1638 1.337065436223015
1639 1.335725020283503
1640 1.334379561954566
1641 1.333028799079275
1642 1.331672276562438
1643 1.330311084406734
1644 1.328946452672667
1645 1.327576655662362
1646 1.326191886441289
1647 1.324802410775893
1648 1.323409126550081
1649 1.322011809554202
1650 1.320610954460424
1651 1.319206662914631
1652 1.317798684074721
1653 1.316387408612446
1654 1.314973204548933
1655 1.313555842208602
1656 1.312135594297384
1657 1.310711632013672
1658 1.309284590809139
1659 1.307854212232581
1660 1.306420325120867
1661 1.304982361363907
1662 1.303540371602446
1663 1.302095069397399
1664 1.300646265453683
1665 1.299193330590599
1666 1.29773595636523
1667 1.296274128897691
1668 1.294808301054701
1669 1.293338568268568
1670 1.291863553845662
1671 1.290383739942972
1672 1.288898969685081
1673 1.287409363275418
1674 1.285915039730294
1675 1.28441745461537
1676 1.282917964205444
1677 1.281442462378017
1678 1.279960266444894
1679 1.278471514691049
1680 1.276985388433786
1681 1.275492306844383
1682 1.273992976487971
1683 1.272486545691041
1684 1.27097382764697
1685 1.269453864027584
1686 1.267927817674833
1687 1.266395900788444
1688 1.264829225467258
1689 1.26325820244806
1690 1.261689397749058
1691 1.260116332418769
1692 1.258540789582028
1693 1.256961099904872
1694 1.255377577000513
1695 1.253790020804512
1696 1.252197665301324
1697 1.250599860633817
1698 1.248997902365881
1699 1.247392317415131
1700 1.245782705498767
1701 1.244169047668592
1702 1.242551239129146
1703 1.240929812514376
1704 1.239304044435273
1705 1.237674209857084
1706 1.236040672387509
1707 1.234403340967469
1708 1.232762927829359
1709 1.231119213842227
1710 1.229472344025962
1711 1.227822540254546
1712 1.226169534190969
1713 1.224513616172559
1714 1.222855548448374
1715 1.22119563599835
1716 1.219534061951185
1717 1.21786984159305
1718 1.216202702043852
1719 1.214532449472557
1720 1.212885747784851
1721 1.211233935452022
1722 1.209578135106191
1723 1.207918665257685
1724 1.206254628548639
1725 1.204586123945517
1726 1.20290451251137
1727 1.201219291248456
1728 1.199530654350764
1729 1.197839254260462
1730 1.196144341705506
1731 1.194446251972609
1732 1.192744883963777
1733 1.19104027721267
1734 1.189332104357751
1735 1.18762079668434
1736 1.185906378396098
1737 1.184188747379292
1738 1.182467724022587
1739 1.180742360201059
1740 1.179014370412989
1741 1.177282397139056
1742 1.175546939690396
1743 1.173807375478736
1744 1.172064142816083
1745 1.170318493103
1746 1.168539492119291
1747 1.166759252291944
1748 1.164977924437057
1749 1.163194851947496
1750 1.161410169042615
1751 1.159623066590581
1752 1.157834945837017
1753 1.156044800753483
1754 1.154252375836985
1755 1.152459614208095
1756 1.1506660000937
1757 1.14887104023758
1758 1.147076255165727
1759 1.14528134881365
1760 1.143488360341737
1761 1.141694706886642
1762 1.139901109553628
1763 1.138108629332348
1764 1.136317175070372
1765 1.134525837082402
1766 1.132734808629019
1767 1.130944142460672
1768 1.129153992895301
1769 1.127363699377518
1770 1.125573891360963
1771 1.123784694066458
1772 1.12199525084895
1773 1.120205365638279
1774 1.118415052188655
1775 1.116623958932526
1776 1.11483232965321
1777 1.113038958697104
1778 1.111244478954796
1779 1.109448806362573
1780 1.107653073540379
1781 1.105856424183439
1782 1.104059467743761
1783 1.102262676089133
1784 1.100472955127203
1785 1.098679586626274
1786 1.096886396719316
1787 1.095090190998146
1788 1.093295230846743
1789 1.091500988267913
1790 1.089708124853998
1791 1.087914582292709
1792 1.08612270605029
1793 1.08433176261168
1794 1.082542398354461
1795 1.08075554752025
1796 1.078969705632111
1797 1.077184454550257
1798 1.075399187137145
1799 1.073614551411214
1800 1.071831022374731
1801 1.070046622388356
1802 1.068263090718733
1803 1.066471325193757
1804 1.064680543215534
1805 1.062890606512197
1806 1.061101090391548
1807 1.059312597026718
1808 1.05752521974852
1809 1.055738224968901
1810 1.053951947221637
1811 1.052167686969574
1812 1.050383185541395
1813 1.048598175982107
1814 1.04681368024272
1815 1.045028413264347
1816 1.043242545437813
1817 1.041455419678984
1818 1.039671060590398
1819 1.037885719769665
1820 1.036099561238294
1821 1.034311212583167
1822 1.032518430795035
1823 1.030725027347688
1824 1.028931791373211
1825 1.027143071977848
1826 1.025354571506626
1827 1.023565300505231
1828 1.021776110843536
1829 1.019986591142931
1830 1.018197558623274
1831 1.016408700067388
1832 1.014620264306219
1833 1.012832546593327
1834 1.011046003576845
1835 1.009259845004586
1836 1.00746046134358
1837 1.005661926770219
1838 1.003864865069671
1839 1.002069241116521
1840 1.000275368670845
1841 0.9984829228563912
1842 0.9966919623420431
1843 0.9949017927250482
1844 0.9931137288765355
1845 0.9913263838252557
1846 0.989540298628635
1847 0.9877564676686684
1848 0.985974128680679
1849 0.9841942582711092
1850 0.9824159678545661
1851 0.9806399609107043
1852 0.9788651069463101
1853 0.9770841326006009
1854 0.9753051898159953
1855 0.9735276656932674
1856 0.9717516033218617
1857 0.9699778750754683
1858 0.9682054662682917
1859 0.966434361901045
1860 0.9646652243631479
1861 0.9628976110041653
1862 0.9611311412047583
1863 0.9593661211602516
1864 0.9576021122829378
1865 0.9558392965617167
1866 0.9540771335779107
1867 0.9523161258510321
1868 0.9505552599035571
1869 0.9487959010088294
1870 0.9470377868895171
1871 0.9452807867007909
1872 0.9435249739657609
1873 0.9417728014087775
1874 0.9400213571954161
1875 0.9382709591106636
1876 0.9365208088856187
1877 0.9347720816677755
1878 0.9330241775370695
1879 0.9312804403595113
1880 0.9295372718327772
1881 0.9277958151965721
1882 0.9260555224086531
1883 0.9243311668293497
1884 0.9226069661437996
1885 0.9208832356855974
1886 0.9191603768499429
1887 0.9174370132901919
1888 0.9157137934661571
1889 0.9139917190664106
1890 0.9122699488016902
1891 0.9105492742161236
1892 0.9088298019486913
1893 0.9071060058566247
1894 0.9053805971501013
1895 0.9036563391543486
1896 0.9019331487398004
1897 0.9002098113359636
1898 0.8984879611405459
1899 0.896767464640534
1900 0.8950475760657566
1901 0.8933298313974912
1902 0.8916134615561447
1903 0.8898982458821512
1904 0.888181206878257
1905 0.8864684245881421
1906 0.8847569232250426
1907 0.8830466845772264
1908 0.8813380897613842
1909 0.8796299093747726
1910 0.8779178921084899
1911 0.8762077000134999
1912 0.8745061421657213
1913 0.8728061276495233
1914 0.8711344358713872
1915 0.8694639354951151
1916 0.8677987217572796
1917 0.8661345773832441
1918 0.8644709072635503
1919 0.8628076101886787
1920 0.8611441981865506
1921 0.8594811877916906
1922 0.8578045736318215
1923 0.8561287768038439
1924 0.8544520994730246
1925 0.8527764279207843
1926 0.8511012012372948
1927 0.8494267675665778
1928 0.8477536046604377
1929 0.8460915746482431
1930 0.8444285361686029
1931 0.8427657252402633
1932 0.8411025304049453
1933 0.8394399166067176
1934 0.8378073998006718
1935 0.8361744457570214
1936 0.8345411377803427
1937 0.8329076534295248
1938 0.8312729583853522
1939 0.8296375167476919
1940 0.828002737856839
1941 0.8263670306884043
1942 0.8247313226006857
1943 0.8230953077833952
1944 0.8214576983881808
1945 0.8198200996641955
1946 0.8181818381982706
1947 0.8165430014167868
1948 0.8148982428931744
1949 0.8132538191223357
1950 0.8116097466503984
1951 0.8099656062047759
1952 0.8083223793387246
1953 0.8066721820180309
1954 0.8050224133092163
1955 0.8033743132183596
1956 0.8017272949874827
1957 0.8000815719664809
1958 0.7984429284666544
1959 0.7968048120584304
1960 0.7951353419788521
1961 0.7934629235305257
1962 0.7917946922647309
1963 0.7901311641066205
1964 0.7884728086195638
1965 0.7868208207043381
1966 0.7851735989219284
1967 0.7835458343648558
1968 0.7819234680006776
1969 0.7803075843817697
1970 0.7786968204977901
1971 0.7770923020634269
1972 0.7754974221422594
1973 0.7739083626419431
1974 0.7723250518587952
1975 0.7707423699363121
1976 0.7691665068880168
1977 0.7675973471748371
1978 0.7660400050673927
1979 0.7644867980599929
1980 0.7629381947408483
1981 0.7613940008014424
1982 0.7598545789965768
1983 0.7583184653678504
1984 0.7567868860131445
1985 0.7552594774437119
1986 0.753734802735183
1987 0.7521812435257922
1988 0.7506325258090301
1989 0.7490881700713739
1990 0.7475501073277826
1991 0.7460284536100122
1992 0.7445096083917259
1993 0.742992951658728
1994 0.7414775935170349
1995 0.7399657782940379
1996 0.7384571057057832
1997 0.7369513038341449
1998 0.7354487154193667
1999 0.7339502088948409
2000 0.7324552110786962
2001 0.730964466626248
2002 0.7294756238632199
2003 0.7279901279313623
2004 0.7265084642532507
2005 0.7250311247184715
2006 0.7235652112744008
2007 0.722104556871755
2008 0.7206486534462219
2009 0.719198190530832
2010 0.7177525608557243
2011 0.7163084481822967
2012 0.7148699425393582
2013 0.7134373240704015
2014 0.7120096235463728
2015 0.7105873201304608
2016 0.7091706381901772
2017 0.7077675196442086
2018 0.7063683756277294
2019 0.7049631585586377
2020 0.7035629807132269
2021 0.7021672517881952
2022 0.7007763821871982
2023 0.6993892622237036
2024 0.6980062957182145
2025 0.6966260272558661
2026 0.6952488698512487
2027 0.6938757927553942
2028 0.6925055528937966
2029 0.6911391485260575
2030 0.6897760764135693
2031 0.6884141930926007
2032 0.6870556210239927
2033 0.6856992603273637
2034 0.6843452918528215
2035 0.6829937050689817
2036 0.6816445155194747
2037 0.6802969709039909
2038 0.6789515946201257
2039 0.6776074066418363
2040 0.6762646752023576
2041 0.6749209515258023
2042 0.6735824464941401
2043 0.6722464436364949
2044 0.6709120179292694
2045 0.6695802832525842
2046 0.668252043452805
2047 0.6669267374127393
2048 0.6656031119235502
2049 0.6642826914883295
2050 0.6629663771276569
2051 0.6616536758536458
2052 0.660345278597795
2053 0.6590401523843383
2054 0.6577392211427426
2055 0.6564422612246742
2056 0.6551502231000963
2057 0.6538623644533527
2058 0.6525792770461346
2059 0.6513014280814887
2060 0.6500276876615121
2061 0.6487593590174731
2062 0.6474963043719419
2063 0.6462405605685819
2064 0.6449898194366371
2065 0.6437439053510355
2066 0.6425099266663576
2067 0.6412804965970305
2068 0.6400556272157865
2069 0.6388618917905514
2070 0.6376714247473518
2071 0.6364844709042166
2072 0.6352971565772972
2073 0.6341129597348137
2074 0.6329315172334005
2075 0.6317528078962659
2076 0.6305773397744442
2077 0.6294046745447163
2078 0.6282337599335272
2079 0.6270653779325781
2080 0.6258988548368577
2081 0.6247344684554718
2082 0.6235730577618625
2083 0.6224133613688583
2084 0.621255772582494
2085 0.6201017201711981
2086 0.6189498706581423
2087 0.6177992349572637
2088 0.6166511132919734
2089 0.6155046182516429
2090 0.6143607101870273
2091 0.6132189045999713
2092 0.6120793949095494
2093 0.6109413451570371
2094 0.6098055701510384
2095 0.6086719404036706
2096 0.6075422421987475
2097 0.6064155276056588
2098 0.6052922938765443
2099 0.6041612572843237
2100 0.6030193987961063
2101 0.6018843154266482
2102 0.6007554566938627
2103 0.5996301207270256
2104 0.5985115468540874
2105 0.5973988110667891
2106 0.596305309393753
2107 0.5952179187168408
2108 0.5941356299336116
2109 0.5930592856163945
2110 0.5919877432744882
2111 0.5909215624282865
2112 0.5898619951994925
2113 0.5888088639695233
2114 0.5877599769476851
2115 0.5867167575152964
2116 0.5856791808418406
2117 0.58464787999915
2118 0.5836217419708446
2119 0.5826006449900605
2120 0.5815855218520675
2121 0.5805766738244504
2122 0.5795740265762381
2123 0.5785774702148213
2124 0.5775853283481384
2125 0.5765989668164523
2126 0.5756195221511407
2127 0.5746459153926198
2128 0.5736780934683
2129 0.5727161155283224
2130 0.5717599392220126
2131 0.5707744549911928
2132 0.5697955628689175
2133 0.5688167782318628
2134 0.5678437950819822
2135 0.5668781310082065
2136 0.5659197461273752
2137 0.5649701945788024
2138 0.5640292455055953
2139 0.5630963951275749
2140 0.5621752660004145
2141 0.5612620710800359
2142 0.560356958656925
2143 0.5594594832805296
2144 0.5585687731441758
2145 0.5576852933179579
2146 0.5568067178124243
2147 0.5559348141239944
2148 0.5550710159431241
2149 0.5542143769042696
2150 0.5533656382081256
2151 0.5525369987034036
2152 0.5517139120567735
2153 0.5508970911698252
2154 0.5500850076336947
2155 0.5492781628042066
2156 0.5484767191456343
2157 0.547680495254941
2158 0.546888781774223
2159 0.5461022171056836
2160 0.5453195116936676
2161 0.54454751763523
2162 0.5437790413262291
2163 0.5430145879936184
2164 0.5422531286520891
2165 0.5414960230313342
2166 0.5407420352433157
2167 0.5399937312518517
2168 0.5392505440051353
2169 0.5385118261248847
2170 0.5377778907788914
2171 0.5370484181977868
2172 0.5363408330338273
2173 0.5356368199540457
2174 0.534936012876312
2175 0.5342385927623283
2176 0.5335435691678199
2177 0.5328481603530239
2178 0.5321556573690773
2179 0.5314640699383514
2180 0.5307717711470631
2181 0.5300814048948851
2182 0.529392749122676
2183 0.5287057099174035
2184 0.5280199005492712
2185 0.5273351425298357
2186 0.5266522799558462
2187 0.5259693316118738
2188 0.5252598966485182
2189 0.5245531733706492
2190 0.5238627065385948
2191 0.5231746386581661
2192 0.522480815833529
2193 0.5217910364213712
2194 0.5211063668291676
2195 0.5204274767361715
2196 0.519769389041719
2197 0.5191168496817357
2198 0.5184703288556755
2199 0.5178305832396901
2200 0.5171965150774014
2201 0.5165701184808511
2202 0.515950441202513
2203 0.5153468567119747
2204 0.5147498323549647
2205 0.5141594689631795
2206 0.5135754146569102
2207 0.5129984732432071
2208 0.5124265315206871
2209 0.5118614413914269
2210 0.511284517644798
2211 0.5107163675723085
2212 0.5101571316040456
2213 0.5096056819451028
2214 0.5090626950707918
2215 0.5085275973618373
2216 0.5079993865329529
2217 0.5074780836239209
2218 0.5069626796654696
2219 0.5064534674920549
2220 0.5059497558429883
2221 0.5054515747184815
2222 0.5049588839398737
2223 0.5044717047321339
2224 0.5039908457289065
2225 0.5035139524281839
2226 0.5030426462840733
2227 0.5025769013515544
2228 0.5021153535631018
2229 0.5016589528489354
2230 0.501207139126852
2231 0.500759286090536
2232 0.5003154809857132
2233 0.4998755728417714
2234 0.4994399455422934
2235 0.4990084215978787
2236 0.4985858052398886
2237 0.4981660526751047
2238 0.4977511658497714
2239 0.4973405273877438
2240 0.4969416819747899
2241 0.4965463051371539
2242 0.4961547614335463
2243 0.4957666575558349
2244 0.495382686321132
2245 0.4950020028162192
2246 0.4946253908233887
2247 0.4942550982334337
2248 0.4938882707994164
2249 0.4935257885586865
2250 0.4931675786830085
2251 0.4928114032895867
2252 0.4924585207907581
2253 0.4921117403359229
2254 0.4917589569461742
2255 0.4914113708016059
2256 0.4910685429054805
2257 0.4907298330618714
2258 0.4903953634370175
2259 0.4900657849081454
2260 0.4897422448971308
2261 0.4894250312582062
2262 0.4891128828920198
2263 0.4888058845128112
2264 0.4885150766909736
2265 0.4882292169174211
2266 0.4879480133197921
2267 0.4876714603437363
2268 0.4873987460994319
2269 0.4871281997667661
2270 0.4868612008406651
2271 0.4865999269731797
2272 0.4863432713211408
2273 0.486091981792913
2274 0.4858452233660612
2275 0.4856023574733355
2276 0.4853635676828676
2277 0.4851301447635716
2278 0.484901314462999
2279 0.4846767105217022
2280 0.4844563998347721
2281 0.4842407251307907
2282 0.4840278470433536
2283 0.4838193134516046
2284 0.4836156419938242
2285 0.4834170258008558
2286 0.483222306671834
2287 0.4830321904124895
2288 0.4828469308803119
2289 0.4826658163755546
2290 0.4824887616300255
2291 0.4823165513743957
2292 0.4821488381979683
2293 0.4819844698789434
2294 0.4818256272742505
2295 0.4816690090967641
2296 0.4815184562080532
2297 0.4813724939980653
2298 0.4812316706337074
2299 0.4810938130821941
2300 0.4809601093890368
2301 0.4808305274311506
2302 0.480704783054101
2303 0.4805826005064071
2304 0.4804680394322557
2305 0.4803563441009215
2306 0.4802474068551168
2307 0.4801413600391001
2308 0.4800357844953891
2309 0.4799403823693088
2310 0.4798467898819027
2311 0.479755816099272
2312 0.4796665868591172
2313 0.4795797719459245
2314 0.4794966331326465
2315 0.4794171770175732
2316 0.4793405371032843
2317 0.4792668960151141
2318 0.4791776942376768
2319 0.4790910282057555
2320 0.4790092217327124
2321 0.4789306334482414
2322 0.4788547414606471
2323 0.4787819015333115
2324 0.4787158731867839
2325 0.4786536874333829
2326 0.4785950862232621
2327 0.4785417058508759
2328 0.4784908650063738
2329 0.4784451592224114
2330 0.4783998745023517
2331 0.4783640783159487
2332 0.4783333431769219
2333 0.478307526908471
2334 0.4782746270525772
2335 0.4782494452061785
2336 0.4782313845220816
2337 0.4782214294628298
2338 0.4782201901540103
2339 0.4782260859718339
2340 0.4782382900164596
2341 0.4782571718698772
2342 0.478282089519745
2343 0.4783130150827651
2344 0.478349993497478
2345 0.4783920310217581
2346 0.478439021448571
2347 0.4785051684838046
2348 0.4785757496337081
2349 0.4786508773429941
2350 0.4787292327982719
2351 0.4788056827832848
2352 0.4788759041677994
2353 0.4789512098602893
2354 0.4790304906859325
2355 0.4791142745615246
2356 0.4792021492025698
2357 0.479295672517742
2358 0.4793940865102277
2359 0.4794971330890289
2360 0.4796049793041662
2361 0.4797168097474833
2362 0.4798328818032921
2363 0.4799528410617246
2364 0.4800774850309787
2365 0.4802051903454684
2366 0.4803363515682785
2367 0.4804710191107919
2368 0.4806113556106037
2369 0.4807567419756207
2370 0.4809064385975825
2371 0.4810592642583048
2372 0.4812160704205742
2373 0.4813772370930367
2374 0.4815410746284372
2375 0.4817085123117192
2376 0.4818787929285767
2377 0.4820516201905846
2378 0.4822281018980471
2379 0.4824074616463172
2380 0.482590348847887
2381 0.4827782677221488
2382 0.4829685041366625
2383 0.4831615102856269
2384 0.4833566058048852
2385 0.4835489914189435
2386 0.4837434706098718
2387 0.4839403757036853
2388 0.4841396792470922
2389 0.4843411660997712
2390 0.4845460092375949
2391 0.4847543652691491
2392 0.4849653806862485
2393 0.4851783979519759
2394 0.4853936820708056
2395 0.485611183430803
2396 0.4858306822426614
2397 0.4860534814862148
2398 0.4862785673458772
2399 0.4865073739074597
2400 0.4867386880674772
2401 0.486973776833217
2402 0.4872120559861903
2403 0.4874527567584587
2404 0.4876962162642506
2405 0.4879429315637155
2406 0.4881932710715587
2407 0.48844703293786
2408 0.488703991889078
2409 0.4889631160346667
2410 0.4892254221928921
2411 0.4894905868141016
2412 0.4897585620809256
2413 0.4900303022415607
2414 0.4903042868202359
2415 0.490579457370668
2416 0.490857253042218
2417 0.4911384695807779
2418 0.491422984981878
2419 0.4917117436097305
2420 0.4920263580686368
2421 0.4923422175440851
2422 0.4926595324300712
2423 0.492977699898837
2424 0.4932985006028943
2425 0.4936211493350973
2426 0.4939463435605724
2427 0.4942501738374138
2428 0.4945562381235453
2429 0.4948647512905511
2430 0.4951761390290238
2431 0.4954900573284558
2432 0.4958062685743257
2433 0.4961258358758627
2434 0.4964479544401431
2435 0.496773179582281
2436 0.4971000215696096
2437 0.4974283967517614
2438 0.4977597732498174
2439 0.4980930808708043
2440 0.4984282099101111
2441 0.498765715174246
2442 0.4991046734096118
2443 0.4994460832727168
2444 0.4997899831046734
2445 0.5001357330133162
2446 0.5004854639366615
2447 0.5008375579605867
2448 0.5011920627014851
2449 0.5015490164227264
2450 0.5019074951123382
2451 0.5022679299989495
2452 0.5026309774824324
2453 0.5029955462576027
2454 0.5033623617166185
2455 0.5037334622127935
2456 0.5041069343447761
2457 0.5044828302198641
2458 0.5048594187653823
2459 0.5052380112567595
2460 0.5056189361902216
2461 0.5060013776089551
2462 0.5063894212986974
2463 0.5067777969766568
2464 0.5071663292948347
2465 0.5075560822208428
2466 0.5079467846807872
2467 0.5083382119018217
2468 0.5087589610199366
2469 0.509179141482344
2470 0.5095985114104297
2471 0.5100182692129135
2472 0.5104353758361768
2473 0.5108528646671658
2474 0.5112711924004093
2475 0.5116907972091155
2476 0.5121104901155696
2477 0.5125320987300676
2478 0.5129538299206073
2479 0.5133791903786994
2480 0.5138054715305744
2481 0.5142329925536012
2482 0.5146614243878752
2483 0.515090687298885
2484 0.5155196489199403
2485 0.5159464929558585
2486 0.516374241892411
2487 0.5168035473541928
2488 0.5172343891766095
2489 0.5176676445713428
2490 0.5181022898285586
2491 0.518537355258795
2492 0.5189743438366826
2493 0.5194119595679614
2494 0.5198515336960525
2495 0.5202918297858407
2496 0.5207338215080797
2497 0.5211777151142016
2498 0.5216242111591972
2499 0.5220732176437483
2500 0.5225247334753466
2501 0.5229841587448156
2502 0.5234459787087762
2503 0.5239094934595437
2504 0.5243756080678186
2505 0.5248431738067426
2506 0.525312987661134
2507 0.5257841518101
2508 0.5262581669700646
2509 0.5267331173151438
2510 0.5272099129589773
2511 0.5276893400476737
2512 0.5281693663841063
2513 0.5286509321655819
2514 0.5291338794328082
2515 0.5296176599682985
2516 0.5301030202988495
2517 0.5305901886724895
2518 0.5310786307643265
2519 0.5315678650766209
2520 0.5320593366354418
2521 0.5325509589849546
2522 0.5330509567272711
2523 0.5335351824193315
2524 0.5340197552599567
2525 0.5345053600930568
2526 0.5349929985499151
2527 0.5354814422951107
2528 0.5359732263088749
2529 0.5364669231560859
2530 0.5369620215507072
2531 0.5374587363395024
2532 0.5379576603564523
2533 0.5384597488114244
2534 0.5389626397927686
2535 0.5394687009326518
2536 0.5399767068347543
2537 0.5404704662769662
2538 0.5409677092967595
2539 0.541468803419365
2540 0.5419725273978922
2541 0.5424785979603224
2542 0.5429880472996547
2543 0.5435005402984505
2544 0.5440163147135398
2545 0.5445355351213151
2546 0.545057422171797
2547 0.5455821524568597
2548 0.5461100276453935
2549 0.5466409123689174
2550 0.5471747153793753
2551 0.5477111860337617
2552 0.5482502519183119
2553 0.5487926783501888
2554 0.5493362428299631
2555 0.5498822033705325
2556 0.5504307401934239
2557 0.5509794792019979
2558 0.5515300778015507
2559 0.5520774849239583
2560 0.5526269961679701
2561 0.5531784624844642
2562 0.5537325666587045
2563 0.5542887474199513
2564 0.5548456867763439
2565 0.5554039895809737
2566 0.5559637779673013
2567 0.5565257984152844
2568 0.5570892674873338
2569 0.5576536496609419
2570 0.5582187006406028
2571 0.5587847754128753
2572 0.5593534166413512
2573 0.5599233742675154
2574 0.5604942211787352
2575 0.5610609624476155
2576 0.5616298458772382
2577 0.5622013921760172
2578 0.5627742551203053
2579 0.5633489731108403
2580 0.563925059676758
2581 0.5645034815964621
2582 0.5650862171159968
2583 0.5656706942409234
2584 0.56625671890144
2585 0.5668597849268894
2586 0.5674636430357088
2587 0.5680676980891873
2588 0.5686966866071977
2589 0.5693244588237669
2590 0.5699509840573497
2591 0.5705770544588878
2592 0.5712013383944711
2593 0.5718248758601657
2594 0.5724454826339076
2595 0.573063621114082
2596 0.5736793166911455
2597 0.5742933530661988
2598 0.5749053509859523
2599 0.5755142370289057
2600 0.5761212978984103
2601 0.5767263053104229
2602 0.5773290143133595
2603 0.5779289322491337
2604 0.578527032567449
2605 0.57912341349848
2606 0.5797167547933857
2607 0.5803074754465316
2608 0.5808963516696861
2609 0.5814838873391132
2610 0.5820697083687624
2611 0.5826538929591207
2612 0.5832362693605553
2613 0.5838180896213754
2614 0.5843979207590212
2615 0.5849765755586037
2616 0.5855551438224975
2617 0.5861330732249906
2618 0.5867098136215082
2619 0.5872856975146455
2620 0.5878612737007067
2621 0.5884368124603471
2622 0.5890128395736498
2623 0.5895890157549376
2624 0.5901652566872728
2625 0.5907415807272806
2626 0.591319042693747
2627 0.5918968503183606
2628 0.5924743701428626
2629 0.5930530367759845
2630 0.5936322760387544
2631 0.5942120956373402
2632 0.594792734072509
2633 0.5953736956604186
2634 0.5959552818868876
2635 0.5965379567603969
2636 0.5971216741769952
2637 0.5977065780129878
2638 0.5982920903816055
2639 0.5988714875347022
2640 0.5994522419267951
2641 0.600037931229811
2642 0.600624939675956
2643 0.6012106444618818
2644 0.6017982231930197
2645 0.6023864313669431
2646 0.6029785907574018
2647 0.6035725378801886
2648 0.6041669306583953
2649 0.6047619469730352
2650 0.6053567015192035
2651 0.6059522977244237
2652 0.6065479743428507
2653 0.6071437605108065
2654 0.6077400970044107
2655 0.6083369571977554
2656 0.6089342883202659
2657 0.6095321388232647
2658 0.6101304110883854
2659 0.6107283824151654
2660 0.6113266827151767
2661 0.6119248782006401
2662 0.6125191190762317
2663 0.6131135962021018
2664 0.6137077216777697
2665 0.6143028638027165
2666 0.6148979160686532
2667 0.6154920176641012
2668 0.6160863593882727
2669 0.6166810028833144
2670 0.6172750925998248
2671 0.6178688165417212
2672 0.618461381621207
2673 0.619054145743285
2674 0.6196470746780909
2675 0.6202397212058586
2676 0.6208328782088468
2677 0.6214257089544836
2678 0.6220180639906544
2679 0.6226091257481204
2680 0.6232006805160216
2681 0.6237912220912287
2682 0.624380886760401
2683 0.6249705856993013
2684 0.6255599794923652
2685 0.6261485103321158
2686 0.6267368296779018
2687 0.6273267680498965
2688 0.627917120669705
2689 0.6285076942428454
2690 0.6290891167709621
2691 0.6296699800412275
2692 0.6302487020926271
2693 0.630827375722142
2694 0.6314060297826869
2695 0.6319848898468709
2696 0.6325634778230629
2697 0.633142425548445
2698 0.6337217164045126
2699 0.634301799775665
2700 0.6348822221842498
2701 0.6354629902263378
2702 0.6360442531353295
2703 0.6366248930753181
2704 0.6372060759058901
2705 0.6377869852666085
2706 0.6383679142877672
2707 0.6389486353529925
2708 0.6395294078990546
2709 0.6401107127250265
2710 0.6406920291744817
2711 0.6412734449791488
2712 0.641855442122519
2713 0.6424371673320543
2714 0.6430180616870136
2715 0.6435998245963412
2716 0.6442790000971267
2717 0.6448546217320239
2718 0.6454290955551892
2719 0.6460023487940221
2720 0.6465759099371563
2721 0.6471477698842536
2722 0.6477197149932058
2723 0.6482898471901505
2724 0.6489494129542974
2725 0.6495133018488292
2726 0.6500770653599404
2727 0.6506396045960734
2728 0.6512011290145365
2729 0.6518475294008103
2730 0.652402520902153
2731 0.6529578555774956
2732 0.6535127733832782
2733 0.6540665736726781
2734 0.6547021379239004
2735 0.6552502177549185
2736 0.655798783003811
2737 0.6563474656989625
2738 0.6568982196720605
2739 0.6575259204995355
2740 0.6580699397187274
2741 0.658617833254132
2742 0.6591655722887287
2743 0.6597131342286277
2744 0.6603344330202208
2745 0.6608775992371472
2746 0.6614207013517831
2747 0.6619636698383391
2748 0.6625777002261326
2749 0.6631169181525779
2750 0.6636551481503895
2751 0.664194010561413
2752 0.6648014732523117
2753 0.6653366010091371
2754 0.6658718575278507
2755 0.6664746357018949
2756 0.6670073600304114
2757 0.6675397227747899
2758 0.6680724979454435
2759 0.6686715836332504
2760 0.6692016641311135
2761 0.6697279969923845
2762 0.6703221206869854
2763 0.6708464256269705
2764 0.6713725400221693
2765 0.6719654482510932
2766 0.6724885277466328
2767 0.6730125704706564
2768 0.6735374945948941
2769 0.6741344686908988
2770 0.6746476367843171
2771 0.6751620924810571
2772 0.6757441087216094
2773 0.6762573561557269
2774 0.6767716100378788
2775 0.677355599897309
2776 0.6778700712802769
2777 0.6783859009639665
2778 0.6789033200263662
2779 0.6794916773841897
2780 0.6800080036079541
2781 0.6805254516345706
2782 0.6810451210965383
2783 0.6816372497524867
2784 0.6821564785996946
2785 0.6826766586639954
2786 0.6831987224719291
2787 0.6837222572356859
2788 0.6842474595090553
2789 0.684844987922514
2790 0.6853658359586786
2791 0.6858886014505191
2792 0.6864134988403109
2793 0.6869397566509101
2794 0.6874671078702657
2795 0.688072094531207
2796 0.6885991026142406
2797 0.6891270137692866
2798 0.6896561413091479
2799 0.6901856551636942
2800 0.6907904167052591
2801 0.6913180158716368
2802 0.6918461402427798
2803 0.6923753395150538
2804 0.6929050775899331
2805 0.6935078693143817
2806 0.6940347578961872
2807 0.6945619005366298
2808 0.6950894996687256
2809 0.6956859389642711
2810 0.6962080375454887
2811 0.6967295529658343
2812 0.6973182186818741
2813 0.6978360555234517
2814 0.6983543669962632
2815 0.6989375835964933
2816 0.6994524992285816
2817 0.6999673642717798
2818 0.7005450069488001
2819 0.7010556372688693
2820 0.7015657697756119
2821 0.7021372965298679
2822 0.702643285500026
2823 0.7032082762376701
2824 0.7037100495857701
2825 0.7042647564159522
2826 0.7047577766674182
2827 0.7052498284168783
2828 0.7058017112155308
2829 0.7062903291699806
2830 0.7067787411770961
2831 0.7073291213575503
2832 0.7078176883262093
2833 0.7083054935416353
2834 0.7087937520775001
2835 0.7092822754597695
2836 0.7097705926289507
2837 0.7102594508951536
2838 0.7107495325535326
2839 0.7112413593530498
2840 0.7117339851528309
2841 0.7122269596730944
2842 0.7127217445999652
2843 0.7132165360543978
2844 0.7137120934667782
2845 0.7142109117382446
2846 0.7147100944387392
2847 0.7152096679789121
2848 0.7157093365447715
2849 0.7162091355425913
2850 0.7167100335321691
2851 0.7172120635008542
2852 0.7177134474327606
2853 0.7182152123701627
2854 0.7187174047239836
2855 0.7192199526877096
2856 0.7197224948445512
2857 0.7202240171393416
2858 0.7207251268427983
2859 0.7212262555210067
2860 0.721728162516741
2861 0.7222288555096587
2862 0.72272815397484
2863 0.7232273734451823
2864 0.7237262451953951
2865 0.724224159256897
2866 0.7247197630844211
2867 0.7252139804213901
2868 0.7257063617701819
2869 0.7261985356393533
2870 0.7266890155374018
2871 0.72717754862832
2872 0.7276643646167601
2873 0.7281501607918047
2874 0.7286346782798864
2875 0.7291176735555088
2876 0.7296191050144367
2877 0.7301184733854867
2878 0.7306149208976422
2879 0.7311090914006849
2880 0.7316007226947199
2881 0.7320896556740016
2882 0.7325757650706509
2883 0.7330599052907916
2884 0.7335422939630032
2885 0.7340218644399382
2886 0.7344984458887307
2887 0.7349692216354289
2888 0.7354327290413196
2889 0.7358950999612968
2890 0.7363932799534927
2891 0.7368506154021487
2892 0.7373055163859753
2893 0.7377593094911616
2894 0.738212207044585
2895 0.7386634718391145
2896 0.7391134065449928
2897 0.7395612065939513
2898 0.7400081883773513
2899 0.7404542835170578
2900 0.7408974757109973
2901 0.7413407799731208
2902 0.7417846839814315
2903 0.7422286721913697
2904 0.7426733166414898
2905 0.7431179490398325
2906 0.7435630340969737
2907 0.7440083007675504
2908 0.7444529733024585
2909 0.7448977910239503
2910 0.7453416407414478
2911 0.7457859665084413
2912 0.7462301382498836
2913 0.7466750281441272
2914 0.7471198751573599
2915 0.7475647772250987
2916 0.7480097701352707
2917 0.7484541297062877
2918 0.7488978062027596
2919 0.7493410943230423
2920 0.7497836203287446
2921 0.7502179876389544
2922 0.7506525482903843
2923 0.7510846631940104
2924 0.751515923453737
2925 0.7519470388040968
2926 0.7523777569686116
2927 0.7528080262631487
2928 0.7532377606554367
2929 0.753666698712705
2930 0.75409446966487
2931 0.7545211587477622
2932 0.7549470089128776
2933 0.7553724267700901
2934 0.7557963621630894
2935 0.756221292355529
2936 0.7566450414250111
2937 0.7570680265279457
2938 0.7574895357522482
2939 0.7579098514900244
2940 0.758330341907105
2941 0.7587499875902655
2942 0.7591683863026317
2943 0.7595852213294452
2944 0.7600008960112431
2945 0.7604152414996075
2946 0.7608287824138876
2947 0.7612416123839449
2948 0.7616527892391031
2949 0.7620618913797871
2950 0.7624696022544253
2951 0.7628772732465349
2952 0.7632835558175148
2953 0.7636885902970961
2954 0.7640928515076344
2955 0.7644964359520141
2956 0.7648991863452707
2957 0.7653007399955166
2958 0.7657012170763361
2959 0.7661003201052961
2960 0.7664969728029801
2961 0.7668922273946471
2962 0.7672862194529718
2963 0.7676792595124343
2964 0.7680707968750392
2965 0.7684614271870887
2966 0.7688508324541533
2967 0.7692387768631878
2968 0.7696262239801168
2969 0.7700122638261501
2970 0.7703978890742842
2971 0.7707910118659745
2972 0.7711716857251645
2973 0.7715507649171123
2974 0.7719283413213429
2975 0.772304837251846
2976 0.7726794902997917
2977 0.7730532548050771
2978 0.7734257306262113
2979 0.7737971630968479
2980 0.7741670485935157
2981 0.7745358143474735
2982 0.7749036167973371
2983 0.7752700628465856
2984 0.7756344306242873
2985 0.7759979592240602
2986 0.7763587721899936
2987 0.7767178692478712
2988 0.7770763378918639
2989 0.7774336740873635
2990 0.7777890146444417
2991 0.7781431342845767
2992 0.7784956938370908
2993 0.7788497430607255
2994 0.7792036416730058
2995 0.7795560975137207
2996 0.7799073162478359
2997 0.7802576698351853
2998 0.7806050774228054
2999 0.7809504895241204
3000 0.7812942132098827
