"lift-rfile"
"Iteration" "lift"
("Iteration" "lift")
1 -1.075584090106725
2 -1.640667629991037
3 -2.061245866780699
4 -2.308551458317946
5 -2.428003318169798
6 -2.439514345121627
7 -2.355528162731519
8 -2.226566718375699
9 -2.069513712199918
10 -1.940491540129582
11 -1.854021963367389
12 -1.785687922059588
13 -1.718569668282546
14 -1.644912861004221
15 -1.579146866496536
16 -1.517337494075927
17 -1.457241428935695
18 -1.398316139954877
19 -1.340753255060917
20 -1.283973462333453
21 -1.225975000545051
22 -1.167544619442764
23 -1.108753046573912
24 -1.048258945751247
25 -0.9876087291448868
26 -0.9259852722974142
27 -0.8633268440576272
28 -0.7997962002348145
29 -0.7355664995973282
30 -0.6703273771748467
31 -0.6084417744683355
32 -0.5468764255558719
33 -0.486995135052095
34 -0.4296012744479701
35 -0.3725570678980666
36 -0.3172342072966332
37 -0.2641455678897089
38 -0.2121200089104412
39 -0.1627792018777191
40 -0.1160860407778641
41 -0.07240721203884638
42 -0.03137210097385743
43 0.005931822851598986
44 0.04077343757760326
45 0.0721468882998149
46 0.1005831436318682
47 0.1266948199582369
48 0.1499601467718621
49 0.1708864222902762
50 0.1897636206547934
51 0.2065062775172897
52 0.221602785270045
53 0.2358790136798777
54 0.2486192719869528
55 0.2599526055733282
56 0.2699654284907102
57 0.2788753358148117
58 0.2866092717987626
59 0.2931961924312938
60 0.2985743028250675
61 0.302602462201171
62 0.3051004719540362
63 0.306397518054239
64 0.3058698613998916
65 0.3034746211029619
66 0.2987832632663169
67 0.2953122009811482
68 0.2871886208455919
69 0.2800253546544172
70 0.267967247428601
71 0.257140847495936
72 0.2414158038401704
73 0.2270765889868134
74 0.2080104529079376
75 0.190537022552993
76 0.1685788330560353
77 0.1480090486332108
78 0.1260473120242389
79 0.1002421915349709
80 0.07611790153588119
81 0.05098052586577451
82 0.02259466373577387
83 -0.003899505082826271
84 -0.03321549379582948
85 -0.06071274822777637
86 -0.09059978672333052
87 -0.1185663286004462
88 -0.1486812850027915
89 -0.1783660669962678
90 -0.2060084193275333
91 -0.2350955301089139
92 -0.2635671726829218
93 -0.2913766314893646
94 -0.3169400723839009
95 -0.3433235297995991
96 -0.3688027693424431
97 -0.3919186327340689
98 -0.415329841016254
99 -0.4363333318098792
100 -0.4574420170299961
101 -0.4761181520395619
102 -0.4935618805559798
103 -0.5097132484935159
104 -0.5254500421531188
105 -0.5388294951107485
106 -0.5508213464868762
107 -0.5613896479155121
108 -0.5705202044564001
109 -0.578698493642719
110 -0.5848990606290249
111 -0.5896544526974992
112 -0.5931619748201934
113 -0.5950496429434947
114 -0.5955342977735981
115 -0.5946782651096385
116 -0.5923115523639618
117 -0.5886079790255601
118 -0.5836291808397797
119 -0.5778673793868419
120 -0.5705144519618195
121 -0.5621093819181909
122 -0.5527213115509155
123 -0.5430197987225921
124 -0.5318547181399113
125 -0.5199457727989501
126 -0.5080135362800563
127 -0.4947751701156211
128 -0.4816872273510404
129 -0.4674130828513632
130 -0.4534395728341172
131 -0.4390970199855148
132 -0.4237547842880438
133 -0.4089144040938329
134 -0.3938993265766055
135 -0.3787639411590131
136 -0.3635533715596231
137 -0.3483334578779835
138 -0.3331539793798974
139 -0.3180682811903988
140 -0.3031291340354342
141 -0.2883777881680377
142 -0.2731503662238104
143 -0.258981406894872
144 -0.2451411457981503
145 -0.2316785691213018
146 -0.2186330102460561
147 -0.2060440087689277
148 -0.1932876355102203
149 -0.1817605054762894
150 -0.1707925338748925
151 -0.1604246325843765
152 -0.1500641732153891
153 -0.140962687869437
154 -0.1325267041864207
155 -0.1247799876672912
156 -0.1172538713803077
157 -0.1109739297300232
158 -0.1054363457972548
159 -0.1006587610615157
160 -0.09665189027557893
161 -0.09313095271410922
162 -0.09074296423692495
163 -0.08915002859062143
164 -0.08834503339313703
165 -0.0883295862622048
166 -0.08909273745630279
167 -0.0906355331558787
168 -0.09295199900723586
169 -0.096031118048428
170 -0.09986774019363838
171 -0.1044378726062413
172 -0.1097213495665738
173 -0.1156980841383202
174 -0.1223474743793106
175 -0.1296407538716428
176 -0.1375510563671952
177 -0.1460483402438009
178 -0.1550996017160874
179 -0.1646660158441975
180 -0.1747200130186557
181 -0.1852151713774982
182 -0.196113380093871
183 -0.2073803221864367
184 -0.2189666708422021
185 -0.2308288575965664
186 -0.2429282225704681
187 -0.2552096379931969
188 -0.2676274604259307
189 -0.2801352352138514
190 -0.2926765157776462
191 -0.3052307873165635
192 -0.3177389066113618
193 -0.3301758321524006
194 -0.3424591290733159
195 -0.3545594313218186
196 -0.3664354856656649
197 -0.3780444335978619
198 -0.3893433686383803
199 -0.4002915129221983
200 -0.4108545973630216
201 -0.420997497108018
202 -0.4306872185921782
203 -0.4398954598725123
204 -0.4485915485258516
205 -0.4567583214368847
206 -0.4643600828480348
207 -0.4713741818714606
208 -0.4777689262226307
209 -0.4835395540355764
210 -0.4886705133056737
211 -0.4931525698223408
212 -0.4969748403861142
213 -0.5001282774871729
214 -0.5026384782410025
215 -0.5044742121107544
216 -0.5056331445510082
217 -0.506120553187869
218 -0.5059440034310716
219 -0.5051111430733685
220 -0.5036294446509781
221 -0.5015291171650048
222 -0.4988192463716187
223 -0.4955187768055843
224 -0.4916484007871936
225 -0.4872334705199072
226 -0.4822975531037178
227 -0.4768684804494895
228 -0.4709756939748738
229 -0.4646487156806418
230 -0.4579193245586559
231 -0.4508147958537364
232 -0.4433753081228022
233 -0.4356440504952315
234 -0.4276509927561867
235 -0.4194336965739373
236 -0.41102924055009
237 -0.4024759178434493
238 -0.3938136240201498
239 -0.3850774551553294
240 -0.3763074171298576
241 -0.367542957935625
242 -0.3588188109240316
243 -0.3501729018669169
244 -0.3416389013118825
245 -0.3332530063553169
246 -0.3250493789598221
247 -0.3170607482273297
248 -0.3093162328706214
249 -0.3018473125797844
250 -0.2946818384608798
251 -0.2878508430299593
252 -0.2813713929142041
253 -0.2752685734293239
254 -0.2695612732376501
255 -0.2642676639220023
256 -0.2594048883138155
257 -0.2549880106844668
258 -0.2510289843368013
259 -0.2475396680671826
260 -0.2445258394602462
261 -0.2419937438813122
262 -0.2399497871823169
263 -0.2383950353887729
264 -0.237329966029149
265 -0.2367500124243148
266 -0.2366525401681626
267 -0.2370344997475881
268 -0.2378868960562381
269 -0.2392021950333258
270 -0.2409695146288489
271 -0.2431768700067579
272 -0.2458102605186477
273 -0.2488566084407637
274 -0.252299512214153
275 -0.2561238403289055
276 -0.2603089046189435
277 -0.2648375178340304
278 -0.2696900964408313
279 -0.274844629274718
280 -0.2802807294195095
281 -0.2859749035654438
282 -0.2919071819705862
283 -0.2980515803705398
284 -0.3043860727019562
285 -0.3108844626319563
286 -0.3175267720763396
287 -0.3242872390492004
288 -0.3311421211518515
289 -0.3380664720930353
290 -0.3450368876125487
291 -0.3520316961116388
292 -0.3590163991635406
293 -0.3659780825826534
294 -0.3728961252193595
295 -0.3797426074744044
296 -0.3864964542571966
297 -0.393134888003951
298 -0.3996308337259642
299 -0.4059721812399754
300 -0.4121378756175058
301 -0.4181107164632571
302 -0.4238698451794707
303 -0.4293993679015526
304 -0.4346828549358277
305 -0.4397046082887738
306 -0.4444512953505171
307 -0.4489079809841826
308 -0.4530617087114853
309 -0.4569037700665142
310 -0.4604298695699168
311 -0.4636252280463109
312 -0.466478499666878
313 -0.4689884596380797
314 -0.471151417237979
315 -0.4729584206099571
316 -0.4744082265900773
317 -0.4755026810134905
318 -0.476241387697723
319 -0.476627590320527
320 -0.4766638190816078
321 -0.4763536786298775
322 -0.475700819505758
323 -0.4747160030788559
324 -0.4734042996096031
325 -0.4717767096370844
326 -0.4698417181595619
327 -0.4676115469051079
328 -0.4650988050372528
329 -0.4623187229301881
330 -0.4592837933814868
331 -0.4560095780022453
332 -0.4525134581723369
333 -0.4488118877448089
334 -0.4449221425246883
335 -0.4408638326874368
336 -0.4366571605117701
337 -0.4323218128620151
338 -0.427880984058559
339 -0.4233482938556208
340 -0.4187435559392912
341 -0.4140893004874028
342 -0.4094075905912413
343 -0.4047137216959704
344 -0.4000307327559495
345 -0.3953850912007173
346 -0.3907922419006413
347 -0.3862696083704316
348 -0.3818384019733088
349 -0.3775149264848593
350 -0.3733183614177791
351 -0.3692645285942071
352 -0.3653694679240324
353 -0.3616523888750106
354 -0.3581273502681833
355 -0.3548056584353803
356 -0.3517009057543869
357 -0.3488203553106803
358 -0.3461814069125503
359 -0.3437950838830616
360 -0.3416697200365117
361 -0.3398133813976613
362 -0.3382325665215978
363 -0.3369309398695798
364 -0.3359129597701507
365 -0.335182961899677
366 -0.3347414501085814
367 -0.3345885616688284
368 -0.3347230188597921
369 -0.3351437359319009
370 -0.3358462033617763
371 -0.3368263053352722
372 -0.3380787003947207
373 -0.3395988673348762
374 -0.341380491185464
375 -0.3434104409779047
376 -0.345681297914147
377 -0.3481797527293952
378 -0.3508983889976145
379 -0.3538221399465725
380 -0.3569397093139117
381 -0.3602373596274818
382 -0.363701055748738
383 -0.3673155579781752
384 -0.3710688092014381
385 -0.3749435418326729
386 -0.3789234939149623
387 -0.3829957323676321
388 -0.387141092719359
389 -0.3913451389827849
390 -0.3955898391616112
391 -0.399859535762806
392 -0.4041397699808509
393 -0.4084148274717653
394 -0.4126681670327797
395 -0.416885509561449
396 -0.4210524924930835
397 -0.4251558505048193
398 -0.4291801969074027
399 -0.4331115874826379
400 -0.4369390044906293
401 -0.4406500574819515
402 -0.4442293528410437
403 -0.4476685544515779
404 -0.4509577523195749
405 -0.4540844708407043
406 -0.4570451159432196
407 -0.4598293204233355
408 -0.4624311128879999
409 -0.4648452455555385
410 -0.4670674208664155
411 -0.4690910346267447
412 -0.4709130741473373
413 -0.4725275479600027
414 -0.473936588261291
415 -0.4751383401173341
416 -0.4761329072265798
417 -0.476921199505462
418 -0.4775043423930922
419 -0.4778835494036581
420 -0.4780581994720278
421 -0.4780381887886013
422 -0.4778252694707542
423 -0.4774256150812273
424 -0.4768454153754335
425 -0.4760907007501579
426 -0.4751657379009354
427 -0.4740804852329042
428 -0.4728415856332577
429 -0.4714576123728051
430 -0.4699391247317561
431 -0.4682920476106853
432 -0.4665258414815838
433 -0.4646525175024451
434 -0.4626800850855434
435 -0.4606213024106868
436 -0.4584849443725193
437 -0.4562819414210234
438 -0.4540189117215221
439 -0.4517101657374789
440 -0.4493652629804844
441 -0.4469966984844255
442 -0.4446135505895607
443 -0.4422289782348072
444 -0.4398498474473846
445 -0.4374895028469282
446 -0.4351566530064759
447 -0.4328600656594713
448 -0.4306094333561395
449 -0.4284139070428411
450 -0.4262810634389395
451 -0.4242201818274666
452 -0.4222389313608845
453 -0.4203447036814014
454 -0.4185443764512759
455 -0.4168450394425145
456 -0.415252579366947
457 -0.413774780251312
458 -0.4124149852153453
459 -0.411178910061395
460 -0.4100711786250798
461 -0.409093115269742
462 -0.4082476507064956
463 -0.4075387209106801
464 -0.4069678405207363
465 -0.4065398070002362
466 -0.4062533661424483
467 -0.4061067483732134
468 -0.4061026037062525
469 -0.4062370766531995
470 -0.406510493614948
471 -0.4069224666646992
472 -0.4074692364171472
473 -0.4081496427655318
474 -0.4089602318003053
475 -0.4098976866833786
476 -0.4109568854509216
477 -0.4121352796162572
478 -0.4134272604980512
479 -0.4148278393858909
480 -0.4163323424698479
481 -0.4179351204398156
482 -0.419629761344568
483 -0.4214083731497574
484 -0.423265633323247
485 -0.4251958445108269
486 -0.4271921380923089
487 -0.4292460078548116
488 -0.4313510219130327
489 -0.4335018457440946
490 -0.4356916428285902
491 -0.4379106685570351
492 -0.4401521833458021
493 -0.4424097286176058
494 -0.4446753678438816
495 -0.4469391911924318
496 -0.4491971376862558
497 -0.4514442473213135
498 -0.4536700912639533
499 -0.455870043442181
500 -0.4580359020786306
501 -0.4601610527760334
502 -0.4622406449911748
503 -0.4642676370977033
504 -0.4662367513989201
505 -0.4681445299095645
506 -0.4699817833727599
507 -0.4717469645386111
508 -0.4734327439921909
509 -0.4750371126635014
510 -0.4765544194635163
511 -0.477982766714343
512 -0.4793215682442394
513 -0.4805658607992324
514 -0.4817110549489373
515 -0.4827560207105704
516 -0.4837003053732513
517 -0.4845419029760952
518 -0.4852789203086715
519 -0.4859132158983225
520 -0.4864432681190112
521 -0.4868697528095495
522 -0.4871930210089699
523 -0.4874148832555596
524 -0.4875358644172356
525 -0.4875579546125937
526 -0.4874846281652133
527 -0.4873162436330945
528 -0.4870542183602081
529 -0.4867027947020351
530 -0.4862672068556744
531 -0.4857481923284113
532 -0.4851520127296277
533 -0.4844817154063344
534 -0.4837409895541432
535 -0.4829338643165607
536 -0.4820689488926448
537 -0.4811459779945068
538 -0.4801716896453664
539 -0.4791519599348422
540 -0.4780923010299652
541 -0.476998392525319
542 -0.4758737183840247
543 -0.474724016095881
544 -0.4735566032555078
545 -0.4723761197996686
546 -0.4711874954423496
547 -0.4699931779611814
548 -0.4688026890885768
549 -0.4676207394488101
550 -0.4664521703368217
551 -0.4653030905606193
552 -0.4641770450529233
553 -0.4630783833774548
554 -0.4620155939105273
555 -0.4609903692316156
556 -0.4600075943094069
557 -0.4590728575722297
558 -0.4581900802021881
559 -0.4573612512049101
560 -0.4565922196093562
561 -0.4558834002608275
562 -0.4552384146968648
563 -0.4546612790799172
564 -0.4541558492414236
565 -0.4537222810571795
566 -0.4533638657875174
567 -0.4530819340822823
568 -0.4528766973001012
569 -0.4527531648242444
570 -0.452710408261833
571 -0.4527466432393112
572 -0.4528629246042322
573 -0.4530595207691038
574 -0.4533341334340144
575 -0.4536886014902596
576 -0.4541204273439148
577 -0.4546270997837777
578 -0.4552099981937319
579 -0.4558666377832154
580 -0.4565940323137611
581 -0.4573908031073007
582 -0.4582525098186831
583 -0.4591779606431843
584 -0.460162585264521
585 -0.4612026700809914
586 -0.4623011997314683
587 -0.463448253204868
588 -0.4646403177275418
589 -0.4658744036776191
590 -0.4671468433027508
591 -0.4684507168061273
592 -0.4697830734071002
593 -0.4711383390741287
594 -0.472512563624155
595 -0.473901932631766
596 -0.4752979686560956
597 -0.4766993267193321
598 -0.478097863009555
599 -0.4794932865380317
600 -0.4808801429925224
601 -0.4822533500799503
602 -0.483612150406087
603 -0.4849488893187428
604 -0.4862611160637835
605 -0.4875412540634818
606 -0.488786866177177
607 -0.4899936320800424
608 -0.4911586690295046
609 -0.4922789719383209
610 -0.4933525972713548
611 -0.4943753143762353
612 -0.4953453845728266
613 -0.4962604940766291
614 -0.4971164790725301
615 -0.4979138759520305
616 -0.4986488890040515
617 -0.4993225760545877
618 -0.4999304303474614
619 -0.5004736872188885
620 -0.5009504142991549
621 -0.501360484627066
622 -0.5017020846450034
623 -0.5019790776499712
624 -0.5021911026221581
625 -0.5023400344210963
626 -0.5024260340640223
627 -0.502446419361788
628 -0.502405344572898
629 -0.5023051198950648
630 -0.5021467197511584
631 -0.5019307979564537
632 -0.5016610246507839
633 -0.5013405444414145
634 -0.5009721941859761
635 -0.5005573038348194
636 -0.5000987385957386
637 -0.4996012327789742
638 -0.4990681381417881
639 -0.4985045175847326
640 -0.4979111419902502
641 -0.4972923676983909
642 -0.4966493375808663
643 -0.4959891734714492
644 -0.495313434968666
645 -0.4946250328113643
646 -0.4939275490847114
647 -0.4932266455593258
648 -0.4925246467336569
649 -0.4918265363623932
650 -0.4911358632204711
651 -0.4904557005424239
652 -0.4897884736598112
653 -0.4891378665402248
654 -0.4885058539962675
655 -0.4878968132200404
656 -0.4873108793795527
657 -0.48675513910111
658 -0.4862304943292671
659 -0.4857395237930571
660 -0.4852831381347154
661 -0.4848660250067065
662 -0.4844880306163213
663 -0.4841515079992377
664 -0.4838572175532302
665 -0.483606698566629
666 -0.4834001142646854
667 -0.483240624650905
668 -0.4831290090932928
669 -0.483066063690473
670 -0.4830510865805267
671 -0.4830858506445958
672 -0.4831676562919339
673 -0.4832997086251628
674 -0.4834784958147743
675 -0.4837041387960978
676 -0.483976583937927
677 -0.4842928249554491
678 -0.4846521099805685
679 -0.4850554935028958
680 -0.485502426129424
681 -0.4859890718941751
682 -0.4865127029459426
683 -0.4870745291729108
684 -0.4876704751887159
685 -0.4882991687377129
686 -0.4889581591232089
687 -0.4896474574801077
688 -0.4903610347717268
689 -0.4910982107708442
690 -0.4918567426710897
691 -0.4926354377768994
692 -0.4934299398026904
693 -0.494237747804853
694 -0.4950571713161686
695 -0.4958861697292997
696 -0.496720428118596
697 -0.497559756297254
698 -0.4983992481888629
699 -0.49923762166959
700 -0.5000723123914848
701 -0.5009032949593362
702 -0.5017238399964545
703 -0.5025344970775086
704 -0.503331281551173
705 -0.5041141488669025
706 -0.504879416907391
707 -0.5056262198552173
708 -0.5063532688721825
709 -0.507056910220791
710 -0.5077370220558864
711 -0.5083933729373628
712 -0.5090222258243123
713 -0.5096240228665504
714 -0.5101959531877386
715 -0.510738499587804
716 -0.5112499697897902
717 -0.5117317555687565
718 -0.5121785505591605
719 -0.5125907529668607
720 -0.5129710966113826
721 -0.5133161896392758
722 -0.5136265879573897
723 -0.5139028330034952
724 -0.5141813765256145
725 -0.514386087717818
726 -0.5145888872796899
727 -0.5147250842360638
728 -0.5148544671874481
729 -0.5149246602625338
730 -0.514983276979791
731 -0.5149896123671182
732 -0.5149808387920297
733 -0.5149287502595037
734 -0.5148585618803339
735 -0.5147517090559187
736 -0.5146203039569498
737 -0.5144660924317236
738 -0.5142900924206332
739 -0.5140954517976701
740 -0.5138815090133362
741 -0.5136505544609082
742 -0.5134036650252657
743 -0.5131450766307278
744 -0.5128721585795752
745 -0.5125884538067593
746 -0.512294654234108
747 -0.5119946038129366
748 -0.5116878895809177
749 -0.51137751348927
750 -0.5110640892099716
751 -0.510748964165202
752 -0.5104354424811008
753 -0.5101218634638414
754 -0.5098125678540471
755 -0.5095099459736564
756 -0.5092158755614687
757 -0.5089292665871021
758 -0.5086535823214845
759 -0.5083876881385842
760 -0.508135221979818
761 -0.5078980114463763
762 -0.5076767671164982
763 -0.5074712021483226
764 -0.507281879031935
765 -0.5071115239057211
766 -0.5069605087198761
767 -0.5068294338744793
768 -0.5067191462659139
769 -0.506630891804693
770 -0.506564302385943
771 -0.5065201735241786
772 -0.5065003847961919
773 -0.5065039539572852
774 -0.5065467283315267
775 -0.5065973348244875
776 -0.5066880411060338
777 -0.5067994709882711
778 -0.5069183219823357
779 -0.5070782598689629
780 -0.50724526360053
781 -0.5074529711344562
782 -0.5076638531399985
783 -0.5079200411235726
784 -0.5081962981673334
785 -0.5084722190507229
786 -0.5087929885886759
787 -0.5091102277935067
788 -0.5094718769027635
789 -0.5098244021906275
790 -0.5101968767731495
791 -0.5106171172600346
792 -0.5110213174594842
793 -0.5114423933596678
794 -0.5118781928654538
795 -0.512362014300476
796 -0.5128216938779169
797 -0.5132913430052989
798 -0.5137704798825589
799 -0.514257585495945
800 -0.5147515858386501
801 -0.5152538052964898
802 -0.5157605280742701
803 -0.5162713222491268
804 -0.5167833773788179
805 -0.5172965199825867
806 -0.5178075631239381
807 -0.5183173133961686
808 -0.5188243802428666
809 -0.5193262305444535
810 -0.5198218538218117
811 -0.5203093530265726
812 -0.5207888706681966
813 -0.5212586673481059
814 -0.5217178137116468
815 -0.5221650103284762
816 -0.52263831446897
817 -0.5230514291544162
818 -0.5234503350291068
819 -0.5238690605449627
820 -0.5242332244331226
821 -0.5246101491263734
822 -0.5249340302020251
823 -0.5252677085076358
824 -0.5255513378540695
825 -0.5258391817907291
826 -0.5261026626810246
827 -0.5263416984833618
828 -0.5265586446871609
829 -0.526750064879156
830 -0.5269175468621293
831 -0.527061080678045
832 -0.5271826434408986
833 -0.5272827126670737
834 -0.5273607462220311
835 -0.5274169732955965
836 -0.5274523920478768
837 -0.5274689368880859
838 -0.5274653028065109
839 -0.5274436064991286
840 -0.5274047252847107
841 -0.5273467591808511
842 -0.5272734709572817
843 -0.5271867977913131
844 -0.5270844612421497
845 -0.5269671952071581
846 -0.526842375097953
847 -0.526705759381646
848 -0.5265592220379317
849 -0.5264037198352127
850 -0.5262403906744819
851 -0.5260712137530167
852 -0.5258955643270362
853 -0.5257181230362207
854 -0.5255375967109836
855 -0.5253570842645686
856 -0.5251755738823397
857 -0.524994554098591
858 -0.5248164537273263
859 -0.5246409523908561
860 -0.5244706760633692
861 -0.5243053977934749
862 -0.5241477715662174
863 -0.5239953287339716
864 -0.5238486706981994
865 -0.5237141830446871
866 -0.5235891705616718
867 -0.5234779177237608
868 -0.5233784402363665
869 -0.5232880612271579
870 -0.5232176283315876
871 -0.523158851985313
872 -0.5231141287627651
873 -0.5230855643420124
874 -0.5230712585434351
875 -0.5230726495491329
876 -0.5230908637415981
877 -0.5231249815426611
878 -0.5231756839000458
879 -0.5232431400156014
880 -0.5233286523086649
881 -0.5234313515625163
882 -0.523549700213603
883 -0.5236865791963185
884 -0.523839218997719
885 -0.5240092453884873
886 -0.5241948100676074
887 -0.5243953693631118
888 -0.5246087230011057
889 -0.524821369928455
890 -0.5250666564345482
891 -0.5253074275073865
892 -0.5255825333852893
893 -0.5258486656046746
894 -0.5261507068531028
895 -0.5264403433178606
896 -0.5267413056607602
897 -0.5270769072231352
898 -0.5273951448959678
899 -0.5277236758673305
900 -0.5280588084922657
901 -0.528399360925674
902 -0.5287737153349658
903 -0.5291222267835822
904 -0.529472914238901
905 -0.529828082125843
906 -0.5301864323157556
907 -0.53054429175591
908 -0.530901809229323
909 -0.5312919314113797
910 -0.5316452798459754
911 -0.5319974259340933
912 -0.5323479095538883
913 -0.5326905576606228
914 -0.5330591074453353
915 -0.533387636833099
916 -0.533709207036565
917 -0.534022706076726
918 -0.5343528057669339
919 -0.5346445281939873
920 -0.5349272362608443
921 -0.5352239607831847
922 -0.5354833749691433
923 -0.5357537673046542
924 -0.5359883504291552
925 -0.536230153644539
926 -0.5364548220897154
927 -0.536663427741658
928 -0.5368579842307595
929 -0.5370351655913909
930 -0.5371952194303448
931 -0.5373403035167816
932 -0.5374708372450029
933 -0.5375839468161936
934 -0.5376819634602618
935 -0.5377664637901891
936 -0.5378366880666803
937 -0.5378932618797313
938 -0.5379370393799409
939 -0.5379666121324186
940 -0.5379841625904074
941 -0.5379890192902419
942 -0.5379809888103981
943 -0.5379624936338335
944 -0.5379325836625776
945 -0.5378927473346774
946 -0.5378439380210496
947 -0.5377863696654874
948 -0.537721092334121
949 -0.5376488233317591
950 -0.5375696198043453
951 -0.5374852166020872
952 -0.5373962256427323
953 -0.5373033944472083
954 -0.5372061912577825
955 -0.5371060797391378
956 -0.5370018461488928
957 -0.5368973468815954
958 -0.5367940581252652
959 -0.5366916508540315
960 -0.5365896983670577
961 -0.5364890010181143
962 -0.5363911273259171
963 -0.5362975498780717
964 -0.5362091895980503
965 -0.5361255161216799
966 -0.5360470118689122
967 -0.5359741744894754
968 -0.5359085098475459
969 -0.5358484188945104
970 -0.5357947813323408
971 -0.5357506126633864
972 -0.5357147378605298
973 -0.5356883719591111
974 -0.5356705165925449
975 -0.5356626664703889
976 -0.5356652003466597
977 -0.5356789701188405
978 -0.5357017197763189
979 -0.5357363579524076
980 -0.5357807804243627
981 -0.535836987473302
982 -0.5359028136786245
983 -0.5359792212917693
984 -0.5360676058618304
985 -0.5361655007210027
986 -0.5362745995047042
987 -0.5363927545112833
988 -0.5365215713156193
989 -0.5366626860626172
990 -0.5368120676864775
991 -0.5369703172285754
992 -0.5371260405226757
993 -0.5373052439735618
994 -0.5374914657879695
995 -0.5376725010533308
996 -0.5378760877453591
997 -0.5380736510820471
998 -0.5382923367912198
999 -0.5385008107759512
1000 -0.5387309745180778
1001 -0.5389469646327009
1002 -0.5391865658025421
1003 -0.5394118544650853
1004 -0.5396616779036892
1005 -0.5398946657246376
1006 -0.5401491390117046
1007 -0.5403859274042044
1008 -0.5406412495959178
1009 -0.5408797716240129
1010 -0.5411352633382611
1011 -0.5413711021912322
1012 -0.5416225963372614
1013 -0.5418530768467256
1014 -0.5421012224046818
1015 -0.5423270939898452
1016 -0.5425662863667672
1017 -0.5427820685296896
1018 -0.5430123781042594
1019 -0.5432363140764728
1020 -0.5434372694396238
1021 -0.5436493036538663
1022 -0.5438391416458995
1023 -0.5440360662004083
1024 -0.5442245751362842
1025 -0.5444039296347722
1026 -0.5445767149324086
1027 -0.5447378476172037
1028 -0.544890053349264
1029 -0.5450336762735104
1030 -0.5451675075500332
1031 -0.5452931892786249
1032 -0.5454086388239511
1033 -0.5455142714983382
1034 -0.5456114754955398
1035 -0.5456980352227673
1036 -0.5457759301319853
1037 -0.5458428762416898
1038 -0.5459017600362583
1039 -0.5459510385625377
1040 -0.5459928201857408
1041 -0.5460277911221216
1042 -0.5460533105427976
1043 -0.54607189545655
1044 -0.5460839762370713
1045 -0.5460887721452721
1046 -0.5460859109363963
1047 -0.5460767986582186
1048 -0.5460617367677031
1049 -0.5460406979083242
1050 -0.5460149230936477
1051 -0.545984852075317
1052 -0.5459478520603401
1053 -0.5459072645501032
1054 -0.5458635684596979
1055 -0.545816561279008
1056 -0.5457685801613804
1057 -0.5457184671997836
1058 -0.5456686637154317
1059 -0.5456168807837267
1060 -0.5455636594253274
1061 -0.545510795677833
1062 -0.5454584662651562
1063 -0.545407575190592
1064 -0.5453565241054044
1065 -0.5453090155574427
1066 -0.545262956007034
1067 -0.5452202113572819
1068 -0.5451792628951466
1069 -0.5451423272229298
1070 -0.5451100892579261
1071 -0.5450813644890986
1072 -0.5450571205213811
1073 -0.5450379231531114
1074 -0.5450227435334221
1075 -0.5450136186736617
1076 -0.5450115186360867
1077 -0.5450142935822415
1078 -0.5450228929408704
1079 -0.545037983041035
1080 -0.545058973033214
1081 -0.5450875034062327
1082 -0.5451220421558392
1083 -0.5451636330884246
1084 -0.5452093711809268
1085 -0.5452627513465036
1086 -0.5453228951884636
1087 -0.5453892881293264
1088 -0.5454559035115905
1089 -0.5455367340093971
1090 -0.545624724550192
1091 -0.5457095744803606
1092 -0.5458111960178939
1093 -0.5459108230422519
1094 -0.5460242388550169
1095 -0.5461351236566795
1096 -0.5462596280693488
1097 -0.5463789133145593
1098 -0.5465045005475748
1099 -0.546643592299948
1100 -0.5467741619220236
1101 -0.5469104837470825
1102 -0.5470639910052744
1103 -0.5472079957878145
1104 -0.5473556318073914
1105 -0.5475188138439423
1106 -0.547670457213137
1107 -0.5478230254922103
1108 -0.5479775350406582
1109 -0.5481465664462881
1110 -0.5483029068537441
1111 -0.548459355348377
1112 -0.5486157158117324
1113 -0.5487862082621166
1114 -0.5489410042323762
1115 -0.5490949243057615
1116 -0.5492605927244226
1117 -0.5494114202484127
1118 -0.5495611210597807
1119 -0.5497197236874862
1120 -0.5498624058812773
1121 -0.5500134023383381
1122 -0.5501481528227515
1123 -0.5502913937174037
1124 -0.5504182864621149
1125 -0.5505516629370506
1126 -0.5506688816609576
1127 -0.5507923387500573
1128 -0.5509094912791063
1129 -0.5510206507184298
1130 -0.5511264085700744
1131 -0.551226708362885
1132 -0.5513195007146793
1133 -0.5514065053814767
1134 -0.5514875068709586
1135 -0.5515619794119248
1136 -0.5516305129380413
1137 -0.5516928868238831
1138 -0.5517497316632477
1139 -0.5518015129609641
1140 -0.5518451946313349
1141 -0.551883803874813
1142 -0.5519178921590181
1143 -0.5519464968499419
1144 -0.551969921104761
1145 -0.551988900831016
1146 -0.5520034196738557
1147 -0.5520138432722308
1148 -0.5520185979281478
1149 -0.5520186818299079
1150 -0.5520141187370306
1151 -0.5520069194642154
1152 -0.55199647915747
1153 -0.5519835727224567
1154 -0.5519681046268483
1155 -0.5519477863377922
1156 -0.5519279492965056
1157 -0.5519041549575232
1158 -0.5518791739201717
1159 -0.5518540560459623
1160 -0.5518264402338352
1161 -0.5517978181741183
1162 -0.5517687666814369
1163 -0.5517388699519902
1164 -0.5517113386479223
1165 -0.5516823503782649
1166 -0.5516541000998169
1167 -0.5516281014920225
1168 -0.5516017131897567
1169 -0.5515767537637675
1170 -0.551553862974986
1171 -0.5515333938386561
1172 -0.5515159171006184
1173 -0.5515017636460864
1174 -0.5514895656285608
1175 -0.5514803840946503
1176 -0.5514723999190415
1177 -0.5514680911959654
1178 -0.551466902258747
1179 -0.5514703478816149
1180 -0.5514773284552219
1181 -0.5514872940865265
1182 -0.551500759998932
1183 -0.5515178366877467
1184 -0.551540115326048
1185 -0.5515666641998012
1186 -0.5515972429871715
1187 -0.5516324015678279
1188 -0.5516696247638476
1189 -0.5517107740656372
1190 -0.5517563148398632
1191 -0.5518015431574257
1192 -0.5518566094349334
1193 -0.5519153654599591
1194 -0.5519727149467394
1195 -0.5520401761879054
1196 -0.5521101136402008
1197 -0.5521755435852543
1198 -0.5522543738401107
1199 -0.5523269651271762
1200 -0.5524111389621673
1201 -0.5524915796107712
1202 -0.5525817400411707
1203 -0.5526671576092457
1204 -0.552762914498027
1205 -0.552851453433712
1206 -0.5529508705540965
1207 -0.5530518734106081
1208 -0.5531442590674356
1209 -0.5532481721574176
1210 -0.553344419295593
1211 -0.5534510750338187
1212 -0.5535479125526308
1213 -0.5536546943772294
1214 -0.5537522106569492
1215 -0.5538594990309259
1216 -0.5539652271718258
1217 -0.5540597259360798
1218 -0.5541636687239158
1219 -0.5542667062090479
1220 -0.5543601113026818
1221 -0.5544607614430126
1222 -0.5545595736008092
1223 -0.5546549459077427
1224 -0.5547413020596531
1225 -0.5548331994139102
1226 -0.554922248992456
1227 -0.5550072435821911
1228 -0.5550899508792095
1229 -0.5551698461699096
1230 -0.5552464154062911
1231 -0.5553184535465245
1232 -0.5553870816654811
1233 -0.5554536561886533
1234 -0.5555169373876646
1235 -0.5555762778572885
1236 -0.5556324543952029
1237 -0.5556852090815221
1238 -0.5557357616011661
1239 -0.5557820550372742
1240 -0.5558249877285397
1241 -0.5558636164140202
1242 -0.5558994517383478
1243 -0.5559318564957544
1244 -0.5559603856700047
1245 -0.5559841781890489
1246 -0.5560039283185724
1247 -0.5560211836300165
1248 -0.556036736441327
1249 -0.556048473477378
1250 -0.5560578784218377
1251 -0.5560661675421194
1252 -0.5560710393288962
1253 -0.5560737758632054
1254 -0.5560737079673082
1255 -0.5560727860052128
1256 -0.5560689663325381
1257 -0.5560627216047946
1258 -0.5560539444578708
1259 -0.5560445123068574
1260 -0.5560338214552574
1261 -0.556021570149051
1262 -0.5560080233603404
1263 -0.555995453803781
1264 -0.5559818152559832
1265 -0.5559679038162518
1266 -0.5559522979866858
1267 -0.5559368807101097
1268 -0.5559213150458526
1269 -0.5559054516301413
1270 -0.5558898047455032
1271 -0.5558766075548428
1272 -0.5558633867159951
1273 -0.5558521350503539
1274 -0.5558411108218796
1275 -0.5558307230343331
1276 -0.5558226629552378
1277 -0.5558159963092565
1278 -0.5558109605075742
1279 -0.5558088454417497
1280 -0.5558060558586058
1281 -0.5558064977382943
1282 -0.5558069915754076
1283 -0.5558106606092131
1284 -0.5558155530608844
1285 -0.5558242243375198
1286 -0.5558335128975551
1287 -0.555846583466295
1288 -0.5558617171661685
1289 -0.5558782516655826
1290 -0.5558966791849683
1291 -0.5559186679238003
1292 -0.555944689085651
1293 -0.5559719862503528
1294 -0.5560004473915271
1295 -0.5560319750251488
1296 -0.5560659067279365
1297 -0.5561037672165696
1298 -0.55614128704768
1299 -0.5561815669883046
1300 -0.5562233729996771
1301 -0.556268337101434
1302 -0.5563144582182065
1303 -0.5563615834476245
1304 -0.5564105147361045
1305 -0.5564619290021229
1306 -0.5565147473266575
1307 -0.556569542734294
1308 -0.5566248066377172
1309 -0.5566831975830942
1310 -0.5567420928590338
1311 -0.5568011032092589
1312 -0.5568609563603303
1313 -0.5569227029434809
1314 -0.5569825813544937
1315 -0.5570450039149477
1316 -0.5571050936025824
1317 -0.5571655545469336
1318 -0.5572270838718826
1319 -0.5572892325968258
1320 -0.5573513604888374
1321 -0.5574125071062269
1322 -0.5574730467865824
1323 -0.5575325287309739
1324 -0.5575911762479314
1325 -0.5576491200502327
1326 -0.5577067244651907
1327 -0.5577632481399092
1328 -0.5578175109323064
1329 -0.557870866538866
1330 -0.5579219417624309
1331 -0.5579728469739705
1332 -0.5580220653148706
1333 -0.5580705012559266
1334 -0.558115106695515
1335 -0.5581589771860707
1336 -0.558202605014599
1337 -0.5582413777389367
1338 -0.5582798957000629
1339 -0.5583149130261886
1340 -0.5583488684114655
1341 -0.558381584419298
1342 -0.5584111566168706
1343 -0.5584389580015886
1344 -0.5584665060146137
1345 -0.5584905441314008
1346 -0.5585117475961798
1347 -0.5585308549523448
1348 -0.5585487904592007
1349 -0.5585640103616274
1350 -0.5585786948276597
1351 -0.5585908883888952
1352 -0.5586021229116632
1353 -0.5586113456046304
1354 -0.558619016643639
1355 -0.5586252440170374
1356 -0.5586293444536536
1357 -0.5586325833150809
1358 -0.5586352655619278
1359 -0.5586347762182128
1360 -0.5586332354100565
1361 -0.5586304819593967
1362 -0.5586262933153413
1363 -0.5586222788921245
1364 -0.558618438719873
1365 -0.5586124573238808
1366 -0.5586048844799308
1367 -0.5585993891563343
1368 -0.5585944977572142
1369 -0.5585889454510381
1370 -0.5585826093108826
1371 -0.5585749007204769
1372 -0.5585674171589117
1373 -0.5585608356906275
1374 -0.5585544516102245
1375 -0.5585466305678759
1376 -0.5585400288738717
1377 -0.5585350457890259
1378 -0.5585311504774178
1379 -0.5585267588139653
1380 -0.5585227177931308
1381 -0.5585198074204822
1382 -0.5585179534148476
1383 -0.5585164185289077
1384 -0.5585163077830753
1385 -0.5585187190419689
1386 -0.5585216070095481
1387 -0.5585258351138793
1388 -0.5585313911236822
1389 -0.558537611679234
1390 -0.5585464320511557
1391 -0.5585555537856296
1392 -0.558566664727834
1393 -0.5585796335547381
1394 -0.5585920314123695
1395 -0.558606601964692
1396 -0.5586215276647369
1397 -0.5586366215407121
1398 -0.5586527619984371
1399 -0.5586723456198167
1400 -0.558693173556976
1401 -0.5587164634612025
1402 -0.558742467431278
1403 -0.558766755888548
1404 -0.5587931307643024
1405 -0.5588204267328031
1406 -0.558848730174644
1407 -0.5588780052494655
1408 -0.5589084216379607
1409 -0.5589386284894574
1410 -0.5589704992044183
1411 -0.5590032919486514
1412 -0.5590362838096631
1413 -0.5590699914688346
1414 -0.5591046024082508
1415 -0.5591408007550711
1416 -0.5591758996403093
1417 -0.5592112069935608
1418 -0.5592471521388467
1419 -0.5592835525667299
1420 -0.5593203036473616
1421 -0.559357502449916
1422 -0.5593939596515376
1423 -0.559430137648175
1424 -0.5594647866253889
1425 -0.5595004727535959
1426 -0.5595360434071699
1427 -0.5595734897897225
1428 -0.5596084478904178
1429 -0.5596433289908797
1430 -0.5596774331082228
1431 -0.5597104337489349
1432 -0.5597420573732932
1433 -0.5597731406682058
1434 -0.5598023141303884
1435 -0.5598315418252257
1436 -0.5598595139683193
1437 -0.5598880281868921
1438 -0.55991349376036
1439 -0.5599406797994857
1440 -0.559965195976683
1441 -0.5599899225342859
1442 -0.5600128746127953
1443 -0.5600350775194966
1444 -0.5600562311910922
1445 -0.5600755333420752
1446 -0.5600929934834508
1447 -0.5601093583715235
1448 -0.5601248065480768
1449 -0.5601394301409873
1450 -0.5601530310043775
1451 -0.5601653473352086
1452 -0.5601771700683741
1453 -0.560187642595714
1454 -0.5601971276000216
1455 -0.5602067662488589
1456 -0.5602145989715591
1457 -0.5602200097765149
1458 -0.5602260212371201
1459 -0.5602303558926902
1460 -0.5602341364951002
1461 -0.5602368955894014
1462 -0.5602385562535813
1463 -0.5602401511665417
1464 -0.5602411065179869
1465 -0.5602412763546427
1466 -0.560242037567813
1467 -0.5602405802546909
1468 -0.5602401803677511
1469 -0.5602371129962435
1470 -0.5602345761468381
1471 -0.560231951876738
1472 -0.5602290997293575
1473 -0.560228347778117
1474 -0.5602270663742314
1475 -0.5602248440574587
1476 -0.5602213031464556
1477 -0.5602188276037418
1478 -0.5602174939878665
1479 -0.560216648675901
1480 -0.5602138298165773
1481 -0.5602104773399699
1482 -0.5602075743107963
1483 -0.5602071584454298
1484 -0.5602075932383649
1485 -0.5602068526606848
1486 -0.5602068868139988
1487 -0.560208706776303
1488 -0.5602101736026884
1489 -0.5602135627581901
1490 -0.5602164028321234
1491 -0.5602201053029287
1492 -0.5602245796390638
1493 -0.5602295525358498
1494 -0.5602350557270276
1495 -0.5602417548576515
1496 -0.560247727770453
1497 -0.5602551573669263
1498 -0.5602618186174743
1499 -0.5602698790441868
1500 -0.5602789819815003
1501 -0.56028865346565
1502 -0.5602995104179565
1503 -0.5603128655411022
1504 -0.5603260780929797
1505 -0.5603409481506365
1506 -0.5603559140922643
1507 -0.5603699112748605
1508 -0.5603853584297204
1509 -0.5604016646984796
1510 -0.5604179325134634
1511 -0.5604353140354321
1512 -0.5604528296402823
1513 -0.560472588118567
1514 -0.560489844471796
1515 -0.5605076318160407
1516 -0.5605264179012673
1517 -0.5605465654556627
1518 -0.56056704571123
1519 -0.5605868186095737
1520 -0.5606074235552905
1521 -0.5606287070986015
1522 -0.5606500471480449
1523 -0.5606716864583387
1524 -0.5606928963991429
1525 -0.5607120691706952
1526 -0.5607332046152971
1527 -0.5607536651504294
1528 -0.5607749997710629
1529 -0.5607957991919356
1530 -0.5608172664098201
1531 -0.5608376307478939
1532 -0.5608604097622579
1533 -0.5608813509378668
1534 -0.5609012792544753
1535 -0.5609194288536938
1536 -0.5609384398386079
1537 -0.5609563778776029
1538 -0.5609748822886423
1539 -0.5609938612098144
1540 -0.5610094629776201
1541 -0.5610273424483352
1542 -0.5610446185730122
1543 -0.5610599850668794
1544 -0.5610771393348919
1545 -0.5610903672164668
1546 -0.5611073337891278
1547 -0.5611210846229996
1548 -0.5611363237380095
1549 -0.5611484318761014
1550 -0.5611614808609587
1551 -0.5611735802018154
1552 -0.5611844849999238
1553 -0.5611949020671415
1554 -0.5612056551307382
1555 -0.5612141800781291
1556 -0.5612241926352874
1557 -0.5612335053998478
1558 -0.5612416509219728
1559 -0.5612495861304148
1560 -0.5612573744013745
1561 -0.5612648744037385
1562 -0.5612716117832223
1563 -0.5612778291791545
1564 -0.5612828907530637
1565 -0.5612873283067525
1566 -0.5612918650820715
1567 -0.5612939699160712
1568 -0.5612959543640484
1569 -0.5612983166219557
1570 -0.561299824753613
1571 -0.5613017046576653
1572 -0.5613031540232231
1573 -0.5613055520845849
1574 -0.5613070553638475
1575 -0.561308199404328
1576 -0.5613106914542978
1577 -0.5613128094537642
1578 -0.5613141749470038
1579 -0.5613154204258983
1580 -0.561316862530964
1581 -0.561318817801635
1582 -0.5613208963111098
1583 -0.5613223589007145
1584 -0.5613220767537951
1585 -0.5613214714535597
1586 -0.5613216978010587
1587 -0.5613218557035802
1588 -0.5613230758330646
1589 -0.5613255939683718
1590 -0.5613289293188069
1591 -0.5613336261976711
1592 -0.5613366564613153
1593 -0.5613401902702714
1594 -0.5613438428172313
1595 -0.5613484494377183
1596 -0.5613519701279507
1597 -0.5613555329333954
1598 -0.5613595800249069
1599 -0.5613643877592213
1600 -0.5613709208149704
1601 -0.5613765127406256
1602 -0.5613832804404577
1603 -0.5613887560400158
1604 -0.5613952669104221
1605 -0.5614025664652914
1606 -0.5614103111370656
1607 -0.5614176736879443
1608 -0.5614253310329961
1609 -0.5614341915580734
1610 -0.5614440578824079
1611 -0.5614547287772459
1612 -0.5614646993262331
1613 -0.5614756716406119
1614 -0.5614869571089051
1615 -0.561497648451029
1616 -0.5615082214058729
1617 -0.5615183063438942
1618 -0.5615284477546335
1619 -0.5615411637220765
1620 -0.56155505176896
1621 -0.5615672156827574
1622 -0.5615783065054688
1623 -0.5615906431446098
1624 -0.5616031331650139
1625 -0.5616167155071991
1626 -0.5616298898607488
1627 -0.5616427462866971
1628 -0.5616545771568972
1629 -0.5616673550832331
1630 -0.5616808304294181
1631 -0.5616933508001772
1632 -0.5617054662827294
1633 -0.5617179857123145
1634 -0.5617319079971425
1635 -0.5617451599441014
1636 -0.5617576765117628
1637 -0.5617711134408594
1638 -0.561784099407478
1639 -0.5617965830658178
1640 -0.5618084819563092
1641 -0.5618218027739176
1642 -0.5618327573571518
1643 -0.5618449811588619
1644 -0.561856235171931
1645 -0.5618680141607912
1646 -0.5618794248196916
1647 -0.5618904971418951
1648 -0.561902205887915
1649 -0.5619133716906034
1650 -0.5619227980364921
1651 -0.5619310500168657
1652 -0.5619403218162897
1653 -0.5619494107189669
1654 -0.5619583627967351
1655 -0.5619652437649203
1656 -0.5619741109620043
1657 -0.5619827051592099
1658 -0.561989811593045
1659 -0.5619978052164388
1660 -0.5620032348934074
1661 -0.5620121433020554
1662 -0.5620177874667423
1663 -0.5620258026870355
1664 -0.5620322212723962
1665 -0.5620374009057002
1666 -0.5620408814785696
1667 -0.562047878963809
1668 -0.5620547676242325
1669 -0.5620596030681231
1670 -0.5620652964921068
1671 -0.5620709126955358
1672 -0.5620765192410614
1673 -0.5620824183574664
1674 -0.5620863235285979
1675 -0.5620921464384813
1676 -0.5620971079902875
1677 -0.5621024824314154
1678 -0.5621053097266983
1679 -0.5621077952946132
1680 -0.5621095109873486
1681 -0.5621113699863244
1682 -0.5621141326390343
1683 -0.5621186602631455
1684 -0.5621238677834414
1685 -0.5621285321027062
1686 -0.5621321379509279
1687 -0.5621368819098486
1688 -0.5621403422935257
1689 -0.5621445833029135
1690 -0.5621473569565957
1691 -0.5621510472298158
1692 -0.5621537181143596
1693 -0.562157085083612
1694 -0.5621592209176363
1695 -0.5621630315410822
1696 -0.5621661434177737
1697 -0.5621700659229376
1698 -0.5621746140897513
1699 -0.5621803140155322
1700 -0.5621840820558062
1701 -0.5621898270363219
1702 -0.5621951330306965
1703 -0.5621991590259196
1704 -0.5622034889762443
1705 -0.5622087511637186
1706 -0.5622140073448116
1707 -0.562220254896782
1708 -0.5622250481891993
1709 -0.5622308607850042
1710 -0.5622354756842524
1711 -0.5622419001117821
1712 -0.5622484447184956
1713 -0.5622554478929941
1714 -0.562262932484712
1715 -0.5622688849172161
1716 -0.5622762180332825
1717 -0.562284660586991
1718 -0.5622913616878861
1719 -0.5622988538964094
1720 -0.5623065501152491
1721 -0.5623153753036554
1722 -0.5623237433068402
1723 -0.5623310686128763
1724 -0.5623401425524804
1725 -0.5623486477123371
1726 -0.5623568642368241
1727 -0.5623639094050258
1728 -0.5623726090770349
1729 -0.5623796083372846
1730 -0.5623877005009259
1731 -0.56239591685694
1732 -0.562405763662354
1733 -0.5624145456306211
1734 -0.5624234635214395
1735 -0.5624327989675032
1736 -0.5624406694289543
1737 -0.5624493812713672
1738 -0.5624570841237135
1739 -0.5624663520090617
1740 -0.5624751143086563
1741 -0.5624853579964634
1742 -0.5624937422698598
1743 -0.5625027488718385
1744 -0.5625106677124783
1745 -0.5625198687855009
1746 -0.5625277362611276
1747 -0.5625356459055741
1748 -0.5625428491182788
1749 -0.5625509281814694
1750 -0.5625595797891466
1751 -0.5625680489939029
1752 -0.5625759449269533
1753 -0.5625834350362534
1754 -0.562591441644586
1755 -0.5625992236920112
1756 -0.562607424814122
1757 -0.5626161353576439
1758 -0.5626233933376887
1759 -0.5626301388506604
1760 -0.5626349866586052
1761 -0.562639377767208
1762 -0.5626440370797334
1763 -0.5626489174465409
1764 -0.5626547047762989
1765 -0.5626621699863375
1766 -0.5626694332170478
1767 -0.5626762680890513
1768 -0.5626826596660129
1769 -0.5626907998680426
1770 -0.56269729922201
1771 -0.5627011833035382
1772 -0.5627063724688117
1773 -0.5627093425543377
1774 -0.5627126888445827
1775 -0.5627177664940507
1776 -0.5627216137822405
1777 -0.5627272301290999
1778 -0.5627304432992759
1779 -0.5627353598853295
1780 -0.5627416178861666
1781 -0.5627469962381142
1782 -0.5627509060392056
1783 -0.5627550997274199
1784 -0.5627598915793395
1785 -0.5627652838636046
1786 -0.5627710391422015
1787 -0.5627747169965233
1788 -0.5627782879707524
1789 -0.5627826853740187
1790 -0.5627868751615676
1791 -0.5627910575294771
1792 -0.5627962325310487
1793 -0.5628002426126126
1794 -0.5628044162412679
1795 -0.5628078230023074
1796 -0.5628099984461954
1797 -0.5628123055943541
1798 -0.5628155981160675
1799 -0.5628203541850458
1800 -0.562826897078212
1801 -0.5628313420651872
1802 -0.5628365936453355
1803 -0.5628414171873194
1804 -0.5628450771534821
1805 -0.5628476416796313
1806 -0.5628525969204883
1807 -0.5628568929790959
1808 -0.5628616012546963
1809 -0.5628654829595993
1810 -0.5628700060093278
1811 -0.5628745444812663
1812 -0.5628769657438127
1813 -0.5628813834868222
1814 -0.5628874500658236
1815 -0.5628920892277122
1816 -0.5628964704971058
1817 -0.5629003857417207
1818 -0.5629068751198574
1819 -0.5629127834746647
1820 -0.5629192578050424
1821 -0.5629226357697998
1822 -0.5629303707195402
1823 -0.56293669980968
1824 -0.5629423511380371
1825 -0.5629458149275674
1826 -0.5629496164053713
1827 -0.5629537474347727
1828 -0.5629576474967799
1829 -0.5629633299136377
1830 -0.5629693424981261
1831 -0.5629731416296411
1832 -0.5629799472178705
1833 -0.5629863443826555
1834 -0.562992942497208
1835 -0.5629993617056963
1836 -0.5630054395265948
1837 -0.5630120514034489
1838 -0.5630175014147579
1839 -0.5630212300759832
1840 -0.5630251177010615
1841 -0.5630291548629567
1842 -0.5630341778815575
1843 -0.5630381148051451
1844 -0.5630465016753044
1845 -0.5630520168558411
1846 -0.5630579407008114
1847 -0.5630651536511577
1848 -0.5630704426256987
1849 -0.5630761803061143
1850 -0.5630819833660292
1851 -0.5630876786874699
1852 -0.5630905045066381
1853 -0.5630964376762453
1854 -0.5631009321235391
1855 -0.5631047057585474
1856 -0.563109716412118
1857 -0.563114663009792
1858 -0.5631195640738255
1859 -0.563124452336121
1860 -0.5631273417752797
1861 -0.5631337187989061
1862 -0.563138715534163
1863 -0.5631437947925082
1864 -0.5631488260010554
1865 -0.5631525561998991
1866 -0.5631573871424941
1867 -0.5631616811333278
1868 -0.5631652336102746
1869 -0.5631696416046702
1870 -0.5631744309249696
1871 -0.5631785683078799
1872 -0.5631823116776715
1873 -0.5631848729814821
1874 -0.5631869816741354
1875 -0.5631916534075612
1876 -0.5631962228432235
1877 -0.5631978862381573
1878 -0.5632023743749317
1879 -0.5632069253701456
1880 -0.5632127269342642
1881 -0.5632172764040694
1882 -0.563220492144726
1883 -0.5632231168807315
1884 -0.5632255721292704
1885 -0.5632273610415995
1886 -0.5632298441983824
1887 -0.5632336946203694
1888 -0.5632357015086944
1889 -0.563238837042895
1890 -0.5632430201726688
1891 -0.5632476556956007
1892 -0.5632513269381543
1893 -0.5632539972712183
1894 -0.5632565547048569
1895 -0.5632593288895142
1896 -0.5632629233631049
1897 -0.5632649128251371
1898 -0.5632678669062119
1899 -0.5632695475049822
1900 -0.563271881255565
1901 -0.5632745275932259
1902 -0.5632781143553677
1903 -0.5632792025607755
1904 -0.5632816113778074
1905 -0.5632852907201547
1906 -0.5632878893907998
1907 -0.5632928653457926
1908 -0.5632960220151255
1909 -0.5632999572669405
1910 -0.5633027893568882
1911 -0.5633049422775132
1912 -0.5633084127524054
1913 -0.5633106529932145
1914 -0.5633137863060636
1915 -0.5633143968258877
1916 -0.5633182739805498
1917 -0.5633180381833326
1918 -0.5633213278060851
1919 -0.5633259127182541
1920 -0.5633296150030008
1921 -0.5633308321398387
1922 -0.5633334338212571
1923 -0.5633379088823208
1924 -0.5633416081307164
1925 -0.5633448975709645
1926 -0.5633480102068305
1927 -0.5633505475947245
1928 -0.5633514988784353
1929 -0.5633528124052151
1930 -0.5633565912434175
1931 -0.5633583231299272
1932 -0.5633609420003563
1933 -0.5633630670447986
1934 -0.5633667964735944
1935 -0.5633702033900254
1936 -0.56337408071972
1937 -0.5633756950871248
1938 -0.5633785372328194
1939 -0.5633805897754862
1940 -0.5633842952565127
1941 -0.5633862184264816
1942 -0.5633898943404524
1943 -0.5633918754738541
1944 -0.5633936919828778
1945 -0.5633980729186543
1946 -0.5634012620285618
1947 -0.5634022076851715
1948 -0.5634038815980949
1949 -0.5634045929234609
1950 -0.5634067104074577
1951 -0.5634082760405552
1952 -0.5634085386782867
1953 -0.5634120053786067
1954 -0.5634133162634903
1955 -0.5634150956467764
1956 -0.5634201844934054
1957 -0.5634212202821055
1958 -0.5634220029892517
1959 -0.5634236722280134
1960 -0.5634278710479932
1961 -0.5634299794783596
1962 -0.5634322139531987
1963 -0.5634352652613286
1964 -0.5634365396364558
1965 -0.563436427842402
1966 -0.5634356741035885
1967 -0.563436703012926
1968 -0.5634388744883383
1969 -0.5634391557298191
1970 -0.5634409165403616
1971 -0.563442534220489
1972 -0.5634446267544149
1973 -0.5634463341442442
1974 -0.5634498801526013
1975 -0.5634525664570043
1976 -0.5634522247516756
1977 -0.563450603275229
1978 -0.5634512853413849
1979 -0.5634550795442858
1980 -0.5634544441270113
1981 -0.5634550347599283
1982 -0.5634579029956408
1983 -0.5634592003753239
1984 -0.5634591692685899
1985 -0.5634613071146363
1986 -0.5634627730726084
1987 -0.5634632781991357
1988 -0.5634636958352803
1989 -0.5634640758833094
1990 -0.5634630232550522
1991 -0.5634621155451717
1992 -0.5634632287617031
1993 -0.5634621638677271
1994 -0.563463050363883
1995 -0.5634628553240735
1996 -0.5634652591852252
1997 -0.5634681590127795
1998 -0.5634693541425079
1999 -0.5634699641417635
2000 -0.5634701602724171
2001 -0.5634703562740513
2002 -0.5634713619645191
2003 -0.5634702268019267
2004 -0.5634690016350615
2005 -0.5634678019058085
2006 -0.56346748920769
2007 -0.563469090975667
2008 -0.5634689770630483
2009 -0.5634708305815708
2010 -0.5634710892076725
2011 -0.5634728910015528
2012 -0.5634730488515891
2013 -0.5634728662472971
2014 -0.5634737099587944
2015 -0.5634744728647743
2016 -0.5634744070090735
2017 -0.5634723269556662
2018 -0.5634701411499535
2019 -0.5634698700699347
2020 -0.5634684504873572
2021 -0.5634681015919897
2022 -0.5634703048211435
2023 -0.5634703600765106
2024 -0.5634706542933761
2025 -0.563471406406573
2026 -0.5634721317817746
2027 -0.5634712332444434
2028 -0.5634707408472832
2029 -0.5634696084099204
2030 -0.563469384415229
2031 -0.5634685202831868
2032 -0.5634663781932132
2033 -0.5634649484435436
2034 -0.5634643702419221
2035 -0.5634659760474428
2036 -0.5634666474035589
2037 -0.5634672115197418
2038 -0.5634682581677738
2039 -0.5634669753600828
2040 -0.5634663718424171
2041 -0.563466040099004
2042 -0.5634649657098344
2043 -0.5634637477045451
2044 -0.5634639973784344
2045 -0.5634627464231303
2046 -0.56346332352457
2047 -0.5634634789662782
2048 -0.563462395735626
2049 -0.5634620348166393
2050 -0.5634619006415937
2051 -0.5634598151466207
2052 -0.5634568519567802
2053 -0.5634547220014246
2054 -0.563453905537905
2055 -0.5634535751989698
2056 -0.5634522239269684
2057 -0.5634503425471235
2058 -0.5634511637455181
2059 -0.563450050471536
2060 -0.5634495668815953
2061 -0.5634485652992927
2062 -0.5634487493883686
2063 -0.5634472395675866
2064 -0.5634462797321861
2065 -0.5634435566145543
2066 -0.563440875460943
2067 -0.5634392606267759
2068 -0.5634364807634481
2069 -0.5634339157123149
2070 -0.5634317799623672
2071 -0.5634303575104738
2072 -0.5634298795479993
2073 -0.563429578025287
2074 -0.5634297310985714
2075 -0.5634290165722543
2076 -0.5634278040178351
2077 -0.5634265640224554
2078 -0.5634247080024859
2079 -0.563423226298033
2080 -0.5634212835533202
2081 -0.5634179292480745
2082 -0.5634144558437509
2083 -0.563411336816341
2084 -0.5634074603087931
2085 -0.5634047819639978
2086 -0.5634022351248688
2087 -0.5634001505946216
2088 -0.5633986637318662
2089 -0.5633981165729814
2090 -0.5633978447304665
2091 -0.5633975597230894
2092 -0.5633955920268212
2093 -0.5633939784658228
2094 -0.5633901649473178
2095 -0.563385682442112
2096 -0.5633815024243665
2097 -0.5633768282465879
2098 -0.5633735635268649
2099 -0.5633708516523924
2100 -0.563369939040842
2101 -0.5633684712353516
2102 -0.5633668614279667
2103 -0.5633653814419339
2104 -0.5633632585813435
2105 -0.5633605345517608
2106 -0.5633575606343784
2107 -0.563354883833775
2108 -0.5633527097352111
2109 -0.5633494375665185
2110 -0.5633453486694864
2111 -0.5633413138496928
2112 -0.5633381784651601
2113 -0.5633361526353454
2114 -0.5633337586953316
2115 -0.5633321993691683
2116 -0.5633308394744369
2117 -0.5633292173309228
2118 -0.5633276244823203
2119 -0.5633229742108213
2120 -0.5633178294933451
2121 -0.5633126318473042
2122 -0.5633085677955266
2123 -0.5633048992457798
2124 -0.5633022924935613
2125 -0.5632993151466488
2126 -0.5632969600119151
2127 -0.5632956083446853
2128 -0.5632946998359129
2129 -0.5632921647506607
2130 -0.5632902697884678
2131 -0.5632887529514729
2132 -0.5632856247017527
2133 -0.5632810613977062
2134 -0.5632779146965448
2135 -0.5632730658857538
2136 -0.5632686908688966
2137 -0.56326346266456
2138 -0.5632589580796331
2139 -0.5632549862594142
2140 -0.5632503203190479
2141 -0.5632463187293199
2142 -0.5632458108707021
2143 -0.5632435309016359
2144 -0.5632427866867318
2145 -0.5632410963537415
2146 -0.563236384392019
2147 -0.5632330807972764
2148 -0.5632282949395535
2149 -0.5632254822305768
2150 -0.5632199927594087
2151 -0.5632152446992373
2152 -0.5632113012906403
2153 -0.563206985434787
2154 -0.5632043461411675
2155 -0.5632008703737687
2156 -0.5631975266678918
2157 -0.5631929963488064
2158 -0.5631903321403169
2159 -0.5631848615626443
2160 -0.5631805895686077
2161 -0.5631773723522194
2162 -0.5631749032413647
2163 -0.5631712346839742
2164 -0.5631669455635567
2165 -0.5631614334431023
2166 -0.5631578000894162
2167 -0.5631532403336853
2168 -0.5631483106464558
2169 -0.5631443411211493
2170 -0.5631385241155581
2171 -0.5631330250218422
2172 -0.5631304233176436
2173 -0.563125357235849
2174 -0.5631216915923847
2175 -0.563118065767386
2176 -0.5631158035770608
2177 -0.5631141380155612
2178 -0.563110277281643
2179 -0.5631038568420631
2180 -0.5630982410091965
2181 -0.5630917517719476
2182 -0.5630854538743993
2183 -0.563080908990766
2184 -0.5630761158770751
2185 -0.5630723370855972
2186 -0.5630684346844436
2187 -0.5630634542919681
2188 -0.5630604197262816
2189 -0.5630581530132562
2190 -0.5630526061681267
2191 -0.5630469968185863
2192 -0.5630433023859451
2193 -0.5630384746602865
2194 -0.563030623308397
2195 -0.5630258990964387
2196 -0.5630203692871258
2197 -0.5630152053107883
2198 -0.5630106190027053
2199 -0.5630065374275767
2200 -0.5630029850513144
2201 -0.5629999359043409
2202 -0.5629947145069325
2203 -0.5629874267459457
2204 -0.5629818450585732
2205 -0.5629795785646585
2206 -0.5629745776688205
2207 -0.5629711396201226
2208 -0.5629653791324437
2209 -0.562959003104075
2210 -0.5629549659092661
2211 -0.5629482988132462
2212 -0.562942654643706
2213 -0.5629362436759431
2214 -0.5629307083795431
2215 -0.5629256461830391
2216 -0.5629203745539504
2217 -0.5629146807562381
2218 -0.5629104360739442
2219 -0.5629070606422355
2220 -0.5629030162347267
2221 -0.5628974722329833
2222 -0.5628927168144614
2223 -0.5628868859913786
2224 -0.56288200932863
2225 -0.5628763209197797
2226 -0.5628691271524908
2227 -0.5628630639539037
2228 -0.5628573303465476
2229 -0.562853589450092
2230 -0.5628482479817706
2231 -0.5628436771609565
2232 -0.5628382875987129
2233 -0.5628326669523571
2234 -0.562827346098945
2235 -0.5628220434282885
2236 -0.5628182163832732
2237 -0.5628116444649344
2238 -0.5628070985553487
2239 -0.5628032533249353
2240 -0.5627981187920182
2241 -0.5627931618031237
2242 -0.562787584911729
2243 -0.5627811168045221
2244 -0.5627753478832032
2245 -0.562769173390812
2246 -0.5627629390661875
2247 -0.5627562293821685
2248 -0.5627516395278313
2249 -0.5627460451032231
2250 -0.5627417093466371
2251 -0.562735578796998
2252 -0.5627313462237928
2253 -0.5627266281095372
2254 -0.5627219876437744
2255 -0.5627167395628584
2256 -0.5627098758083311
2257 -0.5627033410375807
2258 -0.5626957721484267
2259 -0.5626889250787216
2260 -0.5626831588761772
2261 -0.5626781810475133
2262 -0.5626735833373507
2263 -0.5626689755901126
2264 -0.5626647125129705
2265 -0.5626600618592816
2266 -0.5626553234088396
2267 -0.5626485728680607
2268 -0.5626420028145247
2269 -0.5626363236595352
2270 -0.5626299544997309
2271 -0.5626224500478784
2272 -0.5626150447512054
2273 -0.5626080789766057
2274 -0.5626014197211261
2275 -0.5625966089578489
2276 -0.5625925567002825
2277 -0.562585771139749
2278 -0.5625808538416595
2279 -0.5625759577948926
2280 -0.5625721960218914
2281 -0.5625657538405997
2282 -0.5625604197375653
2283 -0.5625525473407232
2284 -0.5625464308194479
2285 -0.562540012886832
2286 -0.5625335033246633
2287 -0.5625267061347937
2288 -0.5625206516668875
2289 -0.5625150438780853
2290 -0.5625086193887716
2291 -0.5625031393519636
2292 -0.5624981227051203
2293 -0.562492808344038
2294 -0.5624877184785622
2295 -0.5624818681198686
2296 -0.5624755611870547
2297 -0.5624693937842012
2298 -0.5624634205251181
2299 -0.5624568763747945
2300 -0.5624494678561686
2301 -0.5624431530415203
2302 -0.5624375134147923
2303 -0.5624306219158469
2304 -0.5624240405123399
2305 -0.5624170033922677
2306 -0.5624115958735303
2307 -0.5624070502273633
2308 -0.5624005883521271
2309 -0.5623948796924135
2310 -0.5623888068740531
2311 -0.562382656767823
2312 -0.5623769268857739
2313 -0.5623713615882655
2314 -0.5623655436094556
2315 -0.5623594576251502
2316 -0.5623528212830599
2317 -0.5623447583510688
2318 -0.5623375184655166
2319 -0.5623317125836429
2320 -0.5623257585499014
2321 -0.5623199328092836
2322 -0.5623133478224758
2323 -0.5623071888456221
2324 -0.5623004105497731
2325 -0.562293758405089
2326 -0.5622888988028832
2327 -0.5622833814871486
2328 -0.5622778926340611
2329 -0.5622735666938435
2330 -0.5622672685909793
2331 -0.5622619488782069
2332 -0.5622569410769994
2333 -0.5622488238490951
2334 -0.5622427033096207
2335 -0.5622357654950244
2336 -0.5622300686964122
2337 -0.5622241570794776
2338 -0.5622193294138733
2339 -0.5622125476491566
2340 -0.5622064746729557
2341 -0.5622015996321981
2342 -0.5621957481850687
2343 -0.5621891735651025
2344 -0.5621834067593977
2345 -0.5621767097258358
2346 -0.562169640203859
2347 -0.5621615269539244
2348 -0.5621536692553962
2349 -0.5621466558771722
2350 -0.56214255353361
2351 -0.5621376454677413
2352 -0.5621347011124435
2353 -0.5621294702563672
2354 -0.562123699032823
2355 -0.562118498399513
2356 -0.5621113855906427
2357 -0.5621039670867658
2358 -0.5620966365129675
2359 -0.5620893215154692
2360 -0.5620838197547856
2361 -0.5620782376129581
2362 -0.5620726697177622
2363 -0.5620669949110208
2364 -0.5620605802577131
2365 -0.5620567279810798
2366 -0.5620505457841585
2367 -0.5620448905451718
2368 -0.5620393289424376
2369 -0.5620317601258364
2370 -0.5620262803651384
2371 -0.5620189166659396
2372 -0.5620123344518155
2373 -0.5620071039567767
2374 -0.5620006707808579
2375 -0.5619951415332208
2376 -0.5619895285393697
2377 -0.5619844108609099
2378 -0.5619793548611625
2379 -0.5619720272071626
2380 -0.5619649085570909
2381 -0.5619583840042104
2382 -0.5619526638094791
2383 -0.5619465656658508
2384 -0.5619405386115698
2385 -0.5619348011899866
2386 -0.5619301907796275
2387 -0.5619243540018358
2388 -0.561918573867524
2389 -0.561912365156817
2390 -0.5619064974937
2391 -0.5618989362832689
2392 -0.5618929666593546
2393 -0.5618887629225393
2394 -0.5618835814083438
2395 -0.5618782402156131
2396 -0.5618724175254932
2397 -0.5618657460984053
2398 -0.5618595008171524
2399 -0.5618537158937484
2400 -0.5618480473145189
2401 -0.5618410651166599
2402 -0.5618349602527748
2403 -0.5618290534598116
2404 -0.5618239949071703
2405 -0.5618170462361759
2406 -0.5618117818560278
2407 -0.5618066631623933
2408 -0.5618024182747873
2409 -0.5617977100679467
2410 -0.5617922991207942
2411 -0.5617880820374934
2412 -0.5617806280870988
2413 -0.5617734225252437
2414 -0.561765862444237
2415 -0.5617595771143977
2416 -0.5617533987125721
2417 -0.5617483100426449
2418 -0.5617431942794439
2419 -0.5617377576300223
2420 -0.561732478028232
2421 -0.5617272023503425
2422 -0.5617237049324283
2423 -0.5617189991504659
2424 -0.561714608175061
2425 -0.5617102579246039
2426 -0.5617017208039189
2427 -0.5616934482536328
2428 -0.5616894262602293
2429 -0.5616827728899202
2430 -0.5616772567606838
2431 -0.5616729239950451
2432 -0.5616688834244104
2433 -0.5616640365321652
2434 -0.5616587055076733
2435 -0.5616527160791731
2436 -0.5616480964409841
2437 -0.5616416282001326
2438 -0.5616360866845473
2439 -0.5616300420067405
2440 -0.5616235763116745
2441 -0.5616173656719973
2442 -0.5616125182797487
2443 -0.5616068874625566
2444 -0.5616025501827141
2445 -0.5615975183528257
2446 -0.5615928964639154
2447 -0.5615879324557246
2448 -0.5615835232775702
2449 -0.5615779007418835
2450 -0.5615730823289307
2451 -0.5615670204602754
2452 -0.5615628153460811
2453 -0.5615576429541772
2454 -0.5615534165498904
2455 -0.5615483738255933
2456 -0.5615431722990677
2457 -0.5615389070016964
2458 -0.5615337236282634
2459 -0.5615293330098518
2460 -0.5615256983877458
2461 -0.5615200810812724
2462 -0.5615139640034749
2463 -0.5615075079077262
2464 -0.5615013962525269
2465 -0.5614959408797113
2466 -0.5614909702190979
2467 -0.5614857649305726
2468 -0.5614801941708179
2469 -0.5614755146832008
2470 -0.561470639613879
2471 -0.5614661909415735
2472 -0.5614628565091101
2473 -0.5614597090809079
2474 -0.5614574396756438
2475 -0.5614527817209963
2476 -0.5614479439427171
2477 -0.5614426620271479
2478 -0.5614369619533663
2479 -0.5614314974581611
2480 -0.5614257987853558
2481 -0.5614197401411361
2482 -0.5614159974209289
2483 -0.5614124994801726
2484 -0.5614077393970918
2485 -0.5614024853841476
2486 -0.5613980787930017
2487 -0.5613940248989929
2488 -0.5613891909322292
2489 -0.5613852028245761
2490 -0.5613803022258943
2491 -0.5613773163286379
2492 -0.5613722911947151
2493 -0.5613670259532707
2494 -0.5613632153977941
2495 -0.561360078378609
2496 -0.5613568068494207
2497 -0.5613511416185103
2498 -0.5613468717631843
2499 -0.5613394742111039
2500 -0.5613342888054793
2501 -0.5613299133191193
2502 -0.5613247192880525
2503 -0.5613212168190529
2504 -0.5613186069228404
2505 -0.5613155468421056
2506 -0.5613120593927923
2507 -0.5613069097513839
2508 -0.5613024315082194
2509 -0.5613000893753513
2510 -0.5612966073619071
2511 -0.5612925252057582
2512 -0.5612888083991297
2513 -0.5612837394353735
2514 -0.5612795076664241
2515 -0.5612765698088542
2516 -0.5612713321904962
2517 -0.5612664598711119
2518 -0.5612630352068875
2519 -0.5612601411916685
2520 -0.5612571611394492
2521 -0.5612533019862313
2522 -0.5612472370026589
2523 -0.5612417609775467
2524 -0.5612379991706304
2525 -0.5612335175037715
2526 -0.561230548782482
2527 -0.5612274089596826
2528 -0.561224122729087
2529 -0.5612225126622197
2530 -0.5612198365914107
2531 -0.5612173391614669
2532 -0.5612137001880003
2533 -0.5612095269163103
2534 -0.5612052766648379
2535 -0.5611993486900578
2536 -0.5611951778600175
2537 -0.5611908697179554
2538 -0.5611872657955235
2539 -0.561184454250966
2540 -0.5611831451860089
2541 -0.5611807690514268
2542 -0.5611781414579776
2543 -0.5611746544204161
2544 -0.561172850519872
2545 -0.5611692562280456
2546 -0.5611632367404301
2547 -0.5611585998320664
2548 -0.5611549637098822
2549 -0.5611512239570604
2550 -0.5611476591889761
2551 -0.5611442340387058
2552 -0.5611420358885384
2553 -0.5611404114393138
2554 -0.5611380123913139
2555 -0.5611354550016646
2556 -0.5611329428835969
2557 -0.561128517577403
2558 -0.5611257626401283
2559 -0.5611226643526457
2560 -0.5611199850695566
2561 -0.5611169124908921
2562 -0.5611138567851896
2563 -0.561112721436332
2564 -0.56110978729955
2565 -0.5611074700071103
2566 -0.5611048163936778
2567 -0.5611018758458396
2568 -0.5610981500027368
2569 -0.561094297497259
2570 -0.5610924091435529
2571 -0.5610882788843287
2572 -0.561085428030178
2573 -0.5610837292049302
2574 -0.5610821911870152
2575 -0.5610796051958157
2576 -0.5610783446847167
2577 -0.5610751663724733
2578 -0.5610738892100218
2579 -0.5610691867859204
2580 -0.5610646360914092
2581 -0.5610623249152758
2582 -0.5610607255378838
2583 -0.561058735959052
2584 -0.5610569220934255
2585 -0.5610558254549469
2586 -0.5610527576798831
2587 -0.5610494258662154
2588 -0.5610488759070422
2589 -0.5610475815663567
2590 -0.5610449116821179
2591 -0.5610426430462797
2592 -0.5610404656276202
2593 -0.5610379625072656
2594 -0.5610348234280754
2595 -0.5610322790245308
2596 -0.5610303445263664
2597 -0.5610295883854038
2598 -0.5610291743374453
2599 -0.5610278718424603
2600 -0.5610276159000835
2601 -0.5610244247938777
2602 -0.5610211299341272
2603 -0.5610172858292565
2604 -0.5610152249834693
2605 -0.5610143602041979
2606 -0.5610123766026386
2607 -0.5610118261022526
2608 -0.5610112841463641
2609 -0.5610080319753684
2610 -0.5610049777162643
2611 -0.5610005562221795
2612 -0.5609988898803259
2613 -0.5609972753041025
2614 -0.5609983505906019
2615 -0.560998911944249
2616 -0.560996575179684
2617 -0.5609952492275647
2618 -0.560994114475347
2619 -0.560993101647012
2620 -0.5609918226585471
2621 -0.5609902899700775
2622 -0.5609897022390424
2623 -0.5609872776728628
2624 -0.5609839217553364
2625 -0.5609819023166749
2626 -0.560979438337459
2627 -0.5609775314072496
2628 -0.5609767782463108
2629 -0.5609768398122761
2630 -0.5609758887505241
2631 -0.5609765361300793
2632 -0.5609764715752159
2633 -0.5609755808465254
2634 -0.5609747770566638
2635 -0.5609714862934979
2636 -0.5609697272116316
2637 -0.5609690070087741
2638 -0.5609684597291192
2639 -0.5609659693178044
2640 -0.5609652018526479
2641 -0.5609649659745071
2642 -0.5609654345882575
2643 -0.5609646912087318
2644 -0.5609626573339671
2645 -0.5609635168699013
2646 -0.5609616887132245
2647 -0.5609604149872859
2648 -0.5609599803611318
2649 -0.5609599273875744
2650 -0.560960414340738
2651 -0.5609600933278816
2652 -0.5609593995503155
2653 -0.5609583651335282
2654 -0.5609574165131724
2655 -0.5609557801439472
2656 -0.5609555851008314
2657 -0.5609555605146087
2658 -0.5609553843287528
2659 -0.5609526499244725
2660 -0.5609522707885436
2661 -0.5609527733757648
2662 -0.5609534572396026
2663 -0.5609533557987183
2664 -0.560954218652438
2665 -0.5609534111344603
2666 -0.5609539322634212
2667 -0.5609536679956018
2668 -0.5609528065580492
2669 -0.560951092520821
2670 -0.5609511267206567
2671 -0.5609503912605781
2672 -0.5609511536234192
2673 -0.560951819663609
2674 -0.5609510938056121
2675 -0.5609515648377633
2676 -0.5609517146607967
2677 -0.5609526674648243
2678 -0.5609514893806472
2679 -0.5609519560124096
2680 -0.5609523665410219
2681 -0.5609537679054487
2682 -0.5609552581112491
2683 -0.5609550487628187
2684 -0.5609556831195762
2685 -0.5609542010180899
2686 -0.5609532421525209
2687 -0.5609533217756541
2688 -0.5609538027855682
2689 -0.5609542542519133
2690 -0.560955475798727
2691 -0.560955449894017
2692 -0.5609559301516672
2693 -0.5609548319689163
2694 -0.5609547851275285
2695 -0.5609551912285292
2696 -0.560955509013374
2697 -0.5609561340907725
2698 -0.560957076200845
2699 -0.5609593244474571
2700 -0.5609601894195372
2701 -0.560961846528459
2702 -0.5609634452197211
2703 -0.5609640348503869
2704 -0.5609651498979899
2705 -0.5609676290823407
2706 -0.5609674872738303
2707 -0.5609660418743263
2708 -0.5609656216580155
2709 -0.5609664002419266
2710 -0.5609674534770757
2711 -0.5609672888671343
2712 -0.5609705940716554
2713 -0.5609725557079281
2714 -0.5609739017718624
2715 -0.5609743227137107
2716 -0.5609767316455605
2717 -0.5609762196088296
2718 -0.5609776754336875
2719 -0.560978392034073
2720 -0.5609783469261387
2721 -0.560978810535994
2722 -0.5609795019621878
2723 -0.5609802232310037
2724 -0.5609813287642295
2725 -0.560983553434433
2726 -0.5609865986445715
2727 -0.5609896243840096
2728 -0.5609901774449858
2729 -0.5609914416816587
2730 -0.5609930141790664
2731 -0.5609912560753618
2732 -0.5609922737161817
2733 -0.5609936406806446
2734 -0.56099468348583
2735 -0.5609967203517616
2736 -0.5609986520466248
2737 -0.5610006049656375
2738 -0.5610035461201413
2739 -0.5610047372239909
2740 -0.5610068434960523
2741 -0.5610093483020281
2742 -0.5610118998232505
2743 -0.5610131552306422
2744 -0.561013591451074
2745 -0.5610138449109456
2746 -0.5610147963968906
2747 -0.5610166570641751
2748 -0.5610192707771382
2749 -0.5610205615654348
2750 -0.5610214250509015
2751 -0.5610235238866826
2752 -0.561027302661153
2753 -0.561029024997656
2754 -0.5610320911020261
2755 -0.5610341982961833
2756 -0.5610358037530523
2757 -0.5610379343426732
2758 -0.5610406444527387
2759 -0.5610418411768893
2760 -0.5610421966425899
2761 -0.5610444341518005
2762 -0.5610464386486509
2763 -0.5610492842907272
2764 -0.5610507235865755
2765 -0.5610509545207081
2766 -0.5610529192443811
2767 -0.5610553490287281
2768 -0.5610600677276275
2769 -0.5610640845720636
2770 -0.5610683842698514
2771 -0.5610723435842279
2772 -0.5610749019660881
2773 -0.5610764001653662
2774 -0.5610773669235359
2775 -0.5610779468084333
2776 -0.5610790139957311
2777 -0.561079787151361
2778 -0.5610801596752424
2779 -0.561082325403881
2780 -0.5610859448634273
2781 -0.5610896617878275
2782 -0.5610956537966146
2783 -0.561099048221406
2784 -0.5611026918762432
2785 -0.5611055680367909
2786 -0.5611085310500582
2787 -0.5611091935867884
2788 -0.561111272713216
2789 -0.5611111797629261
2790 -0.5611138373016068
2791 -0.5611162936616486
2792 -0.5611189101200205
2793 -0.5611218262654957
2794 -0.561126748773836
2795 -0.5611300964319473
2796 -0.5611345844467259
2797 -0.5611378500646651
2798 -0.5611408101896828
2799 -0.5611431888112509
2800 -0.5611450966160837
2801 -0.5611480198749816
2802 -0.5611523775117155
2803 -0.5611550050798239
2804 -0.5611575935118816
2805 -0.5611608214350894
2806 -0.5611639089791322
2807 -0.5611642778801187
2808 -0.5611679653068386
2809 -0.5611696982903571
2810 -0.5611740839627353
2811 -0.5611778115036622
2812 -0.5611820428925509
2813 -0.5611844750408134
2814 -0.5611863541086051
2815 -0.5611890778302366
2816 -0.5611945927038193
2817 -0.5611998855909408
2818 -0.5612032072721277
2819 -0.5612051454014695
2820 -0.5612103058059982
2821 -0.5612126082629485
2822 -0.5612139635100161
2823 -0.5612154313247929
2824 -0.5612194795444078
2825 -0.5612236843092628
2826 -0.5612277952193263
2827 -0.5612306818382928
2828 -0.5612344722974697
2829 -0.561239390673647
2830 -0.5612435563742249
2831 -0.56124754611957
2832 -0.5612520627377452
2833 -0.5612541151678785
2834 -0.5612575848085993
2835 -0.561260124988352
2836 -0.5612633414115222
2837 -0.5612666286009134
2838 -0.5612695697156008
2839 -0.5612732392428138
2840 -0.5612763369934093
2841 -0.5612801928225182
2842 -0.5612831882969089
2843 -0.5612882272565313
2844 -0.5612941020951128
2845 -0.5612998419319533
2846 -0.5613061813250148
2847 -0.5613084283812229
2848 -0.5613113686708037
2849 -0.5613146275660074
2850 -0.5613174289243619
2851 -0.561319026078474
2852 -0.561321948836733
2853 -0.5613264193734535
2854 -0.5613322136784368
2855 -0.561338546318677
2856 -0.5613422156045779
2857 -0.5613467003741939
2858 -0.5613507933547688
2859 -0.5613543471763499
2860 -0.5613571237121792
2861 -0.5613607352677936
2862 -0.5613635106477669
2863 -0.5613658383962519
2864 -0.5613704332371647
2865 -0.5613735560106746
2866 -0.5613783176734157
2867 -0.5613848088270843
2868 -0.5613920114047722
2869 -0.56139595620145
2870 -0.561399325186685
2871 -0.5614044785250961
2872 -0.5614088706122477
2873 -0.5614108979698878
2874 -0.5614151579762807
2875 -0.5614187095681842
2876 -0.5614248089676377
2877 -0.5614284065926128
2878 -0.5614326443994613
2879 -0.5614367434949092
2880 -0.5614403690800557
2881 -0.561444474421411
2882 -0.5614508808124222
2883 -0.561457144557703
2884 -0.5614613714153813
2885 -0.561466420096564
2886 -0.5614705567778976
2887 -0.5614744424780181
2888 -0.561477648897064
2889 -0.5614809936143788
2890 -0.5614864331610456
2891 -0.5614908611257208
2892 -0.5614940874064492
2893 -0.5614968916004184
2894 -0.5615007082696406
2895 -0.5615062457874015
2896 -0.561511722915374
2897 -0.5615166742922078
2898 -0.5615234438036547
2899 -0.5615287093365904
2900 -0.5615343419931196
2901 -0.5615400393290082
2902 -0.5615455890317557
2903 -0.5615501386524814
2904 -0.5615549015500511
2905 -0.561559013928656
2906 -0.5615624793674422
2907 -0.5615666630512863
2908 -0.5615709396823632
2909 -0.5615751392812544
2910 -0.5615790645435406
2911 -0.5615833689133182
2912 -0.5615885406886771
2913 -0.5615922710604473
2914 -0.5615980179400715
2915 -0.5616039126327722
2916 -0.5616094641176957
2917 -0.5616148176131895
2918 -0.5616214465869273
2919 -0.5616265770641941
2920 -0.5616291780683885
2921 -0.5616326818062309
2922 -0.5616384166869055
2923 -0.5616429318689801
2924 -0.5616479923458787
2925 -0.56165223963247
2926 -0.5616577848175631
2927 -0.561663592527565
2928 -0.5616693244687057
2929 -0.5616742940040609
2930 -0.5616796629449244
2931 -0.561686977612898
2932 -0.5616915357759832
2933 -0.5616949045226495
2934 -0.5616993589969715
2935 -0.5617037320945282
2936 -0.5617083678152109
2937 -0.5617141325822682
2938 -0.5617208634382639
2939 -0.5617269472249854
2940 -0.5617329007113248
2941 -0.5617382153803514
2942 -0.5617434732984282
2943 -0.5617469703114453
2944 -0.5617526354987588
2945 -0.5617576643740452
2946 -0.5617619782613882
2947 -0.5617664777009725
2948 -0.5617715630518517
2949 -0.5617748367280708
2950 -0.5617818922056029
2951 -0.5617865950699293
2952 -0.5617917749371222
2953 -0.5617994136987893
2954 -0.561805808103782
2955 -0.561811780281092
2956 -0.5618172307376541
2957 -0.5618218085175842
2958 -0.5618265938085969
2959 -0.5618312059885291
2960 -0.5618360838203419
2961 -0.5618413208708082
2962 -0.5618467550235969
2963 -0.5618521650782382
2964 -0.5618570985059367
2965 -0.5618628285632373
2966 -0.5618692889891692
2967 -0.5618750151700694
2968 -0.5618813612671603
2969 -0.5618865535559968
2970 -0.5618927157704207
2971 -0.5618975062265117
2972 -0.5619037206147003
2973 -0.5619087383335861
2974 -0.5619150591818629
2975 -0.5619200470200755
2976 -0.5619251061662824
2977 -0.5619280187086724
2978 -0.5619324919533073
2979 -0.5619378255172224
2980 -0.5619447302922795
2981 -0.5619501536972269
2982 -0.5619565962591954
2983 -0.5619635738110795
2984 -0.5619695493758506
2985 -0.5619750923721744
2986 -0.5619813708220901
2987 -0.5619882911835021
2988 -0.5619948806961272
2989 -0.562000153788167
2990 -0.5620050593591012
2991 -0.5620086944652386
2992 -0.5620122335228004
2993 -0.5620172565547857
2994 -0.5620241939914136
2995 -0.562030052423679
2996 -0.5620359456850502
2997 -0.5620426180731005
2998 -0.5620484554118101
2999 -0.5620546171477088
3000 -0.5620608195351237
