"lift-rfile"
"Iteration" "lift"
("Iteration" "lift")
1 -2.911145732281951
2 -4.421058998651345
3 -5.475543519863358
4 -6.169594352713644
5 -6.607018668425367
6 -6.741482921920203
7 -6.677960017769822
8 -6.378539922970901
9 -5.97605657663625
10 -5.588475992668164
11 -5.26675420377541
12 -5.084766800522184
13 -4.914361604249939
14 -4.767064411845635
15 -4.637310110828417
16 -4.512692659606165
17 -4.380956710268408
18 -4.230700791515607
19 -4.054777546688346
20 -3.863728572569381
21 -3.656723416260584
22 -3.438299898840958
23 -3.209338079452476
24 -2.984232205092892
25 -2.758009430247791
26 -2.53758110814046
27 -2.324854128148878
28 -2.12330861948174
29 -1.93074098498407
30 -1.745133963741779
31 -1.565869016551012
32 -1.391147294064637
33 -1.222513311933381
34 -1.060769123726053
35 -0.9072186602359299
36 -0.7641451764260626
37 -0.627210823110006
38 -0.501491621229031
39 -0.3815148412276324
40 -0.2723201202659469
41 -0.1717787083379217
42 -0.07959830036556867
43 0.005008682538758387
44 0.08186434842081189
45 0.1523343395441704
46 0.2168629855151609
47 0.2767048273027379
48 0.3331804856777606
49 0.3851784445857743
50 0.4331549067903948
51 0.4775593979054738
52 0.519115079904234
53 0.5580554302379133
54 0.5940428664214689
55 0.6282430916630301
56 0.6596154298911588
57 0.6884684680311395
58 0.7156196661556161
59 0.7403307981687337
60 0.7622201684597724
61 0.7811653518304268
62 0.7965010457020592
63 0.8092620333316183
64 0.8160926780400298
65 0.8207227639378355
66 0.8190345990131196
67 0.8149839493952247
68 0.8036147249537863
69 0.7902911253563819
70 0.7722996698217843
71 0.7495855118571665
72 0.7222694923847388
73 0.6901268102118918
74 0.6533751139841519
75 0.6120989173962533
76 0.5665520277019958
77 0.5167581380813423
78 0.4628654691450266
79 0.4047682791397919
80 0.3430521699910399
81 0.2779927456990676
82 0.2098954720972254
83 0.1392608588373698
84 0.06627278713459553
85 -0.008726628257514425
86 -0.08528466548195719
87 -0.1631233668138515
88 -0.2418329648545319
89 -0.3210233699898576
90 -0.4003301630546168
91 -0.4793448591258022
92 -0.5576714259372444
93 -0.6349432678735123
94 -0.7107755372504778
95 -0.7848137863154657
96 -0.8567413191760619
97 -0.9262269651777246
98 -0.9929724122001075
99 -1.056718577936395
100 -1.117232727499351
101 -1.174302322131571
102 -1.22774883694769
103 -1.277417105301639
104 -1.323154776402885
105 -1.364876487598631
106 -1.402430523996848
107 -1.435896391275123
108 -1.465337588483183
109 -1.490579329561568
110 -1.511642413880018
111 -1.528641740933566
112 -1.541528085829936
113 -1.550443045641418
114 -1.555486328486079
115 -1.556776502281804
116 -1.554418390943165
117 -1.548532821333937
118 -1.539268416630403
119 -1.52680517554442
120 -1.511285211210302
121 -1.492865750289066
122 -1.471735312221138
123 -1.44805180607929
124 -1.422019012561874
125 -1.393804906584238
126 -1.363718995736171
127 -1.331827660328694
128 -1.298313075087786
129 -1.263362966545635
130 -1.227118655155974
131 -1.189799513474371
132 -1.151580443459995
133 -1.112637823496807
134 -1.073173375039375
135 -1.033327662332842
136 -0.9932472527452192
137 -0.9531227925984492
138 -0.9131356259272965
139 -0.873410203280635
140 -0.8341014899400505
141 -0.7953490215592856
142 -0.7572799458417667
143 -0.7200308651121699
144 -0.6837214613041261
145 -0.6484501376457007
146 -0.6143281330286852
147 -0.5814202138956431
148 -0.5498066201567441
149 -0.5195623288840015
150 -0.4907635855752746
151 -0.4634658246537618
152 -0.4377299907446322
153 -0.413600883037495
154 -0.3911166524291301
155 -0.3703092307639817
156 -0.3512024235780819
157 -0.3338163775684035
158 -0.318165229797239
159 -0.3042592449077875
160 -0.2920942506443053
161 -0.2816928721250165
162 -0.2730324328098449
163 -0.2660962370928152
164 -0.2608589686811295
165 -0.257309108790387
166 -0.2554257007756822
167 -0.2551898665959121
168 -0.2565740550449349
169 -0.2595488387989411
170 -0.2640836083736574
171 -0.2701421851964672
172 -0.2777055772828351
173 -0.2867162968639692
174 -0.2971492650867232
175 -0.3089663312073144
176 -0.3221256317556484
177 -0.3366057663315957
178 -0.3523166671661649
179 -0.369246051146475
180 -0.3873436106119134
181 -0.4065584033484805
182 -0.4267991609550569
183 -0.4480492732720682
184 -0.4702519157763706
185 -0.4933531612782206
186 -0.517293387575312
187 -0.542024814729019
188 -0.567462729165216
189 -0.5935327854334989
190 -0.6201632680027622
191 -0.6472611732363232
192 -0.6747648438472654
193 -0.7026040588085836
194 -0.7306873617248557
195 -0.7589353592322834
196 -0.7872594311242379
197 -0.8155504270555978
198 -0.8437368513116113
199 -0.8717047087987816
200 -0.8993657456463806
201 -0.9266247155221217
202 -0.953385304146707
203 -0.9796434715685297
204 -1.005219598687958
205 -1.030022634654876
206 -1.053964955938261
207 -1.076966298258087
208 -1.09894125987722
209 -1.119816470849131
210 -1.139508239920808
211 -1.157930030252327
212 -1.175071566644784
213 -1.190874187027531
214 -1.205285275208205
215 -1.218264246675175
216 -1.229782803513518
217 -1.239795294601906
218 -1.248276247333444
219 -1.255207790587207
220 -1.260591778117642
221 -1.264400753568405
222 -1.266633418388264
223 -1.26727927855799
224 -1.266376449010891
225 -1.263932763788839
226 -1.259982851224173
227 -1.254558760349251
228 -1.247699206451999
229 -1.239447991781072
230 -1.229813650977913
231 -1.21888983287323
232 -1.206736270806723
233 -1.193435854619654
234 -1.179044482369106
235 -1.163632705848564
236 -1.147309813080294
237 -1.13012782382926
238 -1.112156839229331
239 -1.093490275749434
240 -1.074216702486238
241 -1.054422883046458
242 -1.034200961746532
243 -1.013626921053231
244 -0.9928050145963819
245 -0.9718347715029992
246 -0.9508587853135155
247 -0.929916388287351
248 -0.9090961421411131
249 -0.8884842405566852
250 -0.8681671164465228
251 -0.8482247450913737
252 -0.8287380655781463
253 -0.8097856663624299
254 -0.7914417656734122
255 -0.7737779786851251
256 -0.7568638807899568
257 -0.7407649552001642
258 -0.7255325683666435
259 -0.7112280194718703
260 -0.6978911244755128
261 -0.6855705834851533
262 -0.6743041357195209
263 -0.6641259877289842
264 -0.6550670641612145
265 -0.6471462658836414
266 -0.6403909106549673
267 -0.6348108490766498
268 -0.6304154798728613
269 -0.6272078614858846
270 -0.6251865173521012
271 -0.624343373638881
272 -0.6246687809813095
273 -0.6261438942596846
274 -0.6287510602495626
275 -0.6324638280924491
276 -0.6372529372479973
277 -0.6430848757438283
278 -0.6499230405930941
279 -0.6577267544759184
280 -0.6664527611844553
281 -0.6760573870430993
282 -0.6864908567746576
283 -0.6977047800287459
284 -0.7096449024172152
285 -0.7222584425587014
286 -0.7354883881183413
287 -0.7492713774964348
288 -0.7635590875232444
289 -0.7782889270500971
290 -0.7934048409717738
291 -0.8088661969733491
292 -0.824595375382585
293 -0.8405345797502102
294 -0.8566320815362256
295 -0.8728218644099903
296 -0.8890476121483343
297 -0.9052545827558497
298 -0.9213817134066237
299 -0.9373803017994289
300 -0.9531978221044374
301 -0.9687831122235449
302 -0.9840492092303552
303 -0.9990261271285595
304 -1.013563382516952
305 -1.027693392780552
306 -1.041377693502705
307 -1.054578146799224
308 -1.067257491829923
309 -1.079385288221039
310 -1.09093123786758
311 -1.10186984250512
312 -1.112224500433367
313 -1.121915233367848
314 -1.130914609271889
315 -1.139210556411016
316 -1.146786611619628
317 -1.153633444776539
318 -1.159741298460739
319 -1.165103212708076
320 -1.169716754368269
321 -1.173582616835723
322 -1.17670166619289
323 -1.179079614124755
324 -1.180724372732938
325 -1.181645129166034
326 -1.181854068661292
327 -1.181367586247878
328 -1.180222444789561
329 -1.1784110360977
330 -1.175962170658136
331 -1.172898025779224
332 -1.169240642285692
333 -1.165014873504933
334 -1.16024680011137
335 -1.154969679307172
336 -1.149211277911666
337 -1.142997138943796
338 -1.136363474869683
339 -1.129332634954768
340 -1.121950825831204
341 -1.114250239875122
342 -1.106272729752712
343 -1.098040530440235
344 -1.08959477585734
345 -1.080968506691354
346 -1.072215696018656
347 -1.063352678377056
348 -1.054413404977771
349 -1.045433248438574
350 -1.036441722937157
351 -1.027473293345233
352 -1.018554224580401
353 -1.009720629582257
354 -1.001003521984922
355 -0.992436695558203
356 -0.9840498527056281
357 -0.9758736463811447
358 -0.9679275066414594
359 -0.9602483981668234
360 -0.9528593492023312
361 -0.9458142504791753
362 -0.9391048216795033
363 -0.9327512263928648
364 -0.9267739150118033
365 -0.9211908603755953
366 -0.9160166043067805
367 -0.9112724095653004
368 -0.9069687940212678
369 -0.9031220089218043
370 -0.8997404827024508
371 -0.8968331757211322
372 -0.894407251485058
373 -0.8924680459864756
374 -0.8910232854469765
375 -0.8900741425835357
376 -0.8896233191735916
377 -0.8896691607736295
378 -0.8902213039783908
379 -0.8912641070778187
380 -0.8927925424625197
381 -0.8947989281488284
382 -0.8972760754895176
383 -0.9002128201867211
384 -0.9035970275436356
385 -0.9074129633054771
386 -0.911650029667758
387 -0.9162925469098331
388 -0.9213109049960984
389 -0.9267022412476931
390 -0.9324472467296318
391 -0.9385256209438346
392 -0.9449155317928398
393 -0.9515977179958975
394 -0.9585476170025884
395 -0.9657442663485951
396 -0.9731618354635818
397 -0.9807756300328249
398 -0.9885588382987536
399 -0.9964849620028541
400 -1.004499962968674
401 -1.012608880970765
402 -1.020785157559843
403 -1.029001977307394
404 -1.037234313438069
405 -1.045455004915618
406 -1.053636564398733
407 -1.061753507640902
408 -1.06978068854064
409 -1.077691600950873
410 -1.08546202851327
411 -1.093068126169541
412 -1.100487953139571
413 -1.107697735933146
414 -1.114674933655176
415 -1.1214169735968
416 -1.127884209744792
417 -1.134057208570317
418 -1.139918555104888
419 -1.145450624195405
420 -1.150655270689871
421 -1.155502720987873
422 -1.159981085954774
423 -1.164079879434431
424 -1.167791439652107
425 -1.171101504272067
426 -1.174011580221879
427 -1.176513269999963
428 -1.178605409970038
429 -1.180290771054396
430 -1.181570241440636
431 -1.182449283091694
432 -1.18292955767849
433 -1.183019038123609
434 -1.182724660241368
435 -1.182054752012572
436 -1.181018249985171
437 -1.17962538161544
438 -1.17788303534224
439 -1.175815708986269
440 -1.173435493447499
441 -1.170755238319084
442 -1.167785023631304
443 -1.164548858150818
444 -1.161064825683169
445 -1.157351338690329
446 -1.15342772861901
447 -1.14931460532737
448 -1.145038712952658
449 -1.140613122233736
450 -1.136058148231154
451 -1.131395757586803
452 -1.126649868722645
453 -1.121816965048332
454 -1.1169434463972
455 -1.112055657977212
456 -1.107172098012087
457 -1.102313300544973
458 -1.097499935282185
459 -1.092745280837583
460 -1.088078398711812
461 -1.083518280017111
462 -1.079081879354762
463 -1.074788750293654
464 -1.070654473564906
465 -1.066696072607644
466 -1.062928190324
467 -1.059366516569421
468 -1.056023017324974
469 -1.052907901234752
470 -1.050040026234166
471 -1.047422262649802
472 -1.045062403379408
473 -1.042967351811469
474 -1.041143576574775
475 -1.039597599924826
476 -1.038332884937276
477 -1.037349840951097
478 -1.036650978208054
479 -1.03623539292486
480 -1.036100467219423
481 -1.036249344484762
482 -1.036675473870781
483 -1.037376121361634
484 -1.038346461017583
485 -1.039580441033022
486 -1.041080607588249
487 -1.042830993627503
488 -1.044820798236341
489 -1.047041015552793
490 -1.049483138098817
491 -1.052134037117029
492 -1.054974579890892
493 -1.057968670002195
494 -1.061135276656603
495 -1.064462124330746
496 -1.067935046873144
497 -1.071541514055027
498 -1.07526753716651
499 -1.079100194982965
500 -1.083025475092752
501 -1.087030799426153
502 -1.091100476379947
503 -1.095221146784897
504 -1.099378821967997
505 -1.103559748580042
506 -1.107748793620412
507 -1.111932851276326
508 -1.116099002192793
509 -1.120262285647742
510 -1.124379981286169
511 -1.128439460499214
512 -1.132428246989441
513 -1.13633203367924
514 -1.140143967663592
515 -1.143845262612597
516 -1.147434673479644
517 -1.150902338127894
518 -1.154241037755959
519 -1.157441947784204
520 -1.160499229377713
521 -1.16340636521189
522 -1.166156676731391
523 -1.168752830127923
524 -1.17118559231006
525 -1.173452864821876
526 -1.175551218410736
527 -1.177478208695224
528 -1.179231789907228
529 -1.180836828301624
530 -1.182268481881774
531 -1.183526701591561
532 -1.184613140181343
533 -1.185527699493688
534 -1.18627388496031
535 -1.186853762509683
536 -1.187271399382669
537 -1.187529641935816
538 -1.187633982047106
539 -1.18758880886422
540 -1.187399549930736
541 -1.187071151622585
542 -1.186609279659991
543 -1.186020938377204
544 -1.185311141292321
545 -1.184489142228457
546 -1.183563160473758
547 -1.182540351433599
548 -1.18142689241943
549 -1.180230919772766
550 -1.178961193967446
551 -1.177625638846201
552 -1.1762338732157
553 -1.174791135792907
554 -1.173305585717112
555 -1.171785055641342
556 -1.170239926912888
557 -1.168676121543443
558 -1.167103377552317
559 -1.165528807438623
560 -1.163959159104359
561 -1.162401978934553
562 -1.160863811683569
563 -1.159353226544984
564 -1.157881508784645
565 -1.156448570264127
566 -1.155062437598782
567 -1.153730047051032
568 -1.152455991757604
569 -1.151247186602501
570 -1.150108424887734
571 -1.149044345966781
572 -1.148059741325366
573 -1.147159654435929
574 -1.146348169142863
575 -1.145628077514082
576 -1.145003151591574
577 -1.144475928337625
578 -1.144049163295347
579 -1.143727639363929
580 -1.143510065318496
581 -1.143400438913312
582 -1.143397279612982
583 -1.143502633077092
584 -1.143718518458135
585 -1.144044718160659
586 -1.144479337850674
587 -1.145021482942852
588 -1.145669382833272
589 -1.146422832839398
590 -1.147280256669668
591 -1.148238494152806
592 -1.149296298834695
593 -1.150443247740398
594 -1.151682981556467
595 -1.153012776548219
596 -1.154428627704341
597 -1.155926409769891
598 -1.157501827994631
599 -1.159151007742348
600 -1.160869385844948
601 -1.162653039948491
602 -1.164496157380197
603 -1.166394096718886
604 -1.168340765984985
605 -1.170333001189824
606 -1.172364023770505
607 -1.174429183389665
608 -1.176523713794898
609 -1.178640529980464
610 -1.180769341929943
611 -1.182912088611117
612 -1.185063752977969
613 -1.187218312591956
614 -1.189371359933149
615 -1.191516894859085
616 -1.193651061720881
617 -1.19576821239596
618 -1.197863822169584
619 -1.199933983114833
620 -1.201972861629239
621 -1.203976588088276
622 -1.205942039409933
623 -1.207864565442243
624 -1.209739149743174
625 -1.21156241031543
626 -1.213332045679752
627 -1.215044498345497
628 -1.216695940312963
629 -1.218284425910194
630 -1.219801710654789
631 -1.221250854916977
632 -1.222630858777812
633 -1.223955737983354
634 -1.225206772512673
635 -1.226382413467641
636 -1.22748150042389
637 -1.228503914123215
638 -1.229449123939649
639 -1.230316503081876
640 -1.231105814126102
641 -1.231813439284598
642 -1.232440735010632
643 -1.232989718873965
644 -1.233470059494772
645 -1.233876097188978
646 -1.234211105062776
647 -1.234476427672852
648 -1.234673489014046
649 -1.234805628194104
650 -1.234874660178768
651 -1.234881899825918
652 -1.234831260782374
653 -1.234723807054203
654 -1.234563680298946
655 -1.234354132451063
656 -1.234097944470884
657 -1.233797891435453
658 -1.233458552203175
659 -1.233082667156024
660 -1.232672743892367
661 -1.232231910551968
662 -1.231763765331053
663 -1.231274421649274
664 -1.230765190678624
665 -1.230239972850296
666 -1.229702111097947
667 -1.22915704101113
668 -1.228606779430957
669 -1.228055787737767
670 -1.22750840590002
671 -1.226967926917052
672 -1.226436611938136
673 -1.225918842677357
674 -1.225419044990532
675 -1.224939580457313
676 -1.224483691296527
677 -1.224055324942479
678 -1.223659052885544
679 -1.223294856421905
680 -1.222966859477528
681 -1.222677396291974
682 -1.222428599026884
683 -1.222223926593076
684 -1.222064903632568
685 -1.221954489983582
686 -1.221893573958063
687 -1.221884940127387
688 -1.221929588741625
689 -1.222027741660904
690 -1.222179088379956
691 -1.222386846308634
692 -1.222652301122791
693 -1.222974865303422
694 -1.223353719908394
695 -1.223790186693566
696 -1.22428469275576
697 -1.224837451643744
698 -1.225449651540748
699 -1.22611850561555
700 -1.226842338350746
701 -1.227619073611572
702 -1.228447298048446
703 -1.229326731694002
704 -1.230253599698383
705 -1.23122709869904
706 -1.232246327148127
707 -1.233306549738103
708 -1.234405378894066
709 -1.23554029692804
710 -1.236709707272016
711 -1.237911040092435
712 -1.239139524050328
713 -1.240392313722807
714 -1.241666796608603
715 -1.242959275846028
716 -1.244267121070758
717 -1.245586403426459
718 -1.246914152456048
719 -1.248247677343952
720 -1.249582006658649
721 -1.250915001817981
722 -1.252243605449458
723 -1.253565192710284
724 -1.254876987616044
725 -1.256174629292711
726 -1.257446727622482
727 -1.258697419702181
728 -1.259925388134063
729 -1.26113652637226
730 -1.262318104716446
731 -1.263468977416145
732 -1.264587587933402
733 -1.26567217558587
734 -1.266719439101014
735 -1.267727569016028
736 -1.268695411464285
737 -1.269621530147067
738 -1.270503990109272
739 -1.271339611354155
740 -1.272130355526853
741 -1.272873016213802
742 -1.273568427185963
743 -1.274216384460549
744 -1.27481754726729
745 -1.275370534671479
746 -1.275874324915597
747 -1.276330753007234
748 -1.276740969268365
749 -1.277106292590262
750 -1.277425678267221
751 -1.277700574572013
752 -1.277932372246611
753 -1.278121438698844
754 -1.278269602680235
755 -1.278378754094657
756 -1.278450812119105
757 -1.278487592726567
758 -1.278489688676534
759 -1.278459523782631
760 -1.27840037782695
761 -1.278314458536141
762 -1.278205573013921
763 -1.278071988898647
764 -1.277917949911787
765 -1.277746073735626
766 -1.277557928171214
767 -1.27735765490098
768 -1.277145825061993
769 -1.276925708767781
770 -1.27669999574477
771 -1.276469170885956
772 -1.27623742018054
773 -1.276008273794686
774 -1.275783241902737
775 -1.275562447857918
776 -1.275350584585936
777 -1.275149475346976
778 -1.274961399786076
779 -1.274787201975169
780 -1.274628543899033
781 -1.274488114561996
782 -1.274367621359562
783 -1.274269256820239
784 -1.274192630492402
785 -1.274138150938323
786 -1.274109513532291
787 -1.274107865686859
788 -1.27413320318283
789 -1.274187086193556
790 -1.274269140834026
791 -1.274380010029293
792 -1.274519634078788
793 -1.274688608453592
794 -1.274887457122989
795 -1.275117447537481
796 -1.275375501844193
797 -1.27566343618467
798 -1.275981427315356
799 -1.276329429043618
800 -1.276706751427119
801 -1.277111296490398
802 -1.277543131397976
803 -1.278001393557562
804 -1.278485670321325
805 -1.278994095450192
806 -1.279527659638316
807 -1.280082171900785
808 -1.280657653251042
809 -1.281252029513707
810 -1.281865644545634
811 -1.28249715142823
812 -1.283145187301526
813 -1.283807363099327
814 -1.284482693739553
815 -1.285169394090969
816 -1.285864625686072
817 -1.286569041829542
818 -1.287279064065339
819 -1.287994404261939
820 -1.288714156323593
821 -1.28943650162643
822 -1.29015953298791
823 -1.290881970853669
824 -1.291602177795894
825 -1.292319179116993
826 -1.293031289970319
827 -1.293736080747268
828 -1.294434035466029
829 -1.295120978298059
830 -1.295797546722042
831 -1.296463170042119
832 -1.29711664246927
833 -1.297758296564732
834 -1.298384083833522
835 -1.298993596466569
836 -1.299589689238815
837 -1.300169942845523
838 -1.300731238380445
839 -1.301274401698569
840 -1.301797661965915
841 -1.302300602653043
842 -1.302784336303882
843 -1.303248281207034
844 -1.30369677473528
845 -1.304125172073842
846 -1.304531843932928
847 -1.304915828163079
848 -1.305278508327857
849 -1.305621232296411
850 -1.305944361402887
851 -1.306245184125009
852 -1.306525057850717
853 -1.306785230372584
854 -1.307026239679195
855 -1.307249385638313
856 -1.307454904182796
857 -1.307643017395546
858 -1.307812860424222
859 -1.307965518792073
860 -1.308102261525116
861 -1.308224445858669
862 -1.308332556706761
863 -1.308427791047992
864 -1.308511457606878
865 -1.308583954433091
866 -1.308645944593639
867 -1.308697929500313
868 -1.308741699148262
869 -1.3087763061404
870 -1.308803149413022
871 -1.308823914567076
872 -1.308839376791561
873 -1.308849536771434
874 -1.308856875473459
875 -1.308863373144353
876 -1.308868173781169
877 -1.308872755817294
878 -1.308878081314214
879 -1.308883741485163
880 -1.308890674799395
881 -1.308899413257342
882 -1.308910790487173
883 -1.308926461302214
884 -1.30894628732703
885 -1.308970815186336
886 -1.309001025532226
887 -1.309038385815942
888 -1.309082822729147
889 -1.309134845765836
890 -1.309194886462286
891 -1.309262161972902
892 -1.309337300790499
893 -1.309421375645415
894 -1.309514666166296
895 -1.309649634729954
896 -1.309756985572132
897 -1.309874897575878
898 -1.310000879985987
899 -1.310171540917174
900 -1.310314266531037
901 -1.310469404550449
902 -1.310668726461893
903 -1.31084004076036
904 -1.311054758225345
905 -1.311243017489672
906 -1.311475365204359
907 -1.311680370037386
908 -1.311928843316744
909 -1.312150508022259
910 -1.31241529377673
911 -1.312683641116822
912 -1.312925451489374
913 -1.313210469299326
914 -1.313468751794125
915 -1.313770262438882
916 -1.314042235539942
917 -1.314356711444306
918 -1.314640542673746
919 -1.314968673458102
920 -1.315265149248877
921 -1.315604347417697
922 -1.315909546122541
923 -1.316257703851536
924 -1.316570538743268
925 -1.316924265208046
926 -1.317241878931335
927 -1.317600562009653
928 -1.317922014443564
929 -1.318281939112532
930 -1.318604794943636
931 -1.318966512496913
932 -1.319290330242672
933 -1.319649983253927
934 -1.320003843957923
935 -1.320321394681745
936 -1.320670909214155
937 -1.321013694815693
938 -1.32131995939755
939 -1.321654262947914
940 -1.321982218099009
941 -1.322304672984978
942 -1.322619381686256
943 -1.322927000307095
944 -1.323226793489216
945 -1.32351849799496
946 -1.32380242153781
947 -1.324078515729679
948 -1.324347026395938
949 -1.324607407954428
950 -1.324860653444742
951 -1.325106689954654
952 -1.325343274431182
953 -1.325572752565631
954 -1.325793800332346
955 -1.326007721511813
956 -1.326213593687757
957 -1.326411586135751
958 -1.326600275481236
959 -1.326780539277724
960 -1.32695306390199
961 -1.327116003971044
962 -1.32727111466685
963 -1.327418785809337
964 -1.327559574632098
965 -1.327692804486994
966 -1.327802265964839
967 -1.327922957201046
968 -1.328035666764926
969 -1.328141483291214
970 -1.328224979504169
971 -1.328320762804111
972 -1.328408500154845
973 -1.328473705064969
974 -1.328552447338068
975 -1.328624551986728
976 -1.328675087607752
977 -1.328739344281426
978 -1.328782302396599
979 -1.328840107378691
980 -1.328892081504163
981 -1.328923206362755
982 -1.328970155575577
983 -1.32899701662801
984 -1.329040709796585
985 -1.329064118062133
986 -1.329105463041726
987 -1.329143833659934
988 -1.329163176393128
989 -1.329201032382537
990 -1.329237228351527
991 -1.3292573829755
992 -1.329295821989917
993 -1.329334036640297
994 -1.329355901322874
995 -1.329396113095045
996 -1.3294377403445
997 -1.329480870317527
998 -1.329526520549932
999 -1.329557437388985
1000 -1.329610779744125
1001 -1.329666602172349
1002 -1.329724976831772
1003 -1.329786108192095
1004 -1.329850980184334
1005 -1.329920124821832
1006 -1.329993058770244
1007 -1.330070397542635
1008 -1.330150761670152
1009 -1.330234784047869
1010 -1.330323188768917
1011 -1.330417200792522
1012 -1.330516738894076
1013 -1.330621394488062
1014 -1.330729404664789
1015 -1.330842061109809
1016 -1.33096020748946
1017 -1.331082278894029
1018 -1.331209280035902
1019 -1.331340832109691
1020 -1.33147637108519
1021 -1.331617638399991
1022 -1.331762318738689
1023 -1.331910835296534
1024 -1.332063085252621
1025 -1.332218852940992
1026 -1.332378063408153
1027 -1.332540360712003
1028 -1.33270566962658
1029 -1.332873148850579
1030 -1.333043720313831
1031 -1.333215744195544
1032 -1.333389920248179
1033 -1.33356576794578
1034 -1.333743037785761
1035 -1.333921821950174
1036 -1.334101956706481
1037 -1.334281032833577
1038 -1.334460443526352
1039 -1.334640236902305
1040 -1.334820520378779
1041 -1.335000110936948
1042 -1.335178757274454
1043 -1.335354551856955
1044 -1.335529399678237
1045 -1.335702374785583
1046 -1.335873626442943
1047 -1.33604309012994
1048 -1.336209736137533
1049 -1.336373677491782
1050 -1.336535553166836
1051 -1.33669346047465
1052 -1.336847997626001
1053 -1.336998813966603
1054 -1.337146369170654
1055 -1.33729003447941
1056 -1.337429385088644
1057 -1.337564430067145
1058 -1.337694847640629
1059 -1.337821270665257
1060 -1.337943380205498
1061 -1.338061540403208
1062 -1.338174886344544
1063 -1.338282493482137
1064 -1.338385393099608
1065 -1.338483575543761
1066 -1.338577673755616
1067 -1.338668123959761
1068 -1.338752829382286
1069 -1.338832455792276
1070 -1.338907813921623
1071 -1.338979254975931
1072 -1.33904580633764
1073 -1.339107956848217
1074 -1.339165723627093
1075 -1.339219405494104
1076 -1.339269689167856
1077 -1.339315467461641
1078 -1.339357570159391
1079 -1.339396926417147
1080 -1.339433006446696
1081 -1.339466010872399
1082 -1.339496445530633
1083 -1.339524580962572
1084 -1.339549912393017
1085 -1.339572900356084
1086 -1.339593616743302
1087 -1.339612737126757
1088 -1.339629962760757
1089 -1.339646132207113
1090 -1.339660101310966
1091 -1.339673196701847
1092 -1.33968591596218
1093 -1.339698199934635
1094 -1.339709971456127
1095 -1.339720941157147
1096 -1.339731525417568
1097 -1.339743416283699
1098 -1.339756283989383
1099 -1.339759265790981
1100 -1.339774650686321
1101 -1.339790162889385
1102 -1.339806109403822
1103 -1.339811491501111
1104 -1.33983187152923
1105 -1.339852654409455
1106 -1.339862362192496
1107 -1.339886884932425
1108 -1.339912973075134
1109 -1.33992778967609
1110 -1.339957605300681
1111 -1.339988138380686
1112 -1.340008267806397
1113 -1.340044372232361
1114 -1.340069220998558
1115 -1.34010872241797
1116 -1.340136602220175
1117 -1.340180716095793
1118 -1.340213103692405
1119 -1.340262030637325
1120 -1.340297965247014
1121 -1.340350587919553
1122 -1.340391368262272
1123 -1.340448682124403
1124 -1.340493431880935
1125 -1.340553302927598
1126 -1.340600647339689
1127 -1.340664464228303
1128 -1.340715756908091
1129 -1.34078288652783
1130 -1.340837264742067
1131 -1.340906640376117
1132 -1.340963295221102
1133 -1.341035788299186
1134 -1.341095296456345
1135 -1.341168994761762
1136 -1.341229726940219
1137 -1.341305792168753
1138 -1.341368580753835
1139 -1.341445864883776
1140 -1.341510063730687
1141 -1.341588587494478
1142 -1.341654068365933
1143 -1.341731727856573
1144 -1.341796315359418
1145 -1.341873014127986
1146 -1.34193750455376
1147 -1.342014327416548
1148 -1.342077866390585
1149 -1.342141888760384
1150 -1.342217582798398
1151 -1.34227956235173
1152 -1.342354091133154
1153 -1.342413749684802
1154 -1.342473413417148
1155 -1.342544242385408
1156 -1.34259987666653
1157 -1.342668329415473
1158 -1.342722121616176
1159 -1.342774299800292
1160 -1.342836532481506
1161 -1.342884756839286
1162 -1.342942962189731
1163 -1.342986666135399
1164 -1.343039341308637
1165 -1.343078522311803
1166 -1.343117433636579
1167 -1.343165205387582
1168 -1.343199385567851
1169 -1.343242342574486
1170 -1.343272871818823
1171 -1.343309586230785
1172 -1.343333776772388
1173 -1.343356907088272
1174 -1.343388849980828
1175 -1.34340828839563
1176 -1.343435082460543
1177 -1.343449207352253
1178 -1.343471528733382
1179 -1.343482487706294
1180 -1.343501079978817
1181 -1.343508089172109
1182 -1.343522958320233
1183 -1.343526602235874
1184 -1.3435278391811
1185 -1.343536978035684
1186 -1.343536140077503
1187 -1.343542623820754
1188 -1.343539665150247
1189 -1.343542056038242
1190 -1.343534241788848
1191 -1.343526869527848
1192 -1.343527862217457
1193 -1.343518080159907
1194 -1.343508534993519
1195 -1.343505102531945
1196 -1.343492071460512
1197 -1.343479501991027
1198 -1.343475046081099
1199 -1.343461404169816
1200 -1.343447956423454
1201 -1.343434036749937
1202 -1.343428725563863
1203 -1.343413641921273
1204 -1.343399310810427
1205 -1.343384858856393
1206 -1.343379139270405
1207 -1.343363115584532
1208 -1.343348272114899
1209 -1.343334081853351
1210 -1.343321076404122
1211 -1.34331648211942
1212 -1.34330237886361
1213 -1.343289751659875
1214 -1.343278451409026
1215 -1.343266970040493
1216 -1.343256298820295
1217 -1.343245500951565
1218 -1.343236344277985
1219 -1.343229392624376
1220 -1.343223083680148
1221 -1.343216291043489
1222 -1.343210381951352
1223 -1.343205315165049
1224 -1.343202138542692
1225 -1.343201282553078
1226 -1.343199316218379
1227 -1.3431977244752
1228 -1.34319728505985
1229 -1.343198003508813
1230 -1.343199681738043
1231 -1.343201722838629
1232 -1.343204910581228
1233 -1.343208431051164
1234 -1.343213030687512
1235 -1.343217870799027
1236 -1.343222907264279
1237 -1.343228076425635
1238 -1.343234353121382
1239 -1.343241546568958
1240 -1.343249328701027
1241 -1.343258126477015
1242 -1.34326700038537
1243 -1.343276186277295
1244 -1.343284909139625
1245 -1.343293245470021
1246 -1.343302315598689
1247 -1.343311783264986
1248 -1.343321079946428
1249 -1.343330185390246
1250 -1.343339743920369
1251 -1.343348267151842
1252 -1.34335726786103
1253 -1.343366010373175
1254 -1.343375557536596
1255 -1.343383274015267
1256 -1.343390157542754
1257 -1.34339547354946
1258 -1.343401314214593
1259 -1.343407750996142
1260 -1.343412928220776
1261 -1.343416957090439
1262 -1.343420481223702
1263 -1.343423753997204
1264 -1.343426048517137
1265 -1.343427665391213
1266 -1.343427180886137
1267 -1.343425568135212
1268 -1.343423407234516
1269 -1.343420194873768
1270 -1.34341762143904
1271 -1.343412038356639
1272 -1.343406185922963
1273 -1.343398537051358
1274 -1.343389947588847
1275 -1.343378558247334
1276 -1.343366978854789
1277 -1.343355146976846
1278 -1.343341641166321
1279 -1.343327557029856
1280 -1.343312192575673
1281 -1.343295030903714
1282 -1.343276936052039
1283 -1.343257992878142
1284 -1.343236569886415
1285 -1.343213986573044
1286 -1.343190831044963
1287 -1.343165545090796
1288 -1.343139649942591
1289 -1.343112582251731
1290 -1.343084592846599
1291 -1.34305634301785
1292 -1.343027156967983
1293 -1.342996079370621
1294 -1.342964107507458
1295 -1.342930749019644
1296 -1.342896853103416
1297 -1.342862981131183
1298 -1.342828628305902
1299 -1.342793220991957
1300 -1.342756905957607
1301 -1.342719781901701
1302 -1.342682511365765
1303 -1.342642948065726
1304 -1.342603811738127
1305 -1.342564576905748
1306 -1.342525548069814
1307 -1.342486437482017
1308 -1.342446221931509
1309 -1.342406751491171
1310 -1.342365992186209
1311 -1.342324874330003
1312 -1.342284245565069
1313 -1.342242935726211
1314 -1.342202215816713
1315 -1.342162370415388
1316 -1.342121351117658
1317 -1.342080516937876
1318 -1.342040241493362
1319 -1.342000265073068
1320 -1.341960971163321
1321 -1.341920949628934
1322 -1.341882000987216
1323 -1.341842485715602
1324 -1.341803184330817
1325 -1.341764412382916
1326 -1.341725711171814
1327 -1.341687264154485
1328 -1.341648152923155
1329 -1.341610026968944
1330 -1.341572535647542
1331 -1.341535153705338
1332 -1.341498633872798
1333 -1.341462270210187
1334 -1.341426566102756
1335 -1.341390192843357
1336 -1.341355078872726
1337 -1.341324532836184
1338 -1.341289154855164
1339 -1.341253942396801
1340 -1.341219231417025
1341 -1.341184612990483
1342 -1.341150387430555
1343 -1.341114282350681
1344 -1.341079382396949
1345 -1.341045226907749
1346 -1.341012618877998
1347 -1.340980631780509
1348 -1.340949061844057
1349 -1.340920571330705
1350 -1.340887295030334
1351 -1.340854311995226
1352 -1.340822049340935
1353 -1.340789552872996
1354 -1.340756608003887
1355 -1.340723228307264
1356 -1.34069508208852
1357 -1.340661209645751
1358 -1.340627639273365
1359 -1.340593395578021
1360 -1.340564144639083
1361 -1.340529446592455
1362 -1.340495984648191
1363 -1.340461164035952
1364 -1.340430342520793
1365 -1.340393972182346
1366 -1.34035796244323
1367 -1.340324749644098
1368 -1.340286399299575
1369 -1.340247852316311
1370 -1.340213034955545
1371 -1.340173299189386
1372 -1.34013704495822
1373 -1.340095616440913
1374 -1.340054082142089
1375 -1.340014447532743
1376 -1.339972044797549
1377 -1.339931618388079
1378 -1.339887201681098
1379 -1.339844779757484
1380 -1.339798751859027
1381 -1.339754146260804
1382 -1.339707023337273
1383 -1.339660722662078
1384 -1.339613104952892
1385 -1.339566602045792
1386 -1.339519141787317
1387 -1.339469039590442
1388 -1.339420109178686
1389 -1.339369526216878
1390 -1.339317403857941
1391 -1.339265135481187
1392 -1.339212834295844
1393 -1.339160111786004
1394 -1.339107011646924
1395 -1.339053517396119
1396 -1.339000839391171
1397 -1.338946602576169
1398 -1.338893505106026
1399 -1.338838929186268
1400 -1.338784286832883
1401 -1.338728404033518
1402 -1.338672630017223
1403 -1.338615557973735
1404 -1.33855929543141
1405 -1.338502683659209
1406 -1.3384467139765
1407 -1.338390523925039
1408 -1.338334822318682
1409 -1.338278943939118
1410 -1.338223421835669
1411 -1.338166401216163
1412 -1.338109389570312
1413 -1.338051627278841
1414 -1.337994956189708
1415 -1.337937492132373
1416 -1.337881112544541
1417 -1.337824530159589
1418 -1.337768690020286
1419 -1.337712548054074
1420 -1.337657354034412
1421 -1.337601275571377
1422 -1.337545035850801
1423 -1.337488225171505
1424 -1.337431729554664
1425 -1.33737553704593
1426 -1.337318943757562
1427 -1.337261843742645
1428 -1.337205605169117
1429 -1.337149852528374
1430 -1.337094719103848
1431 -1.337039678824751
1432 -1.336984202209607
1433 -1.336928835499946
1434 -1.336873390882744
1435 -1.336818036631676
1436 -1.336762886856678
1437 -1.336707476566322
1438 -1.336652358052591
1439 -1.336596075811916
1440 -1.33654113956681
1441 -1.336485097422081
1442 -1.336429522598508
1443 -1.336374801257042
1444 -1.336321286899993
1445 -1.336267127537282
1446 -1.336213682381928
1447 -1.336159075386643
1448 -1.336104865239973
1449 -1.336050546113978
1450 -1.335995588288132
1451 -1.33594020105016
1452 -1.335885942979829
1453 -1.335829387628611
1454 -1.33577394117185
1455 -1.335718492987781
1456 -1.33566434415228
1457 -1.335610257605977
1458 -1.335555551988501
1459 -1.335500429472643
1460 -1.335446520137535
1461 -1.335390749132655
1462 -1.335335654214248
1463 -1.335280109335425
1464 -1.335224064153553
1465 -1.335166809600352
1466 -1.33510987144432
1467 -1.335053256816619
1468 -1.334995663134886
1469 -1.334938449171894
1470 -1.334880870472171
1471 -1.334822914380863
1472 -1.33476490187065
1473 -1.334707034204419
1474 -1.334648994167212
1475 -1.334591210037022
1476 -1.334531668354346
1477 -1.334471350710777
1478 -1.334411082753324
1479 -1.334350375564245
1480 -1.334289942909354
1481 -1.334228137361592
1482 -1.334166973964464
1483 -1.334105022560478
1484 -1.334043634183228
1485 -1.333981082288118
1486 -1.333918110463114
1487 -1.333854168820825
1488 -1.333790986282119
1489 -1.333726401717571
1490 -1.33366288091611
1491 -1.333598749154231
1492 -1.333534951397161
1493 -1.333470608510774
1494 -1.333406348761118
1495 -1.333341837095764
1496 -1.333276982911682
1497 -1.333210865322168
1498 -1.333145329489261
1499 -1.333079124875154
1500 -1.33301256742632
1501 -1.332946540842917
1502 -1.332879925528636
1503 -1.332813327899483
1504 -1.332746681707375
1505 -1.332680005831034
1506 -1.332613930087094
1507 -1.332548485028906
1508 -1.332483272385523
1509 -1.332417743501493
1510 -1.332351281152871
1511 -1.332284360970493
1512 -1.332217674371796
1513 -1.332151558136691
1514 -1.332086125932609
1515 -1.332019429420089
1516 -1.331953406135619
1517 -1.331887741171268
1518 -1.331823094969013
1519 -1.331759693599238
1520 -1.331695184050736
1521 -1.33163053217827
1522 -1.331566395451305
1523 -1.331501662775521
1524 -1.331436953649412
1525 -1.331371630572183
1526 -1.331306559873533
1527 -1.331242185051176
1528 -1.331177880213914
1529 -1.331114126305117
1530 -1.33105017466888
1531 -1.330986214674164
1532 -1.330922909591698
1533 -1.330859442327547
1534 -1.330796358318477
1535 -1.330733479702452
1536 -1.330670706851859
1537 -1.33060758348396
1538 -1.330545390722782
1539 -1.330482306261477
1540 -1.330419397368955
1541 -1.330355759374972
1542 -1.330293013923626
1543 -1.33022997780933
1544 -1.330167119389183
1545 -1.330104458074685
1546 -1.330041906067641
1547 -1.32997849591025
1548 -1.329915782331434
1549 -1.329851987812206
1550 -1.329788407064661
1551 -1.329724797303523
1552 -1.329661418254567
1553 -1.329598622083589
1554 -1.329534841436809
1555 -1.329471282334304
1556 -1.329407722551873
1557 -1.329344313520721
1558 -1.329279910755604
1559 -1.329216331129376
1560 -1.329151477407552
1561 -1.329086761759208
1562 -1.329021844113009
1563 -1.328957089041159
1564 -1.328891966368429
1565 -1.328827283515061
1566 -1.328762348243506
1567 -1.328697044757333
1568 -1.328631603977477
1569 -1.328566721760106
1570 -1.328500516488861
1571 -1.328434281716756
1572 -1.328367150421242
1573 -1.328300672290767
1574 -1.328233876939524
1575 -1.328166837756358
1576 -1.32810005778803
1577 -1.32803313559337
1578 -1.327966241827742
1579 -1.327899363641226
1580 -1.327831696469083
1581 -1.327764534123553
1582 -1.327696382588031
1583 -1.327628377519429
1584 -1.327560046662438
1585 -1.327492159679812
1586 -1.327423564268347
1587 -1.327355238043157
1588 -1.327287145361292
1589 -1.327218802978009
1590 -1.327150773091197
1591 -1.327082605000927
1592 -1.327015217830115
1593 -1.326945536872787
1594 -1.326875952345928
1595 -1.326805745430312
1596 -1.326737014800153
1597 -1.326668908242389
1598 -1.326599819257688
1599 -1.326531942345939
1600 -1.326463451069639
1601 -1.326395625523653
1602 -1.326327450500871
1603 -1.326258801163329
1604 -1.326190235221983
1605 -1.326121504968197
1606 -1.326052344075275
1607 -1.325983053640609
1608 -1.325914264974085
1609 -1.325846273060759
1610 -1.325778882630049
1611 -1.32571197190365
1612 -1.325645152219095
1613 -1.325578603504027
1614 -1.325511747490401
1615 -1.325444968592419
1616 -1.325376598722135
1617 -1.325308969297866
1618 -1.325240617177072
1619 -1.325172239926048
1620 -1.325104683238987
1621 -1.325038746558676
1622 -1.324972014886173
1623 -1.324905277512121
1624 -1.324838476525102
1625 -1.324773436228081
1626 -1.324707103309109
1627 -1.324641276324618
1628 -1.324576967592742
1629 -1.324511736575973
1630 -1.324446617383291
1631 -1.324381573154672
1632 -1.324317391916762
1633 -1.324252664519631
1634 -1.324188266809187
1635 -1.324125457772839
1636 -1.324060972878166
1637 -1.323996345067704
1638 -1.323931264923227
1639 -1.323867099353158
1640 -1.323802144683624
1641 -1.323738075542385
1642 -1.323673222779942
1643 -1.323608720741991
1644 -1.323544772237534
1645 -1.323480086564349
1646 -1.323416469481803
1647 -1.323352905436615
1648 -1.323289927160483
1649 -1.32322615288324
1650 -1.323162918332928
1651 -1.323097995361954
1652 -1.323033278412874
1653 -1.322969773316783
1654 -1.322904917720932
1655 -1.32284003566747
1656 -1.322774341173141
1657 -1.322708723237634
1658 -1.322644176873854
1659 -1.322578712768609
1660 -1.322513973804344
1661 -1.322449496376689
1662 -1.322384724959498
1663 -1.322319537770885
1664 -1.322255383936624
1665 -1.322190023006439
1666 -1.322125261301487
1667 -1.322058539977268
1668 -1.321991945441063
1669 -1.32192600200542
1670 -1.321858788688471
1671 -1.321791646766821
1672 -1.321724466583077
1673 -1.321657595918218
1674 -1.32159228616793
1675 -1.321527095585685
1676 -1.321461506053433
1677 -1.321396036782602
1678 -1.321330785891509
1679 -1.321265657335641
1680 -1.321200399445562
1681 -1.32113440844382
1682 -1.321069116597183
1683 -1.321003241426104
1684 -1.320938992582836
1685 -1.320874009830596
1686 -1.3208098940202
1687 -1.32074587317718
1688 -1.320680639898214
1689 -1.320616051626863
1690 -1.320551503839255
1691 -1.320486611689081
1692 -1.320423120439451
1693 -1.320358924563151
1694 -1.320295860142815
1695 -1.320232118636099
1696 -1.320169288069979
1697 -1.320106983133315
1698 -1.320043962437949
1699 -1.319982144807259
1700 -1.31991931460921
1701 -1.319857310303269
1702 -1.319793790515827
1703 -1.319730812795626
1704 -1.319667269206803
1705 -1.319602952497486
1706 -1.319540414492373
1707 -1.319477684838457
1708 -1.319416660776425
1709 -1.319354581333119
1710 -1.319293845135236
1711 -1.319233246677347
1712 -1.319173176328867
1713 -1.31911195309105
1714 -1.319051565837239
1715 -1.318989478863009
1716 -1.318927811589273
1717 -1.318864941488169
1718 -1.318804556442563
1719 -1.318742870659901
1720 -1.318680724086595
1721 -1.318619964223788
1722 -1.318558820424115
1723 -1.318498568741958
1724 -1.318438251013171
1725 -1.318378291922673
1726 -1.318318110715502
1727 -1.318257654621388
1728 -1.318196671636564
1729 -1.318136807746211
1730 -1.318076201990119
1731 -1.318016609508391
1732 -1.31795454102692
1733 -1.317894030672807
1734 -1.317833014623826
1735 -1.317771676150489
1736 -1.31770974965887
1737 -1.317648583121329
1738 -1.317587776747906
1739 -1.317526888548346
1740 -1.317465830857178
1741 -1.317405941745308
1742 -1.317345835707077
1743 -1.317285886901867
1744 -1.317224998184441
1745 -1.317162965285379
1746 -1.317102900278958
1747 -1.317040935887113
1748 -1.316979039277537
1749 -1.316918469238914
1750 -1.316858239935383
1751 -1.316796483187374
1752 -1.316733766058492
1753 -1.316671745284198
1754 -1.316610317538588
1755 -1.316548733658227
1756 -1.316489008830717
1757 -1.316428256664495
1758 -1.316368112874204
1759 -1.316307177183951
1760 -1.316248036922673
1761 -1.316186608087159
1762 -1.316126301751799
1763 -1.316065568005745
1764 -1.316005728969214
1765 -1.315946767463344
1766 -1.315887053615919
1767 -1.31582707150074
1768 -1.315767763866931
1769 -1.315708422296788
1770 -1.315649191404877
1771 -1.315591195708575
1772 -1.315531772523146
1773 -1.315473936008564
1774 -1.3154155739748
1775 -1.315356837221176
1776 -1.315299671016031
1777 -1.315241752627613
1778 -1.315183425508239
1779 -1.315127482714531
1780 -1.315069590789177
1781 -1.315012058829918
1782 -1.314956546418884
1783 -1.314899057448642
1784 -1.314840961654967
1785 -1.314783855297377
1786 -1.314725865895736
1787 -1.314668268439979
1788 -1.314611851809066
1789 -1.31455604138296
1790 -1.314500630667775
1791 -1.314445066574019
1792 -1.314389735734782
1793 -1.314335295256629
1794 -1.314279917794461
1795 -1.314226148470371
1796 -1.314170555221288
1797 -1.314115883832376
1798 -1.314062220514082
1799 -1.314007580694018
1800 -1.313953435873867
1801 -1.313898970494921
1802 -1.31384474890369
1803 -1.313790674784971
1804 -1.313738149995547
1805 -1.313684029962205
1806 -1.313631317716081
1807 -1.31357922307408
1808 -1.31352638252653
1809 -1.313473476011675
1810 -1.313421396913863
1811 -1.313369085674298
1812 -1.313317564642479
1813 -1.31326685663152
1814 -1.313214925579276
1815 -1.313163907522045
1816 -1.313111672618233
1817 -1.313060692468817
1818 -1.313008175513926
1819 -1.312956625735192
1820 -1.312904610138229
1821 -1.312854791238382
1822 -1.312804814864784
1823 -1.31275340263205
1824 -1.312702730349564
1825 -1.31265361530658
1826 -1.312602792577694
1827 -1.312552142689181
1828 -1.312502238290536
1829 -1.31245079105535
1830 -1.312402162344832
1831 -1.312351387697104
1832 -1.31229928793367
1833 -1.312249906492047
1834 -1.312199483128776
1835 -1.312149809884805
1836 -1.312098934366913
1837 -1.312048919273533
1838 -1.311998985774802
1839 -1.311950121754412
1840 -1.311900092466235
1841 -1.311851265612267
1842 -1.311802146618887
1843 -1.311751974116347
1844 -1.311701627423412
1845 -1.311650857045204
1846 -1.311601533739397
1847 -1.311551198155957
1848 -1.311502191343514
1849 -1.311452585179004
1850 -1.311402608404493
1851 -1.3113535710278
1852 -1.311304910488294
1853 -1.311255105609646
1854 -1.311205874029561
1855 -1.311156127354142
1856 -1.311107019844148
1857 -1.311058144879092
1858 -1.311010422952402
1859 -1.310961124502049
1860 -1.310911744956973
1861 -1.310862027350471
1862 -1.310813616504595
1863 -1.310764836836353
1864 -1.310716634384276
1865 -1.310668175694638
1866 -1.310619466911262
1867 -1.310571264402721
1868 -1.310522881491903
1869 -1.310474273190284
1870 -1.310426144319915
1871 -1.31037777203958
1872 -1.310329816114876
1873 -1.310281260792209
1874 -1.310235015863358
1875 -1.310186923543407
1876 -1.310139207055608
1877 -1.310090563698293
1878 -1.310043107852926
1879 -1.309995150141345
1880 -1.309948827738726
1881 -1.309901112719697
1882 -1.30985371756705
1883 -1.309805650023331
1884 -1.309758778967551
1885 -1.309711974123667
1886 -1.309664681291961
1887 -1.309616953336937
1888 -1.309570055453192
1889 -1.309523322213194
1890 -1.309477611684365
1891 -1.309432151212956
1892 -1.309387025257902
1893 -1.309340282417275
1894 -1.309294891389019
1895 -1.309249129695605
1896 -1.309204143330148
1897 -1.309159093072167
1898 -1.309115106395495
1899 -1.309069059423496
1900 -1.309024308867833
1901 -1.308979711640498
1902 -1.308936366082808
1903 -1.30889122180272
1904 -1.308847374676153
1905 -1.308803428104817
1906 -1.30876149869923
1907 -1.308719696446967
1908 -1.3086785284985
1909 -1.308634844178849
1910 -1.308591786925336
1911 -1.308548494921443
1912 -1.308506020596137
1913 -1.308463422923361
1914 -1.308422066213305
1915 -1.308380186973009
1916 -1.30833875511871
1917 -1.308296703984274
1918 -1.30825696019935
1919 -1.308215317470981
1920 -1.30817499170847
1921 -1.308133196572096
1922 -1.308092778603915
1923 -1.308052185280175
1924 -1.308011967565583
1925 -1.307971507038331
1926 -1.307931583954271
1927 -1.307891575798274
1928 -1.307852856647751
1929 -1.307812371490141
1930 -1.307772769633629
1931 -1.307732826909066
1932 -1.307692439972146
1933 -1.307651881717254
1934 -1.307612730962241
1935 -1.307572499877773
1936 -1.307532975529254
1937 -1.307493322112958
1938 -1.307454122645337
1939 -1.307414210543955
1940 -1.307375775238647
1941 -1.307336296435733
1942 -1.30729618426522
1943 -1.307255422949158
1944 -1.307216412397126
1945 -1.307175474086118
1946 -1.307135488771877
1947 -1.307094857280761
1948 -1.307057259528408
1949 -1.307017035678031
1950 -1.306976494977033
1951 -1.306935993238903
1952 -1.306896340455645
1953 -1.306856122034285
1954 -1.306817132256517
1955 -1.306777009918376
1956 -1.306737998668386
1957 -1.306698268383591
1958 -1.30665905485779
1959 -1.306618976493468
1960 -1.306579853033138
1961 -1.306540264849241
1962 -1.306501565522875
1963 -1.30646199961812
1964 -1.306421776289295
1965 -1.306381124684451
1966 -1.306342980297294
1967 -1.306303571114795
1968 -1.306265980312675
1969 -1.306227615247522
1970 -1.306189746841126
1971 -1.306149967381383
1972 -1.306112072512539
1973 -1.306074199867412
1974 -1.306036939925752
1975 -1.305998709619231
1976 -1.305961748866548
1977 -1.30592395305067
1978 -1.305887670280974
1979 -1.305850801305959
1980 -1.305813442167483
1981 -1.305775508756872
1982 -1.305739421223268
1983 -1.305703024963587
1984 -1.305667085415896
1985 -1.305630062110037
1986 -1.305594674726709
1987 -1.305557760210722
1988 -1.30552293748079
1989 -1.305486626937274
1990 -1.305451109898905
1991 -1.305414392812032
1992 -1.305379099840764
1993 -1.305343152668555
1994 -1.305308186270268
1995 -1.305273162318479
1996 -1.305237322074582
1997 -1.305200922462337
1998 -1.305165823156673
1999 -1.305130693135651
2000 -1.305096523723282
2001 -1.305061394321444
2002 -1.305027101678869
2003 -1.30499070133722
2004 -1.304956171730771
2005 -1.304920824223448
2006 -1.30488655627319
2007 -1.304850462627144
2008 -1.30481592252991
2009 -1.304780766785312
2010 -1.304746694383269
2011 -1.304712151640099
2012 -1.304677039836412
2013 -1.304640761790564
2014 -1.304606403720523
2015 -1.30457131071923
2016 -1.304535735953408
2017 -1.30449939680577
2018 -1.304464352879419
2019 -1.304429011934926
2020 -1.304395503568083
2021 -1.304360563465052
2022 -1.304325546427088
2023 -1.304289896397283
2024 -1.304255357080183
2025 -1.304219136990648
2026 -1.304184399029966
2027 -1.304148753592253
2028 -1.304113139010573
2029 -1.304077473009829
2030 -1.304043468281862
2031 -1.304008038915023
2032 -1.303972672476624
2033 -1.303936351078103
2034 -1.30390175818756
2035 -1.303866258448488
2036 -1.303831973349274
2037 -1.303797109158947
2038 -1.303762518728959
2039 -1.303726626581804
2040 -1.303691687672385
2041 -1.303656394526174
2042 -1.303621504532945
2043 -1.303585211151207
2044 -1.303549853905049
2045 -1.303515070683149
2046 -1.303480475702096
2047 -1.303444895012975
2048 -1.303410358049286
2049 -1.303374559374709
2050 -1.303339975876397
2051 -1.303305653609878
2052 -1.303271848082686
2053 -1.303237454028394
2054 -1.303203528806139
2055 -1.303168977296676
2056 -1.303135181163362
2057 -1.303100946849625
2058 -1.303066894346529
2059 -1.303031678976752
2060 -1.30299883877242
2061 -1.302965162994269
2062 -1.302932418404397
2063 -1.302898007049077
2064 -1.302865133562662
2065 -1.302833032391016
2066 -1.302801038513764
2067 -1.30276785550801
2068 -1.302736048173552
2069 -1.302703283638517
2070 -1.302671595012684
2071 -1.302639719844745
2072 -1.30260740686306
2073 -1.302574476758905
2074 -1.302542890060837
2075 -1.302511663598256
2076 -1.302481203982892
2077 -1.302449590811666
2078 -1.302419160532179
2079 -1.302388291577689
2080 -1.302358561197286
2081 -1.302327814608178
2082 -1.302297907420509
2083 -1.302267708342942
2084 -1.302238850907339
2085 -1.302209272859248
2086 -1.302179680864079
2087 -1.302148819060319
2088 -1.302118959103174
2089 -1.302088897511311
2090 -1.302060279894723
2091 -1.302030862331782
2092 -1.302001750848917
2093 -1.301971417950744
2094 -1.301941815626613
2095 -1.301912313623155
2096 -1.30188405691607
2097 -1.301854930099329
2098 -1.301826091946087
2099 -1.301796457572301
2100 -1.301767867888115
2101 -1.301739291323069
2102 -1.301710312185466
2103 -1.301680434134316
2104 -1.301651832417008
2105 -1.301622737682966
2106 -1.301594122691702
2107 -1.301564661540405
2108 -1.301535548601184
2109 -1.301505023546784
2110 -1.301476122191138
2111 -1.301446648964219
2112 -1.301417872317068
2113 -1.301387668098998
2114 -1.301358540882348
2115 -1.30132832346538
2116 -1.301298982739518
2117 -1.301269010193553
2118 -1.301239270103747
2119 -1.301208161199503
2120 -1.301177895911299
2121 -1.301147955799225
2122 -1.301117329685175
2123 -1.301087480421747
2124 -1.301056948230919
2125 -1.301026197829738
2126 -1.300996451052039
2127 -1.300965054042621
2128 -1.30093416292743
2129 -1.300904033258774
2130 -1.300873236419628
2131 -1.300841666672614
2132 -1.300810630490363
2133 -1.300779002075639
2134 -1.300747010027192
2135 -1.300714920524338
2136 -1.300683984504086
2137 -1.300653010131428
2138 -1.300621013404557
2139 -1.300589597950484
2140 -1.300558402853945
2141 -1.300527349495538
2142 -1.300495922950454
2143 -1.30046399600329
2144 -1.300431968911504
2145 -1.300399989199391
2146 -1.30036809088466
2147 -1.300336510699194
2148 -1.300306232492099
2149 -1.300275006401716
2150 -1.30024151351135
2151 -1.300207921269154
2152 -1.300175155818143
2153 -1.300144103889404
2154 -1.300112052726773
2155 -1.300080105121193
2156 -1.300047902633447
2157 -1.300016910841113
2158 -1.299985363538984
2159 -1.299953582012951
2160 -1.299922132958014
2161 -1.299890785283894
2162 -1.29985918122971
2163 -1.299827401944421
2164 -1.299795248411115
2165 -1.299762904004501
2166 -1.29973165911856
2167 -1.299700800403034
2168 -1.299669378436088
2169 -1.299638269313101
2170 -1.299606757603329
2171 -1.299575281701892
2172 -1.299544193824147
2173 -1.29951368399294
2174 -1.299484130005465
2175 -1.299454223104175
2176 -1.299422473766081
2177 -1.299390560433647
2178 -1.299358963142984
2179 -1.299329131848682
2180 -1.299299235717234
2181 -1.299269244067614
2182 -1.299239709671972
2183 -1.299210710550743
2184 -1.299181915733243
2185 -1.299152599807389
2186 -1.299123600492523
2187 -1.299093663604279
2188 -1.299062583293259
2189 -1.299032217725311
2190 -1.299003540758482
2191 -1.298975079454096
2192 -1.298946335789864
2193 -1.298917847497833
2194 -1.298889408791002
2195 -1.298862484529903
2196 -1.298833038875564
2197 -1.29880320997279
2198 -1.298773582715124
2199 -1.298745516962472
2200 -1.298715911640707
2201 -1.298686309340977
2202 -1.298657081598807
2203 -1.298629329555412
2204 -1.298601342942146
2205 -1.298573505045504
2206 -1.298544473881429
2207 -1.298515192182493
2208 -1.298485863220528
2209 -1.298456676733468
2210 -1.298427900810273
2211 -1.298399141649277
2212 -1.29836990482659
2213 -1.29833998373839
2214 -1.298310786147046
2215 -1.298282300408814
2216 -1.298253925813171
2217 -1.298224574457096
2218 -1.298194631299787
2219 -1.298165278994808
2220 -1.298136042974224
2221 -1.298106559587677
2222 -1.298076527625487
2223 -1.298047028786918
2224 -1.298016731756027
2225 -1.297986582385752
2226 -1.297958242370697
2227 -1.297928991749471
2228 -1.29789960850424
2229 -1.297869604219638
2230 -1.297840290687669
2231 -1.297811780527769
2232 -1.297783110794698
2233 -1.297754277641688
2234 -1.297725281095184
2235 -1.297695037765182
2236 -1.297663511960166
2237 -1.297632003166312
2238 -1.29760149107008
2239 -1.297572480191646
2240 -1.29754378667944
2241 -1.297514874518737
2242 -1.297486187204462
2243 -1.297456801805605
2244 -1.297427453392229
2245 -1.297398334109118
2246 -1.297368391597494
2247 -1.297338521096307
2248 -1.297309291955696
2249 -1.297277453327866
2250 -1.297245604254879
2251 -1.297215805205753
2252 -1.297187240161693
2253 -1.29715829885358
2254 -1.297128839836608
2255 -1.297099495424026
2256 -1.297069270790265
2257 -1.297038633342664
2258 -1.297007746900965
2259 -1.296978139020513
2260 -1.296947906595096
2261 -1.296917970387717
2262 -1.296887967466718
2263 -1.296860124292947
2264 -1.296829546146789
2265 -1.296799337595229
2266 -1.296768303786485
2267 -1.296737395638961
2268 -1.29670723608949
2269 -1.296677076651935
2270 -1.296647335630994
2271 -1.296618065972065
2272 -1.296587428496113
2273 -1.2965560970627
2274 -1.296524525906058
2275 -1.29649370474852
2276 -1.296462148239772
2277 -1.296430516876291
2278 -1.296399880323584
2279 -1.29637006154812
2280 -1.296340734808625
2281 -1.296310873084018
2282 -1.296280638355607
2283 -1.296249013974457
2284 -1.29621686598947
2285 -1.296184838895225
2286 -1.296153615205515
2287 -1.29612330906949
2288 -1.296094165874201
2289 -1.296065226808892
2290 -1.296033878542865
2291 -1.296001857568268
2292 -1.295970237939625
2293 -1.29593940437904
2294 -1.295908893931644
2295 -1.295878593337319
2296 -1.295848893268602
2297 -1.295817315331034
2298 -1.295785517853461
2299 -1.295754602734957
2300 -1.295723705232828
2301 -1.295691655846567
2302 -1.295660291964258
2303 -1.295631531762468
2304 -1.295600714050832
2305 -1.295569725008497
2306 -1.295538212600285
2307 -1.29550678225561
2308 -1.295476401838397
2309 -1.295445834970314
2310 -1.295414854576265
2311 -1.295383837907796
2312 -1.295353758563291
2313 -1.295323685725768
2314 -1.295293928780688
2315 -1.295263239038045
2316 -1.295232265223575
2317 -1.295202058623602
2318 -1.295170156019899
2319 -1.295137949780162
2320 -1.295106622098573
2321 -1.295076718915865
2322 -1.295046001831367
2323 -1.295014839297208
2324 -1.294984379048801
2325 -1.294956141612832
2326 -1.294925967641259
2327 -1.294895847053751
2328 -1.294864965138814
2329 -1.294833433517854
2330 -1.294802472435142
2331 -1.294772402064197
2332 -1.294742468804257
2333 -1.294712717074597
2334 -1.29468300627916
2335 -1.294651367787149
2336 -1.294619828072006
2337 -1.294589536833084
2338 -1.294561733552834
2339 -1.294532424086977
2340 -1.294503515852202
2341 -1.294474614463108
2342 -1.294445563614959
2343 -1.294416801233008
2344 -1.294387384699923
2345 -1.294357904473738
2346 -1.294328125774479
2347 -1.294297644227851
2348 -1.294267537396884
2349 -1.294238226225838
2350 -1.294209548596081
2351 -1.294182212442993
2352 -1.294153984332044
2353 -1.29412588276503
2354 -1.294096423876121
2355 -1.294066923129577
2356 -1.294038085645049
2357 -1.294010510653166
2358 -1.293982416431342
2359 -1.293952690363007
2360 -1.293923482179784
2361 -1.293894915703631
2362 -1.293866170478888
2363 -1.293838865246317
2364 -1.293811371185892
2365 -1.293785121637326
2366 -1.293757354667772
2367 -1.293729282200419
2368 -1.293701572104534
2369 -1.293674412250648
2370 -1.293646483542445
2371 -1.293617800575619
2372 -1.293588712516975
2373 -1.293560511905053
2374 -1.293533389988302
2375 -1.293504753846477
2376 -1.293475273864276
2377 -1.293446452985099
2378 -1.293418937874618
2379 -1.293390585384876
2380 -1.293363542715177
2381 -1.293336110280052
2382 -1.293307948177601
2383 -1.293280033683467
2384 -1.293252889341267
2385 -1.293225688476052
2386 -1.293198302501593
2387 -1.293170719234357
2388 -1.293142558655085
2389 -1.293113781874977
2390 -1.293084939266497
2391 -1.293057299493567
2392 -1.293029324854324
2393 -1.293001493522367
2394 -1.292971530916557
2395 -1.292942904226175
2396 -1.292914704984256
2397 -1.292887553902836
2398 -1.292860961463722
2399 -1.292834085127149
2400 -1.292807557910819
2401 -1.292779323280467
2402 -1.292751103074468
2403 -1.292722156965318
2404 -1.292693484956526
2405 -1.292665135860869
2406 -1.292637514852856
2407 -1.292610606393732
2408 -1.292584243649195
2409 -1.292557682797629
2410 -1.292531059499466
2411 -1.292504873770524
2412 -1.292477427419915
2413 -1.292451175553194
2414 -1.292421355418458
2415 -1.292392598145336
2416 -1.292364750882391
2417 -1.292338723423304
2418 -1.292313108187522
2419 -1.292287451117737
2420 -1.292261399774882
2421 -1.292235000822222
2422 -1.292207854193778
2423 -1.292181498946454
2424 -1.292155669886343
2425 -1.29212872168861
2426 -1.292101394500949
2427 -1.292075269536836
2428 -1.292049435836847
2429 -1.292023038776938
2430 -1.29199640988936
2431 -1.291970948970734
2432 -1.291945371769733
2433 -1.291920875621358
2434 -1.291895067120798
2435 -1.291869546083389
2436 -1.291844227563342
2437 -1.291818104358421
2438 -1.291791619696129
2439 -1.291765835792744
2440 -1.291739652448143
2441 -1.291715237519484
2442 -1.291689403488917
2443 -1.291665286165196
2444 -1.291640861531409
2445 -1.291616551336277
2446 -1.291593555922928
2447 -1.29156868948329
2448 -1.291543548709746
2449 -1.291519410265732
2450 -1.291495960512289
2451 -1.291470475554897
2452 -1.291445710050524
2453 -1.291422204030765
2454 -1.291397536304578
2455 -1.291373901772399
2456 -1.29135081773735
2457 -1.291327575263731
2458 -1.291304205082563
2459 -1.291280188015489
2460 -1.291256849220602
2461 -1.291234070705635
2462 -1.29121348404297
2463 -1.291190512007408
2464 -1.291167820438228
2465 -1.291144732800178
2466 -1.291123415319158
2467 -1.291100523439668
2468 -1.291078288977182
2469 -1.291058018815663
2470 -1.291038430534968
2471 -1.291016665257806
2472 -1.290995075388335
2473 -1.290973604440819
2474 -1.290954366059512
2475 -1.290932617886454
2476 -1.290911534643899
2477 -1.290891456270122
2478 -1.290872050525991
2479 -1.290851931819445
2480 -1.29083277526197
2481 -1.290813698596339
2482 -1.290794179705038
2483 -1.290776513157892
2484 -1.290756391875213
2485 -1.290735981927728
2486 -1.290716149380285
2487 -1.290698378683341
2488 -1.290679585583975
2489 -1.290661127778936
2490 -1.290642991631401
2491 -1.290626022453105
2492 -1.290608094341375
2493 -1.290590191103724
2494 -1.290572595388421
2495 -1.290556051772991
2496 -1.290539930359711
2497 -1.29052368332742
2498 -1.290507455508028
2499 -1.29049158860727
2500 -1.290473808756067
2501 -1.29045619467594
2502 -1.290438267324221
2503 -1.290420588197797
2504 -1.29040413366621
2505 -1.29038813372954
2506 -1.29037353144262
2507 -1.290357659988655
2508 -1.290341950332233
2509 -1.290326707706627
2510 -1.290311793434553
2511 -1.290297077095329
2512 -1.290282614124079
2513 -1.290268566620977
2514 -1.290252171380124
2515 -1.290236356289119
2516 -1.290222270775283
2517 -1.290208009837679
2518 -1.290192180463665
2519 -1.290176456568346
2520 -1.290161574573484
2521 -1.290147560581309
2522 -1.290133802506249
2523 -1.290121132019574
2524 -1.290107667769926
2525 -1.290095154660801
2526 -1.290082675673308
2527 -1.29006797771501
2528 -1.290052805586508
2529 -1.290039459071391
2530 -1.290026656518764
2531 -1.290013314321585
2532 -1.290001038383982
2533 -1.289987679353041
2534 -1.28997487720765
2535 -1.289962554079205
2536 -1.289950932435453
2537 -1.289940901137598
2538 -1.28993002962423
2539 -1.289920133518067
2540 -1.28990908907977
2541 -1.289897949149304
2542 -1.289888600834452
2543 -1.289877472252333
2544 -1.289865270872652
2545 -1.289852903334776
2546 -1.289842177766141
2547 -1.289832589958289
2548 -1.289823378690041
2549 -1.28981477392882
2550 -1.289806455431197
2551 -1.289796202262925
2552 -1.289787225757325
2553 -1.28978033750716
2554 -1.289773613302422
2555 -1.289765792721805
2556 -1.28975799266851
2557 -1.289749485298426
2558 -1.289741345077384
2559 -1.289733310263984
2560 -1.289725611136217
2561 -1.289718258158457
2562 -1.289712706138648
2563 -1.289705355584752
2564 -1.289696851830945
2565 -1.289690160539184
2566 -1.289683975298539
2567 -1.289679423921211
2568 -1.289674294264029
2569 -1.28966961898852
2570 -1.289664041542864
2571 -1.289657970093499
2572 -1.289653190750355
2573 -1.289649171798532
2574 -1.289644761502826
2575 -1.28963911085498
2576 -1.289633275295608
2577 -1.289628621786018
2578 -1.289626197584407
2579 -1.289622815977688
2580 -1.289619490416259
2581 -1.289617086650421
2582 -1.289615241447487
2583 -1.28961092070329
2584 -1.289607370986109
2585 -1.289604571249748
2586 -1.289601078022821
2587 -1.289600394660634
2588 -1.289599057543962
2589 -1.28959583815443
2590 -1.289592464600698
2591 -1.289591010720906
2592 -1.289589993716681
2593 -1.289589911530739
2594 -1.289590235264106
2595 -1.289591181968883
2596 -1.289592569376105
2597 -1.289593681568223
2598 -1.289594667411262
2599 -1.289595743357707
2600 -1.289595372172635
2601 -1.289594185505224
2602 -1.289594465482689
2603 -1.289596676761508
2604 -1.289599031169321
2605 -1.289600904455552
2606 -1.289603172790156
2607 -1.289605342122665
2608 -1.289609175029698
2609 -1.2896131651436
2610 -1.289617751981063
2611 -1.28962314620486
2612 -1.2896286894111
2613 -1.289632094569576
2614 -1.289635202649011
2615 -1.289639370568768
2616 -1.289645630100928
2617 -1.289652542590903
2618 -1.289658438782874
2619 -1.28966438637616
2620 -1.289671503396999
2621 -1.28967799981718
2622 -1.289684935496774
2623 -1.289690665612958
2624 -1.289697957064389
2625 -1.289705189677066
2626 -1.289711812578108
2627 -1.2897202841333
2628 -1.289730061588559
2629 -1.289740657694473
2630 -1.289750798655329
2631 -1.289760122198586
2632 -1.289769297777366
2633 -1.289779092071303
2634 -1.289789232204252
2635 -1.289800754922819
2636 -1.289810904390753
2637 -1.289820518528436
2638 -1.289832309326329
2639 -1.289843863483613
2640 -1.289854891253644
2641 -1.289865174633662
2642 -1.28987748030875
2643 -1.289891742308765
2644 -1.289905474030725
2645 -1.289917827831303
2646 -1.28993049501007
2647 -1.289944068043777
2648 -1.289958457127727
2649 -1.289971876499167
2650 -1.289985764219075
2651 -1.290000541640939
2652 -1.290016055182268
2653 -1.290030944224563
2654 -1.290045257962447
2655 -1.290061152708072
2656 -1.290076713117054
2657 -1.290092347700667
2658 -1.290108936280904
2659 -1.290127039098149
2660 -1.290144579129503
2661 -1.290161306848314
2662 -1.290177331467307
2663 -1.290194358876121
2664 -1.290212685337919
2665 -1.290233696283335
2666 -1.290253109666392
2667 -1.290272253167811
2668 -1.290292004599537
2669 -1.290313063223497
2670 -1.290333562445869
2671 -1.290353785320154
2672 -1.29037246560388
2673 -1.290394022744932
2674 -1.29041279576442
2675 -1.290432539987697
2676 -1.290454123581302
2677 -1.290477299796851
2678 -1.290498599825842
2679 -1.290520174253704
2680 -1.290544058121184
2681 -1.290568828970878
2682 -1.290592947734104
2683 -1.29061728843535
2684 -1.290642363989849
2685 -1.290666643875412
2686 -1.290690645649957
2687 -1.290713654986189
2688 -1.29073829126882
2689 -1.290764371099228
2690 -1.290788658869165
2691 -1.29081311413655
2692 -1.290838688267287
2693 -1.290867653925361
2694 -1.290894989576483
2695 -1.290921077535682
2696 -1.290947428262241
2697 -1.290975292781781
2698 -1.291002979122355
2699 -1.291029355933016
2700 -1.291056969359273
2701 -1.291086771143704
2702 -1.291116855069838
2703 -1.291146581169803
2704 -1.291176157182537
2705 -1.291206354103267
2706 -1.291237514204514
2707 -1.291266911004975
2708 -1.291297324690241
2709 -1.291327686915042
2710 -1.291359056295977
2711 -1.29138902684135
2712 -1.291416956727724
2713 -1.291447477146371
2714 -1.291478795305743
2715 -1.291512205785365
2716 -1.291546858585134
2717 -1.291580412580571
2718 -1.291615247372987
2719 -1.291649435504667
2720 -1.291683615009192
2721 -1.29171745787906
2722 -1.291750224296803
2723 -1.291784314840799
2724 -1.29181862702412
2725 -1.291853515735749
2726 -1.291889196923957
2727 -1.291925411349342
2728 -1.291960103074592
2729 -1.291994769987824
2730 -1.292030615836899
2731 -1.292068693163903
2732 -1.292105509612908
2733 -1.292142590846287
2734 -1.292180231780776
2735 -1.292217219606139
2736 -1.29225559443902
2737 -1.292293637533935
2738 -1.292331610764274
2739 -1.292367972976332
2740 -1.292406990687974
2741 -1.292446107265315
2742 -1.29248608205436
2743 -1.292527375021236
2744 -1.292568360681174
2745 -1.292608754199145
2746 -1.292650227119529
2747 -1.292689259984528
2748 -1.292729609658957
2749 -1.29277105857992
2750 -1.292813439456934
2751 -1.292855776772022
2752 -1.292898321776819
2753 -1.292940526719096
2754 -1.292983635756526
2755 -1.293025669063941
2756 -1.293068280677818
2757 -1.293111235933655
2758 -1.293153774395066
2759 -1.293196169721016
2760 -1.293240176806237
2761 -1.293285392865849
2762 -1.293332336147997
2763 -1.293378387810386
2764 -1.293424513992409
2765 -1.29347087542559
2766 -1.293516910704387
2767 -1.293563664876806
2768 -1.293610250973677
2769 -1.293656605529904
2770 -1.293703864328001
2771 -1.293751017821844
2772 -1.293798433267189
2773 -1.293846611237052
2774 -1.293894386983498
2775 -1.293942982505649
2776 -1.293989888306712
2777 -1.29403819102082
2778 -1.294087782378541
2779 -1.294138111723812
2780 -1.294190148393469
2781 -1.294241481245339
2782 -1.294293741789359
2783 -1.294343090841635
2784 -1.294392323221676
2785 -1.294443131724769
2786 -1.294494723855936
2787 -1.294547673673182
2788 -1.294600620448941
2789 -1.29465337816618
2790 -1.294707568916525
2791 -1.294760132128327
2792 -1.294813759096054
2793 -1.29486658777416
2794 -1.294918410592073
2795 -1.294970445876041
2796 -1.295022723195302
2797 -1.29507734689212
2798 -1.295131718095344
2799 -1.295187767481013
2800 -1.295243855354126
2801 -1.295298366024483
2802 -1.295352447952066
2803 -1.295406917227428
2804 -1.29546260318093
2805 -1.295519267715442
2806 -1.29557712087943
2807 -1.295633169092254
2808 -1.295688729511203
2809 -1.295744025357997
2810 -1.295801076223571
2811 -1.295857043669179
2812 -1.295913163594121
2813 -1.2959697009322
2814 -1.296026631761228
2815 -1.296084838537927
2816 -1.296143885762511
2817 -1.296202818423565
2818 -1.296261126809775
2819 -1.296321489533144
2820 -1.296378377811897
2821 -1.296435301032991
2822 -1.296493545701462
2823 -1.29655013505249
2824 -1.29660758940449
2825 -1.296668021627955
2826 -1.296728911666802
2827 -1.2967899472453
2828 -1.296850534854876
2829 -1.296911818240349
2830 -1.296972156913356
2831 -1.297031862842242
2832 -1.297091061245728
2833 -1.297152323610774
2834 -1.297213799530105
2835 -1.297272355225431
2836 -1.297330637807383
2837 -1.29739081055642
2838 -1.29745280366818
2839 -1.297516101722016
2840 -1.297578179210483
2841 -1.297639937174151
2842 -1.297701827220116
2843 -1.297764069513705
2844 -1.297827299900318
2845 -1.297891638605939
2846 -1.297956694800586
2847 -1.298018790086799
2848 -1.298080989276695
2849 -1.298144699591688
2850 -1.29820685265482
2851 -1.298269538603147
2852 -1.298332150706777
2853 -1.298396633306897
2854 -1.298462199772454
2855 -1.29852696834657
2856 -1.298590778014025
2857 -1.298655332696739
2858 -1.298720214678178
2859 -1.298786409844896
2860 -1.298853110257376
2861 -1.298919284911186
2862 -1.298985031288962
2863 -1.299051259326244
2864 -1.299116166029453
2865 -1.299182583466362
2866 -1.299249554457927
2867 -1.299315976576921
2868 -1.299383182493473
2869 -1.29945082624117
2870 -1.299518941951916
2871 -1.299587060892687
2872 -1.299655991075888
2873 -1.299722966795321
2874 -1.299789858490506
2875 -1.299857916620691
2876 -1.299927980961769
2877 -1.299997517868407
2878 -1.300066315102338
2879 -1.300134136721522
2880 -1.300203867920619
2881 -1.300272936980166
2882 -1.300342581382432
2883 -1.300412932596175
2884 -1.300482479006976
2885 -1.300552237374275
2886 -1.300622432912956
2887 -1.30069255217512
2888 -1.300763316487625
2889 -1.300834570306633
2890 -1.30090607778051
2891 -1.300977864861677
2892 -1.301048436595324
2893 -1.301119250831993
2894 -1.301190760337842
2895 -1.301262427702847
2896 -1.301335644306288
2897 -1.301407590273266
2898 -1.301479870858996
2899 -1.301549526330829
2900 -1.301619449873221
2901 -1.301689717185806
2902 -1.301762839514768
2903 -1.301837270010715
2904 -1.301911132117691
2905 -1.301984940651354
2906 -1.302059192806371
2907 -1.302132217685444
2908 -1.302207095728665
2909 -1.302277902384444
2910 -1.302348635386407
2911 -1.302421085262398
2912 -1.302494285091552
2913 -1.302567176950921
2914 -1.302641012937455
2915 -1.302715424537806
2916 -1.302791512121726
2917 -1.302864568022543
2918 -1.302938176132155
2919 -1.303011855373357
2920 -1.303084668795024
2921 -1.303158312144515
2922 -1.303234572748059
2923 -1.3033094207306
2924 -1.303383619320474
2925 -1.303457132955089
2926 -1.303531616646048
2927 -1.303604168096824
2928 -1.303677542682177
2929 -1.303753620375692
2930 -1.303829731035985
2931 -1.303905413671604
2932 -1.303981972343495
2933 -1.304056778565267
2934 -1.304131749832356
2935 -1.304207184316951
2936 -1.304282956840001
2937 -1.304359638959433
2938 -1.304434134827785
2939 -1.304508736915877
2940 -1.304583324007435
2941 -1.304659593990035
2942 -1.304736845282532
2943 -1.304812981142142
2944 -1.304887516738244
2945 -1.304962810937595
2946 -1.305038981000004
2947 -1.305116097024217
2948 -1.305193460566535
2949 -1.305271587960277
2950 -1.305349780007066
2951 -1.305426816488092
2952 -1.305500999036086
2953 -1.305576119432822
2954 -1.305652924545871
2955 -1.305731001226294
2956 -1.305808607402591
2957 -1.305886377089175
2958 -1.305964576145378
2959 -1.30604334412473
2960 -1.306120808543696
2961 -1.306197755995421
2962 -1.30627516098807
2963 -1.306352789424624
2964 -1.306430088021805
2965 -1.306508031563987
2966 -1.306586822750128
2967 -1.306664546893829
2968 -1.306741608834793
2969 -1.306819897836185
2970 -1.306897721321756
2971 -1.306974098369943
2972 -1.307051737372854
2973 -1.30713070437333
2974 -1.30721053575707
2975 -1.30728934381526
2976 -1.307366991394929
2977 -1.307443721184426
2978 -1.307521163913558
2979 -1.307599724646567
2980 -1.307680956789126
2981 -1.307760805977601
2982 -1.307840444595899
2983 -1.307918838713625
2984 -1.307997250978145
2985 -1.30807590008868
2986 -1.308154050944627
2987 -1.308231928192066
2988 -1.308310413578986
2989 -1.308388160129535
2990 -1.308466472986566
2991 -1.308545829166696
2992 -1.308624479307189
2993 -1.30870410496171
2994 -1.30878094375002
2995 -1.308861586471554
2996 -1.308940564362747
2997 -1.309019796874766
2998 -1.309098978130778
2999 -1.309179456652537
3000 -1.309256911615563
