"lift-rfile"
"Iteration" "lift"
("Iteration" "lift")
1 -3.101817871462091
2 -4.640936919751288
3 -5.795335145472823
4 -6.56072681876405
5 -7.045677311577323
6 -7.230396166293849
7 -7.18600447993664
8 -6.870038017959094
9 -6.430276323909459
10 -5.999571216887015
11 -5.742645482726327
12 -5.479699290437233
13 -5.260885570301888
14 -5.083230488823194
15 -4.938571055520037
16 -4.812242619374259
17 -4.67736237265325
18 -4.516165434792999
19 -4.335258426673686
20 -4.134916883795107
21 -3.909344795808355
22 -3.668391238804221
23 -3.425803014739968
24 -3.184059963012698
25 -2.945363503383762
26 -2.711841260205315
27 -2.482632790493764
28 -2.260992755512651
29 -2.046931111231864
30 -1.838920209081797
31 -1.642167196078102
32 -1.450770167364085
33 -1.271801934470237
34 -1.098441197863146
35 -0.9352279208030312
36 -0.7806358727358795
37 -0.6352463064574627
38 -0.4991386506562567
39 -0.3723110984082508
40 -0.2558092389316028
41 -0.1482576850944833
42 -0.05061132701721718
43 0.03822595226450749
44 0.119189816484083
45 0.1929805571692012
46 0.2602913291100479
47 0.3213614349008391
48 0.3784171855740641
49 0.4305342490602389
50 0.4776299084520011
51 0.5217808153739422
52 0.5628400251334298
53 0.6005944060383591
54 0.6355668073281066
55 0.6680565034846415
56 0.6980907875109619
57 0.7256976735796387
58 0.7508140428869005
59 0.7731068122347715
60 0.7926068524063356
61 0.8087212475623746
62 0.8211095099173624
63 0.8295039695785879
64 0.8339269180846259
65 0.8342016903385331
66 0.8292509537199416
67 0.8202181325593813
68 0.8091960592219839
69 0.7910687061270111
70 0.771163313723529
71 0.7464921671729277
72 0.7134410935102119
73 0.6785245497611263
74 0.6392992748341881
75 0.5955189857149903
76 0.5473964744783555
77 0.4950011121024016
78 0.438358913234311
79 0.3779373767587497
80 0.3138938953400838
81 0.2464161438198025
82 0.1758145695464068
83 0.1024187584838464
84 0.02643408841156636
85 -0.05169985538459705
86 -0.1315038548947138
87 -0.2125026602003043
88 -0.2942913868252883
89 -0.3763966703801339
90 -0.4584025082631748
91 -0.5398729254820078
92 -0.6204005000093058
93 -0.6995302944784626
94 -0.7769670103472733
95 -0.8522934759658581
96 -0.9250255361679024
97 -0.9949930414317426
98 -1.062071583246773
99 -1.125823092812042
100 -1.186027638445863
101 -1.246840322771916
102 -1.298914427017189
103 -1.346892110288528
104 -1.390664968971443
105 -1.430147534395524
106 -1.465291038864977
107 -1.497174699214625
108 -1.523657998105813
109 -1.545898300702411
110 -1.563976963563996
111 -1.577972602946089
112 -1.588047499980088
113 -1.594291283712427
114 -1.596820374015583
115 -1.595726406341024
116 -1.591170324588972
117 -1.58330563497065
118 -1.572328067832191
119 -1.55839440354361
120 -1.541670587656866
121 -1.522340999144569
122 -1.500565971143417
123 -1.47648720388155
124 -1.450314617461299
125 -1.42224356352306
126 -1.392403829885183
127 -1.360968767128238
128 -1.328131348517526
129 -1.294020914531108
130 -1.258764585263087
131 -1.222533847855064
132 -1.185470697837489
133 -1.147762253644813
134 -1.109369133043303
135 -1.070596949022356
136 -1.031602781948517
137 -0.9925318756857025
138 -0.953532788896615
139 -0.9147307961783637
140 -0.8763085309537945
141 -0.8383457408095428
142 -0.80095894048364
143 -0.7642312615834349
144 -0.7283060330579557
145 -0.6933525357597358
146 -0.6594244295533599
147 -0.6266074346322884
148 -0.5949983374904442
149 -0.5646727484706231
150 -0.5357429054581815
151 -0.508247793939994
152 -0.4822548193081984
153 -0.4578211106128786
154 -0.4349904306591866
155 -0.4137603678471248
156 -0.3942243517570783
157 -0.3764160501624364
158 -0.3603620620271861
159 -0.3461036572731724
160 -0.3336349297123169
161 -0.3229606273716472
162 -0.3140840270113702
163 -0.3069995040148105
164 -0.3016954316717584
165 -0.298150146518488
166 -0.2963460622410851
167 -0.2962568755529376
168 -0.2978527996099789
169 -0.3011097352817473
170 -0.3059784708183943
171 -0.3124176063086938
172 -0.3203880363778472
173 -0.3298531249448103
174 -0.3407605224030396
175 -0.3530505848026179
176 -0.3666636382233854
177 -0.3815447297608832
178 -0.3976670314933785
179 -0.4149747240615748
180 -0.4334144757137739
181 -0.452942555121912
182 -0.4734908361133333
183 -0.4949954216640814
184 -0.5173902429866517
185 -0.5406861183634466
186 -0.5647494149044491
187 -0.5895133093406126
188 -0.6149108843709141
189 -0.6408709885634184
190 -0.6673054878200928
191 -0.6941677803311981
192 -0.7213597789361145
193 -0.7488621924942809
194 -0.7765460194737421
195 -0.8043408818111048
196 -0.832168570457497
197 -0.8599399840171144
198 -0.887559599259404
199 -0.9149565058087644
200 -0.9420658015956792
201 -0.968783660055749
202 -0.9950271412341386
203 -1.020711716239328
204 -1.045755301263481
205 -1.070010675617007
206 -1.09346985933103
207 -1.116036993285219
208 -1.137675519209034
209 -1.158300401462302
210 -1.177807193345153
211 -1.196171406490376
212 -1.213332302933749
213 -1.229236200996568
214 -1.243833005189753
215 -1.257082205155174
216 -1.268938148801829
217 -1.27937137350706
218 -1.288336621219625
219 -1.295810470785326
220 -1.301784916026837
221 -1.306255793817602
222 -1.309230206149
223 -1.310707545404763
224 -1.31069196727913
225 -1.309198631649529
226 -1.306243804830972
227 -1.301857224412505
228 -1.29606997321963
229 -1.288917457098496
230 -1.280442748847221
231 -1.27067967952752
232 -1.259724375521947
233 -1.247567092694763
234 -1.234304712283486
235 -1.220007177158917
236 -1.204734699929074
237 -1.188578216831733
238 -1.171605256959663
239 -1.153981203166775
240 -1.13571371400686
241 -1.11685605678112
242 -1.097488563892742
243 -1.077715776336747
244 -1.05763174337313
245 -1.037318211247067
246 -1.016861868940476
247 -0.9963422604064128
248 -0.9758542449038206
249 -0.9554871667440746
250 -0.9353023294531002
251 -0.9153651179396772
252 -0.8958140670341046
253 -0.8767203260797549
254 -0.8581673360261233
255 -0.8402340643281778
256 -0.8229852567306895
257 -0.8064904856243901
258 -0.7908077941890035
259 -0.7760055791476122
260 -0.762139548590016
261 -0.7492521584293953
262 -0.7374066603379081
263 -0.726622923935472
264 -0.7169308999552941
265 -0.7083522678569336
266 -0.7009166492351812
267 -0.6946438514909102
268 -0.6895469933751193
269 -0.6856329719462587
270 -0.6829066060793642
271 -0.6813637111154265
272 -0.6810030250443719
273 -0.6818087443920656
274 -0.6837657788575527
275 -0.6868538479398458
276 -0.6910485086903787
277 -0.6963068032492112
278 -0.7026088148074895
279 -0.7099179916363957
280 -0.7181943430667704
281 -0.7273974265522777
282 -0.737479908275446
283 -0.7483923862464965
284 -0.7600878232116791
285 -0.7725070384483569
286 -0.7855977278279612
287 -0.7992989408627793
288 -0.8135490728942774
289 -0.8283042919923074
290 -0.8434918598167315
291 -0.8590488727617001
292 -0.8749145927823228
293 -0.8910339462159126
294 -0.9073540699024076
295 -0.923794823480145
296 -0.9402949167016749
297 -0.9567929614119742
298 -0.9732296301237271
299 -0.9895471193875547
300 -1.005686710855311
301 -1.021598911285445
302 -1.037231900311248
303 -1.0525337518692
304 -1.067457668404528
305 -1.081958412639656
306 -1.095972550736981
307 -1.1095540351666
308 -1.122585100950163
309 -1.135031399205498
310 -1.146860918613293
311 -1.158041972063401
312 -1.168543269738551
313 -1.178349509776701
314 -1.187440602094825
315 -1.195767731232417
316 -1.203358962588408
317 -1.210203523382671
318 -1.21629506134922
319 -1.221628474244935
320 -1.226192532756845
321 -1.230000312597357
322 -1.233054934707588
323 -1.235364827177182
324 -1.236944418366344
325 -1.237801843997333
326 -1.237953163725301
327 -1.237415492697395
328 -1.236223168515795
329 -1.234380289530105
330 -1.231909666183544
331 -1.228836107938193
332 -1.225147695036418
333 -1.220910738103644
334 -1.216155915236794
335 -1.210914767551544
336 -1.205219946083583
337 -1.199124399766918
338 -1.192642114441759
339 -1.185808765385853
340 -1.178660440557769
341 -1.171235357770008
342 -1.163565637653761
343 -1.155686210908735
344 -1.147633794676828
345 -1.139441090147176
346 -1.13114548017751
347 -1.122778603749781
348 -1.114373392997955
349 -1.105963401869341
350 -1.097581519351822
351 -1.089258187717959
352 -1.081019790371587
353 -1.072909194979787
354 -1.064941216744561
355 -1.057146306413288
356 -1.049558250520611
357 -1.042188017683747
358 -1.03507162126901
359 -1.028220468570386
360 -1.021652112828229
361 -1.015382129796247
362 -1.009429542302311
363 -1.003812622877425
364 -0.9985464334831929
365 -0.9936465791792397
366 -0.9891254926201056
367 -0.9850045771903108
368 -0.9812823874342909
369 -0.9779668064456313
370 -0.9750596587157
371 -0.9725702816067787
372 -0.9705103016707792
373 -0.9688816735444017
374 -0.967683826419135
375 -0.9669182843371946
376 -0.966587075205661
377 -0.9666868986812885
378 -0.9672162705250742
379 -0.9681722016252442
380 -0.9695433213103459
381 -0.9713263941287653
382 -0.9735186377757821
383 -0.9761087158859709
384 -0.9790883037656026
385 -0.9824465079855608
386 -0.9861696839924743
387 -0.9902332799425203
388 -0.9946390574473955
389 -0.9993714071760704
390 -1.004415238741553
391 -1.009755994599754
392 -1.015380229433538
393 -1.021266802832212
394 -1.027399395740604
395 -1.033756356262743
396 -1.040321731651856
397 -1.047075197536854
398 -1.053993433238966
399 -1.061054490638742
400 -1.068242960153111
401 -1.075542173008281
402 -1.08292543631615
403 -1.090369995027318
404 -1.097853174681206
405 -1.105353484994516
406 -1.112871389447022
407 -1.120358700326056
408 -1.127777884110252
409 -1.135126905476584
410 -1.142383531662395
411 -1.149529612356816
412 -1.156546085434312
413 -1.163408424444083
414 -1.170098044943982
415 -1.176597754006749
416 -1.182888499308141
417 -1.188953865474753
418 -1.194777926316623
419 -1.200344409279597
420 -1.205640766831835
421 -1.210651181780979
422 -1.215363644553566
423 -1.219766506791025
424 -1.223851283362276
425 -1.227614509353458
426 -1.231037397175612
427 -1.234116422517956
428 -1.23684481877091
429 -1.239220229177846
430 -1.241240432985712
431 -1.242902311338525
432 -1.244204028554282
433 -1.245148774799942
434 -1.245733351811988
435 -1.245970960294744
436 -1.245863405270683
437 -1.245414484779792
438 -1.244632654883592
439 -1.243527114556964
440 -1.24210607505635
441 -1.240382025100477
442 -1.23836391473401
443 -1.236064125163516
444 -1.233496367476844
445 -1.23067467893344
446 -1.227614633078651
447 -1.224332532844052
448 -1.220843821909524
449 -1.217165215552881
450 -1.213316151311432
451 -1.209314630575763
452 -1.205178356960628
453 -1.200927651476217
454 -1.196580769131054
455 -1.192158327555781
456 -1.187677745415554
457 -1.183159701041196
458 -1.178624260584025
459 -1.174091351051737
460 -1.169580146655094
461 -1.165114771478163
462 -1.160708669111614
463 -1.15638215850928
464 -1.152151346018613
465 -1.148025178311404
466 -1.144029175598246
467 -1.140179620954793
468 -1.136491704155401
469 -1.132979334899122
470 -1.129656626361659
471 -1.126534051028757
472 -1.123630794934426
473 -1.12095235853378
474 -1.118506510641973
475 -1.11630222398001
476 -1.114346968397261
477 -1.11264609558072
478 -1.111204846754893
479 -1.110027661130182
480 -1.109122363502356
481 -1.108486288693998
482 -1.108118653140432
483 -1.108018818763659
484 -1.108184449650058
485 -1.108613857008187
486 -1.109305716484258
487 -1.110254569900384
488 -1.111454350609304
489 -1.112893476097863
490 -1.114570775378418
491 -1.116473451222716
492 -1.118597193885468
493 -1.120931928773173
494 -1.123467285813499
495 -1.1261928893741
496 -1.129095686955503
497 -1.132164428446442
498 -1.135385281423347
499 -1.138745787380317
500 -1.142232027465256
501 -1.14583048089249
502 -1.14953108347152
503 -1.15331661876119
504 -1.157171255342342
505 -1.161076785948711
506 -1.165025746922346
507 -1.169002410114246
508 -1.172989861430878
509 -1.176978951394338
510 -1.180954830164297
511 -1.184905504756424
512 -1.18881693215287
513 -1.192678806217373
514 -1.196478722539486
515 -1.200205295083279
516 -1.203847635758464
517 -1.207396461906139
518 -1.210849501428092
519 -1.214188575980138
520 -1.217409531874608
521 -1.220498731113466
522 -1.223450333347359
523 -1.226261129280911
524 -1.228922301132825
525 -1.231428187149748
526 -1.233776168111838
527 -1.235958314751845
528 -1.237977451475877
529 -1.239829536984852
530 -1.241516395829721
531 -1.243035725545212
532 -1.244387221445105
533 -1.245571022752742
534 -1.246589616362058
535 -1.247440906512214
536 -1.248126108338429
537 -1.248654085717956
538 -1.249029336814356
539 -1.249262160097152
540 -1.249349958643429
541 -1.249295780097842
542 -1.249105561282145
543 -1.248784003763473
544 -1.248329722067948
545 -1.247754485745874
546 -1.247064718838086
547 -1.246267162266142
548 -1.245370186319471
549 -1.244380597655433
550 -1.243302267957335
551 -1.242145099498766
552 -1.240917558872793
553 -1.239625651615891
554 -1.238275528322757
555 -1.236875331787196
556 -1.235432651518276
557 -1.233954901415828
558 -1.232450584745241
559 -1.230926654414859
560 -1.229388681857434
561 -1.227844266117515
562 -1.226298818213764
563 -1.224759229464492
564 -1.223232387471543
565 -1.221723713969005
566 -1.22023773208209
567 -1.21878003870024
568 -1.217357792019125
569 -1.215975620460923
570 -1.214637674109665
571 -1.213348155761127
572 -1.212111951476153
573 -1.210931502047129
574 -1.209811157977194
575 -1.208755930190066
576 -1.20776989474697
577 -1.206853959594421
578 -1.206011209119439
579 -1.205243559416425
580 -1.204554121271581
581 -1.203949791265585
582 -1.203425835591658
583 -1.202984947680918
584 -1.202628272645372
585 -1.202356602081543
586 -1.202171742490874
587 -1.202072377573536
588 -1.202060051290285
589 -1.202133849992821
590 -1.202293935325033
591 -1.202539009982946
592 -1.202869550597325
593 -1.203280358934609
594 -1.203772658191058
595 -1.204346894579018
596 -1.205001574669526
597 -1.205733779560574
598 -1.206545180143835
599 -1.207431838543345
600 -1.208392142630157
601 -1.209424773465758
602 -1.210527548915688
603 -1.211698423521206
604 -1.212933700655213
605 -1.214229521398153
606 -1.215584256342949
607 -1.216994849017034
608 -1.218457946480009
609 -1.21996989932149
610 -1.221527935558029
611 -1.223127415807905
612 -1.224764849008683
613 -1.226437199504958
614 -1.228140365361942
615 -1.229870480065174
616 -1.231623326150443
617 -1.233394151960811
618 -1.235179995222808
619 -1.236976332479887
620 -1.238779462998734
621 -1.24058504248418
622 -1.242388154376124
623 -1.244185903051468
624 -1.245975515980214
625 -1.247751965552396
626 -1.249510618294568
627 -1.251247624299382
628 -1.252960700879462
629 -1.254647199245915
630 -1.256301753455305
631 -1.257920883141764
632 -1.259499565008146
633 -1.261035926088414
634 -1.26252721686347
635 -1.263971012721076
636 -1.265365013169288
637 -1.266705766659336
638 -1.267991394117543
639 -1.269219231195452
640 -1.270386925601117
641 -1.271493843935782
642 -1.272538877401378
643 -1.2735164965031
644 -1.274428920235063
645 -1.275276640169027
646 -1.276058725949651
647 -1.276775403916382
648 -1.277425994123002
649 -1.278010503239539
650 -1.278529422358248
651 -1.278984222875325
652 -1.27937555411923
653 -1.27970506422015
654 -1.279972537983688
655 -1.280179695614612
656 -1.280328537839961
657 -1.280421447756507
658 -1.2804575301475
659 -1.280442133160294
660 -1.280378820506924
661 -1.280269813648627
662 -1.280118467744518
663 -1.279926681266055
664 -1.279697555661738
665 -1.27943476845234
666 -1.279141506580437
667 -1.278820472995706
668 -1.278475321329882
669 -1.278109294015021
670 -1.277726379532489
671 -1.27732943603308
672 -1.276922078139164
673 -1.276508420072428
674 -1.276091506441888
675 -1.275675378035093
676 -1.275263867502283
677 -1.274859679336939
678 -1.274466129855217
679 -1.27408723896205
680 -1.27372672843465
681 -1.273386780310935
682 -1.273071114722549
683 -1.27278102086969
684 -1.272519972189148
685 -1.27229120649414
686 -1.272097114286869
687 -1.271939332406443
688 -1.271820714072625
689 -1.271743497117512
690 -1.271710433015324
691 -1.2717224416778
692 -1.271779501428506
693 -1.271883378884352
694 -1.272035384092281
695 -1.272235554486728
696 -1.272485823420996
697 -1.272785063262654
698 -1.273133508093185
699 -1.27353108488207
700 -1.273977850522403
701 -1.274471347032603
702 -1.275013584159974
703 -1.275602185049216
704 -1.276236770037553
705 -1.276915282803905
706 -1.27763606951573
707 -1.278398278530913
708 -1.279200899582919
709 -1.280041460055954
710 -1.280916922660984
711 -1.281825357753609
712 -1.28276445056257
713 -1.283732665038778
714 -1.284731932166675
715 -1.285754648652841
716 -1.286797384591685
717 -1.287857372116169
718 -1.288932103732472
719 -1.290019238238327
720 -1.291115525639272
721 -1.292217203794999
722 -1.293322895445621
723 -1.294429584257704
724 -1.295533934316442
725 -1.296632671045126
726 -1.297723997252346
727 -1.298804934772313
728 -1.299873804657308
729 -1.300927094095256
730 -1.301963001965979
731 -1.302979898168085
732 -1.303974673548393
733 -1.304945926732695
734 -1.305891578158395
735 -1.306810280117907
736 -1.307700136964778
737 -1.308560337576959
738 -1.309389056861381
739 -1.310184214357354
740 -1.310945609887416
741 -1.31167244157076
742 -1.312364570202167
743 -1.313020278617408
744 -1.313639849346024
745 -1.31422274252904
746 -1.314768469923165
747 -1.315277558511531
748 -1.315750073099111
749 -1.31618554669152
750 -1.316584815057974
751 -1.316948610387834
752 -1.31727757450172
753 -1.317572979542914
754 -1.317834490610733
755 -1.318063389371428
756 -1.318263352960927
757 -1.318433944381037
758 -1.318575187106641
759 -1.318689325715953
760 -1.318776359653352
761 -1.318838386850985
762 -1.318877455794403
763 -1.318894750299177
764 -1.318891623877444
765 -1.318869683549877
766 -1.318831425835618
767 -1.318778331992858
768 -1.318712427947481
769 -1.31863524034688
770 -1.318548486429754
771 -1.318453339237058
772 -1.31835150357932
773 -1.318245520173612
774 -1.318137691556073
775 -1.31802969803547
776 -1.317921280688928
777 -1.317815545836915
778 -1.317714074275865
779 -1.317616836636396
780 -1.317526439410431
781 -1.317445239439528
782 -1.317373535915244
783 -1.31731437783423
784 -1.317266242949339
785 -1.317232576467055
786 -1.317214954676525
787 -1.317213041547654
788 -1.317227100631079
789 -1.317259218724992
790 -1.317309886471978
791 -1.317380258471083
792 -1.31747134820889
793 -1.317582976477526
794 -1.317715065327492
795 -1.317868629971606
796 -1.318043710224688
797 -1.318240752247341
798 -1.31846029871696
799 -1.318700817239399
800 -1.318962878791187
801 -1.319247143606179
802 -1.319553822899231
803 -1.319885856285906
804 -1.320237470743769
805 -1.320608833313411
806 -1.320999889063252
807 -1.321409866420196
808 -1.321837996693636
809 -1.322283668621523
810 -1.322745898034741
811 -1.323222870869324
812 -1.323713966572391
813 -1.324218979701494
814 -1.324737336390083
815 -1.325266869806703
816 -1.325807599131305
817 -1.326358266608614
818 -1.32691807010601
819 -1.327485960440789
820 -1.328059200740825
821 -1.328638082837927
822 -1.329220923207912
823 -1.329806514520182
824 -1.330393026868554
825 -1.330981530037357
826 -1.331571845798765
827 -1.332161187854587
828 -1.332749906607976
829 -1.333335588894018
830 -1.333918392120096
831 -1.334496130355147
832 -1.335067922693209
833 -1.335632966010985
834 -1.336190783021221
835 -1.336739879764093
836 -1.337280046760431
837 -1.337810428816301
838 -1.338330839968516
839 -1.338840617139411
840 -1.33933979705457
841 -1.339826875137394
842 -1.340301454027246
843 -1.340762743640074
844 -1.341210579972843
845 -1.34164434599797
846 -1.342064505669502
847 -1.342470803047141
848 -1.34286272861347
849 -1.343240061639394
850 -1.343603558425128
851 -1.343953653944684
852 -1.344289779894916
853 -1.34461068995888
854 -1.344917907472475
855 -1.345210503785789
856 -1.345488195620684
857 -1.345752631624948
858 -1.346004950436445
859 -1.346243477154763
860 -1.346468725422569
861 -1.346681752479905
862 -1.346883477258438
863 -1.347073540662117
864 -1.347252014279269
865 -1.347417841028619
866 -1.347572477820079
867 -1.347717276588867
868 -1.347852261461748
869 -1.347979299396801
870 -1.348098264773975
871 -1.34820982127316
872 -1.348313741018498
873 -1.34841164387348
874 -1.348503270010405
875 -1.348589102630055
876 -1.34867001424831
877 -1.3487464582732
878 -1.348817246664305
879 -1.348884161715647
880 -1.348946958456922
881 -1.349008577834936
882 -1.349069736962306
883 -1.34912899306238
884 -1.349186975105383
885 -1.349244140210399
886 -1.349301081478725
887 -1.349358338682543
888 -1.34941623022385
889 -1.349474949548199
890 -1.349534076840267
891 -1.349594201044941
892 -1.349656637535068
893 -1.349722757732875
894 -1.349794043839418
895 -1.349868069167137
896 -1.349945070183464
897 -1.350025984379343
898 -1.350110623501722
899 -1.350199888358487
900 -1.350293173076527
901 -1.35039070769802
902 -1.350492638753925
903 -1.350598809466588
904 -1.350711196867273
905 -1.350829593222823
906 -1.350955237211504
907 -1.35108578811948
908 -1.351221885510461
909 -1.351363893610263
910 -1.351511544645184
911 -1.351662269597332
912 -1.351817955996969
913 -1.351978966879058
914 -1.352146999405426
915 -1.352320000100096
916 -1.352498940418555
917 -1.352684319211176
918 -1.352876261675502
919 -1.353073729939459
920 -1.353275569159723
921 -1.353482993836425
922 -1.353695245737804
923 -1.353911397528216
924 -1.354131981879327
925 -1.354357481980913
926 -1.354588019199727
927 -1.354822796290168
928 -1.355060253456574
929 -1.355301195470502
930 -1.355546360699112
931 -1.355795160047921
932 -1.356045684430152
933 -1.356333600759071
934 -1.356584652163088
935 -1.356837514164882
936 -1.357091837902646
937 -1.357378872134882
938 -1.357633829120797
939 -1.357916898934316
940 -1.358167642922912
941 -1.358418019943639
942 -1.358693762902832
943 -1.358941953318807
944 -1.359213510150101
945 -1.359455777366017
946 -1.359719472680805
947 -1.359957144109716
948 -1.360214540507612
949 -1.360467011431343
950 -1.360695016376447
951 -1.360941063428113
952 -1.361179865080876
953 -1.361413289476932
954 -1.361624630641207
955 -1.361852031758801
956 -1.362072716955781
957 -1.36228750159761
958 -1.362496998126709
959 -1.362685839809319
960 -1.362887793037499
961 -1.363082797817191
962 -1.363271156754972
963 -1.363437893680775
964 -1.363616208125217
965 -1.36378749099996
966 -1.363937313276184
967 -1.364098966287356
968 -1.364238806161066
969 -1.364390043989512
970 -1.364519778777788
971 -1.364660345749291
972 -1.364778068032632
973 -1.364906398637735
974 -1.365013132237036
975 -1.365115090929683
976 -1.365228299598707
977 -1.365317090548202
978 -1.365401160392896
979 -1.36549739192301
980 -1.365572760251037
981 -1.365644151170586
982 -1.365726071723204
983 -1.365786619650766
984 -1.365843329828245
985 -1.365909976980174
986 -1.365955685730491
987 -1.365998556780861
988 -1.366038274331731
989 -1.366088720346535
990 -1.366118834306967
991 -1.366146712836127
992 -1.366188138989805
993 -1.366211386353271
994 -1.366232562317669
995 -1.366265893095707
996 -1.366281422245118
997 -1.36629680390104
998 -1.36632548364944
999 -1.366336336712088
1000 -1.366347034513664
1001 -1.366371927564495
1002 -1.366379158292104
1003 -1.366402815812725
1004 -1.366412200575288
1005 -1.366437094355813
1006 -1.366447791517983
1007 -1.366472014774297
1008 -1.36648371275329
1009 -1.366510040048026
1010 -1.36652350843815
1011 -1.366551677270158
1012 -1.366568631894426
1013 -1.366601976368724
1014 -1.366634918123176
1015 -1.36665751099899
1016 -1.366697128655372
1017 -1.366738746618637
1018 -1.366782558563161
1019 -1.366816539938079
1020 -1.366868185480461
1021 -1.366921211225877
1022 -1.366976402650452
1023 -1.367034954579079
1024 -1.367096531768958
1025 -1.367161595170992
1026 -1.367229934345369
1027 -1.367299913427958
1028 -1.367373558590817
1029 -1.367451310421807
1030 -1.367533592218053
1031 -1.367619111916963
1032 -1.367706915869956
1033 -1.367798728563723
1034 -1.367894573082809
1035 -1.367993521370856
1036 -1.368096002853468
1037 -1.368201579129888
1038 -1.368310401758972
1039 -1.368408666154484
1040 -1.368523740947426
1041 -1.36864061116131
1042 -1.368760308681519
1043 -1.368882288598765
1044 -1.368991488241287
1045 -1.369119363614638
1046 -1.369247850490886
1047 -1.369361698747861
1048 -1.369494011463774
1049 -1.369610736947306
1050 -1.369745407529138
1051 -1.369879098896476
1052 -1.369997548818994
1053 -1.370131580882528
1054 -1.370247956318633
1055 -1.370381909139693
1056 -1.370499690493984
1057 -1.370633139688132
1058 -1.370748047833086
1059 -1.370878491292704
1060 -1.370990533187074
1061 -1.371116165048349
1062 -1.371223218440945
1063 -1.371344950505638
1064 -1.371448878738956
1065 -1.371566013355449
1066 -1.371664036906951
1067 -1.37177317296742
1068 -1.371865007345097
1069 -1.371968974615157
1070 -1.372056348931769
1071 -1.372152935128469
1072 -1.372232152282766
1073 -1.372320852632186
1074 -1.372393333889178
1075 -1.37247434420403
1076 -1.372538922634012
1077 -1.37261291061182
1078 -1.372681860241697
1079 -1.372736217796586
1080 -1.372796245840849
1081 -1.372840775220275
1082 -1.372893816849839
1083 -1.372933872923122
1084 -1.372980044218636
1085 -1.373012248421759
1086 -1.373050816145287
1087 -1.373075523775082
1088 -1.373107307361169
1089 -1.37312568550591
1090 -1.373151502788952
1091 -1.373164282696803
1092 -1.3731825305079
1093 -1.373188171358365
1094 -1.373202169275654
1095 -1.373204400127063
1096 -1.373212842241734
1097 -1.373209768711884
1098 -1.373213205361926
1099 -1.373205774516084
1100 -1.373205746686006
1101 -1.373194509158315
1102 -1.373191743600788
1103 -1.373178257836787
1104 -1.373173256550669
1105 -1.373156639047603
1106 -1.373140812167462
1107 -1.373135751049195
1108 -1.37312037813433
1109 -1.373104248888587
1110 -1.373097476419102
1111 -1.373080434114504
1112 -1.373065519642015
1113 -1.373061954457147
1114 -1.373045641244721
1115 -1.373031061025342
1116 -1.373029727507397
1117 -1.373018695418224
1118 -1.373009109733557
1119 -1.373000691245139
1120 -1.373004039771362
1121 -1.372996046528376
1122 -1.37299063537995
1123 -1.372999207847877
1124 -1.372998189657485
1125 -1.372999139173237
1126 -1.373011104278239
1127 -1.37301343942551
1128 -1.373018437040394
1129 -1.373037267106644
1130 -1.373045517643313
1131 -1.373057342083563
1132 -1.373081766491401
1133 -1.373095475741793
1134 -1.373123431715725
1135 -1.373141160336394
1136 -1.37316195357807
1137 -1.373195648931033
1138 -1.373218266045922
1139 -1.373254087988053
1140 -1.37327967221648
1141 -1.373318270362085
1142 -1.373346024484611
1143 -1.373386563233145
1144 -1.373416847183931
1145 -1.373460039303373
1146 -1.373493440861792
1147 -1.373538776927412
1148 -1.373572963948767
1149 -1.37361953536914
1150 -1.373655028678882
1151 -1.373702515874129
1152 -1.37373923538463
1153 -1.37378762539574
1154 -1.373824854347603
1155 -1.373873777550395
1156 -1.373910746293558
1157 -1.373958215353776
1158 -1.37399396484403
1159 -1.37404085566749
1160 -1.374076428563032
1161 -1.374121564931653
1162 -1.374154003938314
1163 -1.374196838219192
1164 -1.374227766869123
1165 -1.37426915794462
1166 -1.374298329471817
1167 -1.374335564903372
1168 -1.374361018130659
1169 -1.374394750619859
1170 -1.374417606209833
1171 -1.374448450735089
1172 -1.374466998780785
1173 -1.374493247371992
1174 -1.374508283311107
1175 -1.374521896476382
1176 -1.374543060707734
1177 -1.374552198291307
1178 -1.374568264730703
1179 -1.374572955785885
1180 -1.374576400037416
1181 -1.374586230393649
1182 -1.37458446616785
1183 -1.374580338699052
1184 -1.374574558123261
1185 -1.374575888510164
1186 -1.374565550176617
1187 -1.374554774893562
1188 -1.374550229324348
1189 -1.374534392184182
1190 -1.374516703014333
1191 -1.374496830591958
1192 -1.374482210047348
1193 -1.374458485793606
1194 -1.374433185872663
1195 -1.374406037731419
1196 -1.374377593344805
1197 -1.374354430152669
1198 -1.374322877943685
1199 -1.37429051997127
1200 -1.37425658699188
1201 -1.374222763614253
1202 -1.374187747799284
1203 -1.374151813354311
1204 -1.374114698754608
1205 -1.37407568180692
1206 -1.374036635373924
1207 -1.373997878083432
1208 -1.373959801501998
1209 -1.373920558138845
1210 -1.373880823104323
1211 -1.373841788616386
1212 -1.37380285900427
1213 -1.373764010158895
1214 -1.373724862004402
1215 -1.373685120165772
1216 -1.373646013502095
1217 -1.373607681705275
1218 -1.373570134856698
1219 -1.373532697919413
1220 -1.373495811556644
1221 -1.373460265191642
1222 -1.373426209583983
1223 -1.373392918451462
1224 -1.3733599817056
1225 -1.373327367281375
1226 -1.37329607887495
1227 -1.373266832195209
1228 -1.373238409385833
1229 -1.373210811697693
1230 -1.373183482223145
1231 -1.373157421567554
1232 -1.373133413161627
1233 -1.373110821899934
1234 -1.373089207748723
1235 -1.373069243842718
1236 -1.373049837039771
1237 -1.373030698544324
1238 -1.373013024931359
1239 -1.372997181264048
1240 -1.372982436903239
1241 -1.372968390503109
1242 -1.372955543947715
1243 -1.372942576814113
1244 -1.372930457619353
1245 -1.372920505377906
1246 -1.372911379399775
1247 -1.37290239951458
1248 -1.372894536007507
1249 -1.372886271233094
1250 -1.372877660393654
1251 -1.372869608962883
1252 -1.37286283250503
1253 -1.372855235296592
1254 -1.372846848920693
1255 -1.372839041531454
1256 -1.372831744723616
1257 -1.3728235356572
1258 -1.372815465012939
1259 -1.372808059333426
1260 -1.372799967680258
1261 -1.372790802757426
1262 -1.372780945751112
1263 -1.372770245972781
1264 -1.372758066648026
1265 -1.372745037343018
1266 -1.37273114471207
1267 -1.372716911611134
1268 -1.372701298244507
1269 -1.372684052803508
1270 -1.372666010206155
1271 -1.372646979648074
1272 -1.372624915334436
1273 -1.372601870778913
1274 -1.372577935026925
1275 -1.372553066600099
1276 -1.372526705283661
1277 -1.372499683930549
1278 -1.372470889099572
1279 -1.372441677163085
1280 -1.372411274636786
1281 -1.372379011998826
1282 -1.372345015210556
1283 -1.372308877134825
1284 -1.37227176970929
1285 -1.372232951211138
1286 -1.372192638564546
1287 -1.372150473371111
1288 -1.372105688991171
1289 -1.372060545172852
1290 -1.37201576781985
1291 -1.371969909787269
1292 -1.371922520914531
1293 -1.371873457345752
1294 -1.371822909623091
1295 -1.371771353877462
1296 -1.371719595473784
1297 -1.371667335010097
1298 -1.371614458643113
1299 -1.371560603668903
1300 -1.371505941445186
1301 -1.371450508424438
1302 -1.37139422142569
1303 -1.371337226401639
1304 -1.371280164543714
1305 -1.371222917500567
1306 -1.371164950563369
1307 -1.371106604686904
1308 -1.371048494010015
1309 -1.370989448457281
1310 -1.370930699866712
1311 -1.370873140971354
1312 -1.37081481677707
1313 -1.370756051661629
1314 -1.370697339321697
1315 -1.37063922594482
1316 -1.370580539962856
1317 -1.370522083697876
1318 -1.370463024602502
1319 -1.370404485923094
1320 -1.370345515274564
1321 -1.370286521759257
1322 -1.370228293935996
1323 -1.370171002201935
1324 -1.370114522305091
1325 -1.370057115458513
1326 -1.369999974940929
1327 -1.369942825449989
1328 -1.36988560691234
1329 -1.369829286504641
1330 -1.369772254879504
1331 -1.369715182438011
1332 -1.369659479468409
1333 -1.369604550547519
1334 -1.369550860060371
1335 -1.369497747711999
1336 -1.369444707306283
1337 -1.369392132723677
1338 -1.369340567952319
1339 -1.369289979639543
1340 -1.36923888711686
1341 -1.369188178623675
1342 -1.369139001657845
1343 -1.369090733665046
1344 -1.369042953731996
1345 -1.36899575807236
1346 -1.368948493423999
1347 -1.368902035287922
1348 -1.368856894963328
1349 -1.368812577116246
1350 -1.368767322861884
1351 -1.36872184434078
1352 -1.36867621755796
1353 -1.368632444973192
1354 -1.368588341852358
1355 -1.36854581028615
1356 -1.368502488013056
1357 -1.368458343702162
1358 -1.36841447048477
1359 -1.368370947334064
1360 -1.36832801722744
1361 -1.368284352685904
1362 -1.368240112727439
1363 -1.368196421266086
1364 -1.368152273533323
1365 -1.368107814376012
1366 -1.368063092454843
1367 -1.368018379942067
1368 -1.367972325067005
1369 -1.367926044019166
1370 -1.36787967319542
1371 -1.367832199795495
1372 -1.367784098321704
1373 -1.36773617057129
1374 -1.367688831614621
1375 -1.367640128510327
1376 -1.367590163559316
1377 -1.367540374776408
1378 -1.367490388461447
1379 -1.367440447597671
1380 -1.367389371279571
1381 -1.367337913894724
1382 -1.367285578945148
1383 -1.367232315800717
1384 -1.367178429913877
1385 -1.367125156466661
1386 -1.367069275065918
1387 -1.367012781406041
1388 -1.366955682797986
1389 -1.366899046033038
1390 -1.366841976528791
1391 -1.366784640286441
1392 -1.366725722931413
1393 -1.366667259015177
1394 -1.366607086708396
1395 -1.36654675029551
1396 -1.3664861288572
1397 -1.366424699874435
1398 -1.366362717611607
1399 -1.366298772679931
1400 -1.366235796895524
1401 -1.366173288313963
1402 -1.366109859731959
1403 -1.366045715765389
1404 -1.365980012124018
1405 -1.365914069282091
1406 -1.365848318666932
1407 -1.365782181156223
1408 -1.365716093194083
1409 -1.365648822810511
1410 -1.365581518731178
1411 -1.365514243096709
1412 -1.365447409729139
1413 -1.365379756540672
1414 -1.365310931094417
1415 -1.36524308493776
1416 -1.365174488092066
1417 -1.365106413667171
1418 -1.365037465757585
1419 -1.364968745330033
1420 -1.364898968394041
1421 -1.364830757833392
1422 -1.364762440056778
1423 -1.364692727325251
1424 -1.364623185959003
1425 -1.364553340643031
1426 -1.364484275803206
1427 -1.364414985152532
1428 -1.364345730967833
1429 -1.364276977800974
1430 -1.364207319531177
1431 -1.364137113290392
1432 -1.364066635556258
1433 -1.363996769208818
1434 -1.363926685449084
1435 -1.363857030950796
1436 -1.363787358975647
1437 -1.363718216450092
1438 -1.363649759477195
1439 -1.363580852607219
1440 -1.363511810242106
1441 -1.36344284289614
1442 -1.363374911594887
1443 -1.363306000275041
1444 -1.363237322760107
1445 -1.363168620849098
1446 -1.363100216918591
1447 -1.363031987021013
1448 -1.362964181290576
1449 -1.362896527298923
1450 -1.362828597798586
1451 -1.362760324093836
1452 -1.362692074182976
1453 -1.362623354791693
1454 -1.362554256074563
1455 -1.362485102071688
1456 -1.362416075592994
1457 -1.362347176608264
1458 -1.362278215271613
1459 -1.362209388488042
1460 -1.362140394820604
1461 -1.362071076367465
1462 -1.362001577314565
1463 -1.361932067650838
1464 -1.361862581229356
1465 -1.36179280003113
1466 -1.361722485414574
1467 -1.361652116922599
1468 -1.361581937482684
1469 -1.36151164691533
1470 -1.361440635599957
1471 -1.361369286065365
1472 -1.361297856607393
1473 -1.361225952167427
1474 -1.361153033977805
1475 -1.361080306389005
1476 -1.361007335094732
1477 -1.360934580151067
1478 -1.360861843285234
1479 -1.360789124189724
1480 -1.360716378986474
1481 -1.360642865803753
1482 -1.36056914577848
1483 -1.360494201297105
1484 -1.360418842651745
1485 -1.360343280915379
1486 -1.360267626773136
1487 -1.360192508180008
1488 -1.360116740740676
1489 -1.360041224942042
1490 -1.35996525817326
1491 -1.359888741976254
1492 -1.359812712957156
1493 -1.35973528651909
1494 -1.359657139284825
1495 -1.359579709022487
1496 -1.359501947215363
1497 -1.359424142610922
1498 -1.359345956449433
1499 -1.359267448030358
1500 -1.359188990794422
1501 -1.359110059463704
1502 -1.359031302918362
1503 -1.358951390748513
1504 -1.358871544073065
1505 -1.358791624853976
1506 -1.358711721323774
1507 -1.358632245366026
1508 -1.358552657206044
1509 -1.358473054562938
1510 -1.358392957271835
1511 -1.358312667625677
1512 -1.358232314486968
1513 -1.358152658389485
1514 -1.358070806528009
1515 -1.35798891580656
1516 -1.357906847956313
1517 -1.357825520239598
1518 -1.357745087457603
1519 -1.357663484895444
1520 -1.357582736503801
1521 -1.357501905427814
1522 -1.357420956534938
1523 -1.357340090663839
1524 -1.357258314761994
1525 -1.357176291069171
1526 -1.357094342552413
1527 -1.357011921442916
1528 -1.356930058510356
1529 -1.356848666035724
1530 -1.356768200575102
1531 -1.356688430845315
1532 -1.356607392447902
1533 -1.356526560935671
1534 -1.356444868758407
1535 -1.35636351191099
1536 -1.356283043114124
1537 -1.356201475165992
1538 -1.356120337370643
1539 -1.356038606865122
1540 -1.355957013932641
1541 -1.355876439125118
1542 -1.355797030316617
1543 -1.355718154360408
1544 -1.355637435368293
1545 -1.355556477814514
1546 -1.35547590941252
1547 -1.355395952179886
1548 -1.355316055748073
1549 -1.355236762768707
1550 -1.355157361801542
1551 -1.355077197407525
1552 -1.354996916039309
1553 -1.354916642985093
1554 -1.354836633659845
1555 -1.354757316851343
1556 -1.354678865160604
1557 -1.354601307408967
1558 -1.35452329960301
1559 -1.354445515504616
1560 -1.354367745384197
1561 -1.354289852703412
1562 -1.354211653644021
1563 -1.354132902819456
1564 -1.354054221214342
1565 -1.353975361151802
1566 -1.353897654666099
1567 -1.353819348500243
1568 -1.353741955847014
1569 -1.35366495713538
1570 -1.353587724036901
1571 -1.353509371604143
1572 -1.353430541507102
1573 -1.353351695630001
1574 -1.353273020968538
1575 -1.35319442951656
1576 -1.353116144377806
1577 -1.353036847648141
1578 -1.352958050509892
1579 -1.352878547926457
1580 -1.352799162417558
1581 -1.352719718207556
1582 -1.352640311550778
1583 -1.352559486758063
1584 -1.352478749500073
1585 -1.352398138536615
1586 -1.352317374536187
1587 -1.352235513861396
1588 -1.352153988417045
1589 -1.352071312564207
1590 -1.351989722098724
1591 -1.351905276335458
1592 -1.351819894975127
1593 -1.351734198041733
1594 -1.351649367218661
1595 -1.351564621629307
1596 -1.351479742200021
1597 -1.351394653151626
1598 -1.351309332312467
1599 -1.351223155873145
1600 -1.351137816087715
1601 -1.351051612488359
1602 -1.350965276127638
1603 -1.350877471211501
1604 -1.350789525136286
1605 -1.350700572702614
1606 -1.350612234321009
1607 -1.350523336133665
1608 -1.350434838696492
1609 -1.350345848952275
1610 -1.350257539793635
1611 -1.350168915691079
1612 -1.350081136648025
1613 -1.349993223270636
1614 -1.34990444868663
1615 -1.34981524271369
1616 -1.349726354642866
1617 -1.34963722832802
1618 -1.349548880254786
1619 -1.349459893964081
1620 -1.349372592227438
1621 -1.34928427916833
1622 -1.349196871850478
1623 -1.349109002521922
1624 -1.3490217346356
1625 -1.34893415329963
1626 -1.348847230026851
1627 -1.348759297300932
1628 -1.34867531943847
1629 -1.348587845905574
1630 -1.348500934256754
1631 -1.348413748052915
1632 -1.34832703277435
1633 -1.348244260754041
1634 -1.348158627522741
1635 -1.348073406453271
1636 -1.347987578501277
1637 -1.347905587374499
1638 -1.347819978843086
1639 -1.347734111540368
1640 -1.347648656714578
1641 -1.347567563972516
1642 -1.34748327027023
1643 -1.347398143868038
1644 -1.347313246171008
1645 -1.347232165920698
1646 -1.347147531909413
1647 -1.347062562539108
1648 -1.346976953256129
1649 -1.346891078076323
1650 -1.3468098340063
1651 -1.346725137355025
1652 -1.346641815847243
1653 -1.346558290302843
1654 -1.346475768971131
1655 -1.346396040208546
1656 -1.346312971079337
1657 -1.346229362604824
1658 -1.346149330745101
1659 -1.346064772813806
1660 -1.345980837983897
1661 -1.345900427124151
1662 -1.345816633201702
1663 -1.34573284204141
1664 -1.34565366551292
1665 -1.345570951125654
1666 -1.345487144376404
1667 -1.34540668583563
1668 -1.345322281757506
1669 -1.345237558489999
1670 -1.345156831171314
1671 -1.345071074219283
1672 -1.344989560463407
1673 -1.344905029991612
1674 -1.344821233762749
1675 -1.344737946100035
1676 -1.344658593334867
1677 -1.344574301881958
1678 -1.344489919028416
1679 -1.34440492396586
1680 -1.344319999788875
1681 -1.344234431140117
1682 -1.344149626898771
1683 -1.344065374622263
1684 -1.343981137206226
1685 -1.343896736557369
1686 -1.343812687216814
1687 -1.343728993002923
1688 -1.343645198313153
1689 -1.343560707477707
1690 -1.343476635740775
1691 -1.34339265992204
1692 -1.343309463103459
1693 -1.343226013531477
1694 -1.34314319179012
1695 -1.343060010771438
1696 -1.342976591746732
1697 -1.342892853819128
1698 -1.342809459222653
1699 -1.34272567995751
1700 -1.342642130040049
1701 -1.342563221572677
1702 -1.342481645738345
1703 -1.342398721714203
1704 -1.342319054533785
1705 -1.342235017562568
1706 -1.342154788161972
1707 -1.342070695489004
1708 -1.341990537343811
1709 -1.341905749375708
1710 -1.341825089882516
1711 -1.341740514104251
1712 -1.341659728405763
1713 -1.341579160155251
1714 -1.341495064715166
1715 -1.34141378720785
1716 -1.341328370643111
1717 -1.341246772970221
1718 -1.341165614916952
1719 -1.341079933232736
1720 -1.340998682120764
1721 -1.340913123371838
1722 -1.34083168594871
1723 -1.340750093719822
1724 -1.340665703165249
1725 -1.340583950265722
1726 -1.340502398584521
1727 -1.340417093160293
1728 -1.340336273590211
1729 -1.340251493966541
1730 -1.340171242841243
1731 -1.340085808317201
1732 -1.340003980841479
1733 -1.339918029820354
1734 -1.339836040721841
1735 -1.339751933279592
1736 -1.339671352660703
1737 -1.339586635702941
1738 -1.339506290781745
1739 -1.3394223139474
1740 -1.339342511492877
1741 -1.339259094347115
1742 -1.339179109959336
1743 -1.339095887609607
1744 -1.339016250890726
1745 -1.338932839573071
1746 -1.338854086350465
1747 -1.33877160699085
1748 -1.338693605834367
1749 -1.338611576869006
1750 -1.338534762889638
1751 -1.338452479845212
1752 -1.338374788574692
1753 -1.338293161034066
1754 -1.338215303441163
1755 -1.33813809929679
1756 -1.338057267027249
1757 -1.337979779546932
1758 -1.337902530469585
1759 -1.337822362480737
1760 -1.337745528603696
1761 -1.337665016892292
1762 -1.337588278668846
1763 -1.337511900629602
1764 -1.337431763849397
1765 -1.337355501104253
1766 -1.337274904323922
1767 -1.33719841646368
1768 -1.337118190741582
1769 -1.337041466997876
1770 -1.336961460378467
1771 -1.336881584273317
1772 -1.336805985368186
1773 -1.336726240489468
1774 -1.336650536605697
1775 -1.336571437195775
1776 -1.336493325455465
1777 -1.336417756771706
1778 -1.336338600961581
1779 -1.336262841782669
1780 -1.336184265936952
1781 -1.336105875395723
1782 -1.336031090661406
1783 -1.335952561521923
1784 -1.335877679436568
1785 -1.335798558743135
1786 -1.335718943965303
1787 -1.335643213208663
1788 -1.335564340341067
1789 -1.335485261194219
1790 -1.335410202802094
1791 -1.335332241040514
1792 -1.335254437770207
1793 -1.335179714223446
1794 -1.335101076482471
1795 -1.335026564789176
1796 -1.334947350876406
1797 -1.334871607106209
1798 -1.33479229796447
1799 -1.334717087638814
1800 -1.33463738255719
1801 -1.334562968179668
1802 -1.334483252673259
1803 -1.334407738437542
1804 -1.334327428786966
1805 -1.334250785102118
1806 -1.334170202820416
1807 -1.334094202056124
1808 -1.334017960141488
1809 -1.333937973916303
1810 -1.333862071805958
1811 -1.333785654425639
1812 -1.333705789940668
1813 -1.333629638705368
1814 -1.333553544521753
1815 -1.333472223413229
1816 -1.333395891647673
1817 -1.33331458402319
1818 -1.333237553604732
1819 -1.333160635293314
1820 -1.333079848326706
1821 -1.333003408737331
1822 -1.33292302007477
1823 -1.332847224841008
1824 -1.332767354231408
1825 -1.332691413752607
1826 -1.332611587451377
1827 -1.332535379802474
1828 -1.332459136917635
1829 -1.332378759068897
1830 -1.332302492848989
1831 -1.332223560419015
1832 -1.332149301316233
1833 -1.332070989545243
1834 -1.331996592803739
1835 -1.331917629833606
1836 -1.331842969000098
1837 -1.331764693527206
1838 -1.331690441680576
1839 -1.331611851733666
1840 -1.331537545336367
1841 -1.331459899217459
1842 -1.331386419058462
1843 -1.331309356004033
1844 -1.33123209575587
1845 -1.331158384266262
1846 -1.331081366239773
1847 -1.331003685922721
1848 -1.330930730972678
1849 -1.330854382670238
1850 -1.330781309689079
1851 -1.330704905238379
1852 -1.330631641651616
1853 -1.330555135293309
1854 -1.330478900401636
1855 -1.330407250315774
1856 -1.330331108696832
1857 -1.3302554704082
1858 -1.330183408104259
1859 -1.33010836274548
1860 -1.330033423532662
1861 -1.329959113258708
1862 -1.329887173265056
1863 -1.329811719659002
1864 -1.329736290237776
1865 -1.329665096455219
1866 -1.329590122045084
1867 -1.329514943748886
1868 -1.329444145922824
1869 -1.329369057140464
1870 -1.329293601794683
1871 -1.329221772811059
1872 -1.329147405465779
1873 -1.329073383496438
1874 -1.328999398408808
1875 -1.328927741985067
1876 -1.328852574293093
1877 -1.328778224909788
1878 -1.328704551416808
1879 -1.328631861732657
1880 -1.32855850103902
1881 -1.32848595710099
1882 -1.32841299237268
1883 -1.328339964328907
1884 -1.328267268145216
1885 -1.328195548737367
1886 -1.328122099309937
1887 -1.328049331687359
1888 -1.327976450270629
1889 -1.327903845737218
1890 -1.327832231802035
1891 -1.327760172366478
1892 -1.327688424353621
1893 -1.327617251026635
1894 -1.327545765903196
1895 -1.327474836955551
1896 -1.32740396224527
1897 -1.327332412868519
1898 -1.327260466732369
1899 -1.327189300793303
1900 -1.327118464166719
1901 -1.327048099753455
1902 -1.32697868595065
1903 -1.326910143065825
1904 -1.326841116648465
1905 -1.326771450760137
1906 -1.326701976774603
1907 -1.326632920473033
1908 -1.326563182535344
1909 -1.326493101484757
1910 -1.326423632424631
1911 -1.326353880845149
1912 -1.326284171237024
1913 -1.326215935234774
1914 -1.326146510271636
1915 -1.326077640028533
1916 -1.326009475040368
1917 -1.325941390441993
1918 -1.325872419962966
1919 -1.325804474406111
1920 -1.325735707313545
1921 -1.325666807923621
1922 -1.325598707855551
1923 -1.325530474691103
1924 -1.325462932036327
1925 -1.325395708295075
1926 -1.325327602610216
1927 -1.325259309864566
1928 -1.325191568970448
1929 -1.325124410016606
1930 -1.325055988464551
1931 -1.324987614134502
1932 -1.324919422969139
1933 -1.324850483244277
1934 -1.324780798379484
1935 -1.324712312289382
1936 -1.324643550600092
1937 -1.324574489298874
1938 -1.324505986479015
1939 -1.324437650528801
1940 -1.32436908810895
1941 -1.324299826595543
1942 -1.324230082184698
1943 -1.324159843023595
1944 -1.324090167555408
1945 -1.324020511489785
1946 -1.323951185874732
1947 -1.323880559177684
1948 -1.323810205161698
1949 -1.323740547605807
1950 -1.323671757455833
1951 -1.323603512897589
1952 -1.323532653761254
1953 -1.323462421103289
1954 -1.323391671702124
1955 -1.323320599689824
1956 -1.323250148982651
1957 -1.323179413337351
1958 -1.323108483884323
1959 -1.323037378540781
1960 -1.322966627670228
1961 -1.322896686369773
1962 -1.322826948639682
1963 -1.322756957337854
1964 -1.32268556881772
1965 -1.322614934016656
1966 -1.322545046400434
1967 -1.322475906085565
1968 -1.322407271445438
1969 -1.322337529915152
1970 -1.322266985148772
1971 -1.322196879588642
1972 -1.322127662213833
1973 -1.322058225951995
1974 -1.321988822776474
1975 -1.321919195388778
1976 -1.321849637767352
1977 -1.321780991381034
1978 -1.321712146095505
1979 -1.321643851047326
1980 -1.321576699260989
1981 -1.321508598485101
1982 -1.32144054599588
1983 -1.321373070211639
1984 -1.321305944517194
1985 -1.321238757847602
1986 -1.321171136705364
1987 -1.321104679332212
1988 -1.321038889671249
1989 -1.320973186631193
1990 -1.320906269872856
1991 -1.320839596654742
1992 -1.320773031750806
1993 -1.320706335144228
1994 -1.320641138297289
1995 -1.320575566789612
1996 -1.320509714642827
1997 -1.320444791766399
1998 -1.320380182220164
1999 -1.32031430136786
2000 -1.320249070615584
2001 -1.320183058834372
2002 -1.320117262408527
2003 -1.320052457310071
2004 -1.319987834189244
2005 -1.319923127775172
2006 -1.319857832363333
2007 -1.319792774486632
2008 -1.319727951926078
2009 -1.319662650618863
2010 -1.319596864158016
2011 -1.319531391174753
2012 -1.3194654171342
2013 -1.319399571351466
2014 -1.319333387176725
2015 -1.319267859893302
2016 -1.319203130090767
2017 -1.319137663198129
2018 -1.319070783604833
2019 -1.31900432314696
2020 -1.318938027326555
2021 -1.318872802705815
2022 -1.318805616600008
2023 -1.318738092676397
2024 -1.318671407682889
2025 -1.318604560934845
2026 -1.318538516507871
2027 -1.318472122335755
2028 -1.318405239326893
2029 -1.318337684443533
2030 -1.318268647437298
2031 -1.318200380170736
2032 -1.318132770664286
2033 -1.318064266493778
2034 -1.317996746619476
2035 -1.317929063630639
2036 -1.317861163395171
2037 -1.317794693579412
2038 -1.317728105243647
2039 -1.317661670833227
2040 -1.317593080820774
2041 -1.317523713126899
2042 -1.31745525461821
2043 -1.317386796984242
2044 -1.317317318896763
2045 -1.317248807301999
2046 -1.317181898413318
2047 -1.317112660593882
2048 -1.317044116400809
2049 -1.316977401666483
2050 -1.316909221755551
2051 -1.316839857530065
2052 -1.316771732839578
2053 -1.316702998149516
2054 -1.316635221109633
2055 -1.316567444014266
2056 -1.316501205890327
2057 -1.31643359361388
2058 -1.316366019676843
2059 -1.316299363053241
2060 -1.316231703456398
2061 -1.316163694882459
2062 -1.316096088262648
2063 -1.31602784511352
2064 -1.315959466092646
2065 -1.315893002086575
2066 -1.31582567691681
2067 -1.315757803683395
2068 -1.315690096159041
2069 -1.31562252901423
2070 -1.315555949054768
2071 -1.315489786615411
2072 -1.315423113509374
2073 -1.315355704592516
2074 -1.315288840088184
2075 -1.315221693961708
2076 -1.315155633490551
2077 -1.315089059123373
2078 -1.315022599263354
2079 -1.314954851210299
2080 -1.31488775284394
2081 -1.314820680671408
2082 -1.314753687352173
2083 -1.314686027972651
2084 -1.314619331536981
2085 -1.314552496500426
2086 -1.314486333089457
2087 -1.314420799472231
2088 -1.314355204693847
2089 -1.314287784203777
2090 -1.314221046608346
2091 -1.314154320597491
2092 -1.314088397714881
2093 -1.314021751938538
2094 -1.313954094370412
2095 -1.313886047949658
2096 -1.313819351223342
2097 -1.313751888752912
2098 -1.313686303263392
2099 -1.313620003993389
2100 -1.313553578294834
2101 -1.313485553644139
2102 -1.313418267634862
2103 -1.313350456414202
2104 -1.313284709107284
2105 -1.313218354438383
2106 -1.313152299046603
2107 -1.313084697333789
2108 -1.313018808056679
2109 -1.31295190973802
2110 -1.31288555016268
2111 -1.312817925331767
2112 -1.312751800293545
2113 -1.312684245403346
2114 -1.312616533885696
2115 -1.312548791416548
2116 -1.312481478008327
2117 -1.312414025773771
2118 -1.312347119058728
2119 -1.312280031192217
2120 -1.312213559618929
2121 -1.312146231329977
2122 -1.312078620793885
2123 -1.312009963410028
2124 -1.31194264547737
2125 -1.31187418082163
2126 -1.311806478258694
2127 -1.311737928698104
2128 -1.31167042250619
2129 -1.311602293997212
2130 -1.311534119998723
2131 -1.311464821048269
2132 -1.311397663313123
2133 -1.311327869721428
2134 -1.311258392480902
2135 -1.311188623861747
2136 -1.311119443391487
2137 -1.311050015306567
2138 -1.310982145318777
2139 -1.310912422307136
2140 -1.310843047954032
2141 -1.310772771643598
2142 -1.310702767020595
2143 -1.310631926644196
2144 -1.310562212802902
2145 -1.310491361264832
2146 -1.310420369693015
2147 -1.310348728163786
2148 -1.310278896807789
2149 -1.310207740524451
2150 -1.310136068362759
2151 -1.310062874755359
2152 -1.309990882067475
2153 -1.30991836286159
2154 -1.309848246392194
2155 -1.309776292464368
2156 -1.309704717727767
2157 -1.309631909233281
2158 -1.309560149297678
2159 -1.309487246205147
2160 -1.309415445377235
2161 -1.309342684847596
2162 -1.309269592871491
2163 -1.309195249973469
2164 -1.309122850689733
2165 -1.309049095501765
2166 -1.30897543483242
2167 -1.308901321674775
2168 -1.308827660881355
2169 -1.308753823047546
2170 -1.308681451125068
2171 -1.308607602514768
2172 -1.308534027364359
2173 -1.308459950400854
2174 -1.308386534320376
2175 -1.308312362479772
2176 -1.308239133677653
2177 -1.308163661846939
2178 -1.30809101806513
2179 -1.308016755451197
2180 -1.307942193787212
2181 -1.307866719368787
2182 -1.307791761488014
2183 -1.307716504708796
2184 -1.30764241256199
2185 -1.307567842903848
2186 -1.307493784367686
2187 -1.307418470786357
2188 -1.307344043095428
2189 -1.307268735692169
2190 -1.307194269081156
2191 -1.307118916090176
2192 -1.307043309394098
2193 -1.30696690647538
2194 -1.306892830353416
2195 -1.306817019578576
2196 -1.306741792541693
2197 -1.306665250790856
2198 -1.306589966136963
2199 -1.306514212563677
2200 -1.306439882998143
2201 -1.306364136878545
2202 -1.306289057771538
2203 -1.306213235037839
2204 -1.306138157812473
2205 -1.306063006416306
2206 -1.305988526505191
2207 -1.305911276293118
2208 -1.305834590187404
2209 -1.305759098425018
2210 -1.305683761231103
2211 -1.305606490782707
2212 -1.305530550478635
2213 -1.305453765264979
2214 -1.305378787937447
2215 -1.305303148912978
2216 -1.305228419169377
2217 -1.305152875073153
2218 -1.30507820615819
2219 -1.305002191695111
2220 -1.304926715832955
2221 -1.304850059045845
2222 -1.304773463375716
2223 -1.304696005695275
2224 -1.304621392136402
2225 -1.30454450262493
2226 -1.304467680371878
2227 -1.304390527325059
2228 -1.304314512832371
2229 -1.304238031708979
2230 -1.304162102918182
2231 -1.304085601020354
2232 -1.304009193814949
2233 -1.303932307503272
2234 -1.303856327723586
2235 -1.303778800183219
2236 -1.303701684192823
2237 -1.303622970103014
2238 -1.303545253081972
2239 -1.303467791769291
2240 -1.30339023551528
2241 -1.303311312382019
2242 -1.303233261259449
2243 -1.303154304637598
2244 -1.303076473663973
2245 -1.302997658896431
2246 -1.302919221053378
2247 -1.302839693882363
2248 -1.302761414192448
2249 -1.302681131063561
2250 -1.302601874462772
2251 -1.302521280735644
2252 -1.30244137915932
2253 -1.30236026416986
2254 -1.302281174591235
2255 -1.302200266318189
2256 -1.302119004595899
2257 -1.302036326609656
2258 -1.301954345481634
2259 -1.301871283149639
2260 -1.301789046481205
2261 -1.301705452856951
2262 -1.301622718148999
2263 -1.301538933940101
2264 -1.301455613287249
2265 -1.301371667961146
2266 -1.301287502445415
2267 -1.301201721525106
2268 -1.301116199015043
2269 -1.301030729822847
2270 -1.300945656251528
2271 -1.300858800627804
2272 -1.300772333718795
2273 -1.300685110739679
2274 -1.300598934060151
2275 -1.300512085371935
2276 -1.300425266753928
2277 -1.300337559025158
2278 -1.300250328661101
2279 -1.300162440514481
2280 -1.300074727137572
2281 -1.299986372426607
2282 -1.299897234663674
2283 -1.299807771089252
2284 -1.299719555728446
2285 -1.299630333659428
2286 -1.299542441627742
2287 -1.299452015900899
2288 -1.299362521646844
2289 -1.299272396002384
2290 -1.299184152690105
2291 -1.29909484369904
2292 -1.299005785400378
2293 -1.298916142084311
2294 -1.298827263397365
2295 -1.298737750626009
2296 -1.298649422257663
2297 -1.298558465125547
2298 -1.298468113591756
2299 -1.298377335085787
2300 -1.298288409562646
2301 -1.298198407708169
2302 -1.298109514848495
2303 -1.298020496700974
2304 -1.297930469655133
2305 -1.297839899882313
2306 -1.297751230843558
2307 -1.297661484571996
2308 -1.297572202239281
2309 -1.297482134033408
2310 -1.297392831908462
2311 -1.297302721265658
2312 -1.297214519765169
2313 -1.297123216552492
2314 -1.297032710089327
2315 -1.296942107482554
2316 -1.296852555602179
2317 -1.29676205344168
2318 -1.296672278432128
2319 -1.296581411749558
2320 -1.296491258299216
2321 -1.296400650285675
2322 -1.296310341209665
2323 -1.29621914862377
2324 -1.296128476028238
2325 -1.296036881647891
2326 -1.295946241514724
2327 -1.29585349605911
2328 -1.295761372685446
2329 -1.295668914576018
2330 -1.295577210921591
2331 -1.295484400365326
2332 -1.29539242594838
2333 -1.295300003970283
2334 -1.295207250041091
2335 -1.295113466321402
2336 -1.295019792964707
2337 -1.294925108254374
2338 -1.294830559096096
2339 -1.294736167210036
2340 -1.294640594459228
2341 -1.29454436030001
2342 -1.294448891860803
2343 -1.294353478066997
2344 -1.294257801277301
2345 -1.294160993928677
2346 -1.294065246657044
2347 -1.293967982453937
2348 -1.293871382607531
2349 -1.293773854420256
2350 -1.293676441616681
2351 -1.293577790158888
2352 -1.293479943483804
2353 -1.293381642647209
2354 -1.293282630300407
2355 -1.293182770916926
2356 -1.293083283393492
2357 -1.29298396176883
2358 -1.292884311997751
2359 -1.29278542751642
2360 -1.292685114547976
2361 -1.29258550672076
2362 -1.292485366436568
2363 -1.292383685434622
2364 -1.292282773301649
2365 -1.292181201424004
2366 -1.292080717491576
2367 -1.291979113756125
2368 -1.291876846979099
2369 -1.291774609736951
2370 -1.291672704489357
2371 -1.291570075441131
2372 -1.291467969946502
2373 -1.291365957141074
2374 -1.29126399589431
2375 -1.291161756350076
2376 -1.291057994266974
2377 -1.290955585629294
2378 -1.290853534265464
2379 -1.290749095445668
2380 -1.290646143193388
2381 -1.290542391160102
2382 -1.290439958534068
2383 -1.290336818155679
2384 -1.290233253519886
2385 -1.29013028924879
2386 -1.290026827849534
2387 -1.289923090923483
2388 -1.289819401737497
2389 -1.289715451366421
2390 -1.289612707257334
2391 -1.289507487041264
2392 -1.289402220629123
2393 -1.289297424908984
2394 -1.289194023535224
2395 -1.289089701260561
2396 -1.288985392410983
2397 -1.288880761298648
2398 -1.288775958372003
2399 -1.288671899774731
2400 -1.288567191562441
2401 -1.288462268820497
2402 -1.288357364694972
2403 -1.288253268928629
2404 -1.288147082169633
2405 -1.288041448239983
2406 -1.28793567305488
2407 -1.287831221163945
2408 -1.287725608686811
2409 -1.287620082413073
2410 -1.287514539189344
2411 -1.28740908861377
2412 -1.287303888573055
2413 -1.287198180735529
2414 -1.287091970357167
2415 -1.286985974421427
2416 -1.286880558351145
2417 -1.286773628523603
2418 -1.286666944913057
2419 -1.286560496581823
2420 -1.286455095928048
2421 -1.286348786968427
2422 -1.286242482487522
2423 -1.28613622059892
2424 -1.286030453217799
2425 -1.285923548017415
2426 -1.285816552469693
2427 -1.285709187480177
2428 -1.285601996925298
2429 -1.285495118832747
2430 -1.285388384312434
2431 -1.285280356139114
2432 -1.285172442242167
2433 -1.285065070489328
2434 -1.28495771158549
2435 -1.284850233835264
2436 -1.28474263758479
2437 -1.28463523769575
2438 -1.284526839707967
2439 -1.284417944986091
2440 -1.284309245186892
2441 -1.284200957205759
2442 -1.284092601039801
2443 -1.283983136263425
2444 -1.283873116798127
2445 -1.283763556732418
2446 -1.283655334532522
2447 -1.283545266761806
2448 -1.283435467085555
2449 -1.283325744860211
2450 -1.28321607631445
2451 -1.283106324294686
2452 -1.282996153926867
2453 -1.282885580535927
2454 -1.282775194616166
2455 -1.282664191491137
2456 -1.282552278768223
2457 -1.282440561504156
2458 -1.282328763773089
2459 -1.282217715936861
2460 -1.282106579203304
2461 -1.281995586113067
2462 -1.281884335179694
2463 -1.281772468134604
2464 -1.281660034754979
2465 -1.281547097178616
2466 -1.281433836623185
2467 -1.281320739313933
2468 -1.281206416238998
2469 -1.281091940496749
2470 -1.280977839632502
2471 -1.280864861006249
2472 -1.280751256193937
2473 -1.280637516533581
2474 -1.280523349409827
2475 -1.280408954606738
2476 -1.280293995629704
2477 -1.280178874420731
2478 -1.280063946455576
2479 -1.279949338618066
2480 -1.279831846263781
2481 -1.279715054497791
2482 -1.27959900537982
2483 -1.279484760780833
2484 -1.27936801886369
2485 -1.279252029472848
2486 -1.279135751465589
2487 -1.27902004648035
2488 -1.278904531361536
2489 -1.278789047780229
2490 -1.278672996799157
2491 -1.278557326712758
2492 -1.27844145417952
2493 -1.278323032417985
2494 -1.278204350613188
2495 -1.278086199293693
2496 -1.277970814593403
2497 -1.277854046055077
2498 -1.277736072838188
2499 -1.2776178843253
2500 -1.277500067603033
2501 -1.277383697352361
2502 -1.277266436809344
2503 -1.277150545523296
2504 -1.277031965223842
2505 -1.276913901193131
2506 -1.276795589217203
2507 -1.276677357194711
2508 -1.276559812354785
2509 -1.276442953650055
2510 -1.276326427276985
2511 -1.276209297136132
2512 -1.276091855224772
2513 -1.275974641375562
2514 -1.27585741447703
2515 -1.275739558662842
2516 -1.275620874314323
2517 -1.275502879410432
2518 -1.275386811222328
2519 -1.275268353203326
2520 -1.275149483387257
2521 -1.275031248690225
2522 -1.274914606092698
2523 -1.27479738768126
2524 -1.274681214001895
2525 -1.274564073585111
2526 -1.274446996450563
2527 -1.274329765388774
2528 -1.274212545143272
2529 -1.274096294479429
2530 -1.273980642910265
2531 -1.273862475550632
2532 -1.273743925701278
2533 -1.273626945346177
2534 -1.273509964322711
2535 -1.273393191691096
2536 -1.27327745478114
2537 -1.273160151364519
2538 -1.273042410520641
2539 -1.272925164790119
2540 -1.272808072525205
2541 -1.272691382022303
2542 -1.272574789699726
2543 -1.272458452283976
2544 -1.272339717611541
2545 -1.272221050095628
2546 -1.272103002712198
2547 -1.271987092775529
2548 -1.271868434899803
2549 -1.271749517385235
2550 -1.271631180806764
2551 -1.271513369613006
2552 -1.27139541456898
2553 -1.271277335377039
2554 -1.271158489450598
2555 -1.271040338913184
2556 -1.270920371672537
2557 -1.270801515819302
2558 -1.27068148266594
2559 -1.270562429480783
2560 -1.270443113375017
2561 -1.270324323857989
2562 -1.270205779980479
2563 -1.270086987604139
2564 -1.269967611749187
2565 -1.269848294595364
2566 -1.269727740071421
2567 -1.269607306399697
2568 -1.269485847634427
2569 -1.269364568328153
2570 -1.269244288156898
2571 -1.26912425453746
2572 -1.269004531871727
2573 -1.268884968202748
2574 -1.268764588907495
2575 -1.268644016443369
2576 -1.268523441578169
2577 -1.268403150529123
2578 -1.268281893383907
2579 -1.268160459781538
2580 -1.268037675992037
2581 -1.267915544146036
2582 -1.267794658910151
2583 -1.267674892130942
2584 -1.267554370013734
2585 -1.267433112166072
2586 -1.267312278847104
2587 -1.267191089955477
2588 -1.267070130982047
2589 -1.266950094091857
2590 -1.266830166716485
2591 -1.266708161846388
2592 -1.266586833330577
2593 -1.266464868867164
2594 -1.26634345144763
2595 -1.26622275443451
2596 -1.266102852334931
2597 -1.265983031296685
2598 -1.26586304892329
2599 -1.265743155999139
2600 -1.265621979797221
2601 -1.265501150523306
2602 -1.265379849037024
2603 -1.265258377126655
2604 -1.265138010724892
2605 -1.265016387779532
2606 -1.264895582186801
2607 -1.264775704911353
2608 -1.264654900826773
2609 -1.264533545636111
2610 -1.26441300597756
2611 -1.264293236394452
2612 -1.264173278402934
2613 -1.26405381218309
2614 -1.263933680656202
2615 -1.263814379221663
2616 -1.263692846313397
2617 -1.263571386455204
2618 -1.263449837229724
2619 -1.263329008224036
2620 -1.263208024212458
2621 -1.263087987099936
2622 -1.262967533092019
2623 -1.26284715303666
2624 -1.262726532642826
2625 -1.262606075476079
2626 -1.262485568490102
2627 -1.262364637663358
2628 -1.262242379838442
2629 -1.262119789671912
2630 -1.261997208487979
2631 -1.261875687711636
2632 -1.261754461000695
2633 -1.26163373095852
2634 -1.261511645470078
2635 -1.261389321718711
2636 -1.261267391976686
2637 -1.26114628106644
2638 -1.261024908481239
2639 -1.260904291506741
2640 -1.260783681190475
2641 -1.260661286807984
2642 -1.260538506088051
2643 -1.260415882249285
2644 -1.260293884848144
2645 -1.260171719240246
2646 -1.260049517395635
2647 -1.259927766379313
2648 -1.259807094024752
2649 -1.259685884911538
2650 -1.259565024599861
2651 -1.259443922149028
2652 -1.259323824936373
2653 -1.259200947942465
2654 -1.259078361868851
2655 -1.258955858851172
2656 -1.258834289100979
2657 -1.258713100822853
2658 -1.258592404539524
2659 -1.258471492217366
2660 -1.258351176144748
2661 -1.258232114058733
2662 -1.258112074439848
2663 -1.257992211324903
2664 -1.257871426671883
2665 -1.257750314155575
2666 -1.257629818366598
2667 -1.257510276977158
2668 -1.257392111898696
2669 -1.2572743013271
2670 -1.257157165639488
2671 -1.257039633192678
2672 -1.256921799021577
2673 -1.256803033119578
2674 -1.25668510139788
2675 -1.256565405264041
2676 -1.256445906656409
2677 -1.25632627633344
2678 -1.256207995111712
2679 -1.256090736124047
2680 -1.255975097232846
2681 -1.255858907517949
2682 -1.255742996417933
2683 -1.255627139447845
2684 -1.25551169156339
2685 -1.255395840024314
2686 -1.25527921666527
2687 -1.25516214137231
2688 -1.255045922330733
2689 -1.254930709773278
2690 -1.254812964085234
2691 -1.254695656368943
2692 -1.254579270251029
2693 -1.254464101558648
2694 -1.254349231720298
2695 -1.254235770167381
2696 -1.25412232625871
2697 -1.254008203926881
2698 -1.253893645439324
2699 -1.253778906384173
2700 -1.253664179753547
2701 -1.253549127378033
2702 -1.253433683827163
2703 -1.253318435826864
2704 -1.253203460653124
2705 -1.253089005914657
2706 -1.252972556636653
2707 -1.252858502271205
2708 -1.252744656027661
2709 -1.252628538043132
2710 -1.252514893292252
2711 -1.252399122348787
2712 -1.252285742331434
2713 -1.252171427408272
2714 -1.25205534521324
2715 -1.251940705920297
2716 -1.251826195555461
2717 -1.251712946854312
2718 -1.251598960693176
2719 -1.25148457566689
2720 -1.251371416154162
2721 -1.251257824141977
2722 -1.251144814323601
2723 -1.251031563499534
2724 -1.250919222745919
2725 -1.250806319128658
2726 -1.250693313942907
2727 -1.250579627203983
2728 -1.250465785807934
2729 -1.250351585680879
2730 -1.250237271305279
2731 -1.250122567908576
2732 -1.2500084204507
2733 -1.249896130455523
2734 -1.249782198287848
2735 -1.24966900470948
2736 -1.249553844747173
2737 -1.249440303163791
2738 -1.249325796300142
2739 -1.249212453098184
2740 -1.249099380283342
2741 -1.248986355918641
2742 -1.248874346078855
2743 -1.248761235198431
2744 -1.248646888574666
2745 -1.24853247895215
2746 -1.248417440145042
2747 -1.248304442349209
2748 -1.248189524899287
2749 -1.248076879263587
2750 -1.247964857549873
2751 -1.247851655023931
2752 -1.247738771646724
2753 -1.247626557453026
2754 -1.247516222203748
2755 -1.247405088761672
2756 -1.247295483148856
2757 -1.247184640037172
2758 -1.247075610940686
2759 -1.246965525880241
2760 -1.246856289195602
2761 -1.246746134469256
2762 -1.246634890132485
2763 -1.246525014202482
2764 -1.246414280887276
2765 -1.246303730788027
2766 -1.246194604379009
2767 -1.246086704987693
2768 -1.245976850562058
2769 -1.245867382069581
2770 -1.245758291459238
2771 -1.245649079447752
2772 -1.245540086269676
2773 -1.245431403505428
2774 -1.245322494488339
2775 -1.245215954213854
2776 -1.245109882737616
2777 -1.245000270020598
2778 -1.244892049925863
2779 -1.24478464997043
2780 -1.244678521202281
2781 -1.244572632312143
2782 -1.244467230488152
2783 -1.244361473556336
2784 -1.244256769057064
2785 -1.244151867943319
2786 -1.244046349651012
2787 -1.243941270434855
2788 -1.243837272288653
2789 -1.243731036991187
2790 -1.243625580572096
2791 -1.243518763911169
2792 -1.243412219879627
2793 -1.243307117193401
2794 -1.243204045311499
2795 -1.243102025755713
2796 -1.242999703592066
2797 -1.242897804476941
2798 -1.242796278164953
2799 -1.242694026761176
2800 -1.24258934171292
2801 -1.24248483502724
2802 -1.242381654673873
2803 -1.242279781670413
2804 -1.242179060086643
2805 -1.242078548887759
2806 -1.241978073901674
2807 -1.241877679845619
2808 -1.241777078779158
2809 -1.241676855787158
2810 -1.241576005719197
2811 -1.241474801626247
2812 -1.241374489619681
2813 -1.241274705794127
2814 -1.241173832225637
2815 -1.241073338866294
2816 -1.240974493280473
2817 -1.240875515203654
2818 -1.240776440724609
2819 -1.240679460204868
2820 -1.240581568364951
2821 -1.24048294744072
2822 -1.240384339292934
2823 -1.240285818187462
2824 -1.24018807804034
2825 -1.240090178298926
2826 -1.23999222034179
2827 -1.239895478342043
2828 -1.239799030679256
2829 -1.239702737742062
2830 -1.239605954295756
2831 -1.239508677217083
2832 -1.239412087552959
2833 -1.239315035841731
2834 -1.239217516046947
2835 -1.239120088260486
2836 -1.239023146139396
2837 -1.238927204616305
2838 -1.238831524533253
2839 -1.238736714394552
2840 -1.238643101767059
2841 -1.238546762699895
2842 -1.238450007224885
2843 -1.238354127498406
2844 -1.238259507938808
2845 -1.238164266237305
2846 -1.238068916269019
2847 -1.23797400296101
2848 -1.237880097637668
2849 -1.237785101924459
2850 -1.237689986771606
2851 -1.237595814606284
2852 -1.237501059400703
2853 -1.237406960193757
2854 -1.237311819311683
2855 -1.237218376624189
2856 -1.237125936865626
2857 -1.237032144083917
2858 -1.236938355492815
2859 -1.236845271606853
2860 -1.236752364481051
2861 -1.236659067342129
2862 -1.236566409275539
2863 -1.236474086888163
2864 -1.236382131045254
2865 -1.236291859571361
2866 -1.236200243807978
2867 -1.236109446392027
2868 -1.236017249616556
2869 -1.235925813273333
2870 -1.235834855890271
2871 -1.235743974950185
2872 -1.235654377985984
2873 -1.235563830261184
2874 -1.235473423799033
2875 -1.235383496146351
2876 -1.235294452357534
2877 -1.235205914349281
2878 -1.23511900907832
2879 -1.23503133430326
2880 -1.234944685760888
2881 -1.234856314228007
2882 -1.234768150211676
2883 -1.234681017823028
2884 -1.234595331252616
2885 -1.234510769377668
2886 -1.234426311872684
2887 -1.234342269866891
2888 -1.234256914592099
2889 -1.234171874057402
2890 -1.234088013961499
2891 -1.234003534309887
2892 -1.233919139491294
2893 -1.233835320632405
2894 -1.233752558127289
2895 -1.233670795595292
2896 -1.233590138547005
2897 -1.23350986941476
2898 -1.233430281125975
2899 -1.233350689543607
2900 -1.233269649893746
2901 -1.233189684282763
2902 -1.23310921089067
2903 -1.233032136406532
2904 -1.232953696330936
2905 -1.232875217600625
2906 -1.232796666441183
2907 -1.232719411151128
2908 -1.232643325396756
2909 -1.232568050214964
2910 -1.232492937205047
2911 -1.23241732798465
2912 -1.232340937984822
2913 -1.232265342167674
2914 -1.232192164033724
2915 -1.232119853165652
2916 -1.232046747830931
2917 -1.231973801582851
2918 -1.231901000005094
2919 -1.231827391557056
2920 -1.231754989397494
2921 -1.23168222528521
2922 -1.231609341205488
2923 -1.231537590976581
2924 -1.231468753224789
2925 -1.231397630125849
2926 -1.231327171485114
2927 -1.231256280592149
2928 -1.231186466254366
2929 -1.23111723762149
2930 -1.231049359458913
2931 -1.230981969623937
2932 -1.230914833377584
2933 -1.230848013103754
2934 -1.230780371529018
2935 -1.230713281535519
2936 -1.230644925249817
2937 -1.230576591140607
2938 -1.230509122549527
2939 -1.230441344560961
2940 -1.230374147232316
2941 -1.230307940821481
2942 -1.230243411579933
2943 -1.230178769649651
2944 -1.230114234331757
2945 -1.230049874403747
2946 -1.229985789009685
2947 -1.229923090906624
2948 -1.229857373374096
2949 -1.229790027970794
2950 -1.229723425116947
2951 -1.22965992443483
2952 -1.229597333822543
2953 -1.229532949429748
2954 -1.229468744436329
2955 -1.229405467517173
2956 -1.229343883261818
2957 -1.22928212765494
2958 -1.229220590497634
2959 -1.229158542009085
2960 -1.229096318697998
2961 -1.229034633080508
2962 -1.228972365227412
2963 -1.228910742096765
2964 -1.228847220455423
2965 -1.228785890501588
2966 -1.228724930070008
2967 -1.228664324380897
2968 -1.228604382621447
2969 -1.228545918529051
2970 -1.228485994027323
2971 -1.228426725245356
2972 -1.228367936225773
2973 -1.228309224587628
2974 -1.22825040342299
2975 -1.228191846878336
2976 -1.228134904394413
2977 -1.228079247961015
2978 -1.228022828720348
2979 -1.227965669559759
2980 -1.227909589729089
2981 -1.227853801663172
2982 -1.227799084605581
2983 -1.227745262198334
2984 -1.227692748291329
2985 -1.227638924269788
2986 -1.227585494444196
2987 -1.227533996535298
2988 -1.227480719611407
2989 -1.227428507685793
2990 -1.227377283993071
2991 -1.227327868268709
2992 -1.227276931260426
2993 -1.227226062143725
2994 -1.227176598249258
2995 -1.227127865645518
2996 -1.22707989292777
2997 -1.227032310910014
2998 -1.226986622535504
2999 -1.226941209217943
3000 -1.226892596977155
