"lift-rfile"
"Iteration" "lift"
("Iteration" "lift")
1 3.101709203898837
2 4.638812419171725
3 5.785480088472673
4 6.537737227180902
5 7.009898563764208
6 7.178473041623685
7 7.124079189117657
8 6.829359136591797
9 6.420193913116854
10 6.013796715416684
11 5.772285493721201
12 5.519270717206786
13 5.31485255357463
14 5.148936712764702
15 5.004411117648931
16 4.866947481113885
17 4.71723305828982
18 4.541325799490653
19 4.342005875362545
20 4.118468556887979
21 3.877883683706719
22 3.62987934577311
23 3.380593812228394
24 3.132491275628389
25 2.889610933737349
26 2.650891923983624
27 2.419502828381801
28 2.197102552411211
29 1.98422749158816
30 1.781153038608949
31 1.588952430934106
32 1.404250032889922
33 1.22930706941993
34 1.067827298605675
35 0.9125878484195269
36 0.7665240403489186
37 0.6294558271027719
38 0.5016366444864301
39 0.3819833401283954
40 0.2704038684302752
41 0.1672720831539967
42 0.07197061731379906
43 -0.01581112911890891
44 -0.09695246041448183
45 -0.1715682352180833
46 -0.2397446228578377
47 -0.3021045063151172
48 -0.3591615968901365
49 -0.4111736474473672
50 -0.4588205932216826
51 -0.5022717880346048
52 -0.5420419277493415
53 -0.5785249535447309
54 -0.6123105673255517
55 -0.6434596873480727
56 -0.6721895788034034
57 -0.6986824573908973
58 -0.7225888622035259
59 -0.7444686045373342
60 -0.763854013627517
61 -0.7805295928283174
62 -0.7942551360543245
63 -0.8049195264665224
64 -0.8122862407417826
65 -0.8160510093190621
66 -0.8160628091907893
67 -0.811426785307183
68 -0.8032186962356088
69 -0.7895498648007602
70 -0.7715334965283551
71 -0.7489619625783623
72 -0.7220520549540928
73 -0.6909495634785587
74 -0.6554707693789835
75 -0.6155909082765338
76 -0.5715925280908887
77 -0.5235152148317801
78 -0.4713119170870536
79 -0.415151991252713
80 -0.3553838236485509
81 -0.292222148686959
82 -0.2258554531020003
83 -0.1561855367746576
84 -0.08399048468143301
85 -0.009636134076946494
86 0.06655696715968394
87 0.1439919070185892
88 0.2223257642963798
89 0.3012945434684895
90 0.3805641738226887
91 0.4599500214330534
92 0.5387399917203719
93 0.6164008170387564
94 0.6929388445682388
95 0.7684560609367921
96 0.8517222760698219
97 0.922569964160872
98 0.9891758788425031
99 1.061716061920843
100 1.122053098484303
101 1.179181042395693
102 1.233083138383799
103 1.283401113413399
104 1.330576493889087
105 1.374059787588503
106 1.413683513656883
107 1.449442469062828
108 1.481281343114176
109 1.509219563985398
110 1.533300648717066
111 1.553081646036506
112 1.569571882476358
113 1.582329053370434
114 1.591416734546173
115 1.596933318994463
116 1.598879994968566
117 1.59742483771287
118 1.592687379138195
119 1.584677663746915
120 1.573488082118893
121 1.559229777836335
122 1.542014444314683
123 1.522046970129918
124 1.499354812453077
125 1.474087952549194
126 1.44642576135933
127 1.416552449933619
128 1.384622874082657
129 1.350771705762327
130 1.315230434080486
131 1.27817086192122
132 1.239843016783428
133 1.200464373134412
134 1.160283727182386
135 1.119360013157872
136 1.07802820345862
137 1.03641014629394
138 0.9946677690782705
139 0.9529785419758508
140 0.9115459483864123
141 0.8705137237659979
142 0.8300562818773173
143 0.7902873100722191
144 0.751344313125531
145 0.7133693693604128
146 0.6764893826165718
147 0.6408475519243803
148 0.606505147067262
149 0.5735715012310476
150 0.5420862169574243
151 0.5121463962157278
152 0.4837955507832755
153 0.4571123588265176
154 0.4322360956367164
155 0.4091519355539842
156 0.387828611115751
157 0.3682236116632232
158 0.350441883594773
159 0.3344928479025098
160 0.3203774543352366
161 0.3081020634926059
162 0.297695079389943
163 0.2891244567882793
164 0.2823683435428812
165 0.277406384997869
166 0.2742097837283653
167 0.2727602505507208
168 0.2730186162761046
169 0.2750343433280504
170 0.2786781557990671
171 0.2839332547384518
172 0.2907525795398414
173 0.2991134961619045
174 0.3089761437584422
175 0.3203038165074379
176 0.3330617513390526
177 0.3472023161356175
178 0.3626847881901024
179 0.3794513655694205
180 0.3974574966177147
181 0.4166208806037
182 0.4367636872444051
183 0.4579785642976249
184 0.480231658140532
185 0.503473061026383
186 0.5276499066747752
187 0.5526629257155817
188 0.5785898218808875
189 0.6052619968244727
190 0.6325044134139332
191 0.6602920558327877
192 0.6885426844423666
193 0.7171092108281207
194 0.7459723974472718
195 0.775042380783779
196 0.8042276634050727
197 0.8334285251437356
198 0.8625366260129089
199 0.8914965455516694
200 0.9202814488365222
201 0.9486939013634002
202 0.9766318720278692
203 1.004039352171072
204 1.030823397938425
205 1.056911308377661
206 1.082234410173609
207 1.106660860993277
208 1.130119962527092
209 1.152526766907523
210 1.173792040692165
211 1.193857595393575
212 1.212650797861779
213 1.230115566486321
214 1.246219706164764
215 1.260888591973825
216 1.274075198194889
217 1.28570369322309
218 1.295779716788456
219 1.304279415305912
220 1.311203485553707
221 1.31651197158554
222 1.320210153833647
223 1.322285445275178
224 1.322742635167408
225 1.321609014969871
226 1.318895107131852
227 1.314637803788949
228 1.308861803056467
229 1.301604468302286
230 1.292913403860999
231 1.28284301804384
232 1.271454812245164
233 1.258805989207699
234 1.244970080028825
235 1.22998593935665
236 1.213967934261573
237 1.197001373658835
238 1.179154172339537
239 1.16052608882849
240 1.14120563893309
241 1.121271195238988
242 1.100833229400038
243 1.080003026517601
244 1.058858237213509
245 1.037493338128058
246 1.016005272877029
247 0.9945504449364903
248 0.973152191102555
249 0.951904951234401
250 0.9308805563555034
251 0.9101834649672329
252 0.889901397335601
253 0.8701167440124549
254 0.8509066183101776
255 0.832347557549827
256 0.8145084571557411
257 0.7974572653038791
258 0.7812557445747406
259 0.7659626264347738
260 0.7516249041434716
261 0.7382972048422605
262 0.7260204892480011
263 0.7148331384275009
264 0.704757299983577
265 0.6958320394467694
266 0.6880797658989619
267 0.6815133832221697
268 0.676142674493098
269 0.6719686010109396
270 0.6689994912967539
271 0.6672345840308934
272 0.6666609154936453
273 0.6672632367531911
274 0.6690166150818246
275 0.6719050212710072
276 0.6759002630603783
277 0.6809724939824476
278 0.6870853467077345
279 0.694206399230192
280 0.7022870747529
281 0.7112830444045697
282 0.7211501920956653
283 0.7318410558615316
284 0.7433051496123321
285 0.755487150100199
286 0.7683313439024921
287 0.7817825864354863
288 0.7957842473517999
289 0.8102637178357494
290 0.8251737289522253
291 0.8404582260492329
292 0.8560582269393756
293 0.8719149501365533
294 0.8879703440483167
295 0.9041671004385407
296 0.9204344617115283
297 0.9367304082197334
298 0.9529993981593766
299 0.9691856976978616
300 0.9852401703419521
301 1.001108582891669
302 1.016740317352413
303 1.032074815667242
304 1.047080330110072
305 1.061712537202086
306 1.075930707282173
307 1.089695583980956
308 1.102969074808796
309 1.115748563319913
310 1.127965082881379
311 1.139592036153081
312 1.150602844142078
313 1.160971483831022
314 1.170677018053073
315 1.179698154032831
316 1.188019792458843
317 1.195629076361315
318 1.202505221149688
319 1.208650453491929
320 1.214057699998908
321 1.218725521762365
322 1.222652788672593
323 1.225843815519761
324 1.228304773111314
325 1.23004561404359
326 1.231076417407907
327 1.231404773894362
328 1.23104584862767
329 1.230009592130519
330 1.228317995121405
331 1.225994677327731
332 1.223062994652374
333 1.21954480478561
334 1.215467485901967
335 1.210858867557579
336 1.205747157519305
337 1.200163659855385
338 1.194139245788021
339 1.187705663074135
340 1.180895846420651
341 1.173768381885227
342 1.166328340408034
343 1.158610395810412
344 1.150646849080817
345 1.142462525018142
346 1.134102678238257
347 1.125601460655546
348 1.116992960301214
349 1.108310898085468
350 1.099593092916629
351 1.090867660530847
352 1.082165968544147
353 1.07351599987264
354 1.064954538917503
355 1.056509664882598
356 1.048211293188146
357 1.04008708955042
358 1.032164377178929
359 1.024469749979911
360 1.017027982715294
361 1.009862629267257
362 1.003009731072785
363 0.9964748838640833
364 0.990277284741021
365 0.9844339807631533
366 0.9789621884437382
367 0.9738793172753274
368 0.9691993627941332
369 0.9649365861229337
370 0.9611026888852442
371 0.9577122043844003
372 0.9547742634310945
373 0.9522922068963172
374 0.9502734796999104
375 0.9487213410523029
376 0.9476450244908387
377 0.9470436566497931
378 0.9469189574168437
379 0.9472688260088573
380 0.9480839937043086
381 0.9493671538540207
382 0.9511165492925902
383 0.9533185891890301
384 0.9559703841058013
385 0.9590638105144884
386 0.9625831418546442
387 0.9665237489455109
388 0.9708639393105707
389 0.9755904638773482
390 0.9806873616725303
391 0.9861358056671203
392 0.9919157094434177
393 0.9980113743698019
394 1.004402608415017
395 1.011067009405089
396 1.017980837806314
397 1.025121494098187
398 1.032465491247457
399 1.03998420826096
400 1.047659564605251
401 1.055465487642488
402 1.063375824289581
403 1.071362685015603
404 1.079409901237903
405 1.087482622048623
406 1.095557583750561
407 1.103610484631265
408 1.11160957249925
409 1.119537264050362
410 1.127368724656087
411 1.135078751479319
412 1.142643849333922
413 1.150041978604563
414 1.157250938890218
415 1.164254855365129
416 1.171030839960315
417 1.177556383951692
418 1.183819672427624
419 1.189799203634333
420 1.195477448795423
421 1.200841875967739
422 1.205879774892121
423 1.210578761370951
424 1.214928883837624
425 1.21892286930738
426 1.222537629712907
427 1.225779808759196
428 1.228645039018822
429 1.231129364912022
430 1.233235782579808
431 1.234954282892761
432 1.23628561280014
433 1.237218515727375
434 1.237793184214164
435 1.237992235870927
436 1.237818245950169
437 1.237279344463494
438 1.236381242011758
439 1.235134052693043
440 1.233547897069501
441 1.231634466314968
442 1.229384020428816
443 1.226836033437238
444 1.224004206584782
445 1.220923924525592
446 1.217609413078215
447 1.214032224289655
448 1.210228012028794
449 1.20622655545221
450 1.202045982988552
451 1.197705955619959
452 1.193229000722817
453 1.188633449110022
454 1.183938133055521
455 1.179175857036458
456 1.174353491281154
457 1.169497346528059
458 1.164626578135469
459 1.159763206283689
460 1.154928511252329
461 1.150145719505479
462 1.145429428772748
463 1.140799557555879
464 1.136273693143412
465 1.13187104792278
466 1.127609088881748
467 1.123502696730915
468 1.119569811189033
469 1.11582212018678
470 1.112276411655254
471 1.108947260320957
472 1.10584571547871
473 1.10298245552978
474 1.100367603320021
475 1.098012654069168
476 1.095921075524703
477 1.094098002885058
478 1.09255046471317
479 1.091284987882576
480 1.090302001040839
481 1.089603267215014
482 1.089189082957446
483 1.089056092600552
484 1.089203247005461
485 1.089628707929941
486 1.090326979506997
487 1.091297228240013
488 1.092529762945109
489 1.094017955787301
490 1.095753582006166
491 1.097725939055256
492 1.09992775570057
493 1.102348654030355
494 1.104977652610018
495 1.107802172664699
496 1.110810892116264
497 1.113989989303731
498 1.117327798074477
499 1.120810727095778
500 1.124419790711009
501 1.128145510757529
502 1.131974248683128
503 1.135888800840287
504 1.139875211467685
505 1.143918739332185
506 1.148011296172611
507 1.152131007045793
508 1.156266663020494
509 1.160413356452106
510 1.164545592591185
511 1.168619318314279
512 1.172653652587663
513 1.17663688363546
514 1.180555964834262
515 1.18439916119582
516 1.188155053750919
517 1.191815881645478
518 1.19537050090952
519 1.198823194224949
520 1.202149357357899
521 1.20534464145578
522 1.208399825360803
523 1.211307208282757
524 1.214071944726937
525 1.216677133223375
526 1.219119600909273
527 1.221394640651583
528 1.223488022989348
529 1.225405277232226
530 1.227151282982321
531 1.228725486119074
532 1.230127900645503
533 1.231361933883419
534 1.232425075651812
535 1.233317426308858
536 1.234050284220721
537 1.234625764715694
538 1.235033067052106
539 1.235277102228377
540 1.235364889188611
541 1.235303639862241
542 1.235095932589035
543 1.234747159568386
544 1.234252623603019
545 1.233638014956781
546 1.23290045228026
547 1.232044477605925
548 1.231080659087239
549 1.230020161177532
550 1.228865048380867
551 1.227625775503903
552 1.226294059918536
553 1.224892161338295
554 1.223427858926057
555 1.221907803156232
556 1.220353075810208
557 1.218759581695726
558 1.217135549999643
559 1.21549004913501
560 1.213830100713208
561 1.212163904234757
562 1.210499085756102
563 1.208842752033565
564 1.207202065503781
565 1.20558342353921
566 1.20399419436931
567 1.202440231401769
568 1.20092789352678
569 1.199462720122642
570 1.198053380138725
571 1.196701050272599
572 1.195413290285958
573 1.194187071833899
574 1.193038771748599
575 1.191969078493534
576 1.190979571004076
577 1.190076176733963
578 1.189262227857461
579 1.188541746118349
580 1.187916529439307
581 1.187390204765618
582 1.186962359675995
583 1.186635360661716
584 1.186410798542611
585 1.186288020708672
586 1.186268214775615
587 1.186353135077255
588 1.186541115803311
589 1.186831019672547
590 1.187223927971996
591 1.187718311011623
592 1.188314157091956
593 1.189007530390474
594 1.189798743496674
595 1.190684968119961
596 1.191664289081269
597 1.192732824987974
598 1.193888068236576
599 1.195126359451597
600 1.196445688925418
601 1.197841619578964
602 1.199310678042983
603 1.200849984205642
604 1.202454784269763
605 1.204120911121428
606 1.205844463977729
607 1.207621247779897
608 1.209445555789835
609 1.211313948724094
610 1.213220806980166
611 1.215161998034211
612 1.217133150031788
613 1.219129028371096
614 1.221145617222745
615 1.223177518847538
616 1.225219250154562
617 1.227264082667755
618 1.229311399967897
619 1.231353922634628
620 1.233389133905973
621 1.235410684274821
622 1.237416439949199
623 1.239400801261895
624 1.241361001057083
625 1.243293304474473
626 1.245192953051913
627 1.247056722717701
628 1.248883771304908
629 1.250667158842108
630 1.252403295297516
631 1.254089101023615
632 1.255721607514811
633 1.257297838916607
634 1.258815502579316
635 1.260272834106173
636 1.261668047565532
637 1.262999263063546
638 1.264262593725146
639 1.265458835756985
640 1.266586838526961
641 1.267645047270581
642 1.268631243443345
643 1.269544792735694
644 1.27038625441981
645 1.271155168230316
646 1.271851875850921
647 1.272478341896393
648 1.273035647451022
649 1.273523355004099
650 1.273941700040418
651 1.274292289111617
652 1.274575226112556
653 1.274792848698134
654 1.274947484950046
655 1.275041452568953
656 1.275075261803392
657 1.275051538500858
658 1.27497026513065
659 1.274837766656022
660 1.27465624619668
661 1.274428305577925
662 1.274154627526194
663 1.273841578056244
664 1.27348825890632
665 1.273101672592658
666 1.272685340039664
667 1.272240863120636
668 1.27177519393362
669 1.271290536129335
670 1.270792956419803
671 1.270284583752314
672 1.269769065293629
673 1.269247866014462
674 1.268724240801249
675 1.268204168614935
676 1.26769110620295
677 1.2671891463155
678 1.26670099596102
679 1.266231203371326
680 1.265782659320912
681 1.265358361384804
682 1.264960820921964
683 1.264593989657751
684 1.26426029709423
685 1.26396183935015
686 1.263701852970262
687 1.263482258717313
688 1.26330506541316
689 1.26317237574138
690 1.263085728377837
691 1.263046908837359
692 1.263056491986518
693 1.26311841704035
694 1.263231438976226
695 1.263396606709982
696 1.263613801315383
697 1.263884201648468
698 1.26420658437802
699 1.264581206556342
700 1.265007478579493
701 1.265485647691742
702 1.266014431479812
703 1.266593406095328
704 1.267221264918596
705 1.267896501280829
706 1.268619109837187
707 1.269386405048387
708 1.270196345273436
709 1.271048189408633
710 1.271939217082228
711 1.272867775928633
712 1.27383152099472
713 1.274827563339347
714 1.275852764326692
715 1.276906534431771
716 1.277985470335297
717 1.27908711774292
718 1.280209010936977
719 1.281348281914542
720 1.282500379597339
721 1.283665279436219
722 1.284837889412297
723 1.286015515088593
724 1.28719648727299
725 1.28837709367581
726 1.289554403391467
727 1.290726209487594
728 1.291890409114306
729 1.293044683124818
730 1.294185041239967
731 1.295308534420526
732 1.296413016960096
733 1.297497504744699
734 1.298558690181676
735 1.299593927940831
736 1.300600980754854
737 1.301579079452903
738 1.30252727344082
739 1.303442907782683
740 1.304325568556923
741 1.305172696124368
742 1.30598219230171
743 1.306746907051408
744 1.307473824045593
745 1.308162386805074
746 1.308810729229176
747 1.309419092580144
748 1.309988035922901
749 1.310518074280611
750 1.311006814882688
751 1.311456066219491
752 1.311866713463743
753 1.312238444992099
754 1.312572014511678
755 1.312867114587812
756 1.313126383256557
757 1.313350523351446
758 1.31353997525202
759 1.31369639804465
760 1.313831892109961
761 1.313937280350659
762 1.314012900970587
763 1.31406133434312
764 1.314083244805256
765 1.31408054017331
766 1.31405456244801
767 1.314009148323905
768 1.313947560779696
769 1.313869281817024
770 1.313774775543291
771 1.31366682425974
772 1.313547858915025
773 1.313418802593043
774 1.313281865914781
775 1.313139102491786
776 1.312991577817283
777 1.312841473996522
778 1.312691094717071
779 1.312541714475425
780 1.312396654348555
781 1.312257749484756
782 1.312124685379217
783 1.31200121962141
784 1.311888608230484
785 1.311788099010839
786 1.311702009759614
787 1.311631495610329
788 1.311577533390207
789 1.31154157466485
790 1.311523761657141
791 1.311520452455314
792 1.311542273306538
793 1.311586453436026
794 1.311653767914976
795 1.311744702748071
796 1.311858950546208
797 1.311998706524066
798 1.312164327954957
799 1.312355007098961
800 1.312570895518677
801 1.312810912912551
802 1.313075909408077
803 1.313366977048483
804 1.31368338037348
805 1.31402283130362
806 1.314386188588424
807 1.314771726007336
808 1.315179067763961
809 1.315607547842113
810 1.316056779620587
811 1.316525406809895
812 1.317012383592058
813 1.317517278591888
814 1.318039206966605
815 1.318576629059983
816 1.319127564550049
817 1.319690882369957
818 1.320263014603825
819 1.320845563212777
820 1.321436373306856
821 1.322034386803771
822 1.322641734314319
823 1.323254031364327
824 1.323868914179601
825 1.324486358034493
826 1.325105346175306
827 1.325723603833421
828 1.326340167583239
829 1.326953898611083
830 1.327564471557547
831 1.328170809391203
832 1.328771688235701
833 1.329363928971883
834 1.329948407018304
835 1.330526503517419
836 1.331096942818095
837 1.33165708201383
838 1.33220656361427
839 1.3327446010466
840 1.333270429823883
841 1.333783268865378
842 1.33428253016995
843 1.334768497202018
844 1.335237842179279
845 1.335693414663401
846 1.336135121304395
847 1.336564279835677
848 1.336980378967811
849 1.337382487687162
850 1.337770118447754
851 1.338143253557688
852 1.338501775280057
853 1.338845580903058
854 1.339175870710645
855 1.339491116864056
856 1.339792224333614
857 1.340079486292659
858 1.340352110774683
859 1.340611152764976
860 1.340856037639632
861 1.341087977759437
862 1.341306823966568
863 1.341513159564639
864 1.341706387273313
865 1.34188703479606
866 1.342055241346628
867 1.342211505872622
868 1.342357034630464
869 1.342491735364869
870 1.342615714590439
871 1.34272904381889
872 1.342832950664126
873 1.342927256057664
874 1.34301429644678
875 1.343092580545062
876 1.3431626232348
877 1.343225529369475
878 1.343282556897775
879 1.343334524652037
880 1.343380060442765
881 1.343421364085503
882 1.343457655636372
883 1.34348964720783
884 1.343518632698374
885 1.343546241835552
886 1.343572996434567
887 1.34359807608782
888 1.343622261837862
889 1.343646572101674
890 1.343672042916711
891 1.343698591572497
892 1.343727188680176
893 1.34375795661861
894 1.343791869552526
895 1.343827908569443
896 1.343867415345848
897 1.343911167779737
898 1.343960812721222
899 1.344015106568584
900 1.344074930481686
901 1.344141070231396
902 1.34421345935201
903 1.344292846711156
904 1.344378979091616
905 1.344472524913851
906 1.344572469131542
907 1.34467956573357
908 1.344818296341523
909 1.344936825844434
910 1.345063010538674
911 1.34519730160185
912 1.345339178192907
913 1.345489159926845
914 1.345647652236877
915 1.345814283388974
916 1.345988956168297
917 1.346170653372917
918 1.346360232647344
919 1.346556036060297
920 1.34675807599116
921 1.346967303285296
922 1.347184595718282
923 1.347409773485092
924 1.34764055040249
925 1.347877489826437
926 1.348119931728391
927 1.348367861439431
928 1.348621530255923
929 1.348910518865121
930 1.349169538906051
931 1.34943263102694
932 1.349697524318555
933 1.349994120555129
934 1.350262535116573
935 1.350534511838843
936 1.350835488789796
937 1.351108223410364
938 1.351382543765885
939 1.351683744944904
940 1.351957346704606
941 1.352255872011748
942 1.352528872270835
943 1.352825014779234
944 1.353116381893234
945 1.353402671408191
946 1.353665137768279
947 1.353947240159412
948 1.354225422198007
949 1.354497909184982
950 1.35476518283261
951 1.355027527128716
952 1.35526788236183
953 1.35552309535746
954 1.355770908906364
955 1.356012901037123
956 1.35624980251469
957 1.356479309275172
958 1.356702962675971
959 1.356904837768974
960 1.357119889410571
961 1.357327264884155
962 1.357527594003334
963 1.357720031696493
964 1.357891540402637
965 1.358071773335708
966 1.358243982938394
967 1.358395316348488
968 1.358556062396517
969 1.35869394364962
970 1.358840036888196
971 1.358964384362719
972 1.359097738995052
973 1.359210120408988
974 1.359330735283501
975 1.359431369411049
976 1.359537857252584
977 1.359624354341875
978 1.35970475971789
979 1.359792739868012
980 1.359861503680379
981 1.359936118162058
982 1.359990228374578
983 1.360040487920145
984 1.360097663269189
985 1.360138890475559
986 1.360176800718459
987 1.360220108102205
988 1.360247386975066
989 1.360282952204871
990 1.360304046842525
991 1.360323147180592
992 1.360349555460065
993 1.360362969555018
994 1.360382828029691
995 1.360390902869251
996 1.360406574068665
997 1.360413217196684
998 1.360426785489046
999 1.360430563090947
1000 1.360443583179334
1001 1.360447863699631
1002 1.360462291816775
1003 1.360467980229732
1004 1.360484040768871
1005 1.360500635034963
1006 1.360510303897726
1007 1.360529258424553
1008 1.36055064608482
1009 1.360572889889851
1010 1.360598169312037
1011 1.36062554479752
1012 1.360656265889045
1013 1.360690172740957
1014 1.360727270639938
1015 1.360767888582124
1016 1.360812299846494
1017 1.360860408804111
1018 1.360912396582124
1019 1.360969793572161
1020 1.361028754063642
1021 1.361092997763219
1022 1.36116154823207
1023 1.361235965839121
1024 1.361314579365529
1025 1.361397601822844
1026 1.361485080308167
1027 1.361577019092978
1028 1.361672945763294
1029 1.361772710781086
1030 1.361877155087833
1031 1.361985069163738
1032 1.362096365437507
1033 1.362210443835351
1034 1.362327692624288
1035 1.362448687500087
1036 1.36257364731582
1037 1.362701715869812
1038 1.362832272409744
1039 1.362964736906511
1040 1.363098571506487
1041 1.363234260688541
1042 1.363371953338334
1043 1.363497113782175
1044 1.363638290694687
1045 1.363780909323219
1046 1.3639231743181
1047 1.364064458109841
1048 1.364206819183971
1049 1.364349036024732
1050 1.364490909186362
1051 1.364617105527503
1052 1.364758345432645
1053 1.364897867778273
1054 1.365036196564169
1055 1.365172750705064
1056 1.365306854083025
1057 1.365438794954361
1058 1.365555764102934
1059 1.365682904712282
1060 1.365806057613057
1061 1.365926597267135
1062 1.366044899848547
1063 1.366159067898712
1064 1.366269325790751
1065 1.366375101689077
1066 1.366477460873838
1067 1.366575446056739
1068 1.366670175963446
1069 1.36676112418107
1070 1.366847675939869
1071 1.366929161878708
1072 1.367006320857238
1073 1.367079450011729
1074 1.367148036282315
1075 1.367212392024902
1076 1.367272626229269
1077 1.367329386575515
1078 1.367382143995057
1079 1.367430866051485
1080 1.367475649605251
1081 1.367509347168191
1082 1.367548561255663
1083 1.367582813879444
1084 1.367613922515211
1085 1.367635865271119
1086 1.367662258894936
1087 1.367684466247771
1088 1.367694444939833
1089 1.367709026520535
1090 1.367721658809333
1091 1.367726449377714
1092 1.367736270063299
1093 1.367736606828513
1094 1.367741232749847
1095 1.367742928129002
1096 1.367735248812481
1097 1.367733205409683
1098 1.367724367220827
1099 1.367721939759558
1100 1.367711100342389
1101 1.36770635656905
1102 1.36769315448842
1103 1.367685512829442
1104 1.367670992337795
1105 1.367663539301782
1106 1.367650054216892
1107 1.367637323956103
1108 1.367630346491778
1109 1.367617361886925
1110 1.367605415066832
1111 1.367600492911955
1112 1.367589971021801
1113 1.367581462229041
1114 1.367581533201561
1115 1.367575097601233
1116 1.367571013763409
1117 1.367574514986175
1118 1.367571561167672
1119 1.367570978986652
1120 1.367578779212981
1121 1.367581849335628
1122 1.367586000509004
1123 1.367597419417676
1124 1.367603700091142
1125 1.36761305862857
1126 1.367632552946114
1127 1.367645624422157
1128 1.367660935961336
1129 1.367684721362494
1130 1.367702690974941
1131 1.367723714599789
1132 1.36775452045331
1133 1.367779335103668
1134 1.367805820102762
1135 1.367841242812514
1136 1.367870329260726
1137 1.367901686949137
1138 1.367942040390068
1139 1.367975697908218
1140 1.368011458815838
1141 1.368055404282771
1142 1.368091951826195
1143 1.368129626731954
1144 1.36817794952859
1145 1.368217502051928
1146 1.368259023284163
1147 1.36830998384839
1148 1.368352031198181
1149 1.368403108408149
1150 1.36844546598241
1151 1.368488131143516
1152 1.368538433174707
1153 1.368579905465708
1154 1.368629982026517
1155 1.368670800149005
1156 1.368718754782334
1157 1.368757422581327
1158 1.368795886780141
1159 1.368842979307144
1160 1.368879645571705
1161 1.368924216172877
1162 1.368958679644345
1163 1.368999695018111
1164 1.369032189471675
1165 1.369069434908502
1166 1.369097585330106
1167 1.369131104919854
1168 1.369156131977889
1169 1.369186170632038
1170 1.369206875731977
1171 1.369232559119418
1172 1.369249740472726
1173 1.369271900608473
1174 1.369284472705842
1175 1.36929591981525
1176 1.369312735948004
1177 1.369320440272683
1178 1.369332650894594
1179 1.369335234345638
1180 1.36933657372137
1181 1.36934232325536
1182 1.369340098299328
1183 1.369336522554076
1184 1.369335993937664
1185 1.369327569689114
1186 1.369316947478682
1187 1.369310608689638
1188 1.369297130929091
1189 1.369281732012989
1190 1.369268868349454
1191 1.369248998643437
1192 1.369228972093829
1193 1.36921193258617
1194 1.369188503603413
1195 1.369162931597348
1196 1.369137054353442
1197 1.36911377321732
1198 1.369085167196085
1199 1.369055794733577
1200 1.369025563225123
1201 1.368996941093407
1202 1.368964295025798
1203 1.368931122815922
1204 1.368898336624663
1205 1.368864668492287
1206 1.368831419114776
1207 1.368800916787827
1208 1.368765777675544
1209 1.368730409197977
1210 1.36869565260885
1211 1.36866147706769
1212 1.368627564960596
1213 1.368593456003335
1214 1.368559511926927
1215 1.368525845320901
1216 1.368492972322795
1217 1.368464438513531
1218 1.368431652100134
1219 1.368399912258464
1220 1.368369166899613
1221 1.36833910538244
1222 1.368309093648092
1223 1.368280104154209
1224 1.368251321680714
1225 1.368223008431214
1226 1.368196355617555
1227 1.36816981631292
1228 1.368144170349107
1229 1.368118921858855
1230 1.368095455842175
1231 1.368072934168335
1232 1.368051964668043
1233 1.368031398454528
1234 1.36801174898738
1235 1.36799178202312
1236 1.367972703684959
1237 1.36795475486718
1238 1.367937666219619
1239 1.367921050049619
1240 1.367904848817768
1241 1.36788974890565
1242 1.367874883575099
1243 1.367859590803553
1244 1.367845526998862
1245 1.36783253878251
1246 1.36781968623724
1247 1.367807192235753
1248 1.367795723993173
1249 1.367783755355155
1250 1.367771845091344
1251 1.367759769621828
1252 1.367748671487624
1253 1.367737693476204
1254 1.367727023483313
1255 1.367715807926681
1256 1.36770439835669
1257 1.367692986356314
1258 1.367682271432008
1259 1.367670065705281
1260 1.367657289107424
1261 1.367644484849606
1262 1.367631484753517
1263 1.367618191195015
1264 1.367604936330095
1265 1.36759076142176
1266 1.367576295281775
1267 1.36756146966685
1268 1.367545143981228
1269 1.367527606336624
1270 1.367508865207333
1271 1.367489340949632
1272 1.367470019957596
1273 1.367449359901688
1274 1.367427801483962
1275 1.367404379772967
1276 1.367380361323588
1277 1.367356114612486
1278 1.367330528537773
1279 1.367303856720068
1280 1.367275893258588
1281 1.367246588760072
1282 1.367217166553534
1283 1.36718622197581
1284 1.367153203038665
1285 1.367118550174926
1286 1.36708406486573
1287 1.367048584622121
1288 1.367012518562786
1289 1.366974473591081
1290 1.366935319968198
1291 1.366894578118109
1292 1.366852254751958
1293 1.366809044708713
1294 1.366764933552044
1295 1.366719340691925
1296 1.366673188538411
1297 1.366625941751364
1298 1.366577475168826
1299 1.366528330204138
1300 1.366478163925135
1301 1.366427604385296
1302 1.366376244886692
1303 1.366323979549662
1304 1.366271045081572
1305 1.366217289281633
1306 1.366162820157264
1307 1.366107293598492
1308 1.366050881771308
1309 1.365994752684808
1310 1.36593787853236
1311 1.365879928722336
1312 1.365822172860601
1313 1.365764542174795
1314 1.365706394888647
1315 1.365647734392947
1316 1.365587779369166
1317 1.36552826459196
1318 1.365469708038183
1319 1.365409892487624
1320 1.36534999841426
1321 1.365289986800334
1322 1.365229896040308
1323 1.365169628395611
1324 1.365109387261186
1325 1.365049106424032
1326 1.364988956473634
1327 1.364929376480984
1328 1.364869491032637
1329 1.364809367794411
1330 1.364749356973312
1331 1.364689096436937
1332 1.364630399903426
1333 1.364571877410705
1334 1.364512843556817
1335 1.364453833482903
1336 1.364394466445999
1337 1.364335615964999
1338 1.364278169062093
1339 1.364221372102317
1340 1.364165195575236
1341 1.364108697420348
1342 1.364053049673995
1343 1.363998214303984
1344 1.363944399856182
1345 1.363892131032581
1346 1.363840098192132
1347 1.363788824944628
1348 1.363737414190353
1349 1.363686354377726
1350 1.363635641370583
1351 1.363585849670059
1352 1.363536351239122
1353 1.363485538368609
1354 1.363434547250051
1355 1.363384144517614
1356 1.363334637283929
1357 1.363285810596945
1358 1.363237846683922
1359 1.363188758114361
1360 1.363140250597646
1361 1.363090869417005
1362 1.363041085751103
1363 1.362990659070288
1364 1.362939662585919
1365 1.362889003492256
1366 1.36283919451649
1367 1.362789103004416
1368 1.362737887152831
1369 1.362685436103058
1370 1.362633047268633
1371 1.36258002987196
1372 1.362526262790137
1373 1.362470993196607
1374 1.362415842842021
1375 1.362359797551904
1376 1.362303574203473
1377 1.362246945038175
1378 1.362189937512173
1379 1.362130400626354
1380 1.362071038459424
1381 1.362010800964035
1382 1.361950021321993
1383 1.361886490089976
1384 1.361823681271397
1385 1.361760606650236
1386 1.361696180524451
1387 1.361631309897025
1388 1.361566864350595
1389 1.361500595273018
1390 1.361433908735456
1391 1.361365817718498
1392 1.361294625558337
1393 1.361224948595113
1394 1.361155425865196
1395 1.361084754594096
1396 1.361015088202958
1397 1.360943639385118
1398 1.360872846232102
1399 1.360801943142403
1400 1.360731688281684
1401 1.360660448804049
1402 1.360587506397366
1403 1.360515440047649
1404 1.360442349525092
1405 1.360370304474805
1406 1.360297112749651
1407 1.360223865232578
1408 1.360150032206526
1409 1.360076930783883
1410 1.360003331125169
1411 1.359930704852723
1412 1.35985653899937
1413 1.359783856355588
1414 1.359710166113555
1415 1.359636370154469
1416 1.359562459846875
1417 1.359488609297749
1418 1.35941450098793
1419 1.359340195363801
1420 1.359265715237531
1421 1.359192175187876
1422 1.359118063549571
1423 1.359044413313152
1424 1.358970402108175
1425 1.358896155981983
1426 1.358822102914426
1427 1.358748177209462
1428 1.358673398781629
1429 1.358598811757827
1430 1.35852505397568
1431 1.358450055415755
1432 1.358375700253389
1433 1.358300216737402
1434 1.358224859786433
1435 1.358149533033355
1436 1.358074676276952
1437 1.358000149304721
1438 1.357925338360906
1439 1.357850110486701
1440 1.357775176060732
1441 1.35769993686786
1442 1.357624839069819
1443 1.357549575045898
1444 1.357474244259682
1445 1.357398312295364
1446 1.357321921758757
1447 1.357245873995171
1448 1.357168909020746
1449 1.357091938227242
1450 1.357015553327376
1451 1.356939487319803
1452 1.356862505308389
1453 1.356785384097362
1454 1.356707114255696
1455 1.356628888480681
1456 1.356550727650014
1457 1.356472182726859
1458 1.356393896498652
1459 1.35631489085944
1460 1.356235446722713
1461 1.356155540437453
1462 1.35607535349946
1463 1.355994132855003
1464 1.35591294204106
1465 1.355832004932588
1466 1.355750937313824
1467 1.355669947406417
1468 1.355588865289228
1469 1.355507369440133
1470 1.355425444648327
1471 1.355343123406423
1472 1.355260355973879
1473 1.355177992170215
1474 1.355095046711689
1475 1.355011736582506
1476 1.354928426506727
1477 1.354844086254272
1478 1.354759770371579
1479 1.354675737383747
1480 1.354591485319403
1481 1.354507574068245
1482 1.354424819544503
1483 1.35434116025618
1484 1.354257306527855
1485 1.354173345540607
1486 1.354089628235551
1487 1.354007258347262
1488 1.353924146649552
1489 1.353839979054365
1490 1.353755343478773
1491 1.353670270342029
1492 1.353585491719263
1493 1.353501374516598
1494 1.353417342132724
1495 1.353333285001166
1496 1.353248904172701
1497 1.353164769266576
1498 1.353080752162014
1499 1.35299651492507
1500 1.352912037968712
1501 1.352827286518682
1502 1.352742374164865
1503 1.35265700406336
1504 1.352571509656198
1505 1.352486134994499
1506 1.352401750194866
1507 1.352316803733991
1508 1.352231954990892
1509 1.352146945569011
1510 1.352061590554328
1511 1.351976536638068
1512 1.351890259538933
1513 1.351804052930187
1514 1.35171770263357
1515 1.351630741711048
1516 1.351544389173103
1517 1.351459213830674
1518 1.351374041800684
1519 1.351288674237607
1520 1.351203283915104
1521 1.351116704308716
1522 1.351030707977725
1523 1.350943838033031
1524 1.350857469984896
1525 1.350770894040068
1526 1.350684509828018
1527 1.350597621506485
1528 1.350510822771324
1529 1.350424444430181
1530 1.350338341818519
1531 1.350251679695661
1532 1.350165799401796
1533 1.350079009604695
1534 1.3499918951748
1535 1.349904398233354
1536 1.349816108855504
1537 1.349728038337
1538 1.349640275520878
1539 1.349553251414719
1540 1.349467020761856
1541 1.349379837548202
1542 1.349292322202864
1543 1.349204185194039
1544 1.349116466843104
1545 1.349027358412357
1546 1.348938794198507
1547 1.348850753210126
1548 1.348763028366366
1549 1.348675950761181
1550 1.348588390075347
1551 1.348501035634065
1552 1.348413354903078
1553 1.348326198742906
1554 1.348239325341168
1555 1.348150449861421
1556 1.348061630967751
1557 1.347972580926168
1558 1.347883172237279
1559 1.347794863344039
1560 1.347705747233289
1561 1.34761684930593
1562 1.347527590308056
1563 1.347438961538891
1564 1.347349832344115
1565 1.347261202808383
1566 1.347172158805473
1567 1.347083501550301
1568 1.346995662993836
1569 1.346907346736548
1570 1.346818757441267
1571 1.346729770133462
1572 1.346639961350156
1573 1.346550245313529
1574 1.346459911637716
1575 1.346368770996021
1576 1.346277562973586
1577 1.346186980976179
1578 1.346096592441681
1579 1.346006829810309
1580 1.345917119340056
1581 1.345828047897094
1582 1.345738840159899
1583 1.345649341605352
1584 1.345559282535954
1585 1.345468946804719
1586 1.34537766270126
1587 1.345285992504458
1588 1.345193961636212
1589 1.34510236873292
1590 1.345010865031791
1591 1.344919946729923
1592 1.344829028574545
1593 1.344738183132143
1594 1.344647110534275
1595 1.344556574198785
1596 1.344465965796654
1597 1.344376941488656
1598 1.344285252780377
1599 1.344193115575199
1600 1.344100880237313
1601 1.344009705807389
1602 1.34391792601943
1603 1.343826983509439
1604 1.343737085130919
1605 1.343645865413009
1606 1.343553914815817
1607 1.343463096793061
1608 1.343370488895004
1609 1.3432775721629
1610 1.343184913398408
1611 1.343090904223443
1612 1.342996796487282
1613 1.34290283601911
1614 1.342809482030495
1615 1.342716433267021
1616 1.342623622537709
1617 1.342531187365589
1618 1.342437457437343
1619 1.342343726143451
1620 1.342249540860337
1621 1.342155329337797
1622 1.342060872952556
1623 1.341966783149522
1624 1.341871790410066
1625 1.341776966671342
1626 1.341681904677121
1627 1.341587118215692
1628 1.3414922633791
1629 1.3413984639405
1630 1.341304127439846
1631 1.341209532147971
1632 1.341118835749658
1633 1.34102319181821
1634 1.340927115642858
1635 1.340832054696966
1636 1.340737621237614
1637 1.340648540151259
1638 1.340552404915216
1639 1.340457408601447
1640 1.340362131065208
1641 1.340273205915874
1642 1.340178090745594
1643 1.34008356350305
1644 1.339992481570756
1645 1.339897880026063
1646 1.339803331587009
1647 1.339714943354372
1648 1.339619694647649
1649 1.339524689529313
1650 1.339434954194185
1651 1.339339965613534
1652 1.33924577299477
1653 1.339157536445666
1654 1.339063308019176
1655 1.338970049552401
1656 1.338880843254358
1657 1.338787044219763
1658 1.338697981756885
1659 1.33860280210185
1660 1.3385075312377
1661 1.338417628552608
1662 1.338322379643773
1663 1.338232978680445
1664 1.338138404233469
1665 1.338044597937988
1666 1.337954498371729
1667 1.337859794090851
1668 1.337765281148259
1669 1.337672147340539
1670 1.337577956845441
1671 1.337484317806649
1672 1.337390624083537
1673 1.337296935785601
1674 1.33720331611773
1675 1.33711010449581
1676 1.337016928774103
1677 1.336924168977877
1678 1.336831159950336
1679 1.33673809573614
1680 1.33664477799421
1681 1.336551913421249
1682 1.336458225325865
1683 1.336364656854343
1684 1.336270720417931
1685 1.336176525496612
1686 1.336081775799229
1687 1.335987909600578
1688 1.335893115655566
1689 1.335798260423048
1690 1.335703467102353
1691 1.335609487915991
1692 1.33551496037596
1693 1.335421213714832
1694 1.335326418077151
1695 1.335231943484434
1696 1.335137420564156
1697 1.33504262878235
1698 1.334947463590245
1699 1.334852518669932
1700 1.334757209609747
1701 1.334661327992525
1702 1.334565457265229
1703 1.334474826615692
1704 1.334379070573886
1705 1.334283338566269
1706 1.334192572985334
1707 1.334096585575858
1708 1.3340005667707
1709 1.333910069089234
1710 1.333812789291863
1711 1.333721335362956
1712 1.333623247042807
1713 1.333525373403434
1714 1.333433237666759
1715 1.333335289471268
1716 1.333243162916285
1717 1.333145113076674
1718 1.333052317008201
1719 1.332954484962504
1720 1.332861833574368
1721 1.332762993669539
1722 1.332670448724062
1723 1.332571557356538
1724 1.33247831759802
1725 1.332380221396909
1726 1.332287592569948
1727 1.332195278992389
1728 1.332096902199288
1729 1.332005101812731
1730 1.331907500675655
1731 1.331816355094496
1732 1.331718523942752
1733 1.331626995995149
1734 1.331529034336589
1735 1.331437769684498
1736 1.331346384825848
1737 1.3312485389831
1738 1.331156971811573
1739 1.331060234402244
1740 1.330969056082332
1741 1.33087261443703
1742 1.330782545993849
1743 1.330686583545795
1744 1.330597609180025
1745 1.330502416919546
1746 1.330412869207784
1747 1.330317275730353
1748 1.330227769077776
1749 1.330132567906518
1750 1.330043698554955
1751 1.329949310132248
1752 1.329860668701649
1753 1.329767908988766
1754 1.329680951654667
1755 1.329588055089606
1756 1.329501019805766
1757 1.329407880586131
1758 1.329320747503647
1759 1.329225687700607
1760 1.329137039150863
1761 1.329042064048064
1762 1.328954398966554
1763 1.328860558176807
1764 1.328772806152698
1765 1.32868044672283
1766 1.328593824585564
1767 1.328500669992134
1768 1.328413866540041
1769 1.328319823356277
1770 1.328232582865111
1771 1.32813888354951
1772 1.328051369135979
1773 1.327957369749205
1774 1.327870237981294
1775 1.327776116919972
1776 1.32768767802202
1777 1.327593743754806
1778 1.327506233832302
1779 1.32741183319129
1780 1.327323016711492
1781 1.327228435005983
1782 1.32714059417213
1783 1.327046639474039
1784 1.326952781270614
1785 1.326864312121544
1786 1.326769722520365
1787 1.326680905010546
1788 1.326587008899688
1789 1.326499490333652
1790 1.326406554574355
1791 1.326318142623685
1792 1.32622345522494
1793 1.326134339171547
1794 1.326038840825807
1795 1.325950219308117
1796 1.325855657889469
1797 1.325767356046603
1798 1.325672716202994
1799 1.325584900899349
1800 1.325490498670489
1801 1.325402265279821
1802 1.325307208205966
1803 1.325218517925525
1804 1.325123162671343
1805 1.325034669767567
1806 1.324939722273396
1807 1.324851012761647
1808 1.324756639598416
1809 1.324668745048578
1810 1.324575131984923
1811 1.324486993488817
1812 1.324393041762937
1813 1.324305275719353
1814 1.324212001221028
1815 1.324124873781616
1816 1.324031607878915
1817 1.323944803704916
1818 1.323852340713763
1819 1.323765626528028
1820 1.323673006759742
1821 1.323586831579314
1822 1.323493714212399
1823 1.323401636146186
1824 1.323315815965595
1825 1.323224144191823
1826 1.323133144122189
1827 1.323041984744483
1828 1.322951238071795
1829 1.322860687898462
1830 1.322770838190159
1831 1.32268203697684
1832 1.322594964613777
1833 1.322507583079137
1834 1.322425280227936
1835 1.322337832471997
1836 1.32224898340052
1837 1.322160206395622
1838 1.32207226657051
1839 1.321984114877695
1840 1.321896008658214
1841 1.321808494552504
1842 1.321721332646746
1843 1.321639042155363
1844 1.321551561764871
1845 1.321463630501327
1846 1.321376258942915
1847 1.321288791603878
1848 1.321201516128187
1849 1.321114445127785
1850 1.32102727286135
1851 1.320940761326241
1852 1.320855145093336
1853 1.320770413445423
1854 1.320684904659175
1855 1.320598948738854
1856 1.320513277550915
1857 1.32042692145452
1858 1.320340139459207
1859 1.320253451634605
1860 1.320165772005182
1861 1.320077945935638
1862 1.319990847154363
1863 1.319904999852363
1864 1.31981925023942
1865 1.319734061366735
1866 1.319648471554747
1867 1.319562830066571
1868 1.3194769163189
1869 1.319391083640787
1870 1.31930505011713
1871 1.319218775513931
1872 1.319133006935189
1873 1.319046883601548
1874 1.318959924260906
1875 1.318873910373364
1876 1.31878767289572
1877 1.318700758323901
1878 1.31861405638961
1879 1.318527338081438
1880 1.3184406331421
1881 1.318353863172918
1882 1.318266339455469
1883 1.318179521421874
1884 1.318092735309664
1885 1.318006394846167
1886 1.317920062754553
1887 1.317833917879661
1888 1.317746872839789
1889 1.317660552040969
1890 1.317574840414552
1891 1.317489286536563
1892 1.317403833421565
1893 1.317317972763129
1894 1.317231834805611
1895 1.317145679384599
1896 1.317059678705731
1897 1.316973306045876
1898 1.316887328999528
1899 1.316802334597948
1900 1.316717395045202
1901 1.316633076958207
1902 1.316548488966305
1903 1.316463576026437
1904 1.316378820930744
1905 1.316293281415395
1906 1.316207960320128
1907 1.316123200675611
1908 1.316039318050817
1909 1.315955326902897
1910 1.315870277329395
1911 1.315785315532845
1912 1.31570058521938
1913 1.315616926069643
1914 1.315534179324619
1915 1.315451425557273
1916 1.315367796809192
1917 1.315283425437395
1918 1.315199912480106
1919 1.315116353083069
1920 1.315031970847808
1921 1.314947278837547
1922 1.314863759012952
1923 1.314780477052604
1924 1.314696515718316
1925 1.314613299410026
1926 1.314528978221317
1927 1.314444360792302
1928 1.314359946820753
1929 1.314276399753295
1930 1.314193310303852
1931 1.314110464323302
1932 1.314026692193538
1933 1.313942784068392
1934 1.313859087048236
1935 1.313775919371926
1936 1.313693743548692
1937 1.313611623660565
1938 1.31352926107942
1939 1.313445789158037
1940 1.313363868614916
1941 1.313281224415023
1942 1.313198193415288
1943 1.313116193758142
1944 1.313034346014584
1945 1.312952041157468
1946 1.312870694578903
1947 1.312789233296074
1948 1.312709103801884
1949 1.312626319211045
1950 1.312544187042956
1951 1.312462965830559
1952 1.312381165266762
1953 1.312298618135173
1954 1.312216094285291
1955 1.312133501056471
1956 1.312052709166172
1957 1.311972042069579
1958 1.311892612779411
1959 1.31181308570068
1960 1.311733014380803
1961 1.31165197187574
1962 1.311571084981885
1963 1.311490256238634
1964 1.311408828385145
1965 1.311327865207424
1966 1.311246664595133
1967 1.311164447527374
1968 1.311084425412328
1969 1.311003442668043
1970 1.310921468299308
1971 1.310839767923318
1972 1.310758647949699
1973 1.310677566541533
1974 1.310596603921876
1975 1.310515976400104
1976 1.310435683823077
1977 1.310355781268962
1978 1.31027550353823
1979 1.310195582075359
1980 1.310115675393718
1981 1.310035597998888
1982 1.309956378039459
1983 1.309874541172287
1984 1.309793248250827
1985 1.309712812407232
1986 1.309631668168507
1987 1.309551274742111
1988 1.309471903283433
1989 1.309392222421677
1990 1.309313276018761
1991 1.309234277175901
1992 1.309155573294945
1993 1.309076202524128
1994 1.30899746122404
1995 1.308918074127055
1996 1.308838287611442
1997 1.308759117460089
1998 1.308680611564555
1999 1.308600982040487
2000 1.308521133544489
2001 1.308443725245545
2002 1.308365009231855
2003 1.308286182296916
2004 1.308207653552174
2005 1.308128152042898
2006 1.308050432289641
2007 1.307972684246882
2008 1.307894626193439
2009 1.307816837927515
2010 1.307739167165711
2011 1.307660736418136
2012 1.307582502055176
2013 1.307504685325715
2014 1.307425291291462
2015 1.307346373128294
2016 1.307266420121501
2017 1.30718764232308
2018 1.307109010711444
2019 1.307032162094341
2020 1.306954378323405
2021 1.306876284684339
2022 1.306797319102783
2023 1.306717555497483
2024 1.306638913274724
2025 1.306560290448874
2026 1.306482449686235
2027 1.306403943403192
2028 1.306325587061845
2029 1.30624608687923
2030 1.306167919292464
2031 1.306088050421125
2032 1.306009518730681
2033 1.305929777878202
2034 1.305851383579473
2035 1.305772154675255
2036 1.305692746240841
2037 1.305612521005303
2038 1.305534362548848
2039 1.305454735330869
2040 1.305376129288418
2041 1.305296954525601
2042 1.305218350397324
2043 1.305138912700443
2044 1.305061582423312
2045 1.304982646212719
2046 1.304904528916812
2047 1.304825532869631
2048 1.304746816132513
2049 1.304667580782134
2050 1.304589345978737
2051 1.304511144074579
2052 1.304431839546462
2053 1.30435201692988
2054 1.304273434104951
2055 1.304194547060663
2056 1.304117296170082
2057 1.304038456532608
2058 1.303960747375952
2059 1.303882570446102
2060 1.303804690420744
2061 1.303725596524242
2062 1.303647854730575
2063 1.303569333148112
2064 1.303492008065186
2065 1.30341335453191
2066 1.303335929812858
2067 1.303258272202407
2068 1.303181749631488
2069 1.303103008749426
2070 1.303025650565138
2071 1.302948593328648
2072 1.302871433389951
2073 1.302793458285361
2074 1.302716349795971
2075 1.302639000235646
2076 1.302562790430474
2077 1.302486372778652
2078 1.30241038138941
2079 1.302332948374037
2080 1.30225595397502
2081 1.302179192208337
2082 1.302103062212691
2083 1.302026365910079
2084 1.301949134099942
2085 1.301871471654395
2086 1.30179482629379
2087 1.301717474603175
2088 1.301642134724174
2089 1.301565266360126
2090 1.301489253636761
2091 1.301412236421893
2092 1.301334949979764
2093 1.301256992369057
2094 1.301180021524855
2095 1.30110366648409
2096 1.301027009521959
2097 1.300949677585882
2098 1.300873330101652
2099 1.300796674194469
2100 1.300720248663636
2101 1.300643123801618
2102 1.300564699343919
2103 1.300486168832192
2104 1.300409812632174
2105 1.300332632077605
2106 1.300255881916617
2107 1.300177283626162
2108 1.300099742834877
2109 1.300021661506635
2110 1.299945429627064
2111 1.299867229062107
2112 1.2997900937421
2113 1.299712392315352
2114 1.299636368820347
2115 1.299559246547629
2116 1.299482713252471
2117 1.29940361823684
2118 1.299325851929328
2119 1.299249004529113
2120 1.299172706823172
2121 1.29909474636393
2122 1.299016390240494
2123 1.298938026472788
2124 1.298860924658344
2125 1.29878337809001
2126 1.298706461879963
2127 1.298628929617554
2128 1.298552000608757
2129 1.298478874216158
2130 1.29840129535195
2131 1.298323269161439
2132 1.298244439573018
2133 1.298164684770261
2134 1.298086772456776
2135 1.298013510886488
2136 1.297934615324412
2137 1.297855324790894
2138 1.297777266447265
2139 1.297698568470352
2140 1.29762214880028
2141 1.29754421417568
2142 1.297466676480275
2143 1.297388260500747
2144 1.297310885930305
2145 1.297232747452864
2146 1.29715499971536
2147 1.297077260264267
2148 1.296999013066601
2149 1.296919846145936
2150 1.296842734831827
2151 1.296765308795743
2152 1.296688395855939
2153 1.296610447607584
2154 1.296532804301754
2155 1.296455049528244
2156 1.296376533167462
2157 1.296296830894693
2158 1.296218514015279
2159 1.296139298357098
2160 1.296061051327142
2161 1.295982341291046
2162 1.295903858064954
2163 1.295825079177127
2164 1.295748109298538
2165 1.295668074100858
2166 1.29558887868874
2167 1.295509852784867
2168 1.295432795800865
2169 1.2953530660286
2170 1.295274468376532
2171 1.295195417991509
2172 1.295117277209741
2173 1.295038884983281
2174 1.294960944126116
2175 1.294883190399218
2176 1.294805104816438
2177 1.294726058433778
2178 1.29464834585007
2179 1.294570043833645
2180 1.294491343631032
2181 1.294411531833954
2182 1.294334437571799
2183 1.294254853981048
2184 1.294175937965719
2185 1.294096962159416
2186 1.294019418491752
2187 1.293941052459457
2188 1.293863381694144
2189 1.293784293862595
2190 1.293705521007424
2191 1.29362579357555
2192 1.293546965299174
2193 1.293467462721535
2194 1.293388667332961
2195 1.293308134467268
2196 1.293228536228516
2197 1.293149454481277
2198 1.293070249633395
2199 1.29298924414293
2200 1.292909689064123
2201 1.292828803666742
2202 1.292749461154441
2203 1.292669498826467
2204 1.29259009981839
2205 1.292510212632794
2206 1.292430846620853
2207 1.292350741116246
2208 1.292271496040168
2209 1.292191203432356
2210 1.292110716917639
2211 1.292029894323264
2212 1.291950856196404
2213 1.291869613652182
2214 1.291788981643981
2215 1.291708022113558
2216 1.291628599358187
2217 1.291548072464183
2218 1.291468614951732
2219 1.291388168374383
2220 1.291308388325821
2221 1.291227861617519
2222 1.291148152044747
2223 1.291068031347533
2224 1.290988471966474
2225 1.290907111964778
2226 1.290826282261845
2227 1.2907457794296
2228 1.290666226272655
2229 1.290584572219538
2230 1.290503160432339
2231 1.290421622241949
2232 1.290341399537061
2233 1.29026032347615
2234 1.290180174313384
2235 1.290100256670112
2236 1.290020789660141
2237 1.289940241060792
2238 1.289860597920328
2239 1.289779671257765
2240 1.289698847450763
2241 1.289616751348832
2242 1.289537221948765
2243 1.289456147477329
2244 1.289374698237811
2245 1.289293326151595
2246 1.289212415212112
2247 1.289131118427776
2248 1.289050521568579
2249 1.288969423653699
2250 1.28888898807937
2251 1.288807703937701
2252 1.288726839842512
2253 1.288644556368688
2254 1.288562341492414
2255 1.288479496873734
2256 1.288397791698085
2257 1.288316558171217
2258 1.288235349914381
2259 1.28815328161238
2260 1.288071714542102
2261 1.287988403196666
2262 1.287906626073387
2263 1.287824675599508
2264 1.287743614810792
2265 1.287661381243455
2266 1.287579802813677
2267 1.287497563622951
2268 1.287416440704298
2269 1.28733456356083
2270 1.287252149932611
2271 1.287168879564228
2272 1.287087007632342
2273 1.287005039155354
2274 1.286923444492675
2275 1.286841524997928
2276 1.286760134402315
2277 1.286678045996553
2278 1.286596402769388
2279 1.286514429653097
2280 1.286432845173303
2281 1.286350449965245
2282 1.286269207023948
2283 1.286187857643705
2284 1.286105865029972
2285 1.286023293977115
2286 1.285941462750264
2287 1.285859797165458
2288 1.285778943808294
2289 1.285697211725789
2290 1.285616413885967
2291 1.285534154194667
2292 1.285452927728306
2293 1.285370746488689
2294 1.285288684962338
2295 1.285206805891806
2296 1.285125175702628
2297 1.28504232443966
2298 1.284960872550703
2299 1.28487827562705
2300 1.28479692470448
2301 1.284714953238859
2302 1.284634661685027
2303 1.284552653078747
2304 1.284470784035747
2305 1.28438847739374
2306 1.284307191256935
2307 1.284225540067443
2308 1.284143344308661
2309 1.284060506126743
2310 1.283977880548282
2311 1.283896224614148
2312 1.28381434650685
2313 1.283732979239599
2314 1.283651584886053
2315 1.283569975727156
2316 1.283488662221872
2317 1.283406214403757
2318 1.283324422853579
2319 1.28324236459795
2320 1.283159167764011
2321 1.283076717164164
2322 1.282994302730667
2323 1.28291226087072
2324 1.282829754574255
2325 1.282748452035233
2326 1.282666072350995
2327 1.282585039476387
2328 1.282503092866189
2329 1.282421381673653
2330 1.282339969460874
2331 1.282258267025398
2332 1.282175349121905
2333 1.282092613626
2334 1.282010129088191
2335 1.281929624472492
2336 1.281848048311088
2337 1.281766926797902
2338 1.281685924712947
2339 1.281604952398164
2340 1.281524497744772
2341 1.281443230493031
2342 1.281362094699551
2343 1.281281313016948
2344 1.281200592049702
2345 1.281118982114912
2346 1.281037307683119
2347 1.280956326109549
2348 1.280875291353419
2349 1.280794745981281
2350 1.280714457943158
2351 1.280634234558648
2352 1.280554250884819
2353 1.280473701872628
2354 1.28039358930191
2355 1.280313701523459
2356 1.280234276936737
2357 1.280153650991326
2358 1.280072257390045
2359 1.279991731602744
2360 1.279911051287757
2361 1.279830991428281
2362 1.279750805356732
2363 1.279671347192543
2364 1.279591893950995
2365 1.279512485714953
2366 1.279432879632863
2367 1.279353264311287
2368 1.27927400803622
2369 1.27919342049255
2370 1.279112702089273
2371 1.279032057006192
2372 1.27895280735587
2373 1.278873531883351
2374 1.278793784065185
2375 1.278714849985037
2376 1.278635987219932
2377 1.278556646672499
2378 1.278476795837207
2379 1.27839724033075
2380 1.278318262649805
2381 1.278240119572351
2382 1.278159628815508
2383 1.278079152044201
2384 1.277999214086923
2385 1.277920202863297
2386 1.277841269456804
2387 1.277761947868308
2388 1.277682603807192
2389 1.277603178626791
2390 1.277524072647675
2391 1.277445852230567
2392 1.277366416361972
2393 1.277287141634215
2394 1.277206122341416
2395 1.277125575865534
2396 1.277046211014679
2397 1.276968329960196
2398 1.276889139865718
2399 1.276810101904144
2400 1.276731051067762
2401 1.276653037990145
2402 1.27657260786301
2403 1.276491812566758
2404 1.276411613011398
2405 1.276332356437077
2406 1.276254439253362
2407 1.276175029262395
2408 1.276096594542846
2409 1.276016773059161
2410 1.275937791260814
2411 1.275859749932066
2412 1.275782225392807
2413 1.275703991220512
2414 1.275626785911803
2415 1.275546447187366
2416 1.275466167647452
2417 1.275386869502478
2418 1.275308301975765
2419 1.275230064111612
2420 1.275151942536447
2421 1.275073594290921
2422 1.274995429830889
2423 1.274918205498368
2424 1.274840435949058
2425 1.274762722875554
2426 1.274684149482279
2427 1.274605064112794
2428 1.274527309525373
2429 1.274450951282034
2430 1.274372935613531
2431 1.274295960008745
2432 1.274218243626283
2433 1.274140853951622
2434 1.274064024572096
2435 1.273988658723714
2436 1.273913230410336
2437 1.273837052820143
2438 1.273761221254907
2439 1.27368472722681
2440 1.273608526729013
2441 1.273533496648985
2442 1.273458551241769
2443 1.27338558535956
2444 1.273308525098438
2445 1.27323174441719
2446 1.273155610794005
2447 1.273081693566478
2448 1.273007875662482
2449 1.272934428895132
2450 1.272861141846172
2451 1.272787666709801
2452 1.272714836080153
2453 1.272642110969235
2454 1.27256859119747
2455 1.272494789387275
2456 1.272421753928545
2457 1.272348524844402
2458 1.272275676589158
2459 1.272202543149072
2460 1.272129971541109
2461 1.272057772549671
2462 1.271986590200557
2463 1.271916008765798
2464 1.271846819949442
2465 1.271775395113919
2466 1.27170389538534
2467 1.271632330582589
2468 1.271561767201207
2469 1.271490444584469
2470 1.27141953724768
2471 1.271348833130599
2472 1.271278891357354
2473 1.271208990073347
2474 1.271139219935999
2475 1.27106917245678
2476 1.270998813030657
2477 1.270928435534453
2478 1.270858864137848
2479 1.270790240048625
2480 1.2707206367377
2481 1.270651698109601
2482 1.270581283848536
2483 1.270511171763867
2484 1.270442082297542
2485 1.270373683568211
2486 1.270305667702031
2487 1.270238641220227
2488 1.270170904770578
2489 1.270103144665823
2490 1.270035238723978
2491 1.269967774393715
2492 1.269901380458632
2493 1.269831935746113
2494 1.26976264267735
2495 1.269694857284474
2496 1.26962902013848
2497 1.269563323159812
2498 1.269496727652583
2499 1.269430843864926
2500 1.26936544629236
2501 1.269300205978462
2502 1.269235428069033
2503 1.26917104490631
2504 1.269106220498965
2505 1.269040766375374
2506 1.268975534955275
2507 1.268911419201189
2508 1.268847547321404
2509 1.26878367550452
2510 1.268719917238787
2511 1.268656221951725
2512 1.268593705756565
2513 1.268532023130997
2514 1.268470355313356
2515 1.268408849571196
2516 1.268348178320972
2517 1.268286030333026
2518 1.268223717469122
2519 1.268162285617464
2520 1.26810104828883
2521 1.268038897986623
2522 1.267977736310061
2523 1.267918816458862
2524 1.267859375181035
2525 1.267800214921428
2526 1.267742058563077
2527 1.26768381092484
2528 1.267625537110217
2529 1.267568382138927
2530 1.267511186422147
2531 1.267453729809738
2532 1.267395470616731
2533 1.267337477445254
2534 1.267281134960636
2535 1.267224818069254
2536 1.267169699010737
2537 1.267113911772394
2538 1.267058247098819
2539 1.267003049591389
2540 1.266949046761288
2541 1.26689442129976
2542 1.266839369352378
2543 1.266785185476935
2544 1.266732145023586
2545 1.266678726299059
2546 1.266625957407911
2547 1.266572991538006
2548 1.266520184257622
2549 1.266467968524792
2550 1.266415703564192
2551 1.26636472298871
2552 1.26631380320569
2553 1.266262833835485
2554 1.266211568805165
2555 1.266160450476507
2556 1.266110496179871
2557 1.266061169228298
2558 1.26601204962094
2559 1.265962734189055
2560 1.26591330036043
2561 1.265864362182708
2562 1.265816108747551
2563 1.265768341485686
2564 1.265722049130043
2565 1.265674245002779
2566 1.265625290739375
2567 1.26557640380114
2568 1.265528681489704
2569 1.265482863261275
2570 1.26543706359514
2571 1.265392190059844
2572 1.265348055599582
2573 1.265304535313627
2574 1.265260958969285
2575 1.265217476963989
2576 1.265174192863182
2577 1.26512909070177
2578 1.265083471966835
2579 1.26503926713406
2580 1.264998355390504
2581 1.264955202622772
2582 1.264912336824142
2583 1.264870319106955
2584 1.264828858657581
2585 1.264788009056343
2586 1.264748211264183
2587 1.264708290217121
2588 1.264668052413333
2589 1.264627669551293
2590 1.264588688695723
2591 1.264548177945991
2592 1.264508213794564
2593 1.264468519486093
2594 1.26442978537015
2595 1.264391233157465
2596 1.264352967455182
2597 1.264315250303553
2598 1.264278241601215
2599 1.264241533779545
2600 1.264205148566705
2601 1.26416879435019
2602 1.264132063796447
2603 1.264095199116956
2604 1.264058760886326
2605 1.264022310444508
2606 1.263986655924902
2607 1.263950752401152
2608 1.263915493989426
2609 1.263879405096354
2610 1.263844833171775
2611 1.2638116658715
2612 1.263778911517883
2613 1.263745825518849
2614 1.263714121049777
2615 1.263678644292978
2616 1.263643746919174
2617 1.263610366684674
2618 1.263578172189891
2619 1.263547248286473
2620 1.263515971665454
2621 1.26348562569268
2622 1.263454779913009
2623 1.263423861559708
2624 1.263392905983034
2625 1.26336239285635
2626 1.263330789765008
2627 1.263298826848347
2628 1.263267439506918
2629 1.263237900226391
2630 1.263210011538013
2631 1.263182532845116
2632 1.263154040134659
2633 1.263125037083664
2634 1.263096999515164
2635 1.263069753680008
2636 1.263042774453515
2637 1.263015067781331
2638 1.262988538692608
2639 1.262962403490779
2640 1.262935856269451
2641 1.26290904935812
2642 1.262883838717565
2643 1.262859648429125
2644 1.262834153726837
2645 1.262808019617789
2646 1.262783295021849
2647 1.262759133959989
2648 1.262735733072898
2649 1.262712793366738
2650 1.262690923240914
2651 1.26266874173139
2652 1.26264555982178
2653 1.262621929245588
2654 1.26260019592064
2655 1.262578363356498
2656 1.26255792021588
2657 1.262537305399228
2658 1.26251746666256
2659 1.262497845051025
2660 1.262478124887768
2661 1.262458294291424
2662 1.262438959310934
2663 1.262419839911071
2664 1.262399283428063
2665 1.26237919714033
2666 1.262361321677599
2667 1.262343490001584
2668 1.26232658161789
2669 1.26230957153076
2670 1.262293117750484
2671 1.262277165295181
2672 1.262260658372683
2673 1.262243819988193
2674 1.262228460553201
2675 1.262210457418499
2676 1.26219272897575
2677 1.262176484319699
2678 1.262161297702662
2679 1.262148605355228
2680 1.262135829713
2681 1.262121374220117
2682 1.262107774750682
2683 1.262093685254762
2684 1.262079255725405
2685 1.26206609773179
2686 1.262053797505885
2687 1.262040499987895
2688 1.262027993144031
2689 1.262015641719225
2690 1.262003206588016
2691 1.261993100371083
2692 1.26198286060867
2693 1.261971043449291
2694 1.261960136538092
2695 1.261949381361508
2696 1.26193933576182
2697 1.261930592133815
2698 1.26192209454785
2699 1.261913280555532
2700 1.261905115163836
2701 1.261894962797944
2702 1.261885771337701
2703 1.261875578516524
2704 1.261867150626026
2705 1.261858014483109
2706 1.261851597043792
2707 1.26184493367683
2708 1.261838187679186
2709 1.261832500492525
2710 1.261827790349104
2711 1.261824896874005
2712 1.261820494389574
2713 1.261814729328955
2714 1.261808617017833
2715 1.261803628618093
2716 1.261798737665682
2717 1.261795006099398
2718 1.261790774388367
2719 1.261786251113682
2720 1.261783120783619
2721 1.261780912398374
2722 1.261779461671079
2723 1.261778009996146
2724 1.26177589364789
2725 1.261773573060974
2726 1.261771655300255
2727 1.261769418346781
2728 1.261768131285943
2729 1.261767576738491
2730 1.261767948370163
2731 1.261770325797847
2732 1.261770319241341
2733 1.261770300914465
2734 1.261770810220677
2735 1.261772055852029
2736 1.26177347609818
2737 1.261775969936382
2738 1.261779195692578
2739 1.261779977005234
2740 1.261781528354763
2741 1.26178364160238
2742 1.261788041553996
2743 1.261789358218459
2744 1.261791949201788
2745 1.261795190099134
2746 1.261799114659566
2747 1.261805121096045
2748 1.2618095826665
2749 1.261814146820235
2750 1.261819104358488
2751 1.261824520228678
2752 1.261829852752311
2753 1.261835605673809
2754 1.261841269881205
2755 1.261849253097162
2756 1.261855907374291
2757 1.26186143452015
2758 1.261868046066663
2759 1.261876719952798
2760 1.26188484921079
2761 1.261893895447918
2762 1.261903017586391
2763 1.261912988479166
2764 1.261920187183813
2765 1.261928285492383
2766 1.261936901938203
2767 1.261947822762084
2768 1.261957747531475
2769 1.261967461183094
2770 1.261977817163061
2771 1.261988602580458
2772 1.261999882822926
2773 1.262012040820508
2774 1.262024635737418
2775 1.262037247208915
2776 1.262049876833552
2777 1.262063069849389
2778 1.262075009338838
2779 1.262086373156021
2780 1.262098638401379
2781 1.26211245166613
2782 1.262126086203964
2783 1.262140327054466
2784 1.262154819128162
2785 1.262169406731295
2786 1.262184154729259
2787 1.262200567419307
2788 1.262216882419097
2789 1.262232230980074
2790 1.262248432896816
2791 1.262264782744506
2792 1.262281658227034
2793 1.262297962732677
2794 1.26231581237651
2795 1.262333478137691
2796 1.262350551255707
2797 1.26236876710591
2798 1.262386352696704
2799 1.262403344515486
2800 1.262420938542842
2801 1.262439576890761
2802 1.262458307968463
2803 1.262477267402139
2804 1.262497415087351
2805 1.262519586780366
2806 1.262540439834514
2807 1.262562088170603
2808 1.262583772152506
2809 1.262603417052897
2810 1.262622554386676
2811 1.262642681893509
2812 1.262663598808503
2813 1.262686297609236
2814 1.262708618602546
2815 1.262732309459082
2816 1.262755030201388
2817 1.262778892418366
2818 1.262802900153709
2819 1.262826080071938
2820 1.262848546605965
2821 1.262872717242788
2822 1.262895329521562
2823 1.262918612854273
2824 1.262942567967241
2825 1.262966698794178
2826 1.262991729347432
2827 1.263017243758789
2828 1.263044033023919
2829 1.263070620229552
2830 1.263096957396382
2831 1.263121964406506
2832 1.263146401768365
2833 1.263172055751672
2834 1.263199668414266
2835 1.263228338160244
2836 1.263257264155292
2837 1.263285972380551
2838 1.263312207341189
2839 1.263338507629697
2840 1.263364830947241
2841 1.263391918637583
2842 1.263421556756918
2843 1.263450334215758
2844 1.263479181006212
2845 1.263509666035313
2846 1.26353992608917
2847 1.263570608072438
2848 1.263600838938669
2849 1.263631996851437
2850 1.263661754569715
2851 1.263693272076785
2852 1.263722940461273
2853 1.263752886580428
2854 1.263783395348225
2855 1.263815521624809
2856 1.26384839205172
2857 1.263880448856045
2858 1.26391260599772
2859 1.263946059193104
2860 1.263980881533396
2861 1.264013183910805
2862 1.264046899062012
2863 1.264079496697944
2864 1.264112424211174
2865 1.264146874336933
2866 1.264181496299824
2867 1.264215049893728
2868 1.264249198546499
2869 1.264284420878799
2870 1.264321415048791
2871 1.264356791497011
2872 1.264391208082599
2873 1.264426196678775
2874 1.264460687759631
2875 1.264496749744573
2876 1.264535162836981
2877 1.264573444350034
2878 1.264611061916332
2879 1.264649065052643
2880 1.264686083306965
2881 1.264723493374963
2882 1.264760453643125
2883 1.264797308173451
2884 1.264835397353578
2885 1.264876475306982
2886 1.264913406477624
2887 1.264951065655025
2888 1.264989322355877
2889 1.265028185137656
2890 1.265067625473474
2891 1.265108353010982
2892 1.265148930005691
2893 1.265189781342311
2894 1.265230839174068
2895 1.265271751407962
2896 1.265312183337331
2897 1.265351836419768
2898 1.265390657918432
2899 1.265430456766149
2900 1.265470409202954
2901 1.265512466037893
2902 1.26555452325837
2903 1.26559585939364
2904 1.265637898438085
2905 1.265680342277624
2906 1.265722304815558
2907 1.265765248007732
2908 1.265809012678787
2909 1.265852170620179
2910 1.26589549102203
2911 1.265937225463882
2912 1.265980327596211
2913 1.266023431002614
2914 1.26606620468495
2915 1.266110220390905
2916 1.266154498694445
2917 1.266197898541149
2918 1.266240832626555
2919 1.266285073078394
2920 1.266330050726881
2921 1.266374737988415
2922 1.266418978451324
2923 1.266462494390346
2924 1.26650771423462
2925 1.266552084766455
2926 1.266597960117045
2927 1.266643550066995
2928 1.266689103554769
2929 1.266734001983245
2930 1.266778903792541
2931 1.266823989246064
2932 1.266871542446879
2933 1.266918729656235
2934 1.266966436014075
2935 1.267012992485541
2936 1.267059168778475
2937 1.267105758470821
2938 1.267152681487602
2939 1.267199665515971
2940 1.26724532285465
2941 1.267291848541801
2942 1.267339213355358
2943 1.267387765409689
2944 1.267436701579925
2945 1.267486322659363
2946 1.26753497776581
2947 1.267582757680593
2948 1.26762992441395
2949 1.267677657900002
2950 1.267725306547972
2951 1.267774331642363
2952 1.267823790162254
2953 1.26787401882226
2954 1.267924508137764
2955 1.267975636215039
2956 1.268026034633512
2957 1.268076195088596
2958 1.268125988825323
2959 1.268175321187148
2960 1.268223626296802
2961 1.268272261120445
2962 1.26832332165443
2963 1.268375410881097
2964 1.268426760646052
2965 1.268479664335602
2966 1.268530412134422
2967 1.268581115229648
2968 1.2686321843938
2969 1.268683315502433
2970 1.268735605670834
2971 1.268787437228449
2972 1.268839580276579
2973 1.268892736695966
2974 1.268944424391124
2975 1.268996328479637
2976 1.26904818715031
2977 1.26910115621617
2978 1.269154058329721
2979 1.269206618306861
2980 1.26925975904359
2981 1.269313541670761
2982 1.269368482385237
2983 1.269422600621228
2984 1.269476019037576
2985 1.269529422629742
2986 1.269582301486378
2987 1.269635261122182
2988 1.269689489069655
2989 1.269744094843886
2990 1.269799663721324
2991 1.269854675038133
2992 1.269910714398741
2993 1.269965518077513
2994 1.270019919925601
2995 1.270075295488748
2996 1.270131158936819
2997 1.270184880824222
2998 1.270239875886905
2999 1.270294946444061
3000 1.270349480945173
