"lift-rfile"
"Iteration" "lift"
("Iteration" "lift")
1 2.519684977468502
2 3.82617697721608
3 4.720945739937108
4 5.298228059565579
5 5.658904440380997
6 5.782882064068892
7 5.669503266794886
8 5.407885972174509
9 5.091004207597273
10 4.792615466267938
11 4.542410678470474
12 4.40853830411956
13 4.216073573396147
14 4.112925849584409
15 4.013391957850936
16 3.915340531512638
17 3.802290280912241
18 3.668235204244247
19 3.514130634763004
20 3.340591537457723
21 3.151855857248904
22 2.958036549263221
23 2.752900640848278
24 2.54728688803534
25 2.345731670895689
26 2.148847144710346
27 1.959697041822349
28 1.776953361000656
29 1.604153649136636
30 1.439940315528481
31 1.283345020261741
32 1.133594143987429
33 0.9908727605409498
34 0.8561262435010421
35 0.7292941872008246
36 0.6099923062843976
37 0.4985157606949423
38 0.3937727215234458
39 0.2953823940590376
40 0.2042740275995516
41 0.1194850673359959
42 0.04070307501112589
43 -0.03267193041314907
44 -0.1000598300846349
45 -0.1614656081065785
46 -0.2175948280506442
47 -0.2693482571451404
48 -0.3166429739910768
49 -0.3598933744089445
50 -0.3994402819225822
51 -0.4362728670201209
52 -0.469793845949833
53 -0.5009710715986664
54 -0.5296518802267395
55 -0.5553725155736421
56 -0.5790641465162503
57 -0.6011748741084668
58 -0.621141668519725
59 -0.6387907982404855
60 -0.6542901803226504
61 -0.6672816672749194
62 -0.6776801556277046
63 -0.6855369686609573
64 -0.6905007716973242
65 -0.6918541051322281
66 -0.6900654103742874
67 -0.6852215316818372
68 -0.6763883430765498
69 -0.6639506788585589
70 -0.6476614894736936
71 -0.6276062594347447
72 -0.603726906823172
73 -0.5757843343210675
74 -0.5438355074614844
75 -0.5087040008984918
76 -0.4687752543362112
77 -0.4267812345210628
78 -0.3791077520437793
79 -0.3308188424004888
80 -0.2762406252800386
81 -0.2226289248819607
82 -0.1665537522347372
83 -0.103019371534491
84 -0.04261789998634683
85 0.01963698245858956
86 0.08321836166526157
87 0.1483108115081724
88 0.2141172761176506
89 0.2802708068574007
90 0.346450259564588
91 0.412237500539096
92 0.4846094820910201
93 0.5486057060014634
94 0.6112767380865516
95 0.6724550519082876
96 0.7389785992309648
97 0.7962316874831695
98 0.8515694937422252
99 0.9045212142760707
100 0.9542193676454513
101 1.001274222183926
102 1.045335339507991
103 1.086454055597674
104 1.123581631370183
105 1.157763948627238
106 1.188820961431159
107 1.216764687905574
108 1.24149181877499
109 1.263066362408965
110 1.281464917593476
111 1.296795889896861
112 1.309158845726782
113 1.318560063688904
114 1.32503966715005
115 1.328668969089102
116 1.329500534538611
117 1.327831777662925
118 1.323428659692872
119 1.316382236665261
120 1.306754004182306
121 1.294628981140691
122 1.280096413521617
123 1.263069089113787
124 1.243897289796402
125 1.222621840667351
126 1.199336763744135
127 1.174189210530887
128 1.14731476172768
129 1.118828502002624
130 1.088912612245482
131 1.057822910697599
132 1.025617960338668
133 0.9925013339629694
134 0.9586496377140579
135 0.9242640319015809
136 0.8894991357634919
137 0.8543196853096962
138 0.8191191154256938
139 0.7842307821840462
140 0.7496164256417514
141 0.7154154375025111
142 0.6817456234397215
143 0.6487440428099932
144 0.6165938186780087
145 0.5852918835440155
146 0.5549217034391285
147 0.525506551946012
148 0.4971797323988373
149 0.4700491382593836
150 0.4441030443118169
151 0.4192474727378041
152 0.3956792414097007
153 0.3734317098556206
154 0.352569491033051
155 0.3330831093814111
156 0.314982668508828
157 0.2982990573847166
158 0.2830460594981212
159 0.2691879239678234
160 0.2567996863118336
161 0.2459193626691194
162 0.2365416569332341
163 0.2286335002831491
164 0.2221995588318853
165 0.2172430968920339
166 0.2137628436794814
167 0.2117686653938078
168 0.2114120801163157
169 0.2123518387960977
170 0.2147541476735831
171 0.2186040198922365
172 0.2239274056476249
173 0.230674768999157
174 0.2387474842240631
175 0.2481617143684617
176 0.2589421195546657
177 0.2710513738654133
178 0.2845034188499363
179 0.2992268818626792
180 0.3151810733057687
181 0.3323223563903865
182 0.3506142004485353
183 0.3699926383927171
184 0.3904351651707085
185 0.4118371383563533
186 0.4341855852018284
187 0.4573386648427232
188 0.4811543397507869
189 0.5056870246797584
190 0.530812838630806
191 0.5564477219064438
192 0.5825082922570501
193 0.6089048598987082
194 0.6355478747056508
195 0.6623484939051119
196 0.6891943835812401
197 0.7159561823404911
198 0.7426079502726832
199 0.7691199029140885
200 0.7953138311726671
201 0.8210761771057368
202 0.84628539466342
203 0.8709049844861729
204 0.8948455720742008
205 0.9180189628702171
206 0.9403012514134929
207 0.9616571366010787
208 0.9820082429870396
209 1.001281778788478
210 1.019409274950798
211 1.036328593250102
212 1.051978152754547
213 1.066304062371277
214 1.079263826355191
215 1.090781345410445
216 1.100886744560405
217 1.109508033766515
218 1.116647976520291
219 1.122261668046274
220 1.126334361685888
221 1.128870638361879
222 1.129871148271888
223 1.129353512480388
224 1.127340745400149
225 1.123853199503531
226 1.118927562580868
227 1.112603931227991
228 1.10492743165431
229 1.095948464473164
230 1.085725916558514
231 1.074322087683954
232 1.061802016438532
233 1.048236538725142
234 1.033702410319786
235 1.018277609293436
236 1.002041600437314
237 0.985063461000892
238 0.9674419775017542
239 0.9493021879479043
240 0.9306759568325723
241 0.9116623546506731
242 0.8923315463001971
243 0.8728109758535453
244 0.8531832636387254
245 0.8335458179758215
246 0.8139888451302521
247 0.7946338725073994
248 0.7755228489305504
249 0.7567393121852865
250 0.7383945598822661
251 0.7205244308856379
252 0.7032035536016948
253 0.6864946449173482
254 0.6704671504566065
255 0.6551732061549983
256 0.6406713138386697
257 0.6270117709836868
258 0.6142380272285229
259 0.6023890111052719
260 0.5914812694024041
261 0.5815650536335149
262 0.5726698326506419
263 0.5648110643304677
264 0.5580060170647546
265 0.5522638783812429
266 0.5475897501732741
267 0.5439832023404895
268 0.5414411758877601
269 0.53995641479648
270 0.5395230012239282
271 0.5401159416163758
272 0.5417095776688904
273 0.5442863900280057
274 0.5478173088609357
275 0.552273820904382
276 0.5576236681006425
277 0.56383131978674
278 0.5708562427353591
279 0.5786614985432133
280 0.5872048120509548
281 0.5964285231929262
282 0.6063002250384552
283 0.616785817195981
284 0.6278267976038279
285 0.6393792475081962
286 0.6513943521245061
287 0.6638290552810365
288 0.6766264999671524
289 0.6897393880910739
290 0.7031188401567694
291 0.7167189653809271
292 0.7304925459368484
293 0.7444006322138106
294 0.7583505752015319
295 0.7723332291414586
296 0.7863029038947278
297 0.8002138684393539
298 0.8140297530847624
299 0.8277090878087087
300 0.8412116409475594
301 0.8544989394781742
302 0.8675303373710321
303 0.8802735641903341
304 0.8926911725841218
305 0.9047524293934073
306 0.916406977785774
307 0.9276427402922624
308 0.9384303832123707
309 0.9487468407767099
310 0.9585586160184991
311 0.9678512696735888
312 0.9766036695196951
313 0.9847980899839964
314 0.9924189578590011
315 0.9994485551571887
316 1.005894987755907
317 1.01172277245442
318 1.016922093764545
319 1.021486961446136
320 1.025413832592467
321 1.028703725437772
322 1.031348528353534
323 1.033349861249545
324 1.034710643064861
325 1.035435665104147
326 1.035532495909937
327 1.035008790733918
328 1.033877549554024
329 1.032152793675013
330 1.029847896497789
331 1.026977048389299
332 1.023564839191415
333 1.019622968143964
334 1.015176032556719
335 1.010248233715811
336 1.004864110276969
337 0.9990327684039083
338 0.9927962515374575
339 0.9861828392578756
340 0.9792223893181896
341 0.9719436246508282
342 0.964380968704441
343 0.9565648507278577
344 0.9485253169639921
345 0.9402978416141863
346 0.9319158553519134
347 0.9234123406500471
348 0.9148199543116419
349 0.9061742295099891
350 0.8975093305249786
351 0.888858501971186
352 0.8802536863372099
353 0.8717231224419725
354 0.8633084164279981
355 0.8550430147768022
356 0.8469589921343845
357 0.8390887788486368
358 0.831460579429898
359 0.8241057458659321
360 0.8170499176917517
361 0.8103197567577681
362 0.8039420305517833
363 0.7979512014763713
364 0.7923563689073002
365 0.7871774122314107
366 0.7824340042736034
367 0.778143123331266
368 0.7743266930709788
369 0.7709915369630442
370 0.7681650930273165
371 0.7658388695487786
372 0.7640221052081754
373 0.7627115231683451
374 0.761919549633478
375 0.7616490220549368
376 0.7619011432305497
377 0.7626744134457532
378 0.7639642951052327
379 0.7657652139253819
380 0.7680694891259031
381 0.7708682364320174
382 0.7741511470614502
383 0.7779025278488415
384 0.7821078294591786
385 0.7867491244735904
386 0.7918083330361669
387 0.7972650679065335
388 0.8030966833853395
389 0.8092841230977874
390 0.8158015475929685
391 0.822624934031948
392 0.8297138361784239
393 0.8370551128772319
394 0.8446200170206022
395 0.8523818098348565
396 0.8603110497714366
397 0.8683775656469975
398 0.8765528847375363
399 0.8848068493444881
400 0.8931095519022854
401 0.9014301765464909
402 0.9097268821740729
403 0.9179843435679337
404 0.9261741229024796
405 0.9342677590525489
406 0.9422489698287104
407 0.9500800006623824
408 0.9577046611692865
409 0.9651271998196072
410 0.9723251146459225
411 0.9792867468351332
412 0.9859782800871425
413 0.9923798170457934
414 0.998472857994642
415 1.004243579393278
416 1.009674689648004
417 1.014750138601753
418 1.019458455781868
419 1.023788715366188
420 1.02773293658356
421 1.031284899080016
422 1.034436607379749
423 1.037185484768349
424 1.039530845943763
425 1.041471920373368
426 1.043008979262962
427 1.044145396669357
428 1.044885796394012
429 1.045233894428639
430 1.045196870887322
431 1.04478533692056
432 1.044008043560877
433 1.042876562303575
434 1.041402645502511
435 1.039599525627035
436 1.037482050008191
437 1.03506618682349
438 1.03237140408443
439 1.029410184259815
440 1.026210673295296
441 1.022782483372763
442 1.019144157648813
443 1.015316224043234
444 1.011320253179401
445 1.007175989859454
446 1.002903930448462
447 0.9985250275191252
448 0.9940587831558407
449 0.9895286013776951
450 0.9849567237254873
451 0.9803638676505228
452 0.9757705937627135
453 0.9711983495483559
454 0.9666668547510076
455 0.9621993340859176
456 0.9578118443109348
457 0.9535243544798605
458 0.9493598561268697
459 0.9453290640013131
460 0.9414466408619134
461 0.937730018196589
462 0.9341939159420349
463 0.9308491478001476
464 0.9277099535166674
465 0.9247871997048515
466 0.922092634975644
467 0.9196357597601604
468 0.9174241813864447
469 0.9154652795907646
470 0.9137651992911278
471 0.9123283056638132
472 0.911148775385157
473 0.9102400056882359
474 0.9096003448021858
475 0.9092465145834454
476 0.9091637223661562
477 0.9093520801196831
478 0.9098107192400843
479 0.9105362180556902
480 0.911521869091575
481 0.9127617654267278
482 0.9142490182681796
483 0.9159773945019877
484 0.9179419563574861
485 0.9201303464580806
486 0.9225332003144698
487 0.9251422149718963
488 0.9279459417968755
489 0.930933433927824
490 0.9340930312211226
491 0.9374112134239995
492 0.9408777430006388
493 0.9444796018631876
494 0.9482043644451135
495 0.9520392160638678
496 0.9559700610447623
497 0.9599845491541398
498 0.9640694301271431
499 0.9682098756236548
500 0.9723956227685906
501 0.9766125743840459
502 0.98084949074516
503 0.9850908158600131
504 0.9893232455210992
505 0.99353531505807
506 0.9977137800192041
507 1.001850250802458
508 1.005933764521049
509 1.00995172515656
510 1.013894629685419
511 1.01775113726924
512 1.021513154827757
513 1.025170543665124
514 1.028714219722597
515 1.032137720097971
516 1.035433321940583
517 1.038605912783891
518 1.041636062747094
519 1.04451919804039
520 1.047249235491944
521 1.049822935234512
522 1.052235277042324
523 1.054483808413909
524 1.056565722773571
525 1.058479192253915
526 1.060221724789499
527 1.061795008822916
528 1.063197573182826
529 1.064428501662666
530 1.065490436619659
531 1.066385559766368
532 1.06711548138159
533 1.067682631248497
534 1.068090235170284
535 1.068341598905483
536 1.068440141457909
537 1.068392672451974
538 1.068202757087743
539 1.067875296294178
540 1.067417465800441
541 1.066834835136416
542 1.0661342797029
543 1.065320170238705
544 1.06439946516302
545 1.063381140834016
546 1.062273216306469
547 1.061082123536742
548 1.059816084345302
549 1.058483340417618
550 1.057089635145579
551 1.055645495934434
552 1.054164248849334
553 1.052648430124288
554 1.051101853418987
555 1.049536114695673
556 1.047959667570124
557 1.046378436594464
558 1.044802469741328
559 1.043237326687761
560 1.041694326712316
561 1.04017835811134
562 1.038696099509014
563 1.037256899161126
564 1.035867122559783
565 1.03453247343489
566 1.033259690879923
567 1.032053561234797
568 1.030919334269542
569 1.029863273482262
570 1.02889028254608
571 1.028005144623914
572 1.027211056795053
573 1.026514726925653
574 1.025917825132576
575 1.025424070075383
576 1.025036778392729
577 1.02475664681038
578 1.024584099572888
579 1.024521494484061
580 1.024572635674272
581 1.024737671063831
582 1.025015644662473
583 1.025408220908273
584 1.025914334280604
585 1.026532303626098
586 1.027261788047537
587 1.028099367160186
588 1.029046637927855
589 1.03009939764079
590 1.031254805836635
591 1.03251335795008
592 1.033867726263697
593 1.035314017541616
594 1.036848521108831
595 1.038466482871087
596 1.040166641119214
597 1.041937143492119
598 1.043777404511805
599 1.045681558692971
600 1.047643967197909
601 1.049660482904041
602 1.051723893105669
603 1.053827760499344
604 1.055967303063983
605 1.058135947602346
606 1.060327318296108
607 1.062535347594525
608 1.064753703188023
609 1.066977577938041
610 1.069199242851419
611 1.071413668212496
612 1.07361594131733
613 1.075798100099378
614 1.07795639655436
615 1.080086211294775
616 1.082181018737349
617 1.084235720948027
618 1.086245148497022
619 1.088204648749802
620 1.090109437681147
621 1.091955031743456
622 1.093739254420792
623 1.095456079493465
624 1.097102366634008
625 1.098675562194102
626 1.10017408963452
627 1.101593048077364
628 1.102931546621745
629 1.104184274877169
630 1.105354322890629
631 1.106445339408779
632 1.107450364745907
633 1.108368791981024
634 1.109200668839208
635 1.109945232099651
636 1.110602354035369
637 1.111173404486468
638 1.111658600020468
639 1.112060643037969
640 1.112381733113942
641 1.112620389794183
642 1.112780129928186
643 1.1128655521356
644 1.112877692142241
645 1.112818844521012
646 1.112693456334625
647 1.112504257287259
648 1.112253927828666
649 1.111946852109903
650 1.111586744703065
651 1.111177102411455
652 1.110721450148935
653 1.110224200372809
654 1.109689537433876
655 1.109121679154115
656 1.108524760849065
657 1.10790393600919
658 1.107262598462985
659 1.10660785380034
660 1.105942120190985
661 1.105269181287545
662 1.1045944474054
663 1.103921136078782
664 1.103254086910887
665 1.102598584545216
666 1.101955519450576
667 1.101331201056712
668 1.100729697008425
669 1.100153063592522
670 1.099605117737713
671 1.099089467890407
672 1.098610099525463
673 1.098169259184111
674 1.097770343583769
675 1.097415247014306
676 1.097107016249904
677 1.096847729823677
678 1.096640832123114
679 1.096486313690647
680 1.096387300548435
681 1.096345175474269
682 1.096359933216472
683 1.096432047091207
684 1.096563741437326
685 1.096755814028666
686 1.097007389581353
687 1.097318787109598
688 1.097690581839516
689 1.098123246705821
690 1.09861586521346
691 1.099167152215703
692 1.099777047942518
693 1.100443941392894
694 1.101166501039398
695 1.101943394189737
696 1.102772605720026
697 1.103652479677974
698 1.104581651412664
699 1.105557360022998
700 1.106577840065775
701 1.107641631376185
702 1.108745180732983
703 1.10988407384346
704 1.111058465803757
705 1.112264438945251
706 1.113498475380965
707 1.114758346262962
708 1.116039533409804
709 1.1173402664813
710 1.118657602990689
711 1.119987325991768
712 1.121326670222918
713 1.122671683036024
714 1.124019224155072
715 1.125367061923752
716 1.126711443152667
717 1.128048051115849
718 1.129374045226478
719 1.130687857265981
720 1.131983010192716
721 1.133258715755536
722 1.134513426690281
723 1.135742254167826
724 1.136942473810473
725 1.138112819903306
726 1.139249971349059
727 1.140351404738185
728 1.141415456700903
729 1.142438825139718
730 1.143420149662138
731 1.144358534569738
732 1.145251540540434
733 1.146098134922838
734 1.146897769113074
735 1.147647854293878
736 1.148347822094362
737 1.149000765536783
738 1.149601910516245
739 1.150152645591931
740 1.150653242689256
741 1.151101561410892
742 1.151499734158403
743 1.151847575580785
744 1.152144624937166
745 1.152392309395439
746 1.152592063576763
747 1.152744230344875
748 1.152851601787953
749 1.15291508236989
750 1.152935780126448
751 1.152915123459925
752 1.15285664761428
753 1.152761436837965
754 1.152631322423619
755 1.152468021585334
756 1.152274942262616
757 1.152054332604168
758 1.151808102165839
759 1.151538783264832
760 1.151248978138392
761 1.150942448771295
762 1.150621604654649
763 1.150289409364267
764 1.149948280977442
765 1.149599302695012
766 1.149246959867994
767 1.148893126075492
768 1.148539304744695
769 1.14818876133405
770 1.147845539204749
771 1.147512733031068
772 1.147191106762994
773 1.146883629803838
774 1.146593764799718
775 1.146322747438883
776 1.146073044057882
777 1.145845858072963
778 1.145642324007586
779 1.145465611093612
780 1.145316974641152
781 1.145197750988759
782 1.145109914087501
783 1.145053881937054
784 1.145030934178695
785 1.145042036729953
786 1.145086611955989
787 1.14516733905706
788 1.145282207041592
789 1.145431993207379
790 1.145617856853462
791 1.145839502376161
792 1.146097070333042
793 1.146389704748121
794 1.146717263538697
795 1.147079563431288
796 1.147474508733638
797 1.147901599690225
798 1.148360736195419
799 1.148850035902594
800 1.149368743953724
801 1.149914816040673
802 1.150488119191067
803 1.151154239183126
804 1.15176993701337
805 1.152408184030885
806 1.153066363238151
807 1.153743100203804
808 1.154436834186406
809 1.155145894566965
810 1.155866902946983
811 1.156600968083907
812 1.157345644460916
813 1.158099485664203
814 1.158859242426167
815 1.159623252408276
816 1.160390704577898
817 1.161159366860076
818 1.161927593990928
819 1.16269394003439
820 1.163455396986152
821 1.164209541832359
822 1.164956326683359
823 1.165694280716106
824 1.166421779649658
825 1.167136934145531
826 1.167838671494854
827 1.168526089772783
828 1.169196628509601
829 1.169850482805513
830 1.170485855653113
831 1.171102252694195
832 1.171697222698185
833 1.172270909718126
834 1.172822131805152
835 1.173351210125343
836 1.173855376654452
837 1.174337758912032
838 1.174796082819783
839 1.175229126029937
840 1.175637485276455
841 1.176022297792106
842 1.176382675562125
843 1.176717243892389
844 1.177027924542884
845 1.177314727954274
846 1.177577425835116
847 1.177815293838983
848 1.178030400665093
849 1.178222980686273
850 1.178393318856618
851 1.178542721699897
852 1.178670792552627
853 1.178778403018993
854 1.178866735924597
855 1.178935665821829
856 1.178987211418768
857 1.179022221196495
858 1.179041904711628
859 1.179045897394775
860 1.179035934207031
861 1.17901370948612
862 1.178978101506229
863 1.178932549584693
864 1.178877638740786
865 1.178813455933502
866 1.178742293204758
867 1.178664853217201
868 1.178583426649752
869 1.17849849932921
870 1.178411630616233
871 1.178323255105247
872 1.178235450518836
873 1.178150581046477
874 1.178068083397948
875 1.177991627657747
876 1.177918640359792
877 1.177849849570305
878 1.177787565484926
879 1.177733677736414
880 1.177687727498747
881 1.177651529270842
882 1.177625742028541
883 1.177610975868888
884 1.177608503960456
885 1.177618642067581
886 1.177660559217497
887 1.177692992393499
888 1.177739769199095
889 1.17780105042049
890 1.177898698951491
891 1.177986618539519
892 1.178088610254283
893 1.178230201666894
894 1.178360218896672
895 1.178529982757247
896 1.178686278534863
897 1.17888697315273
898 1.179072560450924
899 1.179300223837672
900 1.179512810299457
901 1.179767565965484
902 1.180004823626823
903 1.180286336077369
904 1.180547819060195
905 1.180852644920808
906 1.181134888429139
907 1.181461100049856
908 1.181762364014675
909 1.182106996290237
910 1.182423615596352
911 1.182784676133011
912 1.183115584970311
913 1.183455586709789
914 1.183841716729276
915 1.184192207568867
916 1.184549199633084
917 1.184951017995867
918 1.185313094387716
919 1.185678953402527
920 1.186088124163984
921 1.186453854253652
922 1.186822136035879
923 1.187232368011129
924 1.187597652639363
925 1.187962428768471
926 1.188366246217758
927 1.188721504118857
928 1.189074945067239
929 1.189465759649368
930 1.189807341986931
931 1.190182076842577
932 1.190509224398039
933 1.19086787871256
934 1.191180409913732
935 1.191521071973672
936 1.19181628276587
937 1.192137090323394
938 1.192444439881772
939 1.19271007576499
940 1.19299493418377
941 1.193264844782209
942 1.193520866532185
943 1.193762034039963
944 1.193990775088831
945 1.194204602381522
946 1.19440511201749
947 1.194592778457431
948 1.194767917946512
949 1.194930014061371
950 1.195079328072661
951 1.195215194376437
952 1.195339078326396
953 1.195449894117038
954 1.19554997358031
955 1.195637872059634
956 1.195715444628338
957 1.195782293882456
958 1.195840062832744
959 1.195887779199674
960 1.195926538291253
961 1.195956077919397
962 1.19597718551332
963 1.195991740793593
964 1.195998984725512
965 1.195999713766576
966 1.195994775532268
967 1.19598397812169
968 1.195969667740575
969 1.195949344053993
970 1.195920750309256
971 1.195895719213079
972 1.195868731477822
973 1.195839858240248
974 1.195810379059712
975 1.195779345846337
976 1.195743648899803
977 1.195716242594639
978 1.195690376065196
979 1.195666083927963
980 1.195644033660049
981 1.195624048951773
982 1.195600908602419
983 1.195588584090772
984 1.195579525988755
985 1.195574941448911
986 1.19557478515849
987 1.195580138819326
988 1.195583532156938
989 1.195601659596265
990 1.195626149531421
991 1.195655734737492
992 1.195691668816737
993 1.195733810012554
994 1.195783084946431
995 1.19583983220048
996 1.195903152189284
997 1.195972844507894
998 1.196049405503853
999 1.196133085027918
1000 1.196224367847208
1001 1.196322863786181
1002 1.196428247050544
1003 1.196540319054955
1004 1.196658239229042
1005 1.196782558349778
1006 1.196914147790482
1007 1.197052460315491
1008 1.19719653624442
1009 1.197346508028193
1010 1.19750260505258
1011 1.197662739671387
1012 1.197827658258527
1013 1.197997286504446
1014 1.198171454241902
1015 1.198349215991649
1016 1.198530889119115
1017 1.198717058459799
1018 1.198905761668697
1019 1.19909668471862
1020 1.199288634837806
1021 1.199481932925147
1022 1.19967760442778
1023 1.199872838253833
1024 1.200069277273304
1025 1.200264366945079
1026 1.200459062755502
1027 1.20065310962834
1028 1.200846595035406
1029 1.20103934186653
1030 1.201230163185037
1031 1.201418778178008
1032 1.201604566435112
1033 1.201787315565944
1034 1.201967430036083
1035 1.202142851704181
1036 1.202313585349979
1037 1.202479540377264
1038 1.202641507463781
1039 1.202798484785994
1040 1.202951428539398
1041 1.203099323459046
1042 1.20324141970293
1043 1.203378141035462
1044 1.203509550510836
1045 1.203634320035315
1046 1.203752847899126
1047 1.203865108127513
1048 1.203971608309441
1049 1.204070736011035
1050 1.204164230889464
1051 1.204251889578735
1052 1.204332731758074
1053 1.20440809964222
1054 1.204477019159814
1055 1.204539587813413
1056 1.204596039638896
1057 1.204646815027534
1058 1.2046925060135
1059 1.204732543876153
1060 1.204766361957338
1061 1.20479452505178
1062 1.204818367143227
1063 1.20483707037494
1064 1.20485205758561
1065 1.204861564226561
1066 1.204867260408268
1067 1.204869118814734
1068 1.204868021322958
1069 1.204863825686381
1070 1.204857084581717
1071 1.204846982199189
1072 1.204833411003736
1073 1.20481730471325
1074 1.204798271268538
1075 1.204777434909697
1076 1.204755527296658
1077 1.204733771442661
1078 1.204711316725922
1079 1.204688552663118
1080 1.204666142220255
1081 1.204643884791713
1082 1.20462199491079
1083 1.204600638184319
1084 1.204578169050626
1085 1.204556255834107
1086 1.204536278483591
1087 1.204517051453547
1088 1.204499866463572
1089 1.204484569453387
1090 1.204471902796245
1091 1.204457433566219
1092 1.204451492639684
1093 1.204447806991087
1094 1.204445991103831
1095 1.204441003325399
1096 1.204445338194822
1097 1.204452183120519
1098 1.204456571207149
1099 1.204470798074504
1100 1.20448656860378
1101 1.204498900595506
1102 1.204521783696482
1103 1.204548100903622
1104 1.204570322080391
1105 1.204602507668561
1106 1.204629976560403
1107 1.204669920090661
1108 1.20470435162287
1109 1.204750435667825
1110 1.204790393716419
1111 1.204841949434868
1112 1.204886880109975
1113 1.204943539631861
1114 1.204992486090517
1115 1.20505313344869
1116 1.205105992256282
1117 1.205171067115197
1118 1.205228381448895
1119 1.205289155979914
1120 1.205361678693134
1121 1.205424342291811
1122 1.205488147261105
1123 1.205563695027883
1124 1.205628945456577
1125 1.205705168910854
1126 1.205770454932655
1127 1.20583626838707
1128 1.205913638473408
1129 1.205980534381904
1130 1.206048350493255
1131 1.206126262680675
1132 1.206193100051051
1133 1.206269712295679
1134 1.206333672328725
1135 1.20639737500318
1136 1.206469342572925
1137 1.206528069407906
1138 1.206595530124955
1139 1.206651198726527
1140 1.20671567074742
1141 1.206769098859886
1142 1.206829078341092
1143 1.206878594432584
1144 1.206934053183274
1145 1.206977792005395
1146 1.207026902901571
1147 1.207065278415373
1148 1.207109323700353
1149 1.207149973275504
1150 1.207180143740522
1151 1.207215421397593
1152 1.207240788830815
1153 1.207269877400291
1154 1.207295608234746
1155 1.207312541204506
1156 1.207332948479736
1157 1.207349526219536
1158 1.207357317781056
1159 1.207368588064999
1160 1.207376939616733
1161 1.20737831774007
1162 1.20738242862114
1163 1.207383460997913
1164 1.207380449624361
1165 1.207370244965847
1166 1.207363703516508
1167 1.207353999933001
1168 1.207337266147171
1169 1.207323565222131
1170 1.207308199288192
1171 1.207286668563057
1172 1.207266994557243
1173 1.207246239387408
1174 1.20721965826608
1175 1.20719611312527
1176 1.207171373808287
1177 1.207142316649036
1178 1.207115826462135
1179 1.207089262278354
1180 1.207061340230359
1181 1.207029282145095
1182 1.206999106257874
1183 1.206968375037141
1184 1.206934194587121
1185 1.206903909907167
1186 1.206869329287767
1187 1.206839493889398
1188 1.20680592135168
1189 1.206776311546091
1190 1.206744122346229
1191 1.206716356274435
1192 1.206685574929718
1193 1.206658665803245
1194 1.20662974683843
1195 1.206604353585109
1196 1.206577057306562
1197 1.206553968560618
1198 1.206529032941753
1199 1.206504859204743
1200 1.206485633578719
1201 1.206463098273308
1202 1.206441765586056
1203 1.206425063455842
1204 1.206405613783908
1205 1.206387083479405
1206 1.206370543667068
1207 1.2063591185234
1208 1.206345838174857
1209 1.206333503331833
1210 1.206322561668469
1211 1.206312849081753
1212 1.206309607447083
1213 1.206301426406231
1214 1.206294274831244
1215 1.206288739062662
1216 1.206283681278608
1217 1.20628002626025
1218 1.206278069612032
1219 1.20627710698233
1220 1.206278407518603
1221 1.206284572078802
1222 1.206285273175836
1223 1.20628622671123
1224 1.20628682513682
1225 1.206288263161877
1226 1.206289834406648
1227 1.206291142065822
1228 1.206292432674654
1229 1.206293474501036
1230 1.206295013622846
1231 1.206297423335043
1232 1.206300456056143
1233 1.206303648964004
1234 1.20630737300541
1235 1.206309535017605
1236 1.206311628174008
1237 1.206313509081693
1238 1.206315099368939
1239 1.206315992321418
1240 1.206315467331548
1241 1.206314406122362
1242 1.206311857818915
1243 1.206308723327632
1244 1.206305282697894
1245 1.20630098223313
1246 1.206294933470661
1247 1.206288031835608
1248 1.206280054576432
1249 1.206271154584916
1250 1.206261784343166
1251 1.206254481416085
1252 1.206240907496452
1253 1.206226965848462
1254 1.206212516753481
1255 1.206196530458043
1256 1.206179535207051
1257 1.206160436147643
1258 1.206139874743568
1259 1.206120315636147
1260 1.20609583819506
1261 1.206070520361452
1262 1.206043823233189
1263 1.206015260521964
1264 1.205986846364044
1265 1.205958794305467
1266 1.205927077434604
1267 1.205894912747231
1268 1.205861550280448
1269 1.205827484753404
1270 1.20579389587539
1271 1.205756655262592
1272 1.205719632323668
1273 1.205681045195215
1274 1.205642625602175
1275 1.205601497856929
1276 1.20555970902069
1277 1.205518825728903
1278 1.205476109138759
1279 1.20543161952268
1280 1.205388584464407
1281 1.205343453958338
1282 1.205298374935818
1283 1.205253927720285
1284 1.205208639578385
1285 1.205162514122111
1286 1.205114760801706
1287 1.205069238943248
1288 1.20502209459149
1289 1.204976243623215
1290 1.204929328909782
1291 1.204883609609501
1292 1.204837684281234
1293 1.204790886575099
1294 1.20474506045895
1295 1.204698670248513
1296 1.204652527667076
1297 1.204607159347816
1298 1.204560707698142
1299 1.20451642123273
1300 1.204470813951486
1301 1.204427123923453
1302 1.204382638789395
1303 1.204340564989249
1304 1.204297049536198
1305 1.204255151312885
1306 1.204212853516283
1307 1.204171855079423
1308 1.204130183615317
1309 1.204090514196284
1310 1.204049671749065
1311 1.204011323233931
1312 1.203971255752771
1313 1.203934594500526
1314 1.203897176145224
1315 1.203861568745538
1316 1.203825193443825
1317 1.203787779321025
1318 1.203753599943153
1319 1.203717981120431
1320 1.203683904022278
1321 1.203650750345853
1322 1.203616882436516
1323 1.203584792455884
1324 1.203552069277394
1325 1.203520739653657
1326 1.203487229770041
1327 1.20345591477422
1328 1.203425054166693
1329 1.203394590330672
1330 1.203361639437022
1331 1.203332368146354
1332 1.203302437283847
1333 1.203271748736374
1334 1.20324177206645
1335 1.203212572300666
1336 1.203182875771782
1337 1.203153428603404
1338 1.203123133828494
1339 1.203093386947721
1340 1.203062852315302
1341 1.2030322490987
1342 1.203001024423369
1343 1.202969144334957
1344 1.202937527250609
1345 1.202905458561742
1346 1.202873114931225
1347 1.202840468194285
1348 1.202808741807647
1349 1.202776635306392
1350 1.20274402556861
1351 1.202711908642328
1352 1.202678469312034
1353 1.202643751081984
1354 1.202609770355823
1355 1.202575348402128
1356 1.20254014511101
1357 1.202503918740089
1358 1.202467148261437
1359 1.202430127552487
1360 1.2023925156331
1361 1.202353705120961
1362 1.20231451301447
1363 1.202275273249868
1364 1.202235681750292
1365 1.202195550469343
1366 1.202154512132374
1367 1.202114022061848
1368 1.202072239677829
1369 1.202029954325087
1370 1.201987455378648
1371 1.201944104727225
1372 1.201900078037562
1373 1.201855764212415
1374 1.20181106737527
1375 1.201765835754145
1376 1.201718996086078
1377 1.201672097878783
1378 1.201624980691093
1379 1.201578158289892
1380 1.201531562742006
1381 1.201484471795455
1382 1.20143846874758
1383 1.201391144509633
1384 1.20134358478728
1385 1.201295317741081
1386 1.201246729614248
1387 1.201197216483949
1388 1.20114763922753
1389 1.201098521433075
1390 1.201049618197295
1391 1.200999542420447
1392 1.200949745076318
1393 1.200900806864839
1394 1.200852170076447
1395 1.200803861568997
1396 1.200755776677682
1397 1.200707795627497
1398 1.200659443274836
1399 1.200610992214782
1400 1.200562367907325
1401 1.200514562517298
1402 1.200467437134505
1403 1.200419322105087
1404 1.200371603526408
1405 1.200324511763665
1406 1.200277431655355
1407 1.200230320222349
1408 1.200183862116617
1409 1.200137765992059
1410 1.20009147622645
1411 1.200046543692019
1412 1.200001848446894
1413 1.199958386754966
1414 1.199914907717614
1415 1.199871801156024
1416 1.199829216809672
1417 1.199785942063504
1418 1.199742750032926
1419 1.199700368455306
1420 1.199658192419865
1421 1.199617023757154
1422 1.199575078471372
1423 1.199533935057488
1424 1.199493635477045
1425 1.19945422683603
1426 1.199415719311595
1427 1.199376707062258
1428 1.199339163809413
1429 1.199300971799641
1430 1.199263338129739
1431 1.199224795939482
1432 1.199187022342464
1433 1.199148144557653
1434 1.199109690690925
1435 1.199072064489968
1436 1.199035839573215
1437 1.198999042923604
1438 1.198962342321642
1439 1.198925802014939
1440 1.198889610199095
1441 1.198853434861847
1442 1.198817450900924
1443 1.198782479342011
1444 1.198746495127985
1445 1.198709828758094
1446 1.198673975145097
1447 1.198638496048065
1448 1.198601766754891
1449 1.198565111411083
1450 1.198529043302697
1451 1.198493302724702
1452 1.198456871617257
1453 1.198420502290198
1454 1.198384550291687
1455 1.198347201854642
1456 1.198310022926991
1457 1.198273233534222
1458 1.198236426836897
1459 1.198199405679782
1460 1.198162361392538
1461 1.198124817431464
1462 1.198087353235156
1463 1.198049629341676
1464 1.19801183397981
1465 1.197974267122655
1466 1.19793568357648
1467 1.197895686209541
1468 1.197855572774504
1469 1.197816399403289
1470 1.197776912557107
1471 1.197737355045294
1472 1.197698147464458
1473 1.197658975014846
1474 1.197619903349675
1475 1.197580068501957
1476 1.197539748302791
1477 1.197499617308039
1478 1.197459220086065
1479 1.197418252873914
1480 1.197378258280222
1481 1.197336771314607
1482 1.197295717441011
1483 1.197253461233006
1484 1.197211884488726
1485 1.19717024801728
1486 1.197129178015177
1487 1.197087446487102
1488 1.197047162429243
1489 1.197005721287226
1490 1.196965710432578
1491 1.196924501927261
1492 1.19688379814651
1493 1.196842210410764
1494 1.196801632619387
1495 1.19676006232332
1496 1.196719779420656
1497 1.196678495156357
1498 1.196637803895565
1499 1.196596577306257
1500 1.196556907412533
1501 1.196515919931077
1502 1.196476293154391
1503 1.196436630465495
1504 1.196398611166516
1505 1.196360339950727
1506 1.196322750609737
1507 1.196284517282016
1508 1.196247207935551
1509 1.196209714067562
1510 1.19617281976214
1511 1.196135455550614
1512 1.196099438336132
1513 1.196062584408074
1514 1.196025981621693
1515 1.195989928478167
1516 1.195954421334112
1517 1.195918949771952
1518 1.195885253092888
1519 1.195851214555733
1520 1.195818163683292
1521 1.195785864730229
1522 1.195754070861528
1523 1.195721171476444
1524 1.195689301592253
1525 1.195657041628245
1526 1.19562617536324
1527 1.195594227622758
1528 1.195563324552399
1529 1.195532721353915
1530 1.195502609182237
1531 1.195472099287933
1532 1.195443087370754
1533 1.195413931050234
1534 1.19538651880367
1535 1.195358109517443
1536 1.195330922287879
1537 1.195303216848471
1538 1.195276445164089
1539 1.1952488566557
1540 1.195222411912337
1541 1.195195739059396
1542 1.195170324514993
1543 1.195143728012049
1544 1.195119086122347
1545 1.195092561176825
1546 1.195067347801538
1547 1.195041930128352
1548 1.195017208615646
1549 1.194992201603512
1550 1.194968394432246
1551 1.194944173083279
1552 1.194921685725435
1553 1.194897728029332
1554 1.194874267630256
1555 1.194850373912301
1556 1.194827428700426
1557 1.194804138236917
1558 1.194781812304359
1559 1.194757817526571
1560 1.194735966166601
1561 1.194712104489132
1562 1.194688834392953
1563 1.194665522338191
1564 1.194643230497012
1565 1.194620629387032
1566 1.19459927375073
1567 1.194577276686991
1568 1.194556843973937
1569 1.194534676979949
1570 1.194513383037754
1571 1.194491042099603
1572 1.194469505005837
1573 1.194447125350776
1574 1.194426233018157
1575 1.194403330208582
1576 1.194381610120233
1577 1.194359459787349
1578 1.194338301752199
1579 1.194316488921643
1580 1.194295545238881
1581 1.194274165665221
1582 1.194253531906928
1583 1.194232351247291
1584 1.194211104352134
1585 1.19419019735526
1586 1.194170035278358
1587 1.194149575086191
1588 1.19412967545805
1589 1.194109470712125
1590 1.194089202692278
1591 1.194068738725645
1592 1.19404891854291
1593 1.194028292842241
1594 1.194008580942424
1595 1.193988607982309
1596 1.193970240223389
1597 1.193951058343323
1598 1.193932805808779
1599 1.193914745836629
1600 1.193896935592689
1601 1.193878989372527
1602 1.193861432500479
1603 1.193843327788393
1604 1.193826300056463
1605 1.193809881355099
1606 1.193792008016315
1607 1.193775654194778
1608 1.19375931615527
1609 1.193742695250206
1610 1.193727662964857
1611 1.193713263113167
1612 1.193698537771321
1613 1.193684297601561
1614 1.193670570802073
1615 1.19365732059866
1616 1.193644531686167
1617 1.19363209856765
1618 1.193619478078497
1619 1.193607327738605
1620 1.193595641085585
1621 1.193583484499293
1622 1.193571577012001
1623 1.193561299035463
1624 1.193549639845735
1625 1.19353817676262
1626 1.193527668770597
1627 1.193516968258759
1628 1.193507774010177
1629 1.193499019151385
1630 1.193491129275232
1631 1.193482669233478
1632 1.193474724921026
1633 1.193467549357368
1634 1.193460563061705
1635 1.193454208931664
1636 1.193447781923186
1637 1.193439829366494
1638 1.193433365245397
1639 1.193427109707115
1640 1.193422111752232
1641 1.193416677015249
1642 1.193411691638044
1643 1.193407964086522
1644 1.193404266031972
1645 1.193401646892138
1646 1.193398508109694
1647 1.193395458442001
1648 1.193393031934296
1649 1.193390292830854
1650 1.193388071131072
1651 1.193386795794706
1652 1.193384987944805
1653 1.193382460117772
1654 1.193382039225127
1655 1.193381235051015
1656 1.193379862900303
1657 1.193379521610333
1658 1.193379816779862
1659 1.193380156861996
1660 1.193381127710212
1661 1.193382093780317
1662 1.193383196224256
1663 1.193384687075711
1664 1.193386751088892
1665 1.193389031011228
1666 1.193391368122019
1667 1.193394081508795
1668 1.193396476131869
1669 1.193399601314906
1670 1.193402369541814
1671 1.193404363527512
1672 1.193407671141081
1673 1.193411645055321
1674 1.193416489849692
1675 1.193421237854941
1676 1.193425056466765
1677 1.193430517420053
1678 1.193435684930947
1679 1.19344058192599
1680 1.193446579541268
1681 1.193452331612922
1682 1.193458942336434
1683 1.19346332469681
1684 1.193468972674327
1685 1.193474321959226
1686 1.193480878522717
1687 1.193486341307852
1688 1.193493740608269
1689 1.193500283946335
1690 1.193508576899536
1691 1.19351664595075
1692 1.193526787804762
1693 1.193535948104343
1694 1.193545848396524
1695 1.193554470080105
1696 1.193564536426188
1697 1.193575504533808
1698 1.193585177285743
1699 1.193593645629074
1700 1.19360593717654
1701 1.19361703929122
1702 1.193628140451477
1703 1.193640005132923
1704 1.193652434660193
1705 1.193665059403819
1706 1.193678605678593
1707 1.193691448725607
1708 1.193704618985231
1709 1.193718398190495
1710 1.193732012001452
1711 1.193746125621591
1712 1.193760560052225
1713 1.193773994825027
1714 1.193787807647738
1715 1.193802766401662
1716 1.193817317422871
1717 1.193832602794895
1718 1.193847861218343
1719 1.19386217603768
1720 1.193879515695325
1721 1.19389742979667
1722 1.193912940502934
1723 1.193930304232175
1724 1.193947932245958
1725 1.193966242569273
1726 1.193984373620798
1727 1.194003741746358
1728 1.194024542841976
1729 1.194043020135258
1730 1.19406154124967
1731 1.194081690810331
1732 1.194101535857006
1733 1.194121172601899
1734 1.194141300403493
1735 1.194162463576329
1736 1.194184952181741
1737 1.194206736344094
1738 1.194228995423698
1739 1.194251201960855
1740 1.194274378237174
1741 1.19429766439972
1742 1.194321478055231
1743 1.194346335716543
1744 1.194369960674187
1745 1.194393613734651
1746 1.194418737562168
1747 1.19444314835119
1748 1.194467222513314
1749 1.194491918061981
1750 1.194516890498478
1751 1.194542577230138
1752 1.194568663732593
1753 1.19459477476676
1754 1.194621598699868
1755 1.19464892270598
1756 1.194676431913133
1757 1.194704212559794
1758 1.19473264083871
1759 1.194760095771141
1760 1.194787804568792
1761 1.194816644983546
1762 1.194845172506482
1763 1.194873493015525
1764 1.194901922052855
1765 1.194931278431491
1766 1.194961427529452
1767 1.194991210905145
1768 1.195021143354371
1769 1.195051534023341
1770 1.195082249933313
1771 1.195113185487544
1772 1.195145236315698
1773 1.19517811770916
1774 1.195209222606052
1775 1.195240518949489
1776 1.195272554883645
1777 1.195305482426902
1778 1.195337231846293
1779 1.195369186109022
1780 1.195401441621176
1781 1.195434220588222
1782 1.195467382042396
1783 1.195500047411512
1784 1.195532981838772
1785 1.195566696357274
1786 1.195600745547337
1787 1.195634709656897
1788 1.195668731126486
1789 1.195702669012738
1790 1.195737133299157
1791 1.19577241234122
1792 1.195807572501574
1793 1.195843804191986
1794 1.195878134654006
1795 1.195912691943659
1796 1.195947670858032
1797 1.195984132382682
1798 1.196020125042288
1799 1.196056502035888
1800 1.196093748960887
1801 1.196130870561446
1802 1.196168761548032
1803 1.196206397864637
1804 1.196243998201508
1805 1.196281323892725
1806 1.196319253334386
1807 1.196357989413743
1808 1.196396114207855
1809 1.196434734746392
1810 1.196474333240918
1811 1.196512706192529
1812 1.196551862541058
1813 1.196591911351031
1814 1.196632166636205
1815 1.196673132673273
1816 1.196714375002766
1817 1.196755862061387
1818 1.196797570010107
1819 1.196840084254498
1820 1.196880762176103
1821 1.196922393595073
1822 1.19696439826358
1823 1.197006771801213
1824 1.19704947692534
1825 1.19709342935828
1826 1.197135548927681
1827 1.19717824297135
1828 1.197221740569168
1829 1.197265927918068
1830 1.197310234773238
1831 1.197355194516506
1832 1.197399642121095
1833 1.19744479567995
1834 1.197490035210224
1835 1.197535624498306
1836 1.197580745008575
1837 1.197626651224706
1838 1.197673716831895
1839 1.197719929830815
1840 1.197766195263668
1841 1.197813663270071
1842 1.197859682201482
1843 1.197906651680252
1844 1.197954247101134
1845 1.198002189038476
1846 1.198050355985717
1847 1.198098627977349
1848 1.198147178777742
1849 1.19819594957065
1850 1.198245119171926
1851 1.198293344118635
1852 1.198341093424696
1853 1.198389445951994
1854 1.198438370369848
1855 1.198487392564011
1856 1.198536600706068
1857 1.198586883636387
1858 1.198637312393282
1859 1.198687940720402
1860 1.198737910593321
1861 1.198787875535027
1862 1.198838106647081
1863 1.198890212455064
1864 1.198942459056988
1865 1.198991694678804
1866 1.199041171257682
1867 1.199091973346722
1868 1.199144472419077
1869 1.199196595181437
1870 1.199248808024609
1871 1.19930004937018
1872 1.199352153859536
1873 1.199403675523473
1874 1.199455274515035
1875 1.199507515180944
1876 1.199560497112386
1877 1.199614031160259
1878 1.199667389205944
1879 1.199721269522071
1880 1.199774901136882
1881 1.199827514444897
1882 1.199880725818861
1883 1.199934299143039
1884 1.199987840872878
1885 1.200041505367131
1886 1.20009548728454
1887 1.200149294066694
1888 1.200203089289816
1889 1.200257453842634
1890 1.200313260089512
1891 1.200367621561354
1892 1.200422203038304
1893 1.20047675376486
1894 1.200531645378312
1895 1.200586514758385
1896 1.200642480389316
1897 1.200699652395007
1898 1.20075605935179
1899 1.20081193384846
1900 1.200867581022897
1901 1.200924519782581
1902 1.200980176708411
1903 1.201036492391364
1904 1.201092487420236
1905 1.201150311115654
1906 1.201207589225549
1907 1.201263279357446
1908 1.201319171152843
1909 1.201375583717849
1910 1.201433546709131
1911 1.201491563889154
1912 1.201549616903794
1913 1.201608467176009
1914 1.201667345104127
1915 1.201725325555935
1916 1.201783206463825
1917 1.201842175321386
1918 1.201899619401701
1919 1.20195731893241
1920 1.202015122170927
1921 1.202074737603244
1922 1.202133142478412
1923 1.202191885575971
1924 1.202251025971386
1925 1.202310709005487
1926 1.202371927591469
1927 1.202432096646517
1928 1.202490726615017
1929 1.202549873448882
1930 1.202609715156417
1931 1.202670507587629
1932 1.202732082334362
1933 1.202791133675132
1934 1.202851113998022
1935 1.202910840168319
1936 1.202972581375335
1937 1.203033493813914
1938 1.203094360213909
1939 1.203155543431408
1940 1.203216454199986
1941 1.203276164726937
1942 1.203336088611237
1943 1.203397764003279
1944 1.203459627590247
1945 1.203522337279954
1946 1.203584997746275
1947 1.20364707197855
1948 1.203709121617679
1949 1.20377186090519
1950 1.203832531231557
1951 1.203893253047369
1952 1.203954294874821
1953 1.204016330402521
1954 1.204078664765689
1955 1.20414168634009
1956 1.204204224141853
1957 1.20426721877573
1958 1.204331083604336
1959 1.204395728179459
1960 1.204458628940203
1961 1.204520789213231
1962 1.204583329349589
1963 1.204647502131128
1964 1.20470979038687
1965 1.2047717654374
1966 1.204834642805319
1967 1.204900129127904
1968 1.204963729866333
1969 1.205026862196176
1970 1.205090054824494
1971 1.205153852364078
1972 1.205217675176075
1973 1.205281810487864
1974 1.205346300447075
1975 1.205410240125866
1976 1.205473344519443
1977 1.205536138108656
1978 1.205598288495118
1979 1.205662408586931
1980 1.205725876535897
1981 1.205790586147282
1982 1.205854905838084
1983 1.205918497512421
1984 1.205983276325608
1985 1.206047891354419
1986 1.206112326039392
1987 1.206177379724342
1988 1.206243811774081
1989 1.206306325321026
1990 1.206369322398374
1991 1.206432957539028
1992 1.206498183912358
1993 1.206561774602329
1994 1.206626374339345
1995 1.2066908417902
1996 1.206755223836395
1997 1.20681919281238
1998 1.206883707105026
1999 1.206947636806698
2000 1.207011994639035
2001 1.207076105506352
2002 1.207140869228312
2003 1.20720537918585
2004 1.207270508759315
2005 1.207336630553442
2006 1.207400700897723
2007 1.207464581425804
2008 1.207529238953826
2009 1.20759577105881
2010 1.207661538531057
2011 1.207726405248484
2012 1.207790858470456
2013 1.207855629070523
2014 1.207921114100466
2015 1.207986040365304
2016 1.208051099942705
2017 1.208116399319514
2018 1.208183012829794
2019 1.208248779743705
2020 1.208313254230019
2021 1.208377648527991
2022 1.208441932572459
2023 1.208507527942436
2024 1.208574539553957
2025 1.208639447749438
2026 1.208704532030222
2027 1.208770899087083
2028 1.208835210081099
2029 1.208902224377209
2030 1.208968173974472
2031 1.209033787808995
2032 1.209098768510443
2033 1.209165986256529
2034 1.209228226568408
2035 1.209294974356593
2036 1.209361527094394
2037 1.209427397344622
2038 1.209488891877547
2039 1.209555316034265
2040 1.209621549743081
2041 1.209688336496032
2042 1.209752345710265
2043 1.209819427080515
2044 1.209885803403772
2045 1.20995336879919
2046 1.210020550003381
2047 1.210087607217558
2048 1.210155341304143
2049 1.210221857625483
2050 1.210289004480539
2051 1.210354473848805
2052 1.210418858112731
2053 1.21047955718735
2054 1.210546324198438
2055 1.210614252227639
2056 1.210682161081829
2057 1.210749659179448
2058 1.210817815188749
2059 1.210880575552975
2060 1.210948898670561
2061 1.211014132975159
2062 1.211079909196694
2063 1.211145246479312
2064 1.211206116893758
2065 1.211272471343657
2066 1.211340377565171
2067 1.21140702216126
2068 1.211473044604844
2069 1.211539248585094
2070 1.211601164762734
2071 1.211668209079469
2072 1.211736020221353
2073 1.211803352325127
2074 1.211865295981406
2075 1.211931971459649
2076 1.211998338326619
2077 1.212064509409151
2078 1.212129755205
2079 1.212194237932692
2080 1.212259874931244
2081 1.212320529181535
2082 1.212387214731352
2083 1.212453371676695
2084 1.212519583282108
2085 1.212585216936521
2086 1.212650923336794
2087 1.212716657005475
2088 1.212781637597852
2089 1.212842803108446
2090 1.212909230199155
2091 1.212975156455246
2092 1.213039714799597
2093 1.213105109526934
2094 1.213170379106965
2095 1.213235164916162
2096 1.213300399950852
2097 1.213360229814842
2098 1.213423842182985
2099 1.213488719035946
2100 1.21355472820281
2101 1.213620948052889
2102 1.213681499100736
2103 1.213745495843477
2104 1.213809689421112
2105 1.213876449743815
2106 1.213940344590226
2107 1.214003582728787
2108 1.214067978418559
2109 1.214132728124257
2110 1.214196669461553
2111 1.214260907853406
2112 1.214324814308011
2113 1.214389656801483
2114 1.214451589797119
2115 1.214514515555567
2116 1.21457279018072
2117 1.214637214996597
2118 1.214702261750212
2119 1.214766810758951
2120 1.214831223594819
2121 1.214894404360311
2122 1.214959529067433
2123 1.215023986611054
2124 1.215086006449877
2125 1.215148417374421
2126 1.215211563051167
2127 1.215275243064459
2128 1.215337911295888
2129 1.215400583032783
2130 1.215462909685119
2131 1.215526356378724
2132 1.215589651395777
2133 1.215652230564217
2134 1.215713371677891
2135 1.215770347896217
2136 1.215834738835484
2137 1.215897899851538
2138 1.215961369299331
2139 1.216024921895336
2140 1.216086270586659
2141 1.216147691872527
2142 1.216205137509436
2143 1.216269432408178
2144 1.216332535001276
2145 1.216393843540377
2146 1.216455736197869
2147 1.216518444459977
2148 1.216580872470138
2149 1.216643114386376
2150 1.216705525407689
2151 1.216767691616862
2152 1.216829808672282
2153 1.216890488869004
2154 1.21695071686259
2155 1.217011818897975
2156 1.217072900491311
2157 1.217134214773878
2158 1.217195191558324
2159 1.217257301442429
2160 1.21731743881883
2161 1.217377898045304
2162 1.217438538562233
2163 1.217500792503428
2164 1.217561532924545
2165 1.217621398727001
2166 1.217680711564607
2167 1.217740887225521
2168 1.217802164606025
2169 1.217862446311756
2170 1.21792245588079
2171 1.217981543780395
2172 1.218041149625902
2173 1.218101468676223
2174 1.218162078728383
2175 1.218222924796773
2176 1.218282881200048
2177 1.218343628369515
2178 1.218402131145589
2179 1.218459685149321
2180 1.21851760305749
2181 1.218577551365283
2182 1.218636225911138
2183 1.218695973398506
2184 1.218756868289178
2185 1.218815215761509
2186 1.218873855139707
2187 1.218934652044269
2188 1.218991813381714
2189 1.219048290101026
2190 1.219105560640148
2191 1.219163234449358
2192 1.219223032543552
2193 1.21928047231262
2194 1.219338302733702
2195 1.21939690122973
2196 1.219455904090604
2197 1.219514670715608
2198 1.219572210261895
2199 1.219630785512284
2200 1.219688944459366
2201 1.219746281042771
2202 1.219804520136461
2203 1.219860129579515
2204 1.219915971242589
2205 1.219972228964998
2206 1.220029019907573
2207 1.220086818444077
2208 1.220142612003148
2209 1.220197862375394
2210 1.220253627879071
2211 1.220311069814586
2212 1.220369131305348
2213 1.220425765593886
2214 1.220483215515268
2215 1.220537841895192
2216 1.220593291308416
2217 1.220646901874666
2218 1.220702712533276
2219 1.220758205902992
2220 1.220813803974651
2221 1.220870386688843
2222 1.220927137207582
2223 1.22098457578217
2224 1.221040680119077
2225 1.221095874179986
2226 1.221150888862736
2227 1.221203396039494
2228 1.221256261745423
2229 1.221309634086426
2230 1.221364479058124
2231 1.221419961513758
2232 1.221475370797487
2233 1.221528695670534
2234 1.221582331073164
2235 1.22163664306216
2236 1.221691885611365
2237 1.221747472691245
2238 1.221801981259145
2239 1.221856204459656
2240 1.221909288556257
2241 1.221961326583903
2242 1.222014293452904
2243 1.222066784814485
2244 1.22212095647336
2245 1.222173856729563
2246 1.222225784452266
2247 1.222278122797835
2248 1.222330906154318
2249 1.22238351411663
2250 1.222437034497348
2251 1.222490100166405
2252 1.222544087816528
2253 1.222597501536717
2254 1.222648124227845
2255 1.22269857559951
2256 1.222750161086278
2257 1.222803093285841
2258 1.222855930464021
2259 1.222908451626913
2260 1.222960231371943
2261 1.223012301720742
2262 1.223064401576917
2263 1.223116537134032
2264 1.223165101769692
2265 1.223214504380301
2266 1.223263130910765
2267 1.223313882142495
2268 1.22336506503256
2269 1.223416443559108
2270 1.223467889511859
2271 1.223519636558215
2272 1.223569777205062
2273 1.223620295103486
2274 1.223671115962354
2275 1.223722153634857
2276 1.223770872492417
2277 1.223819566825746
2278 1.223868766383355
2279 1.223916990975873
2280 1.223965450558314
2281 1.22401490200258
2282 1.224064819230574
2283 1.224115080512482
2284 1.22416386451997
2285 1.224211747237262
2286 1.224260145352412
2287 1.224309470652454
2288 1.224359329810277
2289 1.224408468106278
2290 1.224455847077385
2291 1.224503168246837
2292 1.224551878560073
2293 1.224598530595114
2294 1.224644813614513
2295 1.224693999136183
2296 1.224742426645246
2297 1.224789228319966
2298 1.224836136420396
2299 1.224885014725595
2300 1.224933323494703
2301 1.224981147959728
2302 1.225028636681746
2303 1.225075170889491
2304 1.225120566286674
2305 1.225165258626689
2306 1.225210340516842
2307 1.22525767439653
2308 1.225303300128011
2309 1.22534974757557
2310 1.225396869998086
2311 1.225444040538951
2312 1.22549136851017
2313 1.225537942435665
2314 1.225583875907427
2315 1.225627788949771
2316 1.225672484526832
2317 1.225717460125386
2318 1.225762393486717
2319 1.225808072795253
2320 1.225854153564742
2321 1.225899855951984
2322 1.2259461981376
2323 1.225990138844745
2324 1.226033789560477
2325 1.226077412869249
2326 1.226121430374967
2327 1.226165053687888
2328 1.226208013132468
2329 1.226252554447103
2330 1.226297845013347
2331 1.226344336630592
2332 1.226388546284249
2333 1.226433064017243
2334 1.226477294152264
2335 1.226523249320707
2336 1.2265650922447
2337 1.226606125764402
2338 1.226647810625137
2339 1.226691643204473
2340 1.226734326704504
2341 1.226777373949141
2342 1.226820020966059
2343 1.226859889009012
2344 1.22690301752645
2345 1.226941708513925
2346 1.226985257952489
2347 1.227029270731806
2348 1.227068932593926
2349 1.227112123098596
2350 1.227155150508718
2351 1.227198369724154
2352 1.227241553137956
2353 1.227283001014846
2354 1.227323375247058
2355 1.227364978532892
2356 1.227407856278759
2357 1.227447016633089
2358 1.22749122199428
2359 1.227533574429027
2360 1.227571010761847
2361 1.227614279247587
2362 1.227653606847249
2363 1.227695392541057
2364 1.227733430777656
2365 1.227773900273566
2366 1.227815153438312
2367 1.2278512777448
2368 1.227892127250424
2369 1.227935715827272
2370 1.227974360847864
2371 1.228008380992744
2372 1.228050554845661
2373 1.228093885611404
2374 1.228132092940206
2375 1.228174644295154
2376 1.228216923168668
2377 1.228255762156672
2378 1.228295733236576
2379 1.228333240593883
2380 1.22837142500897
2381 1.228405759341833
2382 1.228446660819059
2383 1.228486186944091
2384 1.228522101445426
2385 1.228562273397341
2386 1.228597853660808
2387 1.228638919812607
2388 1.228680124363078
2389 1.228715427511623
2390 1.228752699952605
2391 1.228790955324707
2392 1.228830821086642
2393 1.228866729169262
2394 1.228905945902926
2395 1.22894132411103
2396 1.22898071940423
2397 1.229019952003275
2398 1.229054065704966
2399 1.22909181301844
2400 1.229129051331199
2401 1.229166508115422
2402 1.22920304903375
2403 1.22923631818176
2404 1.229275520262624
2405 1.229316168309536
2406 1.229348392282328
2407 1.22938504496424
2408 1.229422363986187
2409 1.229454389949829
2410 1.229491628039489
2411 1.22952607870454
2412 1.229564078315662
2413 1.22960273758158
2414 1.229635693035005
2415 1.229671715897988
2416 1.229706929075574
2417 1.229738303581676
2418 1.229773799966593
2419 1.229810001830259
2420 1.229846525290485
2421 1.229884536465565
2422 1.22992001835966
2423 1.229955555112315
2424 1.229988199009382
2425 1.230026557745836
2426 1.230063312688003
2427 1.230093891603305
2428 1.230124019303191
2429 1.230159676355977
2430 1.230193115907075
2431 1.230227740552927
2432 1.230262652037127
2433 1.230297506634031
2434 1.230327795400694
2435 1.230362791208094
2436 1.230398126909699
2437 1.230433438033775
2438 1.230467465432021
2439 1.230499895769327
2440 1.230531740625481
2441 1.230562271989623
2442 1.230596561022992
2443 1.230630926395528
2444 1.230665922345064
2445 1.230695935270684
2446 1.230728731706018
2447 1.230757847438547
2448 1.230792590035143
2449 1.23082554569557
2450 1.230853990599728
2451 1.230886870469944
2452 1.23092029122687
2453 1.230954145099555
2454 1.230987200978859
2455 1.231015980050463
2456 1.231049491018357
2457 1.23107961505813
2458 1.231113579168538
2459 1.231142980092284
2460 1.231176704128021
2461 1.231209316364599
2462 1.231244090567999
2463 1.231277871135838
2464 1.231308651514016
2465 1.231334713220927
2466 1.231365562495608
2467 1.231397543153465
2468 1.231429570164901
2469 1.231462059176446
2470 1.23149604282575
2471 1.231524517909365
2472 1.231553553386865
2473 1.231585561265291
2474 1.231611776341872
2475 1.231642836512277
2476 1.23167349778744
2477 1.231705269359676
2478 1.231736124568694
2479 1.231766987814176
2480 1.231798293418347
2481 1.23182986844722
2482 1.231861696388625
2483 1.231888477717809
2484 1.231919187122677
2485 1.231949890719308
2486 1.23198145743408
2487 1.232012654911033
2488 1.232038212406591
2489 1.232068218709502
2490 1.23209476338127
2491 1.232126336899736
2492 1.232156978587312
2493 1.232187657257739
2494 1.232214402742637
2495 1.232242051816701
2496 1.232270656206554
2497 1.232300640619362
2498 1.23232991331204
2499 1.232359320492404
2500 1.232389292419483
2501 1.23241982507838
2502 1.232447624817436
2503 1.232473108469973
2504 1.232501513255552
2505 1.232526249120281
2506 1.232554280125126
2507 1.232578985302499
2508 1.232609445915796
2509 1.232634480116999
2510 1.232663156520589
2511 1.232689505431074
2512 1.232718426839726
2513 1.23274612391604
2514 1.232773282056595
2515 1.232797513878178
2516 1.232828487720701
2517 1.232860691666506
2518 1.232890565842655
2519 1.232916016711677
2520 1.232944609768147
2521 1.232972890873405
2522 1.232997500021886
2523 1.233025701814368
2524 1.233048086610868
2525 1.23307448778021
2526 1.233101863716017
2527 1.233126713117712
2528 1.233153972339252
2529 1.233178458247322
2530 1.233208524659679
2531 1.23323655451949
2532 1.233264735218256
2533 1.233288133181519
2534 1.233317224857461
2535 1.23334073269975
2536 1.233369476177335
2537 1.233397911688137
2538 1.233424987666729
2539 1.233446944506653
2540 1.233472998059086
2541 1.233495515525823
2542 1.233524902185419
2543 1.233553076680957
2544 1.233580749880731
2545 1.233609631295839
2546 1.233632339827701
2547 1.233661245283027
2548 1.233683974506045
2549 1.233709432209204
2550 1.23373215900932
2551 1.233758281181178
2552 1.233781210474764
2553 1.233806877117262
2554 1.233830197255423
2555 1.233853202495187
2556 1.233882603790235
2557 1.233906378425979
2558 1.233934438007594
2559 1.233956281421877
2560 1.233979261513125
2561 1.23400748834452
2562 1.234030771398662
2563 1.234053681725617
2564 1.234082199553492
2565 1.234106183246742
2566 1.234129581472893
2567 1.23415384668671
2568 1.234183272953102
2569 1.234206551433451
2570 1.234233280347628
2571 1.234255013214449
2572 1.234278479988643
2573 1.234302886392622
2574 1.23433064407268
2575 1.234355388059177
2576 1.23438053442338
2577 1.234401496639099
2578 1.234427531014364
2579 1.234450709957272
2580 1.234479262858929
2581 1.234506251745733
2582 1.234532230976219
2583 1.234553884161901
2584 1.234582134351927
2585 1.234603943528376
2586 1.234626684464487
2587 1.23464974648684
2588 1.234675641459248
2589 1.234696411602247
2590 1.234719122150114
2591 1.234741077551858
2592 1.234761582388791
2593 1.234787957590944
2594 1.234812514269378
2595 1.234834370768996
2596 1.234861671405616
2597 1.234884092977177
2598 1.234908822864242
2599 1.234930329570187
2600 1.234953651793786
2601 1.234974594399363
2602 1.234998415773589
2603 1.235018580245818
2604 1.235038303746145
2605 1.235061756951214
2606 1.235086712025419
2607 1.235106547677597
2608 1.235130236709291
2609 1.235152760282507
2610 1.235176066927013
2611 1.23519607914571
2612 1.235221184929513
2613 1.235242433028086
2614 1.235267089162074
2615 1.235286466869911
2616 1.235306682937849
2617 1.235331643333427
2618 1.235352565359375
2619 1.235377941769428
2620 1.235398621762994
2621 1.235417785925116
2622 1.235437619960296
2623 1.235461967632998
2624 1.235484256682372
2625 1.235503106391242
2626 1.23552219875632
2627 1.235545370307714
2628 1.235565399895551
2629 1.23559047521118
2630 1.23561062812662
2631 1.235632661862562
2632 1.235654326573907
2633 1.235677438555596
2634 1.235702745096152
2635 1.235722691121439
2636 1.235742518232529
2637 1.235762099210871
2638 1.235782081671963
2639 1.235802144756777
2640 1.235826571735478
2641 1.235847118847472
2642 1.235870948443923
2643 1.235890371593887
2644 1.235911848530503
2645 1.235935352440061
2646 1.235958519041713
2647 1.235982260055821
2648 1.236002324268812
2649 1.236019939581954
2650 1.236037217351323
2651 1.23605532198334
2652 1.236076528444795
2653 1.23610184357615
2654 1.236123179268335
2655 1.236149292991226
2656 1.236169000831093
2657 1.236188977704949
2658 1.236209492156274
2659 1.236230361924405
2660 1.236251146007396
2661 1.236271960854146
2662 1.236290787557566
2663 1.236309897456912
2664 1.236330263484587
2665 1.236349537496702
2666 1.236367368882084
2667 1.236391148038666
2668 1.236411734280917
2669 1.23643225900438
2670 1.236454254545953
2671 1.236478997264727
2672 1.236500325889414
2673 1.236520832103209
2674 1.23653867890073
2675 1.236559598854386
2676 1.236578260734391
2677 1.236597794811668
2678 1.236618409433609
2679 1.2366369399566
2680 1.236656713135055
2681 1.2366776896869
2682 1.236697493854689
2683 1.236717098143694
2684 1.236738893346827
2685 1.236756630645189
2686 1.236775002196718
2687 1.236794197992912
2688 1.236817536544865
2689 1.236836143056064
2690 1.23686019321393
2691 1.236879126155857
2692 1.236896652839352
2693 1.236916903503281
2694 1.236936791074835
2695 1.236957130949767
2696 1.236976748966394
2697 1.236995631745795
2698 1.237013808923392
2699 1.237032359966235
2700 1.237052235330095
2701 1.237071516330574
2702 1.237087853365088
2703 1.237105434681441
2704 1.237124785386377
2705 1.237143723257164
2706 1.237161182772456
2707 1.237185251208282
2708 1.237205447436829
2709 1.23722400628544
2710 1.237245217044764
2711 1.237265574596089
2712 1.237283484425305
2713 1.237301827245013
2714 1.237321677180334
2715 1.237341676172417
2716 1.237360396468218
2717 1.237380074368686
2718 1.237398020842315
2719 1.237415882711273
2720 1.237435683027683
2721 1.237451928502628
2722 1.237466887089666
2723 1.237483477055332
2724 1.237502083443392
2725 1.237520462526058
2726 1.237541750994259
2727 1.237562780559581
2728 1.237588331381337
2729 1.237608634155563
2730 1.237627355328727
2731 1.237645289822768
2732 1.237662203465259
2733 1.237680414277712
2734 1.237696883932386
2735 1.237713760477792
2736 1.237730656712643
2737 1.237747533655596
2738 1.237766070717864
2739 1.237785323862188
2740 1.237804906523376
2741 1.237822280565325
2742 1.237840720935365
2743 1.237859196174492
2744 1.237883652292771
2745 1.237902236081998
2746 1.237919237762533
2747 1.237936577614886
2748 1.237952808769619
2749 1.237970131466062
2750 1.237985632737164
2751 1.238002408581505
2752 1.238021347300935
2753 1.238041103002868
2754 1.238065331565398
2755 1.238084234368084
2756 1.238103693684188
2757 1.238119597596342
2758 1.238136710014677
2759 1.23815192344506
2760 1.238167604551592
2761 1.238182953553465
2762 1.238200020337882
2763 1.238217720912123
2764 1.2382354676709
2765 1.238254116015616
2766 1.238277414967125
2767 1.238296156451846
2768 1.238317198336574
2769 1.238334188785688
2770 1.238349758271291
2771 1.238366565943999
2772 1.238384078332137
2773 1.238400935357179
2774 1.238420547763674
2775 1.238435720498722
2776 1.238451995685934
2777 1.238469211132182
2778 1.238488519840194
2779 1.238507428864024
2780 1.238524406507015
2781 1.238540758898631
2782 1.238555954733434
2783 1.238570563765386
2784 1.238586796697902
2785 1.238603039369942
2786 1.238623125534028
2787 1.238641227905957
2788 1.238660003500259
2789 1.238675456299437
2790 1.238691593330598
2791 1.238712608270709
2792 1.238729490722901
2793 1.238747519288089
2794 1.238765801519072
2795 1.238782209874191
2796 1.238798259842933
2797 1.23881476531711
2798 1.238835888631469
2799 1.238851652893369
2800 1.238867592565567
2801 1.238884258774255
2802 1.238901003144713
2803 1.238917593671391
2804 1.238933872238043
2805 1.238949879177245
2806 1.23896635760289
2807 1.238981862549178
2808 1.238999069742383
2809 1.239017134198372
2810 1.239035788912272
2811 1.239053275643302
2812 1.239069331652038
2813 1.239087595031947
2814 1.239104755384474
2815 1.239121667357228
2816 1.239138545218906
2817 1.239156229637393
2818 1.239174154290804
2819 1.239188264504356
2820 1.239203353648485
2821 1.239217894256562
2822 1.239233219531537
2823 1.239250074946948
2824 1.239270018677202
2825 1.239290629273214
2826 1.239307934371972
2827 1.2393249172272
2828 1.239341167993769
2829 1.239358151402312
2830 1.239374997799083
2831 1.239388903177798
2832 1.239403943560018
2833 1.239419936296071
2834 1.239439736699567
2835 1.239457834089995
2836 1.239478210175105
2837 1.239494045747239
2838 1.239509880650674
2839 1.239526582101573
2840 1.239543294640518
2841 1.239558638590045
2842 1.239573249280629
2843 1.239587916527366
2844 1.239603896634047
2845 1.239620178629904
2846 1.239634833094252
2847 1.239655366025308
2848 1.239670760665981
2849 1.239686517951129
2850 1.239706539535112
2851 1.239723163809235
2852 1.239739196890297
2853 1.239754722403514
2854 1.239770657446436
2855 1.239784969563004
2856 1.239799605865368
2857 1.239814016479019
2858 1.239828994579677
2859 1.239844941852427
2860 1.239861165220548
2861 1.239877040976723
2862 1.239892719908491
2863 1.239907597513258
2864 1.239923733182651
2865 1.23993851033287
2866 1.239954584527259
2867 1.239971289925718
2868 1.239989050012293
2869 1.240008495544521
2870 1.240022126958082
2871 1.240036202450619
2872 1.240050940893174
2873 1.240068856347987
2874 1.240083926548733
2875 1.240099277271846
2876 1.240114706859194
2877 1.240131256031835
2878 1.240146329138118
2879 1.240161959563379
2880 1.240178572028663
2881 1.240194088524365
2882 1.240211357113157
2883 1.240225673433606
2884 1.240239874491066
2885 1.240254314560484
2886 1.240274258523708
2887 1.240289259818885
2888 1.240305316580757
2889 1.240320840136932
2890 1.240336543492595
2891 1.240352768875709
2892 1.240369541597138
2893 1.240384288707006
2894 1.240396191433292
2895 1.240408692658623
2896 1.240421667104704
2897 1.240436430489623
2898 1.240453321830455
2899 1.240469964207567
2900 1.240485578758318
2901 1.240504483604242
2902 1.240518998619057
2903 1.240535823031919
2904 1.240550406304732
2905 1.240565712049245
2906 1.240581259622376
2907 1.240597543297143
2908 1.240615486929888
2909 1.240627430074683
2910 1.240640800174075
2911 1.240654380815532
2912 1.240669416822257
2913 1.240688581555792
2914 1.240702575116328
2915 1.240716351098451
2916 1.240731224147779
2917 1.240745949539929
2918 1.240761058768546
2919 1.240776630996874
2920 1.240792624301408
2921 1.240807584782501
2922 1.240822560022659
2923 1.240840436471339
2924 1.240853698744928
2925 1.240867403079247
2926 1.24088084485148
2927 1.240898779981881
2928 1.240914376748856
2929 1.240928399470994
2930 1.240942345750004
2931 1.240957727940428
2932 1.24097283615489
2933 1.240987762058333
2934 1.241002022658455
2935 1.241015925117482
2936 1.241030472767681
2937 1.241045575397342
2938 1.241065114600672
2939 1.241080252161919
2940 1.241091434693002
2941 1.241109191886223
2942 1.241123011700463
2943 1.241137772822284
2944 1.241155440434919
2945 1.241168721710144
2946 1.241183730543406
2947 1.241196603142981
2948 1.241214639463034
2949 1.241228330664626
2950 1.241243273167292
2951 1.241257880038047
2952 1.241272420035102
2953 1.241285119213895
2954 1.241298157122121
2955 1.241311328999038
2956 1.241329060797283
2957 1.241344957808313
2958 1.241357439888023
2959 1.24137138086069
2960 1.241384604905742
2961 1.241402016598333
2962 1.24141585720216
2963 1.241430071961059
2964 1.241444426272166
2965 1.24145956082118
2966 1.241472979775391
2967 1.241486274746704
2968 1.241504346967583
2969 1.241517184553763
2970 1.241530811153087
2971 1.241544069742847
2972 1.241556666220732
2973 1.241568244626758
2974 1.241580598163672
2975 1.241594125954853
2976 1.241607493252782
2977 1.241623254782061
2978 1.241637574450632
2979 1.241652094633603
2980 1.241667215351719
2981 1.24168277966541
2982 1.241697136431094
2983 1.241710229320626
2984 1.241725219966962
2985 1.241739437521058
2986 1.241753362748693
2987 1.241767773354821
2988 1.241780400577476
2989 1.241793037754607
2990 1.241807375160353
2991 1.241821947760868
2992 1.241833596906591
2993 1.241847578965438
2994 1.241861771214884
2995 1.241876617910463
2996 1.241892906845007
2997 1.241908826884862
2998 1.241924404686356
2999 1.241939626493445
3000 1.2419530348268
