"lift-rfile"
"Iteration" "lift"
("Iteration" "lift")
1 -3.288809458833509
2 -4.92154550868662
3 -6.149359143499804
4 -6.9678340409622
5 -7.491240499582088
6 -7.700641967847306
7 -7.669359105162253
8 -7.334082874697362
9 -6.857054771132919
10 -6.389705302258374
11 -6.108296854429738
12 -5.818351751017024
13 -5.578160853059309
14 -5.386083505672216
15 -5.22536665918759
16 -5.084573505404485
17 -4.939328196016056
18 -4.774805574047114
19 -4.590944625493239
20 -4.379744819958507
21 -4.147635636923
22 -3.89609677524507
23 -3.639719969046323
24 -3.383903174257322
25 -3.131162167263424
26 -2.883582576838951
27 -2.642971987697482
28 -2.40880423174695
29 -2.185019668170199
30 -1.971639923892128
31 -1.76364346191375
32 -1.56716314196257
33 -1.377866296477148
34 -1.202132567975344
35 -1.034581481141112
36 -0.8702611709577782
37 -0.7190619724875974
38 -0.576964480850123
39 -0.4437508264119894
40 -0.3214393217437806
41 -0.2095582503864798
42 -0.1083439407503005
43 -0.0158326787650354
44 0.06912232845835842
45 0.1476708952239888
46 0.2201125662712875
47 0.2873392830645369
48 0.349693169156887
49 0.4067104739531894
50 0.4591201172392435
51 0.508402377729107
52 0.5543865817673686
53 0.5961962936421146
54 0.6354804834981187
55 0.6731268944573405
56 0.7081811115435548
57 0.7407828100739893
58 0.7705778554103827
59 0.7984467656589951
60 0.8227907570391163
61 0.8444588882779067
62 0.8618064426898158
63 0.8761064105524951
64 0.8862893758888394
65 0.8925796376873234
66 0.8943450430585517
67 0.89106923073722
68 0.8831245623001437
69 0.870214032373505
70 0.8522472519398975
71 0.8291765397243379
72 0.8009793466388037
73 0.7676572756453651
74 0.7289372603843064
75 0.6855295116953177
76 0.636883748818069
77 0.5834907034669122
78 0.5255450113672776
79 0.4632740221181431
80 0.3964788560267322
81 0.3260744153857238
82 0.2525830727664268
83 0.175965449661057
84 0.09657187498244019
85 0.01480629395138433
86 -0.06898080660881324
87 -0.1544080760536054
88 -0.2410175449414301
89 -0.3283726784968702
90 -0.4160588699805599
91 -0.5035285052435864
92 -0.5904710851601749
93 -0.6764966815508645
94 -0.7611694269984493
95 -0.8441497688979908
96 -0.9249951938019912
97 -1.003348717320654
98 -1.079143304043436
99 -1.151773593148768
100 -1.220950035041313
101 -1.286390208484666
102 -1.347877557007805
103 -1.405244748124412
104 -1.45827505536058
105 -1.506992219711532
106 -1.550926556972273
107 -1.590231293129615
108 -1.624860302236171
109 -1.654757923780133
110 -1.679980927055355
111 -1.700545405939319
112 -1.716526965976729
113 -1.728018945128564
114 -1.735120473721254
115 -1.737950968545462
116 -1.736654219843465
117 -1.731274407285244
118 -1.722110871634475
119 -1.70927715284183
120 -1.692962641910266
121 -1.673341826847252
122 -1.650611478500755
123 -1.624965306584509
124 -1.596738309265141
125 -1.565994571607035
126 -1.532975905795049
127 -1.497740338215453
128 -1.460504779170361
129 -1.421574194809387
130 -1.38115718772777
131 -1.339455710477274
132 -1.296678237392301
133 -1.253220094538389
134 -1.208974967758713
135 -1.164239505479636
136 -1.119215359153631
137 -1.07404715159884
138 -1.028938786905376
139 -0.9841870379409503
140 -0.9398734068955875
141 -0.8962051304525429
142 -0.8532857137345364
143 -0.811254693135496
144 -0.7702524890114053
145 -0.7304169804630282
146 -0.6919454338703001
147 -0.6548222364069544
148 -0.6191299966897811
149 -0.5850157246979901
150 -0.5525649877254828
151 -0.5218336495900569
152 -0.4928971110465113
153 -0.4658190655548791
154 -0.4406580359065841
155 -0.4174839591483366
156 -0.3963258763998436
157 -0.3771638492013843
158 -0.3600101769987042
159 -0.3448303900002464
160 -0.3316472531286691
161 -0.3204503670133926
162 -0.311222198400857
163 -0.3039433514290456
164 -0.2985449359329486
165 -0.2950380175106934
166 -0.2933901667750943
167 -0.2935622324660556
168 -0.2954989505248396
169 -0.2991525270520856
170 -0.304521121420466
171 -0.3115318565856652
172 -0.3201617000448628
173 -0.3303435058221494
174 -0.3420330931887433
175 -0.3551802674771955
176 -0.3697299568884827
177 -0.3856279698482497
178 -0.4027952765242346
179 -0.4212480961654673
180 -0.4408897127621503
181 -0.4616605680987295
182 -0.483485622115251
183 -0.5063232104633605
184 -0.530120674516688
185 -0.5548023442717617
186 -0.5803105353645567
187 -0.6065837452957984
188 -0.6335655185375489
189 -0.6611673588701198
190 -0.689312535872908
191 -0.7179226369461516
192 -0.7469202271449033
193 -0.7762288871191675
194 -0.8057524456647012
195 -0.835433273358102
196 -0.8651862294138496
197 -0.8949182488219133
198 -0.924523748627835
199 -0.9539101114313684
200 -0.9829961360159776
201 -1.011716474020024
202 -1.039945984635347
203 -1.067598359886292
204 -1.094584981422419
205 -1.12081950568127
206 -1.146178776419501
207 -1.170620614860457
208 -1.19406448792707
209 -1.216433543471867
210 -1.237663565302005
211 -1.257676582448212
212 -1.276403787948359
213 -1.293783590572579
214 -1.309771085634263
215 -1.324312570097859
216 -1.337363429941096
217 -1.348925635948425
218 -1.358909686281837
219 -1.36730727932486
220 -1.374123242429601
221 -1.379335665420428
222 -1.382935797215613
223 -1.384921419338879
224 -1.385303953573289
225 -1.384115241367664
226 -1.381385503859533
227 -1.377117610720194
228 -1.371347249162854
229 -1.36410740586234
230 -1.355459420611752
231 -1.345443572342677
232 -1.334116085702535
233 -1.321539995477206
234 -1.307777332584253
235 -1.292901524563334
236 -1.276983504350054
237 -1.260102359153786
238 -1.242341286445372
239 -1.22377788113549
240 -1.204501616631493
241 -1.184594664964649
242 -1.16415814517546
243 -1.143331994747626
244 -1.122158747415421
245 -1.100717518785042
246 -1.07910070255966
247 -1.057398429261309
248 -1.035704657133229
249 -1.014112961397739
250 -0.9927128706578354
251 -0.9715821386296487
252 -0.9508167042210566
253 -0.9304980393792017
254 -0.9107001748304356
255 -0.8914452904350966
256 -0.8728874998739651
257 -0.85508662973131
258 -0.8381248607750679
259 -0.8220462890049364
260 -0.8069013876932403
261 -0.7927491278522824
262 -0.7796418885999197
263 -0.7676136551429503
264 -0.7567006899334775
265 -0.7469372856300864
266 -0.7383458202595012
267 -0.7309471040036432
268 -0.7247584782918961
269 -0.7197921490510978
270 -0.7160515470755208
271 -0.7135391826288543
272 -0.7122506272320777
273 -0.7121743065515592
274 -0.7132986103026587
275 -0.7156038810848986
276 -0.7190673878167052
277 -0.7236641553681135
278 -0.7293651668641276
279 -0.7361345267664886
280 -0.7439371027300413
281 -0.7527315156621546
282 -0.7625023834950031
283 -0.7731791743698139
284 -0.7847108373034361
285 -0.7970432860885023
286 -0.8101238057327499
287 -0.8238943744879959
288 -0.8382972540373197
289 -0.853283455544714
290 -0.8687821176940977
291 -0.884734223246509
292 -0.901081825595631
293 -0.9177602754180538
294 -0.9347106815333918
295 -0.9518713797411974
296 -0.9691793850987324
297 -0.986574942036215
298 -1.003996921230349
299 -1.021384470055612
300 -1.038681920984277
301 -1.055833111284471
302 -1.072780263467055
303 -1.089470302498774
304 -1.10584660293203
305 -1.121868735119157
306 -1.13744751650473
307 -1.152605527699997
308 -1.167270217191423
309 -1.181404797481679
310 -1.194976267501041
311 -1.207939251245735
312 -1.220249936403152
313 -1.231892571615162
314 -1.242835139365727
315 -1.25305522050613
316 -1.262518393945892
317 -1.271231941171304
318 -1.279173032961765
319 -1.286330358417732
320 -1.292695748910054
321 -1.29826565557009
322 -1.303035972584445
323 -1.307008837041542
324 -1.310186223608286
325 -1.312573127595939
326 -1.314181494927981
327 -1.315021413535161
328 -1.315092997009741
329 -1.314425265546336
330 -1.313039546442002
331 -1.310956909844588
332 -1.308203546184509
333 -1.304801639103832
334 -1.300772554439849
335 -1.296151849803876
336 -1.29096137262446
337 -1.285256180482689
338 -1.279055014461715
339 -1.2723979035149
340 -1.265319822604772
341 -1.257856323301303
342 -1.250046099670414
343 -1.241924906967559
344 -1.233532042008646
345 -1.224906037722232
346 -1.21608422714548
347 -1.207106182250923
348 -1.198019410635128
349 -1.188851259992269
350 -1.179636428361119
351 -1.170409323924246
352 -1.161205629105524
353 -1.152062723700468
354 -1.143009330188297
355 -1.134079449577403
356 -1.125306416343459
357 -1.116716462203271
358 -1.108330719134777
359 -1.100198456408079
360 -1.092333960298663
361 -1.084763380471717
362 -1.077510077655209
363 -1.070596448328427
364 -1.064043140482661
365 -1.057871904387762
366 -1.052098889832523
367 -1.046742200436654
368 -1.041820697900286
369 -1.037339996402179
370 -1.033308758361148
371 -1.029735678675224
372 -1.026633121069053
373 -1.024006581767632
374 -1.021855529680521
375 -1.020183870357235
376 -1.018993671392431
377 -1.018285712122807
378 -1.018060406709901
379 -1.018315011434671
380 -1.019043323471909
381 -1.020239318382325
382 -1.021895006250637
383 -1.024000331516059
384 -1.026544544512925
385 -1.029519503095407
386 -1.032912446857426
387 -1.036709762846511
388 -1.040897711554492
389 -1.045460319234004
390 -1.050381350415677
391 -1.055644557995818
392 -1.061230099481797
393 -1.067107998500634
394 -1.073270541859675
395 -1.079696575714486
396 -1.08635233928213
397 -1.09323370578986
398 -1.100318149417183
399 -1.107583852177041
400 -1.115006788345155
401 -1.122575598286155
402 -1.13025687094408
403 -1.138029679939272
404 -1.145868603974563
405 -1.1537534462679
406 -1.161659116998951
407 -1.169564008327377
408 -1.177445862780631
409 -1.185279511142251
410 -1.193047210462912
411 -1.200726734151413
412 -1.208298307018449
413 -1.215739720461745
414 -1.223032706686271
415 -1.230156739055447
416 -1.237093098150736
417 -1.243825604281946
418 -1.250340593688201
419 -1.256606523581703
420 -1.262617455876566
421 -1.268358768855584
422 -1.273817150455977
423 -1.278975923833065
424 -1.283827759013649
425 -1.288366504285308
426 -1.292580105534231
427 -1.296459504426418
428 -1.299999384699236
429 -1.303194160524944
430 -1.30603893775491
431 -1.308537168586069
432 -1.310683863393952
433 -1.312469481639709
434 -1.313901738428771
435 -1.31498167952892
436 -1.315711607075035
437 -1.316095950844235
438 -1.316139536305029
439 -1.315846414593847
440 -1.315227969709814
441 -1.3142906372629
442 -1.313044738281122
443 -1.311498550672704
444 -1.309662352076333
445 -1.307554302323223
446 -1.305186350085582
447 -1.302573768929801
448 -1.299730860628438
449 -1.296673457857302
450 -1.293420623365079
451 -1.289985715963413
452 -1.286386235566429
453 -1.28263992071591
454 -1.278758925648647
455 -1.274766235789328
456 -1.270681454996056
457 -1.266520936528586
458 -1.262304967038037
459 -1.258049366908302
460 -1.253773123600894
461 -1.249492539309483
462 -1.24522645578662
463 -1.240992850113385
464 -1.236804451225022
465 -1.232677464378848
466 -1.228635089407846
467 -1.224693726167114
468 -1.220869977052915
469 -1.217177615805842
470 -1.21362946979755
471 -1.210240406162999
472 -1.207022384567683
473 -1.203989510625874
474 -1.201152753630552
475 -1.198523081262191
476 -1.196108957486897
477 -1.193916974800066
478 -1.191956387971107
479 -1.190233531120652
480 -1.188751489429569
481 -1.187515475571652
482 -1.186528941476098
483 -1.185793056424336
484 -1.185310344661583
485 -1.18508387198954
486 -1.185107999582286
487 -1.185382052562475
488 -1.185901856852134
489 -1.186665097381886
490 -1.187664907355004
491 -1.188899133286023
492 -1.190360503048955
493 -1.192041286222846
494 -1.193932720339975
495 -1.196026782957339
496 -1.198316781171532
497 -1.200787986668467
498 -1.203434786619095
499 -1.206245318179108
500 -1.209208802754981
501 -1.212313824636766
502 -1.215548759343104
503 -1.218900322427342
504 -1.222357653850365
505 -1.225905314518173
506 -1.229530337921661
507 -1.23322095781911
508 -1.236962665763534
509 -1.24074317843872
510 -1.244548634369069
511 -1.248364817039367
512 -1.252178146475338
513 -1.255977715958536
514 -1.259751112796836
515 -1.263485791898719
516 -1.267169018560152
517 -1.270789818284559
518 -1.274337918961536
519 -1.277806306584149
520 -1.281182061646258
521 -1.284455329259449
522 -1.287615788854545
523 -1.290656067409264
524 -1.293574220477255
525 -1.296356041244282
526 -1.298997365011866
527 -1.301491376799685
528 -1.303833624565922
529 -1.30602131119962
530 -1.308038391653554
531 -1.309899210732323
532 -1.311600077984644
533 -1.313142631469351
534 -1.314522220024899
535 -1.315739689142524
536 -1.316794875997461
537 -1.31768829224618
538 -1.318421407914634
539 -1.318995742189993
540 -1.31941632712916
541 -1.319686892656719
542 -1.319812070516317
543 -1.319794346375621
544 -1.319638249012093
545 -1.319347370971485
546 -1.318928876929188
547 -1.318394108920706
548 -1.317743418948153
549 -1.316981442136894
550 -1.316119896229639
551 -1.315161527889935
552 -1.314113900856271
553 -1.312985625040284
554 -1.311785244316781
555 -1.310505976075912
556 -1.309167541105656
557 -1.307780056640054
558 -1.30634919211477
559 -1.304881509154525
560 -1.303370987976227
561 -1.301839938035355
562 -1.300295475055119
563 -1.298745129237023
564 -1.297191224643147
565 -1.295643052705434
566 -1.294099471170517
567 -1.292574507006536
568 -1.291074119494256
569 -1.289604664976593
570 -1.288170138394418
571 -1.2867739324016
572 -1.285423153242794
573 -1.284122388979816
574 -1.28287519423507
575 -1.281688859374648
576 -1.280563688171066
577 -1.279503832239693
578 -1.278508765018194
579 -1.277581129325184
580 -1.276722326683667
581 -1.275936070456604
582 -1.275221665028235
583 -1.274581482580347
584 -1.274017566409205
585 -1.273530889173505
586 -1.273122170519317
587 -1.272799003968846
588 -1.27255381709922
589 -1.272387271300164
590 -1.272298844117154
591 -1.272288275368971
592 -1.272354681112653
593 -1.272487909749007
594 -1.27269661549651
595 -1.272969365729959
596 -1.273317808478759
597 -1.273740291041462
598 -1.274246495845645
599 -1.274822651674574
600 -1.275465258512617
601 -1.276173077110215
602 -1.27694502131629
603 -1.277776084219986
604 -1.278664138935358
605 -1.279607497494052
606 -1.280613090357655
607 -1.281670552425259
608 -1.282774269866701
609 -1.283918098880332
610 -1.285101840572522
611 -1.286319036150775
612 -1.287573304398808
613 -1.288856013051046
614 -1.29016400626791
615 -1.291496308130259
616 -1.292848510535103
617 -1.294217841531187
618 -1.295600681735937
619 -1.296993443035172
620 -1.298392637558178
621 -1.29979346589641
622 -1.301193131755057
623 -1.302587612511784
624 -1.303973895539819
625 -1.305349562276046
626 -1.306710851800454
627 -1.308053934515129
628 -1.309375362501822
629 -1.310663358582262
630 -1.311924197006876
631 -1.313154433590161
632 -1.314350573927169
633 -1.31551016661427
634 -1.316630915778922
635 -1.317710860617658
636 -1.318746201374524
637 -1.319734640971744
638 -1.320673864995506
639 -1.321560431100924
640 -1.322392133558836
641 -1.32316724914776
642 -1.323883657759162
643 -1.324540072059341
644 -1.325134881627319
645 -1.325667739066222
646 -1.326135578946091
647 -1.326541084272481
648 -1.326883179800841
649 -1.327160622817749
650 -1.327373107244634
651 -1.327522057536672
652 -1.327607984725967
653 -1.32763126185857
654 -1.327594074143931
655 -1.327497548033527
656 -1.327342519504153
657 -1.327131609487465
658 -1.326865694321174
659 -1.326546635441474
660 -1.326177286257354
661 -1.325759368087871
662 -1.325295545350888
663 -1.324789907350369
664 -1.324245137011564
665 -1.323664309203004
666 -1.323052262796183
667 -1.322410665024967
668 -1.321742019623905
669 -1.321050990779776
670 -1.320347980427246
671 -1.319629476928733
672 -1.318900250414185
673 -1.318162807525637
674 -1.317420409423658
675 -1.316678385080647
676 -1.315942823697919
677 -1.315214827858978
678 -1.314499124045439
679 -1.313799045968838
680 -1.313118641849537
681 -1.312461008441911
682 -1.311830727909081
683 -1.31123173540343
684 -1.31066882606544
685 -1.310143443007842
686 -1.30965775903359
687 -1.309215395465629
688 -1.308818490319314
689 -1.308470847929792
690 -1.308175229988896
691 -1.307933034518629
692 -1.307746888664517
693 -1.307618010902694
694 -1.307547992191902
695 -1.307539428880421
696 -1.307592701190043
697 -1.307707835743971
698 -1.30788597041515
699 -1.308127988153741
700 -1.308433626489707
701 -1.308803383215765
702 -1.309237382395919
703 -1.30973380017274
704 -1.31029345315398
705 -1.310914602934057
706 -1.311595479350796
707 -1.31233452709484
708 -1.313130403491444
709 -1.313980794934077
710 -1.314884291309606
711 -1.315838464406215
712 -1.316840176688215
713 -1.317887365691119
714 -1.318977013185811
715 -1.320105570984857
716 -1.321271126852496
717 -1.322470280545719
718 -1.323699504592255
719 -1.324954665412136
720 -1.32623171735289
721 -1.327527410888248
722 -1.328839109074609
723 -1.330162995410748
724 -1.331495262450524
725 -1.332831825138342
726 -1.334169390046452
727 -1.335501572625712
728 -1.336828221560506
729 -1.338144935618923
730 -1.339448518059509
731 -1.340735622734181
732 -1.342003414522275
733 -1.343249152059352
734 -1.344470017016975
735 -1.345660750288091
736 -1.346824338810027
737 -1.347955066421681
738 -1.34904932728516
739 -1.350105541618897
740 -1.351121188216039
741 -1.352095109566104
742 -1.353026056522086
743 -1.353911456272115
744 -1.354750283745179
745 -1.355542008169804
746 -1.356286454997175
747 -1.356983084936018
748 -1.357633620562834
749 -1.358235529525534
750 -1.358788768148128
751 -1.359293411641693
752 -1.35974950481689
753 -1.3601577004948
754 -1.360518609189842
755 -1.360832223416624
756 -1.361098999310216
757 -1.361321161887317
758 -1.361499938689826
759 -1.361636248025484
760 -1.361731884254518
761 -1.361788777902599
762 -1.361807823466633
763 -1.361791244858009
764 -1.361741687194624
765 -1.3616599562531
766 -1.361548085397164
767 -1.361408640318663
768 -1.361241748496725
769 -1.361051758143592
770 -1.360840368400989
771 -1.360610149555573
772 -1.36036268125077
773 -1.360101636576464
774 -1.35982855430104
775 -1.359546498050966
776 -1.359254870150848
777 -1.358958967155229
778 -1.358661065623075
779 -1.358362959241183
780 -1.358067481983163
781 -1.357775347858796
782 -1.357489155847225
783 -1.357210670328497
784 -1.356942568233975
785 -1.356686156313494
786 -1.356442242313642
787 -1.356213063036348
788 -1.355999742072182
789 -1.355802873295798
790 -1.355623942202413
791 -1.355463269684179
792 -1.355321448391259
793 -1.355200415790103
794 -1.355100542083984
795 -1.355022359576996
796 -1.354966814778961
797 -1.354933510732029
798 -1.35492325846036
799 -1.354936955301099
800 -1.354973487583906
801 -1.35503334211106
802 -1.355116059673245
803 -1.355222038574548
804 -1.355351433563855
805 -1.355502878829613
806 -1.355676129834727
807 -1.355871500338797
808 -1.356088050883028
809 -1.356326192793743
810 -1.356584978211462
811 -1.356863659820503
812 -1.357161394941698
813 -1.357477621055706
814 -1.357811906725426
815 -1.358163763231859
816 -1.358532527024739
817 -1.358917572677455
818 -1.359317500372334
819 -1.359731505874379
820 -1.360159134466161
821 -1.360599576071794
822 -1.361056522400921
823 -1.361525143267564
824 -1.362004126143023
825 -1.362494597859022
826 -1.362994076006255
827 -1.363501585423788
828 -1.364016138924572
829 -1.364536723500573
830 -1.365062571876065
831 -1.365592647498115
832 -1.366126007802906
833 -1.366662613334296
834 -1.367200745668397
835 -1.36773842597221
836 -1.368275759176161
837 -1.368811844958068
838 -1.369346115268906
839 -1.36987753637431
840 -1.370404747210649
841 -1.370927590249565
842 -1.371444509487556
843 -1.371955566635068
844 -1.372460020334035
845 -1.372956885120022
846 -1.373444195190076
847 -1.373922695512872
848 -1.374387338424771
849 -1.374841825649391
850 -1.375285676480456
851 -1.375717965950941
852 -1.376137244474675
853 -1.376543229812933
854 -1.376936266040104
855 -1.377315735335292
856 -1.377681725959946
857 -1.378032696755674
858 -1.378369157528473
859 -1.37869041470479
860 -1.37899625152368
861 -1.379286340545696
862 -1.379560437360398
863 -1.379819164412376
864 -1.380061837643281
865 -1.380288610358267
866 -1.38050069107166
867 -1.380697057407257
868 -1.380877435005554
869 -1.381041978412606
870 -1.381191004304862
871 -1.381325258420004
872 -1.381444629676804
873 -1.381549201661963
874 -1.38164000416721
875 -1.381717392681805
876 -1.381781582113269
877 -1.381833725923477
878 -1.381873568016414
879 -1.381901721328854
880 -1.381918870576093
881 -1.381926058375711
882 -1.381924176887722
883 -1.38191282607319
884 -1.381892859879294
885 -1.381865763185084
886 -1.381831325871721
887 -1.381791161815696
888 -1.381745303079984
889 -1.381695293191396
890 -1.381640773174241
891 -1.381583076313364
892 -1.381522886663725
893 -1.381460984942331
894 -1.381397575016365
895 -1.381332686766918
896 -1.38126747533796
897 -1.381203589562684
898 -1.381141146515399
899 -1.381081524155324
900 -1.381024094686209
901 -1.380969581726843
902 -1.380919297716261
903 -1.380873593229274
904 -1.380832322667638
905 -1.380795738857469
906 -1.380765047682873
907 -1.380740417661419
908 -1.380722622964448
909 -1.380711593322636
910 -1.380707825065571
911 -1.380710789821685
912 -1.380721314835391
913 -1.380740174148754
914 -1.38076746825606
915 -1.380804156529295
916 -1.380848557189042
917 -1.380901247993765
918 -1.3809626887312
919 -1.381032960676104
920 -1.381112166831718
921 -1.381201315679767
922 -1.381299626158523
923 -1.381406951876194
924 -1.381522290129429
925 -1.381669337730403
926 -1.381799659531282
927 -1.381938783180698
928 -1.382086741373982
929 -1.3822421035976
930 -1.382405086419861
931 -1.382599515335518
932 -1.382775927524234
933 -1.382960337731783
934 -1.383152493299777
935 -1.38335129112725
936 -1.383578119930284
937 -1.383786687669376
938 -1.384000930113438
939 -1.38424276263258
940 -1.384465685291817
941 -1.384714746364017
942 -1.384945169675565
943 -1.385199980794538
944 -1.385436802052532
945 -1.385695486860161
946 -1.385935230880918
947 -1.386196972651143
948 -1.386439677630926
949 -1.386702471587912
950 -1.386946492747712
951 -1.387209089709655
952 -1.387452624485142
953 -1.387713422078857
954 -1.3879544517379
955 -1.38821147916539
956 -1.388448223665869
957 -1.388699361071836
958 -1.388930190661009
959 -1.389173492922498
960 -1.389396044945636
961 -1.389629961911216
962 -1.38984289593718
963 -1.390066123538241
964 -1.390268680133599
965 -1.390479421255057
966 -1.390668579493413
967 -1.390865168218076
968 -1.391040763298443
969 -1.391210147250936
970 -1.391384412003013
971 -1.391538811371897
972 -1.391686144935852
973 -1.391835798186876
974 -1.391964922597839
975 -1.392086891798555
976 -1.392210172642372
977 -1.392314403313175
978 -1.392410811613094
979 -1.392506704238515
980 -1.392584537214232
981 -1.392654465908392
982 -1.392724055362388
983 -1.392777881082793
984 -1.392823436980833
985 -1.392860775621935
986 -1.39289477751911
987 -1.392914750648278
988 -1.392926939872629
989 -1.392936679435777
990 -1.392933654017784
991 -1.392924261603554
992 -1.392908324291929
993 -1.392889085619579
994 -1.392859733754106
995 -1.392825012731892
996 -1.392787816724776
997 -1.392741988032527
998 -1.392690889189667
999 -1.392634857658665
1000 -1.392577249746277
1001 -1.392512521735037
1002 -1.392445571982413
1003 -1.392378171861763
1004 -1.392305316887844
1005 -1.392230947549756
1006 -1.392157041728647
1007 -1.392079468452275
1008 -1.392000253523941
1009 -1.391922715198602
1010 -1.391842523582061
1011 -1.391765328346411
1012 -1.391684860181458
1013 -1.391608839717117
1014 -1.391533273689692
1015 -1.391461662391967
1016 -1.391389480762387
1017 -1.391323027834866
1018 -1.391256288768332
1019 -1.391196082600014
1020 -1.39113883059793
1021 -1.391081307564127
1022 -1.391033118595951
1023 -1.390987395389215
1024 -1.390941663014494
1025 -1.390906373923343
1026 -1.390876840508666
1027 -1.39085293398181
1028 -1.3908339000199
1029 -1.390815008953183
1030 -1.39080735429299
1031 -1.390804592131335
1032 -1.390806913777317
1033 -1.390814780610632
1034 -1.390828430083724
1035 -1.390847683787743
1036 -1.390871896266513
1037 -1.390896582945385
1038 -1.390934247589183
1039 -1.390978484570192
1040 -1.391027611810981
1041 -1.391081771853669
1042 -1.391141249936776
1043 -1.391205044908643
1044 -1.391265543943183
1045 -1.391339166397801
1046 -1.391417454113754
1047 -1.391499944256222
1048 -1.391586011318651
1049 -1.391666920405019
1050 -1.391760798010111
1051 -1.391858210381566
1052 -1.391957662721943
1053 -1.392051338170663
1054 -1.392156151257305
1055 -1.392261538659129
1056 -1.39236757163463
1057 -1.392467159705868
1058 -1.392577310400851
1059 -1.392687944160043
1060 -1.392788933204415
1061 -1.392898787250867
1062 -1.393008034115179
1063 -1.393116815430019
1064 -1.393217342880104
1065 -1.39332349017508
1066 -1.393426893607134
1067 -1.393521253447319
1068 -1.393619993512002
1069 -1.393716289214198
1070 -1.393809358678941
1071 -1.39389455994836
1072 -1.393980292607673
1073 -1.394061728519808
1074 -1.394135277753867
1075 -1.394210573255679
1076 -1.394280923632775
1077 -1.394345949254745
1078 -1.394406057223
1079 -1.394458832070926
1080 -1.394509569334603
1081 -1.394554469419267
1082 -1.394594426295591
1083 -1.394628047172704
1084 -1.39465758396551
1085 -1.394680700422343
1086 -1.394698280167749
1087 -1.394710807833522
1088 -1.394718828798008
1089 -1.394721474723666
1090 -1.394719348367076
1091 -1.394711660304284
1092 -1.394699596463874
1093 -1.394681226579176
1094 -1.394658100878959
1095 -1.394630627790394
1096 -1.394599760161365
1097 -1.394561625987547
1098 -1.394518953034967
1099 -1.394474629097661
1100 -1.394425597078604
1101 -1.394372807325579
1102 -1.394318754624781
1103 -1.394257715085852
1104 -1.394196031274431
1105 -1.39412828457298
1106 -1.39406035398713
1107 -1.393988187534621
1108 -1.393915189568578
1109 -1.393836745949292
1110 -1.393759522190455
1111 -1.393679836035163
1112 -1.393602671137409
1113 -1.393520509966596
1114 -1.393439221430126
1115 -1.393358529470852
1116 -1.393273412894264
1117 -1.393191092315295
1118 -1.393108630314989
1119 -1.393023352520129
1120 -1.39294125016524
1121 -1.392858934659673
1122 -1.392776066044439
1123 -1.39269692415633
1124 -1.392620529674122
1125 -1.392543881743304
1126 -1.392469936764726
1127 -1.392396716936359
1128 -1.392325303170074
1129 -1.392255595496952
1130 -1.392189201730999
1131 -1.392124972118675
1132 -1.39206240176215
1133 -1.392002295646779
1134 -1.39194458349419
1135 -1.391889346740673
1136 -1.391838190864401
1137 -1.391789048868074
1138 -1.3917425288973
1139 -1.391698674537183
1140 -1.391658281848893
1141 -1.391621613105902
1142 -1.39158654281701
1143 -1.39155327187087
1144 -1.391522506307834
1145 -1.391495479838869
1146 -1.391470068005278
1147 -1.391446375070834
1148 -1.391426101563674
1149 -1.391408653218987
1150 -1.391393462076146
1151 -1.391381057782742
1152 -1.391369283215765
1153 -1.391357649862858
1154 -1.391348407309713
1155 -1.39134155927703
1156 -1.391337927854994
1157 -1.391334249319056
1158 -1.391332241246884
1159 -1.391329784203966
1160 -1.391330434831303
1161 -1.391331207955892
1162 -1.391335528865075
1163 -1.391340620655017
1164 -1.39134662876973
1165 -1.391352316714272
1166 -1.391358101591657
1167 -1.391364111887183
1168 -1.391370665995186
1169 -1.39137617935209
1170 -1.391381713714513
1171 -1.391387134608519
1172 -1.391390779115456
1173 -1.391394407110375
1174 -1.391397208204225
1175 -1.391400992479242
1176 -1.391403834392824
1177 -1.391405104450247
1178 -1.391405027530774
1179 -1.391403914899738
1180 -1.391400733103317
1181 -1.391392725085735
1182 -1.391385719994564
1183 -1.391377276170295
1184 -1.391367442181134
1185 -1.391354163513388
1186 -1.391338437090359
1187 -1.391321310058553
1188 -1.391303791888684
1189 -1.391284260927722
1190 -1.39126202354093
1191 -1.391233115683825
1192 -1.391205676636178
1193 -1.39117623301252
1194 -1.391145295959755
1195 -1.391111693679084
1196 -1.391075914379026
1197 -1.391037591013308
1198 -1.390996241403549
1199 -1.390952809618546
1200 -1.390908837161499
1201 -1.390863140358557
1202 -1.390814963534804
1203 -1.390764663634345
1204 -1.39071292309873
1205 -1.390658689096778
1206 -1.390602769287066
1207 -1.390544839915012
1208 -1.390485713707609
1209 -1.39042526996753
1210 -1.390363857525103
1211 -1.390299358697393
1212 -1.390233474352387
1213 -1.390166709061012
1214 -1.390100725962215
1215 -1.390034497131543
1216 -1.389967053343993
1217 -1.389897329331962
1218 -1.389826184883695
1219 -1.389753253507498
1220 -1.38968044046461
1221 -1.389608535646622
1222 -1.389536213636155
1223 -1.389463443602178
1224 -1.38939060197797
1225 -1.389317129893277
1226 -1.38924334895797
1227 -1.389169805209442
1228 -1.389097201048038
1229 -1.389024442967585
1230 -1.388952416545657
1231 -1.388880900347741
1232 -1.388808805444333
1233 -1.388737234369041
1234 -1.388667250455171
1235 -1.3885979234816
1236 -1.388528965316881
1237 -1.388461122149856
1238 -1.388394894183221
1239 -1.388329357704089
1240 -1.388264967340645
1241 -1.388201152319676
1242 -1.388138508505099
1243 -1.38807814626849
1244 -1.388019049275049
1245 -1.387961514089343
1246 -1.387905018792645
1247 -1.387848527893609
1248 -1.387793062525766
1249 -1.387739491284252
1250 -1.387687198057842
1251 -1.387635383640485
1252 -1.387584951519025
1253 -1.387535323940722
1254 -1.387486952579421
1255 -1.387439540348236
1256 -1.387392876912879
1257 -1.387346769275666
1258 -1.387301344996383
1259 -1.387257241757149
1260 -1.387214252952496
1261 -1.3871715458437
1262 -1.387129600123587
1263 -1.387088276350013
1264 -1.387047870943433
1265 -1.387007682851491
1266 -1.386967865446399
1267 -1.386928501929757
1268 -1.386889619705398
1269 -1.386850731203345
1270 -1.386812261658473
1271 -1.38677364766728
1272 -1.386735583106142
1273 -1.386696948367828
1274 -1.386658345898592
1275 -1.386620001763013
1276 -1.386581128404438
1277 -1.386541637770106
1278 -1.386502032948279
1279 -1.386461072662491
1280 -1.386419783555556
1281 -1.386377568905321
1282 -1.386335196346712
1283 -1.38629294151299
1284 -1.386249230297296
1285 -1.386204646367554
1286 -1.386159421695105
1287 -1.386113931675064
1288 -1.386066310242579
1289 -1.38601740684502
1290 -1.385967925612412
1291 -1.385917733750219
1292 -1.385865849169139
1293 -1.385812929212461
1294 -1.385759444527381
1295 -1.385705477469306
1296 -1.385649443335328
1297 -1.385592333860579
1298 -1.385534334016421
1299 -1.385474049549572
1300 -1.385412900606221
1301 -1.385351745604321
1302 -1.38528873144489
1303 -1.385224243883249
1304 -1.385157999995287
1305 -1.385091510395172
1306 -1.385024213557401
1307 -1.384957006590546
1308 -1.384887791776219
1309 -1.384817899227388
1310 -1.384747317752008
1311 -1.384676139627606
1312 -1.384603406586994
1313 -1.384529472611785
1314 -1.3844546424302
1315 -1.384379130135945
1316 -1.384303772090464
1317 -1.384228403313448
1318 -1.384151987277122
1319 -1.384074730153929
1320 -1.383997592231758
1321 -1.383919427316164
1322 -1.383840936657975
1323 -1.38376170239146
1324 -1.383682109067158
1325 -1.383602557702676
1326 -1.383522833876735
1327 -1.383443561710563
1328 -1.383364436250957
1329 -1.383284508449886
1330 -1.38320369426505
1331 -1.383123255483545
1332 -1.383042268779444
1333 -1.382961868671019
1334 -1.382881666336228
1335 -1.382801624960454
1336 -1.38272122195164
1337 -1.382641731374606
1338 -1.382562899023118
1339 -1.3824833455463
1340 -1.38240422784209
1341 -1.382325239068625
1342 -1.382247089128422
1343 -1.382168704031901
1344 -1.382090592327267
1345 -1.382012461499896
1346 -1.381935204839138
1347 -1.381857489870264
1348 -1.381780182670102
1349 -1.38170344003274
1350 -1.381627380052367
1351 -1.381552205162396
1352 -1.381476412414251
1353 -1.381400730984616
1354 -1.381325492803487
1355 -1.381250728493549
1356 -1.381177431973293
1357 -1.381103755901289
1358 -1.381029867291964
1359 -1.380955941616018
1360 -1.380882759098771
1361 -1.380809761772986
1362 -1.380737373044719
1363 -1.380665027995285
1364 -1.380592614776362
1365 -1.380520578810264
1366 -1.380449722746658
1367 -1.380378049643179
1368 -1.380306546484991
1369 -1.380235647720769
1370 -1.380163994818518
1371 -1.380092135295422
1372 -1.380021146832316
1373 -1.379950302620967
1374 -1.379879643866342
1375 -1.379809174726143
1376 -1.379738728132279
1377 -1.379667632473347
1378 -1.3795955965528
1379 -1.379524111530545
1380 -1.379453920420756
1381 -1.379383152277389
1382 -1.37931215381814
1383 -1.379240502825274
1384 -1.379168363747119
1385 -1.379096511010576
1386 -1.379024371486345
1387 -1.378952412904842
1388 -1.378879673906421
1389 -1.378805924152555
1390 -1.37873337833968
1391 -1.378660381320187
1392 -1.378586295311491
1393 -1.378511831361121
1394 -1.378436805643592
1395 -1.378362763839939
1396 -1.378288398795195
1397 -1.378213303391094
1398 -1.378138302278576
1399 -1.378061984917078
1400 -1.377985191610914
1401 -1.377907806324797
1402 -1.377830606955723
1403 -1.377752668015498
1404 -1.377675029776625
1405 -1.377596343423011
1406 -1.377517537861971
1407 -1.377437704235348
1408 -1.377358757333621
1409 -1.377278270759061
1410 -1.37719835634322
1411 -1.377116737448635
1412 -1.37703450121787
1413 -1.376952076096309
1414 -1.376869899873981
1415 -1.376788355099178
1416 -1.376705870850475
1417 -1.376622312978766
1418 -1.376538732218867
1419 -1.376454728423844
1420 -1.376370894377561
1421 -1.376287046053446
1422 -1.376202779115482
1423 -1.376117903164531
1424 -1.376032676909398
1425 -1.375947423951867
1426 -1.375862202504527
1427 -1.375776495855803
1428 -1.375689721357897
1429 -1.37560290533303
1430 -1.375516814181284
1431 -1.375430441383782
1432 -1.37534429784619
1433 -1.375257321209608
1434 -1.375170815084698
1435 -1.375084310098533
1436 -1.37499714689529
1437 -1.37490930266014
1438 -1.374821966711986
1439 -1.374734175098878
1440 -1.374646860266914
1441 -1.374559180674343
1442 -1.37445411274715
1443 -1.374366699411944
1444 -1.374279963145593
1445 -1.374192783295114
1446 -1.374106818943057
1447 -1.37401930295148
1448 -1.373930813665439
1449 -1.373827373385848
1450 -1.373741983632883
1451 -1.373656827800505
1452 -1.37357103893797
1453 -1.373469960854803
1454 -1.373385183519887
1455 -1.373300392918962
1456 -1.373200077584053
1457 -1.373114996315344
1458 -1.373016640692675
1459 -1.372932694180802
1460 -1.372834876067597
1461 -1.372751508298274
1462 -1.372655356625611
1463 -1.372572419755242
1464 -1.37248803977798
1465 -1.372389816411969
1466 -1.372305969055508
1467 -1.372208285216799
1468 -1.372124294160173
1469 -1.372025734505986
1470 -1.371940664102733
1471 -1.37184121417345
1472 -1.371756146710438
1473 -1.371656691960073
1474 -1.371571242569798
1475 -1.371471417823512
1476 -1.371371786932273
1477 -1.371286554671054
1478 -1.371186958468664
1479 -1.371086947741607
1480 -1.371000086381907
1481 -1.370900320649366
1482 -1.370802386624193
1483 -1.370703434089966
1484 -1.370604998678219
1485 -1.37050755784743
1486 -1.370410761567038
1487 -1.370313732415387
1488 -1.370217627924833
1489 -1.37012126499127
1490 -1.37002533188866
1491 -1.369929216693006
1492 -1.369833590901706
1493 -1.36973853460243
1494 -1.369643658930886
1495 -1.369548683820795
1496 -1.369453542320809
1497 -1.369358580267762
1498 -1.369262929694037
1499 -1.369167875816076
1500 -1.369073442215222
1501 -1.368977870237966
1502 -1.368882567809805
1503 -1.368787407700578
1504 -1.368693184626461
1505 -1.368598898078175
1506 -1.368504166628677
1507 -1.368408964171539
1508 -1.368313860279189
1509 -1.368218896111078
1510 -1.3681238835352
1511 -1.368027980170371
1512 -1.367932373771731
1513 -1.367837392738564
1514 -1.367742398752226
1515 -1.367647460852642
1516 -1.367551212884353
1517 -1.367455069028118
1518 -1.367359794573767
1519 -1.367263782224555
1520 -1.36716768741172
1521 -1.367071662638176
1522 -1.366975242056435
1523 -1.366879746822656
1524 -1.366783249656748
1525 -1.366686223851107
1526 -1.366587957015832
1527 -1.366490369590766
1528 -1.366393045968039
1529 -1.366295512178756
1530 -1.36619827126889
1531 -1.366100657082695
1532 -1.366001969338734
1533 -1.365903339770916
1534 -1.365805813851732
1535 -1.365707932337243
1536 -1.365609866440188
1537 -1.365510576565951
1538 -1.365410824408558
1539 -1.365311125824185
1540 -1.365211851748374
1541 -1.36511340683728
1542 -1.3650151149921
1543 -1.36491515825418
1544 -1.364814063100669
1545 -1.364713146803731
1546 -1.364612585025774
1547 -1.364511681583347
1548 -1.364410758873761
1549 -1.364309308609942
1550 -1.364206999470856
1551 -1.364103637760352
1552 -1.364000452315522
1553 -1.363897163741991
1554 -1.3637935291341
1555 -1.363689841881964
1556 -1.363585861346764
1557 -1.363481409947084
1558 -1.363377476821154
1559 -1.363273221521388
1560 -1.363168611255413
1561 -1.363063718753615
1562 -1.362958289246326
1563 -1.362852712394925
1564 -1.362747648607901
1565 -1.362642473203148
1566 -1.362537098457811
1567 -1.362430198824832
1568 -1.36232286713543
1569 -1.362215643998027
1570 -1.36210926048411
1571 -1.362003015786168
1572 -1.361897041049467
1573 -1.361790054796753
1574 -1.361682138841659
1575 -1.361575097297931
1576 -1.361468420401975
1577 -1.361360976667043
1578 -1.361253315464103
1579 -1.361145649941037
1580 -1.361037868564359
1581 -1.360929614677745
1582 -1.360821462608524
1583 -1.360713358867597
1584 -1.360605124599692
1585 -1.360497509131082
1586 -1.36038922620418
1587 -1.360280707309135
1588 -1.36017228939132
1589 -1.360064796326206
1590 -1.35995694621067
1591 -1.359849271513003
1592 -1.359741344458558
1593 -1.359633724572597
1594 -1.359525529215958
1595 -1.359416659814107
1596 -1.359308434549838
1597 -1.359200084048892
1598 -1.35909140872287
1599 -1.358983053006206
1600 -1.358874730541909
1601 -1.358766367248914
1602 -1.358658151266825
1603 -1.35855007987593
1604 -1.358441257468612
1605 -1.358332535603108
1606 -1.358224186747503
1607 -1.358115426525509
1608 -1.358007198845252
1609 -1.357898251299992
1610 -1.357789275038549
1611 -1.357680411192283
1612 -1.357571868460264
1613 -1.357462449590974
1614 -1.35735315984544
1615 -1.357243983658628
1616 -1.357134873949446
1617 -1.35702509176438
1618 -1.356915114107867
1619 -1.35680505709591
1620 -1.356694416464299
1621 -1.356583599841174
1622 -1.356472562129218
1623 -1.356361502722229
1624 -1.356250376712036
1625 -1.356139625972026
1626 -1.356028026090984
1627 -1.355916179308089
1628 -1.355804237886629
1629 -1.35569155654135
1630 -1.355578224118007
1631 -1.3554811729644
1632 -1.355364873887599
1633 -1.355248566016369
1634 -1.355131987204648
1635 -1.355015127033348
1636 -1.35489823065076
1637 -1.354781002870534
1638 -1.35466359275415
1639 -1.354546146051361
1640 -1.354445588224708
1641 -1.354324905763467
1642 -1.354204633771691
1643 -1.354102039316684
1644 -1.353978519512424
1645 -1.353855446821658
1646 -1.353750710452492
1647 -1.353625056494686
1648 -1.353517932251705
1649 -1.353389940241192
1650 -1.353281659082193
1651 -1.353151021274433
1652 -1.353021335900599
1653 -1.352911247924925
1654 -1.352779568211242
1655 -1.352667783369379
1656 -1.352534173521595
1657 -1.35242096009093
1658 -1.352285397945551
1659 -1.352170670084151
1660 -1.352035046951146
1661 -1.35192014997747
1662 -1.351783919900065
1663 -1.351668516294536
1664 -1.351531227241937
1665 -1.351414985994129
1666 -1.351276327051929
1667 -1.351159445849641
1668 -1.351040184562673
1669 -1.350898211690601
1670 -1.350778389051357
1671 -1.350635762050089
1672 -1.35051501331264
1673 -1.350372534064905
1674 -1.350252141436306
1675 -1.350109366441315
1676 -1.349988137050664
1677 -1.349844777344985
1678 -1.349703332121176
1679 -1.349563281452335
1680 -1.349443252735553
1681 -1.349302331408365
1682 -1.349162356529158
1683 -1.349042263345075
1684 -1.348901963544357
1685 -1.348762989159867
1686 -1.348625184193408
1687 -1.348506263927176
1688 -1.348366738531381
1689 -1.348228582981902
1690 -1.348109735318152
1691 -1.34797012389151
1692 -1.347830954148903
1693 -1.3477097854608
1694 -1.347568772010243
1695 -1.347447801550175
1696 -1.347304797150334
1697 -1.347162728786282
1698 -1.347040963314628
1699 -1.346897281186789
1700 -1.346755115529978
1701 -1.346634890118668
1702 -1.346491737691639
1703 -1.346349806172446
1704 -1.346228412882128
1705 -1.346084858318544
1706 -1.345941734576996
1707 -1.345819851262568
1708 -1.345675609475731
1709 -1.345532596052103
1710 -1.345390467068206
1711 -1.345269305176983
1712 -1.345125724859785
1713 -1.344983249304118
1714 -1.344841799607042
1715 -1.344721515379499
1716 -1.344578243677723
1717 -1.34443643109596
1718 -1.344315864486271
1719 -1.344171823882956
1720 -1.344028630295082
1721 -1.343906703936425
1722 -1.343760542707093
1723 -1.343637029980336
1724 -1.343487775557894
1725 -1.343362048715107
1726 -1.343211203346098
1727 -1.343084703840071
1728 -1.342931746453664
1729 -1.342804337224194
1730 -1.342650743254645
1731 -1.342522266110373
1732 -1.342392700183256
1733 -1.342235193977162
1734 -1.342103944471605
1735 -1.341971437101423
1736 -1.341836463370328
1737 -1.34167369453809
1738 -1.34153818231233
1739 -1.341402008936558
1740 -1.341236966379312
1741 -1.341099716692268
1742 -1.340960581176745
1743 -1.340793883330371
1744 -1.34065554059512
1745 -1.34051696196515
1746 -1.340378355864497
1747 -1.340237638516563
1748 -1.340068079505867
1749 -1.339927166134954
1750 -1.339786129776969
1751 -1.339642617398845
1752 -1.339469948085681
1753 -1.339326752815184
1754 -1.339182542869186
1755 -1.339036258551839
1756 -1.338860759349077
1757 -1.338715683860715
1758 -1.338571460783106
1759 -1.338427463860408
1760 -1.338253426502742
1761 -1.33810863291318
1762 -1.337962746403387
1763 -1.33781624547735
1764 -1.337641264509557
1765 -1.33749441165342
1766 -1.337347101362116
1767 -1.337198892441154
1768 -1.33704991090686
1769 -1.336871356250027
1770 -1.336723194527736
1771 -1.336574521486087
1772 -1.336424876548122
1773 -1.336273555881698
1774 -1.336121025164297
1775 -1.33596701454218
1776 -1.335782455067514
1777 -1.335629922638648
1778 -1.33547747084495
1779 -1.335324389200383
1780 -1.335171187805003
1781 -1.335016041651605
1782 -1.334861009184366
1783 -1.33467480163148
1784 -1.334521476116687
1785 -1.334365736551078
1786 -1.334208880475434
1787 -1.334051026678556
1788 -1.333863218974537
1789 -1.333707986668149
1790 -1.333552055450185
1791 -1.333394378918153
1792 -1.333207482389959
1793 -1.333051860550502
1794 -1.332896810275975
1795 -1.332712374109191
1796 -1.332558392176519
1797 -1.332403580523358
1798 -1.332247562939884
1799 -1.332063194326704
1800 -1.331907810255661
1801 -1.331751360715949
1802 -1.331595176268322
1803 -1.331437821624173
1804 -1.33124989269352
1805 -1.331092764498442
1806 -1.330934299285209
1807 -1.330745417600652
1808 -1.330587514533454
1809 -1.330428947283388
1810 -1.330270596697884
1811 -1.330081468271249
1812 -1.329922496920839
1813 -1.32976376125142
1814 -1.329604608383507
1815 -1.329444009556028
1816 -1.329252037743706
1817 -1.329092135270463
1818 -1.328931191952781
1819 -1.328769168570994
1820 -1.328606301003257
1821 -1.328411866616956
1822 -1.328249190397497
1823 -1.328086066734393
1824 -1.327921253299262
1825 -1.327756002673787
1826 -1.327589979180369
1827 -1.327423459078861
1828 -1.327223994841045
1829 -1.3270591540943
1830 -1.326892719637171
1831 -1.326725609989373
1832 -1.32655746879732
1833 -1.326357793019489
1834 -1.326191182484262
1835 -1.326023689847673
1836 -1.325855562184396
1837 -1.325686905021794
1838 -1.32551687824602
1839 -1.325346431880633
1840 -1.325143440566701
1841 -1.324973745857353
1842 -1.324803657823966
1843 -1.324632915257823
1844 -1.324460702547771
1845 -1.324287280396395
1846 -1.324081811751754
1847 -1.323909560366134
1848 -1.323736152521108
1849 -1.323563147252446
1850 -1.323388682602206
1851 -1.323213207984875
1852 -1.32303657309766
1853 -1.322859536673078
1854 -1.322681017844105
1855 -1.322502076306548
1856 -1.32232203400047
1857 -1.322140267827988
1858 -1.32195719412717
1859 -1.321773532913749
1860 -1.321589170223063
1861 -1.321404063017797
1862 -1.321217402300412
1863 -1.32103031907212
1864 -1.320842658622915
1865 -1.32065490827977
1866 -1.320466268301873
1867 -1.320277551585428
1868 -1.320087964235579
1869 -1.319897588002323
1870 -1.319706244403887
1871 -1.319514834852661
1872 -1.319322386393335
1873 -1.319129467423273
1874 -1.318935527423655
1875 -1.318741519269598
1876 -1.3185470411281
1877 -1.318352327284534
1878 -1.318156189866092
1879 -1.317959827736528
1880 -1.317728811668441
1881 -1.317534732402123
1882 -1.317340305051536
1883 -1.317146830098149
1884 -1.316952207541566
1885 -1.316756895774918
1886 -1.316560459749433
1887 -1.316330639624471
1888 -1.316136126356936
1889 -1.315941986586652
1890 -1.315747012068307
1891 -1.315551430117016
1892 -1.31532265124489
1893 -1.315128644900144
1894 -1.314934183409664
1895 -1.314739071622127
1896 -1.31454308163534
1897 -1.314314437317126
1898 -1.314120741845234
1899 -1.313925873835087
1900 -1.313729954252335
1901 -1.313533861645515
1902 -1.313336734210476
1903 -1.31310590477753
1904 -1.312910086211427
1905 -1.312713900937648
1906 -1.312484974441879
1907 -1.312290518650809
1908 -1.312094924541062
1909 -1.311866485577248
1910 -1.311671578340139
1911 -1.311476259261718
1912 -1.311248623116708
1913 -1.311055719460642
1914 -1.310861329234134
1915 -1.310636072515706
1916 -1.310443581438818
1917 -1.310250005565886
1918 -1.310025197279839
1919 -1.309831679051873
1920 -1.309636602146385
1921 -1.309409735632364
1922 -1.309215395465299
1923 -1.309020173245105
1924 -1.308792312320257
1925 -1.308597434119542
1926 -1.308370450539178
1927 -1.308175802768594
1928 -1.307949748015398
1929 -1.307756198781009
1930 -1.307530877223309
1931 -1.307336848779258
1932 -1.307111436582235
1933 -1.30691719009507
1934 -1.306692228324744
1935 -1.306498372979532
1936 -1.30627264258294
1937 -1.30607788070457
1938 -1.305851495368923
1939 -1.305656628104261
1940 -1.305429662721608
1941 -1.305233413614415
1942 -1.3050047698623
1943 -1.304806662057201
1944 -1.304577184063154
1945 -1.304349346237867
1946 -1.304151706524829
1947 -1.30392358309494
1948 -1.303697590049408
1949 -1.303472434407561
1950 -1.303248689871286
1951 -1.303026259503684
1952 -1.302803832954523
1953 -1.302581805689151
1954 -1.30236049084114
1955 -1.302139066294376
1956 -1.301917958461567
1957 -1.301696521225055
1958 -1.30147481680012
1959 -1.301252906079809
1960 -1.30103086499159
1961 -1.300809054486286
1962 -1.300586389146246
1963 -1.300362937615531
1964 -1.300138190263172
1965 -1.299913750958565
1966 -1.299688713127767
1967 -1.299463370125981
1968 -1.299237485107746
1969 -1.299010937330776
1970 -1.298784739635424
1971 -1.298556541877782
1972 -1.298327786716954
1973 -1.298098775935546
1974 -1.297869469388357
1975 -1.297639136925532
1976 -1.297408616499471
1977 -1.297177611921888
1978 -1.296945995166444
1979 -1.296713793116768
1980 -1.296480950874408
1981 -1.296248514385521
1982 -1.296015159496135
1983 -1.295781069014854
1984 -1.295547112323605
1985 -1.295313963011489
1986 -1.295080762244249
1987 -1.294847809396415
1988 -1.294614053183526
1989 -1.294380073211298
1990 -1.294145778792048
1991 -1.293910828633192
1992 -1.293675720065986
1993 -1.293440225251535
1994 -1.29320478723829
1995 -1.292969147228602
1996 -1.29273312329615
1997 -1.29249709578639
1998 -1.292259793309261
1999 -1.29202222792644
2000 -1.291785066594931
2001 -1.291547184332067
2002 -1.291308399798755
2003 -1.291070416434593
2004 -1.290831462151258
2005 -1.290592331379483
2006 -1.290352301638519
2007 -1.290111680744094
2008 -1.289870937842923
2009 -1.289629932555976
2010 -1.289389011853278
2011 -1.289147770143416
2012 -1.288905242602929
2013 -1.288661483226584
2014 -1.288418712927819
2015 -1.288175036188652
2016 -1.287931106970238
2017 -1.287684437390463
2018 -1.287438552490132
2019 -1.287192501209334
2020 -1.286946494770662
2021 -1.286699908085009
2022 -1.286453542886479
2023 -1.286205381287802
2024 -1.285957202737698
2025 -1.285708386566857
2026 -1.285458538958692
2027 -1.285208374536537
2028 -1.28495795841564
2029 -1.284707037895397
2030 -1.284456086938866
2031 -1.284204257897377
2032 -1.2839512553259
2033 -1.283697653875954
2034 -1.28344368589356
2035 -1.283188135594143
2036 -1.2829322519977
2037 -1.282675100719431
2038 -1.282418608813968
2039 -1.282159909606004
2040 -1.281900288663725
2041 -1.281640002245742
2042 -1.281380686556975
2043 -1.281121482510507
2044 -1.280861503549237
2045 -1.280600164828749
2046 -1.280338632327161
2047 -1.280075940812842
2048 -1.279812491106074
2049 -1.279548041451713
2050 -1.279283156039488
2051 -1.279016728186944
2052 -1.278749184171776
2053 -1.278481681974041
2054 -1.278213281754445
2055 -1.277944252677571
2056 -1.277674999002873
2057 -1.277404899230612
2058 -1.277133986196143
2059 -1.276862919575754
2060 -1.276591256874112
2061 -1.27631923666611
2062 -1.276047507901519
2063 -1.275774449920233
2064 -1.275499880980904
2065 -1.275224863280474
2066 -1.274949158997991
2067 -1.27467300386957
2068 -1.274396991587643
2069 -1.274120818603222
2070 -1.273843429164431
2071 -1.273564320793215
2072 -1.273284750291115
2073 -1.273004591102257
2074 -1.272724573343737
2075 -1.272443967409527
2076 -1.272163265895745
2077 -1.271882845695425
2078 -1.271601287006451
2079 -1.271319057562224
2080 -1.271036774191969
2081 -1.270753083890071
2082 -1.27046906023723
2083 -1.270185196057874
2084 -1.269900514008896
2085 -1.269615578286998
2086 -1.269329744461505
2087 -1.269042873977366
2088 -1.268755530139561
2089 -1.26846793828632
2090 -1.268179548844647
2091 -1.26789105671494
2092 -1.267602348031182
2093 -1.267313672804601
2094 -1.26702505325295
2095 -1.266736459940219
2096 -1.266446883078815
2097 -1.266157126485186
2098 -1.265867041013802
2099 -1.265575940709669
2100 -1.265284534024519
2101 -1.264991935013853
2102 -1.264698796948153
2103 -1.264405299375258
2104 -1.264111416767489
2105 -1.263817182305763
2106 -1.263522339024535
2107 -1.263227630495834
2108 -1.26293274492714
2109 -1.262637714169289
2110 -1.262342010427333
2111 -1.262046326426126
2112 -1.261750718611236
2113 -1.261454099988706
2114 -1.26115541199609
2115 -1.26085704773324
2116 -1.260558977213712
2117 -1.26025894616664
2118 -1.259959107380206
2119 -1.259659153045602
2120 -1.259358807476123
2121 -1.25905804876915
2122 -1.258756990168323
2123 -1.258455368137121
2124 -1.258153740615714
2125 -1.257852085352829
2126 -1.257549640951871
2127 -1.257247081564031
2128 -1.256944257149572
2129 -1.256640804906001
2130 -1.256336838189735
2131 -1.256032774447395
2132 -1.255728129545326
2133 -1.255422345350379
2134 -1.2551159402069
2135 -1.254808678728206
2136 -1.254501272189432
2137 -1.254192992169512
2138 -1.253883918640787
2139 -1.253597783970517
2140 -1.253284928520636
2141 -1.252972928788544
2142 -1.252659567595473
2143 -1.252346255050052
2144 -1.252033297368999
2145 -1.25174351895583
2146 -1.251425719698335
2147 -1.251107800338718
2148 -1.2508142653294
2149 -1.250491997420546
2150 -1.250171086944507
2151 -1.249873588796624
2152 -1.24954667616573
2153 -1.249220734755441
2154 -1.248920485617061
2155 -1.248592328096861
2156 -1.248265396996873
2157 -1.247963732534012
2158 -1.247633296051066
2159 -1.247329644797246
2160 -1.24699600689046
2161 -1.246689586378249
2162 -1.246354364339151
2163 -1.246047118810887
2164 -1.245708810737142
2165 -1.245398336395592
2166 -1.245057989137655
2167 -1.244745112772688
2168 -1.244403421054506
2169 -1.244089935181051
2170 -1.243746656856562
2171 -1.243431732122593
2172 -1.243087725240829
2173 -1.242772612329132
2174 -1.242427931718535
2175 -1.242111385639534
2176 -1.24176612734946
2177 -1.241449083388338
2178 -1.241103279301625
2179 -1.240785208380224
2180 -1.24043821128825
2181 -1.240119397380556
2182 -1.239770221768664
2183 -1.239449682991763
2184 -1.239100055277803
2185 -1.238775170327757
2186 -1.238425137209287
2187 -1.238101829060331
2188 -1.237752325604257
2189 -1.237429221564179
2190 -1.237079504402922
2191 -1.236755295230728
2192 -1.236404335583612
2193 -1.236079640311359
2194 -1.235728722796472
2195 -1.235404208069523
2196 -1.235052466596221
2197 -1.234726862453304
2198 -1.234398847378389
2199 -1.234045291148903
2200 -1.233716688405021
2201 -1.233387051062451
2202 -1.233030290366633
2203 -1.23270085755652
2204 -1.232370153438732
2205 -1.232038845017454
2206 -1.231679826908576
2207 -1.231348193564849
2208 -1.231015117758972
2209 -1.230681331597756
2210 -1.230346296359476
2211 -1.229981993398889
2212 -1.229646403228289
2213 -1.229309748353207
2214 -1.228969850289687
2215 -1.228603184836248
2216 -1.228265053229966
2217 -1.227926058105572
2218 -1.227560988230552
2219 -1.227222939011339
2220 -1.226884450428356
2221 -1.226520444861711
2222 -1.226183234493161
2223 -1.225844298428195
2224 -1.22547890631784
2225 -1.225140667949811
2226 -1.224800905386951
2227 -1.224459688009898
2228 -1.224092569667142
2229 -1.223750933103204
2230 -1.2233839795472
2231 -1.223042176169887
2232 -1.222675562095208
2233 -1.222332902167238
2234 -1.221967364715181
2235 -1.221624831150757
2236 -1.221259388473918
2237 -1.220917434221189
2238 -1.220551299668896
2239 -1.220209142992084
2240 -1.219842335424276
2241 -1.219499206054451
2242 -1.21912994462519
2243 -1.218783815893674
2244 -1.218413041231588
2245 -1.218065973256146
2246 -1.217694485709999
2247 -1.217346554804524
2248 -1.216973243503701
2249 -1.216622843064851
2250 -1.216247385126632
2251 -1.215895722574906
2252 -1.215520349208505
2253 -1.215167513852746
2254 -1.214789970949949
2255 -1.214435794870254
2256 -1.214078689497345
2257 -1.213695526228937
2258 -1.213336411774098
2259 -1.212950979182285
2260 -1.212590274338975
2261 -1.212203970465535
2262 -1.211820273190277
2263 -1.211437114767501
2264 -1.211053981826615
2265 -1.210673331535966
2266 -1.210290788845868
2267 -1.209908801619728
2268 -1.209527195206273
2269 -1.209146347464295
2270 -1.208766571663724
2271 -1.208387888334685
2272 -1.208009769663889
2273 -1.207631640010903
2274 -1.207253410956383
2275 -1.206875405508584
2276 -1.206496463336152
2277 -1.206117863524556
2278 -1.205738881977104
2279 -1.205359312659973
2280 -1.204978878106695
2281 -1.204599866148116
2282 -1.204219768541296
2283 -1.20384010891725
2284 -1.203459826955431
2285 -1.203080520325836
2286 -1.202701148836275
2287 -1.202321802411877
2288 -1.201943617538434
2289 -1.201565011854248
2290 -1.201186035542595
2291 -1.200807043924697
2292 -1.200428027501855
2293 -1.200050028408744
2294 -1.199670824924367
2295 -1.199291967986021
2296 -1.19891228052377
2297 -1.198554824991218
2298 -1.198173253616814
2299 -1.197814135293143
2300 -1.197429813637176
2301 -1.197069576527182
2302 -1.196707377128339
2303 -1.196319252532448
2304 -1.195956353687306
2305 -1.195590569388495
2306 -1.195222360616294
2307 -1.194825814437051
2308 -1.194455800351087
2309 -1.194085563567159
2310 -1.193685463944556
2311 -1.193312771962593
2312 -1.192938909715755
2313 -1.192537440405442
2314 -1.192163900850944
2315 -1.191763764155147
2316 -1.191390708810843
2317 -1.191016828489679
2318 -1.190616533390136
2319 -1.190242746722502
2320 -1.189868285160298
2321 -1.189467214233747
2322 -1.189092545296631
2323 -1.188716642885433
2324 -1.188341022487158
2325 -1.187936229699742
2326 -1.187558070692696
2327 -1.187180003605463
2328 -1.186801743231472
2329 -1.186421654327109
2330 -1.186012974048181
2331 -1.185633443087728
2332 -1.185254007489075
2333 -1.18487221791208
2334 -1.184461894427234
2335 -1.184081661746658
2336 -1.183697666979525
2337 -1.183285101304024
2338 -1.182902314180039
2339 -1.182518265110393
2340 -1.18210626549341
2341 -1.181723771252408
2342 -1.181311721187864
2343 -1.180929418359223
2344 -1.180519404441521
2345 -1.180136985464669
2346 -1.179728453543925
2347 -1.179346549405071
2348 -1.178939176726541
2349 -1.178532811755392
2350 -1.178152862100999
2351 -1.177747048944673
2352 -1.177343097263238
2353 -1.176940229114426
2354 -1.17653886691123
2355 -1.17613950482104
2356 -1.175740383415237
2357 -1.175340025126755
2358 -1.174940703449346
2359 -1.174544629121899
2360 -1.174148454002405
2361 -1.173752391030261
2362 -1.173355754697862
2363 -1.172960130648312
2364 -1.172564067601122
2365 -1.172169941806941
2366 -1.171774897397485
2367 -1.171401705304897
2368 -1.171002695637601
2369 -1.170604667183034
2370 -1.170206996805323
2371 -1.16983215906976
2372 -1.169429444477149
2373 -1.169027620391312
2374 -1.168649615870462
2375 -1.168245753123393
2376 -1.167842284460503
2377 -1.167462821379329
2378 -1.167056631473132
2379 -1.166651658761365
2380 -1.166247490856495
2381 -1.165867023484128
2382 -1.165460666627854
2383 -1.165055773359771
2384 -1.16465083383356
2385 -1.164269854711691
2386 -1.163862782341198
2387 -1.163456840149722
2388 -1.163072777297528
2389 -1.162664439147167
2390 -1.162279539139577
2391 -1.161870106651925
2392 -1.16148442079835
2393 -1.161073466586704
2394 -1.160663996191989
2395 -1.160278238248865
2396 -1.15986653735195
2397 -1.159456716584683
2398 -1.159047344581543
2399 -1.158661678273515
2400 -1.158250589198947
2401 -1.157842291459288
2402 -1.157455123437957
2403 -1.157043402267175
2404 -1.156633184669877
2405 -1.156224107857917
2406 -1.155814450588068
2407 -1.155406081036668
2408 -1.154998034314947
2409 -1.1545916278402
2410 -1.154185628527422
2411 -1.153781042319414
2412 -1.153375276615203
2413 -1.152971244575213
2414 -1.152566901891118
2415 -1.15216312000675
2416 -1.151758707602723
2417 -1.15135356662163
2418 -1.150947715122693
2419 -1.150543334504389
2420 -1.150137976542454
2421 -1.149732901605696
2422 -1.149327348466471
2423 -1.148922283810779
2424 -1.148515639996
2425 -1.148111268713941
2426 -1.147703853828022
2427 -1.14729637988442
2428 -1.146888534317054
2429 -1.146481259980833
2430 -1.146072959280161
2431 -1.145665489459903
2432 -1.145255756519067
2433 -1.144846756374621
2434 -1.144437619547375
2435 -1.144028047610802
2436 -1.143637742890485
2437 -1.143224165988052
2438 -1.142810411180529
2439 -1.14239696856246
2440 -1.141983011863337
2441 -1.141570043378314
2442 -1.141176779598281
2443 -1.14076045933156
2444 -1.140344330620739
2445 -1.139927993362849
2446 -1.139511092410196
2447 -1.139094090626735
2448 -1.138676215042135
2449 -1.138261148077837
2450 -1.137843939421947
2451 -1.137427589789905
2452 -1.137010787414826
2453 -1.136595324545243
2454 -1.136178857401046
2455 -1.135763897073893
2456 -1.135348318353456
2457 -1.134933327974092
2458 -1.134518144844676
2459 -1.1341036537723
2460 -1.133688257122008
2461 -1.13327374269914
2462 -1.132857299566589
2463 -1.132442147892944
2464 -1.13202654489712
2465 -1.131611264401016
2466 -1.131195064072061
2467 -1.130779787183607
2468 -1.130364286186002
2469 -1.129950056413012
2470 -1.129535379063275
2471 -1.129121240032938
2472 -1.128706328347874
2473 -1.128291810461909
2474 -1.127876218486055
2475 -1.127461570403861
2476 -1.127047084169745
2477 -1.126632062105824
2478 -1.126216903037465
2479 -1.125803683942197
2480 -1.125388958430342
2481 -1.124975337194183
2482 -1.124561141615175
2483 -1.12414872588561
2484 -1.123735172076184
2485 -1.123322826927526
2486 -1.12291044024684
2487 -1.122497789793548
2488 -1.122084406793231
2489 -1.1216719779948
2490 -1.121259139804516
2491 -1.120848111543886
2492 -1.120435554378621
2493 -1.120024159897691
2494 -1.119612954260028
2495 -1.119201959256147
2496 -1.118790246361485
2497 -1.118379567474448
2498 -1.117969027023736
2499 -1.117558362865856
2500 -1.117147688144539
2501 -1.11673842044604
2502 -1.116328452547081
2503 -1.115919631234696
2504 -1.115510024571498
2505 -1.115101617340539
2506 -1.114692807985283
2507 -1.114283306081615
2508 -1.11387369277863
2509 -1.113466419076947
2510 -1.113058127903057
2511 -1.112650563275424
2512 -1.112242998598535
2513 -1.111836068312968
2514 -1.111428850205105
2515 -1.111023596287865
2516 -1.110617201082369
2517 -1.110211374667375
2518 -1.109804921427003
2519 -1.109399623878843
2520 -1.108993866297525
2521 -1.108589705662627
2522 -1.108183759015262
2523 -1.107778867568807
2524 -1.107374761399634
2525 -1.106970638743219
2526 -1.106565787838729
2527 -1.106162394783032
2528 -1.105758333800434
2529 -1.105355757637307
2530 -1.104953168687147
2531 -1.104551961390581
2532 -1.104150202696656
2533 -1.103749444390568
2534 -1.103348445172601
2535 -1.102948630990546
2536 -1.102548824803439
2537 -1.102148953041266
2538 -1.101748104656876
2539 -1.101349538934764
2540 -1.100949756183569
2541 -1.100551239157761
2542 -1.100152105311613
2543 -1.099754545083211
2544 -1.099357198293432
2545 -1.0989620538007
2546 -1.09856589361773
2547 -1.098170492544763
2548 -1.097774539602967
2549 -1.097379600469562
2550 -1.096984603980618
2551 -1.096590607183692
2552 -1.09619457556591
2553 -1.095799730001711
2554 -1.0954043644897
2555 -1.095009923835797
2556 -1.09461465828291
2557 -1.094220217988954
2558 -1.093825599456913
2559 -1.093431911811811
2560 -1.0930382619169
2561 -1.092644907286803
2562 -1.092250892506358
2563 -1.091857127579603
2564 -1.091463455957232
2565 -1.09107093479019
2566 -1.090677427168833
2567 -1.090282830505876
2568 -1.089887485671389
2569 -1.089493962341982
2570 -1.089098746640994
2571 -1.088703019933347
2572 -1.088306787794639
2573 -1.087911105144791
2574 -1.087514801791169
2575 -1.087119858285126
2576 -1.086723490756246
2577 -1.0863276802313
2578 -1.085930585526807
2579 -1.085534102913818
2580 -1.085137158218005
2581 -1.084740580311894
2582 -1.084341029718048
2583 -1.083942196754696
2584 -1.083544125442255
2585 -1.083146171373479
2586 -1.082746953986441
2587 -1.082348163472309
2588 -1.081949073486986
2589 -1.081551208900617
2590 -1.081153411394888
2591 -1.080756238241288
2592 -1.080358321003921
2593 -1.079961070696954
2594 -1.079563560616134
2595 -1.079167614765621
2596 -1.07877081660816
2597 -1.078373967366285
2598 -1.0779770825495
2599 -1.07758291153901
2600 -1.077187852152064
2601 -1.076792986397785
2602 -1.076398811794074
2603 -1.076006246427397
2604 -1.07561399958175
2605 -1.075223650652125
2606 -1.074832918385779
2607 -1.074443687764901
2608 -1.074054850842137
2609 -1.073667973888025
2610 -1.073280984414748
2611 -1.07289615223324
2612 -1.072509530107703
2613 -1.072124799871065
2614 -1.071741123788032
2615 -1.07135945182648
2616 -1.07097658671698
2617 -1.070596190682747
2618 -1.070216903433935
2619 -1.069839132090178
2620 -1.069462646959109
2621 -1.069086752357077
2622 -1.068710573247584
2623 -1.068336672109859
2624 -1.067962839110012
2625 -1.067590906343367
2626 -1.067220017424042
2627 -1.066850456713245
2628 -1.066480568099113
2629 -1.06611241524885
2630 -1.065745501205649
2631 -1.065379703257798
2632 -1.065014348617957
2633 -1.064649609301055
2634 -1.064285066711649
2635 -1.063922757688197
2636 -1.063560485864035
2637 -1.06319902487843
2638 -1.062837438091922
2639 -1.062477311568184
2640 -1.062117400969735
2641 -1.061759161973176
2642 -1.061401572230874
2643 -1.06104376355177
2644 -1.060685828200346
2645 -1.060329666421957
2646 -1.059974039682875
2647 -1.059619161000224
2648 -1.059263895635518
2649 -1.058909902538762
2650 -1.058555773969745
2651 -1.058203029401208
2652 -1.057849449122364
2653 -1.057497308859323
2654 -1.057145467371126
2655 -1.056794803219329
2656 -1.056443686430594
2657 -1.05609359848414
2658 -1.05574231256851
2659 -1.055391971007706
2660 -1.055042516369753
2661 -1.054694097967747
2662 -1.054343831177293
2663 -1.053995401880692
2664 -1.053646671960084
2665 -1.053299572516941
2666 -1.052953393875347
2667 -1.052607631450052
2668 -1.05226135338001
2669 -1.051917236911262
2670 -1.051572013084874
2671 -1.051228261225194
2672 -1.050884693448889
2673 -1.050540812907281
2674 -1.050196471293675
2675 -1.049854619870862
2676 -1.049512983459094
2677 -1.049172565719168
2678 -1.048832510939784
2679 -1.048493919515404
2680 -1.048155444185377
2681 -1.047819281772211
2682 -1.047482304141376
2683 -1.047145730047264
2684 -1.046809756421362
2685 -1.046473949238277
2686 -1.04614001027032
2687 -1.0458059191418
2688 -1.045471733152544
2689 -1.045138754967998
2690 -1.044805827013744
2691 -1.044474394338657
2692 -1.044143860269055
2693 -1.043813125053511
2694 -1.043482892017194
2695 -1.043153722579934
2696 -1.042825215706484
2697 -1.042497287021847
2698 -1.042169382365363
2699 -1.041842069886901
2700 -1.041515508282692
2701 -1.041188801995362
2702 -1.040863561330647
2703 -1.040537853161106
2704 -1.040212055004947
2705 -1.039888137231064
2706 -1.039565083742086
2707 -1.039241399459284
2708 -1.038918740864223
2709 -1.038597304902488
2710 -1.038277236067077
2711 -1.037958345601117
2712 -1.037639273660602
2713 -1.037320694125032
2714 -1.037003436093589
2715 -1.036686188966973
2716 -1.036369634982725
2717 -1.036055067507308
2718 -1.035739979001515
2719 -1.035425428720122
2720 -1.035112331617639
2721 -1.034801042419742
2722 -1.034489843139594
2723 -1.03417913991265
2724 -1.033869543685612
2725 -1.033561255976059
2726 -1.03325511740386
2727 -1.032948227294209
2728 -1.032641681185265
2729 -1.032336745253654
2730 -1.032032137068702
2731 -1.031728723458271
2732 -1.031427157619775
2733 -1.031124877809363
2734 -1.030823691260887
2735 -1.030523846432577
2736 -1.030225197282056
2737 -1.029927646965602
2738 -1.029629437656575
2739 -1.029332343550521
2740 -1.029036454170196
2741 -1.02874147385689
2742 -1.028447149545871
2743 -1.028153359699659
2744 -1.027860798753063
2745 -1.027568560357567
2746 -1.027276992070374
2747 -1.026986458975299
2748 -1.026695183997641
2749 -1.026404451363329
2750 -1.026115383899738
2751 -1.025827046736688
2752 -1.025537558589406
2753 -1.025249083663974
2754 -1.024961941349402
2755 -1.024675968202905
2756 -1.024392100077428
2757 -1.024107417500651
2758 -1.023822817723829
2759 -1.023538925761798
2760 -1.023256152550707
2761 -1.022972721834793
2762 -1.022690099364184
2763 -1.022407281637282
2764 -1.02212467733974
2765 -1.02184279796825
2766 -1.021562143496178
2767 -1.021282055540216
2768 -1.021003131552387
2769 -1.020724136717546
2770 -1.020446169349356
2771 -1.02016822245079
2772 -1.019891369040413
2773 -1.019614598959932
2774 -1.019337904328357
2775 -1.019061521288658
2776 -1.018785879230269
2777 -1.0185106228049
2778 -1.018236687623595
2779 -1.017961206655585
2780 -1.017685911095959
2781 -1.017411796263027
2782 -1.017139310258127
2783 -1.016866572503658
2784 -1.016594545997569
2785 -1.016322812758181
2786 -1.016051687233189
2787 -1.015781837101253
2788 -1.015511777208615
2789 -1.015242844193569
2790 -1.014974858143293
2791 -1.014707472860962
2792 -1.014439983674453
2793 -1.014173638443972
2794 -1.013906812835712
2795 -1.013641172792906
2796 -1.013378717641519
2797 -1.013115861402945
2798 -1.012853612120117
2799 -1.012592611429177
2800 -1.012332651389199
2801 -1.012073802198264
2802 -1.011816084079579
2803 -1.011558890718824
2804 -1.011302861810458
2805 -1.011048184465545
2806 -1.010794013458986
2807 -1.010541346557092
2808 -1.010289368095266
2809 -1.010037562961678
2810 -1.009787417049849
2811 -1.009539006437494
2812 -1.009291829255399
2813 -1.00904651081375
2814 -1.00880084260384
2815 -1.00855675839498
2816 -1.008313502355086
2817 -1.008072545560039
2818 -1.007831810778698
2819 -1.00759289165477
2820 -1.007355350812208
2821 -1.00711944589363
2822 -1.006884792933158
2823 -1.006652023672585
2824 -1.006418896665417
2825 -1.006187004102985
2826 -1.005957281304351
2827 -1.005729231643012
2828 -1.005501028097551
2829 -1.005273898054971
2830 -1.005048265275848
2831 -1.004824615963365
2832 -1.004602738396098
2833 -1.004381481240213
2834 -1.004161855781176
2835 -1.003943176642807
2836 -1.00372585091715
2837 -1.003509308873006
2838 -1.003294300169807
2839 -1.003079139778514
2840 -1.002864872313656
2841 -1.002653133153019
2842 -1.002441816988901
2843 -1.002231201293036
2844 -1.002021986787261
2845 -1.001813835455148
2846 -1.001607914900325
2847 -1.001401861312816
2848 -1.001197082840925
2849 -1.000993300733875
2850 -1.000790195391399
2851 -1.00058786340074
2852 -1.000386420406413
2853 -1.000184683809887
2854 -0.9999831150081331
2855 -0.9997828483758577
2856 -0.9995838049943839
2857 -0.9993856230632662
2858 -0.9991887080909913
2859 -0.9989909130307334
2860 -0.9987936309359778
2861 -0.998597373448284
2862 -0.9984017508012304
2863 -0.9982056812876428
2864 -0.9980096966309872
2865 -0.9978139240091459
2866 -0.9976185917028883
2867 -0.9974236866646821
2868 -0.9972293640488602
2869 -0.9970336956288733
2870 -0.9968385229498591
2871 -0.996644397184524
2872 -0.9964509200151248
2873 -0.9962574252955087
2874 -0.9960641731496485
2875 -0.9958693697943912
2876 -0.9956749389620783
2877 -0.9954808042107572
2878 -0.9952876698987514
2879 -0.995094386035303
2880 -0.9949012863227215
2881 -0.9947087362969483
2882 -0.9945160922005193
2883 -0.9943240058598097
2884 -0.9941309804257721
2885 -0.9939380483044276
2886 -0.9937462198649124
2887 -0.9935547790982273
2888 -0.9933624112115808
2889 -0.9931711352253788
2890 -0.9929796822746724
2891 -0.9927888786939139
2892 -0.9925996237447103
2893 -0.9924100754700728
2894 -0.9922213470692457
2895 -0.9920323939937896
2896 -0.991844399068391
2897 -0.9916568476465399
2898 -0.9914702333467627
2899 -0.9912827259251574
2900 -0.9910960162919246
2901 -0.9909106801987234
2902 -0.990727098443373
2903 -0.9905433824980162
2904 -0.9903613173538385
2905 -0.9901786840962256
2906 -0.9899974382682467
2907 -0.989817761576091
2908 -0.9896392473340219
2909 -0.9894605408131934
2910 -0.989283005011949
2911 -0.9891065459001549
2912 -0.9889311618991925
2913 -0.9887573660397157
2914 -0.9885851791644116
2915 -0.9884123418168982
2916 -0.9882410185570404
2917 -0.9880724851553434
2918 -0.9879038883215882
2919 -0.9877362057714323
2920 -0.9875697954679914
2921 -0.9874049714730746
2922 -0.9872422201714227
2923 -0.9870804772216174
2924 -0.9869193270775731
2925 -0.9867592981396032
2926 -0.9866014621857573
2927 -0.9864442664506559
2928 -0.9862883718126791
2929 -0.9861339687558707
2930 -0.985980187515775
2931 -0.9858279679481663
2932 -0.985677436680853
2933 -0.9855279882656879
2934 -0.9853804056838995
2935 -0.985232707076358
2936 -0.9850862612988426
2937 -0.9849413621073213
2938 -0.9847991518179687
2939 -0.9846572617073348
2940 -0.9845162812084994
2941 -0.9843762818059078
2942 -0.9842376820502916
2943 -0.9840997709781306
2944 -0.983963845476764
2945 -0.9838275330313746
2946 -0.9836922372689816
2947 -0.9835585594280393
2948 -0.9834262260905295
2949 -0.9832950135226799
2950 -0.9831647017505915
2951 -0.9830341537887885
2952 -0.9829052695731492
2953 -0.9827771369530431
2954 -0.9826506896182323
2955 -0.9825249216480805
2956 -0.9823999259902533
2957 -0.9822751162581532
2958 -0.9821510854012213
2959 -0.9820281577477538
2960 -0.9819044555500133
2961 -0.9817816660455513
2962 -0.9816602651810595
2963 -0.9815395205694862
2964 -0.9814197769484188
2965 -0.9812992259575296
2966 -0.9811796793050219
2967 -0.9810612162313236
2968 -0.9809432701638251
2969 -0.980824757774141
2970 -0.9807065766699172
2971 -0.9805893881717469
2972 -0.980472821170609
2973 -0.9803568150032695
2974 -0.9802481565226986
2975 -0.9801302977973241
2976 -0.9800134685018652
2977 -0.9798980119201384
2978 -0.9797841873360056
2979 -0.9796709453189982
2980 -0.9795571065894541
2981 -0.9794440447667708
2982 -0.9793372206442347
2983 -0.979224423341859
2984 -0.979111907899504
2985 -0.979000620343916
2986 -0.9788961189046631
2987 -0.97878398588162
2988 -0.9786728258206711
2989 -0.9785634020168543
2990 -0.9784529255741135
2991 -0.9783433073999379
2992 -0.9782351240765249
2993 -0.9781286387499765
2994 -0.978021323572779
2995 -0.9779145971591656
2996 -0.9778092003031139
2997 -0.9777048316166055
2998 -0.9776011970895701
2999 -0.9774977562736416
3000 -0.9773952183982904
