"lift-rfile"
"Iteration" "lift"
("Iteration" "lift")
1 1.074013830009908
2 1.63440064416072
3 2.037493173276581
4 2.27730242291188
5 2.388674597824823
6 2.398592970948093
7 2.334848869026584
8 2.232716813202521
9 2.094390401033611
10 1.988459565923257
11 1.913048974003158
12 1.836812918720318
13 1.769493653902777
14 1.706673237199091
15 1.646129101343422
16 1.583603601664494
17 1.519771248086572
18 1.454970877348193
19 1.387639108156628
20 1.319415539628718
21 1.250204369438866
22 1.180320655727486
23 1.109642080197781
24 1.039680230751237
25 0.9704453272273782
26 0.9016050568820493
27 0.833264822767146
28 0.7665515704549377
29 0.7003551370790985
30 0.6343992141606746
31 0.5706464614037342
32 0.5081169682319358
33 0.4470592618997394
34 0.3876966891532539
35 0.331777848866478
36 0.2766259295462573
37 0.2242366604803519
38 0.174594350665919
39 0.1278028682946013
40 0.0837898650531306
41 0.04249765617364274
42 0.004117811398275374
43 -0.03143239579509508
44 -0.0642942036671911
45 -0.09453969126054354
46 -0.1222012649744715
47 -0.1474639188426594
48 -0.1706894001220583
49 -0.1912130002254232
50 -0.2099464513837182
51 -0.2262594814096475
52 -0.2414052953057064
53 -0.2545407006485866
54 -0.2658370147317519
55 -0.2753689758659301
56 -0.2832019625256821
57 -0.2884441511937578
58 -0.2921990817732746
59 -0.2944981640366092
60 -0.2954999740490503
61 -0.2951213182361308
62 -0.2935341823598339
63 -0.2907706073149223
64 -0.2878141857729185
65 -0.2835773367558661
66 -0.2791206768518623
67 -0.2723784097580794
68 -0.2643098278890253
69 -0.2558568215910491
70 -0.2450810376566603
71 -0.2338684332705224
72 -0.2212490359674767
73 -0.2064433702899929
74 -0.1912157490050774
75 -0.1746899907143518
76 -0.1560075383635978
77 -0.1371242895918348
78 -0.1170591433572158
79 -0.09475488916889899
80 -0.07264067092678096
81 -0.04956266556566517
82 -0.02406814544997888
83 0.0005441536288104951
84 0.02768316961644634
85 0.05383095439473326
86 0.08254652084877429
87 0.1095571593084402
88 0.1390415666766027
89 0.1663723260468862
90 0.1961244006482849
91 0.2256822402889112
92 0.2525349277739417
93 0.281341508931462
94 0.309567053758544
95 0.3346148759765464
96 0.3614556929964621
97 0.3873121052079905
98 0.4097983749397964
99 0.4336717210618902
100 0.4539903422873124
101 0.4753779551464496
102 0.4932424674254541
103 0.5098182733603065
104 0.5250581001723734
105 0.5388973897782308
106 0.5513021993184707
107 0.5623605668024162
108 0.5719270778341539
109 0.5799413038957096
110 0.5864998069764909
111 0.5922569358597709
112 0.5957010161160753
113 0.5977069056785488
114 0.5986073584625888
115 0.5978494056462455
116 0.5956482363782994
117 0.5919702665373716
118 0.5868984098075367
119 0.5804811312263606
120 0.572843897092186
121 0.5640728678155461
122 0.5542738473924532
123 0.5435391190056654
124 0.5329712784132346
125 0.5205411761802029
126 0.5074544833910097
127 0.4949051438080388
128 0.4806475945593387
129 0.4671158246627966
130 0.4520020736909329
131 0.4377641795379619
132 0.4232356065902347
133 0.408489675589854
134 0.3935634343709106
135 0.3785186216890758
136 0.363402922340741
137 0.3482685754220468
138 0.3331315241069844
139 0.3180783493436364
140 0.3031634975727233
141 0.2884597052193271
142 0.2739797212888095
143 0.2598282106652382
144 0.2459800624238136
145 0.2324788833163964
146 0.2193566464477569
147 0.2056747753038928
148 0.1935168297548598
149 0.181864302585603
150 0.1699347795774421
151 0.159466337814125
152 0.1496047552109311
153 0.1397368774212036
154 0.1312274842537448
155 0.1234036739516393
156 0.1158102331357989
157 0.1094561827487305
158 0.1034829296699306
159 0.09865523404646243
160 0.09459659085828864
161 0.09112534929199434
162 0.08863980932477053
163 0.08694515814137171
164 0.08604499424775372
165 0.08593557202790741
166 0.08661809719458453
167 0.08823734480263003
168 0.09046897669270027
169 0.09347005997557313
170 0.09722399099836129
171 0.1017195110691779
172 0.1069474467422955
173 0.1128742354455644
174 0.1195065253503266
175 0.1267934949873016
176 0.1347039790003812
177 0.143175418655916
178 0.1522320508611582
179 0.1618147526895593
180 0.1718893861425557
181 0.1824247927292356
182 0.193376687007641
183 0.2047014427112618
184 0.2163582383651344
185 0.2283041303469841
186 0.2404946169387627
187 0.2528868424453797
188 0.2653924517641491
189 0.278005873294343
190 0.290685130399871
191 0.3034293063051993
192 0.3161392503025803
193 0.3287679252773873
194 0.3412720673657149
195 0.3536046378076562
196 0.365720184957773
197 0.3775754775539905
198 0.3891264292606284
199 0.40033218658315
200 0.4111521432193737
201 0.4215518314564173
202 0.4314926918002511
203 0.4409472801252014
204 0.4498886853540527
205 0.4582821995813334
206 0.4661014533573291
207 0.4733226266076451
208 0.4799229928637817
209 0.4858828066944708
210 0.4911866671634117
211 0.4958317319674064
212 0.4997952763786107
213 0.5030723693889333
214 0.5056577808235496
215 0.5075480711693128
216 0.5087426010343256
217 0.5092454425882532
218 0.5090608508250926
219 0.5081946179753123
220 0.506663329557606
221 0.5044815524994933
222 0.501652037409868
223 0.4982057431346889
224 0.4941672567876176
225 0.4895633406019012
226 0.4844157091233237
227 0.4787529424455124
228 0.4726071788292448
229 0.4660059702740918
230 0.4589870876963819
231 0.4515889287517909
232 0.4438486640172217
233 0.4358059879292003
234 0.4274966373094609
235 0.4189587988326236
236 0.4102360487248343
237 0.4013650637906239
238 0.392390155777832
239 0.3833540832905683
240 0.3742976522724589
241 0.3652606702057153
242 0.3562784220858007
243 0.34740374764699
244 0.3386474260519576
245 0.3300618021883662
246 0.3216802967287099
247 0.3135375974495035
248 0.3056640076186261
249 0.2980899098756883
250 0.2908437117982766
251 0.2839501724198749
252 0.277439342014915
253 0.2713293982824874
254 0.2656370650870713
255 0.2603826315465298
256 0.2555899472110007
257 0.2512611838011551
258 0.2474081961477973
259 0.2440394576117595
260 0.2411629837929217
261 0.2387838637607826
262 0.23690316577472
263 0.2355195907396437
264 0.234634488415415
265 0.2342449651740464
266 0.2343460844665524
267 0.2349296917051955
268 0.2359877701865534
269 0.2375093589738384
270 0.2394847512303428
271 0.2418966476691489
272 0.2447332657105135
273 0.2479763263888664
274 0.2516101565919197
275 0.2556103491961275
276 0.2599493763659542
277 0.2646210098394081
278 0.2696061119714069
279 0.2748826785969694
280 0.2804311508231959
281 0.2862286626310499
282 0.2922629212121601
283 0.2985004704967158
284 0.3049199804488654
285 0.311499177119507
286 0.3182126879992476
287 0.3250355531341135
288 0.331944938413907
289 0.3389179248222069
290 0.3459310913476033
291 0.3529611752454578
292 0.3599818792860188
293 0.3669665169204702
294 0.3738999440614936
295 0.3807559698654507
296 0.3875152082131181
297 0.3941510204240882
298 0.4006477745414679
299 0.4069829824360461
300 0.4131387440973988
301 0.4190943939119868
302 0.4248334112546278
303 0.4303380698516151
304 0.4355903842048142
305 0.4405758850289883
306 0.4452823374049683
307 0.4496976343348272
308 0.4538089107725711
309 0.457604465728149
310 0.4610758835395294
311 0.4642142736479298
312 0.4670124165694487
313 0.4694654259341176
314 0.4715659891340947
315 0.4733116405405627
316 0.4747019378088206
317 0.4757336434282008
318 0.476406864943832
319 0.4767209310667939
320 0.4766822456552611
321 0.4762958158376449
322 0.4755642981965777
323 0.4744948356454683
324 0.4730970754172311
325 0.4713790049216948
326 0.4693492492388619
327 0.4670244025023171
328 0.4644126968006807
329 0.4615262260800234
330 0.4583821598478426
331 0.4549966201765667
332 0.4513867782060739
333 0.4475686288430023
334 0.4435619065035173
335 0.4393817027891223
336 0.4350466474619362
337 0.4305811731420948
338 0.4260052055815088
339 0.4213396753452601
340 0.4166065182408786
341 0.4118276757494325
342 0.4070225976731093
343 0.4022136999351998
344 0.3974233902188077
345 0.3926694629041467
346 0.3879762398103128
347 0.3833607400332519
348 0.3788437239129272
349 0.3744442740107988
350 0.3701830906097324
351 0.3660749253503694
352 0.3621381024249306
353 0.3583889185441153
354 0.3548438281072849
355 0.3515167761303016
356 0.3484206396751686
357 0.3455677534354941
358 0.3429667279495204
359 0.340630100931254
360 0.3385666216302042
361 0.336780191036608
362 0.3352806532180919
363 0.3340711290386607
364 0.3331538193468207
365 0.3325324711580081
366 0.3322079723502061
367 0.3321794307744592
368 0.3324450797284207
369 0.3330043621801372
370 0.3338514103826485
371 0.3349815579377335
372 0.3363889151992519
373 0.3380643219291135
374 0.3400007000568268
375 0.3421871354574758
376 0.3446147502126266
377 0.347272872146815
378 0.3501476081904683
379 0.3532252023854424
380 0.3564945041486941
381 0.3599429260037842
382 0.3635504912996849
383 0.3673060837407816
384 0.3711948368160983
385 0.3751993785168908
386 0.3793042655466253
387 0.3834971922048959
388 0.3877560147473236
389 0.3920663508815209
390 0.3964122696694056
391 0.4007745295998783
392 0.4051367423934855
393 0.4094842609535592
394 0.413800332076797
395 0.4180691846815081
396 0.4222784347928714
397 0.4264124738410133
398 0.4304581578093151
399 0.4343992518885557
400 0.4382268255343456
401 0.4419254472163849
402 0.4454861709582925
403 0.448894915717696
404 0.4521428291686845
405 0.4552248824970242
406 0.4581301050796717
407 0.4608504067032295
408 0.463381006925241
409 0.4657137394032599
410 0.4678451513043252
411 0.4697714936308593
412 0.4714876331878059
413 0.4729944190448127
414 0.4742896246006218
415 0.475368986350578
416 0.476239313065447
417 0.4768977113192242
418 0.4773476757988698
419 0.4775924651541862
420 0.4776362246485099
421 0.4774810899786454
422 0.477133473104757
423 0.4765977699578268
424 0.4758802476262526
425 0.4749884795875005
426 0.4739323793625977
427 0.4727168801014867
428 0.4713508353129426
429 0.4698433980434201
430 0.4682032120901815
431 0.4664426006982877
432 0.4645695692401349
433 0.462594709918356
434 0.4605301037694606
435 0.4583837093314373
436 0.4561672344571565
437 0.4538905853013357
438 0.4515671089581396
439 0.4492051790555804
440 0.4468170990832472
441 0.4444149808710067
442 0.4420044533139818
443 0.4396016773673582
444 0.4372243643156962
445 0.4348702211363746
446 0.4325523303027103
447 0.4302805362316565
448 0.428062269155912
449 0.4259070887444971
450 0.4238239007027179
451 0.421818619123951
452 0.4198990339293528
453 0.41807494224743
454 0.4163520273493107
455 0.4147363835572747
456 0.4132350744492759
457 0.4118501153092482
458 0.4105866987592585
459 0.4094512087738197
460 0.4084459704363826
461 0.40757532531971
462 0.4068412538499392
463 0.4062447251572067
464 0.4057898607844436
465 0.4054775026848964
466 0.4053050098930665
467 0.4052742299791874
468 0.4053859530539689
469 0.4056339941229615
470 0.4060202620416318
471 0.4065396722764754
472 0.407192196017394
473 0.4079745010540029
474 0.4088841244498854
475 0.4099167565126687
476 0.4110676841129647
477 0.4123332238975536
478 0.4137067158188074
479 0.4151841105413238
480 0.41676144007571
481 0.4184270397370746
482 0.4201795819808561
483 0.4220113595225322
484 0.4239143780935271
485 0.4258824886291153
486 0.427910641036119
487 0.429989100132228
488 0.4321140118807291
489 0.434278158683352
490 0.4364699434004833
491 0.438686030579155
492 0.4409210238767182
493 0.4431622477563653
494 0.4454058935759903
495 0.4476453922146502
496 0.4498710345984169
497 0.4520768728781412
498 0.4542579694528953
499 0.4564062635988821
500 0.4585162746301306
501 0.4605825066035593
502 0.4625964941163198
503 0.4645553964475968
504 0.4664562600566105
505 0.4682885649453918
506 0.470049365925944
507 0.4717363761492054
508 0.4733431235376501
509 0.4748659392582901
510 0.4763021746843084
511 0.4776490522600829
512 0.4789046254930197
513 0.480066983288244
514 0.4811323398275182
515 0.4820991605339323
516 0.4829681342067665
517 0.4837353964637001
518 0.4844037742147922
519 0.4849713913303074
520 0.4854385769263865
521 0.4858056820132193
522 0.4860747194087242
523 0.4862458519866303
524 0.4863212722696707
525 0.4863016975462112
526 0.4861896957559205
527 0.4859888537700917
528 0.4857011562156871
529 0.4853291637324232
530 0.4848760874148792
531 0.4843480961679875
532 0.483745087981954
533 0.4830721071959886
534 0.4823344685047947
535 0.4815354621926452
536 0.4806790983698683
537 0.4797706438048204
538 0.4788137722357655
539 0.4778148361204709
540 0.4767811031543577
541 0.4757122487465107
542 0.4746169852480072
543 0.4735008292987046
544 0.4723684431966426
545 0.4712227517589426
546 0.4700722549418719
547 0.4689193130508888
548 0.4677703484345139
549 0.4666301807830626
550 0.4655047444479649
551 0.4643987553307967
552 0.4633168616049237
553 0.4622637713623231
554 0.4612421768910016
555 0.4602606697566003
556 0.4593215731121317
557 0.4584277515657717
558 0.4575845487025754
559 0.4567951594958625
560 0.4560638586126842
561 0.4553940208208687
562 0.4547883624997599
563 0.4542499936489775
564 0.4537797856754214
565 0.4533816262947176
566 0.4530547930658063
567 0.4528032124653082
568 0.4526285850623315
569 0.4525297645306221
570 0.4525084083041405
571 0.4525664775880483
572 0.4527037232324236
573 0.4529213930577125
574 0.4532191513900826
575 0.4535929601290817
576 0.4540433937751764
577 0.4545695448940195
578 0.4551691557503089
579 0.455839185337817
580 0.4565803531129058
581 0.4573867544229734
582 0.4582603706730806
583 0.4591957636546692
584 0.4601905986674584
585 0.4612413606835389
586 0.4623452558000446
587 0.4634979303619156
588 0.4646965798032188
589 0.465932487461702
590 0.4672053676657706
591 0.4685090396849618
592 0.4698398748975798
593 0.4711932202002025
594 0.472565141290854
595 0.4739498327828587
596 0.4753433985060724
597 0.4767414170044804
598 0.4781393070724335
599 0.4795337766640494
600 0.48091650164947
601 0.4822862636807009
602 0.4836376382830294
603 0.4849658523623021
604 0.4862659532801386
605 0.4875351095709078
606 0.4887693312248759
607 0.4899642360282087
608 0.4911172251870153
609 0.4922251800743885
610 0.493284697841178
611 0.4942931414604387
612 0.4952464019603708
613 0.4961433446171869
614 0.4969807179198185
615 0.4977587366687982
616 0.4984731754135133
617 0.499123399071206
618 0.4997112737521863
619 0.5002337601993053
620 0.5006878583867663
621 0.5010738116130159
622 0.501392795233566
623 0.5016444663735884
624 0.501831494508275
625 0.501951694339614
626 0.5020083391420396
627 0.5020047821909094
628 0.5019337732210554
629 0.5018033784478038
630 0.5016160243072693
631 0.501371498820591
632 0.5010745803772173
633 0.5007277510095276
634 0.5003326273902954
635 0.4998955810403821
636 0.4994156459418053
637 0.4988971591266841
638 0.4983456288288723
639 0.4977638275479275
640 0.4971543095669407
641 0.4965207842845751
642 0.4958671719554659
643 0.4951972095915646
644 0.4945138323368987
645 0.493821766299575
646 0.4931240341746747
647 0.4924244175493235
648 0.491727511932018
649 0.4910373588064267
650 0.490353938102372
651 0.4896829127350718
652 0.4890275479190209
653 0.4883917238079636
654 0.48777784563462
655 0.4871907984254945
656 0.4866309525527483
657 0.4861029818541889
658 0.4856076891136782
659 0.4851482638795673
660 0.4847269202977866
661 0.4843441663913939
662 0.4840031756470298
663 0.4837047665115413
664 0.4834506429247558
665 0.48324333633911
666 0.4830820061289733
667 0.4829696456243784
668 0.4829026613717304
669 0.4828835916552424
670 0.4829149762399304
671 0.4829933292965233
672 0.4831205597525492
673 0.4832959490098349
674 0.4835170852730492
675 0.4837843155925519
676 0.4840996875869363
677 0.4844602952079736
678 0.4848623265916374
679 0.4853050062830476
680 0.4857874633797481
681 0.4863086567054242
682 0.4868660537570846
683 0.4874595889911009
684 0.4880869254591483
685 0.4887448275688167
686 0.4894315057508663
687 0.4901456186543169
688 0.4908835607653728
689 0.4916411004846749
690 0.4924161413901297
691 0.4932066657415796
692 0.4940118241935642
693 0.4948279314618051
694 0.4956523879114454
695 0.496484136957683
696 0.497319061381882
697 0.4981558228105499
698 0.4989918418716156
699 0.4998210668971828
700 0.5006458661442191
701 0.5014620276294942
702 0.5022690459987165
703 0.5030657196902054
704 0.5038463691876489
705 0.5046099296358642
706 0.5053534730413224
707 0.5060770010669345
708 0.5067796151923762
709 0.5074573682595177
710 0.5081093396173753
711 0.5087359988123693
712 0.5093336729952092
713 0.5099020288411671
714 0.5104419493679135
715 0.5109486999699867
716 0.5114234277281307
717 0.511867664880316
718 0.5122791609463832
719 0.5126583762566529
720 0.5130030219775418
721 0.5133164823234475
722 0.5135977069125426
723 0.5138445352165791
724 0.5140574791616041
725 0.5142659978110176
726 0.514411029230975
727 0.5145250763648933
728 0.5146252928069722
729 0.5146735559303599
730 0.5146914373726987
731 0.5146931350966347
732 0.5146522781011829
733 0.5145860460662597
734 0.5144956818739643
735 0.5143797863841449
736 0.5142422334950636
737 0.5140805720532716
738 0.5138993165706669
739 0.5136991437859213
740 0.5134804912603528
741 0.5132464937327703
742 0.5129977561150125
743 0.5127373468840133
744 0.5124655787661153
745 0.5121849541246992
746 0.511896729891782
747 0.5116020777458976
748 0.5113011349441443
749 0.5109990698802153
750 0.510695619572599
751 0.5103934487732892
752 0.5100938596557811
753 0.5097990391650844
754 0.5095079178831067
755 0.5092252135083979
756 0.5089498712886172
757 0.5086855227641914
758 0.5084311938437578
759 0.5081899327204922
760 0.507961151926933
761 0.5077481228307711
762 0.5075521659619463
763 0.5073731043474518
764 0.507214136992948
765 0.5070746876168878
766 0.5069558714931191
767 0.5068565153201617
768 0.5067772282911565
769 0.5067200532451441
770 0.5066848250924525
771 0.506671445224373
772 0.5066815689037987
773 0.5067154396338804
774 0.5067733097075275
775 0.5068712875093133
776 0.5069751578726111
777 0.5071218929323761
778 0.5072709144214778
779 0.5074641593163384
780 0.5076582471905061
781 0.5078955058334524
782 0.5081327441329989
783 0.5084159285554216
784 0.5086940552511171
785 0.5090214448923686
786 0.5093400304513293
787 0.5096786439285413
788 0.5100639642864756
789 0.510435877783943
790 0.5108263280077653
791 0.5112328168094326
792 0.5116546262361933
793 0.5121256911836708
794 0.5125716973592938
795 0.5130279162352234
796 0.5134948338910068
797 0.513973318837689
798 0.514460492901252
799 0.5149556044964266
800 0.5154574839610396
801 0.5159616171550427
802 0.5164697193139015
803 0.5169791404834071
804 0.5174884424113502
805 0.5179968356499621
806 0.5185015413439129
807 0.5190023324188957
808 0.519497641166526
809 0.5199889735809208
810 0.5204742471964446
811 0.5209524090110954
812 0.5214202554977588
813 0.5218767189711218
814 0.522321439178626
815 0.5227526656952897
816 0.5231702313005395
817 0.523572441950403
818 0.5239587797071983
819 0.5243286470696955
820 0.5247147549874758
821 0.525044043279847
822 0.5253864647380184
823 0.5256760585078449
824 0.5259741062314985
825 0.5262449925638351
826 0.5264912525595304
827 0.5267125822467005
828 0.52690928569672
829 0.5270818468482743
830 0.5272313565826314
831 0.5273574991831959
832 0.5274607584583836
833 0.5275437118732225
834 0.5276041973364103
835 0.5276456452805876
836 0.5276645624332722
837 0.5276650157856297
838 0.5276486689580195
839 0.5276133280456323
840 0.5275606733750845
841 0.5274939815978686
842 0.5274116872348728
843 0.5273171972065394
844 0.5272075316694941
845 0.5270881248249639
846 0.5269578329735736
847 0.5268190874879422
848 0.5266698572330132
849 0.5265151027287445
850 0.526354217795369
851 0.526189850597257
852 0.5260209943538761
853 0.525849411374449
854 0.5256775844509881
855 0.5255043257504809
856 0.5253345793545663
857 0.5251653911688539
858 0.5249996530136603
859 0.5248389185368245
860 0.5246794625056644
861 0.5245289142788139
862 0.5243838614683454
863 0.5242483346265674
864 0.5241213794157859
865 0.5240054698981284
866 0.5239009647041651
867 0.5238077401003446
868 0.5237274873426669
869 0.5236588514030863
870 0.5236043617755656
871 0.5235644416613203
872 0.5235370770560861
873 0.5235258433083574
874 0.5235304534093245
875 0.5235502146891863
876 0.5235864091151566
877 0.5236384870384133
878 0.5237059377741681
879 0.5237907341438051
880 0.5238899744310158
881 0.5240064473402539
882 0.5241401948944968
883 0.5242893172839411
884 0.5244528225819675
885 0.5246316320282382
886 0.524828011843298
887 0.5250385447970943
888 0.5252482312514455
889 0.5254882181787979
890 0.5257241544544665
891 0.5259750511231235
892 0.526257411704227
893 0.5265287557669696
894 0.5268121480409164
895 0.5271081188963316
896 0.5274398587904369
897 0.5277539131852674
898 0.5280745558420961
899 0.5284054700736656
900 0.5287398127097426
901 0.52908061757141
902 0.5294263059573573
903 0.5297775817696796
904 0.5301307783088267
905 0.5304869775073032
906 0.5308446562826468
907 0.5312021004753059
908 0.5315599059931399
909 0.5319163955485208
910 0.5322700840385527
911 0.5326204594213295
912 0.5329653931748786
913 0.5333058148498578
914 0.5336377734711275
915 0.5339630483500152
916 0.5342812429544985
917 0.5346218779167097
918 0.5349192117141722
919 0.5352075224647502
920 0.535486892643937
921 0.5357790054411427
922 0.5360323339888908
923 0.5362956829223441
924 0.5365234952205337
925 0.5367576934427997
926 0.5369763280454087
927 0.5371771652411175
928 0.5373606206186459
929 0.5375278311146841
930 0.5376801779893237
931 0.5378161239871644
932 0.5379382242627288
933 0.5380466207858895
934 0.5381381723619433
935 0.5382167789223471
936 0.5382813942764472
937 0.5383329654545821
938 0.5383708001648058
939 0.5383948587738119
940 0.53840600011744
941 0.5384041536376413
942 0.53839199444955
943 0.5383698052617999
944 0.5383377705230054
945 0.5382965168070192
946 0.5382463174253096
947 0.5381886455471405
948 0.5381230008796082
949 0.5380510850751248
950 0.5379730356527086
951 0.537889392243482
952 0.5377999369946553
953 0.5377075633000562
954 0.5376123327417932
955 0.5375128897320119
956 0.5374123127656155
957 0.5373126903891334
958 0.5372115234241085
959 0.537112450627499
960 0.5370151482955171
961 0.5369212911683841
962 0.5368294864694674
963 0.5367423381213718
964 0.536659312045357
965 0.5365821600420346
966 0.5365104417967315
967 0.5364440185212491
968 0.536384168013316
969 0.5363329038787624
970 0.5362882340362531
971 0.5362530926473635
972 0.5362250325842273
973 0.5362050377328683
974 0.536195062904642
975 0.5361967627043098
976 0.5362077492838797
977 0.5362302249385139
978 0.5362617054776591
979 0.5363037266783562
980 0.5363561719359676
981 0.5364192601151196
982 0.5364938041647445
983 0.5365781968178657
984 0.5366713283353671
985 0.5367765507408804
986 0.5368893716702931
987 0.537013268911437
988 0.5371465745573316
989 0.5372908276551895
990 0.5374443497827005
991 0.5375963769527279
992 0.5377708423123004
993 0.5379401570109709
994 0.5381315117510593
995 0.5383174732748566
996 0.5385246741544667
997 0.5387232088635003
998 0.538943233616907
999 0.5391545155116019
1000 0.539386180464595
1001 0.5396062030571809
1002 0.5398306549663445
1003 0.5400788320905062
1004 0.5403092242251283
1005 0.5405428818014265
1006 0.5407971020019083
1007 0.5410325667505121
1008 0.5412891217683686
1009 0.5415260905012702
1010 0.541779256692122
1011 0.5420117973727324
1012 0.5422613155247702
1013 0.5424898164381607
1014 0.54273260278748
1015 0.5429535296081886
1016 0.5431876886108725
1017 0.5434001321166352
1018 0.5436079970627917
1019 0.543826520594131
1020 0.5440213583815288
1021 0.5442271554864062
1022 0.5444103761389905
1023 0.5446020250456538
1024 0.5447856932490837
1025 0.5449600979842321
1026 0.5451124327671467
1027 0.545272337837168
1028 0.5454213856879269
1029 0.5455593258294572
1030 0.5456860883613561
1031 0.5458035350063942
1032 0.54591139709463
1033 0.5460100363011975
1034 0.5460999884753841
1035 0.5461809555344612
1036 0.546253460531111
1037 0.5463156584356328
1038 0.5463687773471865
1039 0.5464138145606804
1040 0.5464506928588947
1041 0.5464788896039855
1042 0.5464993153968339
1043 0.5465125285637793
1044 0.5465186062684352
1045 0.546517842205566
1046 0.5465110962165516
1047 0.5464984679025506
1048 0.5464802600399716
1049 0.5464591028692925
1050 0.5464310798571264
1051 0.5463981561652193
1052 0.5463607059544049
1053 0.5463191099996873
1054 0.5462755367472841
1055 0.5462292417479707
1056 0.5461808563534021
1057 0.5461317303401495
1058 0.5460817884329879
1059 0.5460309024958689
1060 0.5459807521022222
1061 0.5459310929938963
1062 0.5458827636597676
1063 0.5458341775702056
1064 0.5457866439576271
1065 0.545740063245827
1066 0.5456959710655521
1067 0.5456561137483866
1068 0.5456179123606413
1069 0.5455830800469719
1070 0.545552457297985
1071 0.545527241487191
1072 0.5455053619308264
1073 0.5454892608377754
1074 0.5454790344149491
1075 0.5454733341610474
1076 0.5454731098477615
1077 0.5454783201882943
1078 0.5454892969590401
1079 0.5455066022523478
1080 0.545530797222218
1081 0.5455609975618773
1082 0.545597665371953
1083 0.5456410852750105
1084 0.5456916683362785
1085 0.5457490169789689
1086 0.545813005135411
1087 0.545884481904294
1088 0.5459604431059704
1089 0.54604448230794
1090 0.5461283111061723
1091 0.5462254255028262
1092 0.5463284344982428
1093 0.546428774097417
1094 0.5465445251906327
1095 0.5466568267906945
1096 0.5467821205996489
1097 0.5469048199388691
1098 0.5470417299721039
1099 0.5471718063805766
1100 0.5473180728604865
1101 0.5474559909361121
1102 0.5476079161928505
1103 0.5477509740457995
1104 0.5479093628639666
1105 0.5480586990126835
1106 0.5482206885132795
1107 0.5483722359646026
1108 0.5485360478770174
1109 0.5486877911531196
1110 0.5488533762274956
1111 0.5490056683312498
1112 0.5491706731166191
1113 0.5493212486716478
1114 0.5494844045971561
1115 0.5496446161014537
1116 0.549790304806359
1117 0.5499454618659589
1118 0.5500972224418758
1119 0.5502342584883752
1120 0.5503792105695644
1121 0.5505213490358232
1122 0.5506595627571174
1123 0.5507926249711734
1124 0.5509202308591433
1125 0.5510411804014388
1126 0.5511573288400606
1127 0.551269505039575
1128 0.551376151458966
1129 0.5514766622160352
1130 0.551571971709678
1131 0.5516614928249232
1132 0.55174544726439
1133 0.551823398444002
1134 0.5518960971118984
1135 0.5519634160031601
1136 0.5520258837800252
1137 0.5520831383564068
1138 0.5521327813754318
1139 0.552175982121549
1140 0.5522130510445861
1141 0.5522463328499606
1142 0.552276334517144
1143 0.5523007303116119
1144 0.5523200737002847
1145 0.5523350009901903
1146 0.5523460537573957
1147 0.5523522135929764
1148 0.5523545901061311
1149 0.5523530301889037
1150 0.5523461505344784
1151 0.5523363600903446
1152 0.5523218039660083
1153 0.5523044032276936
1154 0.552284926112352
1155 0.5522636927992124
1156 0.5522405672055881
1157 0.5522173342008665
1158 0.5521926862501435
1159 0.5521664486585222
1160 0.5521394449511021
1161 0.5521133408201017
1162 0.5520857222765585
1163 0.5520590922208578
1164 0.5520319201313985
1165 0.5520061479650301
1166 0.5519800239829835
1167 0.5519554825685614
1168 0.5519322216517854
1169 0.5519105488031423
1170 0.5518896737503014
1171 0.55187200450622
1172 0.5518547559227438
1173 0.5518418432398315
1174 0.5518296575756568
1175 0.551821518016466
1176 0.5518162018197391
1177 0.5518149298713999
1178 0.5518172643377555
1179 0.5518231126958779
1180 0.551832381570315
1181 0.5518443555144111
1182 0.551860288136145
1183 0.5518811724564464
1184 0.5519061269636444
1185 0.5519348406596641
1186 0.5519664465310231
1187 0.5520027058088813
1188 0.5520427561801744
1189 0.5520866728986676
1190 0.5521340894449673
1191 0.5521857377466911
1192 0.5522419392176686
1193 0.5523019826643669
1194 0.5523643038711219
1195 0.5524307977575514
1196 0.552501323426923
1197 0.5525755414205251
1198 0.5526526094652612
1199 0.5527328480507726
1200 0.5528157160244086
1201 0.5529017750246551
1202 0.5529881328718046
1203 0.5530782569535654
1204 0.5531639350259258
1205 0.5532587205561943
1206 0.5533550975736638
1207 0.5534515780230663
1208 0.5535511166026161
1209 0.5536511599016237
1210 0.5537520194529495
1211 0.5538531753974753
1212 0.5539546699794309
1213 0.5540566171942034
1214 0.5541570545623974
1215 0.5542573216430606
1216 0.5543557222115236
1217 0.5544541940716244
1218 0.5545523752032873
1219 0.5546485605380552
1220 0.5547439785776356
1221 0.5548375301758833
1222 0.5549291387775481
1223 0.5550187761897745
1224 0.5551053437898064
1225 0.5551886721755918
1226 0.5552691903987417
1227 0.5553490409105951
1228 0.5554235931263316
1229 0.5554966985665979
1230 0.5555659210174148
1231 0.5556314995261739
1232 0.5556948363130527
1233 0.5557561148777621
1234 0.5558139769956261
1235 0.5558683980017881
1236 0.5559199228410701
1237 0.5559685707398504
1238 0.556012694799346
1239 0.5560519028452144
1240 0.5560864559673058
1241 0.5561165726087488
1242 0.5561457843888241
1243 0.5561702665964136
1244 0.5561923730120831
1245 0.5562117811160093
1246 0.5562285309541657
1247 0.5562444735428491
1248 0.5562571983055289
1249 0.5562673449604315
1250 0.5562726320380536
1251 0.5562761188648787
1252 0.5562768757696903
1253 0.5562751395032766
1254 0.5562720399196327
1255 0.5562676700298863
1256 0.556261496844674
1257 0.5562534994789314
1258 0.5562426688305093
1259 0.556230294716943
1260 0.5562151917939064
1261 0.5562010089397532
1262 0.556185491977364
1263 0.5561697307772058
1264 0.5561562184660457
1265 0.5561415301177903
1266 0.5561256522008464
1267 0.5561122658873943
1268 0.5560977281901801
1269 0.5560835195910305
1270 0.5560680860652312
1271 0.5560540305748882
1272 0.5560401384824983
1273 0.5560278385625229
1274 0.5560170698972607
1275 0.5560077350224874
1276 0.5560010090611779
1277 0.5559952187520305
1278 0.5559915090133091
1279 0.5559893631968035
1280 0.5559887175094084
1281 0.5559914860443536
1282 0.5559951471274068
1283 0.5560005300547132
1284 0.5560087689310107
1285 0.5560192655350336
1286 0.5560313917281294
1287 0.556046549892731
1288 0.5560632591551008
1289 0.5560826066692974
1290 0.5561056900595834
1291 0.5561294515754353
1292 0.5561564488144997
1293 0.55618500372761
1294 0.5562160033826946
1295 0.5562474839439994
1296 0.5562840858139204
1297 0.5563201792865953
1298 0.5563597614451669
1299 0.5564033689042047
1300 0.5564470310683832
1301 0.5564930153915049
1302 0.5565412009698372
1303 0.5565924222557167
1304 0.5566424963523368
1305 0.5566963465099856
1306 0.5567514078403317
1307 0.5568081454307139
1308 0.5568648973539149
1309 0.556923553832104
1310 0.5569819419886414
1311 0.5570405585575406
1312 0.5571007943879054
1313 0.5571615782358009
1314 0.5572206961292227
1315 0.557279581822358
1316 0.5573379383560954
1317 0.5573976597935073
1318 0.5574578487641014
1319 0.5575187166486177
1320 0.5575788321000001
1321 0.5576387059566348
1322 0.5576973071639578
1323 0.5577538379994513
1324 0.5578099867541874
1325 0.5578625779422779
1326 0.5579144949299326
1327 0.5579671164888163
1328 0.5580170272147325
1329 0.5580650425553723
1330 0.5581117806801769
1331 0.5581578947845184
1332 0.5582016022833738
1333 0.5582452905458439
1334 0.5582847699730442
1335 0.5583230010561703
1336 0.5583606713547717
1337 0.5583946676818994
1338 0.558427901767582
1339 0.558459569774003
1340 0.5584887250850531
1341 0.5585181992165396
1342 0.5585438066762236
1343 0.5585672357049591
1344 0.5585879221248901
1345 0.5586061856872396
1346 0.5586229282321084
1347 0.5586386271926627
1348 0.5586527199687927
1349 0.5586642358172937
1350 0.5586748613830713
1351 0.5586839946811635
1352 0.5586903036594699
1353 0.5586955763509068
1354 0.5587003043076986
1355 0.5587028760775411
1356 0.5587041237516581
1357 0.558703722265281
1358 0.5587017178535459
1359 0.5586988489939323
1360 0.5586957693377054
1361 0.5586918441939461
1362 0.5586871192403341
1363 0.5586806919685975
1364 0.5586729060003025
1365 0.5586656877132039
1366 0.558657180454781
1367 0.5586491551244808
1368 0.5586402028434102
1369 0.5586324995420425
1370 0.5586242354253266
1371 0.5586156255512782
1372 0.558607483904711
1373 0.5586004121362668
1374 0.5585945189436141
1375 0.558588152480332
1376 0.5585823231247776
1377 0.5585768763976403
1378 0.5585699842320083
1379 0.5585647299791271
1380 0.5585600750925802
1381 0.5585592721181097
1382 0.5585569456035692
1383 0.5585557515016133
1384 0.5585564452009351
1385 0.558558888675177
1386 0.5585624949647533
1387 0.5585677977618835
1388 0.5585739541131907
1389 0.5585814231689084
1390 0.5585901558106615
1391 0.5586007872287527
1392 0.5586103658098741
1393 0.5586228100861237
1394 0.5586366068607901
1395 0.5586515713610359
1396 0.5586685583141853
1397 0.5586870827111975
1398 0.5587063596772871
1399 0.5587293114882295
1400 0.5587521571369821
1401 0.5587766293556242
1402 0.5588009754068744
1403 0.5588270307430606
1404 0.5588525361225152
1405 0.5588809528857613
1406 0.5589091926347156
1407 0.5589389842149614
1408 0.5589705503479078
1409 0.5590014605071673
1410 0.559032602251065
1411 0.5590647553468612
1412 0.5590967184607525
1413 0.5591314591780026
1414 0.5591671100497748
1415 0.5592013993522121
1416 0.5592347972419951
1417 0.5592685523951868
1418 0.5593030115322687
1419 0.5593365180624451
1420 0.559370902724966
1421 0.5594052575132942
1422 0.5594395754385764
1423 0.559472582643645
1424 0.5595068036846504
1425 0.5595389355270189
1426 0.559572387235364
1427 0.5596048736891341
1428 0.5596382938150467
1429 0.559671642915777
1430 0.5597021076800031
1431 0.5597322873008165
1432 0.5597627245790425
1433 0.5597909366088253
1434 0.5598192702101028
1435 0.5598470938033017
1436 0.5598726519648044
1437 0.5598984705414107
1438 0.5599221875697451
1439 0.5599440460354794
1440 0.5599652329011973
1441 0.5599863205674117
1442 0.5600058559659432
1443 0.5600250787015247
1444 0.5600434231072533
1445 0.5600598927685367
1446 0.5600758624497997
1447 0.5600909366440895
1448 0.5601039658717999
1449 0.560116954387752
1450 0.5601265728563384
1451 0.5601355633632117
1452 0.5601428769562562
1453 0.5601505135258087
1454 0.5601561512263862
1455 0.5601597301455827
1456 0.5601633961381857
1457 0.5601678824372534
1458 0.5601704765983196
1459 0.5601713752905252
1460 0.560173319762211
1461 0.5601733872927417
1462 0.5601738792769796
1463 0.5601740459603827
1464 0.560172018278559
1465 0.5601682141334349
1466 0.5601654161513447
1467 0.560162575488432
1468 0.5601585274132899
1469 0.5601540078356475
1470 0.5601502259538301
1471 0.5601460861171959
1472 0.5601421700230455
1473 0.5601392123385633
1474 0.5601352319263246
1475 0.5601311161767322
1476 0.5601267335447169
1477 0.5601233565980727
1478 0.5601202910858869
1479 0.5601175661876755
1480 0.5601157052860067
1481 0.5601131403993022
1482 0.5601105056811806
1483 0.5601096547638838
1484 0.5601087931377635
1485 0.5601102112409027
1486 0.5601114954957261
1487 0.5601126829987919
1488 0.5601141733990749
1489 0.5601174259083463
1490 0.5601216459782115
1491 0.560125522555797
1492 0.5601299867346083
1493 0.5601347628323109
1494 0.5601404424009918
1495 0.5601481720110605
1496 0.5601551403713109
1497 0.5601631656049763
1498 0.5601717312840341
1499 0.5601806502877387
1500 0.5601919617503879
1501 0.560202541695129
1502 0.5602142406848909
1503 0.5602259940729528
1504 0.5602380312028943
1505 0.5602518390639927
1506 0.5602655037136395
1507 0.5602794493984326
1508 0.5602941069758923
1509 0.5603092104415893
1510 0.560324554476382
1511 0.5603409833109969
1512 0.5603592759307823
1513 0.5603777738957668
1514 0.5603965773622764
1515 0.5604168118694431
1516 0.5604361277608194
1517 0.5604566952932135
1518 0.5604760623320251
1519 0.5604951765274691
1520 0.5605158911931935
1521 0.5605357912156606
1522 0.5605543476361914
1523 0.5605747563386383
1524 0.5605952853543025
1525 0.5606156815026162
1526 0.5606353649347156
1527 0.5606557073598174
1528 0.5606758353468899
1529 0.5606936046590808
1530 0.5607150533856402
1531 0.5607348595687336
1532 0.5607516963217194
1533 0.5607705370624228
1534 0.5607895858868151
1535 0.5608055093287389
1536 0.5608237987571652
1537 0.5608402493406473
1538 0.5608558832418282
1539 0.5608724236063418
1540 0.5608860057710733
1541 0.560901887717004
1542 0.5609149526777318
1543 0.5609284895354383
1544 0.5609401067180532
1545 0.5609544479929585
1546 0.5609643345063079
1547 0.560977802758837
1548 0.5609887294958579
1549 0.5610010279668166
1550 0.5610115239363266
1551 0.5610225928136999
1552 0.5610317637306473
1553 0.5610400528352347
1554 0.5610475132375842
1555 0.5610541199237549
1556 0.5610611324118809
1557 0.5610681105918415
1558 0.5610750314262675
1559 0.5610824180986133
1560 0.5610882603056601
1561 0.5610931019404255
1562 0.5610968736207237
1563 0.5611010589003131
1564 0.5611050873148885
1565 0.5611073145855077
1566 0.5611083198936825
1567 0.5611100074605663
1568 0.5611118102805228
1569 0.5611138287554445
1570 0.5611142874307299
1571 0.5611146507282621
1572 0.5611152502818257
1573 0.5611167024463695
1574 0.5611171294415615
1575 0.5611179551483656
1576 0.561115922692757
1577 0.5611147254523315
1578 0.5611139057625639
1579 0.5611130062519231
1580 0.5611126986171416
1581 0.561111067153228
1582 0.5611109558108033
1583 0.5611100803987299
1584 0.5611109453007703
1585 0.5611112660413115
1586 0.561113728689192
1587 0.5611147583539213
1588 0.5611169540685049
1589 0.5611180440906047
1590 0.5611187646421449
1591 0.5611207345238022
1592 0.5611222877634483
1593 0.5611251145808958
1594 0.5611285499411421
1595 0.5611293914485031
1596 0.5611347987083845
1597 0.5611392077721319
1598 0.5611431327089104
1599 0.5611497626286919
1600 0.5611568375254367
1601 0.5611623842469372
1602 0.5611700649016946
1603 0.5611747277854311
1604 0.5611811556900166
1605 0.5611872516603668
1606 0.561192816262986
1607 0.5611994316485589
1608 0.5612091256671008
1609 0.5612196031199428
1610 0.5612293318064764
1611 0.5612411038991408
1612 0.5612515971675243
1613 0.561262550290547
1614 0.5612731929622283
1615 0.5612830636350109
1616 0.5612950760206552
1617 0.5613065109932334
1618 0.5613176764323233
1619 0.5613286168463477
1620 0.5613397004864813
1621 0.5613509322149721
1622 0.5613634427405956
1623 0.5613756348168764
1624 0.5613879537767451
1625 0.5614013282530727
1626 0.5614133760142068
1627 0.5614253274285881
1628 0.5614368036944608
1629 0.5614492388986098
1630 0.5614605259680485
1631 0.5614737831654462
1632 0.5614865874360465
1633 0.5614980434656267
1634 0.5615107617824203
1635 0.5615212241153916
1636 0.5615323022335854
1637 0.5615434247763026
1638 0.561555099800144
1639 0.5615660474568647
1640 0.5615785696885183
1641 0.5615906117055337
1642 0.5616011486926634
1643 0.5616128848196791
1644 0.5616243283522279
1645 0.561633450318569
1646 0.5616438746604912
1647 0.5616511733027427
1648 0.56166041555373
1649 0.5616692280399852
1650 0.5616778236687646
1651 0.561685530732202
1652 0.561693789099033
1653 0.5617014230862962
1654 0.5617095385379042
1655 0.5617166835818743
1656 0.5617251816822199
1657 0.5617332256717671
1658 0.5617412426268545
1659 0.5617480958838935
1660 0.5617551190574779
1661 0.5617614425828814
1662 0.5617660792049721
1663 0.5617704277985856
1664 0.5617754838052743
1665 0.5617805829843613
1666 0.5617842192026669
1667 0.5617878200394284
1668 0.5617923186186119
1669 0.5617958709374611
1670 0.5617999165008633
1671 0.5618039818230051
1672 0.5618085420777931
1673 0.5618111841240298
1674 0.5618147010155489
1675 0.5618179211356444
1676 0.5618201524052495
1677 0.561822804860283
1678 0.5618255086284444
1679 0.561827988383211
1680 0.5618308594001367
1681 0.561834103197307
1682 0.5618365516294762
1683 0.5618390080383954
1684 0.5618428157765265
1685 0.5618443170808988
1686 0.5618463827377551
1687 0.5618491126315955
1688 0.5618520025766376
1689 0.561855022534946
1690 0.5618588832178915
1691 0.5618615788831037
1692 0.5618641618162518
1693 0.5618672269660657
1694 0.5618709711528767
1695 0.5618740359344194
1696 0.561879658338503
1697 0.5618812980396742
1698 0.5618840080645741
1699 0.5618875987982592
1700 0.5618922747811124
1701 0.5618960133745208
1702 0.5618997634165787
1703 0.5619048731124797
1704 0.5619115023316851
1705 0.5619164811687016
1706 0.5619212806540666
1707 0.561925172150492
1708 0.5619317451111714
1709 0.5619376573827776
1710 0.5619444087331675
1711 0.5619503775099072
1712 0.5619577868855338
1713 0.5619648223438744
1714 0.5619699885345385
1715 0.5619753033297738
1716 0.5619810970868185
1717 0.561987042431129
1718 0.5619960943611514
1719 0.5620051093982401
1720 0.5620122329972036
1721 0.5620195267494431
1722 0.5620272638352769
1723 0.5620364951159708
1724 0.5620440911741516
1725 0.5620529615576326
1726 0.5620608765700987
1727 0.5620688008297454
1728 0.5620767772649927
1729 0.5620845185903666
1730 0.5620918873410901
1731 0.5621001190474094
1732 0.5621095742133254
1733 0.5621185594218131
1734 0.5621263222524997
1735 0.5621345481958706
1736 0.5621432384400121
1737 0.5621525114377476
1738 0.5621628383969435
1739 0.5621708624337449
1740 0.5621790170508985
1741 0.5621857646917204
1742 0.5621939141535765
1743 0.56220223027731
1744 0.5622103214115201
1745 0.5622186390199472
1746 0.5622266836239275
1747 0.5622340955545792
1748 0.5622409086279122
1749 0.5622487685853257
1750 0.562255911586689
1751 0.5622643283009881
1752 0.5622723271195218
1753 0.562279915666548
1754 0.5622885034559312
1755 0.5622951480756061
1756 0.5623011298252618
1757 0.5623089722811053
1758 0.5623142287355366
1759 0.5623196904669153
1760 0.5623257396988719
1761 0.5623324278348635
1762 0.5623379570440681
1763 0.5623418829242181
1764 0.5623473740352168
1765 0.5623522019776124
1766 0.5623562429644049
1767 0.5623615072369121
1768 0.5623669948856278
1769 0.5623712980563356
1770 0.5623768403480303
1771 0.5623832728288933
1772 0.5623888797343053
1773 0.5623934609591506
1774 0.5623972715803267
1775 0.5624009278288604
1776 0.5624060548392972
1777 0.5624103943724728
1778 0.5624128524493371
1779 0.5624154486313598
1780 0.5624191643712039
1781 0.5624223998625495
1782 0.5624263733914408
1783 0.5624309460103
1784 0.5624345076926939
1785 0.562438955665905
1786 0.5624420106654436
1787 0.5624458549407141
1788 0.5624498992798473
1789 0.5624529581817728
1790 0.5624585647090091
1791 0.5624635135174508
1792 0.5624664475593697
1793 0.5624694604685729
1794 0.5624736683426147
1795 0.5624766953807004
1796 0.5624806510650166
1797 0.5624852179528233
1798 0.5624890757980324
1799 0.5624920334632521
1800 0.5624966527071568
1801 0.5625010708444271
1802 0.5625043378558854
1803 0.5625079506683918
1804 0.5625122305437402
1805 0.5625170560672608
1806 0.5625198603714361
1807 0.5625237234658277
1808 0.5625290183925878
1809 0.5625341599478948
1810 0.5625390198849563
1811 0.5625435963060715
1812 0.5625482191194674
1813 0.5625523902978737
1814 0.5625570900875956
1815 0.5625596271128848
1816 0.5625652809392203
1817 0.5625696865011329
1818 0.5625760965919406
1819 0.5625827839024772
1820 0.5625893204538041
1821 0.5625951668790724
1822 0.5626021755389896
1823 0.5626067416220157
1824 0.5626108197882932
1825 0.5626158793617595
1826 0.5626209225780237
1827 0.5626263933846403
1828 0.5626313397817336
1829 0.5626357570141748
1830 0.5626406061600228
1831 0.5626469046077031
1832 0.5626507514561653
1833 0.5626582205123464
1834 0.5626641622810731
1835 0.5626691688402404
1836 0.5626742528226458
1837 0.5626823410891284
1838 0.5626877092577041
1839 0.5626950619991347
1840 0.5627000504223063
1841 0.5627042959858886
1842 0.562709589485328
1843 0.5627117656877207
1844 0.5627167211606748
1845 0.5627208239638378
1846 0.5627266229491515
1847 0.562733479514409
1848 0.5627397475710654
1849 0.5627472267022081
1850 0.5627533855338605
1851 0.5627585382145515
1852 0.5627629434513295
1853 0.5627683482730378
1854 0.5627721908571006
1855 0.562776932170146
1856 0.5627795598600074
1857 0.5627842239210074
1858 0.5627880610307982
1859 0.5627936329132687
1860 0.5627993774116491
1861 0.5628047516006055
1862 0.5628098193995123
1863 0.5628149671164705
1864 0.562819617094881
1865 0.5628228332576153
1866 0.5628272819641554
1867 0.562832723086594
1868 0.5628363553370328
1869 0.5628392328989057
1870 0.5628421467394618
1871 0.5628461246836112
1872 0.562848170126568
1873 0.5628526461300745
1874 0.5628571250783034
1875 0.5628603956464741
1876 0.5628653175174341
1877 0.5628697007068609
1878 0.5628759637859252
1879 0.5628780851056282
1880 0.5628798356028507
1881 0.5628833456651133
1882 0.5628850037848029
1883 0.5628880103121731
1884 0.5628907556142595
1885 0.5628942116968747
1886 0.5628978218350369
1887 0.5628996210827251
1888 0.5629044719339857
1889 0.562908578870044
1890 0.5629137626143411
1891 0.5629185727093667
1892 0.562922751743159
1893 0.5629257769189183
1894 0.5629285185004577
1895 0.5629292923466306
1896 0.5629330589958114
1897 0.5629349855307639
1898 0.562938014593148
1899 0.5629412116073427
1900 0.5629421817154445
1901 0.5629450627093134
1902 0.5629490272892679
1903 0.5629531363019267
1904 0.5629561989247326
1905 0.5629599559365142
1906 0.5629626859830428
1907 0.5629641157486565
1908 0.5629666068811988
1909 0.5629677035190148
1910 0.5629702209090836
1911 0.5629736749801203
1912 0.5629770864785861
1913 0.5629807549436116
1914 0.5629858234348766
1915 0.5629892001232386
1916 0.5629928466242218
1917 0.5629934074564612
1918 0.5629974220684925
1919 0.5630002510528529
1920 0.5630031968640999
1921 0.5630058257457318
1922 0.5630100522095459
1923 0.5630138188112824
1924 0.5630143812708044
1925 0.563017143307858
1926 0.5630240809082957
1927 0.56302561883937
1928 0.5630283520392641
1929 0.5630299676511387
1930 0.5630318800334522
1931 0.5630336092167426
1932 0.5630367203909877
1933 0.5630399868215735
1934 0.5630432747934184
1935 0.5630476815793684
1936 0.5630526060293355
1937 0.5630558702921673
1938 0.5630586759320018
1939 0.5630617013695237
1940 0.5630648983944661
1941 0.5630683433615082
1942 0.563070271730415
1943 0.5630719914501706
1944 0.5630740252310309
1945 0.5630771572476944
1946 0.5630792724361249
1947 0.5630823964227156
1948 0.5630866073040893
1949 0.5630908419384259
1950 0.5630929990256945
1951 0.5630945182638177
1952 0.5630973120803229
1953 0.5631010105962083
1954 0.5631042147147546
1955 0.5631067123557263
1956 0.5631079404428131
1957 0.5631100603187628
1958 0.5631112600615096
1959 0.5631138533820153
1960 0.5631158515745482
1961 0.5631178501549721
1962 0.5631192316409044
1963 0.5631204562557799
1964 0.5631215611303051
1965 0.5631236938030961
1966 0.5631263042204006
1967 0.5631292424042859
1968 0.5631323361046775
1969 0.563134155063317
1970 0.5631371080721199
1971 0.5631382113644208
1972 0.5631392793259891
1973 0.5631403291013957
1974 0.5631423539201726
1975 0.5631413991344382
1976 0.5631428379834675
1977 0.5631449979907124
1978 0.5631475538410622
1979 0.5631511757063882
1980 0.5631540525057076
1981 0.5631541981051709
1982 0.5631557827476886
1983 0.5631575359487411
1984 0.5631579411514041
1985 0.5631573230963808
1986 0.5631588364529273
1987 0.5631577028030324
1988 0.5631579648502458
1989 0.5631590765811839
1990 0.5631609988121972
1991 0.5631627387446125
1992 0.5631664951687603
1993 0.5631693577795031
1994 0.5631709769334136
1995 0.5631723577868714
1996 0.5631736736181305
1997 0.5631748534922393
1998 0.5631756282766989
1999 0.5631744722076024
2000 0.5631736913645794
2001 0.5631721328400159
2002 0.5631727296957704
2003 0.5631757298809834
2004 0.563177717390669
2005 0.5631802808737277
2006 0.5631817144495501
2007 0.563181796710589
2008 0.5631824585725462
2009 0.5631830067831208
2010 0.5631827020769585
2011 0.563183706217915
2012 0.5631852040604586
2013 0.5631859456899794
2014 0.5631854593846998
2015 0.5631860851950298
2016 0.5631880365707419
2017 0.5631868166967571
2018 0.5631875100611479
2019 0.5631873808113366
2020 0.5631872191858374
2021 0.5631873875636487
2022 0.5631875155891319
2023 0.5631886191224418
2024 0.5631885815396078
2025 0.5631896584492205
2026 0.5631925058453999
2027 0.563194678506072
2028 0.5631959543744849
2029 0.563196346185911
2030 0.5631958693383045
2031 0.5631953597262575
2032 0.5631947317444828
2033 0.5631941289882637
2034 0.563192855090361
2035 0.5631916307191399
2036 0.5631910689117314
2037 0.5631906887375189
2038 0.5631921119519471
2039 0.5631932521605372
2040 0.5631941084295828
2041 0.5631956825228331
2042 0.5631973146123575
2043 0.5631972417594641
2044 0.5631986535416137
2045 0.5631973699147055
2046 0.5631956255387973
2047 0.5631937787772517
2048 0.563191639999331
2049 0.5631910301211367
2050 0.5631943562546966
2051 0.5631949773961571
2052 0.5631953553680276
2053 0.5631944186314194
2054 0.563194219517826
2055 0.5631941116322747
2056 0.5631952383940554
2057 0.5631972478201027
2058 0.5631973355849651
2059 0.5631955969571075
2060 0.5631924762725042
2061 0.5631895737669286
2062 0.5631887860557425
2063 0.563187847947677
2064 0.5631888586939888
2065 0.5631877113847275
2066 0.5631882411051655
2067 0.5631874631400659
2068 0.5631870989609487
2069 0.5631880330767088
2070 0.563187416955577
2071 0.5631854041704926
2072 0.5631833974437298
2073 0.5631823691289413
2074 0.5631801513058459
2075 0.5631791064323811
2076 0.5631793953992231
2077 0.5631792698575563
2078 0.5631787786443315
2079 0.5631772467524862
2080 0.5631758337068036
2081 0.5631740621290913
2082 0.5631722138707317
2083 0.5631695957020495
2084 0.5631682069861923
2085 0.5631658488817788
2086 0.5631640329470616
2087 0.5631621637417753
2088 0.5631629377205334
2089 0.5631618832401759
2090 0.5631612748736041
2091 0.5631616490154972
2092 0.5631600706204109
2093 0.563158011006313
2094 0.5631557551529629
2095 0.5631547198698286
2096 0.5631523222841678
2097 0.5631485694559579
2098 0.5631463506925156
2099 0.5631458546155826
2100 0.5631443414887205
2101 0.5631437037697936
2102 0.563143709537001
2103 0.5631442307554889
2104 0.5631419785151001
2105 0.5631394644068
2106 0.5631368146788386
2107 0.5631334202925145
2108 0.5631321562886803
2109 0.5631284830754902
2110 0.5631248070950219
2111 0.563123800940878
2112 0.5631210403808266
2113 0.5631197575831849
2114 0.5631198795916396
2115 0.5631207190753503
2116 0.5631199832388123
2117 0.5631198533465951
2118 0.5631170078405993
2119 0.563113774429599
2120 0.5631115006198737
2121 0.5631087021012492
2122 0.5631051122423181
2123 0.5631036596035454
2124 0.5631008075695546
2125 0.5630970416505142
2126 0.5630929564377071
2127 0.563090755321259
2128 0.5630904393573433
2129 0.5630891638807352
2130 0.5630896497786202
2131 0.5630871280161878
2132 0.5630838611193219
2133 0.5630831748043864
2134 0.5630812549614537
2135 0.563076710751423
2136 0.5630723297334662
2137 0.5630684774893657
2138 0.5630653459782936
2139 0.563064853300346
2140 0.5630637511177463
2141 0.5630630791926824
2142 0.5630626060604607
2143 0.563060198013246
2144 0.5630588041045288
2145 0.5630554507506627
2146 0.5630507195600255
2147 0.5630451816441427
2148 0.5630410949425451
2149 0.5630377891087975
2150 0.563034832050771
2151 0.5630326190246012
2152 0.5630310732712858
2153 0.5630279541646429
2154 0.5630252556119119
2155 0.5630237731974709
2156 0.5630212562214335
2157 0.5630206856356727
2158 0.5630183245482761
2159 0.5630147024570213
2160 0.5630105350256617
2161 0.5630061453659299
2162 0.5630009244265516
2163 0.5629984136699047
2164 0.5629957201404041
2165 0.562993511073542
2166 0.5629914212683341
2167 0.5629910058800673
2168 0.5629889907340295
2169 0.5629836830863679
2170 0.5629794108281465
2171 0.5629774929434344
2172 0.562973598177806
2173 0.5629693812239308
2174 0.5629647403201364
2175 0.5629608798418084
2176 0.5629556017047442
2177 0.5629514357158933
2178 0.5629501765748904
2179 0.5629475969256208
2180 0.5629452148028447
2181 0.5629439396197969
2182 0.5629417266133051
2183 0.5629376062963793
2184 0.5629330368742863
2185 0.5629291535507256
2186 0.5629256563520834
2187 0.5629220097659896
2188 0.5629184183922572
2189 0.5629151103429918
2190 0.5629106285282595
2191 0.5629058539981443
2192 0.5629028473709393
2193 0.5628985938581884
2194 0.5628944399200646
2195 0.5628909801805456
2196 0.5628873350164202
2197 0.5628841617201136
2198 0.5628819942851127
2199 0.5628770391023404
2200 0.5628710080486687
2201 0.5628658205676379
2202 0.5628623321227853
2203 0.5628585142429735
2204 0.5628551624762734
2205 0.5628509872246431
2206 0.5628481691677633
2207 0.5628435383643848
2208 0.562839390577298
2209 0.5628378658049329
2210 0.5628330776045273
2211 0.5628295207174374
2212 0.5628269374116393
2213 0.5628210593988652
2214 0.5628175180643853
2215 0.5628152426237099
2216 0.5628103769198296
2217 0.5628058699072736
2218 0.5628023862880189
2219 0.5627961993604013
2220 0.562791573463742
2221 0.5627878385235601
2222 0.5627851184201609
2223 0.5627804297380564
2224 0.5627783397626703
2225 0.5627747714071988
2226 0.5627699595108843
2227 0.5627649255292077
2228 0.5627616880723838
2229 0.5627566042338533
2230 0.5627530285705833
2231 0.5627496602832702
2232 0.562745629574118
2233 0.5627404065531134
2234 0.5627359292537881
2235 0.5627336597060838
2236 0.5627292844567231
2237 0.5627260039068017
2238 0.5627218972171251
2239 0.5627161823914404
2240 0.5627134095191927
2241 0.562708969106788
2242 0.5627037235737533
2243 0.5626984621420315
2244 0.5626941648867276
2245 0.5626897534781571
2246 0.5626866184125831
2247 0.5626828935506887
2248 0.5626785277976814
2249 0.5626744712794797
2250 0.5626705766316704
2251 0.5626664684006967
2252 0.5626628524607854
2253 0.5626562431331299
2254 0.5626494371209077
2255 0.5626435548389195
2256 0.5626387401724176
2257 0.5626341282785212
2258 0.5626313626631398
2259 0.5626281597869016
2260 0.5626241949912616
2261 0.5626199008811734
2262 0.5626161911696348
2263 0.5626109330333715
2264 0.5626073762328261
2265 0.5626038972182643
2266 0.5625997739244368
2267 0.5625952553899598
2268 0.5625897245222906
2269 0.5625845607023383
2270 0.5625791622869635
2271 0.5625736623312692
2272 0.5625685401245807
2273 0.5625633406690345
2274 0.5625605080612464
2275 0.5625560561246507
2276 0.5625523909896307
2277 0.5625481743010007
2278 0.5625441894546343
2279 0.5625392688413307
2280 0.5625342758142864
2281 0.562526590932898
2282 0.5625192792452772
2283 0.5625135898349907
2284 0.5625101319291945
2285 0.5625053478335396
2286 0.5625010724256271
2287 0.5624978356531529
2288 0.5624955141425942
2289 0.5624914541831121
2290 0.5624873245418133
2291 0.5624835592776298
2292 0.5624778487889002
2293 0.56247196806565
2294 0.5624662638913658
2295 0.5624603759305129
2296 0.5624547428484661
2297 0.5624495840139862
2298 0.562445703600857
2299 0.5624420949775617
2300 0.562436752713358
2301 0.5624324739902622
2302 0.5624271874840111
2303 0.562422196900441
2304 0.5624176617927704
2305 0.5624130417331443
2306 0.5624071626491587
2307 0.5624012732385719
2308 0.5623970947634587
2309 0.5623931998669213
2310 0.5623871901126271
2311 0.5623833066917312
2312 0.5623795317802731
2313 0.5623746858313454
2314 0.5623698650557226
2315 0.5623631777173511
2316 0.5623587187593621
2317 0.5623547590773936
2318 0.5623497302314237
2319 0.5623445411718584
2320 0.5623413602443883
2321 0.562336885806099
2322 0.5623325435577532
2323 0.5623269937531058
2324 0.5623207798373973
2325 0.5623146560690099
2326 0.5623100961347556
2327 0.562305465564913
2328 0.5623015753082672
2329 0.5622963903040352
2330 0.5622925028947214
2331 0.5622875408829834
2332 0.5622839807073433
2333 0.5622784512313718
2334 0.5622748930973396
2335 0.5622683919268743
2336 0.5622635915576203
2337 0.562259400609691
2338 0.5622528596626704
2339 0.5622464368789782
2340 0.5622422185491494
2341 0.5622380900587449
2342 0.5622344021174074
2343 0.5622304004696348
2344 0.5622265712044352
2345 0.5622214574700807
2346 0.5622168552781375
2347 0.5622138855900016
2348 0.5622081672386723
2349 0.562203815903607
2350 0.5621989742794885
2351 0.5621943222759626
2352 0.5621879549845302
2353 0.56218264559536
2354 0.5621767525808993
2355 0.5621713394485292
2356 0.5621672769483936
2357 0.5621619876015982
2358 0.5621554309696579
2359 0.5621506893287489
2360 0.5621481811648194
2361 0.562145556010595
2362 0.5621394367113165
2363 0.5621349911212764
2364 0.5621320645958741
2365 0.5621259445813275
2366 0.5621214687910607
2367 0.5621156961543982
2368 0.5621120768789319
2369 0.5621079724263546
2370 0.5621053980031348
2371 0.5621011531446958
2372 0.5620961739629847
2373 0.5620893405922625
2374 0.5620855213381821
2375 0.5620802858752757
2376 0.5620766302639864
2377 0.5620710194216857
2378 0.562066175463554
2379 0.562059470934458
2380 0.5620540979173631
2381 0.5620489246378517
2382 0.5620439639140602
2383 0.5620412047395786
2384 0.5620383901733214
2385 0.5620347899245298
2386 0.5620316867564126
2387 0.562026751013611
2388 0.5620220406549003
2389 0.5620175003042586
2390 0.5620137922679449
2391 0.562008382549525
2392 0.5620029790707823
2393 0.5619962723218827
2394 0.5619910135283905
2395 0.561985982286925
2396 0.5619820954921176
2397 0.5619800173580148
2398 0.5619757494782443
2399 0.5619718544779038
2400 0.5619697114173544
2401 0.5619630542026389
2402 0.5619580668650147
2403 0.5619518414732259
2404 0.5619466399878553
2405 0.5619404070191678
2406 0.5619362027935609
2407 0.5619317052671157
2408 0.5619284125124228
2409 0.5619263344099968
2410 0.5619232295438412
2411 0.5619181851720756
2412 0.5619114374587331
2413 0.5619070407752537
2414 0.5619027437458946
2415 0.5618968859952545
2416 0.5618929693999571
2417 0.561887993565241
2418 0.5618835939399024
2419 0.5618790113215499
2420 0.5618755383720312
2421 0.561873968756794
2422 0.5618700050289961
2423 0.5618657359159679
2424 0.5618627860378048
2425 0.5618575762649498
2426 0.5618527068618016
2427 0.5618476878919156
2428 0.5618425474678858
2429 0.561839639249757
2430 0.561835091731785
2431 0.5618313461303574
2432 0.5618278290447397
2433 0.561824835167022
2434 0.5618200286323146
2435 0.5618153161517719
2436 0.5618112827371867
2437 0.5618053326425565
2438 0.561802150710605
2439 0.5617979534651082
2440 0.5617948853079461
2441 0.5617922166203597
2442 0.5617896900499723
2443 0.561786300438948
2444 0.5617824150049232
2445 0.5617795538535298
2446 0.5617740703312979
2447 0.5617692040971386
2448 0.5617632702736458
2449 0.5617574616641196
2450 0.5617542814376519
2451 0.5617508533615705
2452 0.5617479945743635
2453 0.5617462214452457
2454 0.5617420349248089
2455 0.561737720840876
2456 0.5617341054570628
2457 0.5617298037413639
2458 0.5617273974434104
2459 0.56172388864472
2460 0.5617218002542891
2461 0.5617173077480853
2462 0.5617131967020137
2463 0.5617084636478142
2464 0.5617055353764886
2465 0.5617007581659095
2466 0.5616964821678633
2467 0.5616918500469766
2468 0.5616899127008382
2469 0.561687175772826
2470 0.5616830328753301
2471 0.5616794847513825
2472 0.5616762082320099
2473 0.5616724579050183
2474 0.5616679932329632
2475 0.5616644314270139
2476 0.5616609514142087
2477 0.5616574510806844
2478 0.5616535524135694
2479 0.56165068869584
2480 0.5616480050045147
2481 0.5616450671176856
2482 0.5616434633174635
2483 0.5616405476568215
2484 0.5616363937140769
2485 0.5616319599398473
2486 0.5616278785830301
2487 0.5616257190777529
2488 0.5616225560200947
2489 0.5616185122123417
2490 0.5616161696257612
2491 0.5616129692290612
2492 0.5616101805223244
2493 0.5616086213829813
2494 0.5616042720452836
2495 0.5616007096514999
2496 0.5615971538150323
2497 0.5615943401406696
2498 0.5615898489324003
2499 0.5615855155829648
2500 0.5615826486820656
2501 0.5615817072534991
2502 0.5615791378955163
2503 0.5615757422919132
2504 0.5615721089405785
2505 0.5615694848350659
2506 0.561568145573235
2507 0.5615663748407654
2508 0.5615634414605075
2509 0.561559515566468
2510 0.5615579046097514
2511 0.5615557122378764
2512 0.5615515124737572
2513 0.5615485802743004
2514 0.5615469412904146
2515 0.5615444684952956
2516 0.5615413283050049
2517 0.5615369439651343
2518 0.5615347014657344
2519 0.5615300359542185
2520 0.5615272038544829
2521 0.5615252575272607
2522 0.5615235632439625
2523 0.5615219129989312
2524 0.5615190035060609
2525 0.5615169333170093
2526 0.5615160235575327
2527 0.5615138966150306
2528 0.5615116425429717
2529 0.5615089195930294
2530 0.5615060983929191
2531 0.5615031800176442
2532 0.5615007013742424
2533 0.5614972839710937
2534 0.5614940358959125
2535 0.5614922061852088
2536 0.5614902206315224
2537 0.5614879239864573
2538 0.5614856879013124
2539 0.5614834251099981
2540 0.5614812666127123
2541 0.5614808275822663
2542 0.5614809444226523
2543 0.5614777608954065
2544 0.5614737544903624
2545 0.5614725082279486
2546 0.5614703119734309
2547 0.5614660819027423
2548 0.5614646496400594
2549 0.5614628707522325
2550 0.5614617272097588
2551 0.5614597243002961
2552 0.5614592917966483
2553 0.561457371559833
2554 0.5614566708434803
2555 0.5614552922659891
2556 0.5614529309785853
2557 0.5614500470608654
2558 0.561447697309908
2559 0.561445830412221
2560 0.5614438535473275
2561 0.5614420054162331
2562 0.5614407684977638
2563 0.5614391416974274
2564 0.5614381546868145
2565 0.5614359632349663
2566 0.5614345102709756
2567 0.5614326640848881
2568 0.561430946895196
2569 0.5614287751587982
2570 0.5614274636962748
2571 0.5614248962495249
2572 0.5614231960175625
2573 0.5614233098889401
2574 0.561423661433555
2575 0.5614227068796031
2576 0.5614221268225317
2577 0.5614214799376851
2578 0.5614217682268754
2579 0.5614196080969151
2580 0.5614183606955262
2581 0.5614158443776808
2582 0.5614134857311262
2583 0.5614111490920362
2584 0.5614086981592507
2585 0.5614066997719781
2586 0.5614065264088933
2587 0.5614066571440295
2588 0.5614058116705507
2589 0.5614031477982868
2590 0.5614028445793642
2591 0.5614015663340726
2592 0.5614016272514985
2593 0.5614012142148729
2594 0.5614012638648847
2595 0.5614024148354615
2596 0.5613998336049705
2597 0.5613970574559841
2598 0.561395779456112
2599 0.5613943504437711
2600 0.5613925941645077
2601 0.5613923859434256
2602 0.5613924933220308
2603 0.5613936632079039
2604 0.5613933883843504
2605 0.5613915341881534
2606 0.5613919373139746
2607 0.5613905411192309
2608 0.5613900913200925
2609 0.5613907883726362
2610 0.5613902617893195
2611 0.5613879885096887
2612 0.5613865169167196
2613 0.5613866997042452
2614 0.561385957216258
2615 0.5613864208736651
2616 0.5613862864408286
2617 0.5613873392567613
2618 0.5613864176527172
2619 0.5613855929924903
2620 0.56138545354537
2621 0.5613846555434651
2622 0.5613865900911759
2623 0.5613858142347841
2624 0.5613858913922376
2625 0.5613848184821771
2626 0.5613842681519636
2627 0.5613835662745618
2628 0.5613835685390515
2629 0.5613817380455843
2630 0.5613819651053793
2631 0.5613828931155259
2632 0.5613842237637065
2633 0.5613845322337818
2634 0.5613839799094663
2635 0.5613829545381942
2636 0.5613829855253433
2637 0.5613823401472374
2638 0.5613819341429661
2639 0.5613820725385547
2640 0.5613811895605928
2641 0.5613818927276572
2642 0.5613828100602246
2643 0.5613840078373275
2644 0.5613866184606827
2645 0.5613864168010087
2646 0.5613870332517917
2647 0.5613876454169617
2648 0.5613883687707072
2649 0.5613869854106612
2650 0.5613870868701983
2651 0.5613863313556656
2652 0.5613872470764428
2653 0.5613883838114991
2654 0.5613889378588156
2655 0.5613882677895157
2656 0.5613895322194495
2657 0.5613892745968678
2658 0.5613899267149898
2659 0.5613907624105229
2660 0.5613926613205168
2661 0.5613948701109729
2662 0.5613960720962218
2663 0.5613968897863608
2664 0.5613956647809947
2665 0.5613956503929598
2666 0.5613963291565712
2667 0.5613965026438755
2668 0.5613965776806567
2669 0.561397279932525
2670 0.5613984803737362
2671 0.561400435461815
2672 0.5614029821165713
2673 0.5614066339740276
2674 0.5614083033638161
2675 0.5614091828383759
2676 0.5614091091393757
2677 0.5614092670697135
2678 0.561409876857609
2679 0.561409495911476
2680 0.5614104096384055
2681 0.5614124132742213
2682 0.5614138284376415
2683 0.5614129824151017
2684 0.5614132262667672
2685 0.5614155285080084
2686 0.5614186116047216
2687 0.5614198838548515
2688 0.561421402550647
2689 0.5614227694443406
2690 0.5614246372878885
2691 0.561425792521898
2692 0.5614270064658757
2693 0.5614267616936036
2694 0.561426943199104
2695 0.5614288323566758
2696 0.5614309192967455
2697 0.5614348393169206
2698 0.5614362010848005
2699 0.561436830273004
2700 0.5614392884889575
2701 0.5614398427247587
2702 0.5614415743833483
2703 0.5614436134463393
2704 0.5614455768060801
2705 0.5614471295601242
2706 0.5614491883035495
2707 0.5614501123553655
2708 0.5614541661241285
2709 0.5614554767592872
2710 0.5614576159107269
2711 0.5614594726529021
2712 0.5614600496240721
2713 0.5614613498440703
2714 0.5614639272555447
2715 0.5614642239957804
2716 0.5614653538835889
2717 0.5614666903500368
2718 0.56146862970842
2719 0.561471363106815
2720 0.5614735940884504
2721 0.5614781572472275
2722 0.5614807925930524
2723 0.5614834887911286
2724 0.5614859088626574
2725 0.561488007393304
2726 0.5614903159483968
2727 0.5614906960073838
2728 0.5614912621053581
2729 0.5614934108171761
2730 0.5614956768901933
2731 0.5614983289974769
2732 0.5615001354180089
2733 0.5615021596528893
2734 0.5615057907312341
2735 0.5615077848868961
2736 0.5615101066750171
2737 0.5615136443247771
2738 0.5615171974668959
2739 0.5615197430880313
2740 0.5615236134777865
2741 0.5615253795745995
2742 0.5615275158970271
2743 0.5615292227965556
2744 0.5615326718544549
2745 0.5615331208523424
2746 0.5615358552457237
2747 0.5615379057242558
2748 0.5615423628416589
2749 0.5615444671107549
2750 0.5615479088397192
2751 0.5615501396130677
2752 0.5615525375239358
2753 0.561555692051115
2754 0.561558893789209
2755 0.56155988412359
2756 0.5615610148891584
2757 0.5615636118640958
2758 0.5615676695499929
2759 0.5615709415072068
2760 0.5615743163173109
2761 0.5615787278587585
2762 0.5615830834291283
2763 0.5615851307730587
2764 0.5615877273562224
2765 0.5615912536793778
2766 0.5615943429446122
2767 0.5615966134352156
2768 0.561599310840197
2769 0.5616013447344341
2770 0.561603718370603
2771 0.5616066286133378
2772 0.5616113138487563
2773 0.5616143762518009
2774 0.5616189980342258
2775 0.5616229014328797
2776 0.5616266699506372
2777 0.5616323746487649
2778 0.5616346925139329
2779 0.5616357587451177
2780 0.5616385595602061
2781 0.56164280281855
2782 0.5616462168192452
2783 0.5616477803284611
2784 0.5616491885646822
2785 0.5616518150361483
2786 0.5616550004075255
2787 0.5616602975401723
2788 0.5616631577957731
2789 0.5616672557648423
2790 0.5616723136805085
2791 0.5616772542705445
2792 0.5616805017456482
2793 0.5616840752140656
2794 0.5616884683346785
2795 0.5616934441967735
2796 0.5616953713670284
2797 0.561697771127424
2798 0.5617019167474515
2799 0.5617037643001517
2800 0.5617071854650702
2801 0.5617111812916635
2802 0.5617158958733554
2803 0.561719624599722
2804 0.561724402737142
2805 0.5617289988236468
2806 0.5617334663047561
2807 0.5617373202755919
2808 0.5617417783799773
2809 0.5617449132636682
2810 0.5617469980901728
2811 0.5617487264176357
2812 0.5617512520733777
2813 0.5617543737788237
2814 0.5617573321148616
2815 0.5617611502842222
2816 0.5617670496334443
2817 0.561771955923955
2818 0.5617770015136632
2819 0.5617822720606045
2820 0.5617872764151676
2821 0.5617923268041458
2822 0.5617964039044088
2823 0.5618005140079646
2824 0.5618046553951793
2825 0.5618086840369237
2826 0.5618138195098419
2827 0.5618168635384225
2828 0.5618197021719519
2829 0.5618222400788592
2830 0.5618260973095296
2831 0.5618303093493859
2832 0.5618351459615388
2833 0.5618381358100679
2834 0.5618428680942339
2835 0.561848498517711
2836 0.5618530450447163
2837 0.5618574099937993
2838 0.5618623350392186
2839 0.561867634631904
2840 0.5618708013631757
2841 0.5618742163542639
2842 0.5618799624507936
2843 0.561882650378071
2844 0.5618865503166712
2845 0.5618903391563003
2846 0.5618953084751724
2847 0.561899978085175
2848 0.5619052861219859
2849 0.5619124397419604
2850 0.5619173779525546
2851 0.5619218329532155
2852 0.5619278790111574
2853 0.5619319661384923
2854 0.5619359674439178
2855 0.561940025485687
2856 0.5619438247254667
2857 0.5619454918163682
2858 0.5619478339464794
2859 0.5619512137283275
2860 0.5619562469586288
2861 0.5619614571622182
2862 0.561968083369244
2863 0.5619744827789439
2864 0.561982695376447
2865 0.5619891202626259
2866 0.5619931884657736
2867 0.5619970100705344
2868 0.5620005541005774
2869 0.5620045912002795
2870 0.5620086037412916
2871 0.5620130482170932
2872 0.5620165539252529
2873 0.5620211229974116
2874 0.5620282534076554
2875 0.5620338695421379
2876 0.5620381436511793
2877 0.5620416613415415
2878 0.5620470561278341
2879 0.5620518856833281
2880 0.5620568062888177
2881 0.5620617742586715
2882 0.562067242891161
2883 0.5620729487961156
2884 0.5620798666574606
2885 0.5620854348434328
2886 0.5620909772316053
2887 0.5620934574200355
2888 0.5620974225689703
2889 0.5621020441332887
2890 0.5621065683084942
2891 0.5621115457910206
2892 0.5621177142568018
2893 0.5621233533173944
2894 0.5621303532043697
2895 0.5621355999775036
2896 0.5621403669836222
2897 0.5621448920618457
2898 0.5621510405224935
2899 0.5621542515612802
2900 0.5621593125488328
2901 0.5621635698239891
2902 0.5621684022812645
2903 0.5621745002052772
2904 0.5621796622599434
2905 0.5621840052502504
2906 0.5621897430678592
2907 0.5621959569778839
2908 0.5622017914893636
2909 0.5622071617290422
2910 0.5622134011645138
2911 0.5622180510359895
2912 0.562223150003228
2913 0.5622284421600446
2914 0.5622342952886572
2915 0.5622391564346265
2916 0.562245358875879
2917 0.5622510636724677
2918 0.5622567128080109
2919 0.5622611219756971
2920 0.5622660265303648
2921 0.5622720420264574
2922 0.5622778828218282
2923 0.56228312028964
2924 0.5622878417613973
2925 0.5622919902400394
2926 0.5622989841012366
2927 0.5623057312363805
2928 0.5623098612144348
2929 0.5623150669103153
2930 0.5623192928588074
2931 0.5623240520288693
2932 0.5623309689739068
2933 0.5623375887856074
2934 0.5623430875204445
2935 0.5623486281645985
2936 0.5623544326307099
2937 0.5623591291512359
2938 0.5623649298737117
2939 0.5623716545128424
2940 0.5623793607992282
2941 0.5623856829420877
2942 0.5623908043485373
2943 0.5623955156432281
2944 0.5624004261706495
2945 0.5624039035723163
2946 0.562409729860138
2947 0.5624153324295532
2948 0.5624208488256266
2949 0.5624266855996156
2950 0.5624326932786611
2951 0.5624388459047719
2952 0.5624442933621539
2953 0.562450396351123
2954 0.562457315853712
2955 0.5624624175582246
2956 0.5624677383697661
2957 0.5624747302502697
2958 0.5624813251885162
2959 0.5624857547563068
2960 0.5624912252638805
2961 0.5624974441977335
2962 0.5625033533067442
2963 0.5625092351149393
2964 0.5625150945439954
2965 0.5625192975319353
2966 0.5625271026170498
2967 0.5625317887058691
2968 0.5625371788395086
2969 0.5625429136631933
2970 0.5625498716602071
2971 0.5625548873281954
2972 0.562561196124729
2973 0.5625669287601225
2974 0.5625710573789847
2975 0.5625772713083972
2976 0.5625830752471137
2977 0.5625899123492129
2978 0.5625979043193434
2979 0.5626047588218229
2980 0.5626113634200114
2981 0.5626164416518629
2982 0.562622099794731
2983 0.5626273067204516
2984 0.5626334227821419
2985 0.562638801291919
2986 0.5626444719333043
2987 0.5626498589342632
2988 0.5626558635496869
2989 0.5626618600447937
2990 0.5626684627425695
2991 0.5626752389612714
2992 0.5626804385129133
2993 0.562686838041615
2994 0.5626935319844969
2995 0.5627008786189326
2996 0.5627070651450513
2997 0.5627122466834276
2998 0.5627184046328875
2999 0.5627217818372053
3000 0.5627278660536101
