"lift-rfile"
"Iteration" "lift"
("Iteration" "lift")
1 2.319340469545318
2 3.522212230941313
3 4.343241277157662
4 4.870231588313253
5 5.195218713281686
6 5.302917754358968
7 5.194138384330588
8 4.95197606060728
9 4.667818152531345
10 4.400069920208188
11 4.17458939266878
12 3.990887151723642
13 3.889250979395304
14 3.782230500513302
15 3.676371573026246
16 3.565284532008251
17 3.446781072598427
18 3.313872287763119
19 3.167705671005194
20 3.011282790644442
21 2.843895039086227
22 2.670078054304875
23 2.495663381113783
24 2.319405542616629
25 2.147388448971617
26 1.977378485299408
27 1.813222513606102
28 1.655741752575056
29 1.50389325064569
30 1.356961366747538
31 1.215361620023237
32 1.078941989005088
33 0.9481269541998939
34 0.8241515498513468
35 0.7060220772397881
36 0.5934405333232069
37 0.4869813637684419
38 0.3873012259921216
39 0.2939420661515293
40 0.2061701690036492
41 0.1241446666778674
42 0.04732619830395077
43 -0.02386631257387614
44 -0.08920056435376889
45 -0.1493619826649733
46 -0.2050107085380173
47 -0.255962311397179
48 -0.3027143958141448
49 -0.3454528895959008
50 -0.3845527763457077
51 -0.4200060636618557
52 -0.4523708964658668
53 -0.4818088016126808
54 -0.5084864976224026
55 -0.5327363244533863
56 -0.554698970874649
57 -0.5746952747277843
58 -0.5924572916112395
59 -0.6080948688613251
60 -0.6210365562100696
61 -0.6313339315007873
62 -0.6399864071939508
63 -0.6463736889314242
64 -0.6488715343387536
65 -0.6476072782135437
66 -0.6434277518167861
67 -0.6365305623183405
68 -0.6258438792300316
69 -0.612373166894386
70 -0.5948250386822448
71 -0.5749172421128972
72 -0.5510857536831726
73 -0.5243385572542103
74 -0.4943807332525815
75 -0.4612291406581348
76 -0.4232440624115855
77 -0.383679928101633
78 -0.3415091299434465
79 -0.2965818997243566
80 -0.2491899690336091
81 -0.1994373155691827
82 -0.1473639270192174
83 -0.09328297925934344
84 -0.03736768236024628
85 0.01991268387224904
86 0.07869186588280477
87 0.1386242400157363
88 0.1991499318571171
89 0.2600555532324659
90 0.3205994386630879
91 0.3809832203746775
92 0.440938626523692
93 0.5002411500545146
94 0.5586446236728547
95 0.6156885030748375
96 0.6714012919995643
97 0.7254185467644525
98 0.7776340703798829
99 0.8282870420572984
100 0.8767852586918721
101 0.9224136077811481
102 0.9654718748528425
103 1.005813043352001
104 1.043304632495399
105 1.076729369182836
106 1.107128863950074
107 1.134578630003957
108 1.159005728006329
109 1.180322101138331
110 1.19858907978382
111 1.213822079012453
112 1.226053836362455
113 1.235387914966021
114 1.24184610892976
115 1.245530047303053
116 1.246465903806963
117 1.244781629457419
118 1.240928518790234
119 1.234595073802972
120 1.225620761797691
121 1.214229889159897
122 1.200494342060712
123 1.18455872500258
124 1.166190640835165
125 1.145600312828938
126 1.123052745145447
127 1.098659969833919
128 1.072599262321587
129 1.044968274980735
130 1.016092164628714
131 0.9820229139892914
132 0.9511061773311768
133 0.9194172704530722
134 0.8871559399956732
135 0.8545999249329234
136 0.821789598810007
137 0.7888870289968651
138 0.7560366286058028
139 0.7233763137418127
140 0.6910196685667891
141 0.6590821083929894
142 0.6276811659025422
143 0.596912192988581
144 0.566997388938207
145 0.5378677567357255
146 0.5095956663012938
147 0.4822979968470075
148 0.4559755450170975
149 0.4305360291840115
150 0.4061803175752394
151 0.3829324326898612
152 0.3608923654816106
153 0.3400620586777351
154 0.3204591445865544
155 0.302142109226067
156 0.2850760924974524
157 0.2693065421108217
158 0.2548932972240366
159 0.2418054613827008
160 0.2300450219203371
161 0.2196366469563144
162 0.2106205661239176
163 0.2026442957799492
164 0.196429498282562
165 0.1916230286400128
166 0.1882348062424001
167 0.1863144040431539
168 0.1857927240964729
169 0.1866788159441061
170 0.1889772345731598
171 0.1926877765381134
172 0.1978019505535024
173 0.2043054578563926
174 0.2121788989117554
175 0.221410546089928
176 0.2319771963339189
177 0.243912015628387
178 0.2571249676067529
179 0.2715785161006033
180 0.2872333936982416
181 0.3040874524099441
182 0.3220181739036278
183 0.3409329615392642
184 0.3608302658052656
185 0.3816476715452307
186 0.4033208293940248
187 0.4257739897792864
188 0.44893893751
189 0.4728074804992081
190 0.4972288203367289
191 0.5221030119075654
192 0.5473288032419311
193 0.5727462170273834
194 0.5983437995895523
195 0.6240281564248131
196 0.6497174872893379
197 0.6753044120485527
198 0.7006946082969948
199 0.7257950689201225
200 0.7505361557511493
201 0.774768379163062
202 0.7984491590292665
203 0.8214858971410988
204 0.843799340994242
205 0.8654054560402793
206 0.8861196506820035
207 0.9058706330316698
208 0.9245904078292609
209 0.9422134670417692
210 0.9586770104878214
211 0.9739124644926263
212 0.9878898966787177
213 1.000576036943945
214 1.011923919762735
215 1.02189527915772
216 1.030463483066027
217 1.037611314668006
218 1.043316074214222
219 1.047580366180672
220 1.050403278598579
221 1.05178512869569
222 1.05174312216216
223 1.050291945270305
224 1.047456042363276
225 1.04326573814104
226 1.037754955169328
227 1.030968498592172
228 1.022950447309045
229 1.013769612007186
230 1.003461770435516
231 0.9920858287589195
232 0.9797156732961609
233 0.9664107948837476
234 0.9522247129067291
235 0.9372382797996484
236 0.921534446707646
237 0.9051945282019762
238 0.8882992569574068
239 0.8709290840649567
240 0.8531693100204583
241 0.8350820851437745
242 0.8167734273710506
243 0.7983743011961672
244 0.7799196917936782
245 0.7614911440421288
246 0.7431698892734431
247 0.7250345717061216
248 0.7071356502814439
249 0.6895757822071648
250 0.6724282343583746
251 0.6557605709803215
252 0.6396378987259414
253 0.6241304339787576
254 0.6092754292053727
255 0.5951369800689593
256 0.5817659526356198
257 0.5692066989696375
258 0.5574961538284572
259 0.546670275614614
260 0.5367641779488249
261 0.527799797436311
262 0.5198011343188902
263 0.5127709036239533
264 0.5067358810012842
265 0.5017125501550299
266 0.4977020653988555
267 0.4946970855137496
268 0.492688507140615
269 0.4916738261660733
270 0.491638679792994
271 0.4925668344872725
272 0.4944404076333329
273 0.4972397000502914
274 0.500933435189497
275 0.5054942321785151
276 0.5108911924754659
277 0.5170891671700254
278 0.5240549518291687
279 0.5317523387443929
280 0.5401457423992535
281 0.5491890418745712
282 0.5588404980016849
283 0.5690573416786813
284 0.5797954944363204
285 0.5910196933668247
286 0.6026752451169629
287 0.6147160145532651
288 0.6270972824359414
289 0.6397925356365736
290 0.6527387486564812
291 0.6658854698087795
292 0.6791607580740747
293 0.6925718445951716
294 0.7060484774879693
295 0.7195346596453704
296 0.7330000227788194
297 0.7464025513489218
298 0.7597011997281657
299 0.7728556330983825
300 0.7858396982207779
301 0.7985854826164613
302 0.8110943093981616
303 0.8233077938376709
304 0.8351901344181461
305 0.846711401902588
306 0.8578380321882811
307 0.8685360162625558
308 0.8787839738564957
309 0.8885550326928823
310 0.8978240740937082
311 0.9065689764431274
312 0.9147671768196707
313 0.9224018963048848
314 0.9294568770648005
315 0.9359162504197852
316 0.9417677544115901
317 0.9470005424814945
318 0.9516067685975106
319 0.9555787581763489
320 0.9589099766862015
321 0.9616061860996306
322 0.9636542867306126
323 0.965065581047901
324 0.9658434963168474
325 0.9659927659816571
326 0.9655193757502755
327 0.9644384088448643
328 0.9627608116427485
329 0.9605022583257755
330 0.9576685446093574
331 0.9542844796948964
332 0.9503706290655575
333 0.9459516574751635
334 0.9410416981971242
335 0.9356700619999088
336 0.9298601606950298
337 0.9236416357615171
338 0.9170413756260278
339 0.9100896498052112
340 0.9028169302502932
341 0.8952543861412172
342 0.8874336786669482
343 0.8793915749297907
344 0.8711598573376841
345 0.8627736604709648
346 0.8542757328919844
347 0.8457048644446604
348 0.8370811000341519
349 0.8284406111918677
350 0.819819872957276
351 0.8112502393448813
352 0.8027692798668542
353 0.7944086006213978
354 0.7862035540866406
355 0.7781836750553395
356 0.7703817206041258
357 0.7628291039911677
358 0.7555501397797907
359 0.7485756293061832
360 0.7419428403947777
361 0.7356673949258143
362 0.7297719660901987
363 0.7242788278755306
364 0.7191940659113667
365 0.7145542653571926
366 0.7103761086882858
367 0.7066719799051567
368 0.7034628469354515
369 0.7007552743312956
370 0.6985592639740914
371 0.6968805011711134
372 0.6957362558666855
373 0.6951147743376204
374 0.6950178883262222
375 0.695445102509312
376 0.6963933402606921
377 0.6978552099919438
378 0.69982362421603
379 0.702289878097816
380 0.7052466565279235
381 0.7086787565454589
382 0.7125694028341221
383 0.7169031804868213
384 0.7216610493412269
385 0.7268238115687093
386 0.7323696283355601
387 0.738276265968846
388 0.7445168894727851
389 0.751071305345216
390 0.7579143528398503
391 0.7650188174893055
392 0.7723553338279234
393 0.7798954770941389
394 0.7876152731203949
395 0.7954840591008596
396 0.8034692361023863
397 0.8115410711784991
398 0.8196730932445442
399 0.8278321579749446
400 0.8359896536970451
401 0.8441145515360988
402 0.8521795497101623
403 0.8601563843073026
404 0.8680174322674009
405 0.8757336809060268
406 0.8832823301624112
407 0.8906373438474616
408 0.8977744385125835
409 0.9046716288763194
410 0.9113103252464898
411 0.9176624146070505
412 0.9237168403352688
413 0.9294565654847347
414 0.9348658339904642
415 0.9399303137249706
416 0.9446382496612824
417 0.9489779358477211
418 0.952942606845964
419 0.9565229385177039
420 0.9596993451845579
421 0.9624823768763907
422 0.96486965866588
423 0.9668605495962384
424 0.9684545774766066
425 0.9696585462751756
426 0.970471143234069
427 0.9708970469484015
428 0.9709441483283312
429 0.9706207477192613
430 0.9699373887811621
431 0.9689031466484694
432 0.9675288218247278
433 0.9658284389454155
434 0.9638194087198662
435 0.9615114283530972
436 0.9589237083856804
437 0.9560713558865022
438 0.9529732372601769
439 0.9496474010338342
440 0.9461145863872437
441 0.9423899654581753
442 0.9384975425240705
443 0.9344575418228791
444 0.9302916456975643
445 0.9260180299768912
446 0.9216592392124814
447 0.9172365241743119
448 0.9127706676519397
449 0.9082815375543277
450 0.9037910098905502
451 0.8993197702036944
452 0.8948871161122646
453 0.8905113684349058
454 0.8862097880564047
455 0.8820022461462397
456 0.8779066391297888
457 0.8739392215081622
458 0.8701168632316289
459 0.8664537575149236
460 0.862955296570227
461 0.8596456966814761
462 0.8565368132141782
463 0.8536391936250942
464 0.8509603173360546
465 0.8485146990015319
466 0.8463092081025962
467 0.8443519722240701
468 0.8426482435272623
469 0.8412038547838723
470 0.840024089339117
471 0.8391093249171244
472 0.8384614439500659
473 0.8380839255817929
474 0.837974532722583
475 0.8381317582245323
476 0.838554174130557
477 0.8392369034197185
478 0.8401809239772214
479 0.8413770892142174
480 0.8428187068491928
481 0.8444992526553978
482 0.8464104784276293
483 0.848550468517545
484 0.8509017441726451
485 0.8534557632293904
486 0.8562018598613168
487 0.8591284056949492
488 0.8622250251587678
489 0.8654820723807959
490 0.8688813116699834
491 0.8724149352157734
492 0.8760693763054011
493 0.8798278697191242
494 0.8836795644086445
495 0.8876136920494078
496 0.8916163175489409
497 0.895674416795936
498 0.8997757724003967
499 0.9039076560147165
500 0.9080549479475344
501 0.9122078065758533
502 0.9163548636336262
503 0.9204819283946518
504 0.9245780277037585
505 0.9286318258400227
506 0.9326299261072659
507 0.9365649639827733
508 0.9404251146937386
509 0.9441997295357102
510 0.9478807828615976
511 0.9514572498984961
512 0.9549211573132224
513 0.9582641047184497
514 0.9614623528525524
515 0.964528788179205
516 0.9674578610545026
517 0.9702583028292779
518 0.9729095232023791
519 0.9754077829573491
520 0.9777481385444994
521 0.979925981054681
522 0.9819403257551675
523 0.9837871360674386
524 0.9854655829388808
525 0.9869732486591377
526 0.9883100304931476
527 0.9894788947379509
528 0.9904778105636966
529 0.9913102486937411
530 0.991975102764309
531 0.9924762420557985
532 0.9928176199642278
533 0.9930007308206589
534 0.993031713512889
535 0.9929100414873028
536 0.9926434727034164
537 0.9922454490224113
538 0.9917125878999814
539 0.9910504018349555
540 0.9902659034597109
541 0.9893656175830089
542 0.9883560187577684
543 0.9872464439583305
544 0.986043555520578
545 0.9847536670772911
546 0.9833857974236576
547 0.9819484551622723
548 0.9804446296436333
549 0.9788880756286789
550 0.977287485937187
551 0.9756517428696629
552 0.973987525768006
553 0.9723033926460228
554 0.9706107231871217
555 0.9689160801545056
556 0.9672276882949659
557 0.9655527439748757
558 0.9639000731206078
559 0.9622761249057827
560 0.9606889017380808
561 0.9591447850995943
562 0.9576512919948648
563 0.9562158823114496
564 0.9548452650674549
565 0.9535448526426148
566 0.9523211437981726
567 0.951180428214999
568 0.9501285132429703
569 0.9491698672376757
570 0.948309576999669
571 0.947550674520351
572 0.9468974679823619
573 0.946352997800246
574 0.9459212226485089
575 0.9456019900336495
576 0.9453981912399614
577 0.9453131892396786
578 0.9453466455320246
579 0.9454998260816151
580 0.9457728250244669
581 0.9461679312268744
582 0.9466815063208321
583 0.9473117860301136
584 0.9480592451553546
585 0.9489227221507766
586 0.9498970180089744
587 0.9509808162928373
588 0.9521703926110312
589 0.9534629279840736
590 0.95485545621902
591 0.9563422806032899
592 0.9579201257351957
593 0.9595834154417665
594 0.9613267673011708
595 0.9631474186612736
596 0.9650385124628692
597 0.9669986598923448
598 0.9690174065184702
599 0.9710901266310703
600 0.973207730570095
601 0.9753659233548327
602 0.9775580054021476
603 0.9797778705250831
604 0.9820185672532397
605 0.9842747811098604
606 0.9865380921402078
607 0.9888041792993628
608 0.9910650139539639
609 0.9933163769670967
610 0.9955506158710841
611 0.9977629651808552
612 0.9999457245703354
613 1.002094349245574
614 1.00420160999758
615 1.006265407090724
616 1.008273331199859
617 1.01022754202592
618 1.012121409703214
619 1.013952194177913
620 1.015715829736882
621 1.017407944709865
622 1.019025167638405
623 1.020563551577378
624 1.022020995215354
625 1.023396083849636
626 1.024685647631166
627 1.025889513262239
628 1.027005238660735
629 1.028031625407285
630 1.028966374059913
631 1.029810491154855
632 1.030564360877808
633 1.031226701070809
634 1.031800010940734
635 1.032284378019331
636 1.032680557302889
637 1.032991320742154
638 1.033216993289886
639 1.033360692465857
640 1.033424060354693
641 1.033410286791225
642 1.033322831853587
643 1.033165526286858
644 1.032940354639391
645 1.032652092463441
646 1.03230356433796
647 1.031899196764864
648 1.03144290743835
649 1.030939634201528
650 1.030392916311185
651 1.029806883758498
652 1.029185905898005
653 1.028534943121042
654 1.027860040760009
655 1.027163813432422
656 1.026453943824841
657 1.0257324796887
658 1.025002012758348
659 1.024270085480578
660 1.023539531863109
661 1.022814810899277
662 1.02209705608832
663 1.021393709071651
664 1.020708831464731
665 1.020046761243491
666 1.019411234514756
667 1.018806176962649
668 1.0182328190665
669 1.017695201809328
670 1.017196973127195
671 1.016742189520214
672 1.016330479656388
673 1.015966105506981
674 1.015651545310816
675 1.015389074680693
676 1.015181967114557
677 1.015030849465786
678 1.014935494404434
679 1.014898550054803
680 1.014921177868072
681 1.015003391090992
682 1.01514604189951
683 1.015349266216092
684 1.015613295795955
685 1.0159379905263
686 1.016322213674794
687 1.016766905196017
688 1.017270004334667
689 1.01783093522626
690 1.018448139833899
691 1.01912134843095
692 1.01984909750677
693 1.020628498783478
694 1.021457232618831
695 1.022335525333216
696 1.023260706476582
697 1.02423047028462
698 1.025241491112037
699 1.026291897373588
700 1.02737808161973
701 1.028497872091005
702 1.029647513932677
703 1.030825552333779
704 1.032028294648757
705 1.033251867798031
706 1.034494276216146
707 1.03575216955394
708 1.037022053001303
709 1.038301407465475
710 1.039587548615167
711 1.040874975400025
712 1.042161780938915
713 1.04344399571834
714 1.044719875165437
715 1.04598675430258
716 1.04724006604234
717 1.048476878311496
718 1.049695061968191
719 1.050891640715942
720 1.052063089460549
721 1.053208837400873
722 1.054324978273081
723 1.055409587066042
724 1.056459666246714
725 1.057474244442089
726 1.058451035229656
727 1.059386651349837
728 1.060281234220513
729 1.061132651564636
730 1.06193967934884
731 1.062701547019456
732 1.063418479409804
733 1.064087830524931
734 1.064710289898839
735 1.065283408016084
736 1.065806664642693
737 1.066282539907406
738 1.066709277114302
739 1.067089515289122
740 1.067422399637878
741 1.06770874706897
742 1.067947911348028
743 1.068142098728358
744 1.068290951850605
745 1.068397058602304
746 1.068459780107461
747 1.068482351387369
748 1.068465453781242
749 1.068411499614457
750 1.068321576374332
751 1.068198672344241
752 1.068044386414701
753 1.067861077329265
754 1.067650437555867
755 1.067414966429288
756 1.067155465157027
757 1.066875543170091
758 1.066578913937094
759 1.066267933399063
760 1.065944812054713
761 1.06561147485523
762 1.06527115510153
763 1.064926538792725
764 1.064579587738903
765 1.0642337882112
766 1.063889951641859
767 1.063552401112422
768 1.063220589941567
769 1.06289887425849
770 1.062590642221617
771 1.062297344256925
772 1.062020954100647
773 1.061764532227321
774 1.061527766853269
775 1.061314275933635
776 1.061125501995913
777 1.060962784455145
778 1.060826649877715
779 1.060719284006039
780 1.06064201471081
781 1.060596413990364
782 1.060582033645229
783 1.060600803962003
784 1.060653983790325
785 1.060742708503128
786 1.060864576015248
787 1.061021570746285
788 1.061213023983543
789 1.061440105758895
790 1.061701779372448
791 1.061998968652983
792 1.062330092411078
793 1.062693853620904
794 1.063090120277288
795 1.063519303748382
796 1.064041382519445
797 1.064525145554175
798 1.065037930935265
799 1.0655784264897
800 1.06621332242416
801 1.066798568740688
802 1.067407090828618
803 1.068037217149759
804 1.068687473427227
805 1.069431736042426
806 1.070109873932483
807 1.070803334058745
808 1.07150934585638
809 1.072226135500726
810 1.072952933221441
811 1.073687842174674
812 1.074429447515599
813 1.075176498597456
814 1.075926280676682
815 1.076676742387874
816 1.077425807357274
817 1.078173017152344
818 1.078915063859968
819 1.079654724922191
820 1.080384679524772
821 1.08110443547161
822 1.081812596786837
823 1.082508139337402
824 1.08318760066985
825 1.08385006021707
826 1.084494333747907
827 1.085119394699168
828 1.085724632077794
829 1.086309712650128
830 1.086872512636649
831 1.087412124757348
832 1.087927817707435
833 1.088418994881402
834 1.088885246509038
835 1.089325728969867
836 1.089739997975199
837 1.090127362501344
838 1.090488845918227
839 1.090825482478824
840 1.091136696835721
841 1.091421528907859
842 1.091679197108742
843 1.091942170248694
844 1.092144897115339
845 1.092321809638646
846 1.09247354370783
847 1.092600564775013
848 1.092704680321385
849 1.092786467496158
850 1.09284691449156
851 1.092887898662066
852 1.092908887887135
853 1.092911685198155
854 1.092896841352169
855 1.092866441863475
856 1.092819813938316
857 1.092758784045343
858 1.092684030090129
859 1.092597840811431
860 1.092501088522372
861 1.092395821149764
862 1.092282200510475
863 1.092161500422104
864 1.092035705878254
865 1.09190557855597
866 1.091772035569443
867 1.091636532660766
868 1.091501012757179
869 1.091365858976345
870 1.091232579917964
871 1.091103850145229
872 1.090978890275444
873 1.090858906726302
874 1.09074586849797
875 1.090641221200536
876 1.090547073483359
877 1.090463611445672
878 1.090391427154941
879 1.090331495353311
880 1.09028336215174
881 1.090248096240293
882 1.090225958502434
883 1.090218112334153
884 1.09022509116621
885 1.090261221037135
886 1.090298167016208
887 1.090353123665991
888 1.090424648785514
889 1.090532776149218
890 1.090635957384738
891 1.090777214552493
892 1.090911991447743
893 1.091086824207693
894 1.091252657891709
895 1.091461139603533
896 1.091657735311622
897 1.091899170620117
898 1.09215473830497
899 1.092395825197314
900 1.092682459407247
901 1.092981092588485
902 1.093261173378138
903 1.093588248018525
904 1.093925242976067
905 1.094239095988852
906 1.094598558211794
907 1.094965659593235
908 1.095305754089067
909 1.09569260197113
910 1.096048286656782
911 1.09645122017931
912 1.096857370919029
913 1.097229242680885
914 1.097645570832858
915 1.098062704899742
916 1.098440979446011
917 1.098863030035093
918 1.099244089599388
919 1.099667537558084
920 1.100086097365983
921 1.10046065677583
922 1.100873857998505
923 1.101280618211738
924 1.101643007773075
925 1.102041590822671
926 1.102431172931741
927 1.102812131269538
928 1.103183151795214
929 1.103509320425333
930 1.10386375619729
931 1.104206362945003
932 1.104536745232846
933 1.10485399329559
934 1.105158701814797
935 1.105449745793382
936 1.10572719309197
937 1.105991074525909
938 1.106241712938847
939 1.106478405944026
940 1.106701474620603
941 1.106910620701051
942 1.107105154592837
943 1.107285006670579
944 1.107451071029361
945 1.10760430315653
946 1.107744253944346
947 1.107870279459163
948 1.107982606807324
949 1.108081388273005
950 1.108165566513758
951 1.108237509201145
952 1.108297665753963
953 1.108346783830322
954 1.108384724533998
955 1.108413476084651
956 1.108431133329702
957 1.108440155980612
958 1.108439170182564
959 1.108429705506074
960 1.108412073684593
961 1.108387217835207
962 1.108354547613123
963 1.108316164797778
964 1.108272397032074
965 1.108224534771677
966 1.108173088586254
967 1.108119675275015
968 1.108064622833613
969 1.108008850180308
970 1.107952853815375
971 1.107895205352851
972 1.107838609862976
973 1.107783041999991
974 1.107729460266708
975 1.107677118906547
976 1.107627182391571
977 1.107581696488595
978 1.107539135483331
979 1.107501521659506
980 1.10746986709755
981 1.107444492329609
982 1.107424847494013
983 1.107411369242405
984 1.107405328119167
985 1.107407012990174
986 1.107414818313538
987 1.107430206234759
988 1.107453090322909
989 1.107483757667704
990 1.10752232647281
991 1.107570013925111
992 1.10762393488656
993 1.107686280832775
994 1.107757467662363
995 1.107837271947998
996 1.107926040418517
997 1.108022661705461
998 1.10812785319064
999 1.108241119777851
1000 1.108362634529551
1001 1.108491567493479
1002 1.108626815914223
1003 1.108769121221587
1004 1.108918480745713
1005 1.109074258235175
1006 1.109237428189119
1007 1.109406671208757
1008 1.109581984078881
1009 1.109762680151985
1010 1.10994765788981
1011 1.11013729132432
1012 1.110330049568644
1013 1.110526166849794
1014 1.110725142177903
1015 1.110927241658738
1016 1.111130441491453
1017 1.111335303643527
1018 1.111542094010447
1019 1.111749490250451
1020 1.111958190421574
1021 1.112167340834364
1022 1.112375916724668
1023 1.112583424098456
1024 1.112788747067635
1025 1.112991543067306
1026 1.113191683887997
1027 1.113388383411529
1028 1.113582356993517
1029 1.113772322852576
1030 1.113958219258634
1031 1.11414105375772
1032 1.114319886723914
1033 1.114493474454068
1034 1.114662198302824
1035 1.114825154486016
1036 1.114982275290514
1037 1.115133653851713
1038 1.115278236913936
1039 1.115417021425328
1040 1.11554926087463
1041 1.115674549534068
1042 1.115792823040132
1043 1.115904105062613
1044 1.116009025791917
1045 1.116106925789064
1046 1.116198448150137
1047 1.116281241545347
1048 1.11635758429379
1049 1.116428061785845
1050 1.116491802808352
1051 1.116549631454395
1052 1.11660161313304
1053 1.116645920168604
1054 1.116683296399204
1055 1.116714756414186
1056 1.116740481218319
1057 1.116761348414322
1058 1.116777430087513
1059 1.116789413834589
1060 1.116795903024135
1061 1.116797285489007
1062 1.116794760559975
1063 1.116787877541725
1064 1.116776920735731
1065 1.116761882286202
1066 1.116743797228509
1067 1.116724506078721
1068 1.116701656224473
1069 1.116676837344111
1070 1.116651314766162
1071 1.11662451919895
1072 1.116597548492659
1073 1.116570276748314
1074 1.116542335939217
1075 1.11651330700671
1076 1.116483867758872
1077 1.116454747455387
1078 1.11642691098928
1079 1.116399478154155
1080 1.116374361178077
1081 1.116350962357446
1082 1.116330043705757
1083 1.116310595090871
1084 1.116293798413403
1085 1.116278829691354
1086 1.116267802018924
1087 1.116259336369999
1088 1.116253385026854
1089 1.116251300445021
1090 1.116251532249764
1091 1.116255029632547
1092 1.116262420291251
1093 1.116274197687899
1094 1.116290202248661
1095 1.116310560699137
1096 1.116327960039241
1097 1.116358060534356
1098 1.116391890365114
1099 1.116421732697561
1100 1.116464795924706
1101 1.116511616585305
1102 1.116552870354064
1103 1.116607061128622
1104 1.116655051098604
1105 1.116716336477382
1106 1.116771807574377
1107 1.116842001165958
1108 1.116904071919186
1109 1.116980329805582
1110 1.117046984381988
1111 1.117129918131786
1112 1.117201997527095
1113 1.117289779224233
1114 1.117365588119477
1115 1.117445337425018
1116 1.117540994483101
1117 1.117623377896503
1118 1.117708036265414
1119 1.117809709287759
1120 1.117896794335751
1121 1.117985043487361
1122 1.118090216647702
1123 1.11817921782662
1124 1.118267843799389
1125 1.118372450686589
1126 1.118460993622167
1127 1.11854851309342
1128 1.118652020408471
1129 1.118737871613372
1130 1.118823613326672
1131 1.11892390218914
1132 1.119005793220512
1133 1.119101262146558
1134 1.119178363586513
1135 1.119254222564251
1136 1.119342196888098
1137 1.119413027220788
1138 1.1194823457695
1139 1.119561314293062
1140 1.119624687294222
1141 1.119698074431748
1142 1.119754743843098
1143 1.119809233828784
1144 1.11987289863497
1145 1.119921022572681
1146 1.11997655599325
1147 1.120017226336354
1148 1.120065051929125
1149 1.120099944124787
1150 1.120140262736522
1151 1.12016906809699
1152 1.120200363630719
1153 1.120220965633934
1154 1.120245852501644
1155 1.120265637497241
1156 1.120275007495938
1157 1.120287311397253
1158 1.120290988011534
1159 1.120298409328931
1160 1.12030123628984
1161 1.120295191575117
1162 1.120293026345972
1163 1.120287831409888
1164 1.120275727868393
1165 1.120265858389001
1166 1.1202544616958
1167 1.120236676825337
1168 1.120220144878009
1169 1.120202027959766
1170 1.120177191808464
1171 1.120155444996378
1172 1.12013246713371
1173 1.12010452619316
1174 1.120080336512818
1175 1.120054187713994
1176 1.120024003632427
1177 1.119999002603991
1178 1.119969515674536
1179 1.119944847455546
1180 1.119915548949521
1181 1.119892746242215
1182 1.119865373470373
1183 1.11984251060295
1184 1.119816349234027
1185 1.119794483085494
1186 1.119768539039406
1187 1.119748447798429
1188 1.119725147087355
1189 1.119707764941545
1190 1.119685943684678
1191 1.119671849967151
1192 1.119654051431948
1193 1.119638781013658
1194 1.11963040617331
1195 1.119618572225345
1196 1.119615054815121
1197 1.119607403529195
1198 1.119602056058217
1199 1.119603436915434
1200 1.119600666290232
1201 1.119599919820047
1202 1.119607082255483
1203 1.1196094510862
1204 1.119614086654205
1205 1.119627564674168
1206 1.119635559580714
1207 1.119647937319807
1208 1.11966211642981
1209 1.119678721593694
1210 1.119703761539355
1211 1.119723810733557
1212 1.119744498465953
1213 1.119766884877752
1214 1.119791098199723
1215 1.119824065603678
1216 1.119848524271271
1217 1.119875320661704
1218 1.11990393559565
1219 1.119934653412982
1220 1.119967240636105
1221 1.120000050038806
1222 1.120042414264454
1223 1.12007523685588
1224 1.120109477526337
1225 1.120143970305103
1226 1.120178832693169
1227 1.120213995290772
1228 1.120249389029041
1229 1.120293597120964
1230 1.120329124478221
1231 1.120363524948182
1232 1.120397740506054
1233 1.120431319436942
1234 1.120464909003228
1235 1.120507818777911
1236 1.120538608135785
1237 1.120570102222031
1238 1.1206001061978
1239 1.120630776839088
1240 1.120668312760834
1241 1.120695035553818
1242 1.120720821824124
1243 1.120745035332021
1244 1.120775528759803
1245 1.120796454856826
1246 1.120815339702032
1247 1.12083277226763
1248 1.120857261796428
1249 1.120871731255461
1250 1.120884896884139
1251 1.12089629876752
1252 1.120912520993121
1253 1.120920097207443
1254 1.120926029689494
1255 1.120934441826667
1256 1.120936474505036
1257 1.12093723899867
1258 1.120939999313348
1259 1.120935872648658
1260 1.120931430772422
1261 1.120930578152815
1262 1.120921417816327
1263 1.12091576117483
1264 1.120903318698741
1265 1.120893750228104
1266 1.120877991582799
1267 1.120862276062601
1268 1.120848823754842
1269 1.120829614000873
1270 1.120814378417497
1271 1.120793002601561
1272 1.12077518386145
1273 1.120751973919304
1274 1.120732288338784
1275 1.12071174073375
1276 1.120685422661089
1277 1.120663615820876
1278 1.120637144897513
1279 1.120614346331153
1280 1.120590789596579
1281 1.120562816869266
1282 1.120538537644767
1283 1.120514496585394
1284 1.120486569331427
1285 1.120461439199796
1286 1.120436507876785
1287 1.120408986565791
1288 1.120385444171453
1289 1.120361515181758
1290 1.120337971833092
1291 1.12031200060476
1292 1.120290396125956
1293 1.120268809454205
1294 1.1202476175292
1295 1.120224880854021
1296 1.120206451885678
1297 1.120188365336783
1298 1.120171413132957
1299 1.120155077881078
1300 1.120139858806658
1301 1.120125127924121
1302 1.120111881788122
1303 1.1200995806931
1304 1.12008729399918
1305 1.120075863684588
1306 1.120065916438063
1307 1.120056391744038
1308 1.120049807429231
1309 1.120044144127283
1310 1.120039179590071
1311 1.120036164960196
1312 1.120034168453981
1313 1.120032322607586
1314 1.120031952701131
1315 1.120031928291418
1316 1.12003409212594
1317 1.120037495724649
1318 1.120041947206573
1319 1.120047315060622
1320 1.120053035271481
1321 1.120060080817992
1322 1.120066993560404
1323 1.12007429997011
1324 1.120082666894793
1325 1.120091960369024
1326 1.120101954437177
1327 1.120113376776242
1328 1.120124452457976
1329 1.120137422860302
1330 1.120150379884056
1331 1.120162890558787
1332 1.120175012469677
1333 1.120186496791673
1334 1.120198549873475
1335 1.120210353575
1336 1.120222933261223
1337 1.120235485516424
1338 1.120247870101979
1339 1.120260269734009
1340 1.120272326383214
1341 1.120284541380064
1342 1.120296503359797
1343 1.120307927370508
1344 1.120318179042628
1345 1.120327871066638
1346 1.120337033608869
1347 1.120345413521872
1348 1.120353481492482
1349 1.120360574243329
1350 1.120366580957917
1351 1.120372832710806
1352 1.120378023812682
1353 1.120381186979928
1354 1.120384352863963
1355 1.120386842158736
1356 1.120388503002872
1357 1.120389728846151
1358 1.120390324226185
1359 1.120390164267977
1360 1.12038807246323
1361 1.120385287626558
1362 1.120381608855031
1363 1.120377259429725
1364 1.12037229925148
1365 1.120365760756495
1366 1.120358986851825
1367 1.120351851964067
1368 1.120344809856529
1369 1.120336417632856
1370 1.120326970146463
1371 1.12031707345696
1372 1.120306195645715
1373 1.12029429004957
1374 1.120281859786771
1375 1.12026904457335
1376 1.120256195040287
1377 1.120243408269859
1378 1.120231711694773
1379 1.120219339341985
1380 1.120206073861543
1381 1.12019253047856
1382 1.120177911951767
1383 1.120161645491095
1384 1.120144612094231
1385 1.120128958662481
1386 1.120112375010001
1387 1.12009765569201
1388 1.120082900279902
1389 1.120069969503405
1390 1.120056644058607
1391 1.120042984476339
1392 1.120030193250998
1393 1.120016391120466
1394 1.12000323131319
1395 1.119990300630853
1396 1.119977091204164
1397 1.119963472502415
1398 1.119951348405587
1399 1.119939811015376
1400 1.119929463785575
1401 1.119919901466884
1402 1.119911339781407
1403 1.119903509733466
1404 1.119896080951802
1405 1.119888770721628
1406 1.119882420613396
1407 1.119876297875805
1408 1.119871757297936
1409 1.119868000192525
1410 1.119863930306664
1411 1.119860484978014
1412 1.119858207594499
1413 1.119855501895318
1414 1.119852995267394
1415 1.1198512847743
1416 1.119850630606556
1417 1.119850781572036
1418 1.119852481749514
1419 1.119855251921586
1420 1.119859193884823
1421 1.119862859117044
1422 1.119867906563089
1423 1.119872831212711
1424 1.119878873529354
1425 1.119884053374845
1426 1.119891160725044
1427 1.119896818267904
1428 1.11990249246197
1429 1.119909194807854
1430 1.119915508858118
1431 1.11992345973989
1432 1.119931714537975
1433 1.119939779325794
1434 1.119949293152108
1435 1.119959951237238
1436 1.119969385639434
1437 1.119979958710658
1438 1.119990127752607
1439 1.120000248394337
1440 1.120011738243687
1441 1.120020541551361
1442 1.120030003326756
1443 1.120039902711364
1444 1.120048684455063
1445 1.120058409051948
1446 1.120068963642212
1447 1.120079564408268
1448 1.120089892883952
1449 1.120100670960576
1450 1.120111107426753
1451 1.120120278875572
1452 1.120129517447212
1453 1.120138325041748
1454 1.120146651948715
1455 1.120155502634007
1456 1.120164399554211
1457 1.120171522318568
1458 1.120180371612154
1459 1.120186350971262
1460 1.120192647940754
1461 1.120198795403179
1462 1.120204090332641
1463 1.120209798534775
1464 1.120215864642262
1465 1.120222114519792
1466 1.120227536455973
1467 1.120232616593585
1468 1.120237526976542
1469 1.120242132718609
1470 1.120246456971044
1471 1.120249718948298
1472 1.120252758120708
1473 1.120255594696787
1474 1.120258274498745
1475 1.120260447261874
1476 1.120263488112046
1477 1.120264891156992
1478 1.120266963867735
1479 1.120269801480517
1480 1.12027083682584
1481 1.120273338311095
1482 1.120275555957504
1483 1.120276931036689
1484 1.120279116996741
1485 1.120280747312762
1486 1.120282687229013
1487 1.120285157868121
1488 1.120286111074568
1489 1.120287279421174
1490 1.120289414486761
1491 1.120291462747658
1492 1.120293850756298
1493 1.120297201952905
1494 1.120300796405156
1495 1.120304325490406
1496 1.120308487546063
1497 1.120311235475074
1498 1.120313963716858
1499 1.120317640621536
1500 1.120322319428551
1501 1.120327655716095
1502 1.120334408911769
1503 1.120340249613651
1504 1.120345806086744
1505 1.120352360908084
1506 1.120358760443709
1507 1.120364362498276
1508 1.120371257087238
1509 1.12037904549028
1510 1.120387236842931
1511 1.120396889067864
1512 1.120407424571359
1513 1.120417582692221
1514 1.120428874847422
1515 1.12044055894802
1516 1.120452408527763
1517 1.120464633058188
1518 1.120476522970896
1519 1.120488393802348
1520 1.120501782491149
1521 1.120514468143123
1522 1.120528109718538
1523 1.120542987595485
1524 1.120558541242697
1525 1.120574454165312
1526 1.120590545651074
1527 1.120606782863625
1528 1.120623382733742
1529 1.120640710345926
1530 1.120659118622142
1531 1.120677452385739
1532 1.120696440873832
1533 1.120714830342696
1534 1.120733286539906
1535 1.120752772461948
1536 1.120771321221534
1537 1.120790395872917
1538 1.120810090437568
1539 1.120830669840036
1540 1.120851863816869
1541 1.120873648697828
1542 1.120895112641749
1543 1.120916432306459
1544 1.120938224372929
1545 1.120959299688355
1546 1.120980267614034
1547 1.121001911273996
1548 1.121023129786752
1549 1.121044973531453
1550 1.121067954574301
1551 1.121089699344925
1552 1.121111061988062
1553 1.121133205747303
1554 1.121155626565988
1555 1.121177377303553
1556 1.121199524804158
1557 1.121221465863421
1558 1.121241864819762
1559 1.121264634383868
1560 1.121286588559231
1561 1.121308661787713
1562 1.121330816301134
1563 1.12135021016819
1564 1.121371505327298
1565 1.121393540806944
1566 1.121414705226881
1567 1.121435361280197
1568 1.12145611166252
1569 1.12147856283392
1570 1.121499862973541
1571 1.121521819809739
1572 1.121542355987146
1573 1.121562822984713
1574 1.121583681658325
1575 1.121604892472556
1576 1.121625989539441
1577 1.121646750558585
1578 1.121666669051009
1579 1.121686608334312
1580 1.121708031306367
1581 1.121728607040549
1582 1.121748952992001
1583 1.121769547196556
1584 1.121790069634273
1585 1.121811270448541
1586 1.121832254028341
1587 1.121852590108021
1588 1.121872945760712
1589 1.121893439682147
1590 1.12191458192699
1591 1.1219352556655
1592 1.121957056514795
1593 1.121977767698921
1594 1.121997634770766
1595 1.122019364892114
1596 1.122040417802756
1597 1.122061749928091
1598 1.122083704648458
1599 1.12210613207735
1600 1.122128062318176
1601 1.12215102712915
1602 1.122173979761112
1603 1.122197645715364
1604 1.122221230921757
1605 1.122244949280445
1606 1.122266956616758
1607 1.122292432695663
1608 1.122317152373615
1609 1.122341472546674
1610 1.122366582825092
1611 1.122391351305917
1612 1.122416126011095
1613 1.122441480999121
1614 1.122467318135558
1615 1.122494010852744
1616 1.122521825275703
1617 1.122549446088075
1618 1.122576911018612
1619 1.122605071475031
1620 1.122633656337178
1621 1.122662807351088
1622 1.12269226111959
1623 1.122722350407899
1624 1.122751038773461
1625 1.122779881043725
1626 1.122810590017707
1627 1.122840038754855
1628 1.122869700167039
1629 1.12289943158867
1630 1.122930121009348
1631 1.122960963043752
1632 1.122992788585585
1633 1.123024818830673
1634 1.123058055463522
1635 1.123090580269169
1636 1.123123344801638
1637 1.123156549673309
1638 1.123189581150017
1639 1.123222388460138
1640 1.123256712920741
1641 1.123289865204548
1642 1.123322836373122
1643 1.123356001861152
1644 1.123390730122392
1645 1.123425173887721
1646 1.123460820993642
1647 1.123496215478286
1648 1.123531582052975
1649 1.123566767950729
1650 1.123601953718296
1651 1.123636822042883
1652 1.123672034671816
1653 1.123706983262607
1654 1.123741647935402
1655 1.123777617448714
1656 1.123813102070421
1657 1.123848347368871
1658 1.123884405189149
1659 1.123920947765305
1660 1.123956885684772
1661 1.123992312131272
1662 1.12402842959209
1663 1.124063881363707
1664 1.124097209072225
1665 1.124133875546374
1666 1.124168086336875
1667 1.124205766405745
1668 1.124241515938499
1669 1.12427768679245
1670 1.124311865486026
1671 1.124350245292195
1672 1.12438753441458
1673 1.124422182184947
1674 1.124459085896004
1675 1.124495830993934
1676 1.124532802746433
1677 1.124569626903663
1678 1.12460440683821
1679 1.124641760014838
1680 1.124679410575074
1681 1.124716791828382
1682 1.12475438682423
1683 1.124791446543435
1684 1.124828612735214
1685 1.124865949528732
1686 1.124902965065739
1687 1.124940274629457
1688 1.124976639865728
1689 1.125013918012008
1690 1.12505163834822
1691 1.125089323055263
1692 1.125127291750057
1693 1.125165348540186
1694 1.125203427324795
1695 1.125239309597079
1696 1.125277842376139
1697 1.125314408376249
1698 1.125352199844864
1699 1.12538726845377
1700 1.125427396704364
1701 1.125464064184165
1702 1.125503021819411
1703 1.125542424005677
1704 1.125579590030684
1705 1.125619756858957
1706 1.125658131573931
1707 1.125698555238646
1708 1.125738821617233
1709 1.125778965576004
1710 1.125819582193278
1711 1.125860941206464
1712 1.125902325209842
1713 1.125942130464421
1714 1.125982380006568
1715 1.126023069096225
1716 1.126064201677767
1717 1.126106886817936
1718 1.126147858352221
1719 1.126189197250366
1720 1.126232687540369
1721 1.126276219270091
1722 1.126319124486065
1723 1.12636137587127
1724 1.126404425785553
1725 1.126447536045488
1726 1.126491127501044
1727 1.126535079369843
1728 1.126578335897176
1729 1.126621587242408
1730 1.126665326252206
1731 1.126710034937584
1732 1.126755094139869
1733 1.126799659551123
1734 1.126844820092597
1735 1.126888716880229
1736 1.126932653895971
1737 1.12697721153379
1738 1.127022468592826
1739 1.127067895740347
1740 1.127112199197059
1741 1.12715846382894
1742 1.127204597175812
1743 1.127250083805868
1744 1.127295566476202
1745 1.127341732992479
1746 1.127388733872724
1747 1.127433542412993
1748 1.127480733579596
1749 1.127529472512741
1750 1.127572815158934
1751 1.127619656981285
1752 1.12766472999856
1753 1.127712993100592
1754 1.127759329182508
1755 1.127807377422518
1756 1.127855004344466
1757 1.127903415802408
1758 1.127952491801445
1759 1.128001061575409
1760 1.128048432054338
1761 1.128095738771334
1762 1.128144827567358
1763 1.12819328561181
1764 1.128240993252219
1765 1.128288099227481
1766 1.128335854587952
1767 1.128383905660854
1768 1.12843190050917
1769 1.128480571290776
1770 1.128529797393126
1771 1.128578420399828
1772 1.128627288705541
1773 1.128676347552501
1774 1.128724693273752
1775 1.128773029269498
1776 1.128819351598059
1777 1.128866105294906
1778 1.128915281410847
1779 1.128963887476367
1780 1.129011793368617
1781 1.129060264410422
1782 1.129108930876269
1783 1.129157784307891
1784 1.129207333232284
1785 1.129256832106862
1786 1.129305585798405
1787 1.129354408992973
1788 1.129403658532315
1789 1.129452824015946
1790 1.129500781776855
1791 1.129548734038159
1792 1.129597405322854
1793 1.129647303375288
1794 1.129697000455954
1795 1.129745661896136
1796 1.129794354965367
1797 1.129843491454531
1798 1.129893198916558
1799 1.129943249259986
1800 1.129993783201381
1801 1.130042722650237
1802 1.130092161610288
1803 1.13014251859072
1804 1.130193112671065
1805 1.130242845623705
1806 1.130292722223123
1807 1.130343095759105
1808 1.130393035376197
1809 1.130443848356972
1810 1.130494320920076
1811 1.130544770377714
1812 1.130595293315517
1813 1.130646133430125
1814 1.130697341067875
1815 1.130748042479155
1816 1.130799426195297
1817 1.130851013478869
1818 1.130902628121794
1819 1.130955578309813
1820 1.131008149438716
1821 1.131059777545626
1822 1.131111116923526
1823 1.131163837915189
1824 1.131215338090079
1825 1.131267028389315
1826 1.131319267367542
1827 1.131371594286776
1828 1.131422075616298
1829 1.131473740069825
1830 1.131527060267275
1831 1.131580966049783
1832 1.131634443612452
1833 1.131688820479884
1834 1.131743219632254
1835 1.131796832468255
1836 1.131849778255172
1837 1.131902518878651
1838 1.131953991448232
1839 1.132005905204284
1840 1.132059651800015
1841 1.132112647420406
1842 1.132165677664232
1843 1.13221977527935
1844 1.132274688836754
1845 1.132330029178563
1846 1.132384845049923
1847 1.132440293295421
1848 1.132494954702594
1849 1.132549489485241
1850 1.132603583860956
1851 1.132658706828963
1852 1.132710730445649
1853 1.132765146166813
1854 1.132818154912582
1855 1.132872878274199
1856 1.132926640378829
1857 1.132980424141822
1858 1.13303514699858
1859 1.133089950157258
1860 1.133145253670097
1861 1.133200795943575
1862 1.133257094103667
1863 1.133311359672524
1864 1.133365421512504
1865 1.133418923317944
1866 1.13347488932555
1867 1.133531481909736
1868 1.13358640635923
1869 1.133642030212619
1870 1.133695361255636
1871 1.133749774965672
1872 1.133804593869632
1873 1.133861281613576
1874 1.133917398562196
1875 1.133973363100282
1876 1.134031151174404
1877 1.134086436922072
1878 1.134141471374232
1879 1.134195938263559
1880 1.134251391543478
1881 1.134305594287982
1882 1.134358841845755
1883 1.134412934040868
1884 1.134467965540492
1885 1.134524297595865
1886 1.134580831975839
1887 1.134638260796191
1888 1.13469491465963
1889 1.134749635178352
1890 1.134804395335281
1891 1.134861001501567
1892 1.134917551680303
1893 1.134972423727049
1894 1.135028016554114
1895 1.135082709939785
1896 1.135139170275174
1897 1.135194996699472
1898 1.135250143452676
1899 1.135305618928169
1900 1.135361940428835
1901 1.13541609174553
1902 1.135469913839406
1903 1.13552533065945
1904 1.135579687076813
1905 1.135635754158877
1906 1.135692245118919
1907 1.135748653027317
1908 1.135805225165435
1909 1.135861798163852
1910 1.13591962841
1911 1.135974175073741
1912 1.136028551105104
1913 1.136083503623365
1914 1.136138174158214
1915 1.136193776452966
1916 1.136250033865245
1917 1.136306943523861
1918 1.136363724857798
1919 1.13642119926136
1920 1.136478047322862
1921 1.136534735093411
1922 1.136589917869415
1923 1.136644952233483
1924 1.13670062993939
1925 1.136756843408274
1926 1.136812638053614
1927 1.136867668941427
1928 1.136923241120841
1929 1.136979221921523
1930 1.137036594006698
1931 1.137094602966669
1932 1.13715112860915
1933 1.137208847019625
1934 1.137268275736364
1935 1.137324782117164
1936 1.137381636123865
1937 1.13743624412831
1938 1.137490665601723
1939 1.137545586136927
1940 1.137601940418425
1941 1.137659400421738
1942 1.137717721022941
1943 1.137774820717166
1944 1.137831642755748
1945 1.137888536961957
1946 1.137944777896159
1947 1.138001746533307
1948 1.138059627756243
1949 1.138115782992325
1950 1.138171921695217
1951 1.138228251659335
1952 1.138284688080243
1953 1.138342185041396
1954 1.13839905731502
1955 1.138455315637413
1956 1.138512348683151
1957 1.138569568386928
1958 1.138626248708901
1959 1.138683861511449
1960 1.138738645468619
1961 1.138788460833436
1962 1.138844905112055
1963 1.138902206428273
1964 1.13896182001265
1965 1.139018757617411
1966 1.139075559422089
1967 1.139132562220742
1968 1.139189514581083
1969 1.139245629627542
1970 1.139302551536681
1971 1.139358136780422
1972 1.139413233111799
1973 1.139469179462624
1974 1.139525337658008
1975 1.139581635076968
1976 1.139637364050279
1977 1.139693534173249
1978 1.139750076035813
1979 1.139806981194331
1980 1.139860135420002
1981 1.139917619906435
1982 1.139974362135846
1983 1.140028320584612
1984 1.140082622597703
1985 1.14013786569207
1986 1.140193519652351
1987 1.140252268278009
1988 1.140302939541759
1989 1.140358389545988
1990 1.140414794242165
1991 1.140473069962187
1992 1.140530138142385
1993 1.140588687578922
1994 1.14064468692879
1995 1.140697972249132
1996 1.140753840267086
1997 1.140806719581003
1998 1.140862417490602
1999 1.140919110812066
2000 1.140971053445307
2001 1.141028620290265
2002 1.141086312694548
2003 1.141138329560148
2004 1.141195547939937
2005 1.141253378901244
2006 1.141304982422031
2007 1.141361603806066
2008 1.14141815678345
2009 1.141475587769163
2010 1.141528144963393
2011 1.141586868215362
2012 1.141643803381949
2013 1.141699070781628
2014 1.141750813036391
2015 1.141808173925966
2016 1.141864114091552
2017 1.141920831320618
2018 1.141972806687846
2019 1.1420306138656
2020 1.142086541756382
2021 1.14213814747188
2022 1.142194443389031
2023 1.142247817469892
2024 1.142302199784129
2025 1.142357557757714
2026 1.142414077065378
2027 1.142467476793309
2028 1.142524894238827
2029 1.142580506486971
2030 1.142630694566044
2031 1.14268621894374
2032 1.142741154826989
2033 1.142793028028942
2034 1.142850243488093
2035 1.142902312228957
2036 1.142957299826846
2037 1.143012902225572
2038 1.143063974501285
2039 1.143120906481373
2040 1.143172385549429
2041 1.143229314488169
2042 1.143282041237636
2043 1.143337689053843
2044 1.143388334600755
2045 1.14343769066741
2046 1.143491942523934
2047 1.143547679570069
2048 1.143600963546288
2049 1.143655919843453
2050 1.143706161427856
2051 1.143761559038735
2052 1.143817395184803
2053 1.14387371777505
2054 1.143924749932499
2055 1.143981505092826
2056 1.144037155832129
2057 1.144087958155801
2058 1.144142002469222
2059 1.144192760163023
2060 1.144247151531313
2061 1.144300200377571
2062 1.144348088392773
2063 1.144402162163996
2064 1.144456390307114
2065 1.144506578965796
2066 1.144561668129685
2067 1.144616415999332
2068 1.144670418108812
2069 1.144721086789014
2070 1.144774120866645
2071 1.144823749237242
2072 1.144876948090797
2073 1.14492389719876
2074 1.144976248661268
2075 1.145029801650476
2076 1.145082660878936
2077 1.145130581325091
2078 1.14518439932597
2079 1.14523848835571
2080 1.145290989444862
2081 1.145343158689745
2082 1.145391341572547
2083 1.145443021051761
2084 1.145495746100957
2085 1.145542837612996
2086 1.145594593629238
2087 1.145645997363754
2088 1.145693335246606
2089 1.145746643654831
2090 1.145794894837775
2091 1.1458496714855
2092 1.145895867806858
2093 1.145946692173566
2094 1.145998294229313
2095 1.146050668762721
2096 1.146102480064352
2097 1.146152988314218
2098 1.146204350780707
2099 1.146251921559305
2100 1.146303126986555
2101 1.146355590916357
2102 1.146406788931332
2103 1.146453150939632
2104 1.146505379222506
2105 1.146552727451297
2106 1.146603374267854
2107 1.14665287864548
2108 1.146700416832088
2109 1.146748034582549
2110 1.146792846007449
2111 1.146844769646107
2112 1.146891188337881
2113 1.146942825247683
2114 1.146989645642998
2115 1.147037484591583
2116 1.147090663085444
2117 1.147138551236412
2118 1.147185469259155
2119 1.147235835244836
2120 1.147281402826571
2121 1.147331624646495
2122 1.147377053445462
2123 1.147428882801062
2124 1.147474298332571
2125 1.147525960734448
2126 1.147572472247026
2127 1.147619047391441
2128 1.14767060972513
2129 1.147717455565107
2130 1.147767273910707
2131 1.147813046946483
2132 1.147858997962958
2133 1.147909832147134
2134 1.147954418322887
2135 1.14800613752294
2136 1.148051347816502
2137 1.148096146290858
2138 1.148146298200901
2139 1.14819270656323
2140 1.148242803235312
2141 1.148293228106588
2142 1.148338861076905
2143 1.148389303631058
2144 1.148436856037269
2145 1.148482448522672
2146 1.148528453782511
2147 1.148575881788627
2148 1.148623477493845
2149 1.148671961528319
2150 1.148719687015123
2151 1.14876649081669
2152 1.148813822115434
2153 1.14885844003655
2154 1.14890363529584
2155 1.148948218982898
2156 1.148992938996717
2157 1.149037578930972
2158 1.149082840853638
2159 1.149129510226484
2160 1.149174077894666
2161 1.149218579999562
2162 1.149263005637895
2163 1.149307323597584
2164 1.149351508503255
2165 1.149393984719259
2166 1.149437162588671
2167 1.149481213273654
2168 1.149525694770797
2169 1.149569368591607
2170 1.149611327015819
2171 1.149653957542133
2172 1.149697550622647
2173 1.14974095719731
2174 1.149784001668235
2175 1.149826883960308
2176 1.14986668473708
2177 1.14990999073745
2178 1.149953890336325
2179 1.149993992870447
2180 1.150037786123385
2181 1.150076336583514
2182 1.150118876534863
2183 1.15015843490622
2184 1.150204235249717
2185 1.150247210641656
2186 1.150291461316349
2187 1.150333544447844
2188 1.150376638299399
2189 1.150418645201934
2190 1.150461296798144
2191 1.150504279422325
2192 1.150546792265888
2193 1.150589119290995
2194 1.150631730204766
2195 1.150674717681337
2196 1.150716882364798
2197 1.150757936119679
2198 1.150797989229113
2199 1.15083851800357
2200 1.150880581338282
2201 1.15092081484839
2202 1.150961167271013
2203 1.151004193897793
2204 1.151043302193521
2205 1.15108268508151
2206 1.151121479837868
2207 1.151161372089188
2208 1.151201823703383
2209 1.151242654397745
2210 1.15128410090652
2211 1.151325510799291
2212 1.151365497728439
2213 1.151405294348697
2214 1.151444683651047
2215 1.151484334482145
2216 1.151523382873393
2217 1.15156377982573
2218 1.151602232688894
2219 1.151640847327087
2220 1.151679569674917
2221 1.151717973302977
2222 1.151756599880126
2223 1.151794841678222
2224 1.151834167324141
2225 1.151873737996847
2226 1.151911562762256
2227 1.15195012713949
2228 1.151989483941827
2229 1.152027814492668
2230 1.152067689177966
2231 1.15210339341205
2232 1.152139697843609
2233 1.152176979832174
2234 1.152216971228942
2235 1.152253924350909
2236 1.152290269787081
2237 1.152327152985425
2238 1.152366441804769
2239 1.152404028603507
2240 1.15244118740191
2241 1.152479280099372
2242 1.152516876972164
2243 1.152553364514946
2244 1.152588593256352
2245 1.152624196204857
2246 1.152662034897802
2247 1.152699665139189
2248 1.152737163513786
2249 1.152774198386771
2250 1.152811543058139
2251 1.15284621991968
2252 1.15288116344647
2253 1.15291487364763
2254 1.152949185050603
2255 1.152985250168924
2256 1.153020347990152
2257 1.153056564813695
2258 1.153092345368354
2259 1.153129016385681
2260 1.153165794280673
2261 1.153200096237319
2262 1.153233434892841
2263 1.153266800573663
2264 1.153302284796504
2265 1.15333656232222
2266 1.153367653947528
2267 1.153402250969502
2268 1.15343600540535
2269 1.153469615901227
2270 1.153503352407757
2271 1.153537278678799
2272 1.153571791751134
2273 1.153602874478365
2274 1.153638551288603
2275 1.153670428448371
2276 1.153701022753976
2277 1.153735033148785
2278 1.153766079957159
2279 1.153797015632442
2280 1.15383202484223
2281 1.153864640488215
2282 1.1538978591063
2283 1.153932263413881
2284 1.153966141299425
2285 1.154000870197427
2286 1.154031161296883
2287 1.154062031747442
2288 1.154097563081214
2289 1.154129732342209
2290 1.154165300102304
2291 1.154196367906923
2292 1.154225602132435
2293 1.154257645673303
2294 1.154285071340081
2295 1.154317060477863
2296 1.154349690987921
2297 1.154377965353094
2298 1.154412343898092
2299 1.154441731946667
2300 1.154475387777877
2301 1.154509186086242
2302 1.154543028980134
2303 1.154574487435014
2304 1.154605720510102
2305 1.154634548362435
2306 1.154668273279515
2307 1.154700975531406
2308 1.154732091440487
2309 1.154759590466422
2310 1.154790246699902
2311 1.154817663551526
2312 1.154845952560893
2313 1.154874938350073
2314 1.154904211702883
2315 1.154931926409627
2316 1.154959901365708
2317 1.154988999495699
2318 1.155018638195682
2319 1.155049719350906
2320 1.155081213614483
2321 1.15511334815204
2322 1.155143100912925
2323 1.155170020401447
2324 1.155198777787471
2325 1.155224667625671
2326 1.155250736938104
2327 1.155279764660776
2328 1.155307489412681
2329 1.155332003107225
2330 1.15535719547808
2331 1.155386726886155
2332 1.155415429447822
2333 1.155443951277818
2334 1.155472821857482
2335 1.155496989257563
2336 1.155526722498832
2337 1.155553444174422
2338 1.155583589706697
2339 1.155611210415259
2340 1.155638291647039
2341 1.155664769434029
2342 1.15569086788254
2343 1.155714309928434
2344 1.155744131349496
2345 1.155767813629992
2346 1.155795275414134
2347 1.155819244806166
2348 1.155848554923828
2349 1.155872790824029
2350 1.155899608115856
2351 1.155927355664949
2352 1.155950526191828
2353 1.15597799998166
2354 1.156002337140449
2355 1.156030627418431
2356 1.156058170846417
2357 1.156086057142619
2358 1.156106722308872
2359 1.156132354613702
2360 1.156154510817852
2361 1.156183428495499
2362 1.156209419704614
2363 1.156231852285281
2364 1.156258777703836
2365 1.156280962261146
2366 1.156306231876062
2367 1.156331846215096
2368 1.156357739840522
2369 1.156380735053933
2370 1.156404270831352
2371 1.156432306804679
2372 1.156454802004441
2373 1.156477013104533
2374 1.156498662757229
2375 1.156518923367617
2376 1.156544019014905
2377 1.156570613783944
2378 1.156596277842171
2379 1.156623636558394
2380 1.156649074685624
2381 1.156669146762259
2382 1.156693517960275
2383 1.156714699320925
2384 1.156739530742801
2385 1.156760842704128
2386 1.156785254791654
2387 1.156805508001608
2388 1.15683130865719
2389 1.156853308165931
2390 1.156876162002766
2391 1.156900363898346
2392 1.156920956970909
2393 1.156942795838065
2394 1.15696245245774
2395 1.156987657394724
2396 1.157009208668276
2397 1.157034121010061
2398 1.157054541794325
2399 1.157075127786746
2400 1.157098309476511
2401 1.157118397917182
2402 1.157142112640958
2403 1.157164761914982
2404 1.157181661550202
2405 1.157203895046904
2406 1.157222714267828
2407 1.157247440639296
2408 1.157267738851916
2409 1.157290450091449
2410 1.157313514135875
2411 1.157333044348714
2412 1.157355228640083
2413 1.157373944998308
2414 1.157396785420248
2415 1.157416241502632
2416 1.157438829986964
2417 1.157459550013415
2418 1.157478413839858
2419 1.157495616725576
2420 1.157515425355244
2421 1.157538762267744
2422 1.157559516383418
2423 1.15757994735463
2424 1.157597451673176
2425 1.157619947790152
2426 1.157641352830771
2427 1.157658802032807
2428 1.157682244775388
2429 1.157700108101804
2430 1.157717633149373
2431 1.157734895996484
2432 1.157755145066257
2433 1.157773836255717
2434 1.157790542554956
2435 1.157813020371322
2436 1.157834124853617
2437 1.15785254986578
2438 1.157871324269034
2439 1.157889534322651
2440 1.157906157963145
2441 1.157926538280049
2442 1.157943462879824
2443 1.157964161604753
2444 1.157984831547054
2445 1.158002649749516
2446 1.158021253711749
2447 1.158039586757492
2448 1.158056280541372
2449 1.158070823158886
2450 1.158089376953973
2451 1.158109420291833
2452 1.15812689108054
2453 1.158147097407852
2454 1.158164433985092
2455 1.158182764737772
2456 1.158198005871806
2457 1.158216327432639
2458 1.158234274591672
2459 1.158250558347965
2460 1.158268450451796
2461 1.158282914849453
2462 1.15830193932503
2463 1.158321455255255
2464 1.158337717116982
2465 1.158356598083377
2466 1.158374250850818
2467 1.158389413944658
2468 1.158406611136491
2469 1.158420829800613
2470 1.15843794662566
2471 1.158453878013675
2472 1.158471297683843
2473 1.158486519684922
2474 1.158505978479267
2475 1.158523133938972
2476 1.15853738342869
2477 1.158554354340877
2478 1.158572056808275
2479 1.158587076221874
2480 1.158604143974716
2481 1.158618229174676
2482 1.158636956208068
2483 1.158651608464625
2484 1.158666544501147
2485 1.158682333703745
2486 1.158699145419303
2487 1.158712482911598
2488 1.158727256223702
2489 1.158739645734207
2490 1.158757573215633
2491 1.158770959755632
2492 1.158789292971637
2493 1.158804412214576
2494 1.158822697693112
2495 1.158841384153126
2496 1.158855534356784
2497 1.158872137544831
2498 1.158885771821292
2499 1.158902552866725
2500 1.158914687657179
2501 1.158929549106557
2502 1.158942846396775
2503 1.158959109425084
2504 1.158972148024252
2505 1.158986017350223
2506 1.159002381772221
2507 1.159017347766326
2508 1.159029126789414
2509 1.159043944290525
2510 1.159061137282802
2511 1.159075055758586
2512 1.159091569738447
2513 1.159104340208361
2514 1.159117420631493
2515 1.159128394485096
2516 1.159143998324916
2517 1.159156677402999
2518 1.159174109808987
2519 1.159187831254211
2520 1.159200766156936
2521 1.15921344474686
2522 1.159227421580481
2523 1.159243671281761
2524 1.159259761942795
2525 1.159271268584178
2526 1.159286626248002
2527 1.159298228635068
2528 1.159313970245911
2529 1.159325617397056
2530 1.159337370913192
2531 1.159353633699707
2532 1.159365464249632
2533 1.159378302329843
2534 1.15939220074077
2535 1.159406567191279
2536 1.15942351335208
2537 1.159434946843191
2538 1.159447795323948
2539 1.159459986174657
2540 1.159471563390001
2541 1.159484402519727
2542 1.1594946432895
2543 1.159508680641199
2544 1.159520010599419
2545 1.159532399501758
2546 1.159548333199004
2547 1.159560129692784
2548 1.159572636421877
2549 1.159586787854084
2550 1.159599471771484
2551 1.159611639002303
2552 1.15962447572701
2553 1.159641178070463
2554 1.159654125219008
2555 1.159662698844758
2556 1.159671490320198
2557 1.159682782547691
2558 1.159694647430564
2559 1.159705446483053
2560 1.159717234736408
2561 1.159731382870683
2562 1.159745014989444
2563 1.159757037008104
2564 1.159769409998102
2565 1.159780540029588
2566 1.159791559595284
2567 1.159804391771087
2568 1.159817086441722
2569 1.159828752406522
2570 1.159840487761237
2571 1.159851831411071
2572 1.15986340249972
2573 1.159875035819616
2574 1.159887045322924
2575 1.159899085818306
2576 1.159911380980073
2577 1.159922589055985
2578 1.159932745854871
2579 1.159944159420974
2580 1.159955725495717
2581 1.159966266063084
2582 1.159977692466664
2583 1.159991585330717
2584 1.16000507913782
2585 1.160016436736316
2586 1.160028230456536
2587 1.160039797759903
2588 1.160049663402537
2589 1.16005864036684
2590 1.160067362808137
2591 1.160078248522745
2592 1.160089120320283
2593 1.160099843664885
2594 1.160110783161742
2595 1.160121954887243
2596 1.160135061424802
2597 1.160146408205256
2598 1.160157308446848
2599 1.160168303994915
2600 1.160180718513477
2601 1.160191737192146
2602 1.160203829828397
2603 1.160211505210078
2604 1.160218990082401
2605 1.160228721393134
2606 1.160238003793731
2607 1.160247847840534
2608 1.160258613648407
2609 1.160270439347897
2610 1.160282044940374
2611 1.16029499934996
2612 1.160306310206464
2613 1.160317471680248
2614 1.160327671858976
2615 1.160335114200298
2616 1.160342729128717
2617 1.160352443200227
2618 1.160362665365516
2619 1.160373370392526
2620 1.16038291260524
2621 1.160392465944751
2622 1.160400124442878
2623 1.160409001131389
2624 1.160419431201784
2625 1.160431147913649
2626 1.160443783014466
2627 1.160453404164605
2628 1.160463559174917
2629 1.160473018930708
2630 1.160482437983696
2631 1.160492874141795
2632 1.160502542627975
2633 1.160510662057545
2634 1.160519376974698
2635 1.160528681539602
2636 1.160538911554658
2637 1.160549331334435
2638 1.160558616050714
2639 1.16056595066451
2640 1.160574212406095
2641 1.160582846598766
2642 1.160592511604442
2643 1.16060367694806
2644 1.160613313140575
2645 1.160624001420505
2646 1.160633399663794
2647 1.160643317764189
2648 1.160653881177538
2649 1.160665168163938
2650 1.160675221983004
2651 1.160684586224893
2652 1.160691263347462
2653 1.16069811167548
2654 1.160706014822412
2655 1.160714336285819
2656 1.160721489062448
2657 1.160727962588721
2658 1.160736183309658
2659 1.160747683623646
2660 1.160758485060513
2661 1.160769392210168
2662 1.160780396242366
2663 1.160791580000931
2664 1.160800068861696
2665 1.160809283835575
2666 1.160817655191302
2667 1.160825580360017
2668 1.160833713775712
2669 1.160841260286218
2670 1.160849631615111
2671 1.160858166827864
2672 1.160866033551324
2673 1.160875203879451
2674 1.160884238530453
2675 1.160892016987516
2676 1.160899179763374
2677 1.16090767440912
2678 1.160916864469511
2679 1.160927169320865
2680 1.160935877942534
2681 1.160946225910592
2682 1.16095543208784
2683 1.160964722655245
2684 1.160973726473003
2685 1.160982539305183
2686 1.160991517458156
2687 1.160999852421938
2688 1.161006484212803
2689 1.161014440959067
2690 1.161020513108457
2691 1.161028110054732
2692 1.161035560099838
2693 1.161044509918251
2694 1.161053894581104
2695 1.161063184933836
2696 1.161073353373177
2697 1.161082510456498
2698 1.161092399729516
2699 1.1611006415087
2700 1.161106885793393
2701 1.16111219433619
2702 1.161119631178011
2703 1.161127986601031
2704 1.161136657510323
2705 1.161146757649315
2706 1.161153882170328
2707 1.161162461066853
2708 1.161172626057167
2709 1.161180728186031
2710 1.161188099929492
2711 1.161196197196364
2712 1.16120563436701
2713 1.161215297022415
2714 1.161224353775796
2715 1.161229647661552
2716 1.161235770415186
2717 1.161242745520967
2718 1.161249020774734
2719 1.161257235926764
2720 1.161264843848655
2721 1.161272980151565
2722 1.161282359916068
2723 1.161291493835317
2724 1.16129971434489
2725 1.16130781220007
2726 1.161315390126361
2727 1.161324190197857
2728 1.161332265674936
2729 1.161339504714943
2730 1.161347266744003
2731 1.161356514968891
2732 1.161363470359919
2733 1.161370171661811
2734 1.161376697098478
2735 1.161383208983525
2736 1.161390076422829
2737 1.161397809413074
2738 1.161406063408567
2739 1.161414584915519
2740 1.161421721041752
2741 1.161429265132543
2742 1.161437613331217
2743 1.161447616791011
2744 1.161456361771666
2745 1.161464775913982
2746 1.161471851867756
2747 1.161479014824305
2748 1.161485390272218
2749 1.161493112974062
2750 1.161500013337867
2751 1.161507488227987
2752 1.161513441731212
2753 1.161519298195925
2754 1.161525998923627
2755 1.161533581347283
2756 1.161542513886313
2757 1.161552378728349
2758 1.161560511904006
2759 1.161567887315514
2760 1.161575822679066
2761 1.161584388965587
2762 1.161590774251517
2763 1.161596699449277
2764 1.161604472784425
2765 1.161612542826838
2766 1.161620979807292
2767 1.161626610733284
2768 1.16163135312109
2769 1.161638140572861
2770 1.161645855771349
2771 1.161654225761706
2772 1.161662149307777
2773 1.16167017011046
2774 1.161678260695678
2775 1.161684126012081
2776 1.161691054916558
2777 1.161700069776567
2778 1.16170732542147
2779 1.161714815557035
2780 1.161723133793914
2781 1.161730495372646
2782 1.161738389190682
2783 1.161745779853648
2784 1.161753738049892
2785 1.161759376187487
2786 1.161764070611819
2787 1.161769452505975
2788 1.161775778424001
2789 1.16178345955067
2790 1.16179140521283
2791 1.161798934338502
2792 1.16180632570138
2793 1.161814152895047
2794 1.16182184525841
2795 1.161830471559522
2796 1.161838716687307
2797 1.161846959664701
2798 1.161857107392194
2799 1.161863492330355
2800 1.161869345390044
2801 1.161873925467986
2802 1.161877739741829
2803 1.161883842816078
2804 1.16188957821065
2805 1.161896302562067
2806 1.161904800432328
2807 1.161914036210614
2808 1.161921619346476
2809 1.161929823020788
2810 1.161937110004045
2811 1.161944283862437
2812 1.161950522460478
2813 1.161958613171877
2814 1.16196468337525
2815 1.161971960375289
2816 1.161979817982481
2817 1.161987249829266
2818 1.161994612583162
2819 1.162000023798951
2820 1.162006092878437
2821 1.162012512388947
2822 1.162019978814634
2823 1.162027669925671
2824 1.162035442465833
2825 1.162042030077729
2826 1.16204808310365
2827 1.16205457003197
2828 1.162061010946595
2829 1.162067817784489
2830 1.16207504867491
2831 1.162082023286953
2832 1.162090784224139
2833 1.162099368778066
2834 1.162106408308228
2835 1.162112093139317
2836 1.162122130685587
2837 1.162127586615606
2838 1.162133638784531
2839 1.162138827691615
2840 1.162145098097183
2841 1.162152471835346
2842 1.16215967213266
2843 1.162166592639621
2844 1.162173467234449
2845 1.162180715985328
2846 1.162187916469073
2847 1.162194980372019
2848 1.162200770921819
2849 1.162207287135758
2850 1.162214014820029
2851 1.162218980965895
2852 1.162224569786363
2853 1.162230273167351
2854 1.162236438121534
2855 1.162249423564797
2856 1.162256806435655
2857 1.162263414900617
2858 1.162270318843287
2859 1.162277953656409
2860 1.162284274070313
2861 1.162290964701476
2862 1.162298094863253
2863 1.162305341302929
2864 1.162311630770879
2865 1.162317118096164
2866 1.162323078266008
2867 1.162327119295221
2868 1.162335226324582
2869 1.16234035909582
2870 1.162350298618684
2871 1.162357353963481
2872 1.162364947661377
2873 1.162373022623606
2874 1.162381379007729
2875 1.162390762590075
2876 1.162396323753176
2877 1.162400747109053
2878 1.162407472213431
2879 1.162412172456632
2880 1.162417866343732
2881 1.162424922369848
2882 1.162431655488124
2883 1.162438780353708
2884 1.162445616791177
2885 1.162449263351934
2886 1.162453875456068
2887 1.162459123202921
2888 1.162465707285425
2889 1.162473528562869
2890 1.162483626835058
2891 1.162490942210621
2892 1.162498237217592
2893 1.162504594941839
2894 1.162512429484345
2895 1.162519447618287
2896 1.162525763190217
2897 1.162532296582094
2898 1.162539342794665
2899 1.162545782201843
2900 1.162551892991668
2901 1.162558548799575
2902 1.162563084666921
2903 1.162569349535818
2904 1.162574486644992
2905 1.162579897359231
2906 1.162585988242131
2907 1.16259207500481
2908 1.162599101581097
2909 1.162605796456474
2910 1.162614322108038
2911 1.16262297850677
2912 1.16262977889468
2913 1.162635595252131
2914 1.1626425467349
2915 1.162650508194471
2916 1.16265607575749
2917 1.162663385288734
2918 1.16267061336191
2919 1.16267631683366
2920 1.162684781624661
2921 1.162692981999063
2922 1.162698874525333
2923 1.162704978276049
2924 1.162712918485391
2925 1.162719540757507
2926 1.162723865948844
2927 1.16272738920371
2928 1.162733235366299
2929 1.162737849273109
2930 1.162745010748579
2931 1.162754335286605
2932 1.162762302792174
2933 1.162770917934155
2934 1.162778925747686
2935 1.162785775225385
2936 1.162791584266693
2937 1.162797747802674
2938 1.16280521779342
2939 1.162812326037806
2940 1.162818763532939
2941 1.162822826173332
2942 1.162829379547969
2943 1.162836833164982
2944 1.162842213065685
2945 1.162847584269053
2946 1.162853988448435
2947 1.162861846342393
2948 1.162869256380861
2949 1.162877021045484
2950 1.162884323399605
2951 1.162891302126311
2952 1.162898803784827
2953 1.162904499409122
2954 1.162910055631149
2955 1.162916831080997
2956 1.162924323752343
2957 1.162931772528847
2958 1.162938508049219
2959 1.162945619809319
2960 1.162949916807405
2961 1.162955065559316
2962 1.162960763326948
2963 1.162969186383783
2964 1.162976503705063
2965 1.162984397316268
2966 1.162991349384236
2967 1.162997105008163
2968 1.163004007612212
2969 1.163009910931014
2970 1.163016514484347
2971 1.163022596552448
2972 1.163028237300388
2973 1.163034886842685
2974 1.163042371423154
2975 1.163049609030753
2976 1.163058961479137
2977 1.163066968236002
2978 1.163073356062468
2979 1.163077945906282
2980 1.163083568136996
2981 1.163090915319466
2982 1.163096474789788
2983 1.163104316659743
2984 1.163110883618338
2985 1.163117557838001
2986 1.163123593579115
2987 1.1631296005331
2988 1.163135766001718
2989 1.163140599227704
2990 1.163146853091444
2991 1.16315470958331
2992 1.163162218466467
2993 1.163169233860386
2994 1.163175958298013
2995 1.163183421486454
2996 1.163190361602929
2997 1.163197455468235
2998 1.16320535717525
2999 1.163212903339472
3000 1.163220247461734
