"lift-rfile"
"Iteration" "lift"
("Iteration" "lift")
1 2.116469341980641
2 3.214412860268339
3 4.015560169673867
4 4.475635763584476
5 4.75193062271468
6 4.824194207838332
7 4.706904687525407
8 4.481763589865262
9 4.225147456104437
10 3.985272247521693
11 3.784864826396619
12 3.620206610920791
13 3.522256334815944
14 3.412090559397324
15 3.298155337058594
16 3.181238993298059
17 3.02976640943645
18 2.893265572457545
19 2.755342845705155
20 2.619691476031191
21 2.488193300675555
22 2.354383809329616
23 2.22283856566152
24 2.093002813024296
25 1.964737458825548
26 1.836751232846313
27 1.709958996899785
28 1.584615854129012
29 1.459782766813073
30 1.336347204848788
31 1.215489996941391
32 1.097839203448132
33 0.9827799434972112
34 0.8700698259437857
35 0.7609822639609868
36 0.6556578144524129
37 0.554326694812821
38 0.4572794943850547
39 0.3642740375625561
40 0.2764131882130257
41 0.1925646763284285
42 0.1136291149008204
43 0.03973314117644986
44 -0.02904903775282795
45 -0.09299809537971231
46 -0.1524168840967014
47 -0.2074017247606251
48 -0.2582983125425591
49 -0.3031474583011422
50 -0.3460816002832844
51 -0.3852884508466898
52 -0.4202526025903172
53 -0.4520930146666827
54 -0.4810913358369199
55 -0.5071524595858206
56 -0.5293396108553971
57 -0.5497279317317131
58 -0.5665800749582826
59 -0.5803684733720531
60 -0.5915631700513889
61 -0.6001376687236445
62 -0.6057877674536282
63 -0.6073728938254733
64 -0.6073724336237197
65 -0.6043258909301082
66 -0.5980330768779141
67 -0.5867008078475553
68 -0.5744083027841833
69 -0.5589296482858775
70 -0.5398358572212343
71 -0.5179209812729843
72 -0.493057866377759
73 -0.4622910131247496
74 -0.4321803819477603
75 -0.399473477126503
76 -0.3641478026513947
77 -0.3263205874259501
78 -0.2863664602055324
79 -0.2442832684987269
80 -0.2002474785940118
81 -0.1544147568688139
82 -0.1069680929229085
83 -0.05814791079666749
84 -0.008077665860646668
85 0.04319400833004404
86 0.09530933734058424
87 0.1480772220432345
88 0.2013329495699401
89 0.2548652817206842
90 0.3084806180444122
91 0.3619834782503751
92 0.4152097537421353
93 0.4679758724683927
94 0.5200881760489163
95 0.5714635769270291
96 0.6222869038476018
97 0.6718526834230705
98 0.7199341309300452
99 0.7661267987989728
100 0.8106090158035526
101 0.8530892845827524
102 0.8927272193654299
103 0.9301981068238115
104 0.9652957823007574
105 0.9982878884818262
106 1.028707671254913
107 1.05612186454324
108 1.080789479310846
109 1.102637515285116
110 1.121619063572168
111 1.137706388566864
112 1.150727184536092
113 1.160804516381391
114 1.167793259538287
115 1.172048071832254
116 1.173601583020514
117 1.172717898143583
118 1.169169976730986
119 1.163020710324958
120 1.154307640698288
121 1.143145127352694
122 1.129618483771346
123 1.114220752913701
124 1.096682916658729
125 1.077175118517632
126 1.055835534138818
127 1.032911048707835
128 1.008447036128038
129 0.9789661697510625
130 0.9521341287183528
131 0.9242562609623333
132 0.8954665989785614
133 0.8659732591316807
134 0.8359251409461559
135 0.805484622421202
136 0.7747864145731146
137 0.7439204423788384
138 0.7130693861484128
139 0.6823527296324675
140 0.6518851080275764
141 0.6219050155040382
142 0.5923447478395169
143 0.5633027322755789
144 0.5344870604836076
145 0.506419540488988
146 0.4791729388037673
147 0.452807883123406
148 0.4273070001423565
149 0.4028196479258965
150 0.3794002056997428
151 0.357090860339497
152 0.3359354677804862
153 0.3159684635312627
154 0.2972237282321171
155 0.2797315541598217
156 0.2635195583284917
157 0.248612542896871
158 0.2350352816985382
159 0.222796217682469
160 0.211988115181628
161 0.202471478249607
162 0.1943333819435246
163 0.1875882693069174
164 0.1822445089400564
165 0.1783021025117038
166 0.1757483532744235
167 0.174604278852093
168 0.1748712317837314
169 0.1765432564639558
170 0.1796177882697755
171 0.1840806837245828
172 0.189917232686296
173 0.1971143856274161
174 0.2056516961157931
175 0.2155115152904349
176 0.2266418232189369
177 0.2390173001576463
178 0.2526011880461327
179 0.2673500514129072
180 0.2832195678734231
181 0.3001320776915877
182 0.3180555838374233
183 0.3369287849218011
184 0.3567004062909199
185 0.3772863570549422
186 0.3985784600433053
187 0.4206494203319035
188 0.4432655046850729
189 0.4663834484674589
190 0.4899184521288492
191 0.5137798547331223
192 0.5378715999123844
193 0.5621095271277867
194 0.586403425421438
195 0.6106388390941602
196 0.6347515272571203
197 0.6585947590638731
198 0.6821436051570379
199 0.7053034634944708
200 0.7280014136653819
201 0.750139498855798
202 0.7716995280452643
203 0.7925638832390735
204 0.8126498487946194
205 0.8318395263111281
206 0.8501160641498663
207 0.8674252888724575
208 0.8837077143454329
209 0.8989145870260894
210 0.9130049467695648
211 0.9259319238337145
212 0.9376412651692485
213 0.9481209967317397
214 0.9573410410411364
215 0.9652696935074021
216 0.9719000222009528
217 0.9772222135202509
218 0.9812282978445843
219 0.9839217714799913
220 0.9853049432724437
221 0.985390703557827
222 0.9841864732976036
223 0.9817137109645665
224 0.9779951399618346
225 0.9730515273206997
226 0.9669233686823316
227 0.9596529215128233
228 0.9512817958252997
229 0.9418576474922483
230 0.931435608817321
231 0.9200738201237959
232 0.9078288750127778
233 0.8947641153943368
234 0.8809451795232787
235 0.8664422820281039
236 0.8513281345389622
237 0.8356738200225287
238 0.8195553419810713
239 0.8030509626780827
240 0.7862341453210369
241 0.7691855393216839
242 0.7519829212377081
243 0.734709217507871
244 0.7174438486496517
245 0.7002653591593867
246 0.6832492962625825
247 0.6664714315650501
248 0.6500019276824732
249 0.6339125211098037
250 0.6182773386323645
251 0.6031521381379099
252 0.5885972327513531
253 0.5746693387147547
254 0.5614192167193149
255 0.5488974934007725
256 0.5371439386009225
257 0.5261994118921978
258 0.5160964942438467
259 0.5068628952204568
260 0.4985236183747483
261 0.4910966341224988
262 0.4845957834993549
263 0.4790287020204874
264 0.474402287820498
265 0.4707157828670278
266 0.4679665034300318
267 0.4661464654682332
268 0.4652469745804775
269 0.4652548792693083
270 0.4661551716466243
271 0.4679260276533535
272 0.4705481896237816
273 0.4739970408303449
274 0.4782442596887402
275 0.4832649383410684
276 0.4890308000682193
277 0.4955102318124973
278 0.5026693614059207
279 0.5104780633627416
280 0.5189015130546393
281 0.5279027471527105
282 0.5374460502654302
283 0.5474949635593289
284 0.5580093830026356
285 0.5689498380148876
286 0.5802757617282408
287 0.5919568460490084
288 0.6039227559281517
289 0.6161444219172561
290 0.6285801906994577
291 0.6411841654999519
292 0.6539131074927156
293 0.6667204034869926
294 0.6795509840610563
295 0.6923853632158374
296 0.7051636537970968
297 0.7178445777906082
298 0.7303886675266016
299 0.7427486961328175
300 0.7548845041541088
301 0.7667569574784325
302 0.7783271676137706
303 0.7895601484088288
304 0.800418855132356
305 0.8108319707417355
306 0.8208158686434779
307 0.8303436729745718
308 0.8393893309760737
309 0.8479406486400214
310 0.8559643835362325
311 0.8634421394812047
312 0.8703599624973488
313 0.8766810043084009
314 0.8824150512875894
315 0.8875555015080501
316 0.8920941093356121
317 0.896027286579215
318 0.8993504284265612
319 0.9020704771802709
320 0.9041803676807086
321 0.9056816173076343
322 0.9065772234860966
323 0.9068747708526832
324 0.906581928203959
325 0.9057090751054471
326 0.9042629348295667
327 0.9022603696163217
328 0.8997186245032908
329 0.8966487776903694
330 0.8930686306393049
331 0.888997283662391
332 0.8844573420745775
333 0.879469480174027
334 0.874058397436201
335 0.8682493614369077
336 0.8620696016362939
337 0.8555461522397747
338 0.8487087025081556
339 0.8415866312204656
340 0.8342103608338157
341 0.8266287918230576
342 0.8188553330603579
343 0.8109277390764781
344 0.8028663474486047
345 0.7947113582262894
346 0.7864966740016497
347 0.7782574774237937
348 0.7700230785740623
349 0.7618366918883912
350 0.7537239820430323
351 0.7457182733547317
352 0.7378514715778181
353 0.7301598086278419
354 0.7226647840021673
355 0.7154025596805933
356 0.7084011829133653
357 0.7016886640453277
358 0.6952858653517259
359 0.6892228680162271
360 0.6835244012453328
361 0.6782101016570135
362 0.67329948905354
363 0.6688118668499166
364 0.6647645418041097
365 0.6611726213284994
366 0.6580486806587608
367 0.655406238147436
368 0.6532507230696534
369 0.6515912743947968
370 0.6504334696381077
371 0.6497804134577089
372 0.6496347053835573
373 0.6499911588526208
374 0.650849160707258
375 0.6522060481589265
376 0.6540519430411492
377 0.6563770197943358
378 0.6591713809623654
379 0.6624187240597743
380 0.6661076625021367
381 0.6702209434958966
382 0.6747369141982416
383 0.6796383373887177
384 0.6849030485108663
385 0.690511542988788
386 0.6964400579663634
387 0.7026636902556928
388 0.7091605685056512
389 0.7159012365848775
390 0.7228598071080169
391 0.730008235333835
392 0.7373210084598011
393 0.7447676186540952
394 0.752318521872229
395 0.7599456720957624
396 0.7676224696420102
397 0.7753177290329125
398 0.78299577867398
399 0.790636112950831
400 0.7982128526024999
401 0.805698231670121
402 0.8130647884304881
403 0.820288273435502
404 0.8273431584586748
405 0.8342068063876531
406 0.8408569535486551
407 0.8472706811074269
408 0.8534249048814701
409 0.8593041216161598
410 0.8648897563461117
411 0.8701670999159507
412 0.8751202480659526
413 0.8797356411214979
414 0.8840046404281655
415 0.8879114831500615
416 0.8914536036097691
417 0.8946220715853777
418 0.897413324838924
419 0.8998199732348196
420 0.9018441515990975
421 0.9034847804219526
422 0.9047442547555464
423 0.905627015925295
424 0.9061359147840058
425 0.9062779921223363
426 0.9060583897940254
427 0.905486189928684
428 0.9045736095872171
429 0.9033303642624699
430 0.9017672281788349
431 0.8999014808040642
432 0.8977477277007351
433 0.8953224488597766
434 0.8926396668049205
435 0.8897154095425485
436 0.8865694945712157
437 0.8832098387048263
438 0.879666237216704
439 0.8759582222113478
440 0.872105535355503
441 0.8681258408717463
442 0.8640413003482302
443 0.8598733972708553
444 0.8556406447388785
445 0.851364885589091
446 0.8470646228507395
447 0.8427602899191206
448 0.8384706880373614
449 0.8342140513330146
450 0.8300100736155662
451 0.8258789631994253
452 0.8218378759274527
453 0.8179018885546964
454 0.8140896388175136
455 0.8104108879150461
456 0.806885544617626
457 0.8035275761051581
458 0.8003529865269924
459 0.7973691999988561
460 0.7945886633297941
461 0.792027836521615
462 0.7896880758142437
463 0.7875773058167912
464 0.7857026213604794
465 0.7840709197343658
466 0.7826848670752403
467 0.7815506919412298
468 0.7806707661173113
469 0.7800464075704541
470 0.779678490454396
471 0.7795661578736445
472 0.77970732390345
473 0.7801019628476617
474 0.780745045129065
475 0.7816329291554394
476 0.7827594444085466
477 0.784120270870818
478 0.7857125724900895
479 0.7875243285522456
480 0.7895462910408917
481 0.7917707309879913
482 0.7941869944626643
483 0.7967851750158328
484 0.7995554719813703
485 0.8024848827695489
486 0.8055625018474817
487 0.8087763822274461
488 0.8121137022934946
489 0.8155618454716045
490 0.8191110724822489
491 0.822747370456687
492 0.8264564864236197
493 0.8302261545953212
494 0.8340456658340014
495 0.8378996460269526
496 0.8417756395644359
497 0.845661946577095
498 0.8495459426990817
499 0.8534161636481352
500 0.8572607346380411
501 0.8610675679918243
502 0.8648271927815093
503 0.8685264804350614
504 0.8721541075015052
505 0.875703882994038
506 0.8791653195147191
507 0.8825326631301043
508 0.8857950991532737
509 0.8889432057450154
510 0.8919710540304329
511 0.8948697798515951
512 0.8976357234202065
513 0.9002611801086254
514 0.902742424089781
515 0.9050721760559051
516 0.9072491553971885
517 0.9092683447927126
518 0.9111271364132506
519 0.9128246800637058
520 0.914358023776639
521 0.9157257642986288
522 0.9169279466525823
523 0.9179653979331124
524 0.9188384159381995
525 0.9195484476832644
526 0.9200930107987076
527 0.9204801193617824
528 0.9207120332343012
529 0.920792114472882
530 0.9207242648480079
531 0.9205135951198746
532 0.9201640142126679
533 0.9196821795606223
534 0.9190718855215445
535 0.9183380510934125
536 0.9174876208908266
537 0.9165287605479565
538 0.9154664394711003
539 0.9143083132381167
540 0.9130595004595857
541 0.9117293109052225
542 0.9103262006520444
543 0.9088633512541136
544 0.9073407912258221
545 0.9057677859826926
546 0.9041528772686032
547 0.9025033600741615
548 0.9008290994361684
549 0.8991372366289735
550 0.8974341452403338
551 0.8957284862389128
552 0.8940289310151138
553 0.8923416428639061
554 0.8906776474821556
555 0.8890413781329248
556 0.8874394783452482
557 0.8858809826447065
558 0.8843714782716852
559 0.8829181779652467
560 0.8815280657721369
561 0.8802065725735345
562 0.8789610336422161
563 0.8777949795513413
564 0.8767149008335599
565 0.8757269509354825
566 0.8748327015535313
567 0.874039036915169
568 0.8733487127053807
569 0.8727662789325212
570 0.8722944677064357
571 0.8719360198472064
572 0.8716925290836858
573 0.8715669043501986
574 0.8715594090515104
575 0.8716708167484434
576 0.8719019895136834
577 0.8722531482782632
578 0.8727227982822363
579 0.8733112115727307
580 0.8740163229271756
581 0.8748356934750063
582 0.8757687586878762
583 0.8768113385554965
584 0.8779606375122478
585 0.8792124511280608
586 0.8805627148670403
587 0.8820083269553064
588 0.8835454068796967
589 0.8851684127950787
590 0.886871168316333
591 0.8886480611211691
592 0.8904942399100824
593 0.8924035113523747
594 0.8943684001986139
595 0.8963843514812255
596 0.8984451372672356
597 0.9005431012870225
598 0.9026710248827863
599 0.9048229249305875
600 0.9069912927568556
601 0.9091687443380331
602 0.9113491466530191
603 0.9135290106544499
604 0.9156983052001645
605 0.9178498389435363
606 0.9199768837370477
607 0.9220739777940032
608 0.9241352949661601
609 0.9261544192042684
610 0.9281255032959352
611 0.9300433243798406
612 0.9319034230179027
613 0.9336998233385953
614 0.9354292343339146
615 0.9370864745372893
616 0.938669532542172
617 0.9401746166316084
618 0.9415989443109221
619 0.9429387988950053
620 0.9441946616415463
621 0.9453627782085169
622 0.94644126905643
623 0.9474296734303914
624 0.9483261499478156
625 0.9491312623372532
626 0.9498450008878353
627 0.9504664778412011
628 0.9509949325078222
629 0.9514329459493057
630 0.9517789095762875
631 0.9520361654531858
632 0.9522051992068806
633 0.9522880429944992
634 0.9522873036520058
635 0.952203744965343
636 0.952041194148308
637 0.9518036692999968
638 0.9514931703042677
639 0.9511130293795012
640 0.9506675471078513
641 0.950159165199633
642 0.949593231045756
643 0.9489739338360017
644 0.9483061812186554
645 0.9475957385556785
646 0.9468453363236743
647 0.9460619742980727
648 0.9452517201368902
649 0.9444198179477841
650 0.9435711886966995
651 0.9427112121304592
652 0.941843864902942
653 0.9409749462987547
654 0.9401108624427773
655 0.9392554197301681
656 0.9384145558532876
657 0.9375916636458951
658 0.9367912828851173
659 0.9360163112276174
660 0.9352712374493443
661 0.9345595485325716
662 0.9338854289712167
663 0.9332510188105508
664 0.9326580453659126
665 0.932110626938234
666 0.9316088565443363
667 0.9311556944310186
668 0.9307538540851501
669 0.9304042723135841
670 0.9301083299822899
671 0.9298658235842674
672 0.9296790686909608
673 0.9295503315486395
674 0.9294785708047838
675 0.9294656444143563
676 0.9295113532026587
677 0.9296159792706191
678 0.9297796322755966
679 0.930002113788494
680 0.9302841625816352
681 0.9306253216720831
682 0.9310251575100382
683 0.9314833064603896
684 0.9319996861900807
685 0.9325729703646433
686 0.933202722793728
687 0.9338868934552811
688 0.9346235842443594
689 0.9354120096968388
690 0.9362483423097779
691 0.9371330655367227
692 0.9380639371009663
693 0.93903824271411
694 0.940053219933677
695 0.9411033108758019
696 0.9421877167224096
697 0.9433039059582423
698 0.9444486471186638
699 0.9456188182694082
700 0.9468107741535392
701 0.948020603915914
702 0.9492450100361534
703 0.9504796573607129
704 0.9517212631175347
705 0.9529683097318673
706 0.9542156398664546
707 0.9554579444008184
708 0.9566933394121384
709 0.9579195553595548
710 0.9591316183370923
711 0.960326253011289
712 0.9615009678715074
713 0.9626525303593714
714 0.9637786976442858
715 0.964876088779896
716 0.965941643756514
717 0.966974587898996
718 0.9679714207281706
719 0.9689304745675834
720 0.969847873781381
721 0.9707241681189192
722 0.9715567801934416
723 0.9723459717939752
724 0.9730881625901683
725 0.9737840463404459
726 0.9744327840507771
727 0.9750334669047015
728 0.9755853355565348
729 0.9760882467961594
730 0.9765414769308912
731 0.9769459069472828
732 0.9773009962443254
733 0.9776076774292049
734 0.9778635946611494
735 0.9780700821308204
736 0.9782293458211167
737 0.978342136594417
738 0.9784079433226859
739 0.9784285930193892
740 0.978403864290324
741 0.9783363331478421
742 0.9782273563576619
743 0.9780789894772485
744 0.977891206454505
745 0.9776674478598963
746 0.9774094139525633
747 0.9771195864952184
748 0.9768002377416232
749 0.9764530645866524
750 0.9760811314597052
751 0.9756871939777053
752 0.9752728502391544
753 0.974841698717597
754 0.9743963409999086
755 0.9739407609701292
756 0.9734746965135268
757 0.9730034825797558
758 0.9725306542342261
759 0.9720582930181222
760 0.9715900334537785
761 0.9711275515673123
762 0.9706727787084281
763 0.9702305597015374
764 0.9698027306092337
765 0.9693905968615147
766 0.9689974898564578
767 0.9686251753846908
768 0.9682773029552411
769 0.9679544277049585
770 0.9676588470112931
771 0.9673918700032734
772 0.967155482741396
773 0.9669516431847028
774 0.9667808144154314
775 0.966645493785277
776 0.9665447423624124
777 0.9664812604989157
778 0.9664550364627137
779 0.9664680877990923
780 0.9665194719349317
781 0.9666100342247845
782 0.9667404533572628
783 0.9669094179839823
784 0.9671178547555959
785 0.9673657255298253
786 0.9676510853227759
787 0.9679745754830226
788 0.9683354564791583
789 0.9687348028961809
790 0.9691697891133061
791 0.9697047246845429
792 0.9702035066587899
793 0.970734877994675
794 0.9712966087484055
795 0.9718880941352848
796 0.9725821330716709
797 0.9732192750542608
798 0.9738799873065945
799 0.9746401977018204
800 0.9753352659558177
801 0.9760486875156601
802 0.9767763845795895
803 0.9775170666884024
804 0.9782695121708862
805 0.9790300490024222
806 0.9797973372194806
807 0.9805690850547424
808 0.9813415349552491
809 0.9821132759215326
810 0.9828811896334027
811 0.9836442888890382
812 0.9844002837694759
813 0.9851463873844041
814 0.985881865606031
815 0.9866040888953892
816 0.9873095271556504
817 0.9879966533623829
818 0.9886644377721009
819 0.9893117309561517
820 0.9899374158691796
821 0.9905402167618204
822 0.9911855177982341
823 0.9917310775793091
824 0.9922493118369909
825 0.992741942989143
826 0.9932052489059857
827 0.9936401542498321
828 0.9940465504825086
829 0.9944674364427069
830 0.9948112834235054
831 0.995126226170403
832 0.9954111291056904
833 0.9956982775566936
834 0.9959209388226167
835 0.9961143610178422
836 0.9963033673119458
837 0.9964382278160455
838 0.9965449944807967
839 0.9966251611205609
840 0.9966926533411079
841 0.9967190961978899
842 0.9967205781542012
843 0.9966978937155295
844 0.9966528369783707
845 0.9965882701504434
846 0.9964988977272418
847 0.9963901963216265
848 0.9962647483878085
849 0.9961226183517313
850 0.9959660927458931
851 0.995796107649865
852 0.9956152872809522
853 0.9954227239987854
854 0.9952208679613787
855 0.9950119214679758
856 0.9947975233002909
857 0.9945785127703547
858 0.9943572216601593
859 0.9941332500290518
860 0.9939096036185497
861 0.9936863461448675
862 0.9934669573874839
863 0.9932513305153806
864 0.9930411917072566
865 0.9928373811796201
866 0.9926421846597823
867 0.9924553969511214
868 0.9922788450162907
869 0.9921136194106396
870 0.9919613240640457
871 0.9918226875417984
872 0.9916951127538197
873 0.9915823441313755
874 0.9914857755444357
875 0.99140668859321
876 0.991345975181183
877 0.99130421245
878 0.991282135490811
879 0.9912798669557125
880 0.9913147921057082
881 0.991353127082677
882 0.9914139507655224
883 0.9914964448781208
884 0.9916235681021804
885 0.9917476732000272
886 0.991920469210302
887 0.9920873770821387
888 0.9923041147131924
889 0.992540663087647
890 0.9927660501374802
891 0.9930456568031832
892 0.9933420912800186
893 0.9936554869660285
894 0.9939853994200546
895 0.9942966039747517
896 0.9946601622854127
897 0.9949988317443073
898 0.9953921971547601
899 0.9957945731007013
900 0.9961670880384406
901 0.9965928325298995
902 0.9970229366704384
903 0.9974570650593069
904 0.9978552112363313
905 0.9983013231437126
906 0.9987469727457711
907 0.9991919126075965
908 0.9996354249783876
909 1.000038865700561
910 1.000481914529055
911 1.000881748071455
912 1.001320480769015
913 1.001752073658152
914 1.002176947544258
915 1.002595019010582
916 1.002970457953056
917 1.003377976689628
918 1.003740290104566
919 1.004096248896229
920 1.004482574077049
921 1.004856945139795
922 1.00521901606116
923 1.005536808151753
924 1.005879205959786
925 1.00617602984541
926 1.006495593421734
927 1.006800854374431
928 1.007090594545619
929 1.007364730008056
930 1.007623537207369
931 1.007865484629977
932 1.008091049608815
933 1.008300648389158
934 1.008493940516567
935 1.008670963311553
936 1.008831834427794
937 1.008976877351904
938 1.009106190586667
939 1.009220367896114
940 1.009317462566866
941 1.009399167959718
942 1.009466702727469
943 1.009520015332136
944 1.009559866641549
945 1.009587706254212
946 1.009602709413504
947 1.009606009766005
948 1.009597884259509
949 1.009578741642672
950 1.009548992663178
951 1.009508211448846
952 1.009459008265073
953 1.009401821840441
954 1.009337736039117
955 1.009268228474383
956 1.009192949248081
957 1.009111836970984
958 1.009026776319351
959 1.008938753735663
960 1.008849695691128
961 1.008758978628152
962 1.008669041565347
963 1.008580164876213
964 1.008493690684845
965 1.008410711467754
966 1.008331554991391
967 1.008257145271311
968 1.008187035333796
969 1.008123239344809
970 1.008066401189742
971 1.008016915822121
972 1.007975144738337
973 1.007942943951074
974 1.007918788798926
975 1.007903884704713
976 1.007899577977938
977 1.007904604806558
978 1.007919392155791
979 1.007944597062912
980 1.007979816207141
981 1.008025733424297
982 1.008082123092411
983 1.00814787320785
984 1.008223924642313
985 1.008311108303151
986 1.008407265982902
987 1.008514393123559
988 1.008631852852717
989 1.008758524102649
990 1.008896101875134
991 1.009041937160446
992 1.009197537835048
993 1.009362115202885
994 1.009535734117521
995 1.009717701378888
996 1.009907901610197
997 1.010105483997913
998 1.010311184640488
999 1.010523939163381
1000 1.010743312837743
1001 1.010969457428866
1002 1.011201200763819
1003 1.011438060870978
1004 1.011679614666607
1005 1.011925382956499
1006 1.012175024126723
1007 1.012428190196301
1008 1.012683663036123
1009 1.012942199611023
1010 1.013201638404464
1011 1.013459966494433
1012 1.013718606888137
1013 1.01397652230552
1014 1.014234262122402
1015 1.014490521952314
1016 1.014745939106523
1017 1.014997282369472
1018 1.015246338884589
1019 1.01549316788043
1020 1.015736170253361
1021 1.015953461750979
1022 1.016190323908973
1023 1.016421077604075
1024 1.016625018765538
1025 1.016846535869725
1026 1.017039876854626
1027 1.017250071799312
1028 1.017452270747038
1029 1.017645788544798
1030 1.017812839751489
1031 1.017992974961041
1032 1.01816356655151
1033 1.018324287061967
1034 1.018475495927487
1035 1.018617123135389
1036 1.018748517231747
1037 1.018871474629289
1038 1.018984784340007
1039 1.019088784598275
1040 1.019182335108444
1041 1.019267104880913
1042 1.019344047261285
1043 1.019413423297414
1044 1.019474527792526
1045 1.019527184215308
1046 1.019573145071181
1047 1.019613409269056
1048 1.019648831177229
1049 1.019678684347116
1050 1.019703359009312
1051 1.019723140019372
1052 1.019739030055938
1053 1.019749155206296
1054 1.019755984465134
1055 1.019759477423861
1056 1.019760675847866
1057 1.019759944319089
1058 1.019757122672523
1059 1.019752129036045
1060 1.019745850966693
1061 1.019739075146932
1062 1.019731191654395
1063 1.019722532729012
1064 1.019713455000505
1065 1.019705679905036
1066 1.019698844043161
1067 1.019692595923275
1068 1.019688643733224
1069 1.019686460048956
1070 1.01968551236873
1071 1.019686764825558
1072 1.019691090003185
1073 1.019697407959623
1074 1.01970761709827
1075 1.019722622671833
1076 1.019741609947628
1077 1.019765266685903
1078 1.01979443261439
1079 1.019829182025262
1080 1.019869264302435
1081 1.019914070404101
1082 1.019956409357648
1083 1.020012847540221
1084 1.020075373494266
1085 1.020143200867026
1086 1.02021556183352
1087 1.020293707468643
1088 1.020366534267252
1089 1.020454535432506
1090 1.020548216319023
1091 1.020635153428051
1092 1.020738152154669
1093 1.020834023335047
1094 1.020947571968091
1095 1.021052081189553
1096 1.02117562031775
1097 1.021288847305532
1098 1.021419950228838
1099 1.02154043944904
1100 1.021677816365356
1101 1.021804814946375
1102 1.021935824754099
1103 1.022082658530282
1104 1.022218329654107
1105 1.022357767156376
1106 1.022516361380474
1107 1.022661952280441
1108 1.022811601985106
1109 1.022963754171969
1110 1.023134776821551
1111 1.02328988704427
1112 1.023446746359864
1113 1.023622720476749
1114 1.023783274967524
1115 1.023944258276877
1116 1.024105900288115
1117 1.02428599369103
1118 1.024447242165764
1119 1.024609190560408
1120 1.024771449546176
1121 1.024933890193442
1122 1.02509333430945
1123 1.025252112936881
1124 1.025427715208501
1125 1.025582168503572
1126 1.025733707337589
1127 1.02588102642499
1128 1.026025118924031
1129 1.026182438942274
1130 1.026318338812451
1131 1.026451320121261
1132 1.0265952497859
1133 1.026719254147666
1134 1.026851788973292
1135 1.026966575770425
1136 1.027076235166376
1137 1.027191999259298
1138 1.027291124166319
1139 1.027395093076574
1140 1.027483112810934
1141 1.027576679365988
1142 1.027656274482764
1143 1.027741364228793
1144 1.027812813347502
1145 1.027887997074252
1146 1.027951698888474
1147 1.028019199590529
1148 1.028075236412303
1149 1.028134867871776
1150 1.028183936016626
1151 1.028236203576038
1152 1.028278469836586
1153 1.028324400883144
1154 1.028360628300695
1155 1.02839906052529
1156 1.028435914916151
1157 1.028468123422587
1158 1.028493073905031
1159 1.028521742956063
1160 1.028548122079039
1161 1.028572454947427
1162 1.028594683361252
1163 1.02861537677214
1164 1.028635441770218
1165 1.028653564484444
1166 1.028671011374819
1167 1.02868905248705
1168 1.028702761295849
1169 1.028720470611164
1170 1.0287393956164
1171 1.028756680527083
1172 1.028779500100657
1173 1.028803517059036
1174 1.028826262936095
1175 1.028855797319978
1176 1.028886674401869
1177 1.028915200657765
1178 1.028951547368962
1179 1.028987055267059
1180 1.029030826179268
1181 1.029071674095436
1182 1.029122206428841
1183 1.029169119804944
1184 1.029224576303316
1185 1.029275735036608
1186 1.029338408050936
1187 1.029395688670973
1188 1.029462565490143
1189 1.029523955781064
1190 1.029597002359083
1191 1.029663433402804
1192 1.029732373699229
1193 1.029803970003205
1194 1.029886927980124
1195 1.029961463941534
1196 1.030038908205166
1197 1.030116946391686
1198 1.030197124945242
1199 1.030279421180747
1200 1.030372632714406
1201 1.030458679591711
1202 1.030555250930405
1203 1.030643945488628
1204 1.030734382312053
1205 1.030834509097016
1206 1.030927277727793
1207 1.031022279975349
1208 1.031128162841522
1209 1.031225646668393
1210 1.03132475419855
1211 1.031426641418588
1212 1.031530647352019
1213 1.031635599671591
1214 1.031741670398687
1215 1.031849801102401
1216 1.031958756877397
1217 1.032069053777647
1218 1.032179689641194
1219 1.032303884702327
1220 1.032415738728521
1221 1.032528543958831
1222 1.032641720720729
1223 1.03275469617382
1224 1.03286812864376
1225 1.032980223304754
1226 1.033102634000808
1227 1.033211703163915
1228 1.033319616823809
1229 1.033437377914365
1230 1.033540570932855
1231 1.033640847740796
1232 1.033739500504663
1233 1.033845835628291
1234 1.033938870168483
1235 1.034030569399319
1236 1.034120568040495
1237 1.034216076606126
1238 1.034299912734361
1239 1.034381644669964
1240 1.034459779170927
1241 1.034542071178821
1242 1.034614685156165
1243 1.034685055151916
1244 1.034758967350403
1245 1.034823599139318
1246 1.034892782789889
1247 1.034952608665064
1248 1.035017618251549
1249 1.035072366758048
1250 1.035130483516977
1251 1.035186293237877
1252 1.035235643565414
1253 1.035287986389277
1254 1.035334508546759
1255 1.035384431262825
1256 1.035431782623075
1257 1.035473538581441
1258 1.03551735896578
1259 1.035559970373785
1260 1.035597050886749
1261 1.035636643040752
1262 1.035675645245219
1263 1.035713882267649
1264 1.035751632260586
1265 1.035788108828559
1266 1.035824186131932
1267 1.035859102864583
1268 1.035893920350842
1269 1.035929167766504
1270 1.035964370276541
1271 1.035998896848625
1272 1.036033692195282
1273 1.036068633902281
1274 1.036103340439656
1275 1.03613849763209
1276 1.036174231945072
1277 1.036211124552947
1278 1.036246571646974
1279 1.03628128237419
1280 1.036316985183277
1281 1.03635396972493
1282 1.036392526234908
1283 1.03643087835919
1284 1.036469482440873
1285 1.036508675373437
1286 1.036548238678375
1287 1.036587655613543
1288 1.03662832549683
1289 1.03667054497621
1290 1.036712895075228
1291 1.03675682618141
1292 1.036802198097266
1293 1.036847234860286
1294 1.036894730909069
1295 1.036942679532383
1296 1.036990833532833
1297 1.037040633437182
1298 1.037092522530384
1299 1.037146941956168
1300 1.037204006021596
1301 1.03726290993433
1302 1.037322580055344
1303 1.037383260418237
1304 1.037445754905605
1305 1.037510163717254
1306 1.037575312710493
1307 1.037642636898408
1308 1.037711316132447
1309 1.037779732715799
1310 1.037849490792052
1311 1.03791947792381
1312 1.037990985524804
1313 1.038064740484698
1314 1.038138419070867
1315 1.038212341044069
1316 1.03828712764037
1317 1.038363123063782
1318 1.038439518121059
1319 1.038515935842787
1320 1.038592598379076
1321 1.038669503318412
1322 1.038745867567822
1323 1.038823289176659
1324 1.038899338593818
1325 1.038975288703324
1326 1.039050211642899
1327 1.039125492632008
1328 1.039199975665575
1329 1.039275095973096
1330 1.039349731188925
1331 1.039424217495382
1332 1.039499120290417
1333 1.039572250248556
1334 1.039644551362737
1335 1.039715914594523
1336 1.039786822489549
1337 1.039856604851932
1338 1.039924491999101
1339 1.039992020972991
1340 1.040058080340861
1341 1.040122998525748
1342 1.040186603909022
1343 1.040249163008383
1344 1.040310799716244
1345 1.040370566738604
1346 1.040429147987975
1347 1.040486785775078
1348 1.040542861871999
1349 1.040597058483505
1350 1.040649429225548
1351 1.04070039560028
1352 1.04074923768676
1353 1.04079654081539
1354 1.04084285167861
1355 1.040887298871939
1356 1.04092877779373
1357 1.040969158148206
1358 1.041008899134218
1359 1.041047129516219
1360 1.041083977387229
1361 1.041119514509837
1362 1.041153831634367
1363 1.041187274822647
1364 1.041218738211747
1365 1.04124972363861
1366 1.041279645058507
1367 1.041309286747239
1368 1.04133830065914
1369 1.041367517239028
1370 1.041395141998763
1371 1.041422565207354
1372 1.041449864012741
1373 1.041477360389493
1374 1.041504644887515
1375 1.041532067968108
1376 1.041559409650026
1377 1.041587451851641
1378 1.041615489461623
1379 1.041644098214408
1380 1.041673257400121
1381 1.041702527345268
1382 1.041732649735083
1383 1.041762858330982
1384 1.041793625296702
1385 1.041823274887232
1386 1.041853763249619
1387 1.041885325140947
1388 1.041917804859319
1389 1.041951962517735
1390 1.041986512086832
1391 1.042022127783505
1392 1.042058445755392
1393 1.042095536362824
1394 1.042132957914041
1395 1.042171200020532
1396 1.042210308466467
1397 1.042249810337986
1398 1.042289963145714
1399 1.042332167384067
1400 1.042373203051056
1401 1.042415468652829
1402 1.042458928555199
1403 1.042503660558521
1404 1.042548652691487
1405 1.042594607188347
1406 1.042640889867295
1407 1.042687577803747
1408 1.042735561177411
1409 1.042782891722274
1410 1.04283042292048
1411 1.04287812696408
1412 1.04292728588454
1413 1.042975879038611
1414 1.043025712361413
1415 1.043074118318951
1416 1.043123074438294
1417 1.043171591207626
1418 1.04322087066673
1419 1.043270557324035
1420 1.043320086679165
1421 1.04336979843185
1422 1.043420189694318
1423 1.04347044597884
1424 1.043520390203877
1425 1.043570824369946
1426 1.043621976770953
1427 1.043672713830596
1428 1.043723590271325
1429 1.043774991773592
1430 1.043824911347463
1431 1.043875791213248
1432 1.043926782742701
1433 1.043978091261621
1434 1.044029084001861
1435 1.044080940029381
1436 1.0441326248308
1437 1.044184372127439
1438 1.044236157717894
1439 1.044287059978788
1440 1.04433806398892
1441 1.044388802662519
1442 1.044439832391846
1443 1.044490387413277
1444 1.044539208231662
1445 1.044586859238386
1446 1.044635362056845
1447 1.044681751901722
1448 1.044727540349478
1449 1.044772576663422
1450 1.044816677524638
1451 1.04485968290273
1452 1.044902333380562
1453 1.044943803902581
1454 1.044983216014164
1455 1.045022067370783
1456 1.045059153529303
1457 1.045095008604427
1458 1.045129271657176
1459 1.045161896706309
1460 1.045192563837946
1461 1.045223012450025
1462 1.045251224256524
1463 1.045278650639052
1464 1.0453049135363
1465 1.045330669492208
1466 1.045354824414799
1467 1.045378584228116
1468 1.045401303253588
1469 1.045423065821959
1470 1.045444904506817
1471 1.045465126296404
1472 1.045484734051193
1473 1.045504329563882
1474 1.04552326799062
1475 1.04554211143311
1476 1.045562059988098
1477 1.045580164110892
1478 1.04559950659001
1479 1.045620019812815
1480 1.045640946054429
1481 1.045662667346329
1482 1.045685310573707
1483 1.04570791674456
1484 1.04573182714432
1485 1.045756176594188
1486 1.045781489803261
1487 1.045807606789584
1488 1.04583510552593
1489 1.045863337915462
1490 1.045891410975872
1491 1.045921426086408
1492 1.045951493786769
1493 1.045982226244562
1494 1.046014145855634
1495 1.046046897843179
1496 1.046080642230867
1497 1.04611546898872
1498 1.046151245728885
1499 1.046186865306282
1500 1.046221392375767
1501 1.046256483144516
1502 1.046292152003166
1503 1.04632768675559
1504 1.046363947367416
1505 1.046398972936927
1506 1.046434400228872
1507 1.046470377018398
1508 1.046506224483101
1509 1.046542255005766
1510 1.046578421961485
1511 1.046614722411904
1512 1.04665171801013
1513 1.046687275951892
1514 1.046722431773671
1515 1.046757537469837
1516 1.046793350160439
1517 1.046828566335797
1518 1.04686445505375
1519 1.046900847549149
1520 1.04693580808349
1521 1.04697116013046
1522 1.047008268507261
1523 1.047044468568158
1524 1.047081300270764
1525 1.047116765911759
1526 1.047153111610546
1527 1.047189241258679
1528 1.047225799374006
1529 1.047261770310957
1530 1.047298107236245
1531 1.047334599232078
1532 1.047371261301503
1533 1.047405312027403
1534 1.047443235600084
1535 1.04747663070375
1536 1.047514127670697
1537 1.047551614684318
1538 1.047588245533471
1539 1.047624086031558
1540 1.047659634891444
1541 1.047695381857675
1542 1.047732134928368
1543 1.047766731131512
1544 1.047800927490112
1545 1.047834383726068
1546 1.047867834470297
1547 1.047900315907267
1548 1.04793254380285
1549 1.047965001007004
1550 1.047992868204276
1551 1.048021978838269
1552 1.048052093084914
1553 1.048080423857811
1554 1.048108035601578
1555 1.048135700537218
1556 1.0481628545738
1557 1.048187319708947
1558 1.048214218693793
1559 1.048240569223347
1560 1.048267184708213
1561 1.048293494509099
1562 1.048318941464421
1563 1.048343617655748
1564 1.048368883546227
1565 1.048392997281444
1566 1.048414598994394
1567 1.048440275131404
1568 1.048464994316991
1569 1.048487455041087
1570 1.048513804678369
1571 1.04853972607102
1572 1.048563911656151
1573 1.048591135580442
1574 1.048615040116988
1575 1.048641371434223
1576 1.048665754662235
1577 1.048693131669986
1578 1.048717310163704
1579 1.048744721882186
1580 1.04876732143869
1581 1.04879405389734
1582 1.048819238538255
1583 1.048845029036007
1584 1.048867602718012
1585 1.048893227220576
1586 1.048916712209618
1587 1.048943728114082
1588 1.048970890588288
1589 1.048996969602646
1590 1.049019692110188
1591 1.049045733101801
1592 1.049069063169281
1593 1.049095745482522
1594 1.049122396611608
1595 1.04914611255125
1596 1.049170197008057
1597 1.04919491200276
1598 1.049217365726558
1599 1.049240064394175
1600 1.049263179638441
1601 1.049286685505021
1602 1.049311535858611
1603 1.049335599001362
1604 1.0493595733012
1605 1.049383320793392
1606 1.049407560394745
1607 1.049431573228007
1608 1.049455960485934
1609 1.049482082219124
1610 1.04950788677724
1611 1.0495321147553
1612 1.049556390223989
1613 1.049584537153504
1614 1.049611339712424
1615 1.049639655677285
1616 1.049667967663402
1617 1.049697628271571
1618 1.049728955108504
1619 1.049760009821106
1620 1.049789030310515
1621 1.049821205877101
1622 1.049854528830905
1623 1.049883729848014
1624 1.049917044654237
1625 1.049948218612074
1626 1.049982687028859
1627 1.050013664531126
1628 1.050050288364727
1629 1.050081841452518
1630 1.050114227945013
1631 1.050149140931014
1632 1.050180240076227
1633 1.050213446002901
1634 1.05025016546538
1635 1.050282648081691
1636 1.050314682971985
1637 1.050347914490375
1638 1.050384843581216
1639 1.050416914421251
1640 1.050448861074893
1641 1.050484747813123
1642 1.050514707129895
1643 1.050549885118032
1644 1.050577840297735
1645 1.050605541711078
1646 1.050637758932355
1647 1.05066532498591
1648 1.050696331093755
1649 1.050726124847115
1650 1.050754156924141
1651 1.050780882597928
1652 1.050805938957577
1653 1.050830185960426
1654 1.050854339860778
1655 1.050876538530565
1656 1.050897403112487
1657 1.050917901999481
1658 1.050939196957275
1659 1.050960128578479
1660 1.050978883909953
1661 1.051000870569471
1662 1.051019421282713
1663 1.051041351593705
1664 1.051061910771242
1665 1.05108471007906
1666 1.051105609529849
1667 1.051128058002601
1668 1.051151966225633
1669 1.05117351883428
1670 1.051195993164687
1671 1.051218635434146
1672 1.051247630621038
1673 1.051273126450919
1674 1.051299158197306
1675 1.051328660866291
1676 1.051354415695557
1677 1.051379692280397
1678 1.051407140499601
1679 1.051434083960026
1680 1.051465064734414
1681 1.051490814975956
1682 1.051517589363807
1683 1.051544398693708
1684 1.051576175695506
1685 1.051601222363726
1686 1.051625861694588
1687 1.0516543087845
1688 1.051679512886227
1689 1.051707144452341
1690 1.051730267166587
1691 1.051756040756676
1692 1.051781204584307
1693 1.051805215219346
1694 1.051827415764993
1695 1.051851366334668
1696 1.05187245137155
1697 1.051895678583269
1698 1.051914859186507
1699 1.05193631261648
1700 1.051957986058975
1701 1.051981705836758
1702 1.052005481795723
1703 1.052026583465287
1704 1.052052227055052
1705 1.052078567500079
1706 1.052105144110846
1707 1.052132391548998
1708 1.052156590693818
1709 1.052184970362747
1710 1.052209032591805
1711 1.052235621568078
1712 1.052260575708031
1713 1.05228977338833
1714 1.052314142086472
1715 1.052342072596591
1716 1.052366763672181
1717 1.052395862681286
1718 1.05242184738092
1719 1.052448656963812
1720 1.052480584582042
1721 1.052508620283026
1722 1.052540563197775
1723 1.052566936606451
1724 1.052596346797246
1725 1.052622031690319
1726 1.052651181654832
1727 1.05267725012458
1728 1.052700988243375
1729 1.052725028755322
1730 1.052753990535529
1731 1.052779007157871
1732 1.05281009106878
1733 1.052835938770994
1734 1.052863319550125
1735 1.052894573159066
1736 1.052921133416137
1737 1.05294632241421
1738 1.052975400095695
1739 1.053001111049521
1740 1.053029555701046
1741 1.053054451145557
1742 1.053084767217825
1743 1.053115687132605
1744 1.053142006934603
1745 1.053171536460638
1746 1.053199999541252
1747 1.053228050291728
1748 1.053256388144421
1749 1.053283391671994
1750 1.053310306333836
1751 1.053336834136331
1752 1.053363154787591
1753 1.053389004080665
1754 1.053414512519429
1755 1.053439349052486
1756 1.053464428510878
1757 1.053490540890193
1758 1.053516834269008
1759 1.053541176454846
1760 1.053565977184799
1761 1.053592075175178
1762 1.05361728489574
1763 1.053642625095079
1764 1.053668295217154
1765 1.053694141240839
1766 1.053721563050497
1767 1.053747565916811
1768 1.05377572354752
1769 1.053800979980989
1770 1.053827784945325
1771 1.053854650627856
1772 1.053883829432777
1773 1.053912062045681
1774 1.053941599542576
1775 1.053970881855145
1776 1.053995900776537
1777 1.054025826424663
1778 1.054051777861281
1779 1.054079974728251
1780 1.054108990672982
1781 1.054137452014204
1782 1.054166061855444
1783 1.054189793829905
1784 1.054216526727658
1785 1.054242195437323
1786 1.054269269182705
1787 1.054293733169304
1788 1.054317450052059
1789 1.054336830147735
1790 1.054360725766726
1791 1.054384955610524
1792 1.054409188463595
1793 1.054433617024719
1794 1.054457996564605
1795 1.054480383720517
1796 1.054503672092807
1797 1.054528354980944
1798 1.054552891125222
1799 1.054577538414081
1800 1.054602635862438
1801 1.054628425955556
1802 1.05465097863774
1803 1.054677488611179
1804 1.054706037779722
1805 1.054729368542606
1806 1.054756227680072
1807 1.054783790749989
1808 1.054811920961733
1809 1.054838831770908
1810 1.05486787721805
1811 1.054896995699935
1812 1.054924936828315
1813 1.054951337425203
1814 1.054979273024046
1815 1.055006132701967
1816 1.055033380845496
1817 1.055060942827613
1818 1.055084678245687
1819 1.055110863688554
1820 1.055138538202984
1821 1.055163621035016
1822 1.055188984113174
1823 1.055214294222315
1824 1.055240985200934
1825 1.055265292397558
1826 1.055290490959889
1827 1.055315613952954
1828 1.05534077119792
1829 1.055365479264596
1830 1.055390749352428
1831 1.055416439157185
1832 1.055439012373504
1833 1.055463782668072
1834 1.055489741526766
1835 1.055514936483203
1836 1.055539601237881
1837 1.055564795775322
1838 1.055591615020057
1839 1.055617517004236
1840 1.055644642124211
1841 1.055670762884774
1842 1.055696150656172
1843 1.055719339211991
1844 1.055745857357816
1845 1.055769797937847
1846 1.055797705887751
1847 1.055823594659108
1848 1.05585057427117
1849 1.055872546883379
1850 1.055899962493625
1851 1.055928240380601
1852 1.055957672088564
1853 1.055987666008468
1854 1.056015136233276
1855 1.056038697970842
1856 1.056066479902735
1857 1.056094503937573
1858 1.056123085243629
1859 1.056150172362443
1860 1.056173849428248
1861 1.056202513334136
1862 1.056230173554688
1863 1.056258212770548
1864 1.056286529514604
1865 1.056312264230115
1866 1.056340227796252
1867 1.056364866718037
1868 1.056393998471108
1869 1.05642273744992
1870 1.056450242846167
1871 1.056477512750137
1872 1.056505528670082
1873 1.056533267824279
1874 1.05656085816799
1875 1.056589186073023
1876 1.056617027153169
1877 1.056641731974821
1878 1.056666373038411
1879 1.05669345886003
1880 1.056718991772041
1881 1.056743239663485
1882 1.056767311300022
1883 1.056792681906722
1884 1.056817211925725
1885 1.056842216829479
1886 1.056867532787435
1887 1.056891455665352
1888 1.056915132761061
1889 1.056938563907575
1890 1.0569643121253
1891 1.056987984997379
1892 1.057010898278658
1893 1.057034428690501
1894 1.057057850831987
1895 1.057081309150877
1896 1.057104826678352
1897 1.057128440763298
1898 1.057153568983929
1899 1.057177963780777
1900 1.057202826742101
1901 1.057229384542447
1902 1.057253093582452
1903 1.057276432962328
1904 1.057299080966802
1905 1.057324237786062
1906 1.057346565800442
1907 1.057367652617928
1908 1.05739037969497
1909 1.057414499654564
1910 1.05743852801702
1911 1.057462575583392
1912 1.057486039319658
1913 1.05751031532155
1914 1.057533414909142
1915 1.057556211048352
1916 1.057579578654212
1917 1.057603672555373
1918 1.057625885550843
1919 1.057649441416624
1920 1.05767357443639
1921 1.057698396380545
1922 1.057722348595517
1923 1.057745691801338
1924 1.057771155007334
1925 1.057796413589201
1926 1.0578211328829
1927 1.057846641382983
1928 1.057872404364678
1929 1.057898544489704
1930 1.057924606321522
1931 1.057950854048572
1932 1.057978575106983
1933 1.058005078061248
1934 1.058029828942066
1935 1.058055363418892
1936 1.058081955780327
1937 1.05810888406743
1938 1.058135788857754
1939 1.058162940599338
1940 1.058188543609632
1941 1.058215613598012
1942 1.058241041098572
1943 1.05826768055279
1944 1.058293739202306
1945 1.058318126023491
1946 1.058345368283408
1947 1.058371179497947
1948 1.058396754185735
1949 1.058422769713028
1950 1.05844817289954
1951 1.0584732580974
1952 1.05849973234042
1953 1.058522674856018
1954 1.058546140596442
1955 1.058568326090605
1956 1.058590677890912
1957 1.058614546627372
1958 1.058637020589544
1959 1.058660503085134
1960 1.058682911399008
1961 1.058705470557105
1962 1.058728110358384
1963 1.058750670426369
1964 1.058773029708888
1965 1.058793518356373
1966 1.058813929232221
1967 1.058834405395686
1968 1.058854380166817
1969 1.058873490731418
1970 1.058894255001906
1971 1.058915868092234
1972 1.058938043471101
1973 1.058959396538785
1974 1.058981613964518
1975 1.059004733061251
1976 1.059025580084233
1977 1.059046138835961
1978 1.059069360292775
1979 1.059090770380901
1980 1.05911061442603
1981 1.059131963550319
1982 1.0591560342189
1983 1.059177897125521
1984 1.059199708396506
1985 1.059222375080412
1986 1.05924528909786
1987 1.059268441037838
1988 1.059292273549964
1989 1.059315618048033
1990 1.059339089166183
1991 1.059362235834414
1992 1.059383100623886
1993 1.059405720661895
1994 1.059425882117409
1995 1.059447160810664
1996 1.059469298862494
1997 1.059491596761079
1998 1.059512584822429
1999 1.059534736074207
2000 1.05955742448297
2001 1.059580609320043
2002 1.059603734153322
2003 1.059626733595271
2004 1.059648996705947
2005 1.059672195724663
2006 1.059693943128692
2007 1.059717186634791
2008 1.05973895257043
2009 1.059760641150099
2010 1.059783110323013
2011 1.059804945267608
2012 1.059826323470972
2013 1.059847742777266
2014 1.059870086596888
2015 1.059892716017304
2016 1.059911960045439
2017 1.059926208796592
2018 1.059945270238981
2019 1.059966956051729
2020 1.059989558864615
2021 1.060011060366653
2022 1.060032269289913
2023 1.060053950275159
2024 1.060074815273961
2025 1.060093328390977
2026 1.060111910350565
2027 1.060129658452939
2028 1.06014717870102
2029 1.060166749597907
2030 1.060185154317715
2031 1.060203384378095
2032 1.060222496414937
2033 1.060237558891408
2034 1.060258055312208
2035 1.060275346183559
2036 1.060289760372926
2037 1.060310248015461
2038 1.060330974628434
2039 1.060347493167543
2040 1.06036572975963
2041 1.060384890455186
2042 1.060401092583947
2043 1.060423136221835
2044 1.060443430475169
2045 1.060463593350327
2046 1.060484564607723
2047 1.060504699786631
2048 1.060518289548971
2049 1.060537803250562
2050 1.060557064235343
2051 1.060576743312621
2052 1.060595968987135
2053 1.060615185274974
2054 1.060629485686444
2055 1.060645338800108
2056 1.060664539128591
2057 1.060681910660113
2058 1.060701032368824
2059 1.060716568781708
2060 1.060735568974449
2061 1.060756735124763
2062 1.060775370314388
2063 1.06079045037604
2064 1.060808001898819
2065 1.060826094829454
2066 1.060841430687445
2067 1.060861182276239
2068 1.060875854329836
2069 1.060896680971488
2070 1.06091282952029
2071 1.060928960213396
2072 1.060944798506628
2073 1.060965505724564
2074 1.060982696475677
2075 1.061001378328201
2076 1.061015410667535
2077 1.061033058510577
2078 1.061046317908688
2079 1.061060901078724
2080 1.061079440987417
2081 1.061093508643048
2082 1.061113938180445
2083 1.061129174002401
2084 1.061146394010275
2085 1.06116455253266
2086 1.061182957382401
2087 1.061204140321173
2088 1.061219177617472
2089 1.061237253595696
2090 1.061252359650533
2091 1.061271197700218
2092 1.061285643422716
2093 1.061299754534834
2094 1.061316286613385
2095 1.061333608434822
2096 1.061351001811324
2097 1.061369464461206
2098 1.061392343730538
2099 1.061409493687034
2100 1.06142865362458
2101 1.061443637347074
2102 1.061461246222093
2103 1.06147852482668
2104 1.061491320241698
2105 1.061504713504461
2106 1.061519707716139
2107 1.061536126150346
2108 1.061555526908947
2109 1.061571230189618
2110 1.061586956038369
2111 1.061601603199013
2112 1.061614667981224
2113 1.061628743537055
2114 1.061641199972563
2115 1.061660073340854
2116 1.061673530407095
2117 1.061686183920406
2118 1.061702091544103
2119 1.061714261619135
2120 1.061726605183817
2121 1.061741919296743
2122 1.061757079442188
2123 1.061768419835325
2124 1.061781335838663
2125 1.061793525508156
2126 1.061803476283603
2127 1.061817459063143
2128 1.061831518164231
2129 1.061845302062975
2130 1.061858241601136
2131 1.061871125686574
2132 1.061885055838692
2133 1.061896063408148
2134 1.061905422520354
2135 1.06191529662189
2136 1.061927067360733
2137 1.061938930430337
2138 1.061951284791376
2139 1.061964846547418
2140 1.061978471479455
2141 1.061989568860738
2142 1.062000870494644
2143 1.062012030692214
2144 1.06201996207083
2145 1.062032873085674
2146 1.062042103471955
2147 1.06205536932657
2148 1.062062478003587
2149 1.062072119686196
2150 1.062082299026416
2151 1.062089913257402
2152 1.06210075334835
2153 1.062107906497643
2154 1.062120256480145
2155 1.06212937310599
2156 1.062141735320179
2157 1.062150259826126
2158 1.06215712235039
2159 1.062166304641232
2160 1.062174483831634
2161 1.06218334145313
2162 1.062193408280788
2163 1.062203141813063
2164 1.062217828231701
2165 1.06223032760582
2166 1.062242358619452
2167 1.062251518664027
2168 1.062260879598954
2169 1.062271173367681
2170 1.062283481908828
2171 1.062299500806935
2172 1.062309508401447
2173 1.062320895131766
2174 1.062332341155081
2175 1.062349454111424
2176 1.062360988616968
2177 1.062377977565132
2178 1.062388636481842
2179 1.062404072233627
2180 1.062420003946685
2181 1.062434200192684
2182 1.062446771830826
2183 1.062455757087388
2184 1.06246269589122
2185 1.062474163640343
2186 1.062481962527367
2187 1.06249127756614
2188 1.062501810829013
2189 1.06251216384488
2190 1.062520293268106
2191 1.062527604358991
2192 1.06253648255536
2193 1.062547244013511
2194 1.062556843573358
2195 1.062564479912261
2196 1.062571000688963
2197 1.062577581576297
2198 1.06258382649047
2199 1.06259102313143
2200 1.062598296103864
2201 1.062603669474446
2202 1.062608838918155
2203 1.062614719666411
2204 1.062620752746885
2205 1.062627706584244
2206 1.062634984948849
2207 1.062641845049556
2208 1.062648046270991
2209 1.06265359909711
2210 1.062659778089012
2211 1.062665981662331
2212 1.062673353687053
2213 1.062681118312314
2214 1.062688407738551
2215 1.062696114849298
2216 1.062702441760508
2217 1.062709266107701
2218 1.062716049149029
2219 1.062722643495128
2220 1.062729966834105
2221 1.062736109658413
2222 1.062744648429027
2223 1.062750613292896
2224 1.062759489586034
2225 1.062765088216559
2226 1.062774564266967
2227 1.062781229886807
2228 1.062784640088333
2229 1.062792986429346
2230 1.062797132792155
2231 1.062801915924746
2232 1.062809727756404
2233 1.062813271402852
2234 1.062821745787907
2235 1.062827174034544
2236 1.062831434271434
2237 1.062838512364642
2238 1.062842835901178
2239 1.062845683608083
2240 1.062848443562606
2241 1.062855987710183
2242 1.062860025558635
2243 1.062864730492599
2244 1.062867139717731
2245 1.062869831529415
2246 1.062870958329034
2247 1.062873345887868
2248 1.062877613396464
2249 1.062881694839914
2250 1.062886287639084
2251 1.062892847030405
2252 1.062896252102494
2253 1.062901096363597
2254 1.062903934650445
2255 1.062908238461387
2256 1.06291797573456
2257 1.06292492335645
2258 1.062929983622094
2259 1.062935381544518
2260 1.062938409564956
2261 1.062943501351093
2262 1.062948751403019
2263 1.062953413295034
2264 1.062957791235013
2265 1.062963540772842
2266 1.06297373534193
2267 1.062980093693677
2268 1.062982675049099
2269 1.062987388817589
2270 1.062988941616736
2271 1.062989564789232
2272 1.062991991456338
2273 1.06299541914821
2274 1.063002824951438
2275 1.063006463821213
2276 1.063014074227376
2277 1.063016986199198
2278 1.063019221694172
2279 1.063021047955812
2280 1.063022431908611
2281 1.063024045529821
2282 1.063024562845667
2283 1.063024259318444
2284 1.063025475819776
2285 1.063028729956344
2286 1.063029665890004
2287 1.063030953008171
2288 1.063031274043335
2289 1.063033416955487
2290 1.063036890251576
2291 1.063043565508606
2292 1.063046189544922
2293 1.063051127450623
2294 1.063054407468944
2295 1.063054471271054
2296 1.063055844979354
2297 1.063058608945815
2298 1.06306229297809
2299 1.063065654166047
2300 1.063068751298674
2301 1.063072081453241
2302 1.063073464904625
2303 1.063073479599151
2304 1.063074119186019
2305 1.063077023212648
2306 1.063079147392176
2307 1.06307766860537
2308 1.063078045464236
2309 1.063079892948382
2310 1.063082082714785
2311 1.063084426449649
2312 1.063086873892371
2313 1.063089607176257
2314 1.063090975853651
2315 1.063094329804362
2316 1.063093685734118
2317 1.063093456370716
2318 1.063092350772616
2319 1.063091310315899
2320 1.063090760203481
2321 1.063090650917495
2322 1.063091370553724
2323 1.063094224642978
2324 1.063095595792788
2325 1.06309530527656
2326 1.063095622634519
2327 1.063095029022348
2328 1.063094886243226
2329 1.063096080176895
2330 1.063093298634088
2331 1.063090124665495
2332 1.063089000338023
2333 1.063087252399312
2334 1.063086859714941
2335 1.06308751450595
2336 1.063088193424283
2337 1.063089117723318
2338 1.063089019496188
2339 1.06308803104107
2340 1.063087660520578
2341 1.063087043522774
2342 1.0630873175867
2343 1.063086365957253
2344 1.063086033051085
2345 1.063083611525334
2346 1.063081839203429
2347 1.063080977643495
2348 1.063082014376625
2349 1.063083489469067
2350 1.063083301090855
2351 1.063083824831718
2352 1.063084515477393
2353 1.063084791529176
2354 1.0630877704864
2355 1.063085676236477
2356 1.063086394032858
2357 1.063086333398994
2358 1.063084264239274
2359 1.063084499541894
2360 1.0630848300798
2361 1.063082823189199
2362 1.063081785566568
2363 1.063081959390679
2364 1.06308214694593
2365 1.063081407871354
2366 1.063079210345018
2367 1.063077529019776
2368 1.0630755723013
2369 1.063078170083665
2370 1.0630782305076
2371 1.063082354270112
2372 1.063083062997092
2373 1.063081858281746
2374 1.063080582949089
2375 1.063078838416692
2376 1.063077613715599
2377 1.063077197996313
2378 1.063073657008924
2379 1.063072091552116
2380 1.063068631744357
2381 1.063066227966895
2382 1.06306430326078
2383 1.06306270011013
2384 1.063061428949508
2385 1.063059074653142
2386 1.063057991345187
2387 1.063055499877154
2388 1.063053787999721
2389 1.063052798204222
2390 1.063050455292132
2391 1.063048292314322
2392 1.063045603794784
2393 1.063041652450096
2394 1.063038915717216
2395 1.063036109360523
2396 1.063032478529944
2397 1.063028992690954
2398 1.063026142963003
2399 1.063023783201801
2400 1.063020610306125
2401 1.063018517857232
2402 1.063016677772819
2403 1.063013940639207
2404 1.063010617177561
2405 1.06300847612565
2406 1.063006158499985
2407 1.063003137719432
2408 1.063001199469045
2409 1.062999787543004
2410 1.062998620747902
2411 1.062998517212459
2412 1.062997214730778
2413 1.062996871959137
2414 1.062995734196122
2415 1.062994759561883
2416 1.062992752197052
2417 1.062991100346062
2418 1.062988186875968
2419 1.062985130812554
2420 1.062981573183632
2421 1.062980610175487
2422 1.062979722559573
2423 1.062977016183931
2424 1.062975603457196
2425 1.062973608415811
2426 1.062972235528018
2427 1.062972358234623
2428 1.062968730617409
2429 1.06296447665424
2430 1.062959274064197
2431 1.062955095004892
2432 1.062953290222948
2433 1.062950637232687
2434 1.062947730055635
2435 1.062947172436535
2436 1.062945335520313
2437 1.062942987807203
2438 1.062941578770966
2439 1.0629387084674
2440 1.062935559488386
2441 1.062931954820078
2442 1.062928149244571
2443 1.062926230529206
2444 1.06292525093054
2445 1.06292515103043
2446 1.062925040285285
2447 1.062923823573015
2448 1.062920178655561
2449 1.062917230788778
2450 1.062916648242354
2451 1.062915360931335
2452 1.062914566702344
2453 1.062913476023305
2454 1.062911527563295
2455 1.062907683669148
2456 1.062901981202573
2457 1.062899032010676
2458 1.062895685777139
2459 1.062891694727409
2460 1.062887878530578
2461 1.062886058102431
2462 1.06288382294718
2463 1.062881896319416
2464 1.062877356619095
2465 1.062873538264815
2466 1.062872145602411
2467 1.062867701425863
2468 1.062863009118566
2469 1.062857803922412
2470 1.06285463681501
2471 1.062850216152805
2472 1.062847691365918
2473 1.062845314663831
2474 1.062844150860158
2475 1.062842932400265
2476 1.062838850396446
2477 1.062834943910228
2478 1.062830760677492
2479 1.062829956926095
2480 1.062826030688904
2481 1.062821044627357
2482 1.062816745818102
2483 1.062813876006921
2484 1.062810852422868
2485 1.062808796889238
2486 1.062807504270688
2487 1.062808077387736
2488 1.062806360798646
2489 1.062803859642094
2490 1.06280042574071
2491 1.062797496153855
2492 1.062793310864647
2493 1.062790577211073
2494 1.062788797560341
2495 1.062786780569856
2496 1.062780282348016
2497 1.062774649557635
2498 1.062771888959184
2499 1.062770981430806
2500 1.06276967692448
2501 1.06276654793589
2502 1.062763550111036
2503 1.06276045250415
2504 1.062755915411481
2505 1.062752093557418
2506 1.062750389544961
2507 1.062748226193413
2508 1.062745307527254
2509 1.062742938941291
2510 1.062740360150827
2511 1.062738521965069
2512 1.062737013344339
2513 1.062736330081789
2514 1.06273411711497
2515 1.062731466619696
2516 1.062728462033485
2517 1.062727072559945
2518 1.062724892120364
2519 1.062721269909483
2520 1.062718374574778
2521 1.062717586178896
2522 1.062717211157227
2523 1.062716543525144
2524 1.062715288777001
2525 1.062714784469962
2526 1.062713688721174
2527 1.062712050734842
2528 1.062710879776662
2529 1.06271069599296
2530 1.062711038092601
2531 1.062710290490079
2532 1.062708765781463
2533 1.062704978542964
2534 1.062702219335157
2535 1.062699878523141
2536 1.062698272054081
2537 1.062696193775865
2538 1.062693454052483
2539 1.062691116459086
2540 1.06269199640375
2541 1.062689875320904
2542 1.062686636977753
2543 1.062683496168085
2544 1.062685105239618
2545 1.062682743257864
2546 1.062681497205708
2547 1.062681736621581
2548 1.062680367790806
2549 1.062679717810526
2550 1.062679723166342
2551 1.062677948579475
2552 1.062673649830144
2553 1.062668226475359
2554 1.062665011038189
2555 1.062662016733365
2556 1.062660992771063
2557 1.062659865270705
2558 1.062659334660465
2559 1.062656344575798
2560 1.062653463319845
2561 1.062654661768106
2562 1.062653455028409
2563 1.062653126108854
2564 1.062651401337599
2565 1.062649811807134
2566 1.062648163099137
2567 1.062647188212058
2568 1.062645991689283
2569 1.062645008073519
2570 1.062644290523747
2571 1.062644270469297
2572 1.062643501284864
2573 1.062641117215389
2574 1.062639071170066
2575 1.062637135299615
2576 1.062635418124369
2577 1.062633103204938
2578 1.062631346063745
2579 1.062628024599515
2580 1.062628635961727
2581 1.062629936469538
2582 1.062628850424059
2583 1.062628380391668
2584 1.062630641584208
2585 1.062631688470507
2586 1.06263272060105
2587 1.062634445822277
2588 1.062632712720597
2589 1.062631056523813
2590 1.062626474404178
2591 1.062624042203159
2592 1.062621865262329
2593 1.062619226021736
2594 1.062620373563329
2595 1.062619326250366
2596 1.06262252210045
2597 1.062622614745387
2598 1.062622056166917
2599 1.06262123487904
2600 1.062621236869555
2601 1.062623020330888
2602 1.062620391930326
2603 1.062619239209925
2604 1.062617158585081
2605 1.062615786352304
2606 1.062612817357424
2607 1.062609999711538
2608 1.062608620843746
2609 1.062609372866239
2610 1.062611369485806
2611 1.062612386818297
2612 1.062614075904816
2613 1.062614445436764
2614 1.062614571064171
2615 1.062613459073952
2616 1.06261257844977
2617 1.062611887085725
2618 1.062614081585698
2619 1.062614831707724
2620 1.062614821550887
2621 1.062617748804279
2622 1.062618721418216
2623 1.062622436823276
2624 1.062624061959575
2625 1.062624606997065
2626 1.062625515186367
2627 1.062626749862064
2628 1.062629075494053
2629 1.062630374791002
2630 1.062633905413912
2631 1.062636595881405
2632 1.062636836639336
2633 1.062636767402276
2634 1.062637028997268
2635 1.062639524458657
2636 1.062640242034265
2637 1.062641284411375
2638 1.062644098375391
2639 1.062647056856752
2640 1.062649799063513
2641 1.062653284808889
2642 1.062654104375423
2643 1.062655364763212
2644 1.062654664344599
2645 1.062657966863363
2646 1.06265969051514
2647 1.062663914584393
2648 1.062667562769578
2649 1.062669082177396
2650 1.062671857877841
2651 1.062672552862044
2652 1.062673432659438
2653 1.062673796356114
2654 1.062675111519876
2655 1.062675500064298
2656 1.062676787543418
2657 1.062680364547698
2658 1.062683837793549
2659 1.062687990983678
2660 1.062691519058017
2661 1.062693415738202
2662 1.06269502904953
2663 1.062696831433844
2664 1.062697942428533
2665 1.062700269803694
2666 1.062704309022894
2667 1.062706713985961
2668 1.062709305192781
2669 1.062711480416559
2670 1.062714332310487
2671 1.062717129567035
2672 1.062720454883673
2673 1.062723895231593
2674 1.062727256213588
2675 1.06273095658973
2676 1.062733806958806
2677 1.062737201081652
2678 1.062738974279359
2679 1.062740667930496
2680 1.06274363082525
2681 1.062749001479779
2682 1.062750453581284
2683 1.062753688598445
2684 1.062758845751888
2685 1.062760864918025
2686 1.062762811803541
2687 1.062764773374761
2688 1.062767763117945
2689 1.062769720151909
2690 1.062772914688894
2691 1.062776388405981
2692 1.062781276261466
2693 1.062786695465614
2694 1.062791388483754
2695 1.06279319104384
2696 1.062796895947169
2697 1.062800632556853
2698 1.062802987451907
2699 1.062809624926529
2700 1.062812822766761
2701 1.06281606320565
2702 1.062819296358699
2703 1.062823069542176
2704 1.062827178503881
2705 1.062833426427078
2706 1.062837559103232
2707 1.06284392706288
2708 1.062849797324674
2709 1.062857419349192
2710 1.062862971483292
2711 1.062867719655443
2712 1.062871443504233
2713 1.062878042313452
2714 1.062883639173764
2715 1.062886428741973
2716 1.062891111045797
2717 1.062895480569473
2718 1.06290104588389
2719 1.062904233259394
2720 1.062908906572717
2721 1.062913455965945
2722 1.062919560360459
2723 1.06292727779337
2724 1.062935668388738
2725 1.062941800920078
2726 1.062947572134518
2727 1.062951491995468
2728 1.062956711327838
2729 1.062962197263687
2730 1.062968438171605
2731 1.062972926173919
2732 1.062977936439435
2733 1.062983777327129
2734 1.062992126290958
2735 1.062999535376394
2736 1.063007124231411
2737 1.063013377656184
2738 1.063020120466125
2739 1.063024113003792
2740 1.063029465651602
2741 1.063038672922759
2742 1.06304578300355
2743 1.06305553198004
2744 1.06306207176123
2745 1.06306917525543
2746 1.063078075511225
2747 1.063085203360472
2748 1.063091718549002
2749 1.06309865814999
2750 1.063104639146525
2751 1.063109715112908
2752 1.06311535528758
2753 1.063120706702033
2754 1.063126620544758
2755 1.063132296807497
2756 1.06313742371579
2757 1.063143906166159
2758 1.063152112348199
2759 1.063160394392365
2760 1.063168998644831
2761 1.063177662220495
2762 1.063186755722716
2763 1.063194217064212
2764 1.063201493893962
2765 1.063208719771002
2766 1.063215361022276
2767 1.063222999840132
2768 1.063231553816775
2769 1.063239555813023
2770 1.063246777147168
2771 1.063253075044529
2772 1.063260284559668
2773 1.063267814632641
2774 1.063275938014326
2775 1.063284182663743
2776 1.063292921014505
2777 1.06330054632487
2778 1.063308390497873
2779 1.063317594410263
2780 1.063326317181255
2781 1.063335985523044
2782 1.063345766972399
2783 1.063354220443161
2784 1.063362339195784
2785 1.063371500275714
2786 1.063381173832862
2787 1.06338795032164
2788 1.063396869820992
2789 1.063404162462206
2790 1.06341018501559
2791 1.063419654932228
2792 1.063427829636738
2793 1.063436845661108
2794 1.063451540771765
2795 1.063461092855214
2796 1.063473505111686
2797 1.063484407350085
2798 1.063493731882455
2799 1.063503473473839
2800 1.063512486286903
2801 1.063521678915237
2802 1.063531947012479
2803 1.063540200680809
2804 1.063548544875563
2805 1.063555881757465
2806 1.063562709774866
2807 1.063571785627362
2808 1.063581718681896
2809 1.063591562489399
2810 1.063603195524404
2811 1.063615534786595
2812 1.063627723167827
2813 1.063641110357126
2814 1.063653155197496
2815 1.063663350901932
2816 1.063672511261634
2817 1.06368211201961
2818 1.063691324721909
2819 1.063700977098864
2820 1.063712163916923
2821 1.063722418427879
2822 1.063733174448857
2823 1.06374647489207
2824 1.063757027118083
2825 1.063766826938497
2826 1.063779940192913
2827 1.063792392108294
2828 1.063806410040314
2829 1.063818517884897
2830 1.063829508223006
2831 1.063842447781156
2832 1.063855474321418
2833 1.063866589411825
2834 1.06387595556
2835 1.063885414655446
2836 1.063894834861678
2837 1.063907400737989
2838 1.0639175339676
2839 1.063929340203029
2840 1.063941086648693
2841 1.063953508682314
2842 1.063962804126678
2843 1.063974023095858
2844 1.06398668223881
2845 1.06399996127906
2846 1.06401324714583
2847 1.064025170655304
2848 1.064037899467211
2849 1.064049721217834
2850 1.064061908382366
2851 1.064073698468687
2852 1.064087651380184
2853 1.064100921810412
2854 1.064111709757647
2855 1.064123874197578
2856 1.064135189807694
2857 1.064149329018406
2858 1.06416364660792
2859 1.064176142539908
2860 1.064188844524492
2861 1.064202983899944
2862 1.064217009082496
2863 1.064230300146291
2864 1.064243107653806
2865 1.064256078551264
2866 1.064265990388836
2867 1.064277540381754
2868 1.064289840540478
2869 1.064304007134005
2870 1.064317522805705
2871 1.064330201318146
2872 1.064341942914343
2873 1.064352861755961
2874 1.06436504719937
2875 1.06437849003191
2876 1.064392936106458
2877 1.064407731938411
2878 1.064423159178387
2879 1.064437108550834
2880 1.064448713364397
2881 1.064458487640074
2882 1.064469265332455
2883 1.064484307309587
2884 1.064498129044852
2885 1.064512170852643
2886 1.064527535440765
2887 1.064543089498641
2888 1.064558011574812
2889 1.064572599525564
2890 1.064585768330455
2891 1.06459892526002
2892 1.064612664872829
2893 1.064627387535272
2894 1.064642057694586
2895 1.064656108366003
2896 1.064670859217659
2897 1.064686004676616
2898 1.064701329436154
2899 1.064714781510116
2900 1.064729115698522
2901 1.064744453543827
2902 1.064759660663347
2903 1.064774914843383
2904 1.064790107401761
2905 1.064806244098811
2906 1.06482211869344
2907 1.064838731602922
2908 1.064854147601744
2909 1.064869242084702
2910 1.064883863200992
2911 1.064899993175018
2912 1.064912953151472
2913 1.064927022885214
2914 1.064942547429655
2915 1.0649590209254
2916 1.064976756192158
2917 1.064995183237564
2918 1.065009911521562
2919 1.065024003101585
2920 1.065038424574786
2921 1.065052698851807
2922 1.065068882217414
2923 1.06508426576119
2924 1.065101486847673
2925 1.065117987388742
2926 1.065134229775369
2927 1.065151767436551
2928 1.065167456143879
2929 1.065182895770578
2930 1.06519926793624
2931 1.065216808169725
2932 1.065233283281829
2933 1.065249346611704
2934 1.06526529853168
2935 1.065280531302655
2936 1.065297265430505
2937 1.065313967074118
2938 1.065329207667456
2939 1.065346117806174
2940 1.065363601409488
2941 1.065381549035045
2942 1.065400020335688
2943 1.065418039131916
2944 1.065436404362415
2945 1.065452372958094
2946 1.065469447441958
2947 1.065485428267395
2948 1.065503973278363
2949 1.065521863760042
2950 1.065540125198418
2951 1.06555696104951
2952 1.065572981581757
2953 1.065588502652942
2954 1.065604743838492
2955 1.065621220791796
2956 1.065638368860259
2957 1.065656283623631
2958 1.065674475041101
2959 1.065693019154487
2960 1.065709681077636
2961 1.065727405081854
2962 1.065745606241829
2963 1.065762540722327
2964 1.065780211873351
2965 1.065799150008198
2966 1.06581592709358
2967 1.065834335714598
2968 1.065851307201062
2969 1.065868588743615
2970 1.065885181851002
2971 1.065902309141358
2972 1.065919860791314
2973 1.065936137157232
2974 1.065953822795415
2975 1.065973237293709
2976 1.065992668094228
2977 1.066011951320451
2978 1.066032481917865
2979 1.066052121365271
2980 1.066069403958188
2981 1.066087763575162
2982 1.06610551730219
2983 1.066121629905957
2984 1.066139196772453
2985 1.066155884141731
2986 1.066173370386498
2987 1.066191849071976
2988 1.066210705354757
2989 1.066230577842864
2990 1.066249893278516
2991 1.06626897794979
2992 1.066288179224257
2993 1.066307693898754
2994 1.066325644449218
2995 1.066344165646593
2996 1.06636425241144
2997 1.066382814656323
2998 1.066401819910959
2999 1.066421717954907
3000 1.066439290421064
