"lift-rfile"
"Iteration" "lift"
("Iteration" "lift")
1 2.911108145455669
2 4.419319944707971
3 5.46643590696142
4 6.147164215750153
5 6.566946307816993
6 6.689179320922694
7 6.618867207461556
8 6.342372933740587
9 5.971455296156525
10 5.607071995854817
11 5.392867028177378
12 5.168020954689176
13 4.975780423666686
14 4.822528959604586
15 4.691092572859964
16 4.569819250241225
17 4.431138856184792
18 4.266680937862189
19 4.077221203480544
20 3.860295341578106
21 3.630376775167676
22 3.392391436961808
23 3.156470461940427
24 2.922325163256965
25 2.694550500334404
26 2.470719334956193
27 2.254827223082979
28 2.047962049510516
29 1.850356048604442
30 1.661737753740686
31 1.481010749468235
32 1.308699336376135
33 1.144648189460034
34 0.9903790309484203
35 0.8445249771819724
36 0.7076676697207657
37 0.5790764839465095
38 0.4587036799349364
39 0.3463448455857019
40 0.2419614954114763
41 0.1447875877164396
42 0.05527275534919258
43 -0.02682635875226444
44 -0.1027275688233803
45 -0.1723017951396376
46 -0.2356707933956649
47 -0.2930555545024261
48 -0.3458439468663237
49 -0.3943648374717159
50 -0.4386656279448095
51 -0.4789868624500497
52 -0.515531999127961
53 -0.5495556805386243
54 -0.5812993188113232
55 -0.6102236331782036
56 -0.636892455171763
57 -0.6616541880455917
58 -0.6843949664335179
59 -0.7049769982044771
60 -0.7229915193645907
61 -0.7385478543530241
62 -0.7514807942897867
63 -0.7616273172561395
64 -0.7686281886442191
65 -0.7719789837019697
66 -0.772556790564002
67 -0.769342564149205
68 -0.7620750905187093
69 -0.750570604391384
70 -0.7342794746379874
71 -0.7135536572735991
72 -0.6880658903255372
73 -0.6582522317124157
74 -0.6237295910601712
75 -0.5859030827541645
76 -0.5421751628958796
77 -0.4956984633842443
78 -0.4428817646505659
79 -0.3861040682681635
80 -0.3289552816156425
81 -0.2646373124752649
82 -0.1969881266713011
83 -0.126447341958686
84 -0.05353964121688249
85 0.02127922529338316
86 0.09763379861117441
87 0.1751215426976561
88 0.2533544463053431
89 0.3319643699869325
90 0.4101098064010209
91 0.4876584301209316
92 0.5639430628263419
93 0.6389132160861863
94 0.7122046628841611
95 0.783683912226057
96 0.8527807786493493
97 0.9192033745257718
98 0.9814867851868641
99 1.040952715335849
100 1.091907080934784
101 1.140011895679478
102 1.190182824228455
103 1.231822069079159
104 1.270370182562866
105 1.30581279953984
106 1.337925676534026
107 1.366809869754309
108 1.392454445737735
109 1.418311590864297
110 1.437368527023727
111 1.453628170306191
112 1.466604185994115
113 1.476335373068064
114 1.482843019403112
115 1.487009985395976
116 1.487297958692136
117 1.484546519452001
118 1.478383607252024
119 1.469869967160262
120 1.457417507087489
121 1.443585357382773
122 1.425333212007375
123 1.406572373378943
124 1.385449586871279
125 1.361999879441079
126 1.333492366565439
127 1.306187100825847
128 1.277078544127118
129 1.246431818681197
130 1.214301234972679
131 1.180747182970458
132 1.146119319258183
133 1.110539425442622
134 1.07418109796991
135 1.037203016187227
136 0.9998074838903436
137 0.9621688452120069
138 0.9244531154270221
139 0.8869337555912706
140 0.8495192543914314
141 0.8126918923095794
142 0.776391363070954
143 0.7407603081211315
144 0.705891712295907
145 0.6718932949765166
146 0.6387476623042828
147 0.6067967084888776
148 0.5760097795542365
149 0.546496271919005
150 0.5182395514588121
151 0.4913947071063354
152 0.4660156033194776
153 0.442126601547443
154 0.4185214645382749
155 0.3978087692912137
156 0.3786531114280862
157 0.3610669164324619
158 0.3443569797551703
159 0.3299347895676125
160 0.3170849941265947
161 0.3058041596489579
162 0.2960828122441248
163 0.2879338733814859
164 0.2812845770983368
165 0.2761926044129885
166 0.2725927643551931
167 0.2705017717223202
168 0.2698931591320909
169 0.2707356526653133
170 0.2729037903712852
171 0.2765030090833315
172 0.2815962702712418
173 0.2880327408501828
174 0.2957338719814462
175 0.3048185546891053
176 0.3152440581014999
177 0.3269793157833466
178 0.3400532725973424
179 0.3545232931957757
180 0.3702245599007591
181 0.387008680957022
182 0.4049571836151325
183 0.4240285245372273
184 0.4442153608270471
185 0.4654201458547439
186 0.4876025283315716
187 0.5106914284641906
188 0.5346512149133692
189 0.5593890155192191
190 0.5848660902376627
191 0.611006585145549
192 0.6377405812102263
193 0.6649878096007211
194 0.6928468067277123
195 0.7210001721104484
196 0.7493881479437923
197 0.7778845788577049
198 0.806341427065836
199 0.8347586767275519
200 0.8630686942607558
201 0.8911270978940814
202 0.9189432180081337
203 0.9463137704589435
204 0.9731796543995107
205 0.9994482478696565
206 1.02499022075298
207 1.049698679661976
208 1.073484003664549
209 1.096253298400778
210 1.117942296489844
211 1.138486321799949
212 1.157797191708575
213 1.175804010381426
214 1.192433091700617
215 1.207591988470156
216 1.221277381335395
217 1.233435257557457
218 1.244024646628191
219 1.252998764406669
220 1.260343338109872
221 1.266054311483058
222 1.270096752436472
223 1.272470876401644
224 1.273177661852024
225 1.272280274651487
226 1.269755162469289
227 1.265578167986445
228 1.25976592104531
229 1.252415284549441
230 1.243572327998296
231 1.233289247106469
232 1.221632510220626
233 1.208667295997475
234 1.19445711356304
235 1.179077212964642
236 1.162623796591404
237 1.145177139495242
238 1.126780129183059
239 1.107574356713011
240 1.087658747980731
241 1.067131648357987
242 1.046081127787689
243 1.024630222128219
244 1.002875134548788
245 0.9809292976372539
246 0.95887434245032
247 0.9368369713284135
248 0.9149536595905431
249 0.8932837480655445
250 0.8719269671761877
251 0.8509825580250651
252 0.8305390054480247
253 0.810682147936969
254 0.7915003047328522
255 0.7730707181300508
256 0.755469333169956
257 0.7387542904414514
258 0.7230051709759341
259 0.708279484133679
260 0.6946314306200683
261 0.6821128571409153
262 0.6707474966822515
263 0.6605861615722837
264 0.6516472528513949
265 0.6439441531435827
266 0.6374988251658419
267 0.6323241343401204
268 0.6284206139520224
269 0.6257825757453929
270 0.6244016333234789
271 0.6242603240310967
272 0.6253352747091346
273 0.6276039324616005
274 0.6310339539978036
275 0.6355987930773672
276 0.6412493750146442
277 0.6479422115616782
278 0.6556293000712149
279 0.664250751180161
280 0.6737556981191157
281 0.6841155710724876
282 0.6952567743048412
283 0.707112352468947
284 0.7196204048651087
285 0.732718698074489
286 0.7463338400526927
287 0.7603894464034875
288 0.7748429621733244
289 0.7896296419158499
290 0.8046905330205991
291 0.8199636838556779
292 0.8353852286065725
293 0.8508866284968918
294 0.8664226674537954
295 0.881906733172251
296 0.897299865640639
297 0.912589258328512
298 0.9277045576433546
299 0.9425785817847734
300 0.9571623500615816
301 0.9714096640423041
302 0.9852776430131417
303 0.9987267703406991
304 1.011718999792595
305 1.024218355831368
306 1.036206868423863
307 1.047651401080375
308 1.058520507903849
309 1.068795871005448
310 1.078452941970872
311 1.087463046767763
312 1.095827451016094
313 1.103536049389087
314 1.110564496482395
315 1.116928196436101
316 1.122623934919017
317 1.127651637925708
318 1.132015125173215
319 1.135719297620014
320 1.138773320289446
321 1.141190780067821
322 1.14297991796011
323 1.144154035563363
324 1.14472803666471
325 1.144730135006565
326 1.144170810485582
327 1.143067203050389
328 1.141452511723536
329 1.139336741091068
330 1.136742889254703
331 1.133691588619096
332 1.130206627754637
333 1.126313382253045
334 1.12203822687493
335 1.11740470013927
336 1.112439468992315
337 1.107167147353437
338 1.101612986802618
339 1.095803417038922
340 1.089763989354841
341 1.083522197934804
342 1.077103796193774
343 1.070530394019369
344 1.063829233486124
345 1.057023005150096
346 1.05013451586309
347 1.043186652049253
348 1.036202753489219
349 1.029197192369528
350 1.022198871518917
351 1.015230637629419
352 1.008311630470488
353 1.001462450568137
354 0.994704615676303
355 0.9880579956179694
356 0.9815408793492949
357 0.9751711873035347
358 0.9689593138438998
359 0.9629320995639774
360 0.9571208997281154
361 0.9515218124727668
362 0.9461553234653467
363 0.9410685119522781
364 0.9362459442575142
365 0.9316994735446128
366 0.9274423989470982
367 0.9234895121290981
368 0.9198111961997143
369 0.9164652826868455
370 0.9134639687077629
371 0.9108169031717173
372 0.9085338060627577
373 0.906626123584229
374 0.9051017453994587
375 0.9039686311219027
376 0.9032344547120866
377 0.9029040681615679
378 0.9029887102669826
379 0.9034837712898742
380 0.9043915922232942
381 0.9057086434064897
382 0.9074374339763859
383 0.90957464451502
384 0.9121175796907589
385 0.9150691487371401
386 0.9184122007033775
387 0.922139324505158
388 0.9262411645628975
389 0.930708056490074
390 0.9355263480067965
391 0.9406834986569111
392 0.9461610885814226
393 0.9519472005945057
394 0.958022869209901
395 0.9643692156395024
396 0.9709651775420138
397 0.9777941795026384
398 0.9848324848207384
399 0.992053951496461
400 0.9994367315469285
401 1.006956998227255
402 1.014596786221149
403 1.022318659743729
404 1.030100287384088
405 1.037914257244296
406 1.04573102408815
407 1.053526381022548
408 1.061272682132545
409 1.068940551473397
410 1.076506758951469
411 1.083944099868239
412 1.091243121890726
413 1.098361824582463
414 1.105262353718579
415 1.11193448453789
416 1.118346913028735
417 1.124495584361255
418 1.130352512947993
419 1.135900120415467
420 1.141101750820933
421 1.145963586995908
422 1.150467974017112
423 1.154643534041454
424 1.158437239230801
425 1.161839051513472
426 1.164842447347882
427 1.167441052267023
428 1.1696311049614
429 1.171397633966643
430 1.172737580795899
431 1.173669625073456
432 1.174196902619768
433 1.174323059316726
434 1.174053671448992
435 1.173399663378209
436 1.172368636644838
437 1.170968924112292
438 1.169213424683764
439 1.167111771892336
440 1.164681081526511
441 1.161936600620596
442 1.158895253807314
443 1.155573284161551
444 1.151988942081151
445 1.148147971513876
446 1.144087350534115
447 1.139829029239114
448 1.135393265608387
449 1.130809762010857
450 1.126092983716482
451 1.121267816970963
452 1.116348396518397
453 1.111364392320217
454 1.106340136471479
455 1.101314680333651
456 1.096293461929879
457 1.091287715465428
458 1.086332320317181
459 1.081449314678436
460 1.076658723968915
461 1.071980885164426
462 1.067433754655238
463 1.063046738073245
464 1.058823851391857
465 1.054784749459958
466 1.050944611341828
467 1.047324605099429
468 1.043922655927726
469 1.04075875742804
470 1.037843976884245
471 1.035188239058926
472 1.032799865919892
473 1.030687652200097
474 1.028857826011891
475 1.027315741997174
476 1.02606314609226
477 1.025103608527257
478 1.024438763527856
479 1.024068960185907
480 1.023990892787195
481 1.024212485808091
482 1.024722463983162
483 1.025514511628463
484 1.026582562114563
485 1.027920912025171
486 1.029521129366925
487 1.031386286792176
488 1.033495028153564
489 1.035831996028864
490 1.038391664878653
491 1.041162279681739
492 1.044131976802624
493 1.047294836354558
494 1.050630677630171
495 1.054125542934538
496 1.057765668129485
497 1.061536601974063
498 1.065424335502941
499 1.069413520055232
500 1.073477112969456
501 1.077612098626842
502 1.081804911045678
503 1.086041085887456
504 1.090306199704209
505 1.094590581354814
506 1.098876129581662
507 1.103148679240779
508 1.107385534199282
509 1.11158490001953
510 1.115733636174731
511 1.119818479616617
512 1.123828466392736
513 1.12775297769318
514 1.131581911582027
515 1.135304101098772
516 1.138911341389391
517 1.142395214841105
518 1.145746832469188
519 1.148937056481027
520 1.15200454395791
521 1.154919533642738
522 1.157660549379385
523 1.160242405694881
524 1.162663572200504
525 1.164918693929699
526 1.167007350213296
527 1.168935601031983
528 1.170711549588613
529 1.17231567004242
530 1.173749017566528
531 1.17501219216627
532 1.176108009479847
533 1.17703773466034
534 1.177795760395833
535 1.178395586330105
536 1.178842359407992
537 1.179139833098456
538 1.179292504216691
539 1.179308292638968
540 1.179193750863355
541 1.178951925750721
542 1.178589879973418
543 1.178115263048955
544 1.177531275734483
545 1.176850135704174
546 1.176079425740294
547 1.175220317501756
548 1.174286616610604
549 1.173285566565889
550 1.172226086124673
551 1.17111632902051
552 1.169962817322033
553 1.168773509767623
554 1.167556026614487
555 1.166318910585783
556 1.165069593767106
557 1.163814771067027
558 1.162563313897948
559 1.16131944837958
560 1.160090197939508
561 1.158882557390443
562 1.157702629165559
563 1.156556476114261
564 1.155450017305049
565 1.154387518134671
566 1.15337581221752
567 1.152428214626951
568 1.151540002563891
569 1.150715685042696
570 1.149959053669466
571 1.149267720507394
572 1.148649740350213
573 1.148109510278027
574 1.147649705999425
575 1.147272282046494
576 1.146977604199584
577 1.146768011114186
578 1.146643626771635
579 1.146606983965934
580 1.146657102039068
581 1.14679345756821
582 1.147017851362715
583 1.147329924516226
584 1.147729091883638
585 1.148211978907952
586 1.148776653005254
587 1.149415719782196
588 1.150136776907516
589 1.150938144051039
590 1.151823197748463
591 1.152783316426262
592 1.153814684853773
593 1.15491768371282
594 1.156089695401799
595 1.157321296355331
596 1.158614701175519
597 1.159966220808765
598 1.161374776989478
599 1.162834140623952
600 1.164341750124579
601 1.165893420440223
602 1.167484921854191
603 1.169114618758608
604 1.170777638996612
605 1.172469906664789
606 1.174186349151151
607 1.175923362321073
608 1.177677655419495
609 1.179444775919281
610 1.181222761822614
611 1.183005833298386
612 1.184790149515876
613 1.186571725151373
614 1.188346174244677
615 1.190109898814614
616 1.191859800841786
617 1.193588311335307
618 1.195295189384205
619 1.196979099831721
620 1.198635108220922
621 1.200260409033865
622 1.201850162856216
623 1.203404187861801
624 1.204918323604306
625 1.206389633180371
626 1.2078162717319
627 1.209195820086825
628 1.210538032370211
629 1.211827762719073
630 1.213064027021333
631 1.214245560850338
632 1.215370680422923
633 1.216438648114754
634 1.217448511569476
635 1.218397734390857
636 1.219285817969032
637 1.220114838368452
638 1.220884544114505
639 1.221594252595132
640 1.222243435764599
641 1.222835166666238
642 1.223368867998892
643 1.223845497390543
644 1.224269663939976
645 1.224638738172546
646 1.224953731436491
647 1.225216318080675
648 1.225427449334817
649 1.225588180105653
650 1.225701568208376
651 1.225770198425079
652 1.225796765191322
653 1.225783282854871
654 1.225733326221629
655 1.225654733944387
656 1.225545249042018
657 1.225405385659938
658 1.225237714808033
659 1.225046987412177
660 1.224834961627706
661 1.224608195279873
662 1.224363639564364
663 1.224106537385796
664 1.223840177450396
665 1.223567785238627
666 1.223291204727108
667 1.22301314298135
668 1.222736416615218
669 1.222465534486123
670 1.222202614720857
671 1.221948842373915
672 1.221708974259859
673 1.221484674100953
674 1.221278776575096
675 1.221093572608799
676 1.220931313956166
677 1.220795080556849
678 1.2206876788526
679 1.22060879753601
680 1.220560780725871
681 1.220547086284651
682 1.220567459901916
683 1.220625404513235
684 1.220721115300945
685 1.220856718646745
686 1.221031584108782
687 1.221248602601439
688 1.221506785808747
689 1.221808189727571
690 1.222153330276643
691 1.222542983550131
692 1.222976207469799
693 1.223454483007334
694 1.223977528489982
695 1.224542657984359
696 1.2251511698653
697 1.225803170313308
698 1.226496959208824
699 1.22723226583113
700 1.228007331901789
701 1.228819597548166
702 1.229669322117182
703 1.230554774555928
704 1.231475490206313
705 1.232429574729158
706 1.233414489716316
707 1.234427571403968
708 1.23546802288074
709 1.236533551775913
710 1.237621033016917
711 1.238728315933903
712 1.239853186628339
713 1.240993089813025
714 1.242145863276095
715 1.243307446210773
716 1.244476856255562
717 1.245651208929938
718 1.246827832223979
719 1.248004289695538
720 1.249178279713975
721 1.250345937572901
722 1.251504996630128
723 1.252651473046641
724 1.253784717905908
725 1.254901488769343
726 1.256000574233341
727 1.257078287363614
728 1.2581320984698
729 1.259161384412245
730 1.260164579809467
731 1.261138457387898
732 1.262080409885082
733 1.262990077606738
734 1.263865566109037
735 1.2647095062907
736 1.265515471664622
737 1.266283360499584
738 1.267012253193276
739 1.267699733797478
740 1.268347011193723
741 1.268953355740426
742 1.269518496047577
743 1.27004302886713
744 1.270525776522227
745 1.270966221488077
746 1.271366126424029
747 1.271725389071006
748 1.272044141665605
749 1.272324703482584
750 1.272565887382576
751 1.272770126159367
752 1.272937494479856
753 1.273068966988641
754 1.273166861044982
755 1.273233369101546
756 1.273270019395212
757 1.273278099216926
758 1.273254153328983
759 1.273205415516171
760 1.273134558471069
761 1.273042337827972
762 1.272932652092218
763 1.272805096451919
764 1.27266320335407
765 1.27250730993027
766 1.272342591498274
767 1.272169811595285
768 1.271992450876773
769 1.271811716854495
770 1.271629558534752
771 1.271449429970424
772 1.271272028584322
773 1.271098442844094
774 1.270931388654205
775 1.270773000519907
776 1.270626186674821
777 1.270491038716048
778 1.270369008467934
779 1.270262106004422
780 1.270173454068365
781 1.270104573896198
782 1.270056553868777
783 1.270029338358592
784 1.27002461536467
785 1.270044443354971
786 1.270088360714724
787 1.270157133469345
788 1.270253119632086
789 1.270374651972843
790 1.270522065652364
791 1.27069718780182
792 1.270899019492627
793 1.271130696526632
794 1.271390364830543
795 1.271678551149323
796 1.271992916463554
797 1.272334537259964
798 1.272702612170832
799 1.273096644538013
800 1.273515048850495
801 1.273957619450271
802 1.274423407917197
803 1.274910394971167
804 1.275419723483337
805 1.275949316739339
806 1.27649975066943
807 1.277067826354244
808 1.277653718244087
809 1.278255945923539
810 1.278872893268703
811 1.279503034168356
812 1.280145171264993
813 1.280797799100082
814 1.281460541442443
815 1.282130202219252
816 1.282805639159692
817 1.283486895062014
818 1.284173510371304
819 1.284862744633613
820 1.285552397906639
821 1.286241896834206
822 1.286929311855019
823 1.287614096989915
824 1.288294285349216
825 1.288969945964676
826 1.289639205770416
827 1.29030060092517
828 1.290952325392336
829 1.291594295988411
830 1.292225803220352
831 1.292845968207018
832 1.293452403675461
833 1.294045395615401
834 1.294624315475248
835 1.29518790215105
836 1.295735772664981
837 1.296267923186037
838 1.296782898091942
839 1.297272826719916
840 1.297743349180703
841 1.298195888032582
842 1.298630820793004
843 1.299048502788608
844 1.299446784777899
845 1.299835876363103
846 1.300206735936761
847 1.300559707107373
848 1.300894601026714
849 1.301212339854087
850 1.301512113205109
851 1.301794405086312
852 1.302059022216254
853 1.302304439987038
854 1.302533243560828
855 1.302745153754525
856 1.302942046289148
857 1.303123324802829
858 1.303289983310464
859 1.303442795945209
860 1.303582103008354
861 1.303707979426723
862 1.303821466111601
863 1.303923786132742
864 1.304012956162922
865 1.30409250357692
866 1.304161339230048
867 1.304221827378107
868 1.304275441043691
869 1.304324152571599
870 1.304367868603515
871 1.304405970501927
872 1.304440449842254
873 1.304471715969367
874 1.304502067339293
875 1.304530971222883
876 1.304560224143904
877 1.304589110845062
878 1.304619412968615
879 1.304649940793414
880 1.304684364594174
881 1.304722968335052
882 1.304766812705759
883 1.30481440252912
884 1.304866318952672
885 1.304924534044945
886 1.304989755668768
887 1.305061847780012
888 1.305140771690174
889 1.305226593215524
890 1.305320570542232
891 1.30542417846462
892 1.305535202904309
893 1.305655630648406
894 1.305785625650186
895 1.305923821608165
896 1.306070961259243
897 1.30622835881556
898 1.306395785898805
899 1.306571871889526
900 1.306755904430495
901 1.306948566628732
902 1.307150677962767
903 1.30736165496018
904 1.307582446458329
905 1.307811012580441
906 1.308048111207596
907 1.308292777841545
908 1.308546185708607
909 1.308807081688329
910 1.309074485447474
911 1.309348707166252
912 1.309628233907722
913 1.309913193903621
914 1.310203345904071
915 1.310498359466942
916 1.310798691303738
917 1.311102648416672
918 1.311410799753178
919 1.311720446430875
920 1.31203329354294
921 1.312348848968511
922 1.312667505767809
923 1.312986566640738
924 1.313306252451874
925 1.313625759873951
926 1.31394441574589
927 1.314263406756734
928 1.314581364266666
929 1.314898365154801
930 1.315213828305281
931 1.315528159016528
932 1.315838836558335
933 1.316146397914327
934 1.316450566234486
935 1.316752353942765
936 1.317049713981485
937 1.317342792540921
938 1.317631200636313
939 1.3179160074678
940 1.318194691511167
941 1.318467488610784
942 1.318735561848473
943 1.318997062225389
944 1.319252550245615
945 1.319502930242211
946 1.319746104897533
947 1.319982994786766
948 1.320214183984891
949 1.320438435193182
950 1.320655411487451
951 1.320865261298553
952 1.321067651752033
953 1.321262702022046
954 1.321451466835599
955 1.321632247470786
956 1.321806761456314
957 1.321973850982872
958 1.322134314967137
959 1.322288607467884
960 1.322435223958197
961 1.322574644995556
962 1.322706538016843
963 1.322831621365658
964 1.322951325280234
965 1.32306624506014
966 1.323175296110784
967 1.323277374697028
968 1.323373673683004
969 1.323463638743114
970 1.323549458804908
971 1.3236308781293
972 1.323707542569397
973 1.323779749879241
974 1.323848786619728
975 1.323913998608933
976 1.323975919803647
977 1.324034224105721
978 1.324089657604562
979 1.324142514002128
980 1.324194164987109
981 1.324245847963723
982 1.324294441849313
983 1.324341867112537
984 1.324388459872012
985 1.324433990678733
986 1.32447838527773
987 1.324522077023285
988 1.324566452611971
989 1.324612329239279
990 1.324659053069424
991 1.32470627310155
992 1.324754209219855
993 1.32480287809994
994 1.324854070713656
995 1.32490767355399
996 1.324963280051379
997 1.325020248944015
998 1.325099429414618
999 1.325158959330469
1000 1.325221584171927
1001 1.325286839792274
1002 1.325373502840482
1003 1.325442792684591
1004 1.325515158195361
1005 1.325608894249585
1006 1.325687212839009
1007 1.325785722012983
1008 1.325870014760425
1009 1.325974228759843
1010 1.326064462066415
1011 1.326174474991536
1012 1.326269112587832
1013 1.326383701962488
1014 1.32648615969408
1015 1.326609941875473
1016 1.326720451382072
1017 1.326850758391443
1018 1.326982713802362
1019 1.327101971998278
1020 1.327241738476186
1021 1.327382560319915
1022 1.327509950404495
1023 1.327656303300273
1024 1.327803600810483
1025 1.32793597212115
1026 1.32808960104976
1027 1.32824495842766
1028 1.328384924839802
1029 1.328544219928773
1030 1.328703956359561
1031 1.328846972624225
1032 1.32901015871488
1033 1.329172739175544
1034 1.329318150147091
1035 1.329483958348159
1036 1.329648825844445
1037 1.329796068295973
1038 1.329961801259653
1039 1.330125570844086
1040 1.330271547628987
1041 1.330434090656485
1042 1.330578839180764
1043 1.330740107005348
1044 1.330882587704735
1045 1.331023710561918
1046 1.331183438343692
1047 1.331323675463959
1048 1.331463143423044
1049 1.331618243809705
1050 1.331752228535382
1051 1.33188479550644
1052 1.332014876928799
1053 1.332160534947392
1054 1.33228426467059
1055 1.332405391755148
1056 1.332524369619353
1057 1.332640472332272
1058 1.332771566345253
1059 1.33288118327425
1060 1.332988516245294
1061 1.333092245498506
1062 1.333194162278519
1063 1.333292795758739
1064 1.333403599407604
1065 1.333493505494982
1066 1.333580721961069
1067 1.333663799114689
1068 1.333743106583308
1069 1.333831054932783
1070 1.333902808904933
1071 1.333970634811314
1072 1.334045259661516
1073 1.334103617673867
1074 1.334159217942361
1075 1.334211870088514
1076 1.334269213229055
1077 1.334313798167152
1078 1.334354677678969
1079 1.334392796318748
1080 1.334435345772678
1081 1.334467816771412
1082 1.334498480825229
1083 1.334526830610838
1084 1.334552865203033
1085 1.334584071487347
1086 1.334604760854215
1087 1.334623764861335
1088 1.334640995635264
1089 1.334656828190761
1090 1.334671702084413
1091 1.33468603091869
1092 1.334708182416651
1093 1.334721109004261
1094 1.334734892467889
1095 1.334747939180281
1096 1.334761154982976
1097 1.334773928220278
1098 1.334786471923276
1099 1.334808447485284
1100 1.334821623263474
1101 1.334834835521998
1102 1.334848864843735
1103 1.334863549959432
1104 1.334880826028433
1105 1.334907930468827
1106 1.334926076738948
1107 1.334946047620448
1108 1.334967362551607
1109 1.334999196343188
1110 1.335022304065954
1111 1.335047134502697
1112 1.335073481836956
1113 1.33510976640443
1114 1.335138417895832
1115 1.335169136282939
1116 1.335201168598712
1117 1.335243555072891
1118 1.335278075686816
1119 1.335315229983842
1120 1.335362474944427
1121 1.335400601190352
1122 1.335441156203434
1123 1.335492638134363
1124 1.335535165629162
1125 1.335588432162195
1126 1.335632443769326
1127 1.33568601434346
1128 1.335731717063014
1129 1.335787920826765
1130 1.335835262558622
1131 1.335892556663002
1132 1.335939847800108
1133 1.335997428838912
1134 1.336055497327118
1135 1.336104432858329
1136 1.336162965632932
1137 1.336221203527392
1138 1.336270437692654
1139 1.336329679291471
1140 1.336388579614523
1141 1.336438254326781
1142 1.336497276747936
1143 1.336555314987108
1144 1.336603658075486
1145 1.336661372329785
1146 1.336716889722052
1147 1.336762721296768
1148 1.336818347321197
1149 1.336873816831739
1150 1.336918495622401
1151 1.336971847228327
1152 1.337022887193788
1153 1.337073280512341
1154 1.33711387366979
1155 1.337162768777159
1156 1.337208959176409
1157 1.337252524454801
1158 1.337286088856381
1159 1.337328693555365
1160 1.33736897550282
1161 1.337407388757567
1162 1.337435976963991
1163 1.337471979097362
1164 1.337505298046177
1165 1.33753619612819
1166 1.337564770669852
1167 1.337583045493774
1168 1.337607025768274
1169 1.337629787392054
1170 1.337649782947818
1171 1.337660204549048
1172 1.33767834084887
1173 1.337695136747951
1174 1.337709675539257
1175 1.337721599015761
1176 1.337722776621215
1177 1.337730856226011
1178 1.337736996297115
1179 1.337741802955921
1180 1.337737763895144
1181 1.337740400161179
1182 1.337740773540306
1183 1.337732691219414
1184 1.337731278806015
1185 1.33772813049951
1186 1.337715793922434
1187 1.337710595330994
1188 1.337702818203935
1189 1.337687241814793
1190 1.337677297127216
1191 1.337660977729198
1192 1.337651171216578
1193 1.337634253145732
1194 1.337623158301178
1195 1.337605256111722
1196 1.337591882193691
1197 1.337571359191913
1198 1.337556497351193
1199 1.337535802991162
1200 1.33751423591722
1201 1.337498767190655
1202 1.337477230808133
1203 1.337457140935955
1204 1.337442852434135
1205 1.33742244748296
1206 1.337401985105111
1207 1.337381868961735
1208 1.337368397117247
1209 1.337348433731921
1210 1.337329208110228
1211 1.337310832905574
1212 1.33729347896537
1213 1.337283313497901
1214 1.337266149642889
1215 1.337250648689497
1216 1.337236627855691
1217 1.337224473205779
1218 1.337211321912407
1219 1.337198171524449
1220 1.337186550840179
1221 1.337175721078051
1222 1.337165913453372
1223 1.337157570114901
1224 1.337151108896179
1225 1.337145692896617
1226 1.337141401770699
1227 1.337138463159529
1228 1.337134688946511
1229 1.337131682911997
1230 1.337128954485341
1231 1.337127071273943
1232 1.337125988093699
1233 1.337125353151984
1234 1.3371249607928
1235 1.337125442154868
1236 1.337126805249129
1237 1.337129093050764
1238 1.337130990131885
1239 1.337132268041621
1240 1.337133486585656
1241 1.337135886259071
1242 1.337138610540946
1243 1.337141648508866
1244 1.33714352473709
1245 1.337145352086854
1246 1.337146748231763
1247 1.337148783057328
1248 1.337149725821107
1249 1.337149966439529
1250 1.337149115518676
1251 1.337148527632691
1252 1.337148145744614
1253 1.337147617785729
1254 1.337146087989087
1255 1.337143032256052
1256 1.337139055606294
1257 1.337135130938332
1258 1.337129118522637
1259 1.33712277414829
1260 1.337114683594874
1261 1.337106632070959
1262 1.337097678661268
1263 1.33708786568675
1264 1.337075972748568
1265 1.337062294716894
1266 1.337047721433384
1267 1.337032328567491
1268 1.337015209879427
1269 1.336997162319056
1270 1.336978298561846
1271 1.336958677000166
1272 1.336937787557893
1273 1.33691497918047
1274 1.336891024666298
1275 1.336865012379547
1276 1.336837460382331
1277 1.336808675839089
1278 1.336779036077758
1279 1.336748764831233
1280 1.33671670103019
1281 1.336683073168915
1282 1.336648883761267
1283 1.336613725823828
1284 1.336577089714438
1285 1.336538953364168
1286 1.336499282646887
1287 1.336458628793871
1288 1.336417727294315
1289 1.336375157065544
1290 1.336331776246078
1291 1.336287256885719
1292 1.336242859199784
1293 1.336197104242326
1294 1.336150387421286
1295 1.33610362611209
1296 1.336055448794464
1297 1.336007081942563
1298 1.335958796737307
1299 1.33590875992227
1300 1.335858731366985
1301 1.335808676588729
1302 1.335758228401155
1303 1.335707380718632
1304 1.335656496465717
1305 1.335605160756608
1306 1.335554062174417
1307 1.335502044639744
1308 1.335450593763638
1309 1.335399077922654
1310 1.335347513265079
1311 1.335295698233666
1312 1.335245195218179
1313 1.335194344346656
1314 1.335144044700889
1315 1.335093316314266
1316 1.335043027900965
1317 1.334991934160347
1318 1.334941639135292
1319 1.334892042490495
1320 1.334841630235328
1321 1.334791430950229
1322 1.334742082192826
1323 1.334694157786873
1324 1.334646756691164
1325 1.334598023486921
1326 1.334551283926369
1327 1.334504481585286
1328 1.334458862414485
1329 1.334412948491486
1330 1.334366470753231
1331 1.334319737409835
1332 1.33427425328109
1333 1.334228721450111
1334 1.334185349899051
1335 1.334141504269887
1336 1.334098027037012
1337 1.334053610638102
1338 1.334009675878764
1339 1.33396609628956
1340 1.333921255489504
1341 1.333876463868452
1342 1.333832089764508
1343 1.333788414273372
1344 1.333745919964912
1345 1.333703691358289
1346 1.333661582507714
1347 1.333619196469194
1348 1.333576677577629
1349 1.333533632055749
1350 1.33348974174276
1351 1.333445830444004
1352 1.33340198705334
1353 1.333358228413422
1354 1.333314155973029
1355 1.333269492314232
1356 1.333225956557291
1357 1.333182026514592
1358 1.333138921742959
1359 1.333094935380372
1360 1.333049713295027
1361 1.333003536445652
1362 1.332957881440483
1363 1.332912377911463
1364 1.332865112957158
1365 1.33281733039246
1366 1.332769218456605
1367 1.332720547604998
1368 1.332672688829271
1369 1.332623995614741
1370 1.332574989815786
1371 1.332525374226522
1372 1.332475591798107
1373 1.332425893499122
1374 1.332374154547848
1375 1.332321289178216
1376 1.332269189603885
1377 1.332216766133619
1378 1.332162228702822
1379 1.332108475570906
1380 1.332053802669229
1381 1.331998648237765
1382 1.33194449141717
1383 1.331888784036148
1384 1.331832279460304
1385 1.331774858961866
1386 1.331717536898911
1387 1.331659263822416
1388 1.331600130696231
1389 1.331541279753864
1390 1.331481856006049
1391 1.331422316437018
1392 1.331362482448615
1393 1.331302053923886
1394 1.331240470429558
1395 1.331178087657754
1396 1.331116309858597
1397 1.331053157971817
1398 1.330989385705249
1399 1.33092479923714
1400 1.33086029961765
1401 1.330795594673579
1402 1.330731225901211
1403 1.330667327157137
1404 1.33060290648972
1405 1.33053768843066
1406 1.330472174448874
1407 1.330406756979445
1408 1.330339420464311
1409 1.330272063485208
1410 1.330204178666971
1411 1.330136013958963
1412 1.330068682240968
1413 1.330001171468005
1414 1.329934066071407
1415 1.329867736251629
1416 1.32980122347261
1417 1.329734506711987
1418 1.329667316015666
1419 1.329599568126663
1420 1.329531603085081
1421 1.32946367488799
1422 1.329396070687434
1423 1.329328166238516
1424 1.329261050658567
1425 1.329193252829959
1426 1.329126196856707
1427 1.329059517679871
1428 1.328993118795371
1429 1.328926470608347
1430 1.328859513814612
1431 1.328791684555372
1432 1.328724486944078
1433 1.328657351219598
1434 1.328590741573946
1435 1.328523842413971
1436 1.328456768440008
1437 1.328388808859928
1438 1.328321562841841
1439 1.328254012913746
1440 1.328186862342664
1441 1.328120570032997
1442 1.328054409424718
1443 1.32798809883776
1444 1.327921442046097
1445 1.327854255557716
1446 1.327786741586662
1447 1.327719294941934
1448 1.327652705746514
1449 1.3275851319407
1450 1.327516967640371
1451 1.327448679590191
1452 1.327381315723194
1453 1.327312560564106
1454 1.327244765799611
1455 1.327176441589148
1456 1.327109428580018
1457 1.327041314627025
1458 1.326972568860935
1459 1.326903876890675
1460 1.326835303360498
1461 1.326765116645259
1462 1.326694852277126
1463 1.326624698417369
1464 1.32655500642061
1465 1.32648515993576
1466 1.326415145959934
1467 1.326344531444543
1468 1.326273584356968
1469 1.326202775789944
1470 1.326132412301685
1471 1.326061375904734
1472 1.325989782219012
1473 1.325917553366789
1474 1.325844782464609
1475 1.325772413482248
1476 1.325700620993226
1477 1.325628871651717
1478 1.325556295568888
1479 1.325483095129705
1480 1.325409941668474
1481 1.325336658841996
1482 1.325264010702989
1483 1.325190673153351
1484 1.325116060866456
1485 1.325040749755629
1486 1.324965942198758
1487 1.32489095580157
1488 1.324815779028653
1489 1.324740137317029
1490 1.324664337263696
1491 1.324587176911453
1492 1.324510067545182
1493 1.32443317237443
1494 1.324356104863485
1495 1.324279245793337
1496 1.324203030403712
1497 1.324126658802507
1498 1.324050671401748
1499 1.323974850871165
1500 1.323899026258832
1501 1.323822085133033
1502 1.323744571219072
1503 1.32366646244827
1504 1.323587087779437
1505 1.323508044330061
1506 1.323429573771768
1507 1.323352163401868
1508 1.323274798982681
1509 1.323196918907239
1510 1.323119359018349
1511 1.32304150747198
1512 1.322964365037337
1513 1.322885618943305
1514 1.322807096140729
1515 1.322728945416538
1516 1.322651729992355
1517 1.322574831198583
1518 1.322497786054263
1519 1.322420441952475
1520 1.322343226034459
1521 1.322266073787604
1522 1.322189884630146
1523 1.32211250940199
1524 1.322035247353649
1525 1.321958476101784
1526 1.32188201790804
1527 1.321805528697977
1528 1.321729212159404
1529 1.321653252913354
1530 1.321577189697445
1531 1.321501505821047
1532 1.321426321719559
1533 1.321350801162158
1534 1.321275654957699
1535 1.321201282883063
1536 1.321126141765283
1537 1.32105102932725
1538 1.320976616058708
1539 1.320902663677215
1540 1.320828952363654
1541 1.320755672708198
1542 1.320682200222634
1543 1.320608586481785
1544 1.320535116761453
1545 1.320461654372215
1546 1.320389179707391
1547 1.320316486888174
1548 1.320244348715434
1549 1.320171710549577
1550 1.320098373093571
1551 1.320025307479488
1552 1.319952186479386
1553 1.319878801186042
1554 1.319805819197709
1555 1.319731887085873
1556 1.319658433462474
1557 1.319584488057808
1558 1.319511231015438
1559 1.3194375945268
1560 1.319363623911616
1561 1.319289482225901
1562 1.319215545536933
1563 1.319141357725315
1564 1.31906844740619
1565 1.318994635284512
1566 1.31891965531101
1567 1.318844600256372
1568 1.318769431638649
1569 1.318694003297133
1570 1.318619597460101
1571 1.318544659688631
1572 1.318469284928785
1573 1.318393410744011
1574 1.318317550723187
1575 1.318242000763604
1576 1.318165812050284
1577 1.318089704004856
1578 1.318012955551543
1579 1.317936084908385
1580 1.317858618291393
1581 1.317780873400479
1582 1.31770310719809
1583 1.317625759327026
1584 1.317548742619518
1585 1.317471353853541
1586 1.317394729732833
1587 1.317317291347869
1588 1.317239556859703
1589 1.317162042080953
1590 1.317083275056836
1591 1.317003904505729
1592 1.316925346007159
1593 1.316846238182748
1594 1.316766808055703
1595 1.316687665445931
1596 1.316608918792997
1597 1.316530302147756
1598 1.316452006032575
1599 1.316373371326568
1600 1.316293933130748
1601 1.316213654311301
1602 1.316133479228382
1603 1.316053673567539
1604 1.315974029610592
1605 1.315894830547524
1606 1.315815909556158
1607 1.315736337920545
1608 1.315656795486713
1609 1.315577232638563
1610 1.315497758939772
1611 1.315418481968955
1612 1.315339235982951
1613 1.315259813991939
1614 1.315179791159483
1615 1.315100086670431
1616 1.315020699469177
1617 1.314940935196374
1618 1.31486148881261
1619 1.314781281857486
1620 1.314701554675492
1621 1.314622699094169
1622 1.314544113950024
1623 1.314466361669841
1624 1.314387874989403
1625 1.314308900254863
1626 1.314234137393832
1627 1.314155467079044
1628 1.314076803775019
1629 1.313997600758941
1630 1.31392263693496
1631 1.313844461703796
1632 1.313767762261716
1633 1.313694568623507
1634 1.313617009962109
1635 1.313539518636759
1636 1.313466155312015
1637 1.313387215724594
1638 1.313309374943728
1639 1.313235720708345
1640 1.313157925859808
1641 1.313078854666279
1642 1.313004512570874
1643 1.312926786387617
1644 1.312849950867508
1645 1.312778172123754
1646 1.312701297080837
1647 1.312629026600567
1648 1.312551867120855
1649 1.312474775283177
1650 1.312401940226617
1651 1.31232483876241
1652 1.312247074681257
1653 1.312169712895887
1654 1.312096855807992
1655 1.312020424160748
1656 1.311944120160301
1657 1.311867759923924
1658 1.311791486814973
1659 1.311714957249352
1660 1.311638846974966
1661 1.3115625787012
1662 1.311486735749723
1663 1.311411745226962
1664 1.311337169649436
1665 1.311263204107213
1666 1.31118900918065
1667 1.311114724877684
1668 1.311041328616333
1669 1.310967989271435
1670 1.310895202151087
1671 1.310821922005478
1672 1.310748645496315
1673 1.310674887873116
1674 1.310600748430725
1675 1.310526763499347
1676 1.310453311367642
1677 1.310380331115763
1678 1.310308468842428
1679 1.310236638149954
1680 1.310165045533752
1681 1.310093616249037
1682 1.310021889393802
1683 1.309949809642199
1684 1.309877943796947
1685 1.309806434071088
1686 1.309734023500577
1687 1.309661554212459
1688 1.309589168342679
1689 1.309521347326806
1690 1.309448113916122
1691 1.309375615942275
1692 1.309307830592331
1693 1.309235590386512
1694 1.309167486897861
1695 1.309095283170902
1696 1.309028007659423
1697 1.308955273040286
1698 1.308887907788704
1699 1.308814322386668
1700 1.308746717819845
1701 1.308672060134328
1702 1.308603798687533
1703 1.30853006501529
1704 1.308462545559169
1705 1.308389480133913
1706 1.308320646909328
1707 1.308246692369729
1708 1.308177535019383
1709 1.308103752489725
1710 1.308035565969014
1711 1.307962271218615
1712 1.307894416332183
1713 1.307820404105126
1714 1.307752199582037
1715 1.307679676930547
1716 1.307612110361334
1717 1.307538373424198
1718 1.307470571214617
1719 1.307398340950974
1720 1.307330459815844
1721 1.307257255685271
1722 1.307184941996942
1723 1.30711655180293
1724 1.307043440404344
1725 1.306976250042416
1726 1.30690486273767
1727 1.306838293621615
1728 1.306765979614503
1729 1.306699543403339
1730 1.306627480224677
1731 1.306561575709002
1732 1.306490248957789
1733 1.306425217062867
1734 1.30635524654277
1735 1.30629123004035
1736 1.306221093857225
1737 1.306156519435309
1738 1.306086191976308
1739 1.306021460989312
1740 1.305951537124542
1741 1.305886650262809
1742 1.305817328991384
1743 1.30574837156736
1744 1.305680137644777
1745 1.305618021987814
1746 1.305550377828571
1747 1.305484230735232
1748 1.305422372220727
1749 1.305356620802163
1750 1.30529082760724
1751 1.305226433411317
1752 1.305165610015219
1753 1.305100078113717
1754 1.305034730139019
1755 1.30496963506867
1756 1.304904127814054
1757 1.304844026745675
1758 1.304779039740959
1759 1.304715121044784
1760 1.304651178532198
1761 1.304587854084302
1762 1.304524259853033
1763 1.304466045304074
1764 1.304403152995548
1765 1.304340267317476
1766 1.304282024859494
1767 1.304218859842371
1768 1.304157066426087
1769 1.304094598517775
1770 1.304037695793544
1771 1.303973914933087
1772 1.303910607480296
1773 1.303847347559334
1774 1.303785001930017
1775 1.30372255577653
1776 1.303664896834164
1777 1.303602965509203
1778 1.303540833566984
1779 1.303479086876084
1780 1.303422079336894
1781 1.303360336745943
1782 1.303298569385352
1783 1.303241526014698
1784 1.303180040808106
1785 1.303118192558521
1786 1.303056254935339
1787 1.302994317858686
1788 1.302931552243662
1789 1.302869585944058
1790 1.302807908650999
1791 1.302746295024835
1792 1.302684928145649
1793 1.302624844648217
1794 1.302565041439607
1795 1.302505174851355
1796 1.302446618510272
1797 1.302387313761156
1798 1.302327335321693
1799 1.302267751734367
1800 1.30220846230342
1801 1.302149266730907
1802 1.302089502727865
1803 1.302030409670058
1804 1.301973030262751
1805 1.301914474453651
1806 1.30185637924794
1807 1.301797498088751
1808 1.301739405755904
1809 1.301682096926133
1810 1.301624985100729
1811 1.301568518007569
1812 1.301512802845592
1813 1.301456716048962
1814 1.301400568075186
1815 1.301343517703594
1816 1.301287653365291
1817 1.301232235023273
1818 1.301175510973873
1819 1.301118909526344
1820 1.301062941416983
1821 1.30100743338369
1822 1.300953021691856
1823 1.300898387777567
1824 1.300843643679162
1825 1.300788368569637
1826 1.30073367074932
1827 1.300678587292318
1828 1.30062487526283
1829 1.300571304874965
1830 1.300518210143406
1831 1.300464384003215
1832 1.300410895276233
1833 1.300357544703921
1834 1.300304591297312
1835 1.300250052168573
1836 1.300197102802698
1837 1.300142893395648
1838 1.300089500773984
1839 1.300035780332467
1840 1.299983818486667
1841 1.299930743129123
1842 1.299878878843928
1843 1.299825552297651
1844 1.299773431917983
1845 1.299720934443663
1846 1.299670073769617
1847 1.299618767719654
1848 1.299568533294386
1849 1.299517462658142
1850 1.299466829036278
1851 1.299415887881253
1852 1.299366190516962
1853 1.299315370868736
1854 1.299265589272286
1855 1.299215553191118
1856 1.299166702260327
1857 1.299117675422974
1858 1.299068284401328
1859 1.299019154394543
1860 1.298972092430942
1861 1.298923371775168
1862 1.29887553069909
1863 1.298827561006628
1864 1.298780425673703
1865 1.298733058596168
1866 1.298687294699663
1867 1.298640815579122
1868 1.298595143597828
1869 1.298548010070913
1870 1.298502283952255
1871 1.298456179419387
1872 1.298410353897019
1873 1.298364199645022
1874 1.298319352709708
1875 1.298273849124583
1876 1.298229110191911
1877 1.298183034600718
1878 1.298139112088468
1879 1.298094271921488
1880 1.298050411587863
1881 1.298007058044046
1882 1.297963011599097
1883 1.297918242147655
1884 1.297874785565818
1885 1.297830885008119
1886 1.297788088046495
1887 1.297744945400519
1888 1.297702197414856
1889 1.297659141447506
1890 1.29761719682967
1891 1.297575022857204
1892 1.297532098518233
1893 1.297488037715896
1894 1.297446026887382
1895 1.29740270069329
1896 1.297360050977737
1897 1.297318703858316
1898 1.297277421525586
1899 1.297235604437766
1900 1.297195287954911
1901 1.297154872450388
1902 1.297114793877654
1903 1.297074432317496
1904 1.297034299966742
1905 1.29699365430215
1906 1.296954419981069
1907 1.296914270941283
1908 1.2968742921904
1909 1.296833795633896
1910 1.296794894060797
1911 1.296753485829099
1912 1.296714920794553
1913 1.296675509295243
1914 1.296636572041696
1915 1.296597714378883
1916 1.296559903695211
1917 1.296521841327202
1918 1.296484642461215
1919 1.296444956485596
1920 1.296407871921387
1921 1.296369480539426
1922 1.296332518872952
1923 1.296295751617439
1924 1.296258126552435
1925 1.296220015751624
1926 1.296183057043239
1927 1.296146116825397
1928 1.29611030166795
1929 1.296074056182804
1930 1.296038668265375
1931 1.296002573876916
1932 1.295967658341944
1933 1.295931083951324
1934 1.295894911368757
1935 1.295858504839173
1936 1.295823781225592
1937 1.295787863353065
1938 1.295753097762906
1939 1.295717757106925
1940 1.295683488142286
1941 1.295649283795705
1942 1.295613538729724
1943 1.295577803362713
1944 1.295545066118296
1945 1.295509803626648
1946 1.295475597329275
1947 1.29544115358949
1948 1.295407777146091
1949 1.295374120447598
1950 1.295341251573024
1951 1.295307387816151
1952 1.295274710795661
1953 1.295241843683408
1954 1.29521000420434
1955 1.295177568918768
1956 1.295146240179001
1957 1.295112779917429
1958 1.295080733080835
1959 1.295049127294035
1960 1.295017515493105
1961 1.294985318604932
1962 1.294953293444568
1963 1.294921206916571
1964 1.294890947336775
1965 1.29486107927799
1966 1.294830745164785
1967 1.29480025916865
1968 1.294770550091516
1969 1.294740359495366
1970 1.294711401729639
1971 1.294682870579714
1972 1.294652687008085
1973 1.29462234296214
1974 1.294594963002517
1975 1.294567473250844
1976 1.29453969853723
1977 1.29451217051906
1978 1.294484593245328
1979 1.294457294479905
1980 1.294432150255549
1981 1.294405356719675
1982 1.294379879635522
1983 1.294353140062866
1984 1.294327481560633
1985 1.294300749558263
1986 1.294275163167114
1987 1.294247994477116
1988 1.294223627693204
1989 1.294196863440207
1990 1.294171634118311
1991 1.294146427760614
1992 1.2941220514319
1993 1.294096850067785
1994 1.294072869215865
1995 1.294047987735789
1996 1.294023468730688
1997 1.29399891537216
1998 1.293974854464133
1999 1.293950726227907
2000 1.293927552318068
2001 1.293904013152547
2002 1.293881702256188
2003 1.293858526122665
2004 1.293836310890275
2005 1.293813547358685
2006 1.293790422484753
2007 1.293766655019772
2008 1.293745238684779
2009 1.293723243383215
2010 1.293701246763913
2011 1.293677991705019
2012 1.293656677777338
2013 1.293635283249653
2014 1.293615369654159
2015 1.29359447588264
2016 1.293575326857746
2017 1.293554733908845
2018 1.293535104677942
2019 1.293515051509371
2020 1.293494945601621
2021 1.293473742697145
2022 1.293454799608217
2023 1.293435275118379
2024 1.293417644362632
2025 1.293397466029394
2026 1.293378795156303
2027 1.293359711980306
2028 1.29334232006363
2029 1.293324583983865
2030 1.29330776316976
2031 1.293289964455999
2032 1.29327339284233
2033 1.293256482933708
2034 1.293240478613644
2035 1.293223333449319
2036 1.293207036305682
2037 1.293190173511926
2038 1.293175098653693
2039 1.293160269210024
2040 1.293144159105472
2041 1.293127400093808
2042 1.293111915081035
2043 1.293096500565898
2044 1.293082613611323
2045 1.293068336473928
2046 1.293055039173632
2047 1.293041374053127
2048 1.293029261712081
2049 1.29301578894489
2050 1.29300321411141
2051 1.292988988885727
2052 1.292976060185287
2053 1.292963032836309
2054 1.292951317759657
2055 1.292937439978093
2056 1.292924740292592
2057 1.292912062195508
2058 1.292901042124921
2059 1.29289024254357
2060 1.292880143512058
2061 1.29286921985956
2062 1.292858743498398
2063 1.292847619865087
2064 1.292838319280098
2065 1.292826624660427
2066 1.292815731637047
2067 1.292804402700662
2068 1.292795683687795
2069 1.292785839873787
2070 1.292777299407464
2071 1.292767093763853
2072 1.292758049829491
2073 1.292749032466384
2074 1.292740699622105
2075 1.29273209252746
2076 1.292723863566653
2077 1.292715539226848
2078 1.292708348971625
2079 1.292699974936065
2080 1.292692209798349
2081 1.292683848567689
2082 1.292676276946835
2083 1.292669121622538
2084 1.292662614027849
2085 1.29265561038981
2086 1.292648400419782
2087 1.292640989160605
2088 1.292634415764951
2089 1.292628046238672
2090 1.292622203146324
2091 1.292616170303263
2092 1.292611036455324
2093 1.292605647457909
2094 1.292600383046911
2095 1.292594326270116
2096 1.292588690792585
2097 1.292582541653778
2098 1.292578067358071
2099 1.292573409718242
2100 1.292567812898007
2101 1.292562865694745
2102 1.292558690534229
2103 1.292555087429874
2104 1.292551945780905
2105 1.292549241615685
2106 1.292546946533625
2107 1.292544712327849
2108 1.29254255908558
2109 1.292540188743101
2110 1.292536808682071
2111 1.292533370406063
2112 1.292530764999941
2113 1.292529899415831
2114 1.292528845731482
2115 1.292527476005722
2116 1.292526863701546
2117 1.292525661596622
2118 1.292524134023193
2119 1.292523391757165
2120 1.292523324100058
2121 1.292523352745279
2122 1.292523578867569
2123 1.292524021140594
2124 1.292525139121977
2125 1.292527104327001
2126 1.292527139552018
2127 1.292526959855687
2128 1.292527844709972
2129 1.29253003760302
2130 1.292532272340516
2131 1.292534838730309
2132 1.292537209230932
2133 1.292539336859354
2134 1.29254151483402
2135 1.292544702405667
2136 1.292547779094828
2137 1.29255191558575
2138 1.292555503585132
2139 1.292558872374953
2140 1.292561781365766
2141 1.29256499618669
2142 1.292568396508801
2143 1.292573262426341
2144 1.292578453170663
2145 1.292583383379985
2146 1.292588822334641
2147 1.292594386495263
2148 1.292600250974306
2149 1.292606148136202
2150 1.292611862171089
2151 1.292617851993862
2152 1.292623803233667
2153 1.292629815422274
2154 1.292636673874979
2155 1.292643692230071
2156 1.292651511083942
2157 1.292659296375095
2158 1.292667574089365
2159 1.292675578427479
2160 1.292683375674611
2161 1.292691793026201
2162 1.29269991472968
2163 1.292709079246025
2164 1.29271656745094
2165 1.292724766854532
2166 1.292733121020188
2167 1.29274284178198
2168 1.29275256904073
2169 1.292762589003526
2170 1.292772937087245
2171 1.292783045917354
2172 1.292793923701153
2173 1.292804293755984
2174 1.292814623614926
2175 1.292825119340839
2176 1.292836202352085
2177 1.292847655312648
2178 1.292858170390151
2179 1.292868547357801
2180 1.292880903896329
2181 1.292893488051793
2182 1.292905869639984
2183 1.292918299799558
2184 1.292930824656682
2185 1.292943257478505
2186 1.292956029731709
2187 1.29296888616316
2188 1.292984121305441
2189 1.292996855876887
2190 1.293010046508582
2191 1.293023353517103
2192 1.293036369960245
2193 1.293050491356818
2194 1.29306483676781
2195 1.293080548472876
2196 1.293096191726198
2197 1.293113283740354
2198 1.29312780471233
2199 1.293142214567235
2200 1.293156855716255
2201 1.29317216032437
2202 1.293187288199991
2203 1.293203225397821
2204 1.293219671986635
2205 1.293237110141273
2206 1.293253825752561
2207 1.293271562118721
2208 1.293288642235574
2209 1.293304854612287
2210 1.293321555933505
2211 1.293340291983807
2212 1.29335758740331
2213 1.293375405056317
2214 1.293391877829772
2215 1.293408528518221
2216 1.293426141403802
2217 1.29344746474642
2218 1.293466348458937
2219 1.293484537982476
2220 1.293502887947614
2221 1.293521685931448
2222 1.293541571052718
2223 1.293561941352513
2224 1.293582219925185
2225 1.293602603542103
2226 1.293621172330154
2227 1.293639573290228
2228 1.293658156998068
2229 1.293678278414726
2230 1.293698622703648
2231 1.293719728882991
2232 1.293740821339399
2233 1.293762431235251
2234 1.293784551305964
2235 1.293806931061222
2236 1.293829004145195
2237 1.293850934182681
2238 1.293872701044605
2239 1.293893855953009
2240 1.293916423674491
2241 1.293939048844473
2242 1.293962880721279
2243 1.29398590964116
2244 1.294007401647093
2245 1.294029873625949
2246 1.294052479520059
2247 1.294076487933046
2248 1.294101868937214
2249 1.29412745248668
2250 1.294151705368858
2251 1.294176322714256
2252 1.294202014809585
2253 1.294226283818775
2254 1.294250847806168
2255 1.29427533893083
2256 1.294300680422537
2257 1.294326250876247
2258 1.294352472438594
2259 1.294378754597565
2260 1.294405435088393
2261 1.294433587586482
2262 1.294459950644363
2263 1.294485610475243
2264 1.294510910445875
2265 1.294536879365843
2266 1.294563781516533
2267 1.294591319536541
2268 1.294618584739562
2269 1.294646179357802
2270 1.294674642531994
2271 1.294703325515688
2272 1.29473225663733
2273 1.294761059351889
2274 1.29478891512507
2275 1.294816912232671
2276 1.294844953893402
2277 1.294874238514961
2278 1.294904685552718
2279 1.29493318268122
2280 1.294961549665543
2281 1.294990678494603
2282 1.295021192535506
2283 1.295051703151695
2284 1.29508170884389
2285 1.295112069401492
2286 1.2951410053835
2287 1.295169804621919
2288 1.295199216201713
2289 1.295230349744604
2290 1.295261425231912
2291 1.295292828201812
2292 1.295325174721139
2293 1.295356640756031
2294 1.295387596238457
2295 1.295419916523762
2296 1.295451581203162
2297 1.295484092137893
2298 1.295514761691948
2299 1.29554702029712
2300 1.295577387821041
2301 1.295608209755163
2302 1.295640005870913
2303 1.295672785062713
2304 1.295706597541227
2305 1.295740884553055
2306 1.295775064467212
2307 1.295809164770428
2308 1.295843038110434
2309 1.295876425252995
2310 1.295909290736614
2311 1.295941757139952
2312 1.295974642205696
2313 1.296008880819685
2314 1.29604406072647
2315 1.296080047215804
2316 1.296114676676682
2317 1.296149073935191
2318 1.296183709649738
2319 1.296218379209734
2320 1.296253393175625
2321 1.296288796299049
2322 1.296323877327147
2323 1.29635886937933
2324 1.296394533345944
2325 1.296431012744749
2326 1.296466678359375
2327 1.296502377084873
2328 1.296538024991312
2329 1.296573861588711
2330 1.29660914573778
2331 1.296644819795256
2332 1.296681498355782
2333 1.296719664640099
2334 1.296756951333384
2335 1.296793465779666
2336 1.29683032939252
2337 1.296868114073056
2338 1.296906757225487
2339 1.29694292153966
2340 1.296979209387946
2341 1.297016204233218
2342 1.297054605672233
2343 1.297094050705182
2344 1.297132434952849
2345 1.29717110311779
2346 1.297208060229321
2347 1.297246009463984
2348 1.297285042404283
2349 1.29732526352309
2350 1.297363669611908
2351 1.297401612321723
2352 1.297440127066685
2353 1.297478026935156
2354 1.297518196762956
2355 1.297558055146497
2356 1.297597346163632
2357 1.297637378248859
2358 1.297675978677893
2359 1.297713983105001
2360 1.297753783866832
2361 1.297793734257722
2362 1.29783222271637
2363 1.297872052530212
2364 1.297911528491862
2365 1.29795243188758
2366 1.297994223545298
2367 1.298034044385438
2368 1.298074681764972
2369 1.298113117747356
2370 1.298151489153358
2371 1.298190734988199
2372 1.298230883028308
2373 1.298272966540567
2374 1.298314243580721
2375 1.298356229527142
2376 1.298397689142002
2377 1.298439706856033
2378 1.298481250452602
2379 1.298523740246187
2380 1.298564143585623
2381 1.298604538500996
2382 1.298644876828949
2383 1.298685950150475
2384 1.298728848565166
2385 1.298771604313545
2386 1.298813341201655
2387 1.298855199478111
2388 1.298897006560133
2389 1.29893944933003
2390 1.298981907596356
2391 1.299025997700816
2392 1.299067700976308
2393 1.299110048810097
2394 1.299153332086705
2395 1.299196685739869
2396 1.299238518851394
2397 1.299281929549419
2398 1.299325427116088
2399 1.299369731916312
2400 1.299414738426939
2401 1.299458685740351
2402 1.299501887797964
2403 1.299544907187828
2404 1.299589159405145
2405 1.299634373134833
2406 1.299678749664266
2407 1.299722764667019
2408 1.299766431705678
2409 1.299809909254261
2410 1.299854698611213
2411 1.29989868767927
2412 1.299943404374539
2413 1.299989114189855
2414 1.300035537097237
2415 1.300082227914041
2416 1.300126981474007
2417 1.300171605704448
2418 1.300217172399036
2419 1.300264977794645
2420 1.300309164188199
2421 1.300354458979993
2422 1.300399932699249
2423 1.300445403979416
2424 1.300492072515413
2425 1.300538826620729
2426 1.30058492595705
2427 1.300632086938877
2428 1.300680025185771
2429 1.300726319568475
2430 1.300772853261735
2431 1.300819392052575
2432 1.300864577787528
2433 1.300911370939101
2434 1.300958626616911
2435 1.301005719831785
2436 1.301051722016879
2437 1.301098580330696
2438 1.301145231844308
2439 1.301191229873322
2440 1.301238202775189
2441 1.301287282224463
2442 1.301335397664577
2443 1.301382928067139
2444 1.301430402650237
2445 1.301476959708635
2446 1.30152297634336
2447 1.301569875371162
2448 1.301619218026173
2449 1.301667127241115
2450 1.301715639381643
2451 1.30176259291533
2452 1.301809513466196
2453 1.301857452634533
2454 1.301904590918374
2455 1.301951596251445
2456 1.301997667819448
2457 1.302045264286674
2458 1.302094349515241
2459 1.302142688166271
2460 1.30218999032014
2461 1.30223786030506
2462 1.302286945059968
2463 1.302335817795964
2464 1.302384083934521
2465 1.302432988191781
2466 1.302480265997393
2467 1.302527370741283
2468 1.30257381019657
2469 1.302621749028345
2470 1.302670499781665
2471 1.302719834023417
2472 1.30277071674899
2473 1.302820083561688
2474 1.302870512295063
2475 1.302918707516623
2476 1.302968227848747
2477 1.303016411491064
2478 1.303064169243599
2479 1.303114898040768
2480 1.303163700165376
2481 1.303212587838384
2482 1.303261866636957
2483 1.303310744462517
2484 1.303361894888221
2485 1.303413329734542
2486 1.303462141214906
2487 1.303511611517675
2488 1.303561780525691
2489 1.3036118884745
2490 1.30366202218906
2491 1.303713005379687
2492 1.30376347328943
2493 1.303814524062979
2494 1.303866144604038
2495 1.303913079615293
2496 1.303960423312351
2497 1.304008295125852
2498 1.304059853085879
2499 1.304109973685691
2500 1.304160710969758
2501 1.304211251862756
2502 1.304263149466865
2503 1.304314296308749
2504 1.304365193015953
2505 1.304416016883628
2506 1.304468936000844
2507 1.304518103554589
2508 1.304566864438855
2509 1.30461689254895
2510 1.304669655377717
2511 1.304720161716245
2512 1.304771278298176
2513 1.304822634988542
2514 1.304873907177972
2515 1.304925623361662
2516 1.304977431198494
2517 1.305027977570994
2518 1.30507909132093
2519 1.305131688671218
2520 1.30518354242184
2521 1.305233324559213
2522 1.305284496836848
2523 1.305336798332023
2524 1.305386372525589
2525 1.305436333065464
2526 1.305487235442241
2527 1.305539849474577
2528 1.305593055205277
2529 1.305646843618979
2530 1.305699819050186
2531 1.305752430200556
2532 1.305803309822191
2533 1.305854796735198
2534 1.305907209846605
2535 1.305959936301765
2536 1.306010546236834
2537 1.30606177195606
2538 1.306114876622963
2539 1.306167898199399
2540 1.306220435075221
2541 1.306272410673366
2542 1.306325409591354
2543 1.306378092879277
2544 1.306431988453428
2545 1.306484984459667
2546 1.306539260196248
2547 1.30659318069456
2548 1.306648324789394
2549 1.306702057876198
2550 1.306756366210162
2551 1.306810351201697
2552 1.306862388044442
2553 1.30691486279879
2554 1.306968954310343
2555 1.307022278120464
2556 1.307075889008557
2557 1.307127415661067
2558 1.307179775078811
2559 1.307232481779907
2560 1.307285553902996
2561 1.307339460454221
2562 1.307393321478965
2563 1.307447838088815
2564 1.307502043654233
2565 1.307553051849025
2566 1.30760468321882
2567 1.307657350868247
2568 1.307710890275948
2569 1.307762584345698
2570 1.307815052409844
2571 1.307866817777079
2572 1.307920176488666
2573 1.307973956286042
2574 1.308026576194043
2575 1.308079824145799
2576 1.308133268569643
2577 1.308188837535856
2578 1.308242250134033
2579 1.308296326135963
2580 1.308347792671181
2581 1.308398830140341
2582 1.308451702945461
2583 1.30850427228999
2584 1.308557884942144
2585 1.308612024127021
2586 1.308665694277553
2587 1.308719300885548
2588 1.30877276043872
2589 1.308827273335336
2590 1.308880309801289
2591 1.30893488919824
2592 1.30898876148693
2593 1.309041424677515
2594 1.30909423134875
2595 1.309147231922318
2596 1.309200425318642
2597 1.309254901229574
2598 1.309310178203268
2599 1.309365325962136
2600 1.309420249321493
2601 1.309474691660684
2602 1.309529182624542
2603 1.309583457931663
2604 1.309638525381536
2605 1.309691147348116
2606 1.309744074331226
2607 1.309797578724283
2608 1.309852102097899
2609 1.309907033000193
2610 1.309962147273594
2611 1.310017147810188
2612 1.310071176709317
2613 1.310125362174647
2614 1.310180198652604
2615 1.310234634130632
2616 1.310288070007089
2617 1.31034176249553
2618 1.310397763109568
2619 1.310454209120759
2620 1.31050933243273
2621 1.310564348832191
2622 1.310620184194215
2623 1.310676034502847
2624 1.310732565202035
2625 1.310787696182988
2626 1.310842873226688
2627 1.310897353215262
2628 1.310950222402338
2629 1.311004028960851
2630 1.311058458190112
2631 1.311114368101077
2632 1.31117011495536
2633 1.311225590595826
2634 1.311281208090587
2635 1.311337622851562
2636 1.311393391365237
2637 1.311449280724765
2638 1.311505782453271
2639 1.311562340970683
2640 1.311616945343443
2641 1.311670970704396
2642 1.31172445588091
2643 1.311779064244122
2644 1.311835217392442
2645 1.311891653690821
2646 1.311948670291016
2647 1.312004842350511
2648 1.3120610273914
2649 1.312117126373114
2650 1.312173932063759
2651 1.312230590469682
2652 1.312288453650198
2653 1.312342540575397
2654 1.312396882742009
2655 1.312452861867497
2656 1.312508055763014
2657 1.312561299728319
2658 1.312615947595849
2659 1.312672885787211
2660 1.312729792516809
2661 1.312786260012914
2662 1.312842930275532
2663 1.312899704938521
2664 1.31295518619826
2665 1.313011679810302
2666 1.313067352387625
2667 1.31312282054345
2668 1.313181021856129
2669 1.313239543377104
2670 1.313295245323713
2671 1.313350148129129
2672 1.313406890305123
2673 1.313463448792095
2674 1.313519243546196
2675 1.31357514271141
2676 1.31363219429826
2677 1.313688124800387
2678 1.313741895887775
2679 1.31379682145711
2680 1.313853012277096
2681 1.313911207445428
2682 1.313967967583744
2683 1.314025317490246
2684 1.314083262834756
2685 1.314139754152839
2686 1.314196226823698
2687 1.314253315365585
2688 1.314309891287167
2689 1.314366425078902
2690 1.314422265484332
2691 1.314477033535607
2692 1.314532148706648
2693 1.314587864058152
2694 1.314643396854371
2695 1.314701276296216
2696 1.3147596398287
2697 1.314817180527511
2698 1.314875645179481
2699 1.314932580429136
2700 1.31498871762604
2701 1.315044452051513
2702 1.315099086779682
2703 1.315154628824116
2704 1.315212309822971
2705 1.315268935205007
2706 1.315326013691571
2707 1.315383177564388
2708 1.31544175837491
2709 1.315498607877006
2710 1.315555708922215
2711 1.315612841781692
2712 1.315670380755306
2713 1.315727821107704
2714 1.315784280241976
2715 1.315840548193801
2716 1.315895282333605
2717 1.31595129099109
2718 1.316007867490797
2719 1.316066145320445
2720 1.316125096517222
2721 1.316184110890573
2722 1.316241219817698
2723 1.31629891351237
2724 1.316355694273595
2725 1.316412391333853
2726 1.31646902150338
2727 1.316525591436963
2728 1.31658278086397
2729 1.316641314705907
2730 1.316699569728874
2731 1.316758034327084
2732 1.316815360817562
2733 1.316872356557132
2734 1.316927615928782
2735 1.316984104528734
2736 1.317041335712371
2737 1.317100608460369
2738 1.317157843934125
2739 1.317215896876006
2740 1.317273824759591
2741 1.317331245785926
2742 1.317389781007618
2743 1.317448195875217
2744 1.317505896908408
2745 1.3175625226506
2746 1.317620192545712
2747 1.317678775372628
2748 1.317735987787304
2749 1.317793112311232
2750 1.317852210207732
2751 1.31790938922159
2752 1.317965019354688
2753 1.318021791979289
2754 1.318078918145128
2755 1.318137896838785
2756 1.31819618361466
2757 1.31825487184406
2758 1.318313899744112
2759 1.318372353546451
2760 1.318430573550504
2761 1.318488391215447
2762 1.318546454753714
2763 1.318602285287639
2764 1.318659209445224
2765 1.318716831249613
2766 1.31877576384854
2767 1.318832227188469
2768 1.318889217018141
2769 1.318947374989666
2770 1.319007430697756
2771 1.319066176724208
2772 1.319124843049945
2773 1.319184049076142
2774 1.319241909241299
2775 1.319298828604474
2776 1.319356143895573
2777 1.319413738683872
2778 1.31947349916674
2779 1.319531909573205
2780 1.319589788460235
2781 1.319646662873288
2782 1.319704062261171
2783 1.319762700696738
2784 1.319821260139121
2785 1.31987885293861
2786 1.319936956802971
2787 1.319995729627893
2788 1.320053691359262
2789 1.320109215715345
2790 1.320166860203174
2791 1.320225024031164
2792 1.320283672886504
2793 1.320341891887843
2794 1.320400759779339
2795 1.320458721702103
2796 1.320517030966764
2797 1.320575868929467
2798 1.320634541141602
2799 1.320693793042095
2800 1.320751499711719
2801 1.320809116131126
2802 1.320867675163852
2803 1.320925159028272
2804 1.320985137344213
2805 1.321041743810234
2806 1.321098513800554
2807 1.321157237252923
2808 1.321215844802064
2809 1.321275856238459
2810 1.321333940582416
2811 1.321391770891218
2812 1.3214490539378
2813 1.321507599960373
2814 1.321565726478906
2815 1.32162313330333
2816 1.32168225499893
2817 1.321740767067562
2818 1.321800518103839
2819 1.321859573035257
2820 1.321919032705768
2821 1.321977663254929
2822 1.322037209637637
2823 1.322093971599172
2824 1.322150262729915
2825 1.3222063317139
2826 1.322263581977357
2827 1.322322394229381
2828 1.322381406464136
2829 1.322442516160045
2830 1.322501151246112
2831 1.322558580077987
2832 1.322616569758432
2833 1.322675146727179
2834 1.322735316091136
2835 1.322794120154885
2836 1.322853045400286
2837 1.322912156095752
2838 1.322969732088753
2839 1.323025793524764
2840 1.323083306324019
2841 1.323141048043851
2842 1.323198574051397
2843 1.323255597596028
2844 1.323312806685065
2845 1.32337127333701
2846 1.323429870765494
2847 1.323488794396916
2848 1.323548637450936
2849 1.323607231334235
2850 1.323667075379317
2851 1.323724911381769
2852 1.323782741338842
2853 1.323839556471337
2854 1.323897189377708
2855 1.323955589381162
2856 1.324013808791462
2857 1.324073351295425
2858 1.324131995055278
2859 1.324188821932324
2860 1.324246236753323
2861 1.324304000839568
2862 1.324364059586896
2863 1.32442203408119
2864 1.324480437445571
2865 1.324539411980737
2866 1.32459962084671
2867 1.324659701357216
2868 1.324717759282603
2869 1.324773981839648
2870 1.32483037807795
2871 1.324888190855594
2872 1.324946702730595
2873 1.325005836064521
2874 1.325065956364655
2875 1.325123649836141
2876 1.325180208860594
2877 1.325236704397336
2878 1.325293403791051
2879 1.325351115125051
2880 1.325410487167768
2881 1.325471082602804
2882 1.325532999064127
2883 1.325589889919084
2884 1.325647377599368
2885 1.325705476015728
2886 1.3257636556921
2887 1.325821550956277
2888 1.325878951672447
2889 1.325936954689957
2890 1.32599635316126
2891 1.326054558654712
2892 1.326112435037567
2893 1.326171499360183
2894 1.326230868118113
2895 1.326288765591156
2896 1.326346142156172
2897 1.326404624649772
2898 1.326461980594624
2899 1.326519418748291
2900 1.32657715742201
2901 1.326636547695929
2902 1.326696962324123
2903 1.326754904293972
2904 1.326812258491326
2905 1.326869978323052
2906 1.326928291064696
2907 1.326987824265922
2908 1.327046686224391
2909 1.327106320663908
2910 1.327164669077412
2911 1.327222893199697
2912 1.327279608608615
2913 1.327336571083162
2914 1.32739395539509
2915 1.327451245417347
2916 1.327509367242568
2917 1.327568962842768
2918 1.327627180598576
2919 1.327685746469098
2920 1.32774292291461
2921 1.327800698705898
2922 1.327859443280534
2923 1.327919495235383
2924 1.327979010435217
2925 1.328036706417621
2926 1.328092772511445
2927 1.328150793480181
2928 1.328207928006867
2929 1.328266271995608
2930 1.328325096875448
2931 1.328384328067032
2932 1.328442340223014
2933 1.328499643069375
2934 1.328557471697845
2935 1.3286154019781
2936 1.328672014143976
2937 1.328729081236873
2938 1.328786917000155
2939 1.328845484953262
2940 1.328904011220168
2941 1.328962591770346
2942 1.329019695173999
2943 1.329076787637809
2944 1.329135065315689
2945 1.329193453038984
2946 1.32925193354467
2947 1.329309555216809
2948 1.329366206214938
2949 1.329423260351473
2950 1.329481452415756
2951 1.329539318265161
2952 1.32959716207216
2953 1.329655100293588
2954 1.329713551208796
2955 1.329771237678807
2956 1.32982896340121
2957 1.329887004161805
2958 1.329944857617368
2959 1.329996969228468
2960 1.330055627046564
2961 1.330112164601777
2962 1.330169580926328
2963 1.330227100197448
2964 1.330284841186312
2965 1.330342117403632
2966 1.330398904925828
2967 1.330451070082594
2968 1.330509584499175
2969 1.330568137993325
2970 1.330627128551436
2971 1.330686444999046
2972 1.330740619833782
2973 1.330798539591239
2974 1.330850548478019
2975 1.330908831645813
2976 1.33096775091198
2977 1.331025381238909
2978 1.33108159406539
2979 1.331138603801501
2980 1.3311966591733
2981 1.331250274725252
2982 1.331310378202965
2983 1.331370303589606
2984 1.331430371749559
2985 1.331486865780987
2986 1.331542779417147
2987 1.331599435922282
2988 1.331657859607169
2989 1.331715924231692
2990 1.331773535570022
2991 1.331831024246532
2992 1.331883219493058
2993 1.331941595436287
2994 1.332001104701685
2995 1.332057273470247
2996 1.332113273070464
2997 1.33217024260225
2998 1.332227082619349
2999 1.332284813528336
3000 1.332339819056809
